11:43 INFO    : Running for label 'Simu2019lm', output will be saved to 'outdirBNSBu32cores'
11:43 INFO    : Running for label 'Simu2019lm', output will be saved to 'outdirBNSBu32cores'
11:43 INFO    : Running for label 'Simu2019lm', output will be saved to 'outdirBNSBu32cores'
11:43 INFO    : Running for label 'Simu2019lm', output will be saved to 'outdirBNSBu32cores'
11:43 INFO    : Running for label 'Simu2019lm', output will be saved to 'outdirBNSBu32cores'
11:43 INFO    : Running for label 'Simu2019lm', output will be saved to 'outdirBNSBu32cores'
11:43 INFO    : Running for label 'Simu2019lm', output will be saved to 'outdirBNSBu32cores'
11:43 INFO    : Running for label 'Simu2019lm', output will be saved to 'outdirBNSBu32cores'
11:43 INFO    : Running for label 'Simu2019lm', output will be saved to 'outdirBNSBu32cores'
11:43 INFO    : Running for label 'Simu2019lm', output will be saved to 'outdirBNSBu32cores'
11:43 INFO    : Running for label 'Simu2019lm', output will be saved to 'outdirBNSBu32cores'
11:43 INFO    : Running for label 'Simu2019lm', output will be saved to 'outdirBNSBu32cores'
11:43 INFO    : Running for label 'Simu2019lm', output will be saved to 'outdirBNSBu32cores'
11:43 INFO    : Running for label 'Simu2019lm', output will be saved to 'outdirBNSBu32cores'
11:43 INFO    : Running for label 'Simu2019lm', output will be saved to 'outdirBNSBu32cores'
11:43 INFO    : Running for label 'Simu2019lm', output will be saved to 'outdirBNSBu32cores'
11:43 INFO    : Running for label 'Simu2019lm', output will be saved to 'outdirBNSBu32cores'
11:43 INFO    : Running for label 'Simu2019lm', output will be saved to 'outdirBNSBu32cores'
11:43 INFO    : Running for label 'Simu2019lm', output will be saved to 'outdirBNSBu32cores'
11:43 INFO    : Running for label 'Simu2019lm', output will be saved to 'outdirBNSBu32cores'
11:43 INFO    : Running for label 'Simu2019lm', output will be saved to 'outdirBNSBu32cores'
11:43 INFO    : Running for label 'Simu2019lm', output will be saved to 'outdirBNSBu32cores'
11:43 INFO    : Running for label 'Simu2019lm', output will be saved to 'outdirBNSBu32cores'
11:43 INFO    : Running for label 'Simu2019lm', output will be saved to 'outdirBNSBu32cores'
11:43 INFO    : Running for label 'Simu2019lm', output will be saved to 'outdirBNSBu32cores'
11:43 INFO    : Running for label 'Simu2019lm', output will be saved to 'outdirBNSBu32cores'
11:43 INFO    : Running for label 'Simu2019lm', output will be saved to 'outdirBNSBu32cores'
11:43 INFO    : Running for label 'Simu2019lm', output will be saved to 'outdirBNSBu32cores'
11:43 INFO    : Running for label 'Simu2019lm', output will be saved to 'outdirBNSBu32cores'
11:43 INFO    : Running for label 'Simu2019lm', output will be saved to 'outdirBNSBu32cores'
11:43 INFO    : Running for label 'Simu2019lm', output will be saved to 'outdirBNSBu32cores'
11:43 INFO    : Running for label 'Simu2019lm', output will be saved to 'outdirBNSBu32cores'
11:43 INFO    : Analysis priors:
11:43 INFO    : Analysis priors:
11:43 INFO    : KNphi=Uniform(minimum=15.0, maximum=75.0, name='KNphi', latex_label='$\\Phi$', unit=None, boundary=None)
11:43 INFO    : Analysis priors:
11:43 INFO    : Analysis priors:
11:43 INFO    : Analysis priors:
11:43 INFO    : Analysis priors:
11:43 INFO    : Analysis priors:
11:43 INFO    : log10_mej_dyn=Uniform(minimum=-3.0, maximum=-1.0, name='log10_mej_dyn', latex_label='$\\log_{10}M^{\\rm{dyn}}_{\\rm{ej}}$', unit=None, boundary='reflective')
11:43 INFO    : Analysis priors:
11:43 INFO    : Analysis priors:
11:43 INFO    : KNphi=Uniform(minimum=15.0, maximum=75.0, name='KNphi', latex_label='$\\Phi$', unit=None, boundary=None)
11:43 INFO    : Analysis priors:
11:43 INFO    : Analysis priors:
11:43 INFO    : Analysis priors:
11:43 INFO    : Analysis priors:
11:43 INFO    : Analysis priors:
11:43 INFO    : Analysis priors:
11:43 INFO    : log10_mej_wind=Uniform(minimum=-3.0, maximum=-0.5, name='log10_mej_wind', latex_label='$\\log_{10}M^{\\rm{wind}}_{\\rm{ej}}$', unit=None, boundary='reflective')
11:43 INFO    : Analysis priors:
11:43 INFO    : KNphi=Uniform(minimum=15.0, maximum=75.0, name='KNphi', latex_label='$\\Phi$', unit=None, boundary=None)
11:43 INFO    : log10_mej_dyn=Uniform(minimum=-3.0, maximum=-1.0, name='log10_mej_dyn', latex_label='$\\log_{10}M^{\\rm{dyn}}_{\\rm{ej}}$', unit=None, boundary='reflective')
11:43 INFO    : KNphi=Uniform(minimum=15.0, maximum=75.0, name='KNphi', latex_label='$\\Phi$', unit=None, boundary=None)
11:43 INFO    : KNphi=Uniform(minimum=15.0, maximum=75.0, name='KNphi', latex_label='$\\Phi$', unit=None, boundary=None)
11:43 INFO    : KNphi=Uniform(minimum=15.0, maximum=75.0, name='KNphi', latex_label='$\\Phi$', unit=None, boundary=None)
11:43 INFO    : KNphi=Uniform(minimum=15.0, maximum=75.0, name='KNphi', latex_label='$\\Phi$', unit=None, boundary=None)
11:43 INFO    : Analysis priors:
11:43 INFO    : Analysis priors:
11:43 INFO    : Analysis priors:
11:43 INFO    : Analysis priors:
11:43 INFO    : Analysis priors:
11:43 INFO    : Analysis priors:
11:43 INFO    : KNphi=Uniform(minimum=15.0, maximum=75.0, name='KNphi', latex_label='$\\Phi$', unit=None, boundary=None)
11:43 INFO    : inclination_EM=Sine(minimum=0.0, maximum=1.5707963267948966, name='inclination_EM', latex_label='$\\iota$', unit=None, boundary=None)
11:43 INFO    : log10_mej_wind=Uniform(minimum=-3.0, maximum=-0.5, name='log10_mej_wind', latex_label='$\\log_{10}M^{\\rm{wind}}_{\\rm{ej}}$', unit=None, boundary='reflective')
11:43 INFO    : log10_mej_dyn=Uniform(minimum=-3.0, maximum=-1.0, name='log10_mej_dyn', latex_label='$\\log_{10}M^{\\rm{dyn}}_{\\rm{ej}}$', unit=None, boundary='reflective')
11:43 INFO    : KNphi=Uniform(minimum=15.0, maximum=75.0, name='KNphi', latex_label='$\\Phi$', unit=None, boundary=None)
11:43 INFO    : KNphi=Uniform(minimum=15.0, maximum=75.0, name='KNphi', latex_label='$\\Phi$', unit=None, boundary=None)
11:43 INFO    : Analysis priors:
11:43 INFO    : Analysis priors:
11:43 INFO    : log10_mej_dyn=Uniform(minimum=-3.0, maximum=-1.0, name='log10_mej_dyn', latex_label='$\\log_{10}M^{\\rm{dyn}}_{\\rm{ej}}$', unit=None, boundary='reflective')
11:43 INFO    : Analysis priors:
11:43 INFO    : Analysis priors:
11:43 INFO    : KNphi=Uniform(minimum=15.0, maximum=75.0, name='KNphi', latex_label='$\\Phi$', unit=None, boundary=None)
11:43 INFO    : log10_mej_dyn=Uniform(minimum=-3.0, maximum=-1.0, name='log10_mej_dyn', latex_label='$\\log_{10}M^{\\rm{dyn}}_{\\rm{ej}}$', unit=None, boundary='reflective')
11:43 INFO    : KNphi=Uniform(minimum=15.0, maximum=75.0, name='KNphi', latex_label='$\\Phi$', unit=None, boundary=None)
11:43 INFO    : KNphi=Uniform(minimum=15.0, maximum=75.0, name='KNphi', latex_label='$\\Phi$', unit=None, boundary=None)
11:43 INFO    : KNphi=Uniform(minimum=15.0, maximum=75.0, name='KNphi', latex_label='$\\Phi$', unit=None, boundary=None)
11:43 INFO    : log10_mej_dyn=Uniform(minimum=-3.0, maximum=-1.0, name='log10_mej_dyn', latex_label='$\\log_{10}M^{\\rm{dyn}}_{\\rm{ej}}$', unit=None, boundary='reflective')
11:43 INFO    : log10_mej_dyn=Uniform(minimum=-3.0, maximum=-1.0, name='log10_mej_dyn', latex_label='$\\log_{10}M^{\\rm{dyn}}_{\\rm{ej}}$', unit=None, boundary='reflective')
11:43 INFO    : KNphi=Uniform(minimum=15.0, maximum=75.0, name='KNphi', latex_label='$\\Phi$', unit=None, boundary=None)
11:43 INFO    : Analysis priors:
11:43 INFO    : Analysis priors:
11:43 INFO    : Analysis priors:
11:43 INFO    : log10_mej_dyn=Uniform(minimum=-3.0, maximum=-1.0, name='log10_mej_dyn', latex_label='$\\log_{10}M^{\\rm{dyn}}_{\\rm{ej}}$', unit=None, boundary='reflective')
11:43 INFO    : Analysis priors:
11:43 INFO    : Analysis priors:
11:43 INFO    : luminosity_distance=LogUniform(minimum=1, maximum=500, name='luminosity_distance', latex_label='$D_L$', unit=None, boundary=None)
11:43 INFO    : log10_mej_wind=Uniform(minimum=-3.0, maximum=-0.5, name='log10_mej_wind', latex_label='$\\log_{10}M^{\\rm{wind}}_{\\rm{ej}}$', unit=None, boundary='reflective')
11:43 INFO    : KNphi=Uniform(minimum=15.0, maximum=75.0, name='KNphi', latex_label='$\\Phi$', unit=None, boundary=None)
11:43 INFO    : inclination_EM=Sine(minimum=0.0, maximum=1.5707963267948966, name='inclination_EM', latex_label='$\\iota$', unit=None, boundary=None)
11:43 INFO    : log10_mej_dyn=Uniform(minimum=-3.0, maximum=-1.0, name='log10_mej_dyn', latex_label='$\\log_{10}M^{\\rm{dyn}}_{\\rm{ej}}$', unit=None, boundary='reflective')
11:43 INFO    : log10_mej_dyn=Uniform(minimum=-3.0, maximum=-1.0, name='log10_mej_dyn', latex_label='$\\log_{10}M^{\\rm{dyn}}_{\\rm{ej}}$', unit=None, boundary='reflective')
11:43 INFO    : log10_mej_wind=Uniform(minimum=-3.0, maximum=-0.5, name='log10_mej_wind', latex_label='$\\log_{10}M^{\\rm{wind}}_{\\rm{ej}}$', unit=None, boundary='reflective')
11:43 INFO    : log10_mej_wind=Uniform(minimum=-3.0, maximum=-0.5, name='log10_mej_wind', latex_label='$\\log_{10}M^{\\rm{wind}}_{\\rm{ej}}$', unit=None, boundary='reflective')
11:43 INFO    : timeshift=0.0
11:43 INFO    : log10_mej_dyn=Uniform(minimum=-3.0, maximum=-1.0, name='log10_mej_dyn', latex_label='$\\log_{10}M^{\\rm{dyn}}_{\\rm{ej}}$', unit=None, boundary='reflective')
11:43 INFO    : log10_mej_dyn=Uniform(minimum=-3.0, maximum=-1.0, name='log10_mej_dyn', latex_label='$\\log_{10}M^{\\rm{dyn}}_{\\rm{ej}}$', unit=None, boundary='reflective')
11:43 INFO    : log10_mej_dyn=Uniform(minimum=-3.0, maximum=-1.0, name='log10_mej_dyn', latex_label='$\\log_{10}M^{\\rm{dyn}}_{\\rm{ej}}$', unit=None, boundary='reflective')
11:43 INFO    : log10_mej_wind=Uniform(minimum=-3.0, maximum=-0.5, name='log10_mej_wind', latex_label='$\\log_{10}M^{\\rm{wind}}_{\\rm{ej}}$', unit=None, boundary='reflective')
11:43 INFO    : log10_mej_wind=Uniform(minimum=-3.0, maximum=-0.5, name='log10_mej_wind', latex_label='$\\log_{10}M^{\\rm{wind}}_{\\rm{ej}}$', unit=None, boundary='reflective')
11:43 INFO    : log10_mej_dyn=Uniform(minimum=-3.0, maximum=-1.0, name='log10_mej_dyn', latex_label='$\\log_{10}M^{\\rm{dyn}}_{\\rm{ej}}$', unit=None, boundary='reflective')
11:43 INFO    : em_syserr=1.0
11:43 INFO    : KNphi=Uniform(minimum=15.0, maximum=75.0, name='KNphi', latex_label='$\\Phi$', unit=None, boundary=None)
11:43 INFO    : KNphi=Uniform(minimum=15.0, maximum=75.0, name='KNphi', latex_label='$\\Phi$', unit=None, boundary=None)
11:43 INFO    : KNphi=Uniform(minimum=15.0, maximum=75.0, name='KNphi', latex_label='$\\Phi$', unit=None, boundary=None)
11:43 INFO    : KNphi=Uniform(minimum=15.0, maximum=75.0, name='KNphi', latex_label='$\\Phi$', unit=None, boundary=None)
11:43 INFO    : KNphi=Uniform(minimum=15.0, maximum=75.0, name='KNphi', latex_label='$\\Phi$', unit=None, boundary=None)
11:43 INFO    : Ebv=0.0
11:43 INFO    : log10_mej_wind=Uniform(minimum=-3.0, maximum=-0.5, name='log10_mej_wind', latex_label='$\\log_{10}M^{\\rm{wind}}_{\\rm{ej}}$', unit=None, boundary='reflective')
11:43 INFO    : log10_mej_dyn=Uniform(minimum=-3.0, maximum=-1.0, name='log10_mej_dyn', latex_label='$\\log_{10}M^{\\rm{dyn}}_{\\rm{ej}}$', unit=None, boundary='reflective')
11:43 INFO    : KNphi=Uniform(minimum=15.0, maximum=75.0, name='KNphi', latex_label='$\\Phi$', unit=None, boundary=None)
11:43 INFO    : log10_mej_wind=Uniform(minimum=-3.0, maximum=-0.5, name='log10_mej_wind', latex_label='$\\log_{10}M^{\\rm{wind}}_{\\rm{ej}}$', unit=None, boundary='reflective')
11:43 INFO    : log10_mej_wind=Uniform(minimum=-3.0, maximum=-0.5, name='log10_mej_wind', latex_label='$\\log_{10}M^{\\rm{wind}}_{\\rm{ej}}$', unit=None, boundary='reflective')
11:43 INFO    : log10_mej_dyn=Uniform(minimum=-3.0, maximum=-1.0, name='log10_mej_dyn', latex_label='$\\log_{10}M^{\\rm{dyn}}_{\\rm{ej}}$', unit=None, boundary='reflective')
11:43 INFO    : inclination_EM=Sine(minimum=0.0, maximum=1.5707963267948966, name='inclination_EM', latex_label='$\\iota$', unit=None, boundary=None)
11:43 INFO    : Analysis likelihood class: <class 'nmma.em.likelihood.OpticalLightCurve'>
11:43 INFO    : luminosity_distance=LogUniform(minimum=1, maximum=500, name='luminosity_distance', latex_label='$D_L$', unit=None, boundary=None)
11:43 INFO    : KNphi=Uniform(minimum=15.0, maximum=75.0, name='KNphi', latex_label='$\\Phi$', unit=None, boundary=None)
11:43 INFO    : KNphi=Uniform(minimum=15.0, maximum=75.0, name='KNphi', latex_label='$\\Phi$', unit=None, boundary=None)
11:43 INFO    : inclination_EM=Sine(minimum=0.0, maximum=1.5707963267948966, name='inclination_EM', latex_label='$\\iota$', unit=None, boundary=None)
11:43 INFO    : inclination_EM=Sine(minimum=0.0, maximum=1.5707963267948966, name='inclination_EM', latex_label='$\\iota$', unit=None, boundary=None)
11:43 INFO    : log10_mej_wind=Uniform(minimum=-3.0, maximum=-0.5, name='log10_mej_wind', latex_label='$\\log_{10}M^{\\rm{wind}}_{\\rm{ej}}$', unit=None, boundary='reflective')
11:43 INFO    : log10_mej_wind=Uniform(minimum=-3.0, maximum=-0.5, name='log10_mej_wind', latex_label='$\\log_{10}M^{\\rm{wind}}_{\\rm{ej}}$', unit=None, boundary='reflective')
11:43 INFO    : log10_mej_wind=Uniform(minimum=-3.0, maximum=-0.5, name='log10_mej_wind', latex_label='$\\log_{10}M^{\\rm{wind}}_{\\rm{ej}}$', unit=None, boundary='reflective')
11:43 INFO    : KNphi=Uniform(minimum=15.0, maximum=75.0, name='KNphi', latex_label='$\\Phi$', unit=None, boundary=None)
11:43 INFO    : Analysis likelihood noise evidence: 0.0
11:43 INFO    : log10_mej_wind=Uniform(minimum=-3.0, maximum=-0.5, name='log10_mej_wind', latex_label='$\\log_{10}M^{\\rm{wind}}_{\\rm{ej}}$', unit=None, boundary='reflective')
11:43 INFO    : timeshift=0.0
11:43 INFO    : inclination_EM=Sine(minimum=0.0, maximum=1.5707963267948966, name='inclination_EM', latex_label='$\\iota$', unit=None, boundary=None)
11:43 INFO    : inclination_EM=Sine(minimum=0.0, maximum=1.5707963267948966, name='inclination_EM', latex_label='$\\iota$', unit=None, boundary=None)
11:43 INFO    : em_syserr=1.0
11:43 INFO    : log10_mej_dyn=Uniform(minimum=-3.0, maximum=-1.0, name='log10_mej_dyn', latex_label='$\\log_{10}M^{\\rm{dyn}}_{\\rm{ej}}$', unit=None, boundary='reflective')
11:43 INFO    : log10_mej_wind=Uniform(minimum=-3.0, maximum=-0.5, name='log10_mej_wind', latex_label='$\\log_{10}M^{\\rm{wind}}_{\\rm{ej}}$', unit=None, boundary='reflective')
11:43 INFO    : log10_mej_dyn=Uniform(minimum=-3.0, maximum=-1.0, name='log10_mej_dyn', latex_label='$\\log_{10}M^{\\rm{dyn}}_{\\rm{ej}}$', unit=None, boundary='reflective')
11:43 INFO    : log10_mej_dyn=Uniform(minimum=-3.0, maximum=-1.0, name='log10_mej_dyn', latex_label='$\\log_{10}M^{\\rm{dyn}}_{\\rm{ej}}$', unit=None, boundary='reflective')
11:43 INFO    : log10_mej_dyn=Uniform(minimum=-3.0, maximum=-1.0, name='log10_mej_dyn', latex_label='$\\log_{10}M^{\\rm{dyn}}_{\\rm{ej}}$', unit=None, boundary='reflective')
11:43 INFO    : log10_mej_dyn=Uniform(minimum=-3.0, maximum=-1.0, name='log10_mej_dyn', latex_label='$\\log_{10}M^{\\rm{dyn}}_{\\rm{ej}}$', unit=None, boundary='reflective')
11:43 INFO    : KNphi=Uniform(minimum=15.0, maximum=75.0, name='KNphi', latex_label='$\\Phi$', unit=None, boundary=None)
11:43 INFO    : KNphi=Uniform(minimum=15.0, maximum=75.0, name='KNphi', latex_label='$\\Phi$', unit=None, boundary=None)
11:43 INFO    : KNphi=Uniform(minimum=15.0, maximum=75.0, name='KNphi', latex_label='$\\Phi$', unit=None, boundary=None)
11:43 INFO    : inclination_EM=Sine(minimum=0.0, maximum=1.5707963267948966, name='inclination_EM', latex_label='$\\iota$', unit=None, boundary=None)
11:43 INFO    : KNphi=Uniform(minimum=15.0, maximum=75.0, name='KNphi', latex_label='$\\Phi$', unit=None, boundary=None)
11:43 INFO    : log10_mej_dyn=Uniform(minimum=-3.0, maximum=-1.0, name='log10_mej_dyn', latex_label='$\\log_{10}M^{\\rm{dyn}}_{\\rm{ej}}$', unit=None, boundary='reflective')
11:43 INFO    : KNphi=Uniform(minimum=15.0, maximum=75.0, name='KNphi', latex_label='$\\Phi$', unit=None, boundary=None)
11:43 INFO    : Ebv=0.0
11:43 INFO    : log10_mej_wind=Uniform(minimum=-3.0, maximum=-0.5, name='log10_mej_wind', latex_label='$\\log_{10}M^{\\rm{wind}}_{\\rm{ej}}$', unit=None, boundary='reflective')
11:43 INFO    : inclination_EM=Sine(minimum=0.0, maximum=1.5707963267948966, name='inclination_EM', latex_label='$\\iota$', unit=None, boundary=None)
11:43 INFO    : inclination_EM=Sine(minimum=0.0, maximum=1.5707963267948966, name='inclination_EM', latex_label='$\\iota$', unit=None, boundary=None)
11:43 INFO    : luminosity_distance=LogUniform(minimum=1, maximum=500, name='luminosity_distance', latex_label='$D_L$', unit=None, boundary=None)
11:43 INFO    : log10_mej_dyn=Uniform(minimum=-3.0, maximum=-1.0, name='log10_mej_dyn', latex_label='$\\log_{10}M^{\\rm{dyn}}_{\\rm{ej}}$', unit=None, boundary='reflective')
11:43 INFO    : luminosity_distance=LogUniform(minimum=1, maximum=500, name='luminosity_distance', latex_label='$D_L$', unit=None, boundary=None)
11:43 INFO    : log10_mej_dyn=Uniform(minimum=-3.0, maximum=-1.0, name='log10_mej_dyn', latex_label='$\\log_{10}M^{\\rm{dyn}}_{\\rm{ej}}$', unit=None, boundary='reflective')
11:43 INFO    : luminosity_distance=LogUniform(minimum=1, maximum=500, name='luminosity_distance', latex_label='$D_L$', unit=None, boundary=None)
11:43 INFO    : Analysis likelihood class: <class 'nmma.em.likelihood.OpticalLightCurve'>
11:43 INFO    : inclination_EM=Sine(minimum=0.0, maximum=1.5707963267948966, name='inclination_EM', latex_label='$\\iota$', unit=None, boundary=None)
11:43 INFO    : inclination_EM=Sine(minimum=0.0, maximum=1.5707963267948966, name='inclination_EM', latex_label='$\\iota$', unit=None, boundary=None)
11:43 INFO    : log10_mej_dyn=Uniform(minimum=-3.0, maximum=-1.0, name='log10_mej_dyn', latex_label='$\\log_{10}M^{\\rm{dyn}}_{\\rm{ej}}$', unit=None, boundary='reflective')
11:43 INFO    : inclination_EM=Sine(minimum=0.0, maximum=1.5707963267948966, name='inclination_EM', latex_label='$\\iota$', unit=None, boundary=None)
11:43 INFO    : inclination_EM=Sine(minimum=0.0, maximum=1.5707963267948966, name='inclination_EM', latex_label='$\\iota$', unit=None, boundary=None)
11:43 INFO    : timeshift=0.0
11:43 INFO    : timeshift=0.0
11:43 INFO    : Analysis likelihood noise evidence: 0.0
11:43 INFO    : luminosity_distance=LogUniform(minimum=1, maximum=500, name='luminosity_distance', latex_label='$D_L$', unit=None, boundary=None)
11:43 INFO    : timeshift=0.0
11:43 INFO    : log10_mej_wind=Uniform(minimum=-3.0, maximum=-0.5, name='log10_mej_wind', latex_label='$\\log_{10}M^{\\rm{wind}}_{\\rm{ej}}$', unit=None, boundary='reflective')
11:43 INFO    : luminosity_distance=LogUniform(minimum=1, maximum=500, name='luminosity_distance', latex_label='$D_L$', unit=None, boundary=None)
11:43 INFO    : log10_mej_wind=Uniform(minimum=-3.0, maximum=-0.5, name='log10_mej_wind', latex_label='$\\log_{10}M^{\\rm{wind}}_{\\rm{ej}}$', unit=None, boundary='reflective')
11:43 INFO    : em_syserr=1.0
11:43 INFO    : inclination_EM=Sine(minimum=0.0, maximum=1.5707963267948966, name='inclination_EM', latex_label='$\\iota$', unit=None, boundary=None)
11:43 INFO    : em_syserr=1.0
11:43 INFO    : log10_mej_wind=Uniform(minimum=-3.0, maximum=-0.5, name='log10_mej_wind', latex_label='$\\log_{10}M^{\\rm{wind}}_{\\rm{ej}}$', unit=None, boundary='reflective')
11:43 INFO    : log10_mej_dyn=Uniform(minimum=-3.0, maximum=-1.0, name='log10_mej_dyn', latex_label='$\\log_{10}M^{\\rm{dyn}}_{\\rm{ej}}$', unit=None, boundary='reflective')
11:43 INFO    : log10_mej_dyn=Uniform(minimum=-3.0, maximum=-1.0, name='log10_mej_dyn', latex_label='$\\log_{10}M^{\\rm{dyn}}_{\\rm{ej}}$', unit=None, boundary='reflective')
11:43 INFO    : log10_mej_wind=Uniform(minimum=-3.0, maximum=-0.5, name='log10_mej_wind', latex_label='$\\log_{10}M^{\\rm{wind}}_{\\rm{ej}}$', unit=None, boundary='reflective')
11:43 INFO    : log10_mej_wind=Uniform(minimum=-3.0, maximum=-0.5, name='log10_mej_wind', latex_label='$\\log_{10}M^{\\rm{wind}}_{\\rm{ej}}$', unit=None, boundary='reflective')
11:43 INFO    : log10_mej_wind=Uniform(minimum=-3.0, maximum=-0.5, name='log10_mej_wind', latex_label='$\\log_{10}M^{\\rm{wind}}_{\\rm{ej}}$', unit=None, boundary='reflective')
11:43 INFO    : em_syserr=1.0
11:43 INFO    : log10_mej_dyn=Uniform(minimum=-3.0, maximum=-1.0, name='log10_mej_dyn', latex_label='$\\log_{10}M^{\\rm{dyn}}_{\\rm{ej}}$', unit=None, boundary='reflective')
11:43 INFO    : log10_mej_dyn=Uniform(minimum=-3.0, maximum=-1.0, name='log10_mej_dyn', latex_label='$\\log_{10}M^{\\rm{dyn}}_{\\rm{ej}}$', unit=None, boundary='reflective')
11:43 INFO    : Ebv=0.0
11:43 INFO    : inclination_EM=Sine(minimum=0.0, maximum=1.5707963267948966, name='inclination_EM', latex_label='$\\iota$', unit=None, boundary=None)
11:43 INFO    : timeshift=0.0
11:43 INFO    : Ebv=0.0
11:43 INFO    : luminosity_distance=LogUniform(minimum=1, maximum=500, name='luminosity_distance', latex_label='$D_L$', unit=None, boundary=None)
11:43 INFO    : log10_mej_dyn=Uniform(minimum=-3.0, maximum=-1.0, name='log10_mej_dyn', latex_label='$\\log_{10}M^{\\rm{dyn}}_{\\rm{ej}}$', unit=None, boundary='reflective')
11:43 INFO    : timeshift=0.0
11:43 INFO    : luminosity_distance=LogUniform(minimum=1, maximum=500, name='luminosity_distance', latex_label='$D_L$', unit=None, boundary=None)
11:43 INFO    : luminosity_distance=LogUniform(minimum=1, maximum=500, name='luminosity_distance', latex_label='$D_L$', unit=None, boundary=None)
11:43 INFO    : log10_mej_wind=Uniform(minimum=-3.0, maximum=-0.5, name='log10_mej_wind', latex_label='$\\log_{10}M^{\\rm{wind}}_{\\rm{ej}}$', unit=None, boundary='reflective')
11:43 INFO    : Ebv=0.0
11:43 INFO    : log10_mej_wind=Uniform(minimum=-3.0, maximum=-0.5, name='log10_mej_wind', latex_label='$\\log_{10}M^{\\rm{wind}}_{\\rm{ej}}$', unit=None, boundary='reflective')
11:43 INFO    : log10_mej_wind=Uniform(minimum=-3.0, maximum=-0.5, name='log10_mej_wind', latex_label='$\\log_{10}M^{\\rm{wind}}_{\\rm{ej}}$', unit=None, boundary='reflective')
11:43 INFO    : Analysis likelihood class: <class 'nmma.em.likelihood.OpticalLightCurve'>
11:43 INFO    : luminosity_distance=LogUniform(minimum=1, maximum=500, name='luminosity_distance', latex_label='$D_L$', unit=None, boundary=None)
11:43 INFO    : luminosity_distance=LogUniform(minimum=1, maximum=500, name='luminosity_distance', latex_label='$D_L$', unit=None, boundary=None)
11:43 INFO    : luminosity_distance=LogUniform(minimum=1, maximum=500, name='luminosity_distance', latex_label='$D_L$', unit=None, boundary=None)
11:43 INFO    : luminosity_distance=LogUniform(minimum=1, maximum=500, name='luminosity_distance', latex_label='$D_L$', unit=None, boundary=None)
11:43 INFO    : Analysis likelihood class: <class 'nmma.em.likelihood.OpticalLightCurve'>
11:43 INFO    : em_syserr=1.0
11:43 INFO    : timeshift=0.0
11:43 INFO    : em_syserr=1.0
11:43 INFO    : timeshift=0.0
11:43 INFO    : timeshift=0.0
11:43 INFO    : Analysis likelihood class: <class 'nmma.em.likelihood.OpticalLightCurve'>
11:43 INFO    : Analysis likelihood noise evidence: 0.0
11:43 INFO    : inclination_EM=Sine(minimum=0.0, maximum=1.5707963267948966, name='inclination_EM', latex_label='$\\iota$', unit=None, boundary=None)
11:43 INFO    : timeshift=0.0
11:43 INFO    : timeshift=0.0
11:43 INFO    : Ebv=0.0
11:43 INFO    : luminosity_distance=LogUniform(minimum=1, maximum=500, name='luminosity_distance', latex_label='$D_L$', unit=None, boundary=None)
11:43 INFO    : inclination_EM=Sine(minimum=0.0, maximum=1.5707963267948966, name='inclination_EM', latex_label='$\\iota$', unit=None, boundary=None)
11:43 INFO    : timeshift=0.0
11:43 INFO    : Analysis likelihood noise evidence: 0.0
11:43 INFO    : log10_mej_wind=Uniform(minimum=-3.0, maximum=-0.5, name='log10_mej_wind', latex_label='$\\log_{10}M^{\\rm{wind}}_{\\rm{ej}}$', unit=None, boundary='reflective')
11:43 INFO    : timeshift=0.0
11:43 INFO    : log10_mej_wind=Uniform(minimum=-3.0, maximum=-0.5, name='log10_mej_wind', latex_label='$\\log_{10}M^{\\rm{wind}}_{\\rm{ej}}$', unit=None, boundary='reflective')
11:43 INFO    : em_syserr=1.0
11:43 INFO    : Ebv=0.0
11:43 INFO    : em_syserr=1.0
11:43 INFO    : em_syserr=1.0
11:43 INFO    : log10_mej_wind=Uniform(minimum=-3.0, maximum=-0.5, name='log10_mej_wind', latex_label='$\\log_{10}M^{\\rm{wind}}_{\\rm{ej}}$', unit=None, boundary='reflective')
11:43 INFO    : Analysis likelihood noise evidence: 0.0
11:43 INFO    : inclination_EM=Sine(minimum=0.0, maximum=1.5707963267948966, name='inclination_EM', latex_label='$\\iota$', unit=None, boundary=None)
11:43 INFO    : em_syserr=1.0
11:43 INFO    : em_syserr=1.0
11:43 INFO    : log10_mej_wind=Uniform(minimum=-3.0, maximum=-0.5, name='log10_mej_wind', latex_label='$\\log_{10}M^{\\rm{wind}}_{\\rm{ej}}$', unit=None, boundary='reflective')
11:43 INFO    : Analysis likelihood class: <class 'nmma.em.likelihood.OpticalLightCurve'>
11:43 INFO    : em_syserr=1.0
11:43 INFO    : inclination_EM=Sine(minimum=0.0, maximum=1.5707963267948966, name='inclination_EM', latex_label='$\\iota$', unit=None, boundary=None)
11:43 INFO    : inclination_EM=Sine(minimum=0.0, maximum=1.5707963267948966, name='inclination_EM', latex_label='$\\iota$', unit=None, boundary=None)
11:43 INFO    : inclination_EM=Sine(minimum=0.0, maximum=1.5707963267948966, name='inclination_EM', latex_label='$\\iota$', unit=None, boundary=None)
11:43 INFO    : Ebv=0.0
11:43 INFO    : timeshift=0.0
11:43 INFO    : em_syserr=1.0
11:43 INFO    : Ebv=0.0
11:43 INFO    : Analysis likelihood class: <class 'nmma.em.likelihood.OpticalLightCurve'>
11:43 INFO    : Ebv=0.0
11:43 INFO    : luminosity_distance=LogUniform(minimum=1, maximum=500, name='luminosity_distance', latex_label='$D_L$', unit=None, boundary=None)
11:43 INFO    : log10_mej_wind=Uniform(minimum=-3.0, maximum=-0.5, name='log10_mej_wind', latex_label='$\\log_{10}M^{\\rm{wind}}_{\\rm{ej}}$', unit=None, boundary='reflective')
11:43 INFO    : Ebv=0.0
11:43 INFO    : Ebv=0.0
11:43 INFO    : Ebv=0.0
11:43 INFO    : inclination_EM=Sine(minimum=0.0, maximum=1.5707963267948966, name='inclination_EM', latex_label='$\\iota$', unit=None, boundary=None)
11:43 INFO    : Analysis likelihood noise evidence: 0.0
11:43 INFO    : Analysis likelihood class: <class 'nmma.em.likelihood.OpticalLightCurve'>
11:43 INFO    : inclination_EM=Sine(minimum=0.0, maximum=1.5707963267948966, name='inclination_EM', latex_label='$\\iota$', unit=None, boundary=None)
11:43 INFO    : Ebv=0.0
11:43 INFO    : em_syserr=1.0
11:43 INFO    : Analysis likelihood class: <class 'nmma.em.likelihood.OpticalLightCurve'>
11:43 INFO    : inclination_EM=Sine(minimum=0.0, maximum=1.5707963267948966, name='inclination_EM', latex_label='$\\iota$', unit=None, boundary=None)
11:43 INFO    : Analysis likelihood noise evidence: 0.0
11:43 INFO    : Analysis likelihood class: <class 'nmma.em.likelihood.OpticalLightCurve'>
11:43 INFO    : Analysis likelihood class: <class 'nmma.em.likelihood.OpticalLightCurve'>
11:43 INFO    : Analysis likelihood class: <class 'nmma.em.likelihood.OpticalLightCurve'>
11:43 INFO    : timeshift=0.0
11:43 INFO    : Analysis likelihood class: <class 'nmma.em.likelihood.OpticalLightCurve'>
11:43 INFO    : Analysis likelihood noise evidence: 0.0
11:43 INFO    : Ebv=0.0
11:43 INFO    : Analysis likelihood class: <class 'nmma.em.likelihood.OpticalLightCurve'>
11:43 INFO    : luminosity_distance=LogUniform(minimum=1, maximum=500, name='luminosity_distance', latex_label='$D_L$', unit=None, boundary=None)
11:43 INFO    : Analysis likelihood noise evidence: 0.0
11:43 INFO    : luminosity_distance=LogUniform(minimum=1, maximum=500, name='luminosity_distance', latex_label='$D_L$', unit=None, boundary=None)
11:43 INFO    : Analysis likelihood noise evidence: 0.0
11:43 INFO    : Analysis likelihood noise evidence: 0.0
11:43 INFO    : Analysis likelihood noise evidence: 0.0
11:43 INFO    : inclination_EM=Sine(minimum=0.0, maximum=1.5707963267948966, name='inclination_EM', latex_label='$\\iota$', unit=None, boundary=None)
11:43 INFO    : em_syserr=1.0
11:43 INFO    : inclination_EM=Sine(minimum=0.0, maximum=1.5707963267948966, name='inclination_EM', latex_label='$\\iota$', unit=None, boundary=None)
11:43 INFO    : Analysis likelihood noise evidence: 0.0
11:43 INFO    : inclination_EM=Sine(minimum=0.0, maximum=1.5707963267948966, name='inclination_EM', latex_label='$\\iota$', unit=None, boundary=None)
11:43 INFO    : Analysis likelihood class: <class 'nmma.em.likelihood.OpticalLightCurve'>
11:43 INFO    : luminosity_distance=LogUniform(minimum=1, maximum=500, name='luminosity_distance', latex_label='$D_L$', unit=None, boundary=None)
11:43 INFO    : timeshift=0.0
11:43 INFO    : Analysis likelihood noise evidence: 0.0
11:43 INFO    : inclination_EM=Sine(minimum=0.0, maximum=1.5707963267948966, name='inclination_EM', latex_label='$\\iota$', unit=None, boundary=None)
11:43 INFO    : timeshift=0.0
11:43 INFO    : Ebv=0.0
11:43 INFO    : luminosity_distance=LogUniform(minimum=1, maximum=500, name='luminosity_distance', latex_label='$D_L$', unit=None, boundary=None)
11:43 INFO    : luminosity_distance=LogUniform(minimum=1, maximum=500, name='luminosity_distance', latex_label='$D_L$', unit=None, boundary=None)
11:43 INFO    : luminosity_distance=LogUniform(minimum=1, maximum=500, name='luminosity_distance', latex_label='$D_L$', unit=None, boundary=None)
11:43 INFO    : em_syserr=1.0
11:43 INFO    : inclination_EM=Sine(minimum=0.0, maximum=1.5707963267948966, name='inclination_EM', latex_label='$\\iota$', unit=None, boundary=None)
11:43 INFO    : Analysis likelihood noise evidence: 0.0
11:43 INFO    : em_syserr=1.0
11:43 INFO    : timeshift=0.0
11:43 INFO    : luminosity_distance=LogUniform(minimum=1, maximum=500, name='luminosity_distance', latex_label='$D_L$', unit=None, boundary=None)
11:43 INFO    : luminosity_distance=LogUniform(minimum=1, maximum=500, name='luminosity_distance', latex_label='$D_L$', unit=None, boundary=None)
11:43 INFO    : Analysis likelihood class: <class 'nmma.em.likelihood.OpticalLightCurve'>
11:43 INFO    : Ebv=0.0
11:43 INFO    : timeshift=0.0
11:43 INFO    : timeshift=0.0
11:43 INFO    : Ebv=0.0
11:43 INFO    : timeshift=0.0
11:43 INFO    : luminosity_distance=LogUniform(minimum=1, maximum=500, name='luminosity_distance', latex_label='$D_L$', unit=None, boundary=None)
11:43 INFO    : em_syserr=1.0
11:43 INFO    : timeshift=0.0
11:43 INFO    : Analysis likelihood noise evidence: 0.0
11:43 INFO    : timeshift=0.0
11:43 INFO    : Analysis likelihood class: <class 'nmma.em.likelihood.OpticalLightCurve'>
11:43 INFO    : luminosity_distance=LogUniform(minimum=1, maximum=500, name='luminosity_distance', latex_label='$D_L$', unit=None, boundary=None)
11:43 INFO    : luminosity_distance=LogUniform(minimum=1, maximum=500, name='luminosity_distance', latex_label='$D_L$', unit=None, boundary=None)
11:43 INFO    : Analysis likelihood class: <class 'nmma.em.likelihood.OpticalLightCurve'>
11:43 INFO    : em_syserr=1.0
11:43 INFO    : em_syserr=1.0
11:43 INFO    : Ebv=0.0
11:43 INFO    : em_syserr=1.0
11:43 INFO    : em_syserr=1.0
11:43 INFO    : em_syserr=1.0
11:43 INFO    : timeshift=0.0
11:43 INFO    : luminosity_distance=LogUniform(minimum=1, maximum=500, name='luminosity_distance', latex_label='$D_L$', unit=None, boundary=None)
11:43 INFO    : Analysis likelihood noise evidence: 0.0
11:43 INFO    : luminosity_distance=LogUniform(minimum=1, maximum=500, name='luminosity_distance', latex_label='$D_L$', unit=None, boundary=None)
11:43 INFO    : timeshift=0.0
11:43 INFO    : Analysis likelihood noise evidence: 0.0
11:43 INFO    : timeshift=0.0
11:43 INFO    : Ebv=0.0
11:43 INFO    : Analysis likelihood class: <class 'nmma.em.likelihood.OpticalLightCurve'>
11:43 INFO    : Ebv=0.0
11:43 INFO    : Ebv=0.0
11:43 INFO    : Ebv=0.0
11:43 INFO    : Ebv=0.0
11:43 INFO    : em_syserr=1.0
11:43 INFO    : luminosity_distance=LogUniform(minimum=1, maximum=500, name='luminosity_distance', latex_label='$D_L$', unit=None, boundary=None)
11:43 INFO    : timeshift=0.0
11:43 INFO    : em_syserr=1.0
11:43 INFO    : timeshift=0.0
11:43 INFO    : em_syserr=1.0
11:43 INFO    : Analysis likelihood class: <class 'nmma.em.likelihood.OpticalLightCurve'>
11:43 INFO    : Analysis likelihood noise evidence: 0.0
11:43 INFO    : Analysis likelihood class: <class 'nmma.em.likelihood.OpticalLightCurve'>
11:43 INFO    : Analysis likelihood class: <class 'nmma.em.likelihood.OpticalLightCurve'>
11:43 INFO    : Analysis likelihood class: <class 'nmma.em.likelihood.OpticalLightCurve'>
11:43 INFO    : Analysis likelihood class: <class 'nmma.em.likelihood.OpticalLightCurve'>
11:43 INFO    : Ebv=0.0
11:43 INFO    : em_syserr=1.0
11:43 INFO    : Ebv=0.0
11:43 INFO    : em_syserr=1.0
11:43 INFO    : Ebv=0.0
11:43 INFO    : timeshift=0.0
11:43 INFO    : Analysis likelihood noise evidence: 0.0
11:43 INFO    : Analysis likelihood noise evidence: 0.0
11:43 INFO    : Analysis likelihood noise evidence: 0.0
11:43 INFO    : Analysis likelihood noise evidence: 0.0
11:43 INFO    : Ebv=0.0
11:43 INFO    : Analysis likelihood class: <class 'nmma.em.likelihood.OpticalLightCurve'>
11:43 INFO    : Analysis likelihood class: <class 'nmma.em.likelihood.OpticalLightCurve'>
11:43 INFO    : Ebv=0.0
11:43 INFO    : Analysis likelihood noise evidence: 0.0
11:43 INFO    : Analysis likelihood class: <class 'nmma.em.likelihood.OpticalLightCurve'>
11:43 INFO    : em_syserr=1.0
11:43 INFO    : Analysis likelihood class: <class 'nmma.em.likelihood.OpticalLightCurve'>
11:43 INFO    : Analysis likelihood noise evidence: 0.0
11:43 INFO    : Analysis likelihood class: <class 'nmma.em.likelihood.OpticalLightCurve'>
11:43 INFO    : Analysis likelihood noise evidence: 0.0
11:43 INFO    : Ebv=0.0
11:43 INFO    : Analysis likelihood noise evidence: 0.0
11:43 INFO    : Analysis likelihood noise evidence: 0.0
11:43 INFO    : Analysis likelihood noise evidence: 0.0
11:43 INFO    : Analysis likelihood class: <class 'nmma.em.likelihood.OpticalLightCurve'>
11:43 INFO    : Analysis likelihood noise evidence: 0.0
11:43 INFO    : KNphi=Uniform(minimum=15.0, maximum=75.0, name='KNphi', latex_label='$\\Phi$', unit=None, boundary=None)
11:43 INFO    : log10_mej_dyn=Uniform(minimum=-3.0, maximum=-1.0, name='log10_mej_dyn', latex_label='$\\log_{10}M^{\\rm{dyn}}_{\\rm{ej}}$', unit=None, boundary='reflective')
11:43 INFO    : log10_mej_wind=Uniform(minimum=-3.0, maximum=-0.5, name='log10_mej_wind', latex_label='$\\log_{10}M^{\\rm{wind}}_{\\rm{ej}}$', unit=None, boundary='reflective')
11:43 INFO    : inclination_EM=Sine(minimum=0.0, maximum=1.5707963267948966, name='inclination_EM', latex_label='$\\iota$', unit=None, boundary=None)
11:43 INFO    : luminosity_distance=LogUniform(minimum=1, maximum=500, name='luminosity_distance', latex_label='$D_L$', unit=None, boundary=None)
11:43 INFO    : timeshift=0.0
11:43 INFO    : em_syserr=1.0
11:43 INFO    : Ebv=0.0
11:43 INFO    : Analysis likelihood class: <class 'nmma.em.likelihood.OpticalLightCurve'>
11:43 INFO    : Analysis likelihood noise evidence: 0.0
11:43 INFO    : Analysis priors:
11:43 INFO    : KNphi=Uniform(minimum=15.0, maximum=75.0, name='KNphi', latex_label='$\\Phi$', unit=None, boundary=None)
11:43 INFO    : log10_mej_dyn=Uniform(minimum=-3.0, maximum=-1.0, name='log10_mej_dyn', latex_label='$\\log_{10}M^{\\rm{dyn}}_{\\rm{ej}}$', unit=None, boundary='reflective')
11:43 INFO    : log10_mej_wind=Uniform(minimum=-3.0, maximum=-0.5, name='log10_mej_wind', latex_label='$\\log_{10}M^{\\rm{wind}}_{\\rm{ej}}$', unit=None, boundary='reflective')
11:43 INFO    : inclination_EM=Sine(minimum=0.0, maximum=1.5707963267948966, name='inclination_EM', latex_label='$\\iota$', unit=None, boundary=None)
11:43 INFO    : luminosity_distance=LogUniform(minimum=1, maximum=500, name='luminosity_distance', latex_label='$D_L$', unit=None, boundary=None)
11:43 INFO    : timeshift=0.0
11:43 INFO    : em_syserr=1.0
11:43 INFO    : Ebv=0.0
11:43 INFO    : Analysis likelihood class: <class 'nmma.em.likelihood.OpticalLightCurve'>
11:43 INFO    : Analysis likelihood noise evidence: 0.0
11:43 INFO    : Single likelihood evaluation took 3.545e-01 s
11:43 INFO    : Single likelihood evaluation took 3.545e-01 s
11:43 INFO    : Single likelihood evaluation took 3.562e-01 s
11:43 INFO    : Single likelihood evaluation took 3.565e-01 s
11:43 INFO    : Single likelihood evaluation took 3.577e-01 s
11:43 WARNING : Supplied argument 'queue_size' not an argument of 'Pymultinest', removing.
11:43 WARNING : Supplied argument 'check_point_delta_t' not an argument of 'Pymultinest', removing.
11:43 WARNING : Supplied argument 'queue_size' not an argument of 'Pymultinest', removing.
11:43 WARNING : Supplied argument 'check_point_delta_t' not an argument of 'Pymultinest', removing.
11:43 INFO    : Using sampler Pymultinest with kwargs {'importance_nested_sampling': False, 'resume': True, 'verbose': True, 'sampling_efficiency': 'parameter', 'n_live_points': 2048, 'n_params': 5, 'n_clustering_params': None, 'wrapped_params': None, 'multimodal': True, 'const_efficiency_mode': False, 'evidence_tolerance': 0.5, 'n_iter_before_update': 100, 'null_log_evidence': -1e+90, 'max_modes': 100, 'mode_tolerance': -1e+90, 'seed': 42, 'context': 0, 'write_output': True, 'log_zero': -1e+100, 'max_iter': 0, 'init_MPI': False, 'dump_callback': <bound method Pymultinest._dump_callback of <bilby.core.sampler.pymultinest.Pymultinest object at 0x1555017c3fa0>>}
11:43 INFO    : Using sampler Pymultinest with kwargs {'importance_nested_sampling': False, 'resume': True, 'verbose': True, 'sampling_efficiency': 'parameter', 'n_live_points': 2048, 'n_params': 5, 'n_clustering_params': None, 'wrapped_params': None, 'multimodal': True, 'const_efficiency_mode': False, 'evidence_tolerance': 0.5, 'n_iter_before_update': 100, 'null_log_evidence': -1e+90, 'max_modes': 100, 'mode_tolerance': -1e+90, 'seed': 42, 'context': 0, 'write_output': True, 'log_zero': -1e+100, 'max_iter': 0, 'init_MPI': False, 'dump_callback': <bound method Pymultinest._dump_callback of <bilby.core.sampler.pymultinest.Pymultinest object at 0x1555017b7f40>>}
11:43 INFO    : Temporary directory incompatible with MPI, will run in original directory
11:43 INFO    : Temporary directory incompatible with MPI, will run in original directory
11:43 INFO    : Using output file outdirBNSBu32cores/pm_Simu2019lm/
11:43 INFO    : Using output file outdirBNSBu32cores/pm_Simu2019lm/
11:43 INFO    : Single likelihood evaluation took 3.591e-01 s
11:43 WARNING : Supplied argument 'queue_size' not an argument of 'Pymultinest', removing.
11:43 WARNING : Supplied argument 'queue_size' not an argument of 'Pymultinest', removing.
11:43 WARNING : Supplied argument 'check_point_delta_t' not an argument of 'Pymultinest', removing.
11:43 WARNING : Supplied argument 'check_point_delta_t' not an argument of 'Pymultinest', removing.
11:43 INFO    : Using sampler Pymultinest with kwargs {'importance_nested_sampling': False, 'resume': True, 'verbose': True, 'sampling_efficiency': 'parameter', 'n_live_points': 2048, 'n_params': 5, 'n_clustering_params': None, 'wrapped_params': None, 'multimodal': True, 'const_efficiency_mode': False, 'evidence_tolerance': 0.5, 'n_iter_before_update': 100, 'null_log_evidence': -1e+90, 'max_modes': 100, 'mode_tolerance': -1e+90, 'seed': 42, 'context': 0, 'write_output': True, 'log_zero': -1e+100, 'max_iter': 0, 'init_MPI': False, 'dump_callback': <bound method Pymultinest._dump_callback of <bilby.core.sampler.pymultinest.Pymultinest object at 0x1555017b7e50>>}
11:43 INFO    : Using sampler Pymultinest with kwargs {'importance_nested_sampling': False, 'resume': True, 'verbose': True, 'sampling_efficiency': 'parameter', 'n_live_points': 2048, 'n_params': 5, 'n_clustering_params': None, 'wrapped_params': None, 'multimodal': True, 'const_efficiency_mode': False, 'evidence_tolerance': 0.5, 'n_iter_before_update': 100, 'null_log_evidence': -1e+90, 'max_modes': 100, 'mode_tolerance': -1e+90, 'seed': 42, 'context': 0, 'write_output': True, 'log_zero': -1e+100, 'max_iter': 0, 'init_MPI': False, 'dump_callback': <bound method Pymultinest._dump_callback of <bilby.core.sampler.pymultinest.Pymultinest object at 0x1555017bbeb0>>}
11:43 INFO    : Temporary directory incompatible with MPI, will run in original directory
11:43 INFO    : Temporary directory incompatible with MPI, will run in original directory
11:43 INFO    : Using output file outdirBNSBu32cores/pm_Simu2019lm/
11:43 INFO    : Using output file outdirBNSBu32cores/pm_Simu2019lm/
11:43 INFO    : Single likelihood evaluation took 3.599e-01 s
11:43 INFO    : Single likelihood evaluation took 3.602e-01 s
11:43 WARNING : Supplied argument 'queue_size' not an argument of 'Pymultinest', removing.
11:43 WARNING : Supplied argument 'check_point_delta_t' not an argument of 'Pymultinest', removing.
11:43 INFO    : Using sampler Pymultinest with kwargs {'importance_nested_sampling': False, 'resume': True, 'verbose': True, 'sampling_efficiency': 'parameter', 'n_live_points': 2048, 'n_params': 5, 'n_clustering_params': None, 'wrapped_params': None, 'multimodal': True, 'const_efficiency_mode': False, 'evidence_tolerance': 0.5, 'n_iter_before_update': 100, 'null_log_evidence': -1e+90, 'max_modes': 100, 'mode_tolerance': -1e+90, 'seed': 42, 'context': 0, 'write_output': True, 'log_zero': -1e+100, 'max_iter': 0, 'init_MPI': False, 'dump_callback': <bound method Pymultinest._dump_callback of <bilby.core.sampler.pymultinest.Pymultinest object at 0x1555017bbee0>>}
11:43 INFO    : Single likelihood evaluation took 3.602e-01 s
11:43 INFO    : Single likelihood evaluation took 3.602e-01 s
11:43 INFO    : Temporary directory incompatible with MPI, will run in original directory
11:43 INFO    : Using output file outdirBNSBu32cores/pm_Simu2019lm/
11:43 WARNING : Supplied argument 'queue_size' not an argument of 'Pymultinest', removing.
11:43 WARNING : Supplied argument 'check_point_delta_t' not an argument of 'Pymultinest', removing.
11:43 WARNING : Supplied argument 'queue_size' not an argument of 'Pymultinest', removing.
11:43 INFO    : Using sampler Pymultinest with kwargs {'importance_nested_sampling': False, 'resume': True, 'verbose': True, 'sampling_efficiency': 'parameter', 'n_live_points': 2048, 'n_params': 5, 'n_clustering_params': None, 'wrapped_params': None, 'multimodal': True, 'const_efficiency_mode': False, 'evidence_tolerance': 0.5, 'n_iter_before_update': 100, 'null_log_evidence': -1e+90, 'max_modes': 100, 'mode_tolerance': -1e+90, 'seed': 42, 'context': 0, 'write_output': True, 'log_zero': -1e+100, 'max_iter': 0, 'init_MPI': False, 'dump_callback': <bound method Pymultinest._dump_callback of <bilby.core.sampler.pymultinest.Pymultinest object at 0x1555017b7e80>>}
11:43 WARNING : Supplied argument 'check_point_delta_t' not an argument of 'Pymultinest', removing.
11:43 WARNING : Supplied argument 'queue_size' not an argument of 'Pymultinest', removing.
11:43 WARNING : Supplied argument 'check_point_delta_t' not an argument of 'Pymultinest', removing.
11:43 INFO    : Using sampler Pymultinest with kwargs {'importance_nested_sampling': False, 'resume': True, 'verbose': True, 'sampling_efficiency': 'parameter', 'n_live_points': 2048, 'n_params': 5, 'n_clustering_params': None, 'wrapped_params': None, 'multimodal': True, 'const_efficiency_mode': False, 'evidence_tolerance': 0.5, 'n_iter_before_update': 100, 'null_log_evidence': -1e+90, 'max_modes': 100, 'mode_tolerance': -1e+90, 'seed': 42, 'context': 0, 'write_output': True, 'log_zero': -1e+100, 'max_iter': 0, 'init_MPI': False, 'dump_callback': <bound method Pymultinest._dump_callback of <bilby.core.sampler.pymultinest.Pymultinest object at 0x1555017b7ee0>>}
11:43 INFO    : Using sampler Pymultinest with kwargs {'importance_nested_sampling': False, 'resume': True, 'verbose': True, 'sampling_efficiency': 'parameter', 'n_live_points': 2048, 'n_params': 5, 'n_clustering_params': None, 'wrapped_params': None, 'multimodal': True, 'const_efficiency_mode': False, 'evidence_tolerance': 0.5, 'n_iter_before_update': 100, 'null_log_evidence': -1e+90, 'max_modes': 100, 'mode_tolerance': -1e+90, 'seed': 42, 'context': 0, 'write_output': True, 'log_zero': -1e+100, 'max_iter': 0, 'init_MPI': False, 'dump_callback': <bound method Pymultinest._dump_callback of <bilby.core.sampler.pymultinest.Pymultinest object at 0x1555017b7e80>>}
11:43 INFO    : Temporary directory incompatible with MPI, will run in original directory
11:43 INFO    : Temporary directory incompatible with MPI, will run in original directory
11:43 INFO    : Temporary directory incompatible with MPI, will run in original directory
11:43 INFO    : Using output file outdirBNSBu32cores/pm_Simu2019lm/
11:43 INFO    : Using output file outdirBNSBu32cores/pm_Simu2019lm/
11:43 INFO    : Using output file outdirBNSBu32cores/pm_Simu2019lm/
11:43 INFO    : Single likelihood evaluation took 3.622e-01 s
11:43 INFO    : Single likelihood evaluation took 3.620e-01 s
11:43 WARNING : Supplied argument 'queue_size' not an argument of 'Pymultinest', removing.
11:43 WARNING : Supplied argument 'check_point_delta_t' not an argument of 'Pymultinest', removing.
11:43 INFO    : Using sampler Pymultinest with kwargs {'importance_nested_sampling': False, 'resume': True, 'verbose': True, 'sampling_efficiency': 'parameter', 'n_live_points': 2048, 'n_params': 5, 'n_clustering_params': None, 'wrapped_params': None, 'multimodal': True, 'const_efficiency_mode': False, 'evidence_tolerance': 0.5, 'n_iter_before_update': 100, 'null_log_evidence': -1e+90, 'max_modes': 100, 'mode_tolerance': -1e+90, 'seed': 42, 'context': 0, 'write_output': True, 'log_zero': -1e+100, 'max_iter': 0, 'init_MPI': False, 'dump_callback': <bound method Pymultinest._dump_callback of <bilby.core.sampler.pymultinest.Pymultinest object at 0x1555017bffa0>>}
11:43 INFO    : Temporary directory incompatible with MPI, will run in original directory
11:43 INFO    : Using output file outdirBNSBu32cores/pm_Simu2019lm/
11:43 WARNING : Supplied argument 'queue_size' not an argument of 'Pymultinest', removing.
11:43 WARNING : Supplied argument 'check_point_delta_t' not an argument of 'Pymultinest', removing.
11:43 INFO    : Using sampler Pymultinest with kwargs {'importance_nested_sampling': False, 'resume': True, 'verbose': True, 'sampling_efficiency': 'parameter', 'n_live_points': 2048, 'n_params': 5, 'n_clustering_params': None, 'wrapped_params': None, 'multimodal': True, 'const_efficiency_mode': False, 'evidence_tolerance': 0.5, 'n_iter_before_update': 100, 'null_log_evidence': -1e+90, 'max_modes': 100, 'mode_tolerance': -1e+90, 'seed': 42, 'context': 0, 'write_output': True, 'log_zero': -1e+100, 'max_iter': 0, 'init_MPI': False, 'dump_callback': <bound method Pymultinest._dump_callback of <bilby.core.sampler.pymultinest.Pymultinest object at 0x1555017bfeb0>>}
11:43 INFO    : Temporary directory incompatible with MPI, will run in original directory
11:43 INFO    : Using output file outdirBNSBu32cores/pm_Simu2019lm/
11:43 INFO    : Single likelihood evaluation took 3.629e-01 s
11:43 WARNING : Supplied argument 'queue_size' not an argument of 'Pymultinest', removing.
11:43 WARNING : Supplied argument 'check_point_delta_t' not an argument of 'Pymultinest', removing.
11:43 WARNING : Supplied argument 'queue_size' not an argument of 'Pymultinest', removing.
11:43 INFO    : Using sampler Pymultinest with kwargs {'importance_nested_sampling': False, 'resume': True, 'verbose': True, 'sampling_efficiency': 'parameter', 'n_live_points': 2048, 'n_params': 5, 'n_clustering_params': None, 'wrapped_params': None, 'multimodal': True, 'const_efficiency_mode': False, 'evidence_tolerance': 0.5, 'n_iter_before_update': 100, 'null_log_evidence': -1e+90, 'max_modes': 100, 'mode_tolerance': -1e+90, 'seed': 42, 'context': 0, 'write_output': True, 'log_zero': -1e+100, 'max_iter': 0, 'init_MPI': False, 'dump_callback': <bound method Pymultinest._dump_callback of <bilby.core.sampler.pymultinest.Pymultinest object at 0x1555017bbf40>>}
11:43 WARNING : Supplied argument 'check_point_delta_t' not an argument of 'Pymultinest', removing.
11:43 INFO    : Using sampler Pymultinest with kwargs {'importance_nested_sampling': False, 'resume': True, 'verbose': True, 'sampling_efficiency': 'parameter', 'n_live_points': 2048, 'n_params': 5, 'n_clustering_params': None, 'wrapped_params': None, 'multimodal': True, 'const_efficiency_mode': False, 'evidence_tolerance': 0.5, 'n_iter_before_update': 100, 'null_log_evidence': -1e+90, 'max_modes': 100, 'mode_tolerance': -1e+90, 'seed': 42, 'context': 0, 'write_output': True, 'log_zero': -1e+100, 'max_iter': 0, 'init_MPI': False, 'dump_callback': <bound method Pymultinest._dump_callback of <bilby.core.sampler.pymultinest.Pymultinest object at 0x1555017bbe50>>}
11:43 INFO    : Temporary directory incompatible with MPI, will run in original directory
11:43 INFO    : Temporary directory incompatible with MPI, will run in original directory
11:43 INFO    : Using output file outdirBNSBu32cores/pm_Simu2019lm/
11:43 INFO    : Using output file outdirBNSBu32cores/pm_Simu2019lm/
11:43 INFO    : Single likelihood evaluation took 3.642e-01 s
11:43 INFO    : Single likelihood evaluation took 3.642e-01 s
11:43 INFO    : Single likelihood evaluation took 3.642e-01 s
11:43 WARNING : Supplied argument 'queue_size' not an argument of 'Pymultinest', removing.
11:43 WARNING : Supplied argument 'check_point_delta_t' not an argument of 'Pymultinest', removing.
11:43 INFO    : Using sampler Pymultinest with kwargs {'importance_nested_sampling': False, 'resume': True, 'verbose': True, 'sampling_efficiency': 'parameter', 'n_live_points': 2048, 'n_params': 5, 'n_clustering_params': None, 'wrapped_params': None, 'multimodal': True, 'const_efficiency_mode': False, 'evidence_tolerance': 0.5, 'n_iter_before_update': 100, 'null_log_evidence': -1e+90, 'max_modes': 100, 'mode_tolerance': -1e+90, 'seed': 42, 'context': 0, 'write_output': True, 'log_zero': -1e+100, 'max_iter': 0, 'init_MPI': False, 'dump_callback': <bound method Pymultinest._dump_callback of <bilby.core.sampler.pymultinest.Pymultinest object at 0x1555017c3fa0>>}
11:43 INFO    : Temporary directory incompatible with MPI, will run in original directory
11:43 INFO    : Using output file outdirBNSBu32cores/pm_Simu2019lm/
11:43 WARNING : Supplied argument 'queue_size' not an argument of 'Pymultinest', removing.
11:43 WARNING : Supplied argument 'queue_size' not an argument of 'Pymultinest', removing.
11:43 WARNING : Supplied argument 'check_point_delta_t' not an argument of 'Pymultinest', removing.
11:43 WARNING : Supplied argument 'check_point_delta_t' not an argument of 'Pymultinest', removing.
11:43 INFO    : Using sampler Pymultinest with kwargs {'importance_nested_sampling': False, 'resume': True, 'verbose': True, 'sampling_efficiency': 'parameter', 'n_live_points': 2048, 'n_params': 5, 'n_clustering_params': None, 'wrapped_params': None, 'multimodal': True, 'const_efficiency_mode': False, 'evidence_tolerance': 0.5, 'n_iter_before_update': 100, 'null_log_evidence': -1e+90, 'max_modes': 100, 'mode_tolerance': -1e+90, 'seed': 42, 'context': 0, 'write_output': True, 'log_zero': -1e+100, 'max_iter': 0, 'init_MPI': False, 'dump_callback': <bound method Pymultinest._dump_callback of <bilby.core.sampler.pymultinest.Pymultinest object at 0x1555017bffa0>>}
11:43 INFO    : Using sampler Pymultinest with kwargs {'importance_nested_sampling': False, 'resume': True, 'verbose': True, 'sampling_efficiency': 'parameter', 'n_live_points': 2048, 'n_params': 5, 'n_clustering_params': None, 'wrapped_params': None, 'multimodal': True, 'const_efficiency_mode': False, 'evidence_tolerance': 0.5, 'n_iter_before_update': 100, 'null_log_evidence': -1e+90, 'max_modes': 100, 'mode_tolerance': -1e+90, 'seed': 42, 'context': 0, 'write_output': True, 'log_zero': -1e+100, 'max_iter': 0, 'init_MPI': False, 'dump_callback': <bound method Pymultinest._dump_callback of <bilby.core.sampler.pymultinest.Pymultinest object at 0x1555017c3f10>>}
11:43 WARNING : Supplied argument 'queue_size' not an argument of 'Pymultinest', removing.
11:43 WARNING : Supplied argument 'check_point_delta_t' not an argument of 'Pymultinest', removing.
11:43 INFO    : Temporary directory incompatible with MPI, will run in original directory
11:43 INFO    : Using sampler Pymultinest with kwargs {'importance_nested_sampling': False, 'resume': True, 'verbose': True, 'sampling_efficiency': 'parameter', 'n_live_points': 2048, 'n_params': 5, 'n_clustering_params': None, 'wrapped_params': None, 'multimodal': True, 'const_efficiency_mode': False, 'evidence_tolerance': 0.5, 'n_iter_before_update': 100, 'null_log_evidence': -1e+90, 'max_modes': 100, 'mode_tolerance': -1e+90, 'seed': 42, 'context': 0, 'write_output': True, 'log_zero': -1e+100, 'max_iter': 0, 'init_MPI': False, 'dump_callback': <bound method Pymultinest._dump_callback of <bilby.core.sampler.pymultinest.Pymultinest object at 0x1555017bff40>>}
11:43 INFO    : Temporary directory incompatible with MPI, will run in original directory
11:43 INFO    : Temporary directory incompatible with MPI, will run in original directory
11:43 INFO    : Using output file outdirBNSBu32cores/pm_Simu2019lm/
11:43 INFO    : Using output file outdirBNSBu32cores/pm_Simu2019lm/
11:43 INFO    : Using output file outdirBNSBu32cores/pm_Simu2019lm/
11:43 INFO    : Single likelihood evaluation took 3.707e-01 s
11:43 INFO    : Single likelihood evaluation took 3.708e-01 s
11:43 INFO    : Single likelihood evaluation took 3.717e-01 s
11:43 INFO    : Single likelihood evaluation took 3.715e-01 s
11:43 WARNING : Supplied argument 'queue_size' not an argument of 'Pymultinest', removing.
11:43 WARNING : Supplied argument 'check_point_delta_t' not an argument of 'Pymultinest', removing.
11:43 INFO    : Using sampler Pymultinest with kwargs {'importance_nested_sampling': False, 'resume': True, 'verbose': True, 'sampling_efficiency': 'parameter', 'n_live_points': 2048, 'n_params': 5, 'n_clustering_params': None, 'wrapped_params': None, 'multimodal': True, 'const_efficiency_mode': False, 'evidence_tolerance': 0.5, 'n_iter_before_update': 100, 'null_log_evidence': -1e+90, 'max_modes': 100, 'mode_tolerance': -1e+90, 'seed': 42, 'context': 0, 'write_output': True, 'log_zero': -1e+100, 'max_iter': 0, 'init_MPI': False, 'dump_callback': <bound method Pymultinest._dump_callback of <bilby.core.sampler.pymultinest.Pymultinest object at 0x1555017eff10>>}
11:43 INFO    : Temporary directory incompatible with MPI, will run in original directory
11:43 INFO    : Using output file outdirBNSBu32cores/pm_Simu2019lm/
11:43 WARNING : Supplied argument 'queue_size' not an argument of 'Pymultinest', removing.
11:43 WARNING : Supplied argument 'check_point_delta_t' not an argument of 'Pymultinest', removing.
11:43 INFO    : Using sampler Pymultinest with kwargs {'importance_nested_sampling': False, 'resume': True, 'verbose': True, 'sampling_efficiency': 'parameter', 'n_live_points': 2048, 'n_params': 5, 'n_clustering_params': None, 'wrapped_params': None, 'multimodal': True, 'const_efficiency_mode': False, 'evidence_tolerance': 0.5, 'n_iter_before_update': 100, 'null_log_evidence': -1e+90, 'max_modes': 100, 'mode_tolerance': -1e+90, 'seed': 42, 'context': 0, 'write_output': True, 'log_zero': -1e+100, 'max_iter': 0, 'init_MPI': False, 'dump_callback': <bound method Pymultinest._dump_callback of <bilby.core.sampler.pymultinest.Pymultinest object at 0x1555017bbf70>>}
11:43 INFO    : Temporary directory incompatible with MPI, will run in original directory
11:43 INFO    : Using output file outdirBNSBu32cores/pm_Simu2019lm/
11:43 WARNING : Supplied argument 'queue_size' not an argument of 'Pymultinest', removing.
11:43 WARNING : Supplied argument 'check_point_delta_t' not an argument of 'Pymultinest', removing.
11:43 INFO    : Using sampler Pymultinest with kwargs {'importance_nested_sampling': False, 'resume': True, 'verbose': True, 'sampling_efficiency': 'parameter', 'n_live_points': 2048, 'n_params': 5, 'n_clustering_params': None, 'wrapped_params': None, 'multimodal': True, 'const_efficiency_mode': False, 'evidence_tolerance': 0.5, 'n_iter_before_update': 100, 'null_log_evidence': -1e+90, 'max_modes': 100, 'mode_tolerance': -1e+90, 'seed': 42, 'context': 0, 'write_output': True, 'log_zero': -1e+100, 'max_iter': 0, 'init_MPI': False, 'dump_callback': <bound method Pymultinest._dump_callback of <bilby.core.sampler.pymultinest.Pymultinest object at 0x1555017bbf70>>}
11:43 INFO    : Temporary directory incompatible with MPI, will run in original directory
11:43 INFO    : Using output file outdirBNSBu32cores/pm_Simu2019lm/
11:43 WARNING : Supplied argument 'queue_size' not an argument of 'Pymultinest', removing.
11:43 WARNING : Supplied argument 'check_point_delta_t' not an argument of 'Pymultinest', removing.
11:43 INFO    : Using sampler Pymultinest with kwargs {'importance_nested_sampling': False, 'resume': True, 'verbose': True, 'sampling_efficiency': 'parameter', 'n_live_points': 2048, 'n_params': 5, 'n_clustering_params': None, 'wrapped_params': None, 'multimodal': True, 'const_efficiency_mode': False, 'evidence_tolerance': 0.5, 'n_iter_before_update': 100, 'null_log_evidence': -1e+90, 'max_modes': 100, 'mode_tolerance': -1e+90, 'seed': 42, 'context': 0, 'write_output': True, 'log_zero': -1e+100, 'max_iter': 0, 'init_MPI': False, 'dump_callback': <bound method Pymultinest._dump_callback of <bilby.core.sampler.pymultinest.Pymultinest object at 0x1555017bbf40>>}
11:43 INFO    : Temporary directory incompatible with MPI, will run in original directory
11:43 INFO    : Using output file outdirBNSBu32cores/pm_Simu2019lm/
11:43 INFO    : Single likelihood evaluation took 3.764e-01 s
11:43 INFO    : Single likelihood evaluation took 3.764e-01 s
11:43 INFO    : Single likelihood evaluation took 3.777e-01 s
11:43 INFO    : Single likelihood evaluation took 3.781e-01 s
11:43 INFO    : Single likelihood evaluation took 3.781e-01 s
11:43 INFO    : Single likelihood evaluation took 3.773e-01 s
11:43 INFO    : Single likelihood evaluation took 3.783e-01 s
11:43 INFO    : Single likelihood evaluation took 3.787e-01 s
11:43 INFO    : Single likelihood evaluation took 3.787e-01 s
11:43 INFO    : Single likelihood evaluation took 3.785e-01 s
11:43 INFO    : Single likelihood evaluation took 3.791e-01 s
11:43 INFO    : Single likelihood evaluation took 3.792e-01 s
11:43 WARNING : Supplied argument 'queue_size' not an argument of 'Pymultinest', removing.
11:43 WARNING : Supplied argument 'check_point_delta_t' not an argument of 'Pymultinest', removing.
11:43 INFO    : Using sampler Pymultinest with kwargs {'importance_nested_sampling': False, 'resume': True, 'verbose': True, 'sampling_efficiency': 'parameter', 'n_live_points': 2048, 'n_params': 5, 'n_clustering_params': None, 'wrapped_params': None, 'multimodal': True, 'const_efficiency_mode': False, 'evidence_tolerance': 0.5, 'n_iter_before_update': 100, 'null_log_evidence': -1e+90, 'max_modes': 100, 'mode_tolerance': -1e+90, 'seed': 42, 'context': 0, 'write_output': True, 'log_zero': -1e+100, 'max_iter': 0, 'init_MPI': False, 'dump_callback': <bound method Pymultinest._dump_callback of <bilby.core.sampler.pymultinest.Pymultinest object at 0x1555017c3f70>>}
11:43 INFO    : Temporary directory incompatible with MPI, will run in original directory
11:43 INFO    : Using output file outdirBNSBu32cores/pm_Simu2019lm/
11:43 WARNING : Supplied argument 'queue_size' not an argument of 'Pymultinest', removing.
11:43 WARNING : Supplied argument 'check_point_delta_t' not an argument of 'Pymultinest', removing.
11:43 INFO    : Using sampler Pymultinest with kwargs {'importance_nested_sampling': False, 'resume': True, 'verbose': True, 'sampling_efficiency': 'parameter', 'n_live_points': 2048, 'n_params': 5, 'n_clustering_params': None, 'wrapped_params': None, 'multimodal': True, 'const_efficiency_mode': False, 'evidence_tolerance': 0.5, 'n_iter_before_update': 100, 'null_log_evidence': -1e+90, 'max_modes': 100, 'mode_tolerance': -1e+90, 'seed': 42, 'context': 0, 'write_output': True, 'log_zero': -1e+100, 'max_iter': 0, 'init_MPI': False, 'dump_callback': <bound method Pymultinest._dump_callback of <bilby.core.sampler.pymultinest.Pymultinest object at 0x155500fc6e60>>}
11:43 INFO    : Temporary directory incompatible with MPI, will run in original directory
11:43 INFO    : Using output file outdirBNSBu32cores/pm_Simu2019lm/
11:43 WARNING : Supplied argument 'queue_size' not an argument of 'Pymultinest', removing.
11:43 WARNING : Supplied argument 'queue_size' not an argument of 'Pymultinest', removing.
11:43 WARNING : Supplied argument 'queue_size' not an argument of 'Pymultinest', removing.
11:43 WARNING : Supplied argument 'check_point_delta_t' not an argument of 'Pymultinest', removing.
11:43 WARNING : Supplied argument 'check_point_delta_t' not an argument of 'Pymultinest', removing.
11:43 WARNING : Supplied argument 'queue_size' not an argument of 'Pymultinest', removing.
11:43 WARNING : Supplied argument 'check_point_delta_t' not an argument of 'Pymultinest', removing.
11:43 WARNING : Supplied argument 'check_point_delta_t' not an argument of 'Pymultinest', removing.
11:43 INFO    : Using sampler Pymultinest with kwargs {'importance_nested_sampling': False, 'resume': True, 'verbose': True, 'sampling_efficiency': 'parameter', 'n_live_points': 2048, 'n_params': 5, 'n_clustering_params': None, 'wrapped_params': None, 'multimodal': True, 'const_efficiency_mode': False, 'evidence_tolerance': 0.5, 'n_iter_before_update': 100, 'null_log_evidence': -1e+90, 'max_modes': 100, 'mode_tolerance': -1e+90, 'seed': 42, 'context': 0, 'write_output': True, 'log_zero': -1e+100, 'max_iter': 0, 'init_MPI': False, 'dump_callback': <bound method Pymultinest._dump_callback of <bilby.core.sampler.pymultinest.Pymultinest object at 0x1555017bbe80>>}
11:43 INFO    : Using sampler Pymultinest with kwargs {'importance_nested_sampling': False, 'resume': True, 'verbose': True, 'sampling_efficiency': 'parameter', 'n_live_points': 2048, 'n_params': 5, 'n_clustering_params': None, 'wrapped_params': None, 'multimodal': True, 'const_efficiency_mode': False, 'evidence_tolerance': 0.5, 'n_iter_before_update': 100, 'null_log_evidence': -1e+90, 'max_modes': 100, 'mode_tolerance': -1e+90, 'seed': 42, 'context': 0, 'write_output': True, 'log_zero': -1e+100, 'max_iter': 0, 'init_MPI': False, 'dump_callback': <bound method Pymultinest._dump_callback of <bilby.core.sampler.pymultinest.Pymultinest object at 0x1555017bfe80>>}
11:43 INFO    : Using sampler Pymultinest with kwargs {'importance_nested_sampling': False, 'resume': True, 'verbose': True, 'sampling_efficiency': 'parameter', 'n_live_points': 2048, 'n_params': 5, 'n_clustering_params': None, 'wrapped_params': None, 'multimodal': True, 'const_efficiency_mode': False, 'evidence_tolerance': 0.5, 'n_iter_before_update': 100, 'null_log_evidence': -1e+90, 'max_modes': 100, 'mode_tolerance': -1e+90, 'seed': 42, 'context': 0, 'write_output': True, 'log_zero': -1e+100, 'max_iter': 0, 'init_MPI': False, 'dump_callback': <bound method Pymultinest._dump_callback of <bilby.core.sampler.pymultinest.Pymultinest object at 0x1555017b7e80>>}
11:43 INFO    : Using sampler Pymultinest with kwargs {'importance_nested_sampling': False, 'resume': True, 'verbose': True, 'sampling_efficiency': 'parameter', 'n_live_points': 2048, 'n_params': 5, 'n_clustering_params': None, 'wrapped_params': None, 'multimodal': True, 'const_efficiency_mode': False, 'evidence_tolerance': 0.5, 'n_iter_before_update': 100, 'null_log_evidence': -1e+90, 'max_modes': 100, 'mode_tolerance': -1e+90, 'seed': 42, 'context': 0, 'write_output': True, 'log_zero': -1e+100, 'max_iter': 0, 'init_MPI': False, 'dump_callback': <bound method Pymultinest._dump_callback of <bilby.core.sampler.pymultinest.Pymultinest object at 0x1555017bff10>>}
11:43 INFO    : Temporary directory incompatible with MPI, will run in original directory
11:43 INFO    : Temporary directory incompatible with MPI, will run in original directory
11:43 INFO    : Temporary directory incompatible with MPI, will run in original directory
11:43 INFO    : Temporary directory incompatible with MPI, will run in original directory
11:43 INFO    : Using output file outdirBNSBu32cores/pm_Simu2019lm/
11:43 INFO    : Using output file outdirBNSBu32cores/pm_Simu2019lm/
11:43 INFO    : Using output file outdirBNSBu32cores/pm_Simu2019lm/
11:43 INFO    : Using output file outdirBNSBu32cores/pm_Simu2019lm/
11:43 WARNING : Supplied argument 'queue_size' not an argument of 'Pymultinest', removing.
11:43 WARNING : Supplied argument 'check_point_delta_t' not an argument of 'Pymultinest', removing.
11:43 INFO    : Using sampler Pymultinest with kwargs {'importance_nested_sampling': False, 'resume': True, 'verbose': True, 'sampling_efficiency': 'parameter', 'n_live_points': 2048, 'n_params': 5, 'n_clustering_params': None, 'wrapped_params': None, 'multimodal': True, 'const_efficiency_mode': False, 'evidence_tolerance': 0.5, 'n_iter_before_update': 100, 'null_log_evidence': -1e+90, 'max_modes': 100, 'mode_tolerance': -1e+90, 'seed': 42, 'context': 0, 'write_output': True, 'log_zero': -1e+100, 'max_iter': 0, 'init_MPI': False, 'dump_callback': <bound method Pymultinest._dump_callback of <bilby.core.sampler.pymultinest.Pymultinest object at 0x1555017bff40>>}
11:43 INFO    : Temporary directory incompatible with MPI, will run in original directory
11:43 INFO    : Using output file outdirBNSBu32cores/pm_Simu2019lm/
11:43 WARNING : Supplied argument 'queue_size' not an argument of 'Pymultinest', removing.
11:43 WARNING : Supplied argument 'check_point_delta_t' not an argument of 'Pymultinest', removing.
11:43 INFO    : Using sampler Pymultinest with kwargs {'importance_nested_sampling': False, 'resume': True, 'verbose': True, 'sampling_efficiency': 'parameter', 'n_live_points': 2048, 'n_params': 5, 'n_clustering_params': None, 'wrapped_params': None, 'multimodal': True, 'const_efficiency_mode': False, 'evidence_tolerance': 0.5, 'n_iter_before_update': 100, 'null_log_evidence': -1e+90, 'max_modes': 100, 'mode_tolerance': -1e+90, 'seed': 42, 'context': 0, 'write_output': True, 'log_zero': -1e+100, 'max_iter': 0, 'init_MPI': False, 'dump_callback': <bound method Pymultinest._dump_callback of <bilby.core.sampler.pymultinest.Pymultinest object at 0x1555017bffa0>>}
11:43 INFO    : Temporary directory incompatible with MPI, will run in original directory
11:43 INFO    : Using output file outdirBNSBu32cores/pm_Simu2019lm/
11:43 WARNING : Supplied argument 'queue_size' not an argument of 'Pymultinest', removing.
11:43 WARNING : Supplied argument 'check_point_delta_t' not an argument of 'Pymultinest', removing.
11:43 INFO    : Using sampler Pymultinest with kwargs {'importance_nested_sampling': False, 'resume': True, 'verbose': True, 'sampling_efficiency': 'parameter', 'n_live_points': 2048, 'n_params': 5, 'n_clustering_params': None, 'wrapped_params': None, 'multimodal': True, 'const_efficiency_mode': False, 'evidence_tolerance': 0.5, 'n_iter_before_update': 100, 'null_log_evidence': -1e+90, 'max_modes': 100, 'mode_tolerance': -1e+90, 'seed': 42, 'context': 0, 'write_output': True, 'log_zero': -1e+100, 'max_iter': 0, 'init_MPI': False, 'dump_callback': <bound method Pymultinest._dump_callback of <bilby.core.sampler.pymultinest.Pymultinest object at 0x1555017c3f10>>}
11:43 INFO    : Temporary directory incompatible with MPI, will run in original directory
11:43 INFO    : Using output file outdirBNSBu32cores/pm_Simu2019lm/
11:43 WARNING : Supplied argument 'queue_size' not an argument of 'Pymultinest', removing.
11:43 WARNING : Supplied argument 'check_point_delta_t' not an argument of 'Pymultinest', removing.
11:43 INFO    : Using sampler Pymultinest with kwargs {'importance_nested_sampling': False, 'resume': True, 'verbose': True, 'sampling_efficiency': 'parameter', 'n_live_points': 2048, 'n_params': 5, 'n_clustering_params': None, 'wrapped_params': None, 'multimodal': True, 'const_efficiency_mode': False, 'evidence_tolerance': 0.5, 'n_iter_before_update': 100, 'null_log_evidence': -1e+90, 'max_modes': 100, 'mode_tolerance': -1e+90, 'seed': 42, 'context': 0, 'write_output': True, 'log_zero': -1e+100, 'max_iter': 0, 'init_MPI': False, 'dump_callback': <bound method Pymultinest._dump_callback of <bilby.core.sampler.pymultinest.Pymultinest object at 0x15550178fd60>>}
11:43 INFO    : Temporary directory incompatible with MPI, will run in original directory
11:43 INFO    : Using output file outdirBNSBu32cores/pm_Simu2019lm/
11:43 WARNING : Supplied argument 'queue_size' not an argument of 'Pymultinest', removing.
11:43 WARNING : Supplied argument 'check_point_delta_t' not an argument of 'Pymultinest', removing.
11:43 INFO    : Using sampler Pymultinest with kwargs {'importance_nested_sampling': False, 'resume': True, 'verbose': True, 'sampling_efficiency': 'parameter', 'n_live_points': 2048, 'n_params': 5, 'n_clustering_params': None, 'wrapped_params': None, 'multimodal': True, 'const_efficiency_mode': False, 'evidence_tolerance': 0.5, 'n_iter_before_update': 100, 'null_log_evidence': -1e+90, 'max_modes': 100, 'mode_tolerance': -1e+90, 'seed': 42, 'context': 0, 'write_output': True, 'log_zero': -1e+100, 'max_iter': 0, 'init_MPI': False, 'dump_callback': <bound method Pymultinest._dump_callback of <bilby.core.sampler.pymultinest.Pymultinest object at 0x1555017bfeb0>>}
11:43 INFO    : Temporary directory incompatible with MPI, will run in original directory
11:43 INFO    : Using output file outdirBNSBu32cores/pm_Simu2019lm/
11:43 WARNING : Supplied argument 'queue_size' not an argument of 'Pymultinest', removing.
11:43 WARNING : Supplied argument 'check_point_delta_t' not an argument of 'Pymultinest', removing.
11:43 INFO    : Using sampler Pymultinest with kwargs {'importance_nested_sampling': False, 'resume': True, 'verbose': True, 'sampling_efficiency': 'parameter', 'n_live_points': 2048, 'n_params': 5, 'n_clustering_params': None, 'wrapped_params': None, 'multimodal': True, 'const_efficiency_mode': False, 'evidence_tolerance': 0.5, 'n_iter_before_update': 100, 'null_log_evidence': -1e+90, 'max_modes': 100, 'mode_tolerance': -1e+90, 'seed': 42, 'context': 0, 'write_output': True, 'log_zero': -1e+100, 'max_iter': 0, 'init_MPI': False, 'dump_callback': <bound method Pymultinest._dump_callback of <bilby.core.sampler.pymultinest.Pymultinest object at 0x1555017c3f10>>}
11:43 INFO    : Temporary directory incompatible with MPI, will run in original directory
11:43 INFO    : Using output file outdirBNSBu32cores/pm_Simu2019lm/
12:03 INFO    : Sampling time: 0:19:20.438488
12:03 INFO    : Sampling time: 0:19:20.084881
12:03 INFO    : Sampling time: 0:19:18.565057
12:03 INFO    : Sampling time: 0:19:20.272562
12:03 INFO    : Sampling time: 0:19:18.633685
12:03 INFO    : Sampling time: 0:19:20.700625
12:03 INFO    : Sampling time: 0:19:20.439715
12:03 INFO    : Sampling time: 0:19:19.199985
12:03 INFO    : Sampling time: 0:19:19.139722
12:03 INFO    : Sampling time: 0:19:20.086224
12:03 INFO    : Sampling time: 0:19:20.412313
12:03 INFO    : Sampling time: 0:19:20.086694
12:03 INFO    : Sampling time: 0:19:19.188317
12:03 INFO    : Sampling time: 0:19:20.193936
12:03 INFO    : Sampling time: 0:19:18.563177
12:03 INFO    : Sampling time: 0:19:20.440011
12:03 INFO    : Sampling time: 0:19:19.133289
12:03 INFO    : Sampling time: 0:19:18.563346
12:03 INFO    : Sampling time: 0:19:20.769298
12:03 INFO    : Sampling time: 0:19:20.274026
12:03 INFO    : Sampling time: 0:19:20.607685
12:03 INFO    : Sampling time: 0:19:20.374189
12:03 INFO    : Sampling time: 0:19:18.400881
12:03 INFO    : Sampling time: 0:19:18.400945
12:03 INFO    : Sampling time: 0:19:18.400956
12:03 INFO    : Sampling time: 0:19:18.401356
12:03 INFO    : Sampling time: 0:19:18.563978
12:03 INFO    : Sampling time: 0:19:18.401233
12:03 INFO    : Sampling time: 0:19:20.702201
12:03 INFO    : Sampling time: 0:19:20.770306
12:03 INFO    : Sampling time: 0:19:18.650790
12:03 INFO    : Sampling time: 0:19:18.562674
12:03 ERROR   : 

Saving the data has failed with the following message:
[Errno 116] Stale file handle
Data has been dumped to outdirBNSBu32cores/Simu2019lm_result.pkl.


12:03 ERROR   : 

Saving the data has failed with the following message:
[Errno 116] Stale file handle
Data has been dumped to outdirBNSBu32cores/Simu2019lm_result.pkl.


12:03 INFO    : Summary of results:
nsamples: 11893
ln_noise_evidence:  0.000
ln_evidence: -122.172 +/-  0.062
ln_bayes_factor: -122.172 +/-  0.062

12:03 INFO    : Summary of results:
nsamples: 11893
ln_noise_evidence:  0.000
ln_evidence: -122.172 +/-  0.062
ln_bayes_factor: -122.172 +/-  0.062

12:03 INFO    : Summary of results:
nsamples: 11893
ln_noise_evidence:  0.000
ln_evidence: -122.172 +/-  0.062
ln_bayes_factor: -122.172 +/-  0.062

12:03 INFO    : Summary of results:
nsamples: 11893
ln_noise_evidence:  0.000
ln_evidence: -122.172 +/-  0.062
ln_bayes_factor: -122.172 +/-  0.062

12:03 INFO    : Summary of results:
nsamples: 11893
ln_noise_evidence:  0.000
ln_evidence: -122.172 +/-  0.062
ln_bayes_factor: -122.172 +/-  0.062

02:25 INFO    : Running for label 'Simu2019lm', output will be saved to 'outdirBNSBu32cores'
02:25 INFO    : Analysis priors:
02:25 INFO    : KNphi=Uniform(minimum=15.0, maximum=75.0, name='KNphi', latex_label='$\\Phi$', unit=None, boundary=None)
02:25 INFO    : log10_mej_dyn=Uniform(minimum=-3.0, maximum=-1.0, name='log10_mej_dyn', latex_label='$\\log_{10}M^{\\rm{dyn}}_{\\rm{ej}}$', unit=None, boundary='reflective')
02:25 INFO    : log10_mej_wind=Uniform(minimum=-3.0, maximum=-0.5, name='log10_mej_wind', latex_label='$\\log_{10}M^{\\rm{wind}}_{\\rm{ej}}$', unit=None, boundary='reflective')
02:25 INFO    : inclination_EM=Sine(minimum=0.0, maximum=1.5707963267948966, name='inclination_EM', latex_label='$\\iota$', unit=None, boundary=None)
02:25 INFO    : luminosity_distance=LogUniform(minimum=1, maximum=500, name='luminosity_distance', latex_label='$D_L$', unit=None, boundary=None)
02:25 INFO    : timeshift=0.0
02:25 INFO    : em_syserr=1.0
02:25 INFO    : Ebv=0.0
02:25 INFO    : Analysis likelihood class: <class 'nmma.em.likelihood.OpticalLightCurve'>
02:25 INFO    : Analysis likelihood noise evidence: 0.0
02:25 INFO    : Single likelihood evaluation took 6.493e-02 s
02:25 WARNING : Supplied argument 'queue_size' not an argument of 'Pymultinest', removing.
02:25 WARNING : Supplied argument 'check_point_delta_t' not an argument of 'Pymultinest', removing.
02:25 WARNING : Using cached result
02:25 INFO    : Summary of results:
nsamples: 11893
ln_noise_evidence:  0.000
ln_evidence: -122.172 +/-  0.062
ln_bayes_factor: -122.172 +/-  0.062

02:25 INFO    : Writing samples file to /home/thussenot/kilonovae-H0/lcsimu/cadence170817/rizyJHK/outdirBNSBu32cores/Simu2019lm_posterior_samples.dat
