11:43 INFO    : Running for label 'Simu2019lm', output will be saved to 'outdirBNSBu32cores'
11:43 INFO    : Running for label 'Simu2019lm', output will be saved to 'outdirBNSBu32cores'
11:43 INFO    : Running for label 'Simu2019lm', output will be saved to 'outdirBNSBu32cores'
11:43 INFO    : Running for label 'Simu2019lm', output will be saved to 'outdirBNSBu32cores'
11:43 INFO    : Running for label 'Simu2019lm', output will be saved to 'outdirBNSBu32cores'
11:43 INFO    : Running for label 'Simu2019lm', output will be saved to 'outdirBNSBu32cores'
11:43 INFO    : Running for label 'Simu2019lm', output will be saved to 'outdirBNSBu32cores'
11:43 INFO    : Running for label 'Simu2019lm', output will be saved to 'outdirBNSBu32cores'
11:43 INFO    : Running for label 'Simu2019lm', output will be saved to 'outdirBNSBu32cores'
11:43 INFO    : Running for label 'Simu2019lm', output will be saved to 'outdirBNSBu32cores'
11:43 INFO    : Running for label 'Simu2019lm', output will be saved to 'outdirBNSBu32cores'
11:43 INFO    : Running for label 'Simu2019lm', output will be saved to 'outdirBNSBu32cores'
11:43 INFO    : Running for label 'Simu2019lm', output will be saved to 'outdirBNSBu32cores'
11:43 INFO    : Running for label 'Simu2019lm', output will be saved to 'outdirBNSBu32cores'
11:43 INFO    : Running for label 'Simu2019lm', output will be saved to 'outdirBNSBu32cores'
11:43 INFO    : Running for label 'Simu2019lm', output will be saved to 'outdirBNSBu32cores'
11:43 INFO    : Running for label 'Simu2019lm', output will be saved to 'outdirBNSBu32cores'
11:43 INFO    : Running for label 'Simu2019lm', output will be saved to 'outdirBNSBu32cores'
11:43 INFO    : Running for label 'Simu2019lm', output will be saved to 'outdirBNSBu32cores'
11:43 INFO    : Running for label 'Simu2019lm', output will be saved to 'outdirBNSBu32cores'
11:43 INFO    : Running for label 'Simu2019lm', output will be saved to 'outdirBNSBu32cores'
11:43 INFO    : Running for label 'Simu2019lm', output will be saved to 'outdirBNSBu32cores'
11:43 INFO    : Running for label 'Simu2019lm', output will be saved to 'outdirBNSBu32cores'
11:43 INFO    : Running for label 'Simu2019lm', output will be saved to 'outdirBNSBu32cores'
11:43 INFO    : Running for label 'Simu2019lm', output will be saved to 'outdirBNSBu32cores'
11:43 INFO    : Running for label 'Simu2019lm', output will be saved to 'outdirBNSBu32cores'
11:43 INFO    : Running for label 'Simu2019lm', output will be saved to 'outdirBNSBu32cores'
11:43 INFO    : Running for label 'Simu2019lm', output will be saved to 'outdirBNSBu32cores'
11:43 INFO    : Running for label 'Simu2019lm', output will be saved to 'outdirBNSBu32cores'
11:43 INFO    : Running for label 'Simu2019lm', output will be saved to 'outdirBNSBu32cores'
11:43 INFO    : Running for label 'Simu2019lm', output will be saved to 'outdirBNSBu32cores'
11:43 INFO    : Running for label 'Simu2019lm', output will be saved to 'outdirBNSBu32cores'
11:43 INFO    : Analysis priors:
11:43 INFO    : Analysis priors:
11:43 INFO    : Analysis priors:
11:43 INFO    : Analysis priors:
11:43 INFO    : Analysis priors:
11:43 INFO    : Analysis priors:
11:43 INFO    : Analysis priors:
11:43 INFO    : Analysis priors:
11:43 INFO    : Analysis priors:
11:43 INFO    : Analysis priors:
11:43 INFO    : Analysis priors:
11:43 INFO    : Analysis priors:
11:43 INFO    : Analysis priors:
11:43 INFO    : Analysis priors:
11:43 INFO    : KNphi=Uniform(minimum=15.0, maximum=75.0, name='KNphi', latex_label='$\\Phi$', unit=None, boundary=None)
11:43 INFO    : Analysis priors:
11:43 INFO    : Analysis priors:
11:43 INFO    : Analysis priors:
11:43 INFO    : KNphi=Uniform(minimum=15.0, maximum=75.0, name='KNphi', latex_label='$\\Phi$', unit=None, boundary=None)
11:43 INFO    : KNphi=Uniform(minimum=15.0, maximum=75.0, name='KNphi', latex_label='$\\Phi$', unit=None, boundary=None)
11:43 INFO    : KNphi=Uniform(minimum=15.0, maximum=75.0, name='KNphi', latex_label='$\\Phi$', unit=None, boundary=None)
11:43 INFO    : Analysis priors:
11:43 INFO    : KNphi=Uniform(minimum=15.0, maximum=75.0, name='KNphi', latex_label='$\\Phi$', unit=None, boundary=None)
11:43 INFO    : KNphi=Uniform(minimum=15.0, maximum=75.0, name='KNphi', latex_label='$\\Phi$', unit=None, boundary=None)
11:43 INFO    : Analysis priors:
11:43 INFO    : KNphi=Uniform(minimum=15.0, maximum=75.0, name='KNphi', latex_label='$\\Phi$', unit=None, boundary=None)
11:43 INFO    : log10_mej_dyn=Uniform(minimum=-3.0, maximum=-1.0, name='log10_mej_dyn', latex_label='$\\log_{10}M^{\\rm{dyn}}_{\\rm{ej}}$', unit=None, boundary='reflective')
11:43 INFO    : KNphi=Uniform(minimum=15.0, maximum=75.0, name='KNphi', latex_label='$\\Phi$', unit=None, boundary=None)
11:43 INFO    : KNphi=Uniform(minimum=15.0, maximum=75.0, name='KNphi', latex_label='$\\Phi$', unit=None, boundary=None)
11:43 INFO    : Analysis priors:
11:43 INFO    : Analysis priors:
11:43 INFO    : log10_mej_dyn=Uniform(minimum=-3.0, maximum=-1.0, name='log10_mej_dyn', latex_label='$\\log_{10}M^{\\rm{dyn}}_{\\rm{ej}}$', unit=None, boundary='reflective')
11:43 INFO    : log10_mej_dyn=Uniform(minimum=-3.0, maximum=-1.0, name='log10_mej_dyn', latex_label='$\\log_{10}M^{\\rm{dyn}}_{\\rm{ej}}$', unit=None, boundary='reflective')
11:43 INFO    : Analysis priors:
11:43 INFO    : Analysis priors:
11:43 INFO    : KNphi=Uniform(minimum=15.0, maximum=75.0, name='KNphi', latex_label='$\\Phi$', unit=None, boundary=None)
11:43 INFO    : log10_mej_dyn=Uniform(minimum=-3.0, maximum=-1.0, name='log10_mej_dyn', latex_label='$\\log_{10}M^{\\rm{dyn}}_{\\rm{ej}}$', unit=None, boundary='reflective')
11:43 INFO    : KNphi=Uniform(minimum=15.0, maximum=75.0, name='KNphi', latex_label='$\\Phi$', unit=None, boundary=None)
11:43 INFO    : KNphi=Uniform(minimum=15.0, maximum=75.0, name='KNphi', latex_label='$\\Phi$', unit=None, boundary=None)
11:43 INFO    : Analysis priors:
11:43 INFO    : Analysis priors:
11:43 INFO    : KNphi=Uniform(minimum=15.0, maximum=75.0, name='KNphi', latex_label='$\\Phi$', unit=None, boundary=None)
11:43 INFO    : KNphi=Uniform(minimum=15.0, maximum=75.0, name='KNphi', latex_label='$\\Phi$', unit=None, boundary=None)
11:43 INFO    : log10_mej_dyn=Uniform(minimum=-3.0, maximum=-1.0, name='log10_mej_dyn', latex_label='$\\log_{10}M^{\\rm{dyn}}_{\\rm{ej}}$', unit=None, boundary='reflective')
11:43 INFO    : log10_mej_dyn=Uniform(minimum=-3.0, maximum=-1.0, name='log10_mej_dyn', latex_label='$\\log_{10}M^{\\rm{dyn}}_{\\rm{ej}}$', unit=None, boundary='reflective')
11:43 INFO    : Analysis priors:
11:43 INFO    : log10_mej_dyn=Uniform(minimum=-3.0, maximum=-1.0, name='log10_mej_dyn', latex_label='$\\log_{10}M^{\\rm{dyn}}_{\\rm{ej}}$', unit=None, boundary='reflective')
11:43 INFO    : Analysis priors:
11:43 INFO    : KNphi=Uniform(minimum=15.0, maximum=75.0, name='KNphi', latex_label='$\\Phi$', unit=None, boundary=None)
11:43 INFO    : log10_mej_wind=Uniform(minimum=-3.0, maximum=-0.5, name='log10_mej_wind', latex_label='$\\log_{10}M^{\\rm{wind}}_{\\rm{ej}}$', unit=None, boundary='reflective')
11:43 INFO    : KNphi=Uniform(minimum=15.0, maximum=75.0, name='KNphi', latex_label='$\\Phi$', unit=None, boundary=None)
11:43 INFO    : Analysis priors:
11:43 INFO    : KNphi=Uniform(minimum=15.0, maximum=75.0, name='KNphi', latex_label='$\\Phi$', unit=None, boundary=None)
11:43 INFO    : log10_mej_dyn=Uniform(minimum=-3.0, maximum=-1.0, name='log10_mej_dyn', latex_label='$\\log_{10}M^{\\rm{dyn}}_{\\rm{ej}}$', unit=None, boundary='reflective')
11:43 INFO    : log10_mej_dyn=Uniform(minimum=-3.0, maximum=-1.0, name='log10_mej_dyn', latex_label='$\\log_{10}M^{\\rm{dyn}}_{\\rm{ej}}$', unit=None, boundary='reflective')
11:43 INFO    : log10_mej_wind=Uniform(minimum=-3.0, maximum=-0.5, name='log10_mej_wind', latex_label='$\\log_{10}M^{\\rm{wind}}_{\\rm{ej}}$', unit=None, boundary='reflective')
11:43 INFO    : log10_mej_wind=Uniform(minimum=-3.0, maximum=-0.5, name='log10_mej_wind', latex_label='$\\log_{10}M^{\\rm{wind}}_{\\rm{ej}}$', unit=None, boundary='reflective')
11:43 INFO    : KNphi=Uniform(minimum=15.0, maximum=75.0, name='KNphi', latex_label='$\\Phi$', unit=None, boundary=None)
11:43 INFO    : log10_mej_dyn=Uniform(minimum=-3.0, maximum=-1.0, name='log10_mej_dyn', latex_label='$\\log_{10}M^{\\rm{dyn}}_{\\rm{ej}}$', unit=None, boundary='reflective')
11:43 INFO    : log10_mej_wind=Uniform(minimum=-3.0, maximum=-0.5, name='log10_mej_wind', latex_label='$\\log_{10}M^{\\rm{wind}}_{\\rm{ej}}$', unit=None, boundary='reflective')
11:43 INFO    : log10_mej_dyn=Uniform(minimum=-3.0, maximum=-1.0, name='log10_mej_dyn', latex_label='$\\log_{10}M^{\\rm{dyn}}_{\\rm{ej}}$', unit=None, boundary='reflective')
11:43 INFO    : log10_mej_dyn=Uniform(minimum=-3.0, maximum=-1.0, name='log10_mej_dyn', latex_label='$\\log_{10}M^{\\rm{dyn}}_{\\rm{ej}}$', unit=None, boundary='reflective')
11:43 INFO    : log10_mej_dyn=Uniform(minimum=-3.0, maximum=-1.0, name='log10_mej_dyn', latex_label='$\\log_{10}M^{\\rm{dyn}}_{\\rm{ej}}$', unit=None, boundary='reflective')
11:43 INFO    : log10_mej_dyn=Uniform(minimum=-3.0, maximum=-1.0, name='log10_mej_dyn', latex_label='$\\log_{10}M^{\\rm{dyn}}_{\\rm{ej}}$', unit=None, boundary='reflective')
11:43 INFO    : log10_mej_wind=Uniform(minimum=-3.0, maximum=-0.5, name='log10_mej_wind', latex_label='$\\log_{10}M^{\\rm{wind}}_{\\rm{ej}}$', unit=None, boundary='reflective')
11:43 INFO    : log10_mej_wind=Uniform(minimum=-3.0, maximum=-0.5, name='log10_mej_wind', latex_label='$\\log_{10}M^{\\rm{wind}}_{\\rm{ej}}$', unit=None, boundary='reflective')
11:43 INFO    : log10_mej_wind=Uniform(minimum=-3.0, maximum=-0.5, name='log10_mej_wind', latex_label='$\\log_{10}M^{\\rm{wind}}_{\\rm{ej}}$', unit=None, boundary='reflective')
11:43 INFO    : KNphi=Uniform(minimum=15.0, maximum=75.0, name='KNphi', latex_label='$\\Phi$', unit=None, boundary=None)
11:43 INFO    : log10_mej_dyn=Uniform(minimum=-3.0, maximum=-1.0, name='log10_mej_dyn', latex_label='$\\log_{10}M^{\\rm{dyn}}_{\\rm{ej}}$', unit=None, boundary='reflective')
11:43 INFO    : Analysis priors:
11:43 INFO    : log10_mej_dyn=Uniform(minimum=-3.0, maximum=-1.0, name='log10_mej_dyn', latex_label='$\\log_{10}M^{\\rm{dyn}}_{\\rm{ej}}$', unit=None, boundary='reflective')
11:43 INFO    : log10_mej_dyn=Uniform(minimum=-3.0, maximum=-1.0, name='log10_mej_dyn', latex_label='$\\log_{10}M^{\\rm{dyn}}_{\\rm{ej}}$', unit=None, boundary='reflective')
11:43 INFO    : KNphi=Uniform(minimum=15.0, maximum=75.0, name='KNphi', latex_label='$\\Phi$', unit=None, boundary=None)
11:43 INFO    : inclination_EM=Sine(minimum=0.0, maximum=1.5707963267948966, name='inclination_EM', latex_label='$\\iota$', unit=None, boundary=None)
11:43 INFO    : KNphi=Uniform(minimum=15.0, maximum=75.0, name='KNphi', latex_label='$\\Phi$', unit=None, boundary=None)
11:43 INFO    : log10_mej_wind=Uniform(minimum=-3.0, maximum=-0.5, name='log10_mej_wind', latex_label='$\\log_{10}M^{\\rm{wind}}_{\\rm{ej}}$', unit=None, boundary='reflective')
11:43 INFO    : log10_mej_wind=Uniform(minimum=-3.0, maximum=-0.5, name='log10_mej_wind', latex_label='$\\log_{10}M^{\\rm{wind}}_{\\rm{ej}}$', unit=None, boundary='reflective')
11:43 INFO    : KNphi=Uniform(minimum=15.0, maximum=75.0, name='KNphi', latex_label='$\\Phi$', unit=None, boundary=None)
11:43 INFO    : inclination_EM=Sine(minimum=0.0, maximum=1.5707963267948966, name='inclination_EM', latex_label='$\\iota$', unit=None, boundary=None)
11:43 INFO    : log10_mej_dyn=Uniform(minimum=-3.0, maximum=-1.0, name='log10_mej_dyn', latex_label='$\\log_{10}M^{\\rm{dyn}}_{\\rm{ej}}$', unit=None, boundary='reflective')
11:43 INFO    : KNphi=Uniform(minimum=15.0, maximum=75.0, name='KNphi', latex_label='$\\Phi$', unit=None, boundary=None)
11:43 INFO    : inclination_EM=Sine(minimum=0.0, maximum=1.5707963267948966, name='inclination_EM', latex_label='$\\iota$', unit=None, boundary=None)
11:43 INFO    : log10_mej_wind=Uniform(minimum=-3.0, maximum=-0.5, name='log10_mej_wind', latex_label='$\\log_{10}M^{\\rm{wind}}_{\\rm{ej}}$', unit=None, boundary='reflective')
11:43 INFO    : log10_mej_wind=Uniform(minimum=-3.0, maximum=-0.5, name='log10_mej_wind', latex_label='$\\log_{10}M^{\\rm{wind}}_{\\rm{ej}}$', unit=None, boundary='reflective')
11:43 INFO    : KNphi=Uniform(minimum=15.0, maximum=75.0, name='KNphi', latex_label='$\\Phi$', unit=None, boundary=None)
11:43 INFO    : log10_mej_wind=Uniform(minimum=-3.0, maximum=-0.5, name='log10_mej_wind', latex_label='$\\log_{10}M^{\\rm{wind}}_{\\rm{ej}}$', unit=None, boundary='reflective')
11:43 INFO    : log10_mej_wind=Uniform(minimum=-3.0, maximum=-0.5, name='log10_mej_wind', latex_label='$\\log_{10}M^{\\rm{wind}}_{\\rm{ej}}$', unit=None, boundary='reflective')
11:43 INFO    : inclination_EM=Sine(minimum=0.0, maximum=1.5707963267948966, name='inclination_EM', latex_label='$\\iota$', unit=None, boundary=None)
11:43 INFO    : log10_mej_wind=Uniform(minimum=-3.0, maximum=-0.5, name='log10_mej_wind', latex_label='$\\log_{10}M^{\\rm{wind}}_{\\rm{ej}}$', unit=None, boundary='reflective')
11:43 INFO    : KNphi=Uniform(minimum=15.0, maximum=75.0, name='KNphi', latex_label='$\\Phi$', unit=None, boundary=None)
11:43 INFO    : KNphi=Uniform(minimum=15.0, maximum=75.0, name='KNphi', latex_label='$\\Phi$', unit=None, boundary=None)
11:43 INFO    : inclination_EM=Sine(minimum=0.0, maximum=1.5707963267948966, name='inclination_EM', latex_label='$\\iota$', unit=None, boundary=None)
11:43 INFO    : inclination_EM=Sine(minimum=0.0, maximum=1.5707963267948966, name='inclination_EM', latex_label='$\\iota$', unit=None, boundary=None)
11:43 INFO    : KNphi=Uniform(minimum=15.0, maximum=75.0, name='KNphi', latex_label='$\\Phi$', unit=None, boundary=None)
11:43 INFO    : inclination_EM=Sine(minimum=0.0, maximum=1.5707963267948966, name='inclination_EM', latex_label='$\\iota$', unit=None, boundary=None)
11:43 INFO    : log10_mej_dyn=Uniform(minimum=-3.0, maximum=-1.0, name='log10_mej_dyn', latex_label='$\\log_{10}M^{\\rm{dyn}}_{\\rm{ej}}$', unit=None, boundary='reflective')
11:43 INFO    : log10_mej_wind=Uniform(minimum=-3.0, maximum=-0.5, name='log10_mej_wind', latex_label='$\\log_{10}M^{\\rm{wind}}_{\\rm{ej}}$', unit=None, boundary='reflective')
11:43 INFO    : log10_mej_wind=Uniform(minimum=-3.0, maximum=-0.5, name='log10_mej_wind', latex_label='$\\log_{10}M^{\\rm{wind}}_{\\rm{ej}}$', unit=None, boundary='reflective')
11:43 INFO    : log10_mej_wind=Uniform(minimum=-3.0, maximum=-0.5, name='log10_mej_wind', latex_label='$\\log_{10}M^{\\rm{wind}}_{\\rm{ej}}$', unit=None, boundary='reflective')
11:43 INFO    : log10_mej_dyn=Uniform(minimum=-3.0, maximum=-1.0, name='log10_mej_dyn', latex_label='$\\log_{10}M^{\\rm{dyn}}_{\\rm{ej}}$', unit=None, boundary='reflective')
11:43 INFO    : log10_mej_dyn=Uniform(minimum=-3.0, maximum=-1.0, name='log10_mej_dyn', latex_label='$\\log_{10}M^{\\rm{dyn}}_{\\rm{ej}}$', unit=None, boundary='reflective')
11:43 INFO    : luminosity_distance=LogUniform(minimum=1, maximum=500, name='luminosity_distance', latex_label='$D_L$', unit=None, boundary=None)
11:43 INFO    : KNphi=Uniform(minimum=15.0, maximum=75.0, name='KNphi', latex_label='$\\Phi$', unit=None, boundary=None)
11:43 INFO    : inclination_EM=Sine(minimum=0.0, maximum=1.5707963267948966, name='inclination_EM', latex_label='$\\iota$', unit=None, boundary=None)
11:43 INFO    : inclination_EM=Sine(minimum=0.0, maximum=1.5707963267948966, name='inclination_EM', latex_label='$\\iota$', unit=None, boundary=None)
11:43 INFO    : log10_mej_wind=Uniform(minimum=-3.0, maximum=-0.5, name='log10_mej_wind', latex_label='$\\log_{10}M^{\\rm{wind}}_{\\rm{ej}}$', unit=None, boundary='reflective')
11:43 INFO    : log10_mej_dyn=Uniform(minimum=-3.0, maximum=-1.0, name='log10_mej_dyn', latex_label='$\\log_{10}M^{\\rm{dyn}}_{\\rm{ej}}$', unit=None, boundary='reflective')
11:43 INFO    : luminosity_distance=LogUniform(minimum=1, maximum=500, name='luminosity_distance', latex_label='$D_L$', unit=None, boundary=None)
11:43 INFO    : log10_mej_dyn=Uniform(minimum=-3.0, maximum=-1.0, name='log10_mej_dyn', latex_label='$\\log_{10}M^{\\rm{dyn}}_{\\rm{ej}}$', unit=None, boundary='reflective')
11:43 INFO    : luminosity_distance=LogUniform(minimum=1, maximum=500, name='luminosity_distance', latex_label='$D_L$', unit=None, boundary=None)
11:43 INFO    : inclination_EM=Sine(minimum=0.0, maximum=1.5707963267948966, name='inclination_EM', latex_label='$\\iota$', unit=None, boundary=None)
11:43 INFO    : inclination_EM=Sine(minimum=0.0, maximum=1.5707963267948966, name='inclination_EM', latex_label='$\\iota$', unit=None, boundary=None)
11:43 INFO    : timeshift=0.0
11:43 INFO    : log10_mej_dyn=Uniform(minimum=-3.0, maximum=-1.0, name='log10_mej_dyn', latex_label='$\\log_{10}M^{\\rm{dyn}}_{\\rm{ej}}$', unit=None, boundary='reflective')
11:43 INFO    : inclination_EM=Sine(minimum=0.0, maximum=1.5707963267948966, name='inclination_EM', latex_label='$\\iota$', unit=None, boundary=None)
11:43 INFO    : inclination_EM=Sine(minimum=0.0, maximum=1.5707963267948966, name='inclination_EM', latex_label='$\\iota$', unit=None, boundary=None)
11:43 INFO    : luminosity_distance=LogUniform(minimum=1, maximum=500, name='luminosity_distance', latex_label='$D_L$', unit=None, boundary=None)
11:43 INFO    : timeshift=0.0
11:43 INFO    : inclination_EM=Sine(minimum=0.0, maximum=1.5707963267948966, name='inclination_EM', latex_label='$\\iota$', unit=None, boundary=None)
11:43 INFO    : log10_mej_dyn=Uniform(minimum=-3.0, maximum=-1.0, name='log10_mej_dyn', latex_label='$\\log_{10}M^{\\rm{dyn}}_{\\rm{ej}}$', unit=None, boundary='reflective')
11:43 INFO    : log10_mej_dyn=Uniform(minimum=-3.0, maximum=-1.0, name='log10_mej_dyn', latex_label='$\\log_{10}M^{\\rm{dyn}}_{\\rm{ej}}$', unit=None, boundary='reflective')
11:43 INFO    : timeshift=0.0
11:43 INFO    : log10_mej_dyn=Uniform(minimum=-3.0, maximum=-1.0, name='log10_mej_dyn', latex_label='$\\log_{10}M^{\\rm{dyn}}_{\\rm{ej}}$', unit=None, boundary='reflective')
11:43 INFO    : log10_mej_wind=Uniform(minimum=-3.0, maximum=-0.5, name='log10_mej_wind', latex_label='$\\log_{10}M^{\\rm{wind}}_{\\rm{ej}}$', unit=None, boundary='reflective')
11:43 INFO    : em_syserr=1.0
11:43 INFO    : luminosity_distance=LogUniform(minimum=1, maximum=500, name='luminosity_distance', latex_label='$D_L$', unit=None, boundary=None)
11:43 INFO    : luminosity_distance=LogUniform(minimum=1, maximum=500, name='luminosity_distance', latex_label='$D_L$', unit=None, boundary=None)
11:43 INFO    : luminosity_distance=LogUniform(minimum=1, maximum=500, name='luminosity_distance', latex_label='$D_L$', unit=None, boundary=None)
11:43 INFO    : KNphi=Uniform(minimum=15.0, maximum=75.0, name='KNphi', latex_label='$\\Phi$', unit=None, boundary=None)
11:43 INFO    : em_syserr=1.0
11:43 INFO    : log10_mej_wind=Uniform(minimum=-3.0, maximum=-0.5, name='log10_mej_wind', latex_label='$\\log_{10}M^{\\rm{wind}}_{\\rm{ej}}$', unit=None, boundary='reflective')
11:43 INFO    : inclination_EM=Sine(minimum=0.0, maximum=1.5707963267948966, name='inclination_EM', latex_label='$\\iota$', unit=None, boundary=None)
11:43 INFO    : timeshift=0.0
11:43 INFO    : em_syserr=1.0
11:43 INFO    : inclination_EM=Sine(minimum=0.0, maximum=1.5707963267948966, name='inclination_EM', latex_label='$\\iota$', unit=None, boundary=None)
11:43 INFO    : inclination_EM=Sine(minimum=0.0, maximum=1.5707963267948966, name='inclination_EM', latex_label='$\\iota$', unit=None, boundary=None)
11:43 INFO    : Ebv=0.0
11:43 INFO    : log10_mej_wind=Uniform(minimum=-3.0, maximum=-0.5, name='log10_mej_wind', latex_label='$\\log_{10}M^{\\rm{wind}}_{\\rm{ej}}$', unit=None, boundary='reflective')
11:43 INFO    : timeshift=0.0
11:43 INFO    : timeshift=0.0
11:43 INFO    : timeshift=0.0
11:43 INFO    : Ebv=0.0
11:43 INFO    : log10_mej_wind=Uniform(minimum=-3.0, maximum=-0.5, name='log10_mej_wind', latex_label='$\\log_{10}M^{\\rm{wind}}_{\\rm{ej}}$', unit=None, boundary='reflective')
11:43 INFO    : log10_mej_dyn=Uniform(minimum=-3.0, maximum=-1.0, name='log10_mej_dyn', latex_label='$\\log_{10}M^{\\rm{dyn}}_{\\rm{ej}}$', unit=None, boundary='reflective')
11:43 INFO    : luminosity_distance=LogUniform(minimum=1, maximum=500, name='luminosity_distance', latex_label='$D_L$', unit=None, boundary=None)
11:43 INFO    : luminosity_distance=LogUniform(minimum=1, maximum=500, name='luminosity_distance', latex_label='$D_L$', unit=None, boundary=None)
11:43 INFO    : em_syserr=1.0
11:43 INFO    : inclination_EM=Sine(minimum=0.0, maximum=1.5707963267948966, name='inclination_EM', latex_label='$\\iota$', unit=None, boundary=None)
11:43 INFO    : Ebv=0.0
11:43 INFO    : Analysis likelihood class: <class 'nmma.em.likelihood.OpticalLightCurve'>
11:43 INFO    : log10_mej_wind=Uniform(minimum=-3.0, maximum=-0.5, name='log10_mej_wind', latex_label='$\\log_{10}M^{\\rm{wind}}_{\\rm{ej}}$', unit=None, boundary='reflective')
11:43 INFO    : em_syserr=1.0
11:43 INFO    : em_syserr=1.0
11:43 INFO    : em_syserr=1.0
11:43 INFO    : Analysis likelihood class: <class 'nmma.em.likelihood.OpticalLightCurve'>
11:43 INFO    : log10_mej_wind=Uniform(minimum=-3.0, maximum=-0.5, name='log10_mej_wind', latex_label='$\\log_{10}M^{\\rm{wind}}_{\\rm{ej}}$', unit=None, boundary='reflective')
11:43 INFO    : Ebv=0.0
11:43 INFO    : luminosity_distance=LogUniform(minimum=1, maximum=500, name='luminosity_distance', latex_label='$D_L$', unit=None, boundary=None)
11:43 INFO    : timeshift=0.0
11:43 INFO    : timeshift=0.0
11:43 INFO    : luminosity_distance=LogUniform(minimum=1, maximum=500, name='luminosity_distance', latex_label='$D_L$', unit=None, boundary=None)
11:43 INFO    : log10_mej_wind=Uniform(minimum=-3.0, maximum=-0.5, name='log10_mej_wind', latex_label='$\\log_{10}M^{\\rm{wind}}_{\\rm{ej}}$', unit=None, boundary='reflective')
11:43 INFO    : Analysis likelihood class: <class 'nmma.em.likelihood.OpticalLightCurve'>
11:43 INFO    : Analysis likelihood noise evidence: 0.0
11:43 INFO    : log10_mej_wind=Uniform(minimum=-3.0, maximum=-0.5, name='log10_mej_wind', latex_label='$\\log_{10}M^{\\rm{wind}}_{\\rm{ej}}$', unit=None, boundary='reflective')
11:43 INFO    : log10_mej_wind=Uniform(minimum=-3.0, maximum=-0.5, name='log10_mej_wind', latex_label='$\\log_{10}M^{\\rm{wind}}_{\\rm{ej}}$', unit=None, boundary='reflective')
11:43 INFO    : Ebv=0.0
11:43 INFO    : Ebv=0.0
11:43 INFO    : luminosity_distance=LogUniform(minimum=1, maximum=500, name='luminosity_distance', latex_label='$D_L$', unit=None, boundary=None)
11:43 INFO    : luminosity_distance=LogUniform(minimum=1, maximum=500, name='luminosity_distance', latex_label='$D_L$', unit=None, boundary=None)
11:43 INFO    : Ebv=0.0
11:43 INFO    : luminosity_distance=LogUniform(minimum=1, maximum=500, name='luminosity_distance', latex_label='$D_L$', unit=None, boundary=None)
11:43 INFO    : Analysis likelihood noise evidence: 0.0
11:43 INFO    : inclination_EM=Sine(minimum=0.0, maximum=1.5707963267948966, name='inclination_EM', latex_label='$\\iota$', unit=None, boundary=None)
11:43 INFO    : Analysis likelihood class: <class 'nmma.em.likelihood.OpticalLightCurve'>
11:43 INFO    : em_syserr=1.0
11:43 INFO    : em_syserr=1.0
11:43 INFO    : log10_mej_dyn=Uniform(minimum=-3.0, maximum=-1.0, name='log10_mej_dyn', latex_label='$\\log_{10}M^{\\rm{dyn}}_{\\rm{ej}}$', unit=None, boundary='reflective')
11:43 INFO    : timeshift=0.0
11:43 INFO    : Analysis likelihood noise evidence: 0.0
11:43 INFO    : timeshift=0.0
11:43 INFO    : Analysis likelihood class: <class 'nmma.em.likelihood.OpticalLightCurve'>
11:43 INFO    : Analysis likelihood class: <class 'nmma.em.likelihood.OpticalLightCurve'>
11:43 INFO    : inclination_EM=Sine(minimum=0.0, maximum=1.5707963267948966, name='inclination_EM', latex_label='$\\iota$', unit=None, boundary=None)
11:43 INFO    : luminosity_distance=LogUniform(minimum=1, maximum=500, name='luminosity_distance', latex_label='$D_L$', unit=None, boundary=None)
11:43 INFO    : luminosity_distance=LogUniform(minimum=1, maximum=500, name='luminosity_distance', latex_label='$D_L$', unit=None, boundary=None)
11:43 INFO    : timeshift=0.0
11:43 INFO    : timeshift=0.0
11:43 INFO    : Analysis likelihood class: <class 'nmma.em.likelihood.OpticalLightCurve'>
11:43 INFO    : luminosity_distance=LogUniform(minimum=1, maximum=500, name='luminosity_distance', latex_label='$D_L$', unit=None, boundary=None)
11:43 INFO    : inclination_EM=Sine(minimum=0.0, maximum=1.5707963267948966, name='inclination_EM', latex_label='$\\iota$', unit=None, boundary=None)
11:43 INFO    : Ebv=0.0
11:43 INFO    : Ebv=0.0
11:43 INFO    : Analysis likelihood noise evidence: 0.0
11:43 INFO    : timeshift=0.0
11:43 INFO    : log10_mej_wind=Uniform(minimum=-3.0, maximum=-0.5, name='log10_mej_wind', latex_label='$\\log_{10}M^{\\rm{wind}}_{\\rm{ej}}$', unit=None, boundary='reflective')
11:43 INFO    : em_syserr=1.0
11:43 INFO    : em_syserr=1.0
11:43 INFO    : inclination_EM=Sine(minimum=0.0, maximum=1.5707963267948966, name='inclination_EM', latex_label='$\\iota$', unit=None, boundary=None)
11:43 INFO    : Analysis likelihood noise evidence: 0.0
11:43 INFO    : em_syserr=1.0
11:43 INFO    : Analysis likelihood noise evidence: 0.0
11:43 INFO    : em_syserr=1.0
11:43 INFO    : timeshift=0.0
11:43 INFO    : timeshift=0.0
11:43 INFO    : Analysis likelihood class: <class 'nmma.em.likelihood.OpticalLightCurve'>
11:43 INFO    : Analysis likelihood noise evidence: 0.0
11:43 INFO    : luminosity_distance=LogUniform(minimum=1, maximum=500, name='luminosity_distance', latex_label='$D_L$', unit=None, boundary=None)
11:43 INFO    : inclination_EM=Sine(minimum=0.0, maximum=1.5707963267948966, name='inclination_EM', latex_label='$\\iota$', unit=None, boundary=None)
11:43 INFO    : Analysis likelihood class: <class 'nmma.em.likelihood.OpticalLightCurve'>
11:43 INFO    : timeshift=0.0
11:43 INFO    : inclination_EM=Sine(minimum=0.0, maximum=1.5707963267948966, name='inclination_EM', latex_label='$\\iota$', unit=None, boundary=None)
11:43 INFO    : em_syserr=1.0
11:43 INFO    : Ebv=0.0
11:43 INFO    : Ebv=0.0
11:43 INFO    : Ebv=0.0
11:43 INFO    : Ebv=0.0
11:43 INFO    : em_syserr=1.0
11:43 INFO    : inclination_EM=Sine(minimum=0.0, maximum=1.5707963267948966, name='inclination_EM', latex_label='$\\iota$', unit=None, boundary=None)
11:43 INFO    : inclination_EM=Sine(minimum=0.0, maximum=1.5707963267948966, name='inclination_EM', latex_label='$\\iota$', unit=None, boundary=None)
11:43 INFO    : em_syserr=1.0
11:43 INFO    : Analysis likelihood noise evidence: 0.0
11:43 INFO    : log10_mej_wind=Uniform(minimum=-3.0, maximum=-0.5, name='log10_mej_wind', latex_label='$\\log_{10}M^{\\rm{wind}}_{\\rm{ej}}$', unit=None, boundary='reflective')
11:43 INFO    : inclination_EM=Sine(minimum=0.0, maximum=1.5707963267948966, name='inclination_EM', latex_label='$\\iota$', unit=None, boundary=None)
11:43 INFO    : luminosity_distance=LogUniform(minimum=1, maximum=500, name='luminosity_distance', latex_label='$D_L$', unit=None, boundary=None)
11:43 INFO    : em_syserr=1.0
11:43 INFO    : Analysis likelihood noise evidence: 0.0
11:43 INFO    : timeshift=0.0
11:43 INFO    : Ebv=0.0
11:43 INFO    : Analysis likelihood class: <class 'nmma.em.likelihood.OpticalLightCurve'>
11:43 INFO    : Analysis likelihood class: <class 'nmma.em.likelihood.OpticalLightCurve'>
11:43 INFO    : Analysis likelihood class: <class 'nmma.em.likelihood.OpticalLightCurve'>
11:43 INFO    : Ebv=0.0
11:43 INFO    : Analysis likelihood class: <class 'nmma.em.likelihood.OpticalLightCurve'>
11:43 INFO    : Ebv=0.0
11:43 INFO    : luminosity_distance=LogUniform(minimum=1, maximum=500, name='luminosity_distance', latex_label='$D_L$', unit=None, boundary=None)
11:43 INFO    : Ebv=0.0
11:43 INFO    : timeshift=0.0
11:43 INFO    : luminosity_distance=LogUniform(minimum=1, maximum=500, name='luminosity_distance', latex_label='$D_L$', unit=None, boundary=None)
11:43 INFO    : em_syserr=1.0
11:43 INFO    : Analysis likelihood class: <class 'nmma.em.likelihood.OpticalLightCurve'>
11:43 INFO    : Analysis likelihood class: <class 'nmma.em.likelihood.OpticalLightCurve'>
11:43 INFO    : Analysis likelihood noise evidence: 0.0
11:43 INFO    : Analysis likelihood noise evidence: 0.0
11:43 INFO    : Analysis likelihood noise evidence: 0.0
11:43 INFO    : Analysis likelihood noise evidence: 0.0
11:43 INFO    : Analysis likelihood class: <class 'nmma.em.likelihood.OpticalLightCurve'>
11:43 INFO    : luminosity_distance=LogUniform(minimum=1, maximum=500, name='luminosity_distance', latex_label='$D_L$', unit=None, boundary=None)
11:43 INFO    : timeshift=0.0
11:43 INFO    : inclination_EM=Sine(minimum=0.0, maximum=1.5707963267948966, name='inclination_EM', latex_label='$\\iota$', unit=None, boundary=None)
11:43 INFO    : Analysis likelihood class: <class 'nmma.em.likelihood.OpticalLightCurve'>
11:43 INFO    : em_syserr=1.0
11:43 INFO    : Ebv=0.0
11:43 INFO    : timeshift=0.0
11:43 INFO    : Analysis likelihood noise evidence: 0.0
11:43 INFO    : Analysis likelihood noise evidence: 0.0
11:43 INFO    : luminosity_distance=LogUniform(minimum=1, maximum=500, name='luminosity_distance', latex_label='$D_L$', unit=None, boundary=None)
11:43 INFO    : Analysis likelihood noise evidence: 0.0
11:43 INFO    : luminosity_distance=LogUniform(minimum=1, maximum=500, name='luminosity_distance', latex_label='$D_L$', unit=None, boundary=None)
11:43 INFO    : em_syserr=1.0
11:43 INFO    : timeshift=0.0
11:43 INFO    : luminosity_distance=LogUniform(minimum=1, maximum=500, name='luminosity_distance', latex_label='$D_L$', unit=None, boundary=None)
11:43 INFO    : Ebv=0.0
11:43 INFO    : Analysis likelihood noise evidence: 0.0
11:43 INFO    : luminosity_distance=LogUniform(minimum=1, maximum=500, name='luminosity_distance', latex_label='$D_L$', unit=None, boundary=None)
11:43 INFO    : em_syserr=1.0
11:43 INFO    : inclination_EM=Sine(minimum=0.0, maximum=1.5707963267948966, name='inclination_EM', latex_label='$\\iota$', unit=None, boundary=None)
11:43 INFO    : Analysis likelihood class: <class 'nmma.em.likelihood.OpticalLightCurve'>
11:43 INFO    : luminosity_distance=LogUniform(minimum=1, maximum=500, name='luminosity_distance', latex_label='$D_L$', unit=None, boundary=None)
11:43 INFO    : timeshift=0.0
11:43 INFO    : Ebv=0.0
11:43 INFO    : em_syserr=1.0
11:43 INFO    : timeshift=0.0
11:43 INFO    : Analysis likelihood class: <class 'nmma.em.likelihood.OpticalLightCurve'>
11:43 INFO    : timeshift=0.0
11:43 INFO    : Ebv=0.0
11:43 INFO    : timeshift=0.0
11:43 INFO    : em_syserr=1.0
11:43 INFO    : Analysis likelihood noise evidence: 0.0
11:43 INFO    : Ebv=0.0
11:43 INFO    : em_syserr=1.0
11:43 INFO    : Analysis likelihood class: <class 'nmma.em.likelihood.OpticalLightCurve'>
11:43 INFO    : timeshift=0.0
11:43 INFO    : em_syserr=1.0
11:43 INFO    : Analysis likelihood noise evidence: 0.0
11:43 INFO    : em_syserr=1.0
11:43 INFO    : Analysis likelihood class: <class 'nmma.em.likelihood.OpticalLightCurve'>
11:43 INFO    : Ebv=0.0
11:43 INFO    : Ebv=0.0
11:43 INFO    : luminosity_distance=LogUniform(minimum=1, maximum=500, name='luminosity_distance', latex_label='$D_L$', unit=None, boundary=None)
11:43 INFO    : Analysis likelihood class: <class 'nmma.em.likelihood.OpticalLightCurve'>
11:43 INFO    : em_syserr=1.0
11:43 INFO    : Analysis likelihood noise evidence: 0.0
11:43 INFO    : Ebv=0.0
11:43 INFO    : Ebv=0.0
11:43 INFO    : Analysis likelihood noise evidence: 0.0
11:43 INFO    : Analysis likelihood class: <class 'nmma.em.likelihood.OpticalLightCurve'>
11:43 INFO    : Analysis likelihood class: <class 'nmma.em.likelihood.OpticalLightCurve'>
11:43 INFO    : Ebv=0.0
11:43 INFO    : timeshift=0.0
11:43 INFO    : Analysis likelihood noise evidence: 0.0
11:43 INFO    : Analysis likelihood class: <class 'nmma.em.likelihood.OpticalLightCurve'>
11:43 INFO    : Analysis likelihood class: <class 'nmma.em.likelihood.OpticalLightCurve'>
11:43 INFO    : luminosity_distance=LogUniform(minimum=1, maximum=500, name='luminosity_distance', latex_label='$D_L$', unit=None, boundary=None)
11:43 INFO    : Analysis likelihood noise evidence: 0.0
11:43 INFO    : Analysis likelihood class: <class 'nmma.em.likelihood.OpticalLightCurve'>
11:43 INFO    : Analysis likelihood noise evidence: 0.0
11:43 INFO    : em_syserr=1.0
11:43 INFO    : Analysis likelihood noise evidence: 0.0
11:43 INFO    : timeshift=0.0
11:43 INFO    : Analysis likelihood noise evidence: 0.0
11:43 INFO    : Analysis likelihood noise evidence: 0.0
11:43 INFO    : Ebv=0.0
11:43 INFO    : em_syserr=1.0
11:43 INFO    : Analysis likelihood class: <class 'nmma.em.likelihood.OpticalLightCurve'>
11:43 INFO    : Ebv=0.0
11:43 INFO    : Analysis likelihood noise evidence: 0.0
11:43 INFO    : Analysis likelihood class: <class 'nmma.em.likelihood.OpticalLightCurve'>
11:43 INFO    : Analysis likelihood noise evidence: 0.0
11:43 INFO    : Analysis priors:
11:43 INFO    : Analysis priors:
11:43 INFO    : KNphi=Uniform(minimum=15.0, maximum=75.0, name='KNphi', latex_label='$\\Phi$', unit=None, boundary=None)
11:43 INFO    : KNphi=Uniform(minimum=15.0, maximum=75.0, name='KNphi', latex_label='$\\Phi$', unit=None, boundary=None)
11:43 INFO    : log10_mej_dyn=Uniform(minimum=-3.0, maximum=-1.0, name='log10_mej_dyn', latex_label='$\\log_{10}M^{\\rm{dyn}}_{\\rm{ej}}$', unit=None, boundary='reflective')
11:43 INFO    : log10_mej_wind=Uniform(minimum=-3.0, maximum=-0.5, name='log10_mej_wind', latex_label='$\\log_{10}M^{\\rm{wind}}_{\\rm{ej}}$', unit=None, boundary='reflective')
11:43 INFO    : log10_mej_dyn=Uniform(minimum=-3.0, maximum=-1.0, name='log10_mej_dyn', latex_label='$\\log_{10}M^{\\rm{dyn}}_{\\rm{ej}}$', unit=None, boundary='reflective')
11:43 INFO    : inclination_EM=Sine(minimum=0.0, maximum=1.5707963267948966, name='inclination_EM', latex_label='$\\iota$', unit=None, boundary=None)
11:43 INFO    : luminosity_distance=LogUniform(minimum=1, maximum=500, name='luminosity_distance', latex_label='$D_L$', unit=None, boundary=None)
11:43 INFO    : timeshift=0.0
11:43 INFO    : log10_mej_wind=Uniform(minimum=-3.0, maximum=-0.5, name='log10_mej_wind', latex_label='$\\log_{10}M^{\\rm{wind}}_{\\rm{ej}}$', unit=None, boundary='reflective')
11:43 INFO    : inclination_EM=Sine(minimum=0.0, maximum=1.5707963267948966, name='inclination_EM', latex_label='$\\iota$', unit=None, boundary=None)
11:43 INFO    : luminosity_distance=LogUniform(minimum=1, maximum=500, name='luminosity_distance', latex_label='$D_L$', unit=None, boundary=None)
11:43 INFO    : timeshift=0.0
11:43 INFO    : em_syserr=1.0
11:43 INFO    : Ebv=0.0
11:43 INFO    : Analysis likelihood class: <class 'nmma.em.likelihood.OpticalLightCurve'>
11:43 INFO    : Analysis likelihood noise evidence: 0.0
11:43 INFO    : em_syserr=1.0
11:43 INFO    : Ebv=0.0
11:43 INFO    : Analysis likelihood class: <class 'nmma.em.likelihood.OpticalLightCurve'>
11:43 INFO    : Analysis likelihood noise evidence: 0.0
11:43 INFO    : Analysis priors:
11:43 INFO    : KNphi=Uniform(minimum=15.0, maximum=75.0, name='KNphi', latex_label='$\\Phi$', unit=None, boundary=None)
11:43 INFO    : log10_mej_dyn=Uniform(minimum=-3.0, maximum=-1.0, name='log10_mej_dyn', latex_label='$\\log_{10}M^{\\rm{dyn}}_{\\rm{ej}}$', unit=None, boundary='reflective')
11:43 INFO    : log10_mej_wind=Uniform(minimum=-3.0, maximum=-0.5, name='log10_mej_wind', latex_label='$\\log_{10}M^{\\rm{wind}}_{\\rm{ej}}$', unit=None, boundary='reflective')
11:43 INFO    : inclination_EM=Sine(minimum=0.0, maximum=1.5707963267948966, name='inclination_EM', latex_label='$\\iota$', unit=None, boundary=None)
11:43 INFO    : luminosity_distance=LogUniform(minimum=1, maximum=500, name='luminosity_distance', latex_label='$D_L$', unit=None, boundary=None)
11:43 INFO    : timeshift=0.0
11:43 INFO    : em_syserr=1.0
11:43 INFO    : Ebv=0.0
11:43 INFO    : Analysis likelihood class: <class 'nmma.em.likelihood.OpticalLightCurve'>
11:43 INFO    : Analysis likelihood noise evidence: 0.0
11:43 INFO    : Single likelihood evaluation took 2.660e-01 s
11:43 INFO    : Single likelihood evaluation took 2.665e-01 s
11:43 INFO    : Single likelihood evaluation took 2.665e-01 s
11:43 INFO    : Single likelihood evaluation took 2.668e-01 s
11:43 INFO    : Single likelihood evaluation took 2.669e-01 s
11:43 INFO    : Single likelihood evaluation took 2.670e-01 s
11:43 INFO    : Single likelihood evaluation took 2.670e-01 s
11:43 INFO    : Single likelihood evaluation took 2.681e-01 s
11:43 INFO    : Single likelihood evaluation took 2.686e-01 s
11:43 INFO    : Single likelihood evaluation took 2.686e-01 s
11:43 INFO    : Single likelihood evaluation took 2.686e-01 s
11:43 INFO    : Single likelihood evaluation took 2.687e-01 s
11:43 WARNING : Supplied argument 'queue_size' not an argument of 'Pymultinest', removing.
11:43 WARNING : Supplied argument 'check_point_delta_t' not an argument of 'Pymultinest', removing.
11:43 INFO    : Using sampler Pymultinest with kwargs {'importance_nested_sampling': False, 'resume': True, 'verbose': True, 'sampling_efficiency': 'parameter', 'n_live_points': 2048, 'n_params': 5, 'n_clustering_params': None, 'wrapped_params': None, 'multimodal': True, 'const_efficiency_mode': False, 'evidence_tolerance': 0.5, 'n_iter_before_update': 100, 'null_log_evidence': -1e+90, 'max_modes': 100, 'mode_tolerance': -1e+90, 'seed': 42, 'context': 0, 'write_output': True, 'log_zero': -1e+100, 'max_iter': 0, 'init_MPI': False, 'dump_callback': <bound method Pymultinest._dump_callback of <bilby.core.sampler.pymultinest.Pymultinest object at 0x155500fc0dc0>>}
11:43 INFO    : Temporary directory incompatible with MPI, will run in original directory
11:43 INFO    : Single likelihood evaluation took 2.688e-01 s
11:43 INFO    : Single likelihood evaluation took 2.688e-01 s
11:43 INFO    : Single likelihood evaluation took 2.690e-01 s
11:43 INFO    : Single likelihood evaluation took 2.691e-01 s
11:43 INFO    : Single likelihood evaluation took 2.692e-01 s
11:43 WARNING : Supplied argument 'queue_size' not an argument of 'Pymultinest', removing.
11:43 WARNING : Supplied argument 'check_point_delta_t' not an argument of 'Pymultinest', removing.
11:43 WARNING : Supplied argument 'queue_size' not an argument of 'Pymultinest', removing.
11:43 WARNING : Supplied argument 'check_point_delta_t' not an argument of 'Pymultinest', removing.
11:43 WARNING : Supplied argument 'queue_size' not an argument of 'Pymultinest', removing.
11:43 WARNING : Supplied argument 'check_point_delta_t' not an argument of 'Pymultinest', removing.
11:43 WARNING : Supplied argument 'queue_size' not an argument of 'Pymultinest', removing.
11:43 WARNING : Supplied argument 'check_point_delta_t' not an argument of 'Pymultinest', removing.
11:43 WARNING : Supplied argument 'queue_size' not an argument of 'Pymultinest', removing.
11:43 WARNING : Supplied argument 'check_point_delta_t' not an argument of 'Pymultinest', removing.
11:43 INFO    : Single likelihood evaluation took 2.696e-01 s
11:43 INFO    : Single likelihood evaluation took 2.696e-01 s
11:43 WARNING : Supplied argument 'queue_size' not an argument of 'Pymultinest', removing.
11:43 WARNING : Supplied argument 'check_point_delta_t' not an argument of 'Pymultinest', removing.
11:43 INFO    : Using sampler Pymultinest with kwargs {'importance_nested_sampling': False, 'resume': True, 'verbose': True, 'sampling_efficiency': 'parameter', 'n_live_points': 2048, 'n_params': 5, 'n_clustering_params': None, 'wrapped_params': None, 'multimodal': True, 'const_efficiency_mode': False, 'evidence_tolerance': 0.5, 'n_iter_before_update': 100, 'null_log_evidence': -1e+90, 'max_modes': 100, 'mode_tolerance': -1e+90, 'seed': 42, 'context': 0, 'write_output': True, 'log_zero': -1e+100, 'max_iter': 0, 'init_MPI': False, 'dump_callback': <bound method Pymultinest._dump_callback of <bilby.core.sampler.pymultinest.Pymultinest object at 0x155500fc0e20>>}
11:43 INFO    : Using sampler Pymultinest with kwargs {'importance_nested_sampling': False, 'resume': True, 'verbose': True, 'sampling_efficiency': 'parameter', 'n_live_points': 2048, 'n_params': 5, 'n_clustering_params': None, 'wrapped_params': None, 'multimodal': True, 'const_efficiency_mode': False, 'evidence_tolerance': 0.5, 'n_iter_before_update': 100, 'null_log_evidence': -1e+90, 'max_modes': 100, 'mode_tolerance': -1e+90, 'seed': 42, 'context': 0, 'write_output': True, 'log_zero': -1e+100, 'max_iter': 0, 'init_MPI': False, 'dump_callback': <bound method Pymultinest._dump_callback of <bilby.core.sampler.pymultinest.Pymultinest object at 0x155500fc4af0>>}
11:43 INFO    : Using sampler Pymultinest with kwargs {'importance_nested_sampling': False, 'resume': True, 'verbose': True, 'sampling_efficiency': 'parameter', 'n_live_points': 2048, 'n_params': 5, 'n_clustering_params': None, 'wrapped_params': None, 'multimodal': True, 'const_efficiency_mode': False, 'evidence_tolerance': 0.5, 'n_iter_before_update': 100, 'null_log_evidence': -1e+90, 'max_modes': 100, 'mode_tolerance': -1e+90, 'seed': 42, 'context': 0, 'write_output': True, 'log_zero': -1e+100, 'max_iter': 0, 'init_MPI': False, 'dump_callback': <bound method Pymultinest._dump_callback of <bilby.core.sampler.pymultinest.Pymultinest object at 0x155500fc51b0>>}
11:43 INFO    : Using sampler Pymultinest with kwargs {'importance_nested_sampling': False, 'resume': True, 'verbose': True, 'sampling_efficiency': 'parameter', 'n_live_points': 2048, 'n_params': 5, 'n_clustering_params': None, 'wrapped_params': None, 'multimodal': True, 'const_efficiency_mode': False, 'evidence_tolerance': 0.5, 'n_iter_before_update': 100, 'null_log_evidence': -1e+90, 'max_modes': 100, 'mode_tolerance': -1e+90, 'seed': 42, 'context': 0, 'write_output': True, 'log_zero': -1e+100, 'max_iter': 0, 'init_MPI': False, 'dump_callback': <bound method Pymultinest._dump_callback of <bilby.core.sampler.pymultinest.Pymultinest object at 0x155500fc5480>>}
11:43 INFO    : Using output file outdirBNSBu32cores/pm_Simu2019lm/
11:43 INFO    : Using sampler Pymultinest with kwargs {'importance_nested_sampling': False, 'resume': True, 'verbose': True, 'sampling_efficiency': 'parameter', 'n_live_points': 2048, 'n_params': 5, 'n_clustering_params': None, 'wrapped_params': None, 'multimodal': True, 'const_efficiency_mode': False, 'evidence_tolerance': 0.5, 'n_iter_before_update': 100, 'null_log_evidence': -1e+90, 'max_modes': 100, 'mode_tolerance': -1e+90, 'seed': 42, 'context': 0, 'write_output': True, 'log_zero': -1e+100, 'max_iter': 0, 'init_MPI': False, 'dump_callback': <bound method Pymultinest._dump_callback of <bilby.core.sampler.pymultinest.Pymultinest object at 0x155500fc0f10>>}
11:43 INFO    : Temporary directory incompatible with MPI, will run in original directory
11:43 INFO    : Temporary directory incompatible with MPI, will run in original directory
11:43 INFO    : Using sampler Pymultinest with kwargs {'importance_nested_sampling': False, 'resume': True, 'verbose': True, 'sampling_efficiency': 'parameter', 'n_live_points': 2048, 'n_params': 5, 'n_clustering_params': None, 'wrapped_params': None, 'multimodal': True, 'const_efficiency_mode': False, 'evidence_tolerance': 0.5, 'n_iter_before_update': 100, 'null_log_evidence': -1e+90, 'max_modes': 100, 'mode_tolerance': -1e+90, 'seed': 42, 'context': 0, 'write_output': True, 'log_zero': -1e+100, 'max_iter': 0, 'init_MPI': False, 'dump_callback': <bound method Pymultinest._dump_callback of <bilby.core.sampler.pymultinest.Pymultinest object at 0x155500fbcb80>>}
11:43 INFO    : Temporary directory incompatible with MPI, will run in original directory
11:43 INFO    : Temporary directory incompatible with MPI, will run in original directory
11:43 INFO    : Using output file outdirBNSBu32cores/pm_Simu2019lm/
11:43 INFO    : Using output file outdirBNSBu32cores/pm_Simu2019lm/
11:43 INFO    : Using output file outdirBNSBu32cores/pm_Simu2019lm/
11:43 INFO    : Temporary directory incompatible with MPI, will run in original directory
11:43 INFO    : Temporary directory incompatible with MPI, will run in original directory
11:43 INFO    : Using output file outdirBNSBu32cores/pm_Simu2019lm/
11:43 INFO    : Using output file outdirBNSBu32cores/pm_Simu2019lm/
11:43 INFO    : Using output file outdirBNSBu32cores/pm_Simu2019lm/
11:43 INFO    : Single likelihood evaluation took 2.699e-01 s
11:43 WARNING : Supplied argument 'queue_size' not an argument of 'Pymultinest', removing.
11:43 WARNING : Supplied argument 'check_point_delta_t' not an argument of 'Pymultinest', removing.
11:43 INFO    : Using sampler Pymultinest with kwargs {'importance_nested_sampling': False, 'resume': True, 'verbose': True, 'sampling_efficiency': 'parameter', 'n_live_points': 2048, 'n_params': 5, 'n_clustering_params': None, 'wrapped_params': None, 'multimodal': True, 'const_efficiency_mode': False, 'evidence_tolerance': 0.5, 'n_iter_before_update': 100, 'null_log_evidence': -1e+90, 'max_modes': 100, 'mode_tolerance': -1e+90, 'seed': 42, 'context': 0, 'write_output': True, 'log_zero': -1e+100, 'max_iter': 0, 'init_MPI': False, 'dump_callback': <bound method Pymultinest._dump_callback of <bilby.core.sampler.pymultinest.Pymultinest object at 0x155500fc0ca0>>}
11:43 INFO    : Temporary directory incompatible with MPI, will run in original directory
11:43 INFO    : Using output file outdirBNSBu32cores/pm_Simu2019lm/
11:43 WARNING : Supplied argument 'queue_size' not an argument of 'Pymultinest', removing.
11:43 WARNING : Supplied argument 'check_point_delta_t' not an argument of 'Pymultinest', removing.
11:43 INFO    : Using sampler Pymultinest with kwargs {'importance_nested_sampling': False, 'resume': True, 'verbose': True, 'sampling_efficiency': 'parameter', 'n_live_points': 2048, 'n_params': 5, 'n_clustering_params': None, 'wrapped_params': None, 'multimodal': True, 'const_efficiency_mode': False, 'evidence_tolerance': 0.5, 'n_iter_before_update': 100, 'null_log_evidence': -1e+90, 'max_modes': 100, 'mode_tolerance': -1e+90, 'seed': 42, 'context': 0, 'write_output': True, 'log_zero': -1e+100, 'max_iter': 0, 'init_MPI': False, 'dump_callback': <bound method Pymultinest._dump_callback of <bilby.core.sampler.pymultinest.Pymultinest object at 0x155500fc2830>>}
11:43 WARNING : Supplied argument 'queue_size' not an argument of 'Pymultinest', removing.
11:43 INFO    : Temporary directory incompatible with MPI, will run in original directory
11:43 WARNING : Supplied argument 'check_point_delta_t' not an argument of 'Pymultinest', removing.
11:43 INFO    : Using sampler Pymultinest with kwargs {'importance_nested_sampling': False, 'resume': True, 'verbose': True, 'sampling_efficiency': 'parameter', 'n_live_points': 2048, 'n_params': 5, 'n_clustering_params': None, 'wrapped_params': None, 'multimodal': True, 'const_efficiency_mode': False, 'evidence_tolerance': 0.5, 'n_iter_before_update': 100, 'null_log_evidence': -1e+90, 'max_modes': 100, 'mode_tolerance': -1e+90, 'seed': 42, 'context': 0, 'write_output': True, 'log_zero': -1e+100, 'max_iter': 0, 'init_MPI': False, 'dump_callback': <bound method Pymultinest._dump_callback of <bilby.core.sampler.pymultinest.Pymultinest object at 0x155500fc0250>>}
11:43 INFO    : Using output file outdirBNSBu32cores/pm_Simu2019lm/
11:43 INFO    : Temporary directory incompatible with MPI, will run in original directory
11:43 INFO    : Using output file outdirBNSBu32cores/pm_Simu2019lm/
11:43 INFO    : Single likelihood evaluation took 2.704e-01 s
11:43 WARNING : Supplied argument 'queue_size' not an argument of 'Pymultinest', removing.
11:43 WARNING : Supplied argument 'check_point_delta_t' not an argument of 'Pymultinest', removing.
11:43 INFO    : Using sampler Pymultinest with kwargs {'importance_nested_sampling': False, 'resume': True, 'verbose': True, 'sampling_efficiency': 'parameter', 'n_live_points': 2048, 'n_params': 5, 'n_clustering_params': None, 'wrapped_params': None, 'multimodal': True, 'const_efficiency_mode': False, 'evidence_tolerance': 0.5, 'n_iter_before_update': 100, 'null_log_evidence': -1e+90, 'max_modes': 100, 'mode_tolerance': -1e+90, 'seed': 42, 'context': 0, 'write_output': True, 'log_zero': -1e+100, 'max_iter': 0, 'init_MPI': False, 'dump_callback': <bound method Pymultinest._dump_callback of <bilby.core.sampler.pymultinest.Pymultinest object at 0x155500fc57e0>>}
11:43 INFO    : Temporary directory incompatible with MPI, will run in original directory
11:43 INFO    : Using output file outdirBNSBu32cores/pm_Simu2019lm/
11:43 WARNING : Supplied argument 'queue_size' not an argument of 'Pymultinest', removing.
11:43 WARNING : Supplied argument 'check_point_delta_t' not an argument of 'Pymultinest', removing.
11:43 INFO    : Using sampler Pymultinest with kwargs {'importance_nested_sampling': False, 'resume': True, 'verbose': True, 'sampling_efficiency': 'parameter', 'n_live_points': 2048, 'n_params': 5, 'n_clustering_params': None, 'wrapped_params': None, 'multimodal': True, 'const_efficiency_mode': False, 'evidence_tolerance': 0.5, 'n_iter_before_update': 100, 'null_log_evidence': -1e+90, 'max_modes': 100, 'mode_tolerance': -1e+90, 'seed': 42, 'context': 0, 'write_output': True, 'log_zero': -1e+100, 'max_iter': 0, 'init_MPI': False, 'dump_callback': <bound method Pymultinest._dump_callback of <bilby.core.sampler.pymultinest.Pymultinest object at 0x155500fc2410>>}
11:43 INFO    : Temporary directory incompatible with MPI, will run in original directory
11:43 INFO    : Using output file outdirBNSBu32cores/pm_Simu2019lm/
11:43 INFO    : Single likelihood evaluation took 2.708e-01 s
11:43 INFO    : Single likelihood evaluation took 2.708e-01 s
11:43 WARNING : Supplied argument 'queue_size' not an argument of 'Pymultinest', removing.
11:43 WARNING : Supplied argument 'check_point_delta_t' not an argument of 'Pymultinest', removing.
11:43 INFO    : Using sampler Pymultinest with kwargs {'importance_nested_sampling': False, 'resume': True, 'verbose': True, 'sampling_efficiency': 'parameter', 'n_live_points': 2048, 'n_params': 5, 'n_clustering_params': None, 'wrapped_params': None, 'multimodal': True, 'const_efficiency_mode': False, 'evidence_tolerance': 0.5, 'n_iter_before_update': 100, 'null_log_evidence': -1e+90, 'max_modes': 100, 'mode_tolerance': -1e+90, 'seed': 42, 'context': 0, 'write_output': True, 'log_zero': -1e+100, 'max_iter': 0, 'init_MPI': False, 'dump_callback': <bound method Pymultinest._dump_callback of <bilby.core.sampler.pymultinest.Pymultinest object at 0x155500fc0e20>>}
11:43 INFO    : Temporary directory incompatible with MPI, will run in original directory
11:43 INFO    : Using output file outdirBNSBu32cores/pm_Simu2019lm/
11:43 WARNING : Supplied argument 'queue_size' not an argument of 'Pymultinest', removing.
11:43 WARNING : Supplied argument 'check_point_delta_t' not an argument of 'Pymultinest', removing.
11:43 INFO    : Using sampler Pymultinest with kwargs {'importance_nested_sampling': False, 'resume': True, 'verbose': True, 'sampling_efficiency': 'parameter', 'n_live_points': 2048, 'n_params': 5, 'n_clustering_params': None, 'wrapped_params': None, 'multimodal': True, 'const_efficiency_mode': False, 'evidence_tolerance': 0.5, 'n_iter_before_update': 100, 'null_log_evidence': -1e+90, 'max_modes': 100, 'mode_tolerance': -1e+90, 'seed': 42, 'context': 0, 'write_output': True, 'log_zero': -1e+100, 'max_iter': 0, 'init_MPI': False, 'dump_callback': <bound method Pymultinest._dump_callback of <bilby.core.sampler.pymultinest.Pymultinest object at 0x155500fc1210>>}
11:43 INFO    : Temporary directory incompatible with MPI, will run in original directory
11:43 INFO    : Using output file outdirBNSBu32cores/pm_Simu2019lm/
11:43 WARNING : Supplied argument 'queue_size' not an argument of 'Pymultinest', removing.
11:43 WARNING : Supplied argument 'queue_size' not an argument of 'Pymultinest', removing.
11:43 WARNING : Supplied argument 'check_point_delta_t' not an argument of 'Pymultinest', removing.
11:43 WARNING : Supplied argument 'check_point_delta_t' not an argument of 'Pymultinest', removing.
11:43 INFO    : Using sampler Pymultinest with kwargs {'importance_nested_sampling': False, 'resume': True, 'verbose': True, 'sampling_efficiency': 'parameter', 'n_live_points': 2048, 'n_params': 5, 'n_clustering_params': None, 'wrapped_params': None, 'multimodal': True, 'const_efficiency_mode': False, 'evidence_tolerance': 0.5, 'n_iter_before_update': 100, 'null_log_evidence': -1e+90, 'max_modes': 100, 'mode_tolerance': -1e+90, 'seed': 42, 'context': 0, 'write_output': True, 'log_zero': -1e+100, 'max_iter': 0, 'init_MPI': False, 'dump_callback': <bound method Pymultinest._dump_callback of <bilby.core.sampler.pymultinest.Pymultinest object at 0x155500fc1240>>}
11:43 INFO    : Using sampler Pymultinest with kwargs {'importance_nested_sampling': False, 'resume': True, 'verbose': True, 'sampling_efficiency': 'parameter', 'n_live_points': 2048, 'n_params': 5, 'n_clustering_params': None, 'wrapped_params': None, 'multimodal': True, 'const_efficiency_mode': False, 'evidence_tolerance': 0.5, 'n_iter_before_update': 100, 'null_log_evidence': -1e+90, 'max_modes': 100, 'mode_tolerance': -1e+90, 'seed': 42, 'context': 0, 'write_output': True, 'log_zero': -1e+100, 'max_iter': 0, 'init_MPI': False, 'dump_callback': <bound method Pymultinest._dump_callback of <bilby.core.sampler.pymultinest.Pymultinest object at 0x155500fc0a90>>}
11:43 INFO    : Temporary directory incompatible with MPI, will run in original directory
11:43 INFO    : Temporary directory incompatible with MPI, will run in original directory
11:43 INFO    : Using output file outdirBNSBu32cores/pm_Simu2019lm/
11:43 INFO    : Using output file outdirBNSBu32cores/pm_Simu2019lm/
11:43 INFO    : Single likelihood evaluation took 2.714e-01 s
11:43 WARNING : Supplied argument 'queue_size' not an argument of 'Pymultinest', removing.
11:43 WARNING : Supplied argument 'check_point_delta_t' not an argument of 'Pymultinest', removing.
11:43 INFO    : Using sampler Pymultinest with kwargs {'importance_nested_sampling': False, 'resume': True, 'verbose': True, 'sampling_efficiency': 'parameter', 'n_live_points': 2048, 'n_params': 5, 'n_clustering_params': None, 'wrapped_params': None, 'multimodal': True, 'const_efficiency_mode': False, 'evidence_tolerance': 0.5, 'n_iter_before_update': 100, 'null_log_evidence': -1e+90, 'max_modes': 100, 'mode_tolerance': -1e+90, 'seed': 42, 'context': 0, 'write_output': True, 'log_zero': -1e+100, 'max_iter': 0, 'init_MPI': False, 'dump_callback': <bound method Pymultinest._dump_callback of <bilby.core.sampler.pymultinest.Pymultinest object at 0x155500fc6860>>}
11:43 INFO    : Temporary directory incompatible with MPI, will run in original directory
11:43 INFO    : Using output file outdirBNSBu32cores/pm_Simu2019lm/
11:43 WARNING : Supplied argument 'queue_size' not an argument of 'Pymultinest', removing.
11:43 WARNING : Supplied argument 'check_point_delta_t' not an argument of 'Pymultinest', removing.
11:43 INFO    : Using sampler Pymultinest with kwargs {'importance_nested_sampling': False, 'resume': True, 'verbose': True, 'sampling_efficiency': 'parameter', 'n_live_points': 2048, 'n_params': 5, 'n_clustering_params': None, 'wrapped_params': None, 'multimodal': True, 'const_efficiency_mode': False, 'evidence_tolerance': 0.5, 'n_iter_before_update': 100, 'null_log_evidence': -1e+90, 'max_modes': 100, 'mode_tolerance': -1e+90, 'seed': 42, 'context': 0, 'write_output': True, 'log_zero': -1e+100, 'max_iter': 0, 'init_MPI': False, 'dump_callback': <bound method Pymultinest._dump_callback of <bilby.core.sampler.pymultinest.Pymultinest object at 0x155500fc0e80>>}
11:43 INFO    : Temporary directory incompatible with MPI, will run in original directory
11:43 INFO    : Using output file outdirBNSBu32cores/pm_Simu2019lm/
11:43 WARNING : Supplied argument 'queue_size' not an argument of 'Pymultinest', removing.
11:43 WARNING : Supplied argument 'check_point_delta_t' not an argument of 'Pymultinest', removing.
11:43 WARNING : Supplied argument 'queue_size' not an argument of 'Pymultinest', removing.
11:43 WARNING : Supplied argument 'queue_size' not an argument of 'Pymultinest', removing.
11:43 WARNING : Supplied argument 'check_point_delta_t' not an argument of 'Pymultinest', removing.
11:43 INFO    : Using sampler Pymultinest with kwargs {'importance_nested_sampling': False, 'resume': True, 'verbose': True, 'sampling_efficiency': 'parameter', 'n_live_points': 2048, 'n_params': 5, 'n_clustering_params': None, 'wrapped_params': None, 'multimodal': True, 'const_efficiency_mode': False, 'evidence_tolerance': 0.5, 'n_iter_before_update': 100, 'null_log_evidence': -1e+90, 'max_modes': 100, 'mode_tolerance': -1e+90, 'seed': 42, 'context': 0, 'write_output': True, 'log_zero': -1e+100, 'max_iter': 0, 'init_MPI': False, 'dump_callback': <bound method Pymultinest._dump_callback of <bilby.core.sampler.pymultinest.Pymultinest object at 0x155500fc2620>>}
11:43 WARNING : Supplied argument 'check_point_delta_t' not an argument of 'Pymultinest', removing.
11:43 INFO    : Using sampler Pymultinest with kwargs {'importance_nested_sampling': False, 'resume': True, 'verbose': True, 'sampling_efficiency': 'parameter', 'n_live_points': 2048, 'n_params': 5, 'n_clustering_params': None, 'wrapped_params': None, 'multimodal': True, 'const_efficiency_mode': False, 'evidence_tolerance': 0.5, 'n_iter_before_update': 100, 'null_log_evidence': -1e+90, 'max_modes': 100, 'mode_tolerance': -1e+90, 'seed': 42, 'context': 0, 'write_output': True, 'log_zero': -1e+100, 'max_iter': 0, 'init_MPI': False, 'dump_callback': <bound method Pymultinest._dump_callback of <bilby.core.sampler.pymultinest.Pymultinest object at 0x155500fc1c90>>}
11:43 INFO    : Using sampler Pymultinest with kwargs {'importance_nested_sampling': False, 'resume': True, 'verbose': True, 'sampling_efficiency': 'parameter', 'n_live_points': 2048, 'n_params': 5, 'n_clustering_params': None, 'wrapped_params': None, 'multimodal': True, 'const_efficiency_mode': False, 'evidence_tolerance': 0.5, 'n_iter_before_update': 100, 'null_log_evidence': -1e+90, 'max_modes': 100, 'mode_tolerance': -1e+90, 'seed': 42, 'context': 0, 'write_output': True, 'log_zero': -1e+100, 'max_iter': 0, 'init_MPI': False, 'dump_callback': <bound method Pymultinest._dump_callback of <bilby.core.sampler.pymultinest.Pymultinest object at 0x155500fc4df0>>}
11:43 INFO    : Temporary directory incompatible with MPI, will run in original directory
11:43 INFO    : Temporary directory incompatible with MPI, will run in original directory
11:43 INFO    : Temporary directory incompatible with MPI, will run in original directory
11:43 INFO    : Using output file outdirBNSBu32cores/pm_Simu2019lm/
11:43 INFO    : Using output file outdirBNSBu32cores/pm_Simu2019lm/
11:43 INFO    : Using output file outdirBNSBu32cores/pm_Simu2019lm/
11:43 WARNING : Supplied argument 'queue_size' not an argument of 'Pymultinest', removing.
11:43 WARNING : Supplied argument 'check_point_delta_t' not an argument of 'Pymultinest', removing.
11:43 INFO    : Using sampler Pymultinest with kwargs {'importance_nested_sampling': False, 'resume': True, 'verbose': True, 'sampling_efficiency': 'parameter', 'n_live_points': 2048, 'n_params': 5, 'n_clustering_params': None, 'wrapped_params': None, 'multimodal': True, 'const_efficiency_mode': False, 'evidence_tolerance': 0.5, 'n_iter_before_update': 100, 'null_log_evidence': -1e+90, 'max_modes': 100, 'mode_tolerance': -1e+90, 'seed': 42, 'context': 0, 'write_output': True, 'log_zero': -1e+100, 'max_iter': 0, 'init_MPI': False, 'dump_callback': <bound method Pymultinest._dump_callback of <bilby.core.sampler.pymultinest.Pymultinest object at 0x155500fc6890>>}
11:43 INFO    : Temporary directory incompatible with MPI, will run in original directory
11:43 INFO    : Using output file outdirBNSBu32cores/pm_Simu2019lm/
11:43 INFO    : Single likelihood evaluation took 2.719e-01 s
11:43 WARNING : Supplied argument 'queue_size' not an argument of 'Pymultinest', removing.
11:43 WARNING : Supplied argument 'check_point_delta_t' not an argument of 'Pymultinest', removing.
11:43 INFO    : Using sampler Pymultinest with kwargs {'importance_nested_sampling': False, 'resume': True, 'verbose': True, 'sampling_efficiency': 'parameter', 'n_live_points': 2048, 'n_params': 5, 'n_clustering_params': None, 'wrapped_params': None, 'multimodal': True, 'const_efficiency_mode': False, 'evidence_tolerance': 0.5, 'n_iter_before_update': 100, 'null_log_evidence': -1e+90, 'max_modes': 100, 'mode_tolerance': -1e+90, 'seed': 42, 'context': 0, 'write_output': True, 'log_zero': -1e+100, 'max_iter': 0, 'init_MPI': False, 'dump_callback': <bound method Pymultinest._dump_callback of <bilby.core.sampler.pymultinest.Pymultinest object at 0x155500fc6980>>}
11:43 INFO    : Temporary directory incompatible with MPI, will run in original directory
11:43 WARNING : Supplied argument 'queue_size' not an argument of 'Pymultinest', removing.
11:43 WARNING : Supplied argument 'check_point_delta_t' not an argument of 'Pymultinest', removing.
11:43 INFO    : Using output file outdirBNSBu32cores/pm_Simu2019lm/
11:43 INFO    : Using sampler Pymultinest with kwargs {'importance_nested_sampling': False, 'resume': True, 'verbose': True, 'sampling_efficiency': 'parameter', 'n_live_points': 2048, 'n_params': 5, 'n_clustering_params': None, 'wrapped_params': None, 'multimodal': True, 'const_efficiency_mode': False, 'evidence_tolerance': 0.5, 'n_iter_before_update': 100, 'null_log_evidence': -1e+90, 'max_modes': 100, 'mode_tolerance': -1e+90, 'seed': 42, 'context': 0, 'write_output': True, 'log_zero': -1e+100, 'max_iter': 0, 'init_MPI': False, 'dump_callback': <bound method Pymultinest._dump_callback of <bilby.core.sampler.pymultinest.Pymultinest object at 0x155500fc1240>>}
11:43 INFO    : Temporary directory incompatible with MPI, will run in original directory
11:43 INFO    : Using output file outdirBNSBu32cores/pm_Simu2019lm/
11:43 INFO    : Single likelihood evaluation took 2.723e-01 s
11:43 INFO    : Single likelihood evaluation took 2.726e-01 s
11:43 INFO    : Single likelihood evaluation took 2.726e-01 s
11:43 INFO    : Single likelihood evaluation took 2.728e-01 s
11:43 WARNING : Supplied argument 'queue_size' not an argument of 'Pymultinest', removing.
11:43 WARNING : Supplied argument 'check_point_delta_t' not an argument of 'Pymultinest', removing.
11:43 INFO    : Using sampler Pymultinest with kwargs {'importance_nested_sampling': False, 'resume': True, 'verbose': True, 'sampling_efficiency': 'parameter', 'n_live_points': 2048, 'n_params': 5, 'n_clustering_params': None, 'wrapped_params': None, 'multimodal': True, 'const_efficiency_mode': False, 'evidence_tolerance': 0.5, 'n_iter_before_update': 100, 'null_log_evidence': -1e+90, 'max_modes': 100, 'mode_tolerance': -1e+90, 'seed': 42, 'context': 0, 'write_output': True, 'log_zero': -1e+100, 'max_iter': 0, 'init_MPI': False, 'dump_callback': <bound method Pymultinest._dump_callback of <bilby.core.sampler.pymultinest.Pymultinest object at 0x155500fbcee0>>}
11:43 INFO    : Temporary directory incompatible with MPI, will run in original directory
11:43 INFO    : Using output file outdirBNSBu32cores/pm_Simu2019lm/
11:43 WARNING : Supplied argument 'queue_size' not an argument of 'Pymultinest', removing.
11:43 WARNING : Supplied argument 'check_point_delta_t' not an argument of 'Pymultinest', removing.
11:43 INFO    : Using sampler Pymultinest with kwargs {'importance_nested_sampling': False, 'resume': True, 'verbose': True, 'sampling_efficiency': 'parameter', 'n_live_points': 2048, 'n_params': 5, 'n_clustering_params': None, 'wrapped_params': None, 'multimodal': True, 'const_efficiency_mode': False, 'evidence_tolerance': 0.5, 'n_iter_before_update': 100, 'null_log_evidence': -1e+90, 'max_modes': 100, 'mode_tolerance': -1e+90, 'seed': 42, 'context': 0, 'write_output': True, 'log_zero': -1e+100, 'max_iter': 0, 'init_MPI': False, 'dump_callback': <bound method Pymultinest._dump_callback of <bilby.core.sampler.pymultinest.Pymultinest object at 0x155500fc5840>>}
11:43 INFO    : Temporary directory incompatible with MPI, will run in original directory
11:43 INFO    : Using output file outdirBNSBu32cores/pm_Simu2019lm/
11:43 INFO    : Single likelihood evaluation took 2.731e-01 s
11:43 WARNING : Supplied argument 'queue_size' not an argument of 'Pymultinest', removing.
11:43 WARNING : Supplied argument 'check_point_delta_t' not an argument of 'Pymultinest', removing.
11:43 INFO    : Using sampler Pymultinest with kwargs {'importance_nested_sampling': False, 'resume': True, 'verbose': True, 'sampling_efficiency': 'parameter', 'n_live_points': 2048, 'n_params': 5, 'n_clustering_params': None, 'wrapped_params': None, 'multimodal': True, 'const_efficiency_mode': False, 'evidence_tolerance': 0.5, 'n_iter_before_update': 100, 'null_log_evidence': -1e+90, 'max_modes': 100, 'mode_tolerance': -1e+90, 'seed': 42, 'context': 0, 'write_output': True, 'log_zero': -1e+100, 'max_iter': 0, 'init_MPI': False, 'dump_callback': <bound method Pymultinest._dump_callback of <bilby.core.sampler.pymultinest.Pymultinest object at 0x155500fc2ad0>>}
11:43 INFO    : Temporary directory incompatible with MPI, will run in original directory
11:43 INFO    : Using output file outdirBNSBu32cores/pm_Simu2019lm/
11:43 WARNING : Supplied argument 'queue_size' not an argument of 'Pymultinest', removing.
11:43 WARNING : Supplied argument 'check_point_delta_t' not an argument of 'Pymultinest', removing.
11:43 INFO    : Single likelihood evaluation took 2.733e-01 s
11:43 INFO    : Using sampler Pymultinest with kwargs {'importance_nested_sampling': False, 'resume': True, 'verbose': True, 'sampling_efficiency': 'parameter', 'n_live_points': 2048, 'n_params': 5, 'n_clustering_params': None, 'wrapped_params': None, 'multimodal': True, 'const_efficiency_mode': False, 'evidence_tolerance': 0.5, 'n_iter_before_update': 100, 'null_log_evidence': -1e+90, 'max_modes': 100, 'mode_tolerance': -1e+90, 'seed': 42, 'context': 0, 'write_output': True, 'log_zero': -1e+100, 'max_iter': 0, 'init_MPI': False, 'dump_callback': <bound method Pymultinest._dump_callback of <bilby.core.sampler.pymultinest.Pymultinest object at 0x155500fc2410>>}
11:43 INFO    : Temporary directory incompatible with MPI, will run in original directory
11:43 INFO    : Using output file outdirBNSBu32cores/pm_Simu2019lm/
11:43 WARNING : Supplied argument 'queue_size' not an argument of 'Pymultinest', removing.
11:43 WARNING : Supplied argument 'check_point_delta_t' not an argument of 'Pymultinest', removing.
11:43 INFO    : Using sampler Pymultinest with kwargs {'importance_nested_sampling': False, 'resume': True, 'verbose': True, 'sampling_efficiency': 'parameter', 'n_live_points': 2048, 'n_params': 5, 'n_clustering_params': None, 'wrapped_params': None, 'multimodal': True, 'const_efficiency_mode': False, 'evidence_tolerance': 0.5, 'n_iter_before_update': 100, 'null_log_evidence': -1e+90, 'max_modes': 100, 'mode_tolerance': -1e+90, 'seed': 42, 'context': 0, 'write_output': True, 'log_zero': -1e+100, 'max_iter': 0, 'init_MPI': False, 'dump_callback': <bound method Pymultinest._dump_callback of <bilby.core.sampler.pymultinest.Pymultinest object at 0x155500fc7b50>>}
11:43 INFO    : Temporary directory incompatible with MPI, will run in original directory
11:43 INFO    : Single likelihood evaluation took 2.734e-01 s
11:43 INFO    : Using output file outdirBNSBu32cores/pm_Simu2019lm/
11:43 WARNING : Supplied argument 'queue_size' not an argument of 'Pymultinest', removing.
11:43 WARNING : Supplied argument 'check_point_delta_t' not an argument of 'Pymultinest', removing.
11:43 INFO    : Using sampler Pymultinest with kwargs {'importance_nested_sampling': False, 'resume': True, 'verbose': True, 'sampling_efficiency': 'parameter', 'n_live_points': 2048, 'n_params': 5, 'n_clustering_params': None, 'wrapped_params': None, 'multimodal': True, 'const_efficiency_mode': False, 'evidence_tolerance': 0.5, 'n_iter_before_update': 100, 'null_log_evidence': -1e+90, 'max_modes': 100, 'mode_tolerance': -1e+90, 'seed': 42, 'context': 0, 'write_output': True, 'log_zero': -1e+100, 'max_iter': 0, 'init_MPI': False, 'dump_callback': <bound method Pymultinest._dump_callback of <bilby.core.sampler.pymultinest.Pymultinest object at 0x155500fc4ee0>>}
11:43 INFO    : Temporary directory incompatible with MPI, will run in original directory
11:43 INFO    : Using output file outdirBNSBu32cores/pm_Simu2019lm/
11:43 WARNING : Supplied argument 'queue_size' not an argument of 'Pymultinest', removing.
11:43 WARNING : Supplied argument 'check_point_delta_t' not an argument of 'Pymultinest', removing.
11:43 INFO    : Using sampler Pymultinest with kwargs {'importance_nested_sampling': False, 'resume': True, 'verbose': True, 'sampling_efficiency': 'parameter', 'n_live_points': 2048, 'n_params': 5, 'n_clustering_params': None, 'wrapped_params': None, 'multimodal': True, 'const_efficiency_mode': False, 'evidence_tolerance': 0.5, 'n_iter_before_update': 100, 'null_log_evidence': -1e+90, 'max_modes': 100, 'mode_tolerance': -1e+90, 'seed': 42, 'context': 0, 'write_output': True, 'log_zero': -1e+100, 'max_iter': 0, 'init_MPI': False, 'dump_callback': <bound method Pymultinest._dump_callback of <bilby.core.sampler.pymultinest.Pymultinest object at 0x155500fbd7e0>>}
11:43 INFO    : Temporary directory incompatible with MPI, will run in original directory
11:43 INFO    : Using output file outdirBNSBu32cores/pm_Simu2019lm/
11:43 WARNING : Supplied argument 'queue_size' not an argument of 'Pymultinest', removing.
11:43 WARNING : Supplied argument 'check_point_delta_t' not an argument of 'Pymultinest', removing.
11:43 INFO    : Using sampler Pymultinest with kwargs {'importance_nested_sampling': False, 'resume': True, 'verbose': True, 'sampling_efficiency': 'parameter', 'n_live_points': 2048, 'n_params': 5, 'n_clustering_params': None, 'wrapped_params': None, 'multimodal': True, 'const_efficiency_mode': False, 'evidence_tolerance': 0.5, 'n_iter_before_update': 100, 'null_log_evidence': -1e+90, 'max_modes': 100, 'mode_tolerance': -1e+90, 'seed': 42, 'context': 0, 'write_output': True, 'log_zero': -1e+100, 'max_iter': 0, 'init_MPI': False, 'dump_callback': <bound method Pymultinest._dump_callback of <bilby.core.sampler.pymultinest.Pymultinest object at 0x155500fc1c30>>}
11:43 INFO    : Temporary directory incompatible with MPI, will run in original directory
11:43 INFO    : Using output file outdirBNSBu32cores/pm_Simu2019lm/
12:08 INFO    : Sampling time: 0:24:55.807288
12:08 INFO    : Sampling time: 0:24:55.856955
12:08 INFO    : Sampling time: 0:24:56.018828
12:08 INFO    : Sampling time: 0:24:55.595344
12:08 INFO    : Sampling time: 0:24:55.840169
12:08 INFO    : Sampling time: 0:24:55.580006
12:08 INFO    : Sampling time: 0:24:55.991240
12:08 INFO    : Sampling time: 0:24:55.990810
12:08 INFO    : Sampling time: 0:24:55.857509
12:08 INFO    : Sampling time: 0:24:55.990730
12:08 INFO    : Sampling time: 0:24:55.700022
12:08 INFO    : Sampling time: 0:24:55.653274
12:08 INFO    : Sampling time: 0:24:55.857369
12:08 INFO    : Sampling time: 0:24:55.809845
12:08 INFO    : Sampling time: 0:24:55.645528
12:08 INFO    : Sampling time: 0:24:55.835614
12:08 INFO    : Sampling time: 0:24:55.702729
12:08 INFO    : Sampling time: 0:24:55.798044
12:08 INFO    : Sampling time: 0:24:55.665589
12:08 INFO    : Sampling time: 0:24:55.575589
12:08 INFO    : Sampling time: 0:24:55.823053
12:08 INFO    : Sampling time: 0:24:55.776486
12:08 INFO    : Sampling time: 0:24:55.991522
12:08 INFO    : Sampling time: 0:24:55.859655
12:08 INFO    : Sampling time: 0:24:55.775748
12:08 INFO    : Sampling time: 0:24:55.841709
12:08 INFO    : Sampling time: 0:24:55.859719
12:08 INFO    : Sampling time: 0:24:56.010895
12:08 INFO    : Sampling time: 0:24:55.861609
12:08 INFO    : Sampling time: 0:24:55.852133
12:08 INFO    : Sampling time: 0:24:56.014930
12:08 INFO    : Sampling time: 0:24:55.810829
12:08 ERROR   : 

Saving the data has failed with the following message:
[Errno 116] Stale file handle
Data has been dumped to outdirBNSBu32cores/Simu2019lm_result.pkl.


12:08 INFO    : Summary of results:
nsamples: 10106
ln_noise_evidence:  0.000
ln_evidence: -83.887 +/-  0.054
ln_bayes_factor: -83.887 +/-  0.054

12:08 ERROR   : 

Saving the data has failed with the following message:
[Errno 116] Stale file handle
Data has been dumped to outdirBNSBu32cores/Simu2019lm_result.pkl.


12:08 INFO    : Summary of results:
nsamples: 10106
ln_noise_evidence:  0.000
ln_evidence: -83.887 +/-  0.054
ln_bayes_factor: -83.887 +/-  0.054

12:08 INFO    : Summary of results:
nsamples: 10106
ln_noise_evidence:  0.000
ln_evidence: -83.887 +/-  0.054
ln_bayes_factor: -83.887 +/-  0.054

12:08 INFO    : Summary of results:
nsamples: 10106
ln_noise_evidence:  0.000
ln_evidence: -83.887 +/-  0.054
ln_bayes_factor: -83.887 +/-  0.054

12:08 INFO    : Summary of results:
nsamples: 10106
ln_noise_evidence:  0.000
ln_evidence: -83.887 +/-  0.054
ln_bayes_factor: -83.887 +/-  0.054

12:08 INFO    : Summary of results:
nsamples: 10106
ln_noise_evidence:  0.000
ln_evidence: -83.887 +/-  0.054
ln_bayes_factor: -83.887 +/-  0.054

12:08 INFO    : Writing samples file to /home/thussenot/kilonovae-H0/lcsimu/cadence170817/zyJHK/outdirBNSBu32cores/Simu2019lm_posterior_samples.dat
12:08 INFO    : Summary of results:
nsamples: 10106
ln_noise_evidence:  0.000
ln_evidence: -83.887 +/-  0.054
ln_bayes_factor: -83.887 +/-  0.054

12:08 INFO    : Summary of results:
nsamples: 10106
ln_noise_evidence:  0.000
ln_evidence: -83.887 +/-  0.054
ln_bayes_factor: -83.887 +/-  0.054

12:08 INFO    : Summary of results:
nsamples: 10106
ln_noise_evidence:  0.000
ln_evidence: -83.887 +/-  0.054
ln_bayes_factor: -83.887 +/-  0.054

02:22 INFO    : Running for label 'Simu2019lm', output will be saved to 'outdirBNSBu32cores'
02:23 INFO    : Analysis priors:
02:23 INFO    : KNphi=Uniform(minimum=15.0, maximum=75.0, name='KNphi', latex_label='$\\Phi$', unit=None, boundary=None)
02:23 INFO    : log10_mej_dyn=Uniform(minimum=-3.0, maximum=-1.0, name='log10_mej_dyn', latex_label='$\\log_{10}M^{\\rm{dyn}}_{\\rm{ej}}$', unit=None, boundary='reflective')
02:23 INFO    : log10_mej_wind=Uniform(minimum=-3.0, maximum=-0.5, name='log10_mej_wind', latex_label='$\\log_{10}M^{\\rm{wind}}_{\\rm{ej}}$', unit=None, boundary='reflective')
02:23 INFO    : inclination_EM=Sine(minimum=0.0, maximum=1.5707963267948966, name='inclination_EM', latex_label='$\\iota$', unit=None, boundary=None)
02:23 INFO    : luminosity_distance=LogUniform(minimum=1, maximum=500, name='luminosity_distance', latex_label='$D_L$', unit=None, boundary=None)
02:23 INFO    : timeshift=0.0
02:23 INFO    : em_syserr=1.0
02:23 INFO    : Ebv=0.0
02:23 INFO    : Analysis likelihood class: <class 'nmma.em.likelihood.OpticalLightCurve'>
02:23 INFO    : Analysis likelihood noise evidence: 0.0
02:23 INFO    : Single likelihood evaluation took 4.906e-02 s
02:23 WARNING : Supplied argument 'queue_size' not an argument of 'Pymultinest', removing.
02:23 WARNING : Supplied argument 'check_point_delta_t' not an argument of 'Pymultinest', removing.
02:23 INFO    : Using sampler Pymultinest with kwargs {'importance_nested_sampling': False, 'resume': True, 'verbose': True, 'sampling_efficiency': 'parameter', 'n_live_points': 2048, 'n_params': 5, 'n_clustering_params': None, 'wrapped_params': None, 'multimodal': True, 'const_efficiency_mode': False, 'evidence_tolerance': 0.5, 'n_iter_before_update': 100, 'null_log_evidence': -1e+90, 'max_modes': 100, 'mode_tolerance': -1e+90, 'seed': 42, 'context': 0, 'write_output': True, 'log_zero': -1e+100, 'max_iter': 0, 'init_MPI': False, 'dump_callback': <bound method Pymultinest._dump_callback of <bilby.core.sampler.pymultinest.Pymultinest object at 0x155540bd4f10>>}
02:23 INFO    : Using temporary file /tmp/tmp60qtwqv0
02:23 INFO    : Overwriting outdirBNSBu32cores/pm_Simu2019lm/ with /tmp/tmp60qtwqv0/
02:23 INFO    : Overwriting outdirBNSBu32cores/pm_Simu2019lm/ with /tmp/tmp60qtwqv0/
02:23 INFO    : Sampling time: 0:24:57.351297
02:23 INFO    : Summary of results:
nsamples: 10085
ln_noise_evidence:  0.000
ln_evidence: -83.887 +/-  0.054
ln_bayes_factor: -83.887 +/-  0.054

02:23 INFO    : Writing samples file to /home/thussenot/kilonovae-H0/lcsimu/cadence170817/zyJHK/outdirBNSBu32cores/Simu2019lm_posterior_samples.dat
