06:02 INFO    : Running for label 'Simu2019lm', output will be saved to 'outdirBNSBu32cores'
06:02 INFO    : Running for label 'Simu2019lm', output will be saved to 'outdirBNSBu32cores'
06:02 INFO    : Running for label 'Simu2019lm', output will be saved to 'outdirBNSBu32cores'
06:02 INFO    : Running for label 'Simu2019lm', output will be saved to 'outdirBNSBu32cores'
06:02 INFO    : Running for label 'Simu2019lm', output will be saved to 'outdirBNSBu32cores'
06:02 INFO    : Running for label 'Simu2019lm', output will be saved to 'outdirBNSBu32cores'
06:02 INFO    : Running for label 'Simu2019lm', output will be saved to 'outdirBNSBu32cores'
06:02 INFO    : Running for label 'Simu2019lm', output will be saved to 'outdirBNSBu32cores'
06:02 INFO    : Running for label 'Simu2019lm', output will be saved to 'outdirBNSBu32cores'
06:02 INFO    : Running for label 'Simu2019lm', output will be saved to 'outdirBNSBu32cores'
06:02 INFO    : Running for label 'Simu2019lm', output will be saved to 'outdirBNSBu32cores'
06:02 INFO    : Running for label 'Simu2019lm', output will be saved to 'outdirBNSBu32cores'
06:02 INFO    : Running for label 'Simu2019lm', output will be saved to 'outdirBNSBu32cores'
06:02 INFO    : Running for label 'Simu2019lm', output will be saved to 'outdirBNSBu32cores'
06:02 INFO    : Running for label 'Simu2019lm', output will be saved to 'outdirBNSBu32cores'
06:02 INFO    : Running for label 'Simu2019lm', output will be saved to 'outdirBNSBu32cores'
06:02 INFO    : Running for label 'Simu2019lm', output will be saved to 'outdirBNSBu32cores'
06:02 INFO    : Running for label 'Simu2019lm', output will be saved to 'outdirBNSBu32cores'
06:02 INFO    : Running for label 'Simu2019lm', output will be saved to 'outdirBNSBu32cores'
06:02 INFO    : Running for label 'Simu2019lm', output will be saved to 'outdirBNSBu32cores'
06:02 INFO    : Running for label 'Simu2019lm', output will be saved to 'outdirBNSBu32cores'
06:02 INFO    : Running for label 'Simu2019lm', output will be saved to 'outdirBNSBu32cores'
06:02 INFO    : Running for label 'Simu2019lm', output will be saved to 'outdirBNSBu32cores'
06:02 INFO    : Running for label 'Simu2019lm', output will be saved to 'outdirBNSBu32cores'
06:02 INFO    : Running for label 'Simu2019lm', output will be saved to 'outdirBNSBu32cores'
06:02 INFO    : Running for label 'Simu2019lm', output will be saved to 'outdirBNSBu32cores'
06:02 INFO    : Running for label 'Simu2019lm', output will be saved to 'outdirBNSBu32cores'
06:02 INFO    : Running for label 'Simu2019lm', output will be saved to 'outdirBNSBu32cores'
06:02 INFO    : Running for label 'Simu2019lm', output will be saved to 'outdirBNSBu32cores'
06:02 INFO    : Running for label 'Simu2019lm', output will be saved to 'outdirBNSBu32cores'
06:02 INFO    : Running for label 'Simu2019lm', output will be saved to 'outdirBNSBu32cores'
06:02 INFO    : Running for label 'Simu2019lm', output will be saved to 'outdirBNSBu32cores'
06:02 INFO    : Analysis priors:
06:02 INFO    : Analysis priors:
06:02 INFO    : Analysis priors:
06:02 INFO    : Analysis priors:
06:02 INFO    : Analysis priors:
06:02 INFO    : Analysis priors:
06:02 INFO    : Analysis priors:
06:02 INFO    : Analysis priors:
06:02 INFO    : Analysis priors:
06:02 INFO    : Analysis priors:
06:02 INFO    : Analysis priors:
06:02 INFO    : Analysis priors:
06:02 INFO    : Analysis priors:
06:02 INFO    : Analysis priors:
06:02 INFO    : KNphi=Uniform(minimum=15.0, maximum=75.0, name='KNphi', latex_label='$\\Phi$', unit=None, boundary=None)
06:02 INFO    : KNphi=Uniform(minimum=15.0, maximum=75.0, name='KNphi', latex_label='$\\Phi$', unit=None, boundary=None)
06:02 INFO    : Analysis priors:
06:02 INFO    : KNphi=Uniform(minimum=15.0, maximum=75.0, name='KNphi', latex_label='$\\Phi$', unit=None, boundary=None)
06:02 INFO    : Analysis priors:
06:02 INFO    : Analysis priors:
06:02 INFO    : Analysis priors:
06:02 INFO    : Analysis priors:
06:02 INFO    : Analysis priors:
06:02 INFO    : Analysis priors:
06:02 INFO    : Analysis priors:
06:02 INFO    : Analysis priors:
06:02 INFO    : KNphi=Uniform(minimum=15.0, maximum=75.0, name='KNphi', latex_label='$\\Phi$', unit=None, boundary=None)
06:02 INFO    : KNphi=Uniform(minimum=15.0, maximum=75.0, name='KNphi', latex_label='$\\Phi$', unit=None, boundary=None)
06:02 INFO    : KNphi=Uniform(minimum=15.0, maximum=75.0, name='KNphi', latex_label='$\\Phi$', unit=None, boundary=None)
06:02 INFO    : KNphi=Uniform(minimum=15.0, maximum=75.0, name='KNphi', latex_label='$\\Phi$', unit=None, boundary=None)
06:02 INFO    : KNphi=Uniform(minimum=15.0, maximum=75.0, name='KNphi', latex_label='$\\Phi$', unit=None, boundary=None)
06:02 INFO    : Analysis priors:
06:02 INFO    : Analysis priors:
06:02 INFO    : log10_mej_dyn=Uniform(minimum=-3.0, maximum=-1.0, name='log10_mej_dyn', latex_label='$\\log_{10}M^{\\rm{dyn}}_{\\rm{ej}}$', unit=None, boundary='reflective')
06:02 INFO    : KNphi=Uniform(minimum=15.0, maximum=75.0, name='KNphi', latex_label='$\\Phi$', unit=None, boundary=None)
06:02 INFO    : Analysis priors:
06:02 INFO    : Analysis priors:
06:02 INFO    : KNphi=Uniform(minimum=15.0, maximum=75.0, name='KNphi', latex_label='$\\Phi$', unit=None, boundary=None)
06:02 INFO    : Analysis priors:
06:02 INFO    : KNphi=Uniform(minimum=15.0, maximum=75.0, name='KNphi', latex_label='$\\Phi$', unit=None, boundary=None)
06:02 INFO    : log10_mej_dyn=Uniform(minimum=-3.0, maximum=-1.0, name='log10_mej_dyn', latex_label='$\\log_{10}M^{\\rm{dyn}}_{\\rm{ej}}$', unit=None, boundary='reflective')
06:02 INFO    : Analysis priors:
06:02 INFO    : log10_mej_dyn=Uniform(minimum=-3.0, maximum=-1.0, name='log10_mej_dyn', latex_label='$\\log_{10}M^{\\rm{dyn}}_{\\rm{ej}}$', unit=None, boundary='reflective')
06:02 INFO    : KNphi=Uniform(minimum=15.0, maximum=75.0, name='KNphi', latex_label='$\\Phi$', unit=None, boundary=None)
06:02 INFO    : KNphi=Uniform(minimum=15.0, maximum=75.0, name='KNphi', latex_label='$\\Phi$', unit=None, boundary=None)
06:02 INFO    : KNphi=Uniform(minimum=15.0, maximum=75.0, name='KNphi', latex_label='$\\Phi$', unit=None, boundary=None)
06:02 INFO    : log10_mej_dyn=Uniform(minimum=-3.0, maximum=-1.0, name='log10_mej_dyn', latex_label='$\\log_{10}M^{\\rm{dyn}}_{\\rm{ej}}$', unit=None, boundary='reflective')
06:02 INFO    : log10_mej_dyn=Uniform(minimum=-3.0, maximum=-1.0, name='log10_mej_dyn', latex_label='$\\log_{10}M^{\\rm{dyn}}_{\\rm{ej}}$', unit=None, boundary='reflective')
06:02 INFO    : log10_mej_dyn=Uniform(minimum=-3.0, maximum=-1.0, name='log10_mej_dyn', latex_label='$\\log_{10}M^{\\rm{dyn}}_{\\rm{ej}}$', unit=None, boundary='reflective')
06:02 INFO    : log10_mej_dyn=Uniform(minimum=-3.0, maximum=-1.0, name='log10_mej_dyn', latex_label='$\\log_{10}M^{\\rm{dyn}}_{\\rm{ej}}$', unit=None, boundary='reflective')
06:02 INFO    : log10_mej_dyn=Uniform(minimum=-3.0, maximum=-1.0, name='log10_mej_dyn', latex_label='$\\log_{10}M^{\\rm{dyn}}_{\\rm{ej}}$', unit=None, boundary='reflective')
06:02 INFO    : log10_mej_wind=Uniform(minimum=-3.0, maximum=-0.5, name='log10_mej_wind', latex_label='$\\log_{10}M^{\\rm{wind}}_{\\rm{ej}}$', unit=None, boundary='reflective')
06:02 INFO    : log10_mej_dyn=Uniform(minimum=-3.0, maximum=-1.0, name='log10_mej_dyn', latex_label='$\\log_{10}M^{\\rm{dyn}}_{\\rm{ej}}$', unit=None, boundary='reflective')
06:02 INFO    : log10_mej_dyn=Uniform(minimum=-3.0, maximum=-1.0, name='log10_mej_dyn', latex_label='$\\log_{10}M^{\\rm{dyn}}_{\\rm{ej}}$', unit=None, boundary='reflective')
06:02 INFO    : log10_mej_wind=Uniform(minimum=-3.0, maximum=-0.5, name='log10_mej_wind', latex_label='$\\log_{10}M^{\\rm{wind}}_{\\rm{ej}}$', unit=None, boundary='reflective')
06:02 INFO    : log10_mej_dyn=Uniform(minimum=-3.0, maximum=-1.0, name='log10_mej_dyn', latex_label='$\\log_{10}M^{\\rm{dyn}}_{\\rm{ej}}$', unit=None, boundary='reflective')
06:02 INFO    : KNphi=Uniform(minimum=15.0, maximum=75.0, name='KNphi', latex_label='$\\Phi$', unit=None, boundary=None)
06:02 INFO    : KNphi=Uniform(minimum=15.0, maximum=75.0, name='KNphi', latex_label='$\\Phi$', unit=None, boundary=None)
06:02 INFO    : KNphi=Uniform(minimum=15.0, maximum=75.0, name='KNphi', latex_label='$\\Phi$', unit=None, boundary=None)
06:02 INFO    : KNphi=Uniform(minimum=15.0, maximum=75.0, name='KNphi', latex_label='$\\Phi$', unit=None, boundary=None)
06:02 INFO    : log10_mej_wind=Uniform(minimum=-3.0, maximum=-0.5, name='log10_mej_wind', latex_label='$\\log_{10}M^{\\rm{wind}}_{\\rm{ej}}$', unit=None, boundary='reflective')
06:02 INFO    : KNphi=Uniform(minimum=15.0, maximum=75.0, name='KNphi', latex_label='$\\Phi$', unit=None, boundary=None)
06:02 INFO    : KNphi=Uniform(minimum=15.0, maximum=75.0, name='KNphi', latex_label='$\\Phi$', unit=None, boundary=None)
06:02 INFO    : KNphi=Uniform(minimum=15.0, maximum=75.0, name='KNphi', latex_label='$\\Phi$', unit=None, boundary=None)
06:02 INFO    : log10_mej_dyn=Uniform(minimum=-3.0, maximum=-1.0, name='log10_mej_dyn', latex_label='$\\log_{10}M^{\\rm{dyn}}_{\\rm{ej}}$', unit=None, boundary='reflective')
06:02 INFO    : log10_mej_dyn=Uniform(minimum=-3.0, maximum=-1.0, name='log10_mej_dyn', latex_label='$\\log_{10}M^{\\rm{dyn}}_{\\rm{ej}}$', unit=None, boundary='reflective')
06:02 INFO    : KNphi=Uniform(minimum=15.0, maximum=75.0, name='KNphi', latex_label='$\\Phi$', unit=None, boundary=None)
06:02 INFO    : log10_mej_dyn=Uniform(minimum=-3.0, maximum=-1.0, name='log10_mej_dyn', latex_label='$\\log_{10}M^{\\rm{dyn}}_{\\rm{ej}}$', unit=None, boundary='reflective')
06:02 INFO    : log10_mej_wind=Uniform(minimum=-3.0, maximum=-0.5, name='log10_mej_wind', latex_label='$\\log_{10}M^{\\rm{wind}}_{\\rm{ej}}$', unit=None, boundary='reflective')
06:02 INFO    : log10_mej_wind=Uniform(minimum=-3.0, maximum=-0.5, name='log10_mej_wind', latex_label='$\\log_{10}M^{\\rm{wind}}_{\\rm{ej}}$', unit=None, boundary='reflective')
06:02 INFO    : log10_mej_wind=Uniform(minimum=-3.0, maximum=-0.5, name='log10_mej_wind', latex_label='$\\log_{10}M^{\\rm{wind}}_{\\rm{ej}}$', unit=None, boundary='reflective')
06:02 INFO    : log10_mej_wind=Uniform(minimum=-3.0, maximum=-0.5, name='log10_mej_wind', latex_label='$\\log_{10}M^{\\rm{wind}}_{\\rm{ej}}$', unit=None, boundary='reflective')
06:02 INFO    : log10_mej_wind=Uniform(minimum=-3.0, maximum=-0.5, name='log10_mej_wind', latex_label='$\\log_{10}M^{\\rm{wind}}_{\\rm{ej}}$', unit=None, boundary='reflective')
06:02 INFO    : KNphi=Uniform(minimum=15.0, maximum=75.0, name='KNphi', latex_label='$\\Phi$', unit=None, boundary=None)
06:02 INFO    : log10_mej_wind=Uniform(minimum=-3.0, maximum=-0.5, name='log10_mej_wind', latex_label='$\\log_{10}M^{\\rm{wind}}_{\\rm{ej}}$', unit=None, boundary='reflective')
06:02 INFO    : KNphi=Uniform(minimum=15.0, maximum=75.0, name='KNphi', latex_label='$\\Phi$', unit=None, boundary=None)
06:02 INFO    : KNphi=Uniform(minimum=15.0, maximum=75.0, name='KNphi', latex_label='$\\Phi$', unit=None, boundary=None)
06:02 INFO    : KNphi=Uniform(minimum=15.0, maximum=75.0, name='KNphi', latex_label='$\\Phi$', unit=None, boundary=None)
06:02 INFO    : inclination_EM=Sine(minimum=0.0, maximum=1.5707963267948966, name='inclination_EM', latex_label='$\\iota$', unit=None, boundary=None)
06:02 INFO    : log10_mej_wind=Uniform(minimum=-3.0, maximum=-0.5, name='log10_mej_wind', latex_label='$\\log_{10}M^{\\rm{wind}}_{\\rm{ej}}$', unit=None, boundary='reflective')
06:02 INFO    : log10_mej_wind=Uniform(minimum=-3.0, maximum=-0.5, name='log10_mej_wind', latex_label='$\\log_{10}M^{\\rm{wind}}_{\\rm{ej}}$', unit=None, boundary='reflective')
06:02 INFO    : KNphi=Uniform(minimum=15.0, maximum=75.0, name='KNphi', latex_label='$\\Phi$', unit=None, boundary=None)
06:02 INFO    : log10_mej_dyn=Uniform(minimum=-3.0, maximum=-1.0, name='log10_mej_dyn', latex_label='$\\log_{10}M^{\\rm{dyn}}_{\\rm{ej}}$', unit=None, boundary='reflective')
06:02 INFO    : KNphi=Uniform(minimum=15.0, maximum=75.0, name='KNphi', latex_label='$\\Phi$', unit=None, boundary=None)
06:02 INFO    : log10_mej_dyn=Uniform(minimum=-3.0, maximum=-1.0, name='log10_mej_dyn', latex_label='$\\log_{10}M^{\\rm{dyn}}_{\\rm{ej}}$', unit=None, boundary='reflective')
06:02 INFO    : inclination_EM=Sine(minimum=0.0, maximum=1.5707963267948966, name='inclination_EM', latex_label='$\\iota$', unit=None, boundary=None)
06:02 INFO    : log10_mej_dyn=Uniform(minimum=-3.0, maximum=-1.0, name='log10_mej_dyn', latex_label='$\\log_{10}M^{\\rm{dyn}}_{\\rm{ej}}$', unit=None, boundary='reflective')
06:02 INFO    : log10_mej_dyn=Uniform(minimum=-3.0, maximum=-1.0, name='log10_mej_dyn', latex_label='$\\log_{10}M^{\\rm{dyn}}_{\\rm{ej}}$', unit=None, boundary='reflective')
06:02 INFO    : log10_mej_dyn=Uniform(minimum=-3.0, maximum=-1.0, name='log10_mej_dyn', latex_label='$\\log_{10}M^{\\rm{dyn}}_{\\rm{ej}}$', unit=None, boundary='reflective')
06:02 INFO    : log10_mej_dyn=Uniform(minimum=-3.0, maximum=-1.0, name='log10_mej_dyn', latex_label='$\\log_{10}M^{\\rm{dyn}}_{\\rm{ej}}$', unit=None, boundary='reflective')
06:02 INFO    : log10_mej_wind=Uniform(minimum=-3.0, maximum=-0.5, name='log10_mej_wind', latex_label='$\\log_{10}M^{\\rm{wind}}_{\\rm{ej}}$', unit=None, boundary='reflective')
06:02 INFO    : log10_mej_wind=Uniform(minimum=-3.0, maximum=-0.5, name='log10_mej_wind', latex_label='$\\log_{10}M^{\\rm{wind}}_{\\rm{ej}}$', unit=None, boundary='reflective')
06:02 INFO    : inclination_EM=Sine(minimum=0.0, maximum=1.5707963267948966, name='inclination_EM', latex_label='$\\iota$', unit=None, boundary=None)
06:02 INFO    : log10_mej_wind=Uniform(minimum=-3.0, maximum=-0.5, name='log10_mej_wind', latex_label='$\\log_{10}M^{\\rm{wind}}_{\\rm{ej}}$', unit=None, boundary='reflective')
06:02 INFO    : log10_mej_dyn=Uniform(minimum=-3.0, maximum=-1.0, name='log10_mej_dyn', latex_label='$\\log_{10}M^{\\rm{dyn}}_{\\rm{ej}}$', unit=None, boundary='reflective')
06:02 INFO    : log10_mej_dyn=Uniform(minimum=-3.0, maximum=-1.0, name='log10_mej_dyn', latex_label='$\\log_{10}M^{\\rm{dyn}}_{\\rm{ej}}$', unit=None, boundary='reflective')
06:02 INFO    : inclination_EM=Sine(minimum=0.0, maximum=1.5707963267948966, name='inclination_EM', latex_label='$\\iota$', unit=None, boundary=None)
06:02 INFO    : inclination_EM=Sine(minimum=0.0, maximum=1.5707963267948966, name='inclination_EM', latex_label='$\\iota$', unit=None, boundary=None)
06:02 INFO    : inclination_EM=Sine(minimum=0.0, maximum=1.5707963267948966, name='inclination_EM', latex_label='$\\iota$', unit=None, boundary=None)
06:02 INFO    : inclination_EM=Sine(minimum=0.0, maximum=1.5707963267948966, name='inclination_EM', latex_label='$\\iota$', unit=None, boundary=None)
06:02 INFO    : log10_mej_dyn=Uniform(minimum=-3.0, maximum=-1.0, name='log10_mej_dyn', latex_label='$\\log_{10}M^{\\rm{dyn}}_{\\rm{ej}}$', unit=None, boundary='reflective')
06:02 INFO    : inclination_EM=Sine(minimum=0.0, maximum=1.5707963267948966, name='inclination_EM', latex_label='$\\iota$', unit=None, boundary=None)
06:02 INFO    : inclination_EM=Sine(minimum=0.0, maximum=1.5707963267948966, name='inclination_EM', latex_label='$\\iota$', unit=None, boundary=None)
06:02 INFO    : log10_mej_dyn=Uniform(minimum=-3.0, maximum=-1.0, name='log10_mej_dyn', latex_label='$\\log_{10}M^{\\rm{dyn}}_{\\rm{ej}}$', unit=None, boundary='reflective')
06:02 INFO    : log10_mej_dyn=Uniform(minimum=-3.0, maximum=-1.0, name='log10_mej_dyn', latex_label='$\\log_{10}M^{\\rm{dyn}}_{\\rm{ej}}$', unit=None, boundary='reflective')
06:02 INFO    : log10_mej_dyn=Uniform(minimum=-3.0, maximum=-1.0, name='log10_mej_dyn', latex_label='$\\log_{10}M^{\\rm{dyn}}_{\\rm{ej}}$', unit=None, boundary='reflective')
06:02 INFO    : inclination_EM=Sine(minimum=0.0, maximum=1.5707963267948966, name='inclination_EM', latex_label='$\\iota$', unit=None, boundary=None)
06:02 INFO    : log10_mej_wind=Uniform(minimum=-3.0, maximum=-0.5, name='log10_mej_wind', latex_label='$\\log_{10}M^{\\rm{wind}}_{\\rm{ej}}$', unit=None, boundary='reflective')
06:02 INFO    : luminosity_distance=LogUniform(minimum=1, maximum=500, name='luminosity_distance', latex_label='$D_L$', unit=None, boundary=None)
06:02 INFO    : log10_mej_wind=Uniform(minimum=-3.0, maximum=-0.5, name='log10_mej_wind', latex_label='$\\log_{10}M^{\\rm{wind}}_{\\rm{ej}}$', unit=None, boundary='reflective')
06:02 INFO    : log10_mej_dyn=Uniform(minimum=-3.0, maximum=-1.0, name='log10_mej_dyn', latex_label='$\\log_{10}M^{\\rm{dyn}}_{\\rm{ej}}$', unit=None, boundary='reflective')
06:02 INFO    : inclination_EM=Sine(minimum=0.0, maximum=1.5707963267948966, name='inclination_EM', latex_label='$\\iota$', unit=None, boundary=None)
06:02 INFO    : log10_mej_dyn=Uniform(minimum=-3.0, maximum=-1.0, name='log10_mej_dyn', latex_label='$\\log_{10}M^{\\rm{dyn}}_{\\rm{ej}}$', unit=None, boundary='reflective')
06:02 INFO    : log10_mej_wind=Uniform(minimum=-3.0, maximum=-0.5, name='log10_mej_wind', latex_label='$\\log_{10}M^{\\rm{wind}}_{\\rm{ej}}$', unit=None, boundary='reflective')
06:02 INFO    : log10_mej_wind=Uniform(minimum=-3.0, maximum=-0.5, name='log10_mej_wind', latex_label='$\\log_{10}M^{\\rm{wind}}_{\\rm{ej}}$', unit=None, boundary='reflective')
06:02 INFO    : log10_mej_wind=Uniform(minimum=-3.0, maximum=-0.5, name='log10_mej_wind', latex_label='$\\log_{10}M^{\\rm{wind}}_{\\rm{ej}}$', unit=None, boundary='reflective')
06:02 INFO    : log10_mej_wind=Uniform(minimum=-3.0, maximum=-0.5, name='log10_mej_wind', latex_label='$\\log_{10}M^{\\rm{wind}}_{\\rm{ej}}$', unit=None, boundary='reflective')
06:02 INFO    : luminosity_distance=LogUniform(minimum=1, maximum=500, name='luminosity_distance', latex_label='$D_L$', unit=None, boundary=None)
06:02 INFO    : log10_mej_wind=Uniform(minimum=-3.0, maximum=-0.5, name='log10_mej_wind', latex_label='$\\log_{10}M^{\\rm{wind}}_{\\rm{ej}}$', unit=None, boundary='reflective')
06:02 INFO    : inclination_EM=Sine(minimum=0.0, maximum=1.5707963267948966, name='inclination_EM', latex_label='$\\iota$', unit=None, boundary=None)
06:02 INFO    : log10_mej_wind=Uniform(minimum=-3.0, maximum=-0.5, name='log10_mej_wind', latex_label='$\\log_{10}M^{\\rm{wind}}_{\\rm{ej}}$', unit=None, boundary='reflective')
06:02 INFO    : inclination_EM=Sine(minimum=0.0, maximum=1.5707963267948966, name='inclination_EM', latex_label='$\\iota$', unit=None, boundary=None)
06:02 INFO    : inclination_EM=Sine(minimum=0.0, maximum=1.5707963267948966, name='inclination_EM', latex_label='$\\iota$', unit=None, boundary=None)
06:02 INFO    : luminosity_distance=LogUniform(minimum=1, maximum=500, name='luminosity_distance', latex_label='$D_L$', unit=None, boundary=None)
06:02 INFO    : timeshift=0.0
06:02 INFO    : log10_mej_wind=Uniform(minimum=-3.0, maximum=-0.5, name='log10_mej_wind', latex_label='$\\log_{10}M^{\\rm{wind}}_{\\rm{ej}}$', unit=None, boundary='reflective')
06:02 INFO    : luminosity_distance=LogUniform(minimum=1, maximum=500, name='luminosity_distance', latex_label='$D_L$', unit=None, boundary=None)
06:02 INFO    : luminosity_distance=LogUniform(minimum=1, maximum=500, name='luminosity_distance', latex_label='$D_L$', unit=None, boundary=None)
06:02 INFO    : luminosity_distance=LogUniform(minimum=1, maximum=500, name='luminosity_distance', latex_label='$D_L$', unit=None, boundary=None)
06:02 INFO    : Analysis priors:
06:02 INFO    : luminosity_distance=LogUniform(minimum=1, maximum=500, name='luminosity_distance', latex_label='$D_L$', unit=None, boundary=None)
06:02 INFO    : timeshift=0.0
06:02 INFO    : log10_mej_wind=Uniform(minimum=-3.0, maximum=-0.5, name='log10_mej_wind', latex_label='$\\log_{10}M^{\\rm{wind}}_{\\rm{ej}}$', unit=None, boundary='reflective')
06:02 INFO    : luminosity_distance=LogUniform(minimum=1, maximum=500, name='luminosity_distance', latex_label='$D_L$', unit=None, boundary=None)
06:02 INFO    : Analysis priors:
06:02 INFO    : log10_mej_wind=Uniform(minimum=-3.0, maximum=-0.5, name='log10_mej_wind', latex_label='$\\log_{10}M^{\\rm{wind}}_{\\rm{ej}}$', unit=None, boundary='reflective')
06:02 INFO    : luminosity_distance=LogUniform(minimum=1, maximum=500, name='luminosity_distance', latex_label='$D_L$', unit=None, boundary=None)
06:02 INFO    : em_syserr=1.0
06:02 INFO    : timeshift=0.0
06:02 INFO    : log10_mej_wind=Uniform(minimum=-3.0, maximum=-0.5, name='log10_mej_wind', latex_label='$\\log_{10}M^{\\rm{wind}}_{\\rm{ej}}$', unit=None, boundary='reflective')
06:02 INFO    : timeshift=0.0
06:02 INFO    : luminosity_distance=LogUniform(minimum=1, maximum=500, name='luminosity_distance', latex_label='$D_L$', unit=None, boundary=None)
06:02 INFO    : em_syserr=1.0
06:02 INFO    : timeshift=0.0
06:02 INFO    : timeshift=0.0
06:02 INFO    : inclination_EM=Sine(minimum=0.0, maximum=1.5707963267948966, name='inclination_EM', latex_label='$\\iota$', unit=None, boundary=None)
06:02 INFO    : inclination_EM=Sine(minimum=0.0, maximum=1.5707963267948966, name='inclination_EM', latex_label='$\\iota$', unit=None, boundary=None)
06:02 INFO    : timeshift=0.0
06:02 INFO    : timeshift=0.0
06:02 INFO    : timeshift=0.0
06:02 INFO    : em_syserr=1.0
06:02 INFO    : em_syserr=1.0
06:02 INFO    : log10_mej_wind=Uniform(minimum=-3.0, maximum=-0.5, name='log10_mej_wind', latex_label='$\\log_{10}M^{\\rm{wind}}_{\\rm{ej}}$', unit=None, boundary='reflective')
06:02 INFO    : log10_mej_wind=Uniform(minimum=-3.0, maximum=-0.5, name='log10_mej_wind', latex_label='$\\log_{10}M^{\\rm{wind}}_{\\rm{ej}}$', unit=None, boundary='reflective')
06:02 INFO    : Ebv=0.0
06:02 INFO    : luminosity_distance=LogUniform(minimum=1, maximum=500, name='luminosity_distance', latex_label='$D_L$', unit=None, boundary=None)
06:02 INFO    : inclination_EM=Sine(minimum=0.0, maximum=1.5707963267948966, name='inclination_EM', latex_label='$\\iota$', unit=None, boundary=None)
06:02 INFO    : inclination_EM=Sine(minimum=0.0, maximum=1.5707963267948966, name='inclination_EM', latex_label='$\\iota$', unit=None, boundary=None)
06:02 INFO    : inclination_EM=Sine(minimum=0.0, maximum=1.5707963267948966, name='inclination_EM', latex_label='$\\iota$', unit=None, boundary=None)
06:02 INFO    : Ebv=0.0
06:02 INFO    : em_syserr=1.0
06:02 INFO    : timeshift=0.0
06:02 INFO    : em_syserr=1.0
06:02 INFO    : em_syserr=1.0
06:02 INFO    : luminosity_distance=LogUniform(minimum=1, maximum=500, name='luminosity_distance', latex_label='$D_L$', unit=None, boundary=None)
06:02 INFO    : em_syserr=1.0
06:02 INFO    : inclination_EM=Sine(minimum=0.0, maximum=1.5707963267948966, name='inclination_EM', latex_label='$\\iota$', unit=None, boundary=None)
06:02 INFO    : inclination_EM=Sine(minimum=0.0, maximum=1.5707963267948966, name='inclination_EM', latex_label='$\\iota$', unit=None, boundary=None)
06:02 INFO    : em_syserr=1.0
06:02 INFO    : inclination_EM=Sine(minimum=0.0, maximum=1.5707963267948966, name='inclination_EM', latex_label='$\\iota$', unit=None, boundary=None)
06:02 INFO    : luminosity_distance=LogUniform(minimum=1, maximum=500, name='luminosity_distance', latex_label='$D_L$', unit=None, boundary=None)
06:02 INFO    : Ebv=0.0
06:02 INFO    : Ebv=0.0
06:02 INFO    : Analysis likelihood class: <class 'nmma.em.likelihood.OpticalLightCurve'>
06:02 INFO    : inclination_EM=Sine(minimum=0.0, maximum=1.5707963267948966, name='inclination_EM', latex_label='$\\iota$', unit=None, boundary=None)
06:02 INFO    : timeshift=0.0
06:02 INFO    : Ebv=0.0
06:02 INFO    : Analysis likelihood class: <class 'nmma.em.likelihood.OpticalLightCurve'>
06:02 INFO    : em_syserr=1.0
06:02 INFO    : Ebv=0.0
06:02 INFO    : Ebv=0.0
06:02 INFO    : Ebv=0.0
06:02 INFO    : timeshift=0.0
06:02 INFO    : inclination_EM=Sine(minimum=0.0, maximum=1.5707963267948966, name='inclination_EM', latex_label='$\\iota$', unit=None, boundary=None)
06:02 INFO    : Ebv=0.0
06:02 INFO    : inclination_EM=Sine(minimum=0.0, maximum=1.5707963267948966, name='inclination_EM', latex_label='$\\iota$', unit=None, boundary=None)
06:02 INFO    : Analysis likelihood class: <class 'nmma.em.likelihood.OpticalLightCurve'>
06:02 INFO    : Analysis likelihood class: <class 'nmma.em.likelihood.OpticalLightCurve'>
06:02 INFO    : timeshift=0.0
06:02 INFO    : Analysis likelihood noise evidence: 0.0
06:02 INFO    : inclination_EM=Sine(minimum=0.0, maximum=1.5707963267948966, name='inclination_EM', latex_label='$\\iota$', unit=None, boundary=None)
06:02 INFO    : Analysis likelihood class: <class 'nmma.em.likelihood.OpticalLightCurve'>
06:02 INFO    : Ebv=0.0
06:02 INFO    : em_syserr=1.0
06:02 INFO    : Analysis likelihood class: <class 'nmma.em.likelihood.OpticalLightCurve'>
06:02 INFO    : Analysis likelihood class: <class 'nmma.em.likelihood.OpticalLightCurve'>
06:02 INFO    : Analysis likelihood class: <class 'nmma.em.likelihood.OpticalLightCurve'>
06:02 INFO    : Analysis likelihood noise evidence: 0.0
06:02 INFO    : em_syserr=1.0
06:02 INFO    : Analysis likelihood class: <class 'nmma.em.likelihood.OpticalLightCurve'>
06:02 INFO    : Analysis likelihood noise evidence: 0.0
06:02 INFO    : em_syserr=1.0
06:02 INFO    : luminosity_distance=LogUniform(minimum=1, maximum=500, name='luminosity_distance', latex_label='$D_L$', unit=None, boundary=None)
06:02 INFO    : Analysis likelihood noise evidence: 0.0
06:02 INFO    : luminosity_distance=LogUniform(minimum=1, maximum=500, name='luminosity_distance', latex_label='$D_L$', unit=None, boundary=None)
06:02 INFO    : Analysis likelihood noise evidence: 0.0
06:02 INFO    : Analysis likelihood class: <class 'nmma.em.likelihood.OpticalLightCurve'>
06:02 INFO    : Ebv=0.0
06:02 INFO    : Analysis likelihood noise evidence: 0.0
06:02 INFO    : inclination_EM=Sine(minimum=0.0, maximum=1.5707963267948966, name='inclination_EM', latex_label='$\\iota$', unit=None, boundary=None)
06:02 INFO    : inclination_EM=Sine(minimum=0.0, maximum=1.5707963267948966, name='inclination_EM', latex_label='$\\iota$', unit=None, boundary=None)
06:02 INFO    : luminosity_distance=LogUniform(minimum=1, maximum=500, name='luminosity_distance', latex_label='$D_L$', unit=None, boundary=None)
06:02 INFO    : Analysis likelihood noise evidence: 0.0
06:02 INFO    : Analysis likelihood noise evidence: 0.0
06:02 INFO    : luminosity_distance=LogUniform(minimum=1, maximum=500, name='luminosity_distance', latex_label='$D_L$', unit=None, boundary=None)
06:02 INFO    : Ebv=0.0
06:02 INFO    : luminosity_distance=LogUniform(minimum=1, maximum=500, name='luminosity_distance', latex_label='$D_L$', unit=None, boundary=None)
06:02 INFO    : Analysis likelihood noise evidence: 0.0
06:02 INFO    : Ebv=0.0
06:02 INFO    : luminosity_distance=LogUniform(minimum=1, maximum=500, name='luminosity_distance', latex_label='$D_L$', unit=None, boundary=None)
06:02 INFO    : Analysis likelihood noise evidence: 0.0
06:02 INFO    : Analysis likelihood class: <class 'nmma.em.likelihood.OpticalLightCurve'>
06:02 INFO    : luminosity_distance=LogUniform(minimum=1, maximum=500, name='luminosity_distance', latex_label='$D_L$', unit=None, boundary=None)
06:02 INFO    : timeshift=0.0
06:02 INFO    : timeshift=0.0
06:02 INFO    : luminosity_distance=LogUniform(minimum=1, maximum=500, name='luminosity_distance', latex_label='$D_L$', unit=None, boundary=None)
06:02 INFO    : luminosity_distance=LogUniform(minimum=1, maximum=500, name='luminosity_distance', latex_label='$D_L$', unit=None, boundary=None)
06:02 INFO    : timeshift=0.0
06:02 INFO    : Analysis likelihood class: <class 'nmma.em.likelihood.OpticalLightCurve'>
06:02 INFO    : timeshift=0.0
06:02 INFO    : Analysis likelihood class: <class 'nmma.em.likelihood.OpticalLightCurve'>
06:02 INFO    : timeshift=0.0
06:02 INFO    : luminosity_distance=LogUniform(minimum=1, maximum=500, name='luminosity_distance', latex_label='$D_L$', unit=None, boundary=None)
06:02 INFO    : timeshift=0.0
06:02 INFO    : Analysis likelihood noise evidence: 0.0
06:02 INFO    : luminosity_distance=LogUniform(minimum=1, maximum=500, name='luminosity_distance', latex_label='$D_L$', unit=None, boundary=None)
06:02 INFO    : em_syserr=1.0
06:02 INFO    : em_syserr=1.0
06:02 INFO    : em_syserr=1.0
06:02 INFO    : timeshift=0.0
06:02 INFO    : timeshift=0.0
06:02 INFO    : Analysis likelihood noise evidence: 0.0
06:02 INFO    : timeshift=0.0
06:02 INFO    : em_syserr=1.0
06:02 INFO    : em_syserr=1.0
06:02 INFO    : luminosity_distance=LogUniform(minimum=1, maximum=500, name='luminosity_distance', latex_label='$D_L$', unit=None, boundary=None)
06:02 INFO    : Analysis likelihood noise evidence: 0.0
06:02 INFO    : em_syserr=1.0
06:02 INFO    : timeshift=0.0
06:02 INFO    : Ebv=0.0
06:02 INFO    : Ebv=0.0
06:02 INFO    : Ebv=0.0
06:02 INFO    : em_syserr=1.0
06:02 INFO    : timeshift=0.0
06:02 INFO    : em_syserr=1.0
06:02 INFO    : Ebv=0.0
06:02 INFO    : Ebv=0.0
06:02 INFO    : em_syserr=1.0
06:02 INFO    : Ebv=0.0
06:02 INFO    : timeshift=0.0
06:02 INFO    : luminosity_distance=LogUniform(minimum=1, maximum=500, name='luminosity_distance', latex_label='$D_L$', unit=None, boundary=None)
06:02 INFO    : em_syserr=1.0
06:02 INFO    : luminosity_distance=LogUniform(minimum=1, maximum=500, name='luminosity_distance', latex_label='$D_L$', unit=None, boundary=None)
06:02 INFO    : Analysis likelihood class: <class 'nmma.em.likelihood.OpticalLightCurve'>
06:02 INFO    : Ebv=0.0
06:02 INFO    : Analysis likelihood class: <class 'nmma.em.likelihood.OpticalLightCurve'>
06:02 INFO    : Analysis likelihood class: <class 'nmma.em.likelihood.OpticalLightCurve'>
06:02 INFO    : em_syserr=1.0
06:02 INFO    : Ebv=0.0
06:02 INFO    : KNphi=Uniform(minimum=15.0, maximum=75.0, name='KNphi', latex_label='$\\Phi$', unit=None, boundary=None)
06:02 INFO    : Ebv=0.0
06:02 INFO    : em_syserr=1.0
06:02 INFO    : Analysis likelihood class: <class 'nmma.em.likelihood.OpticalLightCurve'>
06:02 INFO    : Analysis likelihood class: <class 'nmma.em.likelihood.OpticalLightCurve'>
06:02 INFO    : Analysis likelihood class: <class 'nmma.em.likelihood.OpticalLightCurve'>
06:02 INFO    : Ebv=0.0
06:02 INFO    : Analysis likelihood noise evidence: 0.0
06:02 INFO    : KNphi=Uniform(minimum=15.0, maximum=75.0, name='KNphi', latex_label='$\\Phi$', unit=None, boundary=None)
06:02 INFO    : timeshift=0.0
06:02 INFO    : timeshift=0.0
06:02 INFO    : Analysis likelihood class: <class 'nmma.em.likelihood.OpticalLightCurve'>
06:02 INFO    : Analysis likelihood noise evidence: 0.0
06:02 INFO    : Ebv=0.0
06:02 INFO    : Analysis likelihood noise evidence: 0.0
06:02 INFO    : Analysis likelihood class: <class 'nmma.em.likelihood.OpticalLightCurve'>
06:02 INFO    : Ebv=0.0
06:02 INFO    : Analysis likelihood class: <class 'nmma.em.likelihood.OpticalLightCurve'>
06:02 INFO    : Analysis likelihood noise evidence: 0.0
06:02 INFO    : Analysis likelihood noise evidence: 0.0
06:02 INFO    : Analysis likelihood noise evidence: 0.0
06:02 INFO    : Analysis likelihood class: <class 'nmma.em.likelihood.OpticalLightCurve'>
06:02 INFO    : em_syserr=1.0
06:02 INFO    : em_syserr=1.0
06:02 INFO    : Analysis likelihood class: <class 'nmma.em.likelihood.OpticalLightCurve'>
06:02 INFO    : Analysis likelihood noise evidence: 0.0
06:02 INFO    : Analysis likelihood class: <class 'nmma.em.likelihood.OpticalLightCurve'>
06:02 INFO    : Analysis likelihood noise evidence: 0.0
06:02 INFO    : Analysis likelihood noise evidence: 0.0
06:02 INFO    : Analysis likelihood noise evidence: 0.0
06:02 INFO    : Ebv=0.0
06:02 INFO    : Ebv=0.0
06:02 INFO    : Analysis likelihood noise evidence: 0.0
06:02 INFO    : Analysis likelihood noise evidence: 0.0
06:02 INFO    : log10_mej_dyn=Uniform(minimum=-3.0, maximum=-1.0, name='log10_mej_dyn', latex_label='$\\log_{10}M^{\\rm{dyn}}_{\\rm{ej}}$', unit=None, boundary='reflective')
06:02 INFO    : Analysis likelihood class: <class 'nmma.em.likelihood.OpticalLightCurve'>
06:02 INFO    : Analysis likelihood class: <class 'nmma.em.likelihood.OpticalLightCurve'>
06:02 INFO    : log10_mej_dyn=Uniform(minimum=-3.0, maximum=-1.0, name='log10_mej_dyn', latex_label='$\\log_{10}M^{\\rm{dyn}}_{\\rm{ej}}$', unit=None, boundary='reflective')
06:02 INFO    : Analysis likelihood noise evidence: 0.0
06:02 INFO    : Analysis likelihood noise evidence: 0.0
06:02 INFO    : log10_mej_wind=Uniform(minimum=-3.0, maximum=-0.5, name='log10_mej_wind', latex_label='$\\log_{10}M^{\\rm{wind}}_{\\rm{ej}}$', unit=None, boundary='reflective')
06:02 INFO    : log10_mej_wind=Uniform(minimum=-3.0, maximum=-0.5, name='log10_mej_wind', latex_label='$\\log_{10}M^{\\rm{wind}}_{\\rm{ej}}$', unit=None, boundary='reflective')
06:02 INFO    : inclination_EM=Sine(minimum=0.0, maximum=1.5707963267948966, name='inclination_EM', latex_label='$\\iota$', unit=None, boundary=None)
06:02 INFO    : Analysis priors:
06:02 INFO    : KNphi=Uniform(minimum=15.0, maximum=75.0, name='KNphi', latex_label='$\\Phi$', unit=None, boundary=None)
06:02 INFO    : inclination_EM=Sine(minimum=0.0, maximum=1.5707963267948966, name='inclination_EM', latex_label='$\\iota$', unit=None, boundary=None)
06:02 INFO    : luminosity_distance=LogUniform(minimum=1, maximum=500, name='luminosity_distance', latex_label='$D_L$', unit=None, boundary=None)
06:02 INFO    : timeshift=0.0
06:02 INFO    : luminosity_distance=LogUniform(minimum=1, maximum=500, name='luminosity_distance', latex_label='$D_L$', unit=None, boundary=None)
06:02 INFO    : em_syserr=1.0
06:02 INFO    : timeshift=0.0
06:02 INFO    : Ebv=0.0
06:02 INFO    : KNphi=Uniform(minimum=15.0, maximum=75.0, name='KNphi', latex_label='$\\Phi$', unit=None, boundary=None)
06:02 INFO    : em_syserr=1.0
06:02 INFO    : Analysis likelihood class: <class 'nmma.em.likelihood.OpticalLightCurve'>
06:02 INFO    : Ebv=0.0
06:02 INFO    : Analysis likelihood noise evidence: 0.0
06:02 INFO    : Analysis likelihood class: <class 'nmma.em.likelihood.OpticalLightCurve'>
06:02 INFO    : Analysis likelihood noise evidence: 0.0
06:02 INFO    : log10_mej_dyn=Uniform(minimum=-3.0, maximum=-1.0, name='log10_mej_dyn', latex_label='$\\log_{10}M^{\\rm{dyn}}_{\\rm{ej}}$', unit=None, boundary='reflective')
06:02 INFO    : log10_mej_dyn=Uniform(minimum=-3.0, maximum=-1.0, name='log10_mej_dyn', latex_label='$\\log_{10}M^{\\rm{dyn}}_{\\rm{ej}}$', unit=None, boundary='reflective')
06:02 INFO    : log10_mej_wind=Uniform(minimum=-3.0, maximum=-0.5, name='log10_mej_wind', latex_label='$\\log_{10}M^{\\rm{wind}}_{\\rm{ej}}$', unit=None, boundary='reflective')
06:02 INFO    : luminosity_distance=LogUniform(minimum=1, maximum=500, name='luminosity_distance', latex_label='$D_L$', unit=None, boundary=None)
06:02 INFO    : log10_mej_wind=Uniform(minimum=-3.0, maximum=-0.5, name='log10_mej_wind', latex_label='$\\log_{10}M^{\\rm{wind}}_{\\rm{ej}}$', unit=None, boundary='reflective')
06:02 INFO    : timeshift=0.0
06:02 INFO    : em_syserr=1.0
06:02 INFO    : inclination_EM=Sine(minimum=0.0, maximum=1.5707963267948966, name='inclination_EM', latex_label='$\\iota$', unit=None, boundary=None)
06:02 INFO    : Ebv=0.0
06:02 INFO    : Analysis likelihood class: <class 'nmma.em.likelihood.OpticalLightCurve'>
06:02 INFO    : inclination_EM=Sine(minimum=0.0, maximum=1.5707963267948966, name='inclination_EM', latex_label='$\\iota$', unit=None, boundary=None)
06:02 INFO    : Analysis likelihood noise evidence: 0.0
06:02 INFO    : luminosity_distance=LogUniform(minimum=1, maximum=500, name='luminosity_distance', latex_label='$D_L$', unit=None, boundary=None)
06:02 INFO    : timeshift=0.0
06:02 INFO    : luminosity_distance=LogUniform(minimum=1, maximum=500, name='luminosity_distance', latex_label='$D_L$', unit=None, boundary=None)
06:02 INFO    : em_syserr=1.0
06:02 INFO    : Ebv=0.0
06:02 INFO    : timeshift=0.0
06:02 INFO    : Analysis likelihood class: <class 'nmma.em.likelihood.OpticalLightCurve'>
06:02 INFO    : em_syserr=1.0
06:02 INFO    : Ebv=0.0
06:02 INFO    : Analysis likelihood noise evidence: 0.0
06:02 INFO    : Analysis likelihood class: <class 'nmma.em.likelihood.OpticalLightCurve'>
06:02 INFO    : Analysis likelihood noise evidence: 0.0
06:02 INFO    : Single likelihood evaluation took 1.625e-01 s
06:02 INFO    : Single likelihood evaluation took 1.636e-01 s
06:02 WARNING : Supplied argument 'queue_size' not an argument of 'Pymultinest', removing.
06:02 WARNING : Supplied argument 'check_point_delta_t' not an argument of 'Pymultinest', removing.
06:02 INFO    : Using sampler Pymultinest with kwargs {'importance_nested_sampling': False, 'resume': True, 'verbose': True, 'sampling_efficiency': 'parameter', 'n_live_points': 2048, 'n_params': 5, 'n_clustering_params': None, 'wrapped_params': None, 'multimodal': True, 'const_efficiency_mode': False, 'evidence_tolerance': 0.5, 'n_iter_before_update': 100, 'null_log_evidence': -1e+90, 'max_modes': 100, 'mode_tolerance': -1e+90, 'seed': 42, 'context': 0, 'write_output': True, 'log_zero': -1e+100, 'max_iter': 0, 'init_MPI': False, 'dump_callback': <bound method Pymultinest._dump_callback of <bilby.core.sampler.pymultinest.Pymultinest object at 0x1555347d3f40>>}
06:02 INFO    : Temporary directory incompatible with MPI, will run in original directory
06:02 INFO    : Using output file outdirBNSBu32cores/pm_Simu2019lm/
06:02 INFO    : Single likelihood evaluation took 1.647e-01 s
06:02 INFO    : Single likelihood evaluation took 1.649e-01 s
06:02 WARNING : Supplied argument 'queue_size' not an argument of 'Pymultinest', removing.
06:02 WARNING : Supplied argument 'check_point_delta_t' not an argument of 'Pymultinest', removing.
06:02 INFO    : Using sampler Pymultinest with kwargs {'importance_nested_sampling': False, 'resume': True, 'verbose': True, 'sampling_efficiency': 'parameter', 'n_live_points': 2048, 'n_params': 5, 'n_clustering_params': None, 'wrapped_params': None, 'multimodal': True, 'const_efficiency_mode': False, 'evidence_tolerance': 0.5, 'n_iter_before_update': 100, 'null_log_evidence': -1e+90, 'max_modes': 100, 'mode_tolerance': -1e+90, 'seed': 42, 'context': 0, 'write_output': True, 'log_zero': -1e+100, 'max_iter': 0, 'init_MPI': False, 'dump_callback': <bound method Pymultinest._dump_callback of <bilby.core.sampler.pymultinest.Pymultinest object at 0x1555347d7e80>>}
06:02 INFO    : Temporary directory incompatible with MPI, will run in original directory
06:02 INFO    : Using output file outdirBNSBu32cores/pm_Simu2019lm/
06:02 WARNING : Supplied argument 'queue_size' not an argument of 'Pymultinest', removing.
06:02 WARNING : Supplied argument 'check_point_delta_t' not an argument of 'Pymultinest', removing.
06:02 INFO    : Using sampler Pymultinest with kwargs {'importance_nested_sampling': False, 'resume': True, 'verbose': True, 'sampling_efficiency': 'parameter', 'n_live_points': 2048, 'n_params': 5, 'n_clustering_params': None, 'wrapped_params': None, 'multimodal': True, 'const_efficiency_mode': False, 'evidence_tolerance': 0.5, 'n_iter_before_update': 100, 'null_log_evidence': -1e+90, 'max_modes': 100, 'mode_tolerance': -1e+90, 'seed': 42, 'context': 0, 'write_output': True, 'log_zero': -1e+100, 'max_iter': 0, 'init_MPI': False, 'dump_callback': <bound method Pymultinest._dump_callback of <bilby.core.sampler.pymultinest.Pymultinest object at 0x1555347dbeb0>>}
06:02 INFO    : Temporary directory incompatible with MPI, will run in original directory
06:02 INFO    : Using output file outdirBNSBu32cores/pm_Simu2019lm/
06:02 WARNING : Supplied argument 'queue_size' not an argument of 'Pymultinest', removing.
06:02 WARNING : Supplied argument 'check_point_delta_t' not an argument of 'Pymultinest', removing.
06:02 INFO    : Using sampler Pymultinest with kwargs {'importance_nested_sampling': False, 'resume': True, 'verbose': True, 'sampling_efficiency': 'parameter', 'n_live_points': 2048, 'n_params': 5, 'n_clustering_params': None, 'wrapped_params': None, 'multimodal': True, 'const_efficiency_mode': False, 'evidence_tolerance': 0.5, 'n_iter_before_update': 100, 'null_log_evidence': -1e+90, 'max_modes': 100, 'mode_tolerance': -1e+90, 'seed': 42, 'context': 0, 'write_output': True, 'log_zero': -1e+100, 'max_iter': 0, 'init_MPI': False, 'dump_callback': <bound method Pymultinest._dump_callback of <bilby.core.sampler.pymultinest.Pymultinest object at 0x1555347d7f10>>}
06:02 INFO    : Temporary directory incompatible with MPI, will run in original directory
06:02 INFO    : Using output file outdirBNSBu32cores/pm_Simu2019lm/
06:02 INFO    : Single likelihood evaluation took 2.284e-01 s
06:02 INFO    : Single likelihood evaluation took 2.288e-01 s
06:02 WARNING : Supplied argument 'queue_size' not an argument of 'Pymultinest', removing.
06:02 WARNING : Supplied argument 'check_point_delta_t' not an argument of 'Pymultinest', removing.
06:02 INFO    : Using sampler Pymultinest with kwargs {'importance_nested_sampling': False, 'resume': True, 'verbose': True, 'sampling_efficiency': 'parameter', 'n_live_points': 2048, 'n_params': 5, 'n_clustering_params': None, 'wrapped_params': None, 'multimodal': True, 'const_efficiency_mode': False, 'evidence_tolerance': 0.5, 'n_iter_before_update': 100, 'null_log_evidence': -1e+90, 'max_modes': 100, 'mode_tolerance': -1e+90, 'seed': 42, 'context': 0, 'write_output': True, 'log_zero': -1e+100, 'max_iter': 0, 'init_MPI': False, 'dump_callback': <bound method Pymultinest._dump_callback of <bilby.core.sampler.pymultinest.Pymultinest object at 0x1555127cbf40>>}
06:02 INFO    : Temporary directory incompatible with MPI, will run in original directory
06:02 INFO    : Using output file outdirBNSBu32cores/pm_Simu2019lm/
06:02 WARNING : Supplied argument 'queue_size' not an argument of 'Pymultinest', removing.
06:02 WARNING : Supplied argument 'check_point_delta_t' not an argument of 'Pymultinest', removing.
06:02 INFO    : Using sampler Pymultinest with kwargs {'importance_nested_sampling': False, 'resume': True, 'verbose': True, 'sampling_efficiency': 'parameter', 'n_live_points': 2048, 'n_params': 5, 'n_clustering_params': None, 'wrapped_params': None, 'multimodal': True, 'const_efficiency_mode': False, 'evidence_tolerance': 0.5, 'n_iter_before_update': 100, 'null_log_evidence': -1e+90, 'max_modes': 100, 'mode_tolerance': -1e+90, 'seed': 42, 'context': 0, 'write_output': True, 'log_zero': -1e+100, 'max_iter': 0, 'init_MPI': False, 'dump_callback': <bound method Pymultinest._dump_callback of <bilby.core.sampler.pymultinest.Pymultinest object at 0x1555127c3f70>>}
06:02 INFO    : Temporary directory incompatible with MPI, will run in original directory
06:02 INFO    : Using output file outdirBNSBu32cores/pm_Simu2019lm/
06:03 INFO    : Single likelihood evaluation took 2.622e-01 s
06:03 INFO    : Single likelihood evaluation took 2.621e-01 s
06:03 INFO    : Single likelihood evaluation took 2.621e-01 s
06:03 WARNING : Supplied argument 'queue_size' not an argument of 'Pymultinest', removing.
06:03 WARNING : Supplied argument 'check_point_delta_t' not an argument of 'Pymultinest', removing.
06:03 INFO    : Using sampler Pymultinest with kwargs {'importance_nested_sampling': False, 'resume': True, 'verbose': True, 'sampling_efficiency': 'parameter', 'n_live_points': 2048, 'n_params': 5, 'n_clustering_params': None, 'wrapped_params': None, 'multimodal': True, 'const_efficiency_mode': False, 'evidence_tolerance': 0.5, 'n_iter_before_update': 100, 'null_log_evidence': -1e+90, 'max_modes': 100, 'mode_tolerance': -1e+90, 'seed': 42, 'context': 0, 'write_output': True, 'log_zero': -1e+100, 'max_iter': 0, 'init_MPI': False, 'dump_callback': <bound method Pymultinest._dump_callback of <bilby.core.sampler.pymultinest.Pymultinest object at 0x1555127c3eb0>>}
06:03 INFO    : Temporary directory incompatible with MPI, will run in original directory
06:03 INFO    : Using output file outdirBNSBu32cores/pm_Simu2019lm/
06:03 WARNING : Supplied argument 'queue_size' not an argument of 'Pymultinest', removing.
06:03 WARNING : Supplied argument 'check_point_delta_t' not an argument of 'Pymultinest', removing.
06:03 INFO    : Using sampler Pymultinest with kwargs {'importance_nested_sampling': False, 'resume': True, 'verbose': True, 'sampling_efficiency': 'parameter', 'n_live_points': 2048, 'n_params': 5, 'n_clustering_params': None, 'wrapped_params': None, 'multimodal': True, 'const_efficiency_mode': False, 'evidence_tolerance': 0.5, 'n_iter_before_update': 100, 'null_log_evidence': -1e+90, 'max_modes': 100, 'mode_tolerance': -1e+90, 'seed': 42, 'context': 0, 'write_output': True, 'log_zero': -1e+100, 'max_iter': 0, 'init_MPI': False, 'dump_callback': <bound method Pymultinest._dump_callback of <bilby.core.sampler.pymultinest.Pymultinest object at 0x1555127bfeb0>>}
06:03 INFO    : Temporary directory incompatible with MPI, will run in original directory
06:03 INFO    : Using output file outdirBNSBu32cores/pm_Simu2019lm/
06:03 WARNING : Supplied argument 'queue_size' not an argument of 'Pymultinest', removing.
06:03 WARNING : Supplied argument 'check_point_delta_t' not an argument of 'Pymultinest', removing.
06:03 INFO    : Using sampler Pymultinest with kwargs {'importance_nested_sampling': False, 'resume': True, 'verbose': True, 'sampling_efficiency': 'parameter', 'n_live_points': 2048, 'n_params': 5, 'n_clustering_params': None, 'wrapped_params': None, 'multimodal': True, 'const_efficiency_mode': False, 'evidence_tolerance': 0.5, 'n_iter_before_update': 100, 'null_log_evidence': -1e+90, 'max_modes': 100, 'mode_tolerance': -1e+90, 'seed': 42, 'context': 0, 'write_output': True, 'log_zero': -1e+100, 'max_iter': 0, 'init_MPI': False, 'dump_callback': <bound method Pymultinest._dump_callback of <bilby.core.sampler.pymultinest.Pymultinest object at 0x1555127c7eb0>>}
06:03 INFO    : Temporary directory incompatible with MPI, will run in original directory
06:03 INFO    : Using output file outdirBNSBu32cores/pm_Simu2019lm/
06:03 INFO    : Single likelihood evaluation took 2.952e-01 s
06:03 INFO    : Single likelihood evaluation took 2.955e-01 s
06:03 INFO    : Single likelihood evaluation took 2.972e-01 s
06:03 WARNING : Supplied argument 'queue_size' not an argument of 'Pymultinest', removing.
06:03 WARNING : Supplied argument 'check_point_delta_t' not an argument of 'Pymultinest', removing.
06:03 INFO    : Using sampler Pymultinest with kwargs {'importance_nested_sampling': False, 'resume': True, 'verbose': True, 'sampling_efficiency': 'parameter', 'n_live_points': 2048, 'n_params': 5, 'n_clustering_params': None, 'wrapped_params': None, 'multimodal': True, 'const_efficiency_mode': False, 'evidence_tolerance': 0.5, 'n_iter_before_update': 100, 'null_log_evidence': -1e+90, 'max_modes': 100, 'mode_tolerance': -1e+90, 'seed': 42, 'context': 0, 'write_output': True, 'log_zero': -1e+100, 'max_iter': 0, 'init_MPI': False, 'dump_callback': <bound method Pymultinest._dump_callback of <bilby.core.sampler.pymultinest.Pymultinest object at 0x1555127c3e80>>}
06:03 INFO    : Temporary directory incompatible with MPI, will run in original directory
06:03 INFO    : Using output file outdirBNSBu32cores/pm_Simu2019lm/
06:03 WARNING : Supplied argument 'queue_size' not an argument of 'Pymultinest', removing.
06:03 WARNING : Supplied argument 'check_point_delta_t' not an argument of 'Pymultinest', removing.
06:03 INFO    : Using sampler Pymultinest with kwargs {'importance_nested_sampling': False, 'resume': True, 'verbose': True, 'sampling_efficiency': 'parameter', 'n_live_points': 2048, 'n_params': 5, 'n_clustering_params': None, 'wrapped_params': None, 'multimodal': True, 'const_efficiency_mode': False, 'evidence_tolerance': 0.5, 'n_iter_before_update': 100, 'null_log_evidence': -1e+90, 'max_modes': 100, 'mode_tolerance': -1e+90, 'seed': 42, 'context': 0, 'write_output': True, 'log_zero': -1e+100, 'max_iter': 0, 'init_MPI': False, 'dump_callback': <bound method Pymultinest._dump_callback of <bilby.core.sampler.pymultinest.Pymultinest object at 0x1555127c3fa0>>}
06:03 INFO    : Temporary directory incompatible with MPI, will run in original directory
06:03 INFO    : Using output file outdirBNSBu32cores/pm_Simu2019lm/
06:03 WARNING : Supplied argument 'queue_size' not an argument of 'Pymultinest', removing.
06:03 WARNING : Supplied argument 'check_point_delta_t' not an argument of 'Pymultinest', removing.
06:03 INFO    : Using sampler Pymultinest with kwargs {'importance_nested_sampling': False, 'resume': True, 'verbose': True, 'sampling_efficiency': 'parameter', 'n_live_points': 2048, 'n_params': 5, 'n_clustering_params': None, 'wrapped_params': None, 'multimodal': True, 'const_efficiency_mode': False, 'evidence_tolerance': 0.5, 'n_iter_before_update': 100, 'null_log_evidence': -1e+90, 'max_modes': 100, 'mode_tolerance': -1e+90, 'seed': 42, 'context': 0, 'write_output': True, 'log_zero': -1e+100, 'max_iter': 0, 'init_MPI': False, 'dump_callback': <bound method Pymultinest._dump_callback of <bilby.core.sampler.pymultinest.Pymultinest object at 0x1555127c7eb0>>}
06:03 INFO    : Temporary directory incompatible with MPI, will run in original directory
06:03 INFO    : Using output file outdirBNSBu32cores/pm_Simu2019lm/
06:03 INFO    : Single likelihood evaluation took 3.300e-01 s
06:03 INFO    : Single likelihood evaluation took 3.300e-01 s
06:03 INFO    : Single likelihood evaluation took 3.304e-01 s
06:03 INFO    : Single likelihood evaluation took 3.304e-01 s
06:03 WARNING : Supplied argument 'queue_size' not an argument of 'Pymultinest', removing.
06:03 WARNING : Supplied argument 'check_point_delta_t' not an argument of 'Pymultinest', removing.
06:03 INFO    : Using sampler Pymultinest with kwargs {'importance_nested_sampling': False, 'resume': True, 'verbose': True, 'sampling_efficiency': 'parameter', 'n_live_points': 2048, 'n_params': 5, 'n_clustering_params': None, 'wrapped_params': None, 'multimodal': True, 'const_efficiency_mode': False, 'evidence_tolerance': 0.5, 'n_iter_before_update': 100, 'null_log_evidence': -1e+90, 'max_modes': 100, 'mode_tolerance': -1e+90, 'seed': 42, 'context': 0, 'write_output': True, 'log_zero': -1e+100, 'max_iter': 0, 'init_MPI': False, 'dump_callback': <bound method Pymultinest._dump_callback of <bilby.core.sampler.pymultinest.Pymultinest object at 0x1555127936a0>>}
06:03 INFO    : Temporary directory incompatible with MPI, will run in original directory
06:03 INFO    : Using output file outdirBNSBu32cores/pm_Simu2019lm/
06:03 WARNING : Supplied argument 'queue_size' not an argument of 'Pymultinest', removing.
06:03 WARNING : Supplied argument 'check_point_delta_t' not an argument of 'Pymultinest', removing.
06:03 INFO    : Using sampler Pymultinest with kwargs {'importance_nested_sampling': False, 'resume': True, 'verbose': True, 'sampling_efficiency': 'parameter', 'n_live_points': 2048, 'n_params': 5, 'n_clustering_params': None, 'wrapped_params': None, 'multimodal': True, 'const_efficiency_mode': False, 'evidence_tolerance': 0.5, 'n_iter_before_update': 100, 'null_log_evidence': -1e+90, 'max_modes': 100, 'mode_tolerance': -1e+90, 'seed': 42, 'context': 0, 'write_output': True, 'log_zero': -1e+100, 'max_iter': 0, 'init_MPI': False, 'dump_callback': <bound method Pymultinest._dump_callback of <bilby.core.sampler.pymultinest.Pymultinest object at 0x1555127c7eb0>>}
06:03 INFO    : Temporary directory incompatible with MPI, will run in original directory
06:03 INFO    : Using output file outdirBNSBu32cores/pm_Simu2019lm/
06:03 WARNING : Supplied argument 'queue_size' not an argument of 'Pymultinest', removing.
06:03 WARNING : Supplied argument 'queue_size' not an argument of 'Pymultinest', removing.
06:03 WARNING : Supplied argument 'check_point_delta_t' not an argument of 'Pymultinest', removing.
06:03 WARNING : Supplied argument 'check_point_delta_t' not an argument of 'Pymultinest', removing.
06:03 INFO    : Using sampler Pymultinest with kwargs {'importance_nested_sampling': False, 'resume': True, 'verbose': True, 'sampling_efficiency': 'parameter', 'n_live_points': 2048, 'n_params': 5, 'n_clustering_params': None, 'wrapped_params': None, 'multimodal': True, 'const_efficiency_mode': False, 'evidence_tolerance': 0.5, 'n_iter_before_update': 100, 'null_log_evidence': -1e+90, 'max_modes': 100, 'mode_tolerance': -1e+90, 'seed': 42, 'context': 0, 'write_output': True, 'log_zero': -1e+100, 'max_iter': 0, 'init_MPI': False, 'dump_callback': <bound method Pymultinest._dump_callback of <bilby.core.sampler.pymultinest.Pymultinest object at 0x1555127bff40>>}
06:03 INFO    : Using sampler Pymultinest with kwargs {'importance_nested_sampling': False, 'resume': True, 'verbose': True, 'sampling_efficiency': 'parameter', 'n_live_points': 2048, 'n_params': 5, 'n_clustering_params': None, 'wrapped_params': None, 'multimodal': True, 'const_efficiency_mode': False, 'evidence_tolerance': 0.5, 'n_iter_before_update': 100, 'null_log_evidence': -1e+90, 'max_modes': 100, 'mode_tolerance': -1e+90, 'seed': 42, 'context': 0, 'write_output': True, 'log_zero': -1e+100, 'max_iter': 0, 'init_MPI': False, 'dump_callback': <bound method Pymultinest._dump_callback of <bilby.core.sampler.pymultinest.Pymultinest object at 0x1555127c7fa0>>}
06:03 INFO    : Temporary directory incompatible with MPI, will run in original directory
06:03 INFO    : Temporary directory incompatible with MPI, will run in original directory
06:03 INFO    : Using output file outdirBNSBu32cores/pm_Simu2019lm/
06:03 INFO    : Using output file outdirBNSBu32cores/pm_Simu2019lm/
06:03 INFO    : Single likelihood evaluation took 3.963e-01 s
06:03 INFO    : Single likelihood evaluation took 3.994e-01 s
06:03 WARNING : Supplied argument 'queue_size' not an argument of 'Pymultinest', removing.
06:03 WARNING : Supplied argument 'check_point_delta_t' not an argument of 'Pymultinest', removing.
06:03 INFO    : Using sampler Pymultinest with kwargs {'importance_nested_sampling': False, 'resume': True, 'verbose': True, 'sampling_efficiency': 'parameter', 'n_live_points': 2048, 'n_params': 5, 'n_clustering_params': None, 'wrapped_params': None, 'multimodal': True, 'const_efficiency_mode': False, 'evidence_tolerance': 0.5, 'n_iter_before_update': 100, 'null_log_evidence': -1e+90, 'max_modes': 100, 'mode_tolerance': -1e+90, 'seed': 42, 'context': 0, 'write_output': True, 'log_zero': -1e+100, 'max_iter': 0, 'init_MPI': False, 'dump_callback': <bound method Pymultinest._dump_callback of <bilby.core.sampler.pymultinest.Pymultinest object at 0x1555017bfee0>>}
06:03 INFO    : Temporary directory incompatible with MPI, will run in original directory
06:03 INFO    : Using output file outdirBNSBu32cores/pm_Simu2019lm/
06:03 INFO    : Single likelihood evaluation took 4.002e-01 s
06:03 INFO    : Single likelihood evaluation took 4.003e-01 s
06:03 INFO    : Single likelihood evaluation took 4.007e-01 s
06:03 INFO    : Single likelihood evaluation took 4.008e-01 s
06:03 INFO    : Single likelihood evaluation took 4.012e-01 s
06:03 INFO    : Single likelihood evaluation took 4.012e-01 s
06:03 WARNING : Supplied argument 'queue_size' not an argument of 'Pymultinest', removing.
06:03 WARNING : Supplied argument 'check_point_delta_t' not an argument of 'Pymultinest', removing.
06:03 INFO    : Using sampler Pymultinest with kwargs {'importance_nested_sampling': False, 'resume': True, 'verbose': True, 'sampling_efficiency': 'parameter', 'n_live_points': 2048, 'n_params': 5, 'n_clustering_params': None, 'wrapped_params': None, 'multimodal': True, 'const_efficiency_mode': False, 'evidence_tolerance': 0.5, 'n_iter_before_update': 100, 'null_log_evidence': -1e+90, 'max_modes': 100, 'mode_tolerance': -1e+90, 'seed': 42, 'context': 0, 'write_output': True, 'log_zero': -1e+100, 'max_iter': 0, 'init_MPI': False, 'dump_callback': <bound method Pymultinest._dump_callback of <bilby.core.sampler.pymultinest.Pymultinest object at 0x1555017bbf70>>}
06:03 INFO    : Temporary directory incompatible with MPI, will run in original directory
06:03 INFO    : Using output file outdirBNSBu32cores/pm_Simu2019lm/
06:03 WARNING : Supplied argument 'queue_size' not an argument of 'Pymultinest', removing.
06:03 WARNING : Supplied argument 'check_point_delta_t' not an argument of 'Pymultinest', removing.
06:03 INFO    : Using sampler Pymultinest with kwargs {'importance_nested_sampling': False, 'resume': True, 'verbose': True, 'sampling_efficiency': 'parameter', 'n_live_points': 2048, 'n_params': 5, 'n_clustering_params': None, 'wrapped_params': None, 'multimodal': True, 'const_efficiency_mode': False, 'evidence_tolerance': 0.5, 'n_iter_before_update': 100, 'null_log_evidence': -1e+90, 'max_modes': 100, 'mode_tolerance': -1e+90, 'seed': 42, 'context': 0, 'write_output': True, 'log_zero': -1e+100, 'max_iter': 0, 'init_MPI': False, 'dump_callback': <bound method Pymultinest._dump_callback of <bilby.core.sampler.pymultinest.Pymultinest object at 0x1555017bfe50>>}
06:03 INFO    : Temporary directory incompatible with MPI, will run in original directory
06:03 INFO    : Using output file outdirBNSBu32cores/pm_Simu2019lm/
06:03 INFO    : Single likelihood evaluation took 4.035e-01 s
06:03 WARNING : Supplied argument 'queue_size' not an argument of 'Pymultinest', removing.
06:03 WARNING : Supplied argument 'check_point_delta_t' not an argument of 'Pymultinest', removing.
06:03 INFO    : Using sampler Pymultinest with kwargs {'importance_nested_sampling': False, 'resume': True, 'verbose': True, 'sampling_efficiency': 'parameter', 'n_live_points': 2048, 'n_params': 5, 'n_clustering_params': None, 'wrapped_params': None, 'multimodal': True, 'const_efficiency_mode': False, 'evidence_tolerance': 0.5, 'n_iter_before_update': 100, 'null_log_evidence': -1e+90, 'max_modes': 100, 'mode_tolerance': -1e+90, 'seed': 42, 'context': 0, 'write_output': True, 'log_zero': -1e+100, 'max_iter': 0, 'init_MPI': False, 'dump_callback': <bound method Pymultinest._dump_callback of <bilby.core.sampler.pymultinest.Pymultinest object at 0x1555017bfeb0>>}
06:03 INFO    : Temporary directory incompatible with MPI, will run in original directory
06:03 INFO    : Using output file outdirBNSBu32cores/pm_Simu2019lm/
06:03 INFO    : Single likelihood evaluation took 4.040e-01 s
06:03 INFO    : Single likelihood evaluation took 4.040e-01 s
06:03 WARNING : Supplied argument 'queue_size' not an argument of 'Pymultinest', removing.
06:03 WARNING : Supplied argument 'check_point_delta_t' not an argument of 'Pymultinest', removing.
06:03 INFO    : Using sampler Pymultinest with kwargs {'importance_nested_sampling': False, 'resume': True, 'verbose': True, 'sampling_efficiency': 'parameter', 'n_live_points': 2048, 'n_params': 5, 'n_clustering_params': None, 'wrapped_params': None, 'multimodal': True, 'const_efficiency_mode': False, 'evidence_tolerance': 0.5, 'n_iter_before_update': 100, 'null_log_evidence': -1e+90, 'max_modes': 100, 'mode_tolerance': -1e+90, 'seed': 42, 'context': 0, 'write_output': True, 'log_zero': -1e+100, 'max_iter': 0, 'init_MPI': False, 'dump_callback': <bound method Pymultinest._dump_callback of <bilby.core.sampler.pymultinest.Pymultinest object at 0x1555017bff40>>}
06:03 INFO    : Temporary directory incompatible with MPI, will run in original directory
06:03 INFO    : Using output file outdirBNSBu32cores/pm_Simu2019lm/
06:03 INFO    : Single likelihood evaluation took 4.039e-01 s
06:03 WARNING : Supplied argument 'queue_size' not an argument of 'Pymultinest', removing.
06:03 WARNING : Supplied argument 'check_point_delta_t' not an argument of 'Pymultinest', removing.
06:03 INFO    : Using sampler Pymultinest with kwargs {'importance_nested_sampling': False, 'resume': True, 'verbose': True, 'sampling_efficiency': 'parameter', 'n_live_points': 2048, 'n_params': 5, 'n_clustering_params': None, 'wrapped_params': None, 'multimodal': True, 'const_efficiency_mode': False, 'evidence_tolerance': 0.5, 'n_iter_before_update': 100, 'null_log_evidence': -1e+90, 'max_modes': 100, 'mode_tolerance': -1e+90, 'seed': 42, 'context': 0, 'write_output': True, 'log_zero': -1e+100, 'max_iter': 0, 'init_MPI': False, 'dump_callback': <bound method Pymultinest._dump_callback of <bilby.core.sampler.pymultinest.Pymultinest object at 0x1555017bbe80>>}
06:03 INFO    : Temporary directory incompatible with MPI, will run in original directory
06:03 INFO    : Using output file outdirBNSBu32cores/pm_Simu2019lm/
06:03 WARNING : Supplied argument 'queue_size' not an argument of 'Pymultinest', removing.
06:03 WARNING : Supplied argument 'check_point_delta_t' not an argument of 'Pymultinest', removing.
06:03 INFO    : Using sampler Pymultinest with kwargs {'importance_nested_sampling': False, 'resume': True, 'verbose': True, 'sampling_efficiency': 'parameter', 'n_live_points': 2048, 'n_params': 5, 'n_clustering_params': None, 'wrapped_params': None, 'multimodal': True, 'const_efficiency_mode': False, 'evidence_tolerance': 0.5, 'n_iter_before_update': 100, 'null_log_evidence': -1e+90, 'max_modes': 100, 'mode_tolerance': -1e+90, 'seed': 42, 'context': 0, 'write_output': True, 'log_zero': -1e+100, 'max_iter': 0, 'init_MPI': False, 'dump_callback': <bound method Pymultinest._dump_callback of <bilby.core.sampler.pymultinest.Pymultinest object at 0x1555017bbf40>>}
06:03 INFO    : Temporary directory incompatible with MPI, will run in original directory
06:03 INFO    : Using output file outdirBNSBu32cores/pm_Simu2019lm/
06:03 INFO    : Single likelihood evaluation took 4.048e-01 s
06:03 INFO    : Single likelihood evaluation took 4.051e-01 s
06:03 WARNING : Supplied argument 'queue_size' not an argument of 'Pymultinest', removing.
06:03 WARNING : Supplied argument 'check_point_delta_t' not an argument of 'Pymultinest', removing.
06:03 INFO    : Using sampler Pymultinest with kwargs {'importance_nested_sampling': False, 'resume': True, 'verbose': True, 'sampling_efficiency': 'parameter', 'n_live_points': 2048, 'n_params': 5, 'n_clustering_params': None, 'wrapped_params': None, 'multimodal': True, 'const_efficiency_mode': False, 'evidence_tolerance': 0.5, 'n_iter_before_update': 100, 'null_log_evidence': -1e+90, 'max_modes': 100, 'mode_tolerance': -1e+90, 'seed': 42, 'context': 0, 'write_output': True, 'log_zero': -1e+100, 'max_iter': 0, 'init_MPI': False, 'dump_callback': <bound method Pymultinest._dump_callback of <bilby.core.sampler.pymultinest.Pymultinest object at 0x1555017bbeb0>>}
06:03 INFO    : Temporary directory incompatible with MPI, will run in original directory
06:03 INFO    : Using output file outdirBNSBu32cores/pm_Simu2019lm/
06:03 WARNING : Supplied argument 'queue_size' not an argument of 'Pymultinest', removing.
06:03 WARNING : Supplied argument 'check_point_delta_t' not an argument of 'Pymultinest', removing.
06:03 INFO    : Using sampler Pymultinest with kwargs {'importance_nested_sampling': False, 'resume': True, 'verbose': True, 'sampling_efficiency': 'parameter', 'n_live_points': 2048, 'n_params': 5, 'n_clustering_params': None, 'wrapped_params': None, 'multimodal': True, 'const_efficiency_mode': False, 'evidence_tolerance': 0.5, 'n_iter_before_update': 100, 'null_log_evidence': -1e+90, 'max_modes': 100, 'mode_tolerance': -1e+90, 'seed': 42, 'context': 0, 'write_output': True, 'log_zero': -1e+100, 'max_iter': 0, 'init_MPI': False, 'dump_callback': <bound method Pymultinest._dump_callback of <bilby.core.sampler.pymultinest.Pymultinest object at 0x1555017bbf70>>}
06:03 INFO    : Temporary directory incompatible with MPI, will run in original directory
06:03 INFO    : Using output file outdirBNSBu32cores/pm_Simu2019lm/
06:03 WARNING : Supplied argument 'queue_size' not an argument of 'Pymultinest', removing.
06:03 WARNING : Supplied argument 'check_point_delta_t' not an argument of 'Pymultinest', removing.
06:03 INFO    : Using sampler Pymultinest with kwargs {'importance_nested_sampling': False, 'resume': True, 'verbose': True, 'sampling_efficiency': 'parameter', 'n_live_points': 2048, 'n_params': 5, 'n_clustering_params': None, 'wrapped_params': None, 'multimodal': True, 'const_efficiency_mode': False, 'evidence_tolerance': 0.5, 'n_iter_before_update': 100, 'null_log_evidence': -1e+90, 'max_modes': 100, 'mode_tolerance': -1e+90, 'seed': 42, 'context': 0, 'write_output': True, 'log_zero': -1e+100, 'max_iter': 0, 'init_MPI': False, 'dump_callback': <bound method Pymultinest._dump_callback of <bilby.core.sampler.pymultinest.Pymultinest object at 0x1555017bbfa0>>}
06:03 INFO    : Temporary directory incompatible with MPI, will run in original directory
06:03 INFO    : Single likelihood evaluation took 4.058e-01 s
06:03 INFO    : Using output file outdirBNSBu32cores/pm_Simu2019lm/
06:03 WARNING : Supplied argument 'queue_size' not an argument of 'Pymultinest', removing.
06:03 WARNING : Supplied argument 'check_point_delta_t' not an argument of 'Pymultinest', removing.
06:03 INFO    : Using sampler Pymultinest with kwargs {'importance_nested_sampling': False, 'resume': True, 'verbose': True, 'sampling_efficiency': 'parameter', 'n_live_points': 2048, 'n_params': 5, 'n_clustering_params': None, 'wrapped_params': None, 'multimodal': True, 'const_efficiency_mode': False, 'evidence_tolerance': 0.5, 'n_iter_before_update': 100, 'null_log_evidence': -1e+90, 'max_modes': 100, 'mode_tolerance': -1e+90, 'seed': 42, 'context': 0, 'write_output': True, 'log_zero': -1e+100, 'max_iter': 0, 'init_MPI': False, 'dump_callback': <bound method Pymultinest._dump_callback of <bilby.core.sampler.pymultinest.Pymultinest object at 0x1555017bbf70>>}
06:03 INFO    : Temporary directory incompatible with MPI, will run in original directory
06:03 INFO    : Using output file outdirBNSBu32cores/pm_Simu2019lm/
06:03 INFO    : Single likelihood evaluation took 4.066e-01 s
06:03 WARNING : Supplied argument 'queue_size' not an argument of 'Pymultinest', removing.
06:03 WARNING : Supplied argument 'check_point_delta_t' not an argument of 'Pymultinest', removing.
06:03 INFO    : Using sampler Pymultinest with kwargs {'importance_nested_sampling': False, 'resume': True, 'verbose': True, 'sampling_efficiency': 'parameter', 'n_live_points': 2048, 'n_params': 5, 'n_clustering_params': None, 'wrapped_params': None, 'multimodal': True, 'const_efficiency_mode': False, 'evidence_tolerance': 0.5, 'n_iter_before_update': 100, 'null_log_evidence': -1e+90, 'max_modes': 100, 'mode_tolerance': -1e+90, 'seed': 42, 'context': 0, 'write_output': True, 'log_zero': -1e+100, 'max_iter': 0, 'init_MPI': False, 'dump_callback': <bound method Pymultinest._dump_callback of <bilby.core.sampler.pymultinest.Pymultinest object at 0x1555017bff40>>}
06:03 INFO    : Temporary directory incompatible with MPI, will run in original directory
06:03 INFO    : Using output file outdirBNSBu32cores/pm_Simu2019lm/
06:03 WARNING : Supplied argument 'queue_size' not an argument of 'Pymultinest', removing.
06:03 WARNING : Supplied argument 'check_point_delta_t' not an argument of 'Pymultinest', removing.
06:03 INFO    : Using sampler Pymultinest with kwargs {'importance_nested_sampling': False, 'resume': True, 'verbose': True, 'sampling_efficiency': 'parameter', 'n_live_points': 2048, 'n_params': 5, 'n_clustering_params': None, 'wrapped_params': None, 'multimodal': True, 'const_efficiency_mode': False, 'evidence_tolerance': 0.5, 'n_iter_before_update': 100, 'null_log_evidence': -1e+90, 'max_modes': 100, 'mode_tolerance': -1e+90, 'seed': 42, 'context': 0, 'write_output': True, 'log_zero': -1e+100, 'max_iter': 0, 'init_MPI': False, 'dump_callback': <bound method Pymultinest._dump_callback of <bilby.core.sampler.pymultinest.Pymultinest object at 0x1555017bff40>>}
06:03 INFO    : Temporary directory incompatible with MPI, will run in original directory
06:03 INFO    : Using output file outdirBNSBu32cores/pm_Simu2019lm/
06:03 WARNING : Supplied argument 'queue_size' not an argument of 'Pymultinest', removing.
06:03 WARNING : Supplied argument 'check_point_delta_t' not an argument of 'Pymultinest', removing.
06:03 INFO    : Using sampler Pymultinest with kwargs {'importance_nested_sampling': False, 'resume': True, 'verbose': True, 'sampling_efficiency': 'parameter', 'n_live_points': 2048, 'n_params': 5, 'n_clustering_params': None, 'wrapped_params': None, 'multimodal': True, 'const_efficiency_mode': False, 'evidence_tolerance': 0.5, 'n_iter_before_update': 100, 'null_log_evidence': -1e+90, 'max_modes': 100, 'mode_tolerance': -1e+90, 'seed': 42, 'context': 0, 'write_output': True, 'log_zero': -1e+100, 'max_iter': 0, 'init_MPI': False, 'dump_callback': <bound method Pymultinest._dump_callback of <bilby.core.sampler.pymultinest.Pymultinest object at 0x1555017bffa0>>}
06:03 INFO    : Temporary directory incompatible with MPI, will run in original directory
06:03 INFO    : Using output file outdirBNSBu32cores/pm_Simu2019lm/
06:03 WARNING : Supplied argument 'queue_size' not an argument of 'Pymultinest', removing.
06:03 WARNING : Supplied argument 'check_point_delta_t' not an argument of 'Pymultinest', removing.
06:03 INFO    : Using sampler Pymultinest with kwargs {'importance_nested_sampling': False, 'resume': True, 'verbose': True, 'sampling_efficiency': 'parameter', 'n_live_points': 2048, 'n_params': 5, 'n_clustering_params': None, 'wrapped_params': None, 'multimodal': True, 'const_efficiency_mode': False, 'evidence_tolerance': 0.5, 'n_iter_before_update': 100, 'null_log_evidence': -1e+90, 'max_modes': 100, 'mode_tolerance': -1e+90, 'seed': 42, 'context': 0, 'write_output': True, 'log_zero': -1e+100, 'max_iter': 0, 'init_MPI': False, 'dump_callback': <bound method Pymultinest._dump_callback of <bilby.core.sampler.pymultinest.Pymultinest object at 0x1555017bbf10>>}
06:03 INFO    : Temporary directory incompatible with MPI, will run in original directory
06:03 INFO    : Using output file outdirBNSBu32cores/pm_Simu2019lm/
06:03 WARNING : Supplied argument 'queue_size' not an argument of 'Pymultinest', removing.
06:03 WARNING : Supplied argument 'check_point_delta_t' not an argument of 'Pymultinest', removing.
06:03 INFO    : Using sampler Pymultinest with kwargs {'importance_nested_sampling': False, 'resume': True, 'verbose': True, 'sampling_efficiency': 'parameter', 'n_live_points': 2048, 'n_params': 5, 'n_clustering_params': None, 'wrapped_params': None, 'multimodal': True, 'const_efficiency_mode': False, 'evidence_tolerance': 0.5, 'n_iter_before_update': 100, 'null_log_evidence': -1e+90, 'max_modes': 100, 'mode_tolerance': -1e+90, 'seed': 42, 'context': 0, 'write_output': True, 'log_zero': -1e+100, 'max_iter': 0, 'init_MPI': False, 'dump_callback': <bound method Pymultinest._dump_callback of <bilby.core.sampler.pymultinest.Pymultinest object at 0x1555017bbfa0>>}
06:03 INFO    : Temporary directory incompatible with MPI, will run in original directory
06:03 INFO    : Using output file outdirBNSBu32cores/pm_Simu2019lm/
06:40 INFO    : Sampling time: 0:38:00.614182
06:40 INFO    : Sampling time: 0:38:00.705394
06:40 INFO    : Sampling time: 0:38:00.631410
06:40 INFO    : Sampling time: 0:38:00.784689
06:40 INFO    : Sampling time: 0:37:43.911290
06:40 INFO    : Sampling time: 0:37:54.085464
06:40 INFO    : Sampling time: 0:37:47.377608
06:40 INFO    : Sampling time: 0:37:43.934221
06:40 INFO    : Sampling time: 0:37:54.152641
06:40 INFO    : Sampling time: 0:37:36.950224
06:40 INFO    : Sampling time: 0:37:50.833493
06:40 INFO    : Sampling time: 0:37:43.894840
06:40 INFO    : Sampling time: 0:37:36.497029
06:40 INFO    : Sampling time: 0:37:47.353570
06:40 INFO    : Sampling time: 0:37:36.188135
06:40 INFO    : Sampling time: 0:37:47.288986
06:40 INFO    : Sampling time: 0:37:50.792129
06:40 INFO    : Sampling time: 0:37:43.898295
06:40 INFO    : Sampling time: 0:37:36.279297
06:40 INFO    : Sampling time: 0:37:50.800864
06:40 INFO    : Sampling time: 0:37:36.278883
06:40 INFO    : Sampling time: 0:37:36.175451
06:40 INFO    : Sampling time: 0:37:36.572507
06:40 INFO    : Sampling time: 0:37:36.471161
06:40 INFO    : Sampling time: 0:37:36.665355
06:40 INFO    : Sampling time: 0:37:36.375262
06:40 INFO    : Sampling time: 0:37:36.417612
06:40 INFO    : Sampling time: 0:37:36.307422
06:40 INFO    : Sampling time: 0:37:36.514685
06:40 INFO    : Sampling time: 0:37:36.627473
06:40 INFO    : Sampling time: 0:37:36.256176
06:40 INFO    : Sampling time: 0:37:36.371975
06:40 INFO    : Summary of results:
nsamples: 12105
ln_noise_evidence:  0.000
ln_evidence: -905.733 +/-  0.085
ln_bayes_factor: -905.733 +/-  0.085

06:40 INFO    : Summary of results:
nsamples: 12105
ln_noise_evidence:  0.000
ln_evidence: -905.733 +/-  0.085
ln_bayes_factor: -905.733 +/-  0.085

06:40 INFO    : Summary of results:
nsamples: 12105
ln_noise_evidence:  0.000
ln_evidence: -905.733 +/-  0.085
ln_bayes_factor: -905.733 +/-  0.085

06:40 INFO    : Summary of results:
nsamples: 12105
ln_noise_evidence:  0.000
ln_evidence: -905.733 +/-  0.085
ln_bayes_factor: -905.733 +/-  0.085

06:45 INFO    : Running for label 'Simu2019lm', output will be saved to 'outdirBNSBu32cores'
06:45 INFO    : Analysis priors:
06:45 INFO    : KNphi=Uniform(minimum=15.0, maximum=75.0, name='KNphi', latex_label='$\\Phi$', unit=None, boundary=None)
06:45 INFO    : log10_mej_dyn=Uniform(minimum=-3.0, maximum=-1.0, name='log10_mej_dyn', latex_label='$\\log_{10}M^{\\rm{dyn}}_{\\rm{ej}}$', unit=None, boundary='reflective')
06:45 INFO    : log10_mej_wind=Uniform(minimum=-3.0, maximum=-0.5, name='log10_mej_wind', latex_label='$\\log_{10}M^{\\rm{wind}}_{\\rm{ej}}$', unit=None, boundary='reflective')
06:45 INFO    : inclination_EM=Sine(minimum=0.0, maximum=1.5707963267948966, name='inclination_EM', latex_label='$\\iota$', unit=None, boundary=None)
06:45 INFO    : luminosity_distance=LogUniform(minimum=1, maximum=500, name='luminosity_distance', latex_label='$D_L$', unit=None, boundary=None)
06:45 INFO    : timeshift=0.0
06:45 INFO    : em_syserr=1.0
06:45 INFO    : Ebv=0.0
06:45 INFO    : Analysis likelihood class: <class 'nmma.em.likelihood.OpticalLightCurve'>
06:45 INFO    : Analysis likelihood noise evidence: 0.0
06:45 INFO    : Single likelihood evaluation took 6.517e-02 s
06:45 WARNING : Supplied argument 'queue_size' not an argument of 'Pymultinest', removing.
06:45 WARNING : Supplied argument 'check_point_delta_t' not an argument of 'Pymultinest', removing.
06:45 WARNING : Using cached result
06:45 INFO    : Summary of results:
nsamples: 12105
ln_noise_evidence:  0.000
ln_evidence: -905.733 +/-  0.085
ln_bayes_factor: -905.733 +/-  0.085

06:45 INFO    : Writing samples file to /home/thussenot/kilonovae-H0/lcsimu/10perday/grizyJHK/outdirBNSBu32cores/Simu2019lm_posterior_samples.dat
