04:22 INFO    : Running for label 'Constraints170817', output will be saved to 'outdirBNSBu32cores'
04:22 INFO    : Running for label 'Constraints170817', output will be saved to 'outdirBNSBu32cores'
04:22 INFO    : Running for label 'Constraints170817', output will be saved to 'outdirBNSBu32cores'
04:22 INFO    : Running for label 'Constraints170817', output will be saved to 'outdirBNSBu32cores'
04:22 INFO    : Running for label 'Constraints170817', output will be saved to 'outdirBNSBu32cores'
04:22 INFO    : Running for label 'Constraints170817', output will be saved to 'outdirBNSBu32cores'
04:22 INFO    : Running for label 'Constraints170817', output will be saved to 'outdirBNSBu32cores'
04:22 INFO    : Running for label 'Constraints170817', output will be saved to 'outdirBNSBu32cores'
04:22 INFO    : Running for label 'Constraints170817', output will be saved to 'outdirBNSBu32cores'
04:22 INFO    : Running for label 'Constraints170817', output will be saved to 'outdirBNSBu32cores'
04:22 INFO    : Running for label 'Constraints170817', output will be saved to 'outdirBNSBu32cores'
04:22 INFO    : Running for label 'Constraints170817', output will be saved to 'outdirBNSBu32cores'
04:22 INFO    : Running for label 'Constraints170817', output will be saved to 'outdirBNSBu32cores'
04:22 INFO    : Running for label 'Constraints170817', output will be saved to 'outdirBNSBu32cores'
04:22 INFO    : Running for label 'Constraints170817', output will be saved to 'outdirBNSBu32cores'
04:22 INFO    : Running for label 'Constraints170817', output will be saved to 'outdirBNSBu32cores'
04:22 INFO    : Running for label 'Constraints170817', output will be saved to 'outdirBNSBu32cores'
04:22 INFO    : Running for label 'Constraints170817', output will be saved to 'outdirBNSBu32cores'
04:22 INFO    : Running for label 'Constraints170817', output will be saved to 'outdirBNSBu32cores'
04:22 INFO    : Running for label 'Constraints170817', output will be saved to 'outdirBNSBu32cores'
04:22 INFO    : Running for label 'Constraints170817', output will be saved to 'outdirBNSBu32cores'
04:22 INFO    : Running for label 'Constraints170817', output will be saved to 'outdirBNSBu32cores'
04:22 INFO    : Running for label 'Constraints170817', output will be saved to 'outdirBNSBu32cores'
04:22 INFO    : Running for label 'Constraints170817', output will be saved to 'outdirBNSBu32cores'
04:22 INFO    : Running for label 'Constraints170817', output will be saved to 'outdirBNSBu32cores'
04:22 INFO    : Running for label 'Constraints170817', output will be saved to 'outdirBNSBu32cores'
04:22 INFO    : Running for label 'Constraints170817', output will be saved to 'outdirBNSBu32cores'
04:22 INFO    : Running for label 'Constraints170817', output will be saved to 'outdirBNSBu32cores'
04:22 INFO    : Running for label 'Constraints170817', output will be saved to 'outdirBNSBu32cores'
04:22 INFO    : Running for label 'Constraints170817', output will be saved to 'outdirBNSBu32cores'
04:22 INFO    : Running for label 'Constraints170817', output will be saved to 'outdirBNSBu32cores'
04:22 INFO    : Running for label 'Constraints170817', output will be saved to 'outdirBNSBu32cores'
04:22 INFO    : Analysis priors:
04:22 INFO    : Analysis priors:
04:22 INFO    : Analysis priors:
04:22 INFO    : Analysis priors:
04:22 INFO    : Analysis priors:
04:22 INFO    : KNphi=Uniform(minimum=15.0, maximum=75.0, name='KNphi', latex_label='$\\Phi$', unit=None, boundary=None)
04:22 INFO    : Analysis priors:
04:22 INFO    : Analysis priors:
04:22 INFO    : Analysis priors:
04:22 INFO    : Analysis priors:
04:22 INFO    : Analysis priors:
04:22 INFO    : KNphi=Uniform(minimum=15.0, maximum=75.0, name='KNphi', latex_label='$\\Phi$', unit=None, boundary=None)
04:22 INFO    : log10_mej_dyn=Uniform(minimum=-3.0, maximum=-1.0, name='log10_mej_dyn', latex_label='$\\log_{10}M^{\\rm{dyn}}_{\\rm{ej}}$', unit=None, boundary='reflective')
04:22 INFO    : Analysis priors:
04:22 INFO    : Analysis priors:
04:22 INFO    : Analysis priors:
04:22 INFO    : Analysis priors:
04:22 INFO    : log10_mej_dyn=Uniform(minimum=-3.0, maximum=-1.0, name='log10_mej_dyn', latex_label='$\\log_{10}M^{\\rm{dyn}}_{\\rm{ej}}$', unit=None, boundary='reflective')
04:22 INFO    : Analysis priors:
04:22 INFO    : KNphi=Uniform(minimum=15.0, maximum=75.0, name='KNphi', latex_label='$\\Phi$', unit=None, boundary=None)
04:22 INFO    : KNphi=Uniform(minimum=15.0, maximum=75.0, name='KNphi', latex_label='$\\Phi$', unit=None, boundary=None)
04:22 INFO    : KNphi=Uniform(minimum=15.0, maximum=75.0, name='KNphi', latex_label='$\\Phi$', unit=None, boundary=None)
04:22 INFO    : log10_mej_wind=Uniform(minimum=-3.0, maximum=-0.5, name='log10_mej_wind', latex_label='$\\log_{10}M^{\\rm{wind}}_{\\rm{ej}}$', unit=None, boundary='reflective')
04:22 INFO    : KNphi=Uniform(minimum=15.0, maximum=75.0, name='KNphi', latex_label='$\\Phi$', unit=None, boundary=None)
04:22 INFO    : KNphi=Uniform(minimum=15.0, maximum=75.0, name='KNphi', latex_label='$\\Phi$', unit=None, boundary=None)
04:22 INFO    : KNphi=Uniform(minimum=15.0, maximum=75.0, name='KNphi', latex_label='$\\Phi$', unit=None, boundary=None)
04:22 INFO    : KNphi=Uniform(minimum=15.0, maximum=75.0, name='KNphi', latex_label='$\\Phi$', unit=None, boundary=None)
04:22 INFO    : KNphi=Uniform(minimum=15.0, maximum=75.0, name='KNphi', latex_label='$\\Phi$', unit=None, boundary=None)
04:22 INFO    : log10_mej_wind=Uniform(minimum=-3.0, maximum=-0.5, name='log10_mej_wind', latex_label='$\\log_{10}M^{\\rm{wind}}_{\\rm{ej}}$', unit=None, boundary='reflective')
04:22 INFO    : log10_mej_dyn=Uniform(minimum=-3.0, maximum=-1.0, name='log10_mej_dyn', latex_label='$\\log_{10}M^{\\rm{dyn}}_{\\rm{ej}}$', unit=None, boundary='reflective')
04:22 INFO    : log10_mej_dyn=Uniform(minimum=-3.0, maximum=-1.0, name='log10_mej_dyn', latex_label='$\\log_{10}M^{\\rm{dyn}}_{\\rm{ej}}$', unit=None, boundary='reflective')
04:22 INFO    : log10_mej_dyn=Uniform(minimum=-3.0, maximum=-1.0, name='log10_mej_dyn', latex_label='$\\log_{10}M^{\\rm{dyn}}_{\\rm{ej}}$', unit=None, boundary='reflective')
04:22 INFO    : inclination_EM=Sine(minimum=0.33, maximum=0.42, name='inclination_EM', latex_label='$\\iota$', unit=None, boundary=None)
04:22 INFO    : log10_mej_dyn=Uniform(minimum=-3.0, maximum=-1.0, name='log10_mej_dyn', latex_label='$\\log_{10}M^{\\rm{dyn}}_{\\rm{ej}}$', unit=None, boundary='reflective')
04:22 INFO    : log10_mej_dyn=Uniform(minimum=-3.0, maximum=-1.0, name='log10_mej_dyn', latex_label='$\\log_{10}M^{\\rm{dyn}}_{\\rm{ej}}$', unit=None, boundary='reflective')
04:22 INFO    : log10_mej_dyn=Uniform(minimum=-3.0, maximum=-1.0, name='log10_mej_dyn', latex_label='$\\log_{10}M^{\\rm{dyn}}_{\\rm{ej}}$', unit=None, boundary='reflective')
04:22 INFO    : log10_mej_dyn=Uniform(minimum=-3.0, maximum=-1.0, name='log10_mej_dyn', latex_label='$\\log_{10}M^{\\rm{dyn}}_{\\rm{ej}}$', unit=None, boundary='reflective')
04:22 INFO    : KNphi=Uniform(minimum=15.0, maximum=75.0, name='KNphi', latex_label='$\\Phi$', unit=None, boundary=None)
04:22 INFO    : log10_mej_dyn=Uniform(minimum=-3.0, maximum=-1.0, name='log10_mej_dyn', latex_label='$\\log_{10}M^{\\rm{dyn}}_{\\rm{ej}}$', unit=None, boundary='reflective')
04:22 INFO    : KNphi=Uniform(minimum=15.0, maximum=75.0, name='KNphi', latex_label='$\\Phi$', unit=None, boundary=None)
04:22 INFO    : KNphi=Uniform(minimum=15.0, maximum=75.0, name='KNphi', latex_label='$\\Phi$', unit=None, boundary=None)
04:22 INFO    : KNphi=Uniform(minimum=15.0, maximum=75.0, name='KNphi', latex_label='$\\Phi$', unit=None, boundary=None)
04:22 INFO    : KNphi=Uniform(minimum=15.0, maximum=75.0, name='KNphi', latex_label='$\\Phi$', unit=None, boundary=None)
04:22 INFO    : inclination_EM=Sine(minimum=0.33, maximum=0.42, name='inclination_EM', latex_label='$\\iota$', unit=None, boundary=None)
04:22 INFO    : log10_mej_wind=Uniform(minimum=-3.0, maximum=-0.5, name='log10_mej_wind', latex_label='$\\log_{10}M^{\\rm{wind}}_{\\rm{ej}}$', unit=None, boundary='reflective')
04:22 INFO    : log10_mej_wind=Uniform(minimum=-3.0, maximum=-0.5, name='log10_mej_wind', latex_label='$\\log_{10}M^{\\rm{wind}}_{\\rm{ej}}$', unit=None, boundary='reflective')
04:22 INFO    : log10_mej_wind=Uniform(minimum=-3.0, maximum=-0.5, name='log10_mej_wind', latex_label='$\\log_{10}M^{\\rm{wind}}_{\\rm{ej}}$', unit=None, boundary='reflective')
04:22 INFO    : luminosity_distance=Gaussian(mu=43.4, sigma=2, name='luminosity_distance', latex_label='$D_L$', unit=None, boundary=None)
04:22 INFO    : log10_mej_wind=Uniform(minimum=-3.0, maximum=-0.5, name='log10_mej_wind', latex_label='$\\log_{10}M^{\\rm{wind}}_{\\rm{ej}}$', unit=None, boundary='reflective')
04:22 INFO    : log10_mej_wind=Uniform(minimum=-3.0, maximum=-0.5, name='log10_mej_wind', latex_label='$\\log_{10}M^{\\rm{wind}}_{\\rm{ej}}$', unit=None, boundary='reflective')
04:22 INFO    : log10_mej_wind=Uniform(minimum=-3.0, maximum=-0.5, name='log10_mej_wind', latex_label='$\\log_{10}M^{\\rm{wind}}_{\\rm{ej}}$', unit=None, boundary='reflective')
04:22 INFO    : log10_mej_wind=Uniform(minimum=-3.0, maximum=-0.5, name='log10_mej_wind', latex_label='$\\log_{10}M^{\\rm{wind}}_{\\rm{ej}}$', unit=None, boundary='reflective')
04:22 INFO    : log10_mej_wind=Uniform(minimum=-3.0, maximum=-0.5, name='log10_mej_wind', latex_label='$\\log_{10}M^{\\rm{wind}}_{\\rm{ej}}$', unit=None, boundary='reflective')
04:22 INFO    : log10_mej_dyn=Uniform(minimum=-3.0, maximum=-1.0, name='log10_mej_dyn', latex_label='$\\log_{10}M^{\\rm{dyn}}_{\\rm{ej}}$', unit=None, boundary='reflective')
04:22 INFO    : log10_mej_dyn=Uniform(minimum=-3.0, maximum=-1.0, name='log10_mej_dyn', latex_label='$\\log_{10}M^{\\rm{dyn}}_{\\rm{ej}}$', unit=None, boundary='reflective')
04:22 INFO    : log10_mej_dyn=Uniform(minimum=-3.0, maximum=-1.0, name='log10_mej_dyn', latex_label='$\\log_{10}M^{\\rm{dyn}}_{\\rm{ej}}$', unit=None, boundary='reflective')
04:22 INFO    : log10_mej_dyn=Uniform(minimum=-3.0, maximum=-1.0, name='log10_mej_dyn', latex_label='$\\log_{10}M^{\\rm{dyn}}_{\\rm{ej}}$', unit=None, boundary='reflective')
04:22 INFO    : log10_mej_dyn=Uniform(minimum=-3.0, maximum=-1.0, name='log10_mej_dyn', latex_label='$\\log_{10}M^{\\rm{dyn}}_{\\rm{ej}}$', unit=None, boundary='reflective')
04:22 INFO    : luminosity_distance=Gaussian(mu=43.4, sigma=2, name='luminosity_distance', latex_label='$D_L$', unit=None, boundary=None)
04:22 INFO    : inclination_EM=Sine(minimum=0.33, maximum=0.42, name='inclination_EM', latex_label='$\\iota$', unit=None, boundary=None)
04:22 INFO    : inclination_EM=Sine(minimum=0.33, maximum=0.42, name='inclination_EM', latex_label='$\\iota$', unit=None, boundary=None)
04:22 INFO    : inclination_EM=Sine(minimum=0.33, maximum=0.42, name='inclination_EM', latex_label='$\\iota$', unit=None, boundary=None)
04:22 INFO    : em_syserr=LogUniform(minimum=0.1, maximum=2.0, name='em_syserr', latex_label='$\\sigma$', unit=None, boundary=None)
04:22 INFO    : inclination_EM=Sine(minimum=0.33, maximum=0.42, name='inclination_EM', latex_label='$\\iota$', unit=None, boundary=None)
04:22 INFO    : inclination_EM=Sine(minimum=0.33, maximum=0.42, name='inclination_EM', latex_label='$\\iota$', unit=None, boundary=None)
04:22 INFO    : inclination_EM=Sine(minimum=0.33, maximum=0.42, name='inclination_EM', latex_label='$\\iota$', unit=None, boundary=None)
04:22 INFO    : inclination_EM=Sine(minimum=0.33, maximum=0.42, name='inclination_EM', latex_label='$\\iota$', unit=None, boundary=None)
04:22 INFO    : log10_mej_wind=Uniform(minimum=-3.0, maximum=-0.5, name='log10_mej_wind', latex_label='$\\log_{10}M^{\\rm{wind}}_{\\rm{ej}}$', unit=None, boundary='reflective')
04:22 INFO    : inclination_EM=Sine(minimum=0.33, maximum=0.42, name='inclination_EM', latex_label='$\\iota$', unit=None, boundary=None)
04:22 INFO    : timeshift=0.0
04:22 INFO    : log10_mej_wind=Uniform(minimum=-3.0, maximum=-0.5, name='log10_mej_wind', latex_label='$\\log_{10}M^{\\rm{wind}}_{\\rm{ej}}$', unit=None, boundary='reflective')
04:22 INFO    : Analysis priors:
04:22 INFO    : log10_mej_wind=Uniform(minimum=-3.0, maximum=-0.5, name='log10_mej_wind', latex_label='$\\log_{10}M^{\\rm{wind}}_{\\rm{ej}}$', unit=None, boundary='reflective')
04:22 INFO    : log10_mej_wind=Uniform(minimum=-3.0, maximum=-0.5, name='log10_mej_wind', latex_label='$\\log_{10}M^{\\rm{wind}}_{\\rm{ej}}$', unit=None, boundary='reflective')
04:22 INFO    : Ebv=0.0
04:22 INFO    : em_syserr=LogUniform(minimum=0.1, maximum=2.0, name='em_syserr', latex_label='$\\sigma$', unit=None, boundary=None)
04:22 INFO    : luminosity_distance=Gaussian(mu=43.4, sigma=2, name='luminosity_distance', latex_label='$D_L$', unit=None, boundary=None)
04:22 INFO    : Analysis priors:
04:22 INFO    : Analysis priors:
04:22 INFO    : Analysis priors:
04:22 INFO    : Analysis priors:
04:22 INFO    : Analysis priors:
04:22 INFO    : Analysis priors:
04:22 INFO    : Analysis likelihood class: <class 'nmma.em.likelihood.OpticalLightCurve'>
04:22 INFO    : Analysis priors:
04:22 INFO    : timeshift=0.0
04:22 INFO    : luminosity_distance=Gaussian(mu=43.4, sigma=2, name='luminosity_distance', latex_label='$D_L$', unit=None, boundary=None)
04:22 INFO    : log10_mej_wind=Uniform(minimum=-3.0, maximum=-0.5, name='log10_mej_wind', latex_label='$\\log_{10}M^{\\rm{wind}}_{\\rm{ej}}$', unit=None, boundary='reflective')
04:22 INFO    : luminosity_distance=Gaussian(mu=43.4, sigma=2, name='luminosity_distance', latex_label='$D_L$', unit=None, boundary=None)
04:22 INFO    : Ebv=0.0
04:22 INFO    : Analysis likelihood noise evidence: 0.0
04:22 INFO    : luminosity_distance=Gaussian(mu=43.4, sigma=2, name='luminosity_distance', latex_label='$D_L$', unit=None, boundary=None)
04:22 INFO    : luminosity_distance=Gaussian(mu=43.4, sigma=2, name='luminosity_distance', latex_label='$D_L$', unit=None, boundary=None)
04:22 INFO    : luminosity_distance=Gaussian(mu=43.4, sigma=2, name='luminosity_distance', latex_label='$D_L$', unit=None, boundary=None)
04:22 INFO    : inclination_EM=Sine(minimum=0.33, maximum=0.42, name='inclination_EM', latex_label='$\\iota$', unit=None, boundary=None)
04:22 INFO    : luminosity_distance=Gaussian(mu=43.4, sigma=2, name='luminosity_distance', latex_label='$D_L$', unit=None, boundary=None)
04:22 INFO    : luminosity_distance=Gaussian(mu=43.4, sigma=2, name='luminosity_distance', latex_label='$D_L$', unit=None, boundary=None)
04:22 INFO    : inclination_EM=Sine(minimum=0.33, maximum=0.42, name='inclination_EM', latex_label='$\\iota$', unit=None, boundary=None)
04:22 INFO    : Analysis likelihood class: <class 'nmma.em.likelihood.OpticalLightCurve'>
04:22 INFO    : inclination_EM=Sine(minimum=0.33, maximum=0.42, name='inclination_EM', latex_label='$\\iota$', unit=None, boundary=None)
04:22 INFO    : inclination_EM=Sine(minimum=0.33, maximum=0.42, name='inclination_EM', latex_label='$\\iota$', unit=None, boundary=None)
04:22 INFO    : em_syserr=LogUniform(minimum=0.1, maximum=2.0, name='em_syserr', latex_label='$\\sigma$', unit=None, boundary=None)
04:22 INFO    : Analysis likelihood noise evidence: 0.0
04:22 INFO    : Analysis priors:
04:22 INFO    : timeshift=0.0
04:22 INFO    : em_syserr=LogUniform(minimum=0.1, maximum=2.0, name='em_syserr', latex_label='$\\sigma$', unit=None, boundary=None)
04:22 INFO    : em_syserr=LogUniform(minimum=0.1, maximum=2.0, name='em_syserr', latex_label='$\\sigma$', unit=None, boundary=None)
04:22 INFO    : Ebv=0.0
04:22 INFO    : em_syserr=LogUniform(minimum=0.1, maximum=2.0, name='em_syserr', latex_label='$\\sigma$', unit=None, boundary=None)
04:22 INFO    : inclination_EM=Sine(minimum=0.33, maximum=0.42, name='inclination_EM', latex_label='$\\iota$', unit=None, boundary=None)
04:22 INFO    : Analysis priors:
04:22 INFO    : Analysis priors:
04:22 INFO    : em_syserr=LogUniform(minimum=0.1, maximum=2.0, name='em_syserr', latex_label='$\\sigma$', unit=None, boundary=None)
04:22 INFO    : timeshift=0.0
04:22 INFO    : luminosity_distance=Gaussian(mu=43.4, sigma=2, name='luminosity_distance', latex_label='$D_L$', unit=None, boundary=None)
04:22 INFO    : Analysis priors:
04:22 INFO    : em_syserr=LogUniform(minimum=0.1, maximum=2.0, name='em_syserr', latex_label='$\\sigma$', unit=None, boundary=None)
04:22 INFO    : timeshift=0.0
04:22 INFO    : em_syserr=LogUniform(minimum=0.1, maximum=2.0, name='em_syserr', latex_label='$\\sigma$', unit=None, boundary=None)
04:22 INFO    : luminosity_distance=Gaussian(mu=43.4, sigma=2, name='luminosity_distance', latex_label='$D_L$', unit=None, boundary=None)
04:22 INFO    : KNphi=Uniform(minimum=15.0, maximum=75.0, name='KNphi', latex_label='$\\Phi$', unit=None, boundary=None)
04:22 INFO    : em_syserr=LogUniform(minimum=0.1, maximum=2.0, name='em_syserr', latex_label='$\\sigma$', unit=None, boundary=None)
04:22 INFO    : luminosity_distance=Gaussian(mu=43.4, sigma=2, name='luminosity_distance', latex_label='$D_L$', unit=None, boundary=None)
04:22 INFO    : Analysis likelihood class: <class 'nmma.em.likelihood.OpticalLightCurve'>
04:22 INFO    : timeshift=0.0
04:22 INFO    : KNphi=Uniform(minimum=15.0, maximum=75.0, name='KNphi', latex_label='$\\Phi$', unit=None, boundary=None)
04:22 INFO    : luminosity_distance=Gaussian(mu=43.4, sigma=2, name='luminosity_distance', latex_label='$D_L$', unit=None, boundary=None)
04:22 INFO    : Ebv=0.0
04:22 INFO    : timeshift=0.0
04:22 INFO    : KNphi=Uniform(minimum=15.0, maximum=75.0, name='KNphi', latex_label='$\\Phi$', unit=None, boundary=None)
04:22 INFO    : KNphi=Uniform(minimum=15.0, maximum=75.0, name='KNphi', latex_label='$\\Phi$', unit=None, boundary=None)
04:22 INFO    : KNphi=Uniform(minimum=15.0, maximum=75.0, name='KNphi', latex_label='$\\Phi$', unit=None, boundary=None)
04:22 INFO    : Ebv=0.0
04:22 INFO    : KNphi=Uniform(minimum=15.0, maximum=75.0, name='KNphi', latex_label='$\\Phi$', unit=None, boundary=None)
04:22 INFO    : timeshift=0.0
04:22 INFO    : KNphi=Uniform(minimum=15.0, maximum=75.0, name='KNphi', latex_label='$\\Phi$', unit=None, boundary=None)
04:22 INFO    : KNphi=Uniform(minimum=15.0, maximum=75.0, name='KNphi', latex_label='$\\Phi$', unit=None, boundary=None)
04:22 INFO    : timeshift=0.0
04:22 INFO    : timeshift=0.0
04:22 INFO    : Ebv=0.0
04:22 INFO    : Analysis likelihood noise evidence: 0.0
04:22 INFO    : Ebv=0.0
04:22 INFO    : Analysis likelihood class: <class 'nmma.em.likelihood.OpticalLightCurve'>
04:22 INFO    : Analysis priors:
04:22 INFO    : Ebv=0.0
04:22 INFO    : Analysis likelihood class: <class 'nmma.em.likelihood.OpticalLightCurve'>
04:22 INFO    : Ebv=0.0
04:22 INFO    : Ebv=0.0
04:22 INFO    : Analysis likelihood class: <class 'nmma.em.likelihood.OpticalLightCurve'>
04:22 INFO    : Analysis priors:
04:22 INFO    : Analysis likelihood class: <class 'nmma.em.likelihood.OpticalLightCurve'>
04:22 INFO    : Analysis likelihood noise evidence: 0.0
04:22 INFO    : Analysis likelihood class: <class 'nmma.em.likelihood.OpticalLightCurve'>
04:22 INFO    : Analysis priors:
04:22 INFO    : Analysis likelihood class: <class 'nmma.em.likelihood.OpticalLightCurve'>
04:22 INFO    : Analysis likelihood class: <class 'nmma.em.likelihood.OpticalLightCurve'>
04:22 INFO    : Analysis likelihood noise evidence: 0.0
04:22 INFO    : Analysis likelihood noise evidence: 0.0
04:22 INFO    : em_syserr=LogUniform(minimum=0.1, maximum=2.0, name='em_syserr', latex_label='$\\sigma$', unit=None, boundary=None)
04:22 INFO    : Analysis priors:
04:22 INFO    : em_syserr=LogUniform(minimum=0.1, maximum=2.0, name='em_syserr', latex_label='$\\sigma$', unit=None, boundary=None)
04:22 INFO    : Analysis likelihood noise evidence: 0.0
04:22 INFO    : em_syserr=LogUniform(minimum=0.1, maximum=2.0, name='em_syserr', latex_label='$\\sigma$', unit=None, boundary=None)
04:22 INFO    : log10_mej_dyn=Uniform(minimum=-3.0, maximum=-1.0, name='log10_mej_dyn', latex_label='$\\log_{10}M^{\\rm{dyn}}_{\\rm{ej}}$', unit=None, boundary='reflective')
04:22 INFO    : luminosity_distance=Gaussian(mu=43.4, sigma=2, name='luminosity_distance', latex_label='$D_L$', unit=None, boundary=None)
04:22 INFO    : KNphi=Uniform(minimum=15.0, maximum=75.0, name='KNphi', latex_label='$\\Phi$', unit=None, boundary=None)
04:22 INFO    : Analysis likelihood noise evidence: 0.0
04:22 INFO    : log10_mej_dyn=Uniform(minimum=-3.0, maximum=-1.0, name='log10_mej_dyn', latex_label='$\\log_{10}M^{\\rm{dyn}}_{\\rm{ej}}$', unit=None, boundary='reflective')
04:22 INFO    : em_syserr=LogUniform(minimum=0.1, maximum=2.0, name='em_syserr', latex_label='$\\sigma$', unit=None, boundary=None)
04:22 INFO    : log10_mej_dyn=Uniform(minimum=-3.0, maximum=-1.0, name='log10_mej_dyn', latex_label='$\\log_{10}M^{\\rm{dyn}}_{\\rm{ej}}$', unit=None, boundary='reflective')
04:22 INFO    : Analysis likelihood noise evidence: 0.0
04:22 INFO    : Analysis likelihood noise evidence: 0.0
04:22 INFO    : log10_mej_dyn=Uniform(minimum=-3.0, maximum=-1.0, name='log10_mej_dyn', latex_label='$\\log_{10}M^{\\rm{dyn}}_{\\rm{ej}}$', unit=None, boundary='reflective')
04:22 INFO    : timeshift=0.0
04:22 INFO    : log10_mej_dyn=Uniform(minimum=-3.0, maximum=-1.0, name='log10_mej_dyn', latex_label='$\\log_{10}M^{\\rm{dyn}}_{\\rm{ej}}$', unit=None, boundary='reflective')
04:22 INFO    : log10_mej_dyn=Uniform(minimum=-3.0, maximum=-1.0, name='log10_mej_dyn', latex_label='$\\log_{10}M^{\\rm{dyn}}_{\\rm{ej}}$', unit=None, boundary='reflective')
04:22 INFO    : timeshift=0.0
04:22 INFO    : log10_mej_dyn=Uniform(minimum=-3.0, maximum=-1.0, name='log10_mej_dyn', latex_label='$\\log_{10}M^{\\rm{dyn}}_{\\rm{ej}}$', unit=None, boundary='reflective')
04:22 INFO    : timeshift=0.0
04:22 INFO    : log10_mej_dyn=Uniform(minimum=-3.0, maximum=-1.0, name='log10_mej_dyn', latex_label='$\\log_{10}M^{\\rm{dyn}}_{\\rm{ej}}$', unit=None, boundary='reflective')
04:22 INFO    : Ebv=0.0
04:22 INFO    : timeshift=0.0
04:22 INFO    : Ebv=0.0
04:22 INFO    : Ebv=0.0
04:22 INFO    : KNphi=Uniform(minimum=15.0, maximum=75.0, name='KNphi', latex_label='$\\Phi$', unit=None, boundary=None)
04:22 INFO    : KNphi=Uniform(minimum=15.0, maximum=75.0, name='KNphi', latex_label='$\\Phi$', unit=None, boundary=None)
04:22 INFO    : Analysis likelihood class: <class 'nmma.em.likelihood.OpticalLightCurve'>
04:22 INFO    : Ebv=0.0
04:22 INFO    : Analysis likelihood class: <class 'nmma.em.likelihood.OpticalLightCurve'>
04:22 INFO    : Analysis likelihood class: <class 'nmma.em.likelihood.OpticalLightCurve'>
04:22 INFO    : log10_mej_wind=Uniform(minimum=-3.0, maximum=-0.5, name='log10_mej_wind', latex_label='$\\log_{10}M^{\\rm{wind}}_{\\rm{ej}}$', unit=None, boundary='reflective')
04:22 INFO    : Analysis likelihood noise evidence: 0.0
04:22 INFO    : log10_mej_wind=Uniform(minimum=-3.0, maximum=-0.5, name='log10_mej_wind', latex_label='$\\log_{10}M^{\\rm{wind}}_{\\rm{ej}}$', unit=None, boundary='reflective')
04:22 INFO    : Analysis likelihood noise evidence: 0.0
04:22 INFO    : Analysis likelihood class: <class 'nmma.em.likelihood.OpticalLightCurve'>
04:22 INFO    : log10_mej_dyn=Uniform(minimum=-3.0, maximum=-1.0, name='log10_mej_dyn', latex_label='$\\log_{10}M^{\\rm{dyn}}_{\\rm{ej}}$', unit=None, boundary='reflective')
04:22 INFO    : log10_mej_wind=Uniform(minimum=-3.0, maximum=-0.5, name='log10_mej_wind', latex_label='$\\log_{10}M^{\\rm{wind}}_{\\rm{ej}}$', unit=None, boundary='reflective')
04:22 INFO    : log10_mej_wind=Uniform(minimum=-3.0, maximum=-0.5, name='log10_mej_wind', latex_label='$\\log_{10}M^{\\rm{wind}}_{\\rm{ej}}$', unit=None, boundary='reflective')
04:22 INFO    : Analysis likelihood noise evidence: 0.0
04:22 INFO    : em_syserr=LogUniform(minimum=0.1, maximum=2.0, name='em_syserr', latex_label='$\\sigma$', unit=None, boundary=None)
04:22 INFO    : log10_mej_wind=Uniform(minimum=-3.0, maximum=-0.5, name='log10_mej_wind', latex_label='$\\log_{10}M^{\\rm{wind}}_{\\rm{ej}}$', unit=None, boundary='reflective')
04:22 INFO    : log10_mej_wind=Uniform(minimum=-3.0, maximum=-0.5, name='log10_mej_wind', latex_label='$\\log_{10}M^{\\rm{wind}}_{\\rm{ej}}$', unit=None, boundary='reflective')
04:22 INFO    : log10_mej_wind=Uniform(minimum=-3.0, maximum=-0.5, name='log10_mej_wind', latex_label='$\\log_{10}M^{\\rm{wind}}_{\\rm{ej}}$', unit=None, boundary='reflective')
04:22 INFO    : log10_mej_wind=Uniform(minimum=-3.0, maximum=-0.5, name='log10_mej_wind', latex_label='$\\log_{10}M^{\\rm{wind}}_{\\rm{ej}}$', unit=None, boundary='reflective')
04:22 INFO    : KNphi=Uniform(minimum=15.0, maximum=75.0, name='KNphi', latex_label='$\\Phi$', unit=None, boundary=None)
04:22 INFO    : Analysis likelihood noise evidence: 0.0
04:22 INFO    : timeshift=0.0
04:22 INFO    : log10_mej_dyn=Uniform(minimum=-3.0, maximum=-1.0, name='log10_mej_dyn', latex_label='$\\log_{10}M^{\\rm{dyn}}_{\\rm{ej}}$', unit=None, boundary='reflective')
04:22 INFO    : KNphi=Uniform(minimum=15.0, maximum=75.0, name='KNphi', latex_label='$\\Phi$', unit=None, boundary=None)
04:22 INFO    : log10_mej_dyn=Uniform(minimum=-3.0, maximum=-1.0, name='log10_mej_dyn', latex_label='$\\log_{10}M^{\\rm{dyn}}_{\\rm{ej}}$', unit=None, boundary='reflective')
04:22 INFO    : KNphi=Uniform(minimum=15.0, maximum=75.0, name='KNphi', latex_label='$\\Phi$', unit=None, boundary=None)
04:22 INFO    : Ebv=0.0
04:22 INFO    : inclination_EM=Sine(minimum=0.33, maximum=0.42, name='inclination_EM', latex_label='$\\iota$', unit=None, boundary=None)
04:22 INFO    : KNphi=Uniform(minimum=15.0, maximum=75.0, name='KNphi', latex_label='$\\Phi$', unit=None, boundary=None)
04:22 INFO    : inclination_EM=Sine(minimum=0.33, maximum=0.42, name='inclination_EM', latex_label='$\\iota$', unit=None, boundary=None)
04:22 INFO    : log10_mej_wind=Uniform(minimum=-3.0, maximum=-0.5, name='log10_mej_wind', latex_label='$\\log_{10}M^{\\rm{wind}}_{\\rm{ej}}$', unit=None, boundary='reflective')
04:22 INFO    : Analysis likelihood class: <class 'nmma.em.likelihood.OpticalLightCurve'>
04:22 INFO    : inclination_EM=Sine(minimum=0.33, maximum=0.42, name='inclination_EM', latex_label='$\\iota$', unit=None, boundary=None)
04:22 INFO    : inclination_EM=Sine(minimum=0.33, maximum=0.42, name='inclination_EM', latex_label='$\\iota$', unit=None, boundary=None)
04:22 INFO    : inclination_EM=Sine(minimum=0.33, maximum=0.42, name='inclination_EM', latex_label='$\\iota$', unit=None, boundary=None)
04:22 INFO    : inclination_EM=Sine(minimum=0.33, maximum=0.42, name='inclination_EM', latex_label='$\\iota$', unit=None, boundary=None)
04:22 INFO    : inclination_EM=Sine(minimum=0.33, maximum=0.42, name='inclination_EM', latex_label='$\\iota$', unit=None, boundary=None)
04:22 INFO    : log10_mej_dyn=Uniform(minimum=-3.0, maximum=-1.0, name='log10_mej_dyn', latex_label='$\\log_{10}M^{\\rm{dyn}}_{\\rm{ej}}$', unit=None, boundary='reflective')
04:22 INFO    : inclination_EM=Sine(minimum=0.33, maximum=0.42, name='inclination_EM', latex_label='$\\iota$', unit=None, boundary=None)
04:22 INFO    : Analysis likelihood noise evidence: 0.0
04:22 INFO    : log10_mej_wind=Uniform(minimum=-3.0, maximum=-0.5, name='log10_mej_wind', latex_label='$\\log_{10}M^{\\rm{wind}}_{\\rm{ej}}$', unit=None, boundary='reflective')
04:22 INFO    : log10_mej_wind=Uniform(minimum=-3.0, maximum=-0.5, name='log10_mej_wind', latex_label='$\\log_{10}M^{\\rm{wind}}_{\\rm{ej}}$', unit=None, boundary='reflective')
04:22 INFO    : log10_mej_dyn=Uniform(minimum=-3.0, maximum=-1.0, name='log10_mej_dyn', latex_label='$\\log_{10}M^{\\rm{dyn}}_{\\rm{ej}}$', unit=None, boundary='reflective')
04:22 INFO    : log10_mej_dyn=Uniform(minimum=-3.0, maximum=-1.0, name='log10_mej_dyn', latex_label='$\\log_{10}M^{\\rm{dyn}}_{\\rm{ej}}$', unit=None, boundary='reflective')
04:22 INFO    : luminosity_distance=Gaussian(mu=43.4, sigma=2, name='luminosity_distance', latex_label='$D_L$', unit=None, boundary=None)
04:22 INFO    : log10_mej_dyn=Uniform(minimum=-3.0, maximum=-1.0, name='log10_mej_dyn', latex_label='$\\log_{10}M^{\\rm{dyn}}_{\\rm{ej}}$', unit=None, boundary='reflective')
04:22 INFO    : luminosity_distance=Gaussian(mu=43.4, sigma=2, name='luminosity_distance', latex_label='$D_L$', unit=None, boundary=None)
04:22 INFO    : inclination_EM=Sine(minimum=0.33, maximum=0.42, name='inclination_EM', latex_label='$\\iota$', unit=None, boundary=None)
04:22 INFO    : luminosity_distance=Gaussian(mu=43.4, sigma=2, name='luminosity_distance', latex_label='$D_L$', unit=None, boundary=None)
04:22 INFO    : luminosity_distance=Gaussian(mu=43.4, sigma=2, name='luminosity_distance', latex_label='$D_L$', unit=None, boundary=None)
04:22 INFO    : log10_mej_wind=Uniform(minimum=-3.0, maximum=-0.5, name='log10_mej_wind', latex_label='$\\log_{10}M^{\\rm{wind}}_{\\rm{ej}}$', unit=None, boundary='reflective')
04:22 INFO    : luminosity_distance=Gaussian(mu=43.4, sigma=2, name='luminosity_distance', latex_label='$D_L$', unit=None, boundary=None)
04:22 INFO    : luminosity_distance=Gaussian(mu=43.4, sigma=2, name='luminosity_distance', latex_label='$D_L$', unit=None, boundary=None)
04:22 INFO    : luminosity_distance=Gaussian(mu=43.4, sigma=2, name='luminosity_distance', latex_label='$D_L$', unit=None, boundary=None)
04:22 INFO    : luminosity_distance=Gaussian(mu=43.4, sigma=2, name='luminosity_distance', latex_label='$D_L$', unit=None, boundary=None)
04:22 INFO    : inclination_EM=Sine(minimum=0.33, maximum=0.42, name='inclination_EM', latex_label='$\\iota$', unit=None, boundary=None)
04:22 INFO    : inclination_EM=Sine(minimum=0.33, maximum=0.42, name='inclination_EM', latex_label='$\\iota$', unit=None, boundary=None)
04:22 INFO    : log10_mej_wind=Uniform(minimum=-3.0, maximum=-0.5, name='log10_mej_wind', latex_label='$\\log_{10}M^{\\rm{wind}}_{\\rm{ej}}$', unit=None, boundary='reflective')
04:22 INFO    : log10_mej_wind=Uniform(minimum=-3.0, maximum=-0.5, name='log10_mej_wind', latex_label='$\\log_{10}M^{\\rm{wind}}_{\\rm{ej}}$', unit=None, boundary='reflective')
04:22 INFO    : log10_mej_wind=Uniform(minimum=-3.0, maximum=-0.5, name='log10_mej_wind', latex_label='$\\log_{10}M^{\\rm{wind}}_{\\rm{ej}}$', unit=None, boundary='reflective')
04:22 INFO    : em_syserr=LogUniform(minimum=0.1, maximum=2.0, name='em_syserr', latex_label='$\\sigma$', unit=None, boundary=None)
04:22 INFO    : em_syserr=LogUniform(minimum=0.1, maximum=2.0, name='em_syserr', latex_label='$\\sigma$', unit=None, boundary=None)
04:22 INFO    : luminosity_distance=Gaussian(mu=43.4, sigma=2, name='luminosity_distance', latex_label='$D_L$', unit=None, boundary=None)
04:22 INFO    : em_syserr=LogUniform(minimum=0.1, maximum=2.0, name='em_syserr', latex_label='$\\sigma$', unit=None, boundary=None)
04:22 INFO    : em_syserr=LogUniform(minimum=0.1, maximum=2.0, name='em_syserr', latex_label='$\\sigma$', unit=None, boundary=None)
04:22 INFO    : timeshift=0.0
04:22 INFO    : inclination_EM=Sine(minimum=0.33, maximum=0.42, name='inclination_EM', latex_label='$\\iota$', unit=None, boundary=None)
04:22 INFO    : em_syserr=LogUniform(minimum=0.1, maximum=2.0, name='em_syserr', latex_label='$\\sigma$', unit=None, boundary=None)
04:22 INFO    : em_syserr=LogUniform(minimum=0.1, maximum=2.0, name='em_syserr', latex_label='$\\sigma$', unit=None, boundary=None)
04:22 INFO    : em_syserr=LogUniform(minimum=0.1, maximum=2.0, name='em_syserr', latex_label='$\\sigma$', unit=None, boundary=None)
04:22 INFO    : em_syserr=LogUniform(minimum=0.1, maximum=2.0, name='em_syserr', latex_label='$\\sigma$', unit=None, boundary=None)
04:22 INFO    : timeshift=0.0
04:22 INFO    : timeshift=0.0
04:22 INFO    : timeshift=0.0
04:22 INFO    : Ebv=0.0
04:22 INFO    : luminosity_distance=Gaussian(mu=43.4, sigma=2, name='luminosity_distance', latex_label='$D_L$', unit=None, boundary=None)
04:22 INFO    : inclination_EM=Sine(minimum=0.33, maximum=0.42, name='inclination_EM', latex_label='$\\iota$', unit=None, boundary=None)
04:22 INFO    : Ebv=0.0
04:22 INFO    : luminosity_distance=Gaussian(mu=43.4, sigma=2, name='luminosity_distance', latex_label='$D_L$', unit=None, boundary=None)
04:22 INFO    : timeshift=0.0
04:22 INFO    : timeshift=0.0
04:22 INFO    : timeshift=0.0
04:22 INFO    : inclination_EM=Sine(minimum=0.33, maximum=0.42, name='inclination_EM', latex_label='$\\iota$', unit=None, boundary=None)
04:22 INFO    : timeshift=0.0
04:22 INFO    : Ebv=0.0
04:22 INFO    : Analysis likelihood class: <class 'nmma.em.likelihood.OpticalLightCurve'>
04:22 INFO    : Ebv=0.0
04:22 INFO    : inclination_EM=Sine(minimum=0.33, maximum=0.42, name='inclination_EM', latex_label='$\\iota$', unit=None, boundary=None)
04:22 INFO    : Analysis likelihood class: <class 'nmma.em.likelihood.OpticalLightCurve'>
04:22 INFO    : Ebv=0.0
04:22 INFO    : Ebv=0.0
04:22 INFO    : Ebv=0.0
04:22 INFO    : Ebv=0.0
04:22 INFO    : Analysis likelihood class: <class 'nmma.em.likelihood.OpticalLightCurve'>
04:22 INFO    : em_syserr=LogUniform(minimum=0.1, maximum=2.0, name='em_syserr', latex_label='$\\sigma$', unit=None, boundary=None)
04:22 INFO    : Analysis likelihood class: <class 'nmma.em.likelihood.OpticalLightCurve'>
04:22 INFO    : Analysis likelihood noise evidence: 0.0
04:22 INFO    : Analysis likelihood noise evidence: 0.0
04:22 INFO    : luminosity_distance=Gaussian(mu=43.4, sigma=2, name='luminosity_distance', latex_label='$D_L$', unit=None, boundary=None)
04:22 INFO    : Analysis likelihood class: <class 'nmma.em.likelihood.OpticalLightCurve'>
04:22 INFO    : Analysis likelihood class: <class 'nmma.em.likelihood.OpticalLightCurve'>
04:22 INFO    : Analysis likelihood class: <class 'nmma.em.likelihood.OpticalLightCurve'>
04:22 INFO    : Analysis likelihood class: <class 'nmma.em.likelihood.OpticalLightCurve'>
04:22 INFO    : Analysis likelihood noise evidence: 0.0
04:22 INFO    : Analysis likelihood noise evidence: 0.0
04:22 INFO    : timeshift=0.0
04:22 INFO    : em_syserr=LogUniform(minimum=0.1, maximum=2.0, name='em_syserr', latex_label='$\\sigma$', unit=None, boundary=None)
04:22 INFO    : Analysis likelihood noise evidence: 0.0
04:22 INFO    : Analysis likelihood noise evidence: 0.0
04:22 INFO    : Analysis likelihood noise evidence: 0.0
04:22 INFO    : Analysis likelihood noise evidence: 0.0
04:22 INFO    : luminosity_distance=Gaussian(mu=43.4, sigma=2, name='luminosity_distance', latex_label='$D_L$', unit=None, boundary=None)
04:22 INFO    : Ebv=0.0
04:22 INFO    : em_syserr=LogUniform(minimum=0.1, maximum=2.0, name='em_syserr', latex_label='$\\sigma$', unit=None, boundary=None)
04:22 INFO    : luminosity_distance=Gaussian(mu=43.4, sigma=2, name='luminosity_distance', latex_label='$D_L$', unit=None, boundary=None)
04:22 INFO    : timeshift=0.0
04:22 INFO    : luminosity_distance=Gaussian(mu=43.4, sigma=2, name='luminosity_distance', latex_label='$D_L$', unit=None, boundary=None)
04:22 INFO    : Analysis likelihood class: <class 'nmma.em.likelihood.OpticalLightCurve'>
04:22 INFO    : timeshift=0.0
04:22 INFO    : Ebv=0.0
04:22 INFO    : Analysis likelihood noise evidence: 0.0
04:22 INFO    : em_syserr=LogUniform(minimum=0.1, maximum=2.0, name='em_syserr', latex_label='$\\sigma$', unit=None, boundary=None)
04:22 INFO    : Ebv=0.0
04:22 INFO    : Analysis likelihood class: <class 'nmma.em.likelihood.OpticalLightCurve'>
04:22 INFO    : timeshift=0.0
04:22 INFO    : Analysis likelihood class: <class 'nmma.em.likelihood.OpticalLightCurve'>
04:22 INFO    : em_syserr=LogUniform(minimum=0.1, maximum=2.0, name='em_syserr', latex_label='$\\sigma$', unit=None, boundary=None)
04:22 INFO    : Analysis likelihood noise evidence: 0.0
04:22 INFO    : em_syserr=LogUniform(minimum=0.1, maximum=2.0, name='em_syserr', latex_label='$\\sigma$', unit=None, boundary=None)
04:22 INFO    : Ebv=0.0
04:22 INFO    : em_syserr=LogUniform(minimum=0.1, maximum=2.0, name='em_syserr', latex_label='$\\sigma$', unit=None, boundary=None)
04:22 INFO    : Analysis likelihood noise evidence: 0.0
04:22 INFO    : timeshift=0.0
04:22 INFO    : Analysis likelihood class: <class 'nmma.em.likelihood.OpticalLightCurve'>
04:22 INFO    : timeshift=0.0
04:22 INFO    : timeshift=0.0
04:22 INFO    : Ebv=0.0
04:22 INFO    : Ebv=0.0
04:22 INFO    : Analysis likelihood noise evidence: 0.0
04:22 INFO    : Ebv=0.0
04:22 INFO    : Analysis likelihood class: <class 'nmma.em.likelihood.OpticalLightCurve'>
04:22 INFO    : Analysis likelihood class: <class 'nmma.em.likelihood.OpticalLightCurve'>
04:22 INFO    : Analysis likelihood class: <class 'nmma.em.likelihood.OpticalLightCurve'>
04:22 INFO    : Analysis likelihood noise evidence: 0.0
04:22 INFO    : Analysis likelihood noise evidence: 0.0
04:22 INFO    : Analysis likelihood noise evidence: 0.0
04:22 INFO    : KNphi=Uniform(minimum=15.0, maximum=75.0, name='KNphi', latex_label='$\\Phi$', unit=None, boundary=None)
04:22 INFO    : log10_mej_dyn=Uniform(minimum=-3.0, maximum=-1.0, name='log10_mej_dyn', latex_label='$\\log_{10}M^{\\rm{dyn}}_{\\rm{ej}}$', unit=None, boundary='reflective')
04:22 INFO    : log10_mej_wind=Uniform(minimum=-3.0, maximum=-0.5, name='log10_mej_wind', latex_label='$\\log_{10}M^{\\rm{wind}}_{\\rm{ej}}$', unit=None, boundary='reflective')
04:22 INFO    : Analysis priors:
04:22 INFO    : inclination_EM=Sine(minimum=0.33, maximum=0.42, name='inclination_EM', latex_label='$\\iota$', unit=None, boundary=None)
04:22 INFO    : luminosity_distance=Gaussian(mu=43.4, sigma=2, name='luminosity_distance', latex_label='$D_L$', unit=None, boundary=None)
04:22 INFO    : KNphi=Uniform(minimum=15.0, maximum=75.0, name='KNphi', latex_label='$\\Phi$', unit=None, boundary=None)
04:22 INFO    : em_syserr=LogUniform(minimum=0.1, maximum=2.0, name='em_syserr', latex_label='$\\sigma$', unit=None, boundary=None)
04:22 INFO    : log10_mej_dyn=Uniform(minimum=-3.0, maximum=-1.0, name='log10_mej_dyn', latex_label='$\\log_{10}M^{\\rm{dyn}}_{\\rm{ej}}$', unit=None, boundary='reflective')
04:22 INFO    : timeshift=0.0
04:22 INFO    : Ebv=0.0
04:22 INFO    : Analysis likelihood class: <class 'nmma.em.likelihood.OpticalLightCurve'>
04:22 INFO    : log10_mej_wind=Uniform(minimum=-3.0, maximum=-0.5, name='log10_mej_wind', latex_label='$\\log_{10}M^{\\rm{wind}}_{\\rm{ej}}$', unit=None, boundary='reflective')
04:22 INFO    : Analysis likelihood noise evidence: 0.0
04:22 INFO    : inclination_EM=Sine(minimum=0.33, maximum=0.42, name='inclination_EM', latex_label='$\\iota$', unit=None, boundary=None)
04:22 INFO    : luminosity_distance=Gaussian(mu=43.4, sigma=2, name='luminosity_distance', latex_label='$D_L$', unit=None, boundary=None)
04:22 INFO    : em_syserr=LogUniform(minimum=0.1, maximum=2.0, name='em_syserr', latex_label='$\\sigma$', unit=None, boundary=None)
04:22 INFO    : timeshift=0.0
04:22 INFO    : Ebv=0.0
04:22 INFO    : Analysis likelihood class: <class 'nmma.em.likelihood.OpticalLightCurve'>
04:22 INFO    : Analysis likelihood noise evidence: 0.0
04:23 INFO    : Single likelihood evaluation took 4.366e-01 s
04:23 INFO    : Single likelihood evaluation took 4.371e-01 s
04:23 INFO    : Single likelihood evaluation took 4.374e-01 s
04:23 INFO    : Single likelihood evaluation took 4.397e-01 s
04:23 WARNING : Supplied argument 'queue_size' not an argument of 'Pymultinest', removing.
04:23 WARNING : Supplied argument 'check_point_delta_t' not an argument of 'Pymultinest', removing.
04:23 INFO    : Using sampler Pymultinest with kwargs {'importance_nested_sampling': False, 'resume': True, 'verbose': True, 'sampling_efficiency': 'parameter', 'n_live_points': 2048, 'n_params': 6, 'n_clustering_params': None, 'wrapped_params': None, 'multimodal': True, 'const_efficiency_mode': False, 'evidence_tolerance': 0.5, 'n_iter_before_update': 100, 'null_log_evidence': -1e+90, 'max_modes': 100, 'mode_tolerance': -1e+90, 'seed': 42, 'context': 0, 'write_output': True, 'log_zero': -1e+100, 'max_iter': 0, 'init_MPI': False, 'dump_callback': <bound method Pymultinest._dump_callback of <bilby.core.sampler.pymultinest.Pymultinest object at 0x155500fde8c0>>}
04:23 INFO    : Temporary directory incompatible with MPI, will run in original directory
04:23 INFO    : Using output file outdirBNSBu32cores/pm_Constraints170817/
04:23 WARNING : Supplied argument 'queue_size' not an argument of 'Pymultinest', removing.
04:23 WARNING : Supplied argument 'check_point_delta_t' not an argument of 'Pymultinest', removing.
04:23 INFO    : Using sampler Pymultinest with kwargs {'importance_nested_sampling': False, 'resume': True, 'verbose': True, 'sampling_efficiency': 'parameter', 'n_live_points': 2048, 'n_params': 6, 'n_clustering_params': None, 'wrapped_params': None, 'multimodal': True, 'const_efficiency_mode': False, 'evidence_tolerance': 0.5, 'n_iter_before_update': 100, 'null_log_evidence': -1e+90, 'max_modes': 100, 'mode_tolerance': -1e+90, 'seed': 42, 'context': 0, 'write_output': True, 'log_zero': -1e+100, 'max_iter': 0, 'init_MPI': False, 'dump_callback': <bound method Pymultinest._dump_callback of <bilby.core.sampler.pymultinest.Pymultinest object at 0x155500fde6e0>>}
04:23 INFO    : Temporary directory incompatible with MPI, will run in original directory
04:23 INFO    : Using output file outdirBNSBu32cores/pm_Constraints170817/
04:23 WARNING : Supplied argument 'queue_size' not an argument of 'Pymultinest', removing.
04:23 WARNING : Supplied argument 'check_point_delta_t' not an argument of 'Pymultinest', removing.
04:23 INFO    : Using sampler Pymultinest with kwargs {'importance_nested_sampling': False, 'resume': True, 'verbose': True, 'sampling_efficiency': 'parameter', 'n_live_points': 2048, 'n_params': 6, 'n_clustering_params': None, 'wrapped_params': None, 'multimodal': True, 'const_efficiency_mode': False, 'evidence_tolerance': 0.5, 'n_iter_before_update': 100, 'null_log_evidence': -1e+90, 'max_modes': 100, 'mode_tolerance': -1e+90, 'seed': 42, 'context': 0, 'write_output': True, 'log_zero': -1e+100, 'max_iter': 0, 'init_MPI': False, 'dump_callback': <bound method Pymultinest._dump_callback of <bilby.core.sampler.pymultinest.Pymultinest object at 0x155500fdfb50>>}
04:23 INFO    : Temporary directory incompatible with MPI, will run in original directory
04:23 INFO    : Using output file outdirBNSBu32cores/pm_Constraints170817/
04:23 WARNING : Supplied argument 'queue_size' not an argument of 'Pymultinest', removing.
04:23 WARNING : Supplied argument 'check_point_delta_t' not an argument of 'Pymultinest', removing.
04:23 INFO    : Using sampler Pymultinest with kwargs {'importance_nested_sampling': False, 'resume': True, 'verbose': True, 'sampling_efficiency': 'parameter', 'n_live_points': 2048, 'n_params': 6, 'n_clustering_params': None, 'wrapped_params': None, 'multimodal': True, 'const_efficiency_mode': False, 'evidence_tolerance': 0.5, 'n_iter_before_update': 100, 'null_log_evidence': -1e+90, 'max_modes': 100, 'mode_tolerance': -1e+90, 'seed': 42, 'context': 0, 'write_output': True, 'log_zero': -1e+100, 'max_iter': 0, 'init_MPI': False, 'dump_callback': <bound method Pymultinest._dump_callback of <bilby.core.sampler.pymultinest.Pymultinest object at 0x155500fdbb80>>}
04:23 INFO    : Temporary directory incompatible with MPI, will run in original directory
04:23 INFO    : Using output file outdirBNSBu32cores/pm_Constraints170817/
04:23 INFO    : Single likelihood evaluation took 4.440e-01 s
04:23 INFO    : Single likelihood evaluation took 4.442e-01 s
04:23 INFO    : Single likelihood evaluation took 4.444e-01 s
04:23 INFO    : Single likelihood evaluation took 4.446e-01 s
04:23 INFO    : Single likelihood evaluation took 4.434e-01 s
04:23 INFO    : Single likelihood evaluation took 4.462e-01 s
04:23 WARNING : Supplied argument 'queue_size' not an argument of 'Pymultinest', removing.
04:23 WARNING : Supplied argument 'check_point_delta_t' not an argument of 'Pymultinest', removing.
04:23 INFO    : Using sampler Pymultinest with kwargs {'importance_nested_sampling': False, 'resume': True, 'verbose': True, 'sampling_efficiency': 'parameter', 'n_live_points': 2048, 'n_params': 6, 'n_clustering_params': None, 'wrapped_params': None, 'multimodal': True, 'const_efficiency_mode': False, 'evidence_tolerance': 0.5, 'n_iter_before_update': 100, 'null_log_evidence': -1e+90, 'max_modes': 100, 'mode_tolerance': -1e+90, 'seed': 42, 'context': 0, 'write_output': True, 'log_zero': -1e+100, 'max_iter': 0, 'init_MPI': False, 'dump_callback': <bound method Pymultinest._dump_callback of <bilby.core.sampler.pymultinest.Pymultinest object at 0x155500fdcdc0>>}
04:23 INFO    : Temporary directory incompatible with MPI, will run in original directory
04:23 INFO    : Using output file outdirBNSBu32cores/pm_Constraints170817/
04:23 WARNING : Supplied argument 'queue_size' not an argument of 'Pymultinest', removing.
04:23 WARNING : Supplied argument 'check_point_delta_t' not an argument of 'Pymultinest', removing.
04:23 INFO    : Using sampler Pymultinest with kwargs {'importance_nested_sampling': False, 'resume': True, 'verbose': True, 'sampling_efficiency': 'parameter', 'n_live_points': 2048, 'n_params': 6, 'n_clustering_params': None, 'wrapped_params': None, 'multimodal': True, 'const_efficiency_mode': False, 'evidence_tolerance': 0.5, 'n_iter_before_update': 100, 'null_log_evidence': -1e+90, 'max_modes': 100, 'mode_tolerance': -1e+90, 'seed': 42, 'context': 0, 'write_output': True, 'log_zero': -1e+100, 'max_iter': 0, 'init_MPI': False, 'dump_callback': <bound method Pymultinest._dump_callback of <bilby.core.sampler.pymultinest.Pymultinest object at 0x155500fdbb20>>}
04:23 INFO    : Temporary directory incompatible with MPI, will run in original directory
04:23 INFO    : Using output file outdirBNSBu32cores/pm_Constraints170817/
04:23 WARNING : Supplied argument 'queue_size' not an argument of 'Pymultinest', removing.
04:23 WARNING : Supplied argument 'check_point_delta_t' not an argument of 'Pymultinest', removing.
04:23 INFO    : Using sampler Pymultinest with kwargs {'importance_nested_sampling': False, 'resume': True, 'verbose': True, 'sampling_efficiency': 'parameter', 'n_live_points': 2048, 'n_params': 6, 'n_clustering_params': None, 'wrapped_params': None, 'multimodal': True, 'const_efficiency_mode': False, 'evidence_tolerance': 0.5, 'n_iter_before_update': 100, 'null_log_evidence': -1e+90, 'max_modes': 100, 'mode_tolerance': -1e+90, 'seed': 42, 'context': 0, 'write_output': True, 'log_zero': -1e+100, 'max_iter': 0, 'init_MPI': False, 'dump_callback': <bound method Pymultinest._dump_callback of <bilby.core.sampler.pymultinest.Pymultinest object at 0x155500fde680>>}
04:23 INFO    : Temporary directory incompatible with MPI, will run in original directory
04:23 INFO    : Using output file outdirBNSBu32cores/pm_Constraints170817/
04:23 WARNING : Supplied argument 'queue_size' not an argument of 'Pymultinest', removing.
04:23 WARNING : Supplied argument 'check_point_delta_t' not an argument of 'Pymultinest', removing.
04:23 INFO    : Using sampler Pymultinest with kwargs {'importance_nested_sampling': False, 'resume': True, 'verbose': True, 'sampling_efficiency': 'parameter', 'n_live_points': 2048, 'n_params': 6, 'n_clustering_params': None, 'wrapped_params': None, 'multimodal': True, 'const_efficiency_mode': False, 'evidence_tolerance': 0.5, 'n_iter_before_update': 100, 'null_log_evidence': -1e+90, 'max_modes': 100, 'mode_tolerance': -1e+90, 'seed': 42, 'context': 0, 'write_output': True, 'log_zero': -1e+100, 'max_iter': 0, 'init_MPI': False, 'dump_callback': <bound method Pymultinest._dump_callback of <bilby.core.sampler.pymultinest.Pymultinest object at 0x155500fda710>>}
04:23 INFO    : Temporary directory incompatible with MPI, will run in original directory
04:23 INFO    : Using output file outdirBNSBu32cores/pm_Constraints170817/
04:23 WARNING : Supplied argument 'queue_size' not an argument of 'Pymultinest', removing.
04:23 WARNING : Supplied argument 'check_point_delta_t' not an argument of 'Pymultinest', removing.
04:23 INFO    : Using sampler Pymultinest with kwargs {'importance_nested_sampling': False, 'resume': True, 'verbose': True, 'sampling_efficiency': 'parameter', 'n_live_points': 2048, 'n_params': 6, 'n_clustering_params': None, 'wrapped_params': None, 'multimodal': True, 'const_efficiency_mode': False, 'evidence_tolerance': 0.5, 'n_iter_before_update': 100, 'null_log_evidence': -1e+90, 'max_modes': 100, 'mode_tolerance': -1e+90, 'seed': 42, 'context': 0, 'write_output': True, 'log_zero': -1e+100, 'max_iter': 0, 'init_MPI': False, 'dump_callback': <bound method Pymultinest._dump_callback of <bilby.core.sampler.pymultinest.Pymultinest object at 0x155500fda680>>}
04:23 INFO    : Temporary directory incompatible with MPI, will run in original directory
04:23 INFO    : Using output file outdirBNSBu32cores/pm_Constraints170817/
04:23 INFO    : Single likelihood evaluation took 4.478e-01 s
04:23 INFO    : Single likelihood evaluation took 4.485e-01 s
04:23 WARNING : Supplied argument 'queue_size' not an argument of 'Pymultinest', removing.
04:23 WARNING : Supplied argument 'check_point_delta_t' not an argument of 'Pymultinest', removing.
04:23 INFO    : Using sampler Pymultinest with kwargs {'importance_nested_sampling': False, 'resume': True, 'verbose': True, 'sampling_efficiency': 'parameter', 'n_live_points': 2048, 'n_params': 6, 'n_clustering_params': None, 'wrapped_params': None, 'multimodal': True, 'const_efficiency_mode': False, 'evidence_tolerance': 0.5, 'n_iter_before_update': 100, 'null_log_evidence': -1e+90, 'max_modes': 100, 'mode_tolerance': -1e+90, 'seed': 42, 'context': 0, 'write_output': True, 'log_zero': -1e+100, 'max_iter': 0, 'init_MPI': False, 'dump_callback': <bound method Pymultinest._dump_callback of <bilby.core.sampler.pymultinest.Pymultinest object at 0x155500fde170>>}
04:23 INFO    : Temporary directory incompatible with MPI, will run in original directory
04:23 INFO    : Using output file outdirBNSBu32cores/pm_Constraints170817/
04:23 INFO    : Single likelihood evaluation took 4.489e-01 s
04:23 INFO    : Single likelihood evaluation took 4.489e-01 s
04:23 INFO    : Single likelihood evaluation took 4.490e-01 s
04:23 INFO    : Single likelihood evaluation took 4.496e-01 s
04:23 WARNING : Supplied argument 'queue_size' not an argument of 'Pymultinest', removing.
04:23 WARNING : Supplied argument 'check_point_delta_t' not an argument of 'Pymultinest', removing.
04:23 INFO    : Using sampler Pymultinest with kwargs {'importance_nested_sampling': False, 'resume': True, 'verbose': True, 'sampling_efficiency': 'parameter', 'n_live_points': 2048, 'n_params': 6, 'n_clustering_params': None, 'wrapped_params': None, 'multimodal': True, 'const_efficiency_mode': False, 'evidence_tolerance': 0.5, 'n_iter_before_update': 100, 'null_log_evidence': -1e+90, 'max_modes': 100, 'mode_tolerance': -1e+90, 'seed': 42, 'context': 0, 'write_output': True, 'log_zero': -1e+100, 'max_iter': 0, 'init_MPI': False, 'dump_callback': <bound method Pymultinest._dump_callback of <bilby.core.sampler.pymultinest.Pymultinest object at 0x155500fd8be0>>}
04:23 INFO    : Temporary directory incompatible with MPI, will run in original directory
04:23 INFO    : Using output file outdirBNSBu32cores/pm_Constraints170817/
04:23 WARNING : Supplied argument 'queue_size' not an argument of 'Pymultinest', removing.
04:23 WARNING : Supplied argument 'check_point_delta_t' not an argument of 'Pymultinest', removing.
04:23 INFO    : Using sampler Pymultinest with kwargs {'importance_nested_sampling': False, 'resume': True, 'verbose': True, 'sampling_efficiency': 'parameter', 'n_live_points': 2048, 'n_params': 6, 'n_clustering_params': None, 'wrapped_params': None, 'multimodal': True, 'const_efficiency_mode': False, 'evidence_tolerance': 0.5, 'n_iter_before_update': 100, 'null_log_evidence': -1e+90, 'max_modes': 100, 'mode_tolerance': -1e+90, 'seed': 42, 'context': 0, 'write_output': True, 'log_zero': -1e+100, 'max_iter': 0, 'init_MPI': False, 'dump_callback': <bound method Pymultinest._dump_callback of <bilby.core.sampler.pymultinest.Pymultinest object at 0x155500fdd330>>}
04:23 INFO    : Temporary directory incompatible with MPI, will run in original directory
04:23 INFO    : Using output file outdirBNSBu32cores/pm_Constraints170817/
04:23 WARNING : Supplied argument 'queue_size' not an argument of 'Pymultinest', removing.
04:23 WARNING : Supplied argument 'check_point_delta_t' not an argument of 'Pymultinest', removing.
04:23 INFO    : Using sampler Pymultinest with kwargs {'importance_nested_sampling': False, 'resume': True, 'verbose': True, 'sampling_efficiency': 'parameter', 'n_live_points': 2048, 'n_params': 6, 'n_clustering_params': None, 'wrapped_params': None, 'multimodal': True, 'const_efficiency_mode': False, 'evidence_tolerance': 0.5, 'n_iter_before_update': 100, 'null_log_evidence': -1e+90, 'max_modes': 100, 'mode_tolerance': -1e+90, 'seed': 42, 'context': 0, 'write_output': True, 'log_zero': -1e+100, 'max_iter': 0, 'init_MPI': False, 'dump_callback': <bound method Pymultinest._dump_callback of <bilby.core.sampler.pymultinest.Pymultinest object at 0x155500fe3b20>>}
04:23 INFO    : Temporary directory incompatible with MPI, will run in original directory
04:23 INFO    : Using output file outdirBNSBu32cores/pm_Constraints170817/
04:23 WARNING : Supplied argument 'queue_size' not an argument of 'Pymultinest', removing.
04:23 WARNING : Supplied argument 'check_point_delta_t' not an argument of 'Pymultinest', removing.
04:23 INFO    : Using sampler Pymultinest with kwargs {'importance_nested_sampling': False, 'resume': True, 'verbose': True, 'sampling_efficiency': 'parameter', 'n_live_points': 2048, 'n_params': 6, 'n_clustering_params': None, 'wrapped_params': None, 'multimodal': True, 'const_efficiency_mode': False, 'evidence_tolerance': 0.5, 'n_iter_before_update': 100, 'null_log_evidence': -1e+90, 'max_modes': 100, 'mode_tolerance': -1e+90, 'seed': 42, 'context': 0, 'write_output': True, 'log_zero': -1e+100, 'max_iter': 0, 'init_MPI': False, 'dump_callback': <bound method Pymultinest._dump_callback of <bilby.core.sampler.pymultinest.Pymultinest object at 0x155500fd50c0>>}
04:23 INFO    : Temporary directory incompatible with MPI, will run in original directory
04:23 INFO    : Using output file outdirBNSBu32cores/pm_Constraints170817/
04:23 WARNING : Supplied argument 'queue_size' not an argument of 'Pymultinest', removing.
04:23 WARNING : Supplied argument 'queue_size' not an argument of 'Pymultinest', removing.
04:23 WARNING : Supplied argument 'check_point_delta_t' not an argument of 'Pymultinest', removing.
04:23 WARNING : Supplied argument 'check_point_delta_t' not an argument of 'Pymultinest', removing.
04:23 INFO    : Using sampler Pymultinest with kwargs {'importance_nested_sampling': False, 'resume': True, 'verbose': True, 'sampling_efficiency': 'parameter', 'n_live_points': 2048, 'n_params': 6, 'n_clustering_params': None, 'wrapped_params': None, 'multimodal': True, 'const_efficiency_mode': False, 'evidence_tolerance': 0.5, 'n_iter_before_update': 100, 'null_log_evidence': -1e+90, 'max_modes': 100, 'mode_tolerance': -1e+90, 'seed': 42, 'context': 0, 'write_output': True, 'log_zero': -1e+100, 'max_iter': 0, 'init_MPI': False, 'dump_callback': <bound method Pymultinest._dump_callback of <bilby.core.sampler.pymultinest.Pymultinest object at 0x155500fe2680>>}
04:23 INFO    : Using sampler Pymultinest with kwargs {'importance_nested_sampling': False, 'resume': True, 'verbose': True, 'sampling_efficiency': 'parameter', 'n_live_points': 2048, 'n_params': 6, 'n_clustering_params': None, 'wrapped_params': None, 'multimodal': True, 'const_efficiency_mode': False, 'evidence_tolerance': 0.5, 'n_iter_before_update': 100, 'null_log_evidence': -1e+90, 'max_modes': 100, 'mode_tolerance': -1e+90, 'seed': 42, 'context': 0, 'write_output': True, 'log_zero': -1e+100, 'max_iter': 0, 'init_MPI': False, 'dump_callback': <bound method Pymultinest._dump_callback of <bilby.core.sampler.pymultinest.Pymultinest object at 0x155500fdfb50>>}
04:23 INFO    : Temporary directory incompatible with MPI, will run in original directory
04:23 INFO    : Temporary directory incompatible with MPI, will run in original directory
04:23 INFO    : Using output file outdirBNSBu32cores/pm_Constraints170817/
04:23 INFO    : Using output file outdirBNSBu32cores/pm_Constraints170817/
04:23 INFO    : Single likelihood evaluation took 4.604e-01 s
04:23 INFO    : Single likelihood evaluation took 4.610e-01 s
04:23 INFO    : Single likelihood evaluation took 4.643e-01 s
04:23 INFO    : Single likelihood evaluation took 4.646e-01 s
04:23 INFO    : Single likelihood evaluation took 4.647e-01 s
04:23 WARNING : Supplied argument 'queue_size' not an argument of 'Pymultinest', removing.
04:23 WARNING : Supplied argument 'check_point_delta_t' not an argument of 'Pymultinest', removing.
04:23 INFO    : Using sampler Pymultinest with kwargs {'importance_nested_sampling': False, 'resume': True, 'verbose': True, 'sampling_efficiency': 'parameter', 'n_live_points': 2048, 'n_params': 6, 'n_clustering_params': None, 'wrapped_params': None, 'multimodal': True, 'const_efficiency_mode': False, 'evidence_tolerance': 0.5, 'n_iter_before_update': 100, 'null_log_evidence': -1e+90, 'max_modes': 100, 'mode_tolerance': -1e+90, 'seed': 42, 'context': 0, 'write_output': True, 'log_zero': -1e+100, 'max_iter': 0, 'init_MPI': False, 'dump_callback': <bound method Pymultinest._dump_callback of <bilby.core.sampler.pymultinest.Pymultinest object at 0x155500fde170>>}
04:23 INFO    : Single likelihood evaluation took 4.652e-01 s
04:23 INFO    : Temporary directory incompatible with MPI, will run in original directory
04:23 INFO    : Using output file outdirBNSBu32cores/pm_Constraints170817/
04:23 WARNING : Supplied argument 'queue_size' not an argument of 'Pymultinest', removing.
04:23 WARNING : Supplied argument 'check_point_delta_t' not an argument of 'Pymultinest', removing.
04:23 INFO    : Using sampler Pymultinest with kwargs {'importance_nested_sampling': False, 'resume': True, 'verbose': True, 'sampling_efficiency': 'parameter', 'n_live_points': 2048, 'n_params': 6, 'n_clustering_params': None, 'wrapped_params': None, 'multimodal': True, 'const_efficiency_mode': False, 'evidence_tolerance': 0.5, 'n_iter_before_update': 100, 'null_log_evidence': -1e+90, 'max_modes': 100, 'mode_tolerance': -1e+90, 'seed': 42, 'context': 0, 'write_output': True, 'log_zero': -1e+100, 'max_iter': 0, 'init_MPI': False, 'dump_callback': <bound method Pymultinest._dump_callback of <bilby.core.sampler.pymultinest.Pymultinest object at 0x155500fe2890>>}
04:23 INFO    : Single likelihood evaluation took 4.659e-01 s
04:23 INFO    : Temporary directory incompatible with MPI, will run in original directory
04:23 INFO    : Using output file outdirBNSBu32cores/pm_Constraints170817/
04:23 INFO    : Single likelihood evaluation took 4.659e-01 s
04:23 INFO    : Single likelihood evaluation took 4.668e-01 s
04:23 INFO    : Single likelihood evaluation took 4.673e-01 s
04:23 WARNING : Supplied argument 'queue_size' not an argument of 'Pymultinest', removing.
04:23 WARNING : Supplied argument 'check_point_delta_t' not an argument of 'Pymultinest', removing.
04:23 INFO    : Using sampler Pymultinest with kwargs {'importance_nested_sampling': False, 'resume': True, 'verbose': True, 'sampling_efficiency': 'parameter', 'n_live_points': 2048, 'n_params': 6, 'n_clustering_params': None, 'wrapped_params': None, 'multimodal': True, 'const_efficiency_mode': False, 'evidence_tolerance': 0.5, 'n_iter_before_update': 100, 'null_log_evidence': -1e+90, 'max_modes': 100, 'mode_tolerance': -1e+90, 'seed': 42, 'context': 0, 'write_output': True, 'log_zero': -1e+100, 'max_iter': 0, 'init_MPI': False, 'dump_callback': <bound method Pymultinest._dump_callback of <bilby.core.sampler.pymultinest.Pymultinest object at 0x155500fd8bb0>>}
04:23 INFO    : Temporary directory incompatible with MPI, will run in original directory
04:23 INFO    : Using output file outdirBNSBu32cores/pm_Constraints170817/
04:23 WARNING : Supplied argument 'queue_size' not an argument of 'Pymultinest', removing.
04:23 WARNING : Supplied argument 'check_point_delta_t' not an argument of 'Pymultinest', removing.
04:23 INFO    : Using sampler Pymultinest with kwargs {'importance_nested_sampling': False, 'resume': True, 'verbose': True, 'sampling_efficiency': 'parameter', 'n_live_points': 2048, 'n_params': 6, 'n_clustering_params': None, 'wrapped_params': None, 'multimodal': True, 'const_efficiency_mode': False, 'evidence_tolerance': 0.5, 'n_iter_before_update': 100, 'null_log_evidence': -1e+90, 'max_modes': 100, 'mode_tolerance': -1e+90, 'seed': 42, 'context': 0, 'write_output': True, 'log_zero': -1e+100, 'max_iter': 0, 'init_MPI': False, 'dump_callback': <bound method Pymultinest._dump_callback of <bilby.core.sampler.pymultinest.Pymultinest object at 0x155500fdfb80>>}
04:23 INFO    : Temporary directory incompatible with MPI, will run in original directory
04:23 INFO    : Using output file outdirBNSBu32cores/pm_Constraints170817/
04:23 WARNING : Supplied argument 'queue_size' not an argument of 'Pymultinest', removing.
04:23 WARNING : Supplied argument 'check_point_delta_t' not an argument of 'Pymultinest', removing.
04:23 INFO    : Using sampler Pymultinest with kwargs {'importance_nested_sampling': False, 'resume': True, 'verbose': True, 'sampling_efficiency': 'parameter', 'n_live_points': 2048, 'n_params': 6, 'n_clustering_params': None, 'wrapped_params': None, 'multimodal': True, 'const_efficiency_mode': False, 'evidence_tolerance': 0.5, 'n_iter_before_update': 100, 'null_log_evidence': -1e+90, 'max_modes': 100, 'mode_tolerance': -1e+90, 'seed': 42, 'context': 0, 'write_output': True, 'log_zero': -1e+100, 'max_iter': 0, 'init_MPI': False, 'dump_callback': <bound method Pymultinest._dump_callback of <bilby.core.sampler.pymultinest.Pymultinest object at 0x155500fd51b0>>}
04:23 INFO    : Temporary directory incompatible with MPI, will run in original directory
04:23 INFO    : Using output file outdirBNSBu32cores/pm_Constraints170817/
04:23 WARNING : Supplied argument 'queue_size' not an argument of 'Pymultinest', removing.
04:23 WARNING : Supplied argument 'check_point_delta_t' not an argument of 'Pymultinest', removing.
04:23 INFO    : Using sampler Pymultinest with kwargs {'importance_nested_sampling': False, 'resume': True, 'verbose': True, 'sampling_efficiency': 'parameter', 'n_live_points': 2048, 'n_params': 6, 'n_clustering_params': None, 'wrapped_params': None, 'multimodal': True, 'const_efficiency_mode': False, 'evidence_tolerance': 0.5, 'n_iter_before_update': 100, 'null_log_evidence': -1e+90, 'max_modes': 100, 'mode_tolerance': -1e+90, 'seed': 42, 'context': 0, 'write_output': True, 'log_zero': -1e+100, 'max_iter': 0, 'init_MPI': False, 'dump_callback': <bound method Pymultinest._dump_callback of <bilby.core.sampler.pymultinest.Pymultinest object at 0x155500fde1d0>>}
04:23 INFO    : Temporary directory incompatible with MPI, will run in original directory
04:23 INFO    : Using output file outdirBNSBu32cores/pm_Constraints170817/
04:23 INFO    : Single likelihood evaluation took 4.683e-01 s
04:23 WARNING : Supplied argument 'queue_size' not an argument of 'Pymultinest', removing.
04:23 WARNING : Supplied argument 'check_point_delta_t' not an argument of 'Pymultinest', removing.
04:23 INFO    : Using sampler Pymultinest with kwargs {'importance_nested_sampling': False, 'resume': True, 'verbose': True, 'sampling_efficiency': 'parameter', 'n_live_points': 2048, 'n_params': 6, 'n_clustering_params': None, 'wrapped_params': None, 'multimodal': True, 'const_efficiency_mode': False, 'evidence_tolerance': 0.5, 'n_iter_before_update': 100, 'null_log_evidence': -1e+90, 'max_modes': 100, 'mode_tolerance': -1e+90, 'seed': 42, 'context': 0, 'write_output': True, 'log_zero': -1e+100, 'max_iter': 0, 'init_MPI': False, 'dump_callback': <bound method Pymultinest._dump_callback of <bilby.core.sampler.pymultinest.Pymultinest object at 0x155500fdfb20>>}
04:23 INFO    : Temporary directory incompatible with MPI, will run in original directory
04:23 INFO    : Using output file outdirBNSBu32cores/pm_Constraints170817/
04:23 WARNING : Supplied argument 'queue_size' not an argument of 'Pymultinest', removing.
04:23 WARNING : Supplied argument 'check_point_delta_t' not an argument of 'Pymultinest', removing.
04:23 INFO    : Using sampler Pymultinest with kwargs {'importance_nested_sampling': False, 'resume': True, 'verbose': True, 'sampling_efficiency': 'parameter', 'n_live_points': 2048, 'n_params': 6, 'n_clustering_params': None, 'wrapped_params': None, 'multimodal': True, 'const_efficiency_mode': False, 'evidence_tolerance': 0.5, 'n_iter_before_update': 100, 'null_log_evidence': -1e+90, 'max_modes': 100, 'mode_tolerance': -1e+90, 'seed': 42, 'context': 0, 'write_output': True, 'log_zero': -1e+100, 'max_iter': 0, 'init_MPI': False, 'dump_callback': <bound method Pymultinest._dump_callback of <bilby.core.sampler.pymultinest.Pymultinest object at 0x155500fe28c0>>}
04:23 INFO    : Temporary directory incompatible with MPI, will run in original directory
04:23 INFO    : Using output file outdirBNSBu32cores/pm_Constraints170817/
04:23 INFO    : Single likelihood evaluation took 4.694e-01 s
04:23 WARNING : Supplied argument 'queue_size' not an argument of 'Pymultinest', removing.
04:23 WARNING : Supplied argument 'check_point_delta_t' not an argument of 'Pymultinest', removing.
04:23 INFO    : Using sampler Pymultinest with kwargs {'importance_nested_sampling': False, 'resume': True, 'verbose': True, 'sampling_efficiency': 'parameter', 'n_live_points': 2048, 'n_params': 6, 'n_clustering_params': None, 'wrapped_params': None, 'multimodal': True, 'const_efficiency_mode': False, 'evidence_tolerance': 0.5, 'n_iter_before_update': 100, 'null_log_evidence': -1e+90, 'max_modes': 100, 'mode_tolerance': -1e+90, 'seed': 42, 'context': 0, 'write_output': True, 'log_zero': -1e+100, 'max_iter': 0, 'init_MPI': False, 'dump_callback': <bound method Pymultinest._dump_callback of <bilby.core.sampler.pymultinest.Pymultinest object at 0x155500fe3a90>>}
04:23 INFO    : Temporary directory incompatible with MPI, will run in original directory
04:23 INFO    : Using output file outdirBNSBu32cores/pm_Constraints170817/
04:23 WARNING : Supplied argument 'queue_size' not an argument of 'Pymultinest', removing.
04:23 WARNING : Supplied argument 'check_point_delta_t' not an argument of 'Pymultinest', removing.
04:23 INFO    : Using sampler Pymultinest with kwargs {'importance_nested_sampling': False, 'resume': True, 'verbose': True, 'sampling_efficiency': 'parameter', 'n_live_points': 2048, 'n_params': 6, 'n_clustering_params': None, 'wrapped_params': None, 'multimodal': True, 'const_efficiency_mode': False, 'evidence_tolerance': 0.5, 'n_iter_before_update': 100, 'null_log_evidence': -1e+90, 'max_modes': 100, 'mode_tolerance': -1e+90, 'seed': 42, 'context': 0, 'write_output': True, 'log_zero': -1e+100, 'max_iter': 0, 'init_MPI': False, 'dump_callback': <bound method Pymultinest._dump_callback of <bilby.core.sampler.pymultinest.Pymultinest object at 0x155500fda800>>}
04:23 INFO    : Temporary directory incompatible with MPI, will run in original directory
04:23 INFO    : Using output file outdirBNSBu32cores/pm_Constraints170817/
04:23 WARNING : Supplied argument 'queue_size' not an argument of 'Pymultinest', removing.
04:23 WARNING : Supplied argument 'check_point_delta_t' not an argument of 'Pymultinest', removing.
04:23 INFO    : Using sampler Pymultinest with kwargs {'importance_nested_sampling': False, 'resume': True, 'verbose': True, 'sampling_efficiency': 'parameter', 'n_live_points': 2048, 'n_params': 6, 'n_clustering_params': None, 'wrapped_params': None, 'multimodal': True, 'const_efficiency_mode': False, 'evidence_tolerance': 0.5, 'n_iter_before_update': 100, 'null_log_evidence': -1e+90, 'max_modes': 100, 'mode_tolerance': -1e+90, 'seed': 42, 'context': 0, 'write_output': True, 'log_zero': -1e+100, 'max_iter': 0, 'init_MPI': False, 'dump_callback': <bound method Pymultinest._dump_callback of <bilby.core.sampler.pymultinest.Pymultinest object at 0x155500fdfb80>>}
04:23 INFO    : Temporary directory incompatible with MPI, will run in original directory
04:23 INFO    : Using output file outdirBNSBu32cores/pm_Constraints170817/
04:23 WARNING : Supplied argument 'queue_size' not an argument of 'Pymultinest', removing.
04:23 WARNING : Supplied argument 'check_point_delta_t' not an argument of 'Pymultinest', removing.
04:23 INFO    : Using sampler Pymultinest with kwargs {'importance_nested_sampling': False, 'resume': True, 'verbose': True, 'sampling_efficiency': 'parameter', 'n_live_points': 2048, 'n_params': 6, 'n_clustering_params': None, 'wrapped_params': None, 'multimodal': True, 'const_efficiency_mode': False, 'evidence_tolerance': 0.5, 'n_iter_before_update': 100, 'null_log_evidence': -1e+90, 'max_modes': 100, 'mode_tolerance': -1e+90, 'seed': 42, 'context': 0, 'write_output': True, 'log_zero': -1e+100, 'max_iter': 0, 'init_MPI': False, 'dump_callback': <bound method Pymultinest._dump_callback of <bilby.core.sampler.pymultinest.Pymultinest object at 0x155500fdd330>>}
04:23 INFO    : Temporary directory incompatible with MPI, will run in original directory
04:23 INFO    : Using output file outdirBNSBu32cores/pm_Constraints170817/
04:23 INFO    : Single likelihood evaluation took 4.719e-01 s
04:23 INFO    : Single likelihood evaluation took 4.711e-01 s
04:23 INFO    : Single likelihood evaluation took 4.722e-01 s
04:23 INFO    : Single likelihood evaluation took 4.726e-01 s
04:23 WARNING : Supplied argument 'queue_size' not an argument of 'Pymultinest', removing.
04:23 WARNING : Supplied argument 'check_point_delta_t' not an argument of 'Pymultinest', removing.
04:23 INFO    : Using sampler Pymultinest with kwargs {'importance_nested_sampling': False, 'resume': True, 'verbose': True, 'sampling_efficiency': 'parameter', 'n_live_points': 2048, 'n_params': 6, 'n_clustering_params': None, 'wrapped_params': None, 'multimodal': True, 'const_efficiency_mode': False, 'evidence_tolerance': 0.5, 'n_iter_before_update': 100, 'null_log_evidence': -1e+90, 'max_modes': 100, 'mode_tolerance': -1e+90, 'seed': 42, 'context': 0, 'write_output': True, 'log_zero': -1e+100, 'max_iter': 0, 'init_MPI': False, 'dump_callback': <bound method Pymultinest._dump_callback of <bilby.core.sampler.pymultinest.Pymultinest object at 0x155500fd9060>>}
04:23 INFO    : Temporary directory incompatible with MPI, will run in original directory
04:23 INFO    : Using output file outdirBNSBu32cores/pm_Constraints170817/
04:23 WARNING : Supplied argument 'queue_size' not an argument of 'Pymultinest', removing.
04:23 WARNING : Supplied argument 'check_point_delta_t' not an argument of 'Pymultinest', removing.
04:23 INFO    : Using sampler Pymultinest with kwargs {'importance_nested_sampling': False, 'resume': True, 'verbose': True, 'sampling_efficiency': 'parameter', 'n_live_points': 2048, 'n_params': 6, 'n_clustering_params': None, 'wrapped_params': None, 'multimodal': True, 'const_efficiency_mode': False, 'evidence_tolerance': 0.5, 'n_iter_before_update': 100, 'null_log_evidence': -1e+90, 'max_modes': 100, 'mode_tolerance': -1e+90, 'seed': 42, 'context': 0, 'write_output': True, 'log_zero': -1e+100, 'max_iter': 0, 'init_MPI': False, 'dump_callback': <bound method Pymultinest._dump_callback of <bilby.core.sampler.pymultinest.Pymultinest object at 0x155500fd92d0>>}
04:23 INFO    : Temporary directory incompatible with MPI, will run in original directory
04:23 INFO    : Using output file outdirBNSBu32cores/pm_Constraints170817/
04:23 WARNING : Supplied argument 'queue_size' not an argument of 'Pymultinest', removing.
04:23 WARNING : Supplied argument 'queue_size' not an argument of 'Pymultinest', removing.
04:23 WARNING : Supplied argument 'check_point_delta_t' not an argument of 'Pymultinest', removing.
04:23 WARNING : Supplied argument 'check_point_delta_t' not an argument of 'Pymultinest', removing.
04:23 INFO    : Using sampler Pymultinest with kwargs {'importance_nested_sampling': False, 'resume': True, 'verbose': True, 'sampling_efficiency': 'parameter', 'n_live_points': 2048, 'n_params': 6, 'n_clustering_params': None, 'wrapped_params': None, 'multimodal': True, 'const_efficiency_mode': False, 'evidence_tolerance': 0.5, 'n_iter_before_update': 100, 'null_log_evidence': -1e+90, 'max_modes': 100, 'mode_tolerance': -1e+90, 'seed': 42, 'context': 0, 'write_output': True, 'log_zero': -1e+100, 'max_iter': 0, 'init_MPI': False, 'dump_callback': <bound method Pymultinest._dump_callback of <bilby.core.sampler.pymultinest.Pymultinest object at 0x155500fda800>>}
04:23 INFO    : Using sampler Pymultinest with kwargs {'importance_nested_sampling': False, 'resume': True, 'verbose': True, 'sampling_efficiency': 'parameter', 'n_live_points': 2048, 'n_params': 6, 'n_clustering_params': None, 'wrapped_params': None, 'multimodal': True, 'const_efficiency_mode': False, 'evidence_tolerance': 0.5, 'n_iter_before_update': 100, 'null_log_evidence': -1e+90, 'max_modes': 100, 'mode_tolerance': -1e+90, 'seed': 42, 'context': 0, 'write_output': True, 'log_zero': -1e+100, 'max_iter': 0, 'init_MPI': False, 'dump_callback': <bound method Pymultinest._dump_callback of <bilby.core.sampler.pymultinest.Pymultinest object at 0x155500fdfb20>>}
04:23 INFO    : Temporary directory incompatible with MPI, will run in original directory
04:23 INFO    : Temporary directory incompatible with MPI, will run in original directory
04:23 INFO    : Using output file outdirBNSBu32cores/pm_Constraints170817/
04:23 INFO    : Using output file outdirBNSBu32cores/pm_Constraints170817/
05:33 INFO    : Sampling time: 1:10:21.961402
05:33 INFO    : Sampling time: 1:10:22.959861
05:33 INFO    : Sampling time: 1:10:21.974260
05:33 INFO    : Sampling time: 1:10:22.986579
05:33 INFO    : Sampling time: 1:10:22.088924
05:33 INFO    : Sampling time: 1:10:22.951060
05:33 INFO    : Sampling time: 1:10:21.975065
05:33 INFO    : Sampling time: 1:10:22.437823
05:33 INFO    : Sampling time: 1:10:20.261150
05:33 INFO    : Sampling time: 1:10:20.254956
05:33 INFO    : Sampling time: 1:10:22.218421
05:33 INFO    : Sampling time: 1:10:22.476416
05:33 INFO    : Sampling time: 1:10:21.975433
05:33 INFO    : Sampling time: 1:10:22.123245
05:33 INFO    : Sampling time: 1:10:20.235261
05:33 INFO    : Sampling time: 1:10:20.543564
05:33 INFO    : Sampling time: 1:10:20.165369
05:33 INFO    : Sampling time: 1:10:20.033005
05:33 INFO    : Sampling time: 1:10:20.116913
05:33 INFO    : Sampling time: 1:10:20.106447
05:33 INFO    : Sampling time: 1:10:20.236024
05:33 INFO    : Sampling time: 1:10:20.591485
05:33 INFO    : Sampling time: 1:10:22.933160
05:33 INFO    : Sampling time: 1:10:22.354608
05:33 INFO    : Sampling time: 1:10:19.683099
05:33 INFO    : Sampling time: 1:10:19.992198
05:33 INFO    : Sampling time: 1:10:20.170273
05:33 INFO    : Sampling time: 1:10:19.690850
05:33 INFO    : Sampling time: 1:10:22.499032
05:33 INFO    : Sampling time: 1:10:22.486763
05:33 INFO    : Sampling time: 1:10:19.683835
05:33 INFO    : Sampling time: 1:10:19.718017
05:33 ERROR   : 

Saving the data has failed with the following message:
[Errno 116] Stale file handle
Data has been dumped to outdirBNSBu32cores/Constraints170817_result.pkl.


05:33 ERROR   : 

Saving the data has failed with the following message:
[Errno 116] Stale file handle
Data has been dumped to outdirBNSBu32cores/Constraints170817_result.pkl.


05:33 INFO    : Summary of results:
nsamples: 11950
ln_noise_evidence:  0.000
ln_evidence: -140.439 +/-  0.069
ln_bayes_factor: -140.439 +/-  0.069

05:33 INFO    : Summary of results:
nsamples: 11950
ln_noise_evidence:  0.000
ln_evidence: -140.439 +/-  0.069
ln_bayes_factor: -140.439 +/-  0.069

05:33 INFO    : Summary of results:
nsamples: 11950
ln_noise_evidence:  0.000
ln_evidence: -140.439 +/-  0.069
ln_bayes_factor: -140.439 +/-  0.069

05:33 INFO    : Summary of results:
nsamples: 11950
ln_noise_evidence:  0.000
ln_evidence: -140.439 +/-  0.069
ln_bayes_factor: -140.439 +/-  0.069

05:33 INFO    : Summary of results:
nsamples: 11950
ln_noise_evidence:  0.000
ln_evidence: -140.439 +/-  0.069
ln_bayes_factor: -140.439 +/-  0.069

05:33 INFO    : Summary of results:
nsamples: 11950
ln_noise_evidence:  0.000
ln_evidence: -140.439 +/-  0.069
ln_bayes_factor: -140.439 +/-  0.069

05:33 INFO    : Summary of results:
nsamples: 11950
ln_noise_evidence:  0.000
ln_evidence: -140.439 +/-  0.069
ln_bayes_factor: -140.439 +/-  0.069

05:33 INFO    : Summary of results:
nsamples: 11950
ln_noise_evidence:  0.000
ln_evidence: -140.439 +/-  0.069
ln_bayes_factor: -140.439 +/-  0.069

05:33 INFO    : Summary of results:
nsamples: 11950
ln_noise_evidence:  0.000
ln_evidence: -140.439 +/-  0.069
ln_bayes_factor: -140.439 +/-  0.069

05:33 INFO    : Summary of results:
nsamples: 11950
ln_noise_evidence:  0.000
ln_evidence: -140.439 +/-  0.069
ln_bayes_factor: -140.439 +/-  0.069

05:49 INFO    : Running for label 'Constraints170817', output will be saved to 'outdirBNSBu32cores'
05:49 INFO    : Analysis priors:
05:49 INFO    : KNphi=Uniform(minimum=15.0, maximum=75.0, name='KNphi', latex_label='$\\Phi$', unit=None, boundary=None)
05:49 INFO    : log10_mej_dyn=Uniform(minimum=-3.0, maximum=-1.0, name='log10_mej_dyn', latex_label='$\\log_{10}M^{\\rm{dyn}}_{\\rm{ej}}$', unit=None, boundary='reflective')
05:49 INFO    : log10_mej_wind=Uniform(minimum=-3.0, maximum=-0.5, name='log10_mej_wind', latex_label='$\\log_{10}M^{\\rm{wind}}_{\\rm{ej}}$', unit=None, boundary='reflective')
05:49 INFO    : inclination_EM=Sine(minimum=0.33, maximum=0.42, name='inclination_EM', latex_label='$\\iota$', unit=None, boundary=None)
05:49 INFO    : luminosity_distance=Gaussian(mu=43.4, sigma=2, name='luminosity_distance', latex_label='$D_L$', unit=None, boundary=None)
05:49 INFO    : em_syserr=LogUniform(minimum=0.1, maximum=2.0, name='em_syserr', latex_label='$\\sigma$', unit=None, boundary=None)
05:49 INFO    : timeshift=0.0
05:49 INFO    : Ebv=0.0
05:49 INFO    : Analysis likelihood class: <class 'nmma.em.likelihood.OpticalLightCurve'>
05:49 INFO    : Analysis likelihood noise evidence: 0.0
05:50 INFO    : Single likelihood evaluation took 1.028e-01 s
05:50 WARNING : Supplied argument 'queue_size' not an argument of 'Pymultinest', removing.
05:50 WARNING : Supplied argument 'check_point_delta_t' not an argument of 'Pymultinest', removing.
05:50 WARNING : Using cached result
05:50 INFO    : Summary of results:
nsamples: 11950
ln_noise_evidence:  0.000
ln_evidence: -140.439 +/-  0.069
ln_bayes_factor: -140.439 +/-  0.069

05:50 INFO    : Writing samples file to /home/thussenot/kilonovae-H0/170817/Errsys+constraints/AngleradioGWdistance/outdirBNSBu32cores/Constraints170817_posterior_samples.dat
