00:39 INFO    : Running for label 'Simu2019lm', output will be saved to 'outdirBNSBu32cores'
00:39 INFO    : Running for label 'Simu2019lm', output will be saved to 'outdirBNSBu32cores'
00:39 INFO    : Running for label 'Simu2019lm', output will be saved to 'outdirBNSBu32cores'
00:39 INFO    : Running for label 'Simu2019lm', output will be saved to 'outdirBNSBu32cores'
00:39 INFO    : Running for label 'Simu2019lm', output will be saved to 'outdirBNSBu32cores'
00:39 INFO    : Running for label 'Simu2019lm', output will be saved to 'outdirBNSBu32cores'
00:39 INFO    : Running for label 'Simu2019lm', output will be saved to 'outdirBNSBu32cores'
00:39 INFO    : Running for label 'Simu2019lm', output will be saved to 'outdirBNSBu32cores'
00:39 INFO    : Running for label 'Simu2019lm', output will be saved to 'outdirBNSBu32cores'
00:39 INFO    : Running for label 'Simu2019lm', output will be saved to 'outdirBNSBu32cores'
00:39 INFO    : Running for label 'Simu2019lm', output will be saved to 'outdirBNSBu32cores'
00:39 INFO    : Running for label 'Simu2019lm', output will be saved to 'outdirBNSBu32cores'
00:39 INFO    : Running for label 'Simu2019lm', output will be saved to 'outdirBNSBu32cores'
00:39 INFO    : Running for label 'Simu2019lm', output will be saved to 'outdirBNSBu32cores'
00:39 INFO    : Running for label 'Simu2019lm', output will be saved to 'outdirBNSBu32cores'
00:39 INFO    : Running for label 'Simu2019lm', output will be saved to 'outdirBNSBu32cores'
00:39 INFO    : Running for label 'Simu2019lm', output will be saved to 'outdirBNSBu32cores'
00:39 INFO    : Running for label 'Simu2019lm', output will be saved to 'outdirBNSBu32cores'
00:39 INFO    : Running for label 'Simu2019lm', output will be saved to 'outdirBNSBu32cores'
00:39 INFO    : Running for label 'Simu2019lm', output will be saved to 'outdirBNSBu32cores'
00:39 INFO    : Running for label 'Simu2019lm', output will be saved to 'outdirBNSBu32cores'
00:39 INFO    : Running for label 'Simu2019lm', output will be saved to 'outdirBNSBu32cores'
00:39 INFO    : Running for label 'Simu2019lm', output will be saved to 'outdirBNSBu32cores'
00:39 INFO    : Running for label 'Simu2019lm', output will be saved to 'outdirBNSBu32cores'
00:39 INFO    : Running for label 'Simu2019lm', output will be saved to 'outdirBNSBu32cores'
00:39 INFO    : Running for label 'Simu2019lm', output will be saved to 'outdirBNSBu32cores'
00:39 INFO    : Running for label 'Simu2019lm', output will be saved to 'outdirBNSBu32cores'
00:39 INFO    : Running for label 'Simu2019lm', output will be saved to 'outdirBNSBu32cores'
00:39 INFO    : Running for label 'Simu2019lm', output will be saved to 'outdirBNSBu32cores'
00:39 INFO    : Running for label 'Simu2019lm', output will be saved to 'outdirBNSBu32cores'
00:39 INFO    : Running for label 'Simu2019lm', output will be saved to 'outdirBNSBu32cores'
00:39 INFO    : Running for label 'Simu2019lm', output will be saved to 'outdirBNSBu32cores'
00:39 INFO    : Analysis priors:
00:39 INFO    : Analysis priors:
00:39 INFO    : Analysis priors:
00:39 INFO    : Analysis priors:
00:39 INFO    : Analysis priors:
00:39 INFO    : Analysis priors:
00:39 INFO    : Analysis priors:
00:39 INFO    : Analysis priors:
00:39 INFO    : Analysis priors:
00:39 INFO    : Analysis priors:
00:39 INFO    : Analysis priors:
00:39 INFO    : Analysis priors:
00:39 INFO    : Analysis priors:
00:39 INFO    : Analysis priors:
00:39 INFO    : Analysis priors:
00:39 INFO    : Analysis priors:
00:39 INFO    : Analysis priors:
00:39 INFO    : Analysis priors:
00:39 INFO    : Analysis priors:
00:39 INFO    : Analysis priors:
00:39 INFO    : Analysis priors:
00:39 INFO    : Analysis priors:
00:39 INFO    : Analysis priors:
00:39 INFO    : KNphi=Uniform(minimum=15.0, maximum=75.0, name='KNphi', latex_label='$\\Phi$', unit=None, boundary=None)
00:39 INFO    : Analysis priors:
00:39 INFO    : Analysis priors:
00:39 INFO    : KNphi=Uniform(minimum=15.0, maximum=75.0, name='KNphi', latex_label='$\\Phi$', unit=None, boundary=None)
00:39 INFO    : Analysis priors:
00:39 INFO    : Analysis priors:
00:39 INFO    : KNphi=Uniform(minimum=15.0, maximum=75.0, name='KNphi', latex_label='$\\Phi$', unit=None, boundary=None)
00:39 INFO    : KNphi=Uniform(minimum=15.0, maximum=75.0, name='KNphi', latex_label='$\\Phi$', unit=None, boundary=None)
00:39 INFO    : Analysis priors:
00:39 INFO    : KNphi=Uniform(minimum=15.0, maximum=75.0, name='KNphi', latex_label='$\\Phi$', unit=None, boundary=None)
00:39 INFO    : KNphi=Uniform(minimum=15.0, maximum=75.0, name='KNphi', latex_label='$\\Phi$', unit=None, boundary=None)
00:39 INFO    : Analysis priors:
00:39 INFO    : KNphi=Uniform(minimum=15.0, maximum=75.0, name='KNphi', latex_label='$\\Phi$', unit=None, boundary=None)
00:39 INFO    : Analysis priors:
00:39 INFO    : KNphi=Uniform(minimum=15.0, maximum=75.0, name='KNphi', latex_label='$\\Phi$', unit=None, boundary=None)
00:39 INFO    : log10_mej_dyn=Uniform(minimum=-3.0, maximum=-1.0, name='log10_mej_dyn', latex_label='$\\log_{10}M^{\\rm{dyn}}_{\\rm{ej}}$', unit=None, boundary='reflective')
00:39 INFO    : Analysis priors:
00:39 INFO    : KNphi=Uniform(minimum=15.0, maximum=75.0, name='KNphi', latex_label='$\\Phi$', unit=None, boundary=None)
00:39 INFO    : KNphi=Uniform(minimum=15.0, maximum=75.0, name='KNphi', latex_label='$\\Phi$', unit=None, boundary=None)
00:39 INFO    : KNphi=Uniform(minimum=15.0, maximum=75.0, name='KNphi', latex_label='$\\Phi$', unit=None, boundary=None)
00:39 INFO    : KNphi=Uniform(minimum=15.0, maximum=75.0, name='KNphi', latex_label='$\\Phi$', unit=None, boundary=None)
00:39 INFO    : KNphi=Uniform(minimum=15.0, maximum=75.0, name='KNphi', latex_label='$\\Phi$', unit=None, boundary=None)
00:39 INFO    : KNphi=Uniform(minimum=15.0, maximum=75.0, name='KNphi', latex_label='$\\Phi$', unit=None, boundary=None)
00:39 INFO    : KNphi=Uniform(minimum=15.0, maximum=75.0, name='KNphi', latex_label='$\\Phi$', unit=None, boundary=None)
00:39 INFO    : KNphi=Uniform(minimum=15.0, maximum=75.0, name='KNphi', latex_label='$\\Phi$', unit=None, boundary=None)
00:39 INFO    : KNphi=Uniform(minimum=15.0, maximum=75.0, name='KNphi', latex_label='$\\Phi$', unit=None, boundary=None)
00:39 INFO    : KNphi=Uniform(minimum=15.0, maximum=75.0, name='KNphi', latex_label='$\\Phi$', unit=None, boundary=None)
00:39 INFO    : log10_mej_dyn=Uniform(minimum=-3.0, maximum=-1.0, name='log10_mej_dyn', latex_label='$\\log_{10}M^{\\rm{dyn}}_{\\rm{ej}}$', unit=None, boundary='reflective')
00:39 INFO    : log10_mej_dyn=Uniform(minimum=-3.0, maximum=-1.0, name='log10_mej_dyn', latex_label='$\\log_{10}M^{\\rm{dyn}}_{\\rm{ej}}$', unit=None, boundary='reflective')
00:39 INFO    : log10_mej_dyn=Uniform(minimum=-3.0, maximum=-1.0, name='log10_mej_dyn', latex_label='$\\log_{10}M^{\\rm{dyn}}_{\\rm{ej}}$', unit=None, boundary='reflective')
00:39 INFO    : KNphi=Uniform(minimum=15.0, maximum=75.0, name='KNphi', latex_label='$\\Phi$', unit=None, boundary=None)
00:39 INFO    : KNphi=Uniform(minimum=15.0, maximum=75.0, name='KNphi', latex_label='$\\Phi$', unit=None, boundary=None)
00:39 INFO    : KNphi=Uniform(minimum=15.0, maximum=75.0, name='KNphi', latex_label='$\\Phi$', unit=None, boundary=None)
00:39 INFO    : log10_mej_dyn=Uniform(minimum=-3.0, maximum=-1.0, name='log10_mej_dyn', latex_label='$\\log_{10}M^{\\rm{dyn}}_{\\rm{ej}}$', unit=None, boundary='reflective')
00:39 INFO    : Analysis priors:
00:39 INFO    : KNphi=Uniform(minimum=15.0, maximum=75.0, name='KNphi', latex_label='$\\Phi$', unit=None, boundary=None)
00:39 INFO    : log10_mej_dyn=Uniform(minimum=-3.0, maximum=-1.0, name='log10_mej_dyn', latex_label='$\\log_{10}M^{\\rm{dyn}}_{\\rm{ej}}$', unit=None, boundary='reflective')
00:39 INFO    : log10_mej_dyn=Uniform(minimum=-3.0, maximum=-1.0, name='log10_mej_dyn', latex_label='$\\log_{10}M^{\\rm{dyn}}_{\\rm{ej}}$', unit=None, boundary='reflective')
00:39 INFO    : log10_mej_dyn=Uniform(minimum=-3.0, maximum=-1.0, name='log10_mej_dyn', latex_label='$\\log_{10}M^{\\rm{dyn}}_{\\rm{ej}}$', unit=None, boundary='reflective')
00:39 INFO    : KNphi=Uniform(minimum=15.0, maximum=75.0, name='KNphi', latex_label='$\\Phi$', unit=None, boundary=None)
00:39 INFO    : KNphi=Uniform(minimum=15.0, maximum=75.0, name='KNphi', latex_label='$\\Phi$', unit=None, boundary=None)
00:39 INFO    : log10_mej_wind=Uniform(minimum=-3.0, maximum=-0.5, name='log10_mej_wind', latex_label='$\\log_{10}M^{\\rm{wind}}_{\\rm{ej}}$', unit=None, boundary='reflective')
00:39 INFO    : log10_mej_dyn=Uniform(minimum=-3.0, maximum=-1.0, name='log10_mej_dyn', latex_label='$\\log_{10}M^{\\rm{dyn}}_{\\rm{ej}}$', unit=None, boundary='reflective')
00:39 INFO    : log10_mej_dyn=Uniform(minimum=-3.0, maximum=-1.0, name='log10_mej_dyn', latex_label='$\\log_{10}M^{\\rm{dyn}}_{\\rm{ej}}$', unit=None, boundary='reflective')
00:39 INFO    : log10_mej_dyn=Uniform(minimum=-3.0, maximum=-1.0, name='log10_mej_dyn', latex_label='$\\log_{10}M^{\\rm{dyn}}_{\\rm{ej}}$', unit=None, boundary='reflective')
00:39 INFO    : log10_mej_dyn=Uniform(minimum=-3.0, maximum=-1.0, name='log10_mej_dyn', latex_label='$\\log_{10}M^{\\rm{dyn}}_{\\rm{ej}}$', unit=None, boundary='reflective')
00:39 INFO    : log10_mej_dyn=Uniform(minimum=-3.0, maximum=-1.0, name='log10_mej_dyn', latex_label='$\\log_{10}M^{\\rm{dyn}}_{\\rm{ej}}$', unit=None, boundary='reflective')
00:39 INFO    : log10_mej_dyn=Uniform(minimum=-3.0, maximum=-1.0, name='log10_mej_dyn', latex_label='$\\log_{10}M^{\\rm{dyn}}_{\\rm{ej}}$', unit=None, boundary='reflective')
00:39 INFO    : log10_mej_wind=Uniform(minimum=-3.0, maximum=-0.5, name='log10_mej_wind', latex_label='$\\log_{10}M^{\\rm{wind}}_{\\rm{ej}}$', unit=None, boundary='reflective')
00:39 INFO    : log10_mej_dyn=Uniform(minimum=-3.0, maximum=-1.0, name='log10_mej_dyn', latex_label='$\\log_{10}M^{\\rm{dyn}}_{\\rm{ej}}$', unit=None, boundary='reflective')
00:39 INFO    : KNphi=Uniform(minimum=15.0, maximum=75.0, name='KNphi', latex_label='$\\Phi$', unit=None, boundary=None)
00:39 INFO    : log10_mej_dyn=Uniform(minimum=-3.0, maximum=-1.0, name='log10_mej_dyn', latex_label='$\\log_{10}M^{\\rm{dyn}}_{\\rm{ej}}$', unit=None, boundary='reflective')
00:39 INFO    : KNphi=Uniform(minimum=15.0, maximum=75.0, name='KNphi', latex_label='$\\Phi$', unit=None, boundary=None)
00:39 INFO    : log10_mej_dyn=Uniform(minimum=-3.0, maximum=-1.0, name='log10_mej_dyn', latex_label='$\\log_{10}M^{\\rm{dyn}}_{\\rm{ej}}$', unit=None, boundary='reflective')
00:39 INFO    : log10_mej_dyn=Uniform(minimum=-3.0, maximum=-1.0, name='log10_mej_dyn', latex_label='$\\log_{10}M^{\\rm{dyn}}_{\\rm{ej}}$', unit=None, boundary='reflective')
00:39 INFO    : KNphi=Uniform(minimum=15.0, maximum=75.0, name='KNphi', latex_label='$\\Phi$', unit=None, boundary=None)
00:39 INFO    : log10_mej_wind=Uniform(minimum=-3.0, maximum=-0.5, name='log10_mej_wind', latex_label='$\\log_{10}M^{\\rm{wind}}_{\\rm{ej}}$', unit=None, boundary='reflective')
00:39 INFO    : log10_mej_wind=Uniform(minimum=-3.0, maximum=-0.5, name='log10_mej_wind', latex_label='$\\log_{10}M^{\\rm{wind}}_{\\rm{ej}}$', unit=None, boundary='reflective')
00:39 INFO    : log10_mej_dyn=Uniform(minimum=-3.0, maximum=-1.0, name='log10_mej_dyn', latex_label='$\\log_{10}M^{\\rm{dyn}}_{\\rm{ej}}$', unit=None, boundary='reflective')
00:39 INFO    : log10_mej_wind=Uniform(minimum=-3.0, maximum=-0.5, name='log10_mej_wind', latex_label='$\\log_{10}M^{\\rm{wind}}_{\\rm{ej}}$', unit=None, boundary='reflective')
00:39 INFO    : log10_mej_dyn=Uniform(minimum=-3.0, maximum=-1.0, name='log10_mej_dyn', latex_label='$\\log_{10}M^{\\rm{dyn}}_{\\rm{ej}}$', unit=None, boundary='reflective')
00:39 INFO    : log10_mej_dyn=Uniform(minimum=-3.0, maximum=-1.0, name='log10_mej_dyn', latex_label='$\\log_{10}M^{\\rm{dyn}}_{\\rm{ej}}$', unit=None, boundary='reflective')
00:39 INFO    : log10_mej_dyn=Uniform(minimum=-3.0, maximum=-1.0, name='log10_mej_dyn', latex_label='$\\log_{10}M^{\\rm{dyn}}_{\\rm{ej}}$', unit=None, boundary='reflective')
00:39 INFO    : log10_mej_wind=Uniform(minimum=-3.0, maximum=-0.5, name='log10_mej_wind', latex_label='$\\log_{10}M^{\\rm{wind}}_{\\rm{ej}}$', unit=None, boundary='reflective')
00:39 INFO    : log10_mej_wind=Uniform(minimum=-3.0, maximum=-0.5, name='log10_mej_wind', latex_label='$\\log_{10}M^{\\rm{wind}}_{\\rm{ej}}$', unit=None, boundary='reflective')
00:39 INFO    : log10_mej_wind=Uniform(minimum=-3.0, maximum=-0.5, name='log10_mej_wind', latex_label='$\\log_{10}M^{\\rm{wind}}_{\\rm{ej}}$', unit=None, boundary='reflective')
00:39 INFO    : log10_mej_dyn=Uniform(minimum=-3.0, maximum=-1.0, name='log10_mej_dyn', latex_label='$\\log_{10}M^{\\rm{dyn}}_{\\rm{ej}}$', unit=None, boundary='reflective')
00:39 INFO    : log10_mej_wind=Uniform(minimum=-3.0, maximum=-0.5, name='log10_mej_wind', latex_label='$\\log_{10}M^{\\rm{wind}}_{\\rm{ej}}$', unit=None, boundary='reflective')
00:39 INFO    : log10_mej_wind=Uniform(minimum=-3.0, maximum=-0.5, name='log10_mej_wind', latex_label='$\\log_{10}M^{\\rm{wind}}_{\\rm{ej}}$', unit=None, boundary='reflective')
00:39 INFO    : log10_mej_dyn=Uniform(minimum=-3.0, maximum=-1.0, name='log10_mej_dyn', latex_label='$\\log_{10}M^{\\rm{dyn}}_{\\rm{ej}}$', unit=None, boundary='reflective')
00:39 INFO    : log10_mej_wind=Uniform(minimum=-3.0, maximum=-0.5, name='log10_mej_wind', latex_label='$\\log_{10}M^{\\rm{wind}}_{\\rm{ej}}$', unit=None, boundary='reflective')
00:39 INFO    : inclination_EM=Sine(minimum=0.0, maximum=1.5707963267948966, name='inclination_EM', latex_label='$\\iota$', unit=None, boundary=None)
00:39 INFO    : log10_mej_wind=Uniform(minimum=-3.0, maximum=-0.5, name='log10_mej_wind', latex_label='$\\log_{10}M^{\\rm{wind}}_{\\rm{ej}}$', unit=None, boundary='reflective')
00:39 INFO    : log10_mej_wind=Uniform(minimum=-3.0, maximum=-0.5, name='log10_mej_wind', latex_label='$\\log_{10}M^{\\rm{wind}}_{\\rm{ej}}$', unit=None, boundary='reflective')
00:39 INFO    : log10_mej_wind=Uniform(minimum=-3.0, maximum=-0.5, name='log10_mej_wind', latex_label='$\\log_{10}M^{\\rm{wind}}_{\\rm{ej}}$', unit=None, boundary='reflective')
00:39 INFO    : log10_mej_wind=Uniform(minimum=-3.0, maximum=-0.5, name='log10_mej_wind', latex_label='$\\log_{10}M^{\\rm{wind}}_{\\rm{ej}}$', unit=None, boundary='reflective')
00:39 INFO    : log10_mej_wind=Uniform(minimum=-3.0, maximum=-0.5, name='log10_mej_wind', latex_label='$\\log_{10}M^{\\rm{wind}}_{\\rm{ej}}$', unit=None, boundary='reflective')
00:39 INFO    : inclination_EM=Sine(minimum=0.0, maximum=1.5707963267948966, name='inclination_EM', latex_label='$\\iota$', unit=None, boundary=None)
00:39 INFO    : log10_mej_wind=Uniform(minimum=-3.0, maximum=-0.5, name='log10_mej_wind', latex_label='$\\log_{10}M^{\\rm{wind}}_{\\rm{ej}}$', unit=None, boundary='reflective')
00:39 INFO    : KNphi=Uniform(minimum=15.0, maximum=75.0, name='KNphi', latex_label='$\\Phi$', unit=None, boundary=None)
00:39 INFO    : log10_mej_wind=Uniform(minimum=-3.0, maximum=-0.5, name='log10_mej_wind', latex_label='$\\log_{10}M^{\\rm{wind}}_{\\rm{ej}}$', unit=None, boundary='reflective')
00:39 INFO    : log10_mej_dyn=Uniform(minimum=-3.0, maximum=-1.0, name='log10_mej_dyn', latex_label='$\\log_{10}M^{\\rm{dyn}}_{\\rm{ej}}$', unit=None, boundary='reflective')
00:39 INFO    : KNphi=Uniform(minimum=15.0, maximum=75.0, name='KNphi', latex_label='$\\Phi$', unit=None, boundary=None)
00:39 INFO    : log10_mej_dyn=Uniform(minimum=-3.0, maximum=-1.0, name='log10_mej_dyn', latex_label='$\\log_{10}M^{\\rm{dyn}}_{\\rm{ej}}$', unit=None, boundary='reflective')
00:39 INFO    : KNphi=Uniform(minimum=15.0, maximum=75.0, name='KNphi', latex_label='$\\Phi$', unit=None, boundary=None)
00:39 INFO    : log10_mej_dyn=Uniform(minimum=-3.0, maximum=-1.0, name='log10_mej_dyn', latex_label='$\\log_{10}M^{\\rm{dyn}}_{\\rm{ej}}$', unit=None, boundary='reflective')
00:39 INFO    : log10_mej_wind=Uniform(minimum=-3.0, maximum=-0.5, name='log10_mej_wind', latex_label='$\\log_{10}M^{\\rm{wind}}_{\\rm{ej}}$', unit=None, boundary='reflective')
00:39 INFO    : inclination_EM=Sine(minimum=0.0, maximum=1.5707963267948966, name='inclination_EM', latex_label='$\\iota$', unit=None, boundary=None)
00:39 INFO    : inclination_EM=Sine(minimum=0.0, maximum=1.5707963267948966, name='inclination_EM', latex_label='$\\iota$', unit=None, boundary=None)
00:39 INFO    : log10_mej_wind=Uniform(minimum=-3.0, maximum=-0.5, name='log10_mej_wind', latex_label='$\\log_{10}M^{\\rm{wind}}_{\\rm{ej}}$', unit=None, boundary='reflective')
00:39 INFO    : log10_mej_wind=Uniform(minimum=-3.0, maximum=-0.5, name='log10_mej_wind', latex_label='$\\log_{10}M^{\\rm{wind}}_{\\rm{ej}}$', unit=None, boundary='reflective')
00:39 INFO    : log10_mej_wind=Uniform(minimum=-3.0, maximum=-0.5, name='log10_mej_wind', latex_label='$\\log_{10}M^{\\rm{wind}}_{\\rm{ej}}$', unit=None, boundary='reflective')
00:39 INFO    : KNphi=Uniform(minimum=15.0, maximum=75.0, name='KNphi', latex_label='$\\Phi$', unit=None, boundary=None)
00:39 INFO    : inclination_EM=Sine(minimum=0.0, maximum=1.5707963267948966, name='inclination_EM', latex_label='$\\iota$', unit=None, boundary=None)
00:39 INFO    : inclination_EM=Sine(minimum=0.0, maximum=1.5707963267948966, name='inclination_EM', latex_label='$\\iota$', unit=None, boundary=None)
00:39 INFO    : inclination_EM=Sine(minimum=0.0, maximum=1.5707963267948966, name='inclination_EM', latex_label='$\\iota$', unit=None, boundary=None)
00:39 INFO    : inclination_EM=Sine(minimum=0.0, maximum=1.5707963267948966, name='inclination_EM', latex_label='$\\iota$', unit=None, boundary=None)
00:39 INFO    : log10_mej_wind=Uniform(minimum=-3.0, maximum=-0.5, name='log10_mej_wind', latex_label='$\\log_{10}M^{\\rm{wind}}_{\\rm{ej}}$', unit=None, boundary='reflective')
00:39 INFO    : log10_mej_wind=Uniform(minimum=-3.0, maximum=-0.5, name='log10_mej_wind', latex_label='$\\log_{10}M^{\\rm{wind}}_{\\rm{ej}}$', unit=None, boundary='reflective')
00:39 INFO    : inclination_EM=Sine(minimum=0.0, maximum=1.5707963267948966, name='inclination_EM', latex_label='$\\iota$', unit=None, boundary=None)
00:39 INFO    : inclination_EM=Sine(minimum=0.0, maximum=1.5707963267948966, name='inclination_EM', latex_label='$\\iota$', unit=None, boundary=None)
00:39 INFO    : luminosity_distance=LogUniform(minimum=1, maximum=500, name='luminosity_distance', latex_label='$D_L$', unit=None, boundary=None)
00:39 INFO    : inclination_EM=Sine(minimum=0.0, maximum=1.5707963267948966, name='inclination_EM', latex_label='$\\iota$', unit=None, boundary=None)
00:39 INFO    : inclination_EM=Sine(minimum=0.0, maximum=1.5707963267948966, name='inclination_EM', latex_label='$\\iota$', unit=None, boundary=None)
00:39 INFO    : inclination_EM=Sine(minimum=0.0, maximum=1.5707963267948966, name='inclination_EM', latex_label='$\\iota$', unit=None, boundary=None)
00:39 INFO    : inclination_EM=Sine(minimum=0.0, maximum=1.5707963267948966, name='inclination_EM', latex_label='$\\iota$', unit=None, boundary=None)
00:39 INFO    : inclination_EM=Sine(minimum=0.0, maximum=1.5707963267948966, name='inclination_EM', latex_label='$\\iota$', unit=None, boundary=None)
00:39 INFO    : inclination_EM=Sine(minimum=0.0, maximum=1.5707963267948966, name='inclination_EM', latex_label='$\\iota$', unit=None, boundary=None)
00:39 INFO    : inclination_EM=Sine(minimum=0.0, maximum=1.5707963267948966, name='inclination_EM', latex_label='$\\iota$', unit=None, boundary=None)
00:39 INFO    : luminosity_distance=LogUniform(minimum=1, maximum=500, name='luminosity_distance', latex_label='$D_L$', unit=None, boundary=None)
00:39 INFO    : log10_mej_wind=Uniform(minimum=-3.0, maximum=-0.5, name='log10_mej_wind', latex_label='$\\log_{10}M^{\\rm{wind}}_{\\rm{ej}}$', unit=None, boundary='reflective')
00:39 INFO    : log10_mej_wind=Uniform(minimum=-3.0, maximum=-0.5, name='log10_mej_wind', latex_label='$\\log_{10}M^{\\rm{wind}}_{\\rm{ej}}$', unit=None, boundary='reflective')
00:39 INFO    : log10_mej_dyn=Uniform(minimum=-3.0, maximum=-1.0, name='log10_mej_dyn', latex_label='$\\log_{10}M^{\\rm{dyn}}_{\\rm{ej}}$', unit=None, boundary='reflective')
00:39 INFO    : inclination_EM=Sine(minimum=0.0, maximum=1.5707963267948966, name='inclination_EM', latex_label='$\\iota$', unit=None, boundary=None)
00:39 INFO    : log10_mej_dyn=Uniform(minimum=-3.0, maximum=-1.0, name='log10_mej_dyn', latex_label='$\\log_{10}M^{\\rm{dyn}}_{\\rm{ej}}$', unit=None, boundary='reflective')
00:39 INFO    : log10_mej_wind=Uniform(minimum=-3.0, maximum=-0.5, name='log10_mej_wind', latex_label='$\\log_{10}M^{\\rm{wind}}_{\\rm{ej}}$', unit=None, boundary='reflective')
00:39 INFO    : timeshift=0.0
00:39 INFO    : log10_mej_dyn=Uniform(minimum=-3.0, maximum=-1.0, name='log10_mej_dyn', latex_label='$\\log_{10}M^{\\rm{dyn}}_{\\rm{ej}}$', unit=None, boundary='reflective')
00:39 INFO    : luminosity_distance=LogUniform(minimum=1, maximum=500, name='luminosity_distance', latex_label='$D_L$', unit=None, boundary=None)
00:39 INFO    : inclination_EM=Sine(minimum=0.0, maximum=1.5707963267948966, name='inclination_EM', latex_label='$\\iota$', unit=None, boundary=None)
00:39 INFO    : luminosity_distance=LogUniform(minimum=1, maximum=500, name='luminosity_distance', latex_label='$D_L$', unit=None, boundary=None)
00:39 INFO    : timeshift=0.0
00:39 INFO    : inclination_EM=Sine(minimum=0.0, maximum=1.5707963267948966, name='inclination_EM', latex_label='$\\iota$', unit=None, boundary=None)
00:39 INFO    : log10_mej_dyn=Uniform(minimum=-3.0, maximum=-1.0, name='log10_mej_dyn', latex_label='$\\log_{10}M^{\\rm{dyn}}_{\\rm{ej}}$', unit=None, boundary='reflective')
00:39 INFO    : luminosity_distance=LogUniform(minimum=1, maximum=500, name='luminosity_distance', latex_label='$D_L$', unit=None, boundary=None)
00:39 INFO    : inclination_EM=Sine(minimum=0.0, maximum=1.5707963267948966, name='inclination_EM', latex_label='$\\iota$', unit=None, boundary=None)
00:39 INFO    : inclination_EM=Sine(minimum=0.0, maximum=1.5707963267948966, name='inclination_EM', latex_label='$\\iota$', unit=None, boundary=None)
00:39 INFO    : luminosity_distance=LogUniform(minimum=1, maximum=500, name='luminosity_distance', latex_label='$D_L$', unit=None, boundary=None)
00:39 INFO    : luminosity_distance=LogUniform(minimum=1, maximum=500, name='luminosity_distance', latex_label='$D_L$', unit=None, boundary=None)
00:39 INFO    : em_syserr=1.0
00:39 INFO    : luminosity_distance=LogUniform(minimum=1, maximum=500, name='luminosity_distance', latex_label='$D_L$', unit=None, boundary=None)
00:39 INFO    : inclination_EM=Sine(minimum=0.0, maximum=1.5707963267948966, name='inclination_EM', latex_label='$\\iota$', unit=None, boundary=None)
00:39 INFO    : inclination_EM=Sine(minimum=0.0, maximum=1.5707963267948966, name='inclination_EM', latex_label='$\\iota$', unit=None, boundary=None)
00:39 INFO    : timeshift=0.0
00:39 INFO    : em_syserr=1.0
00:39 INFO    : luminosity_distance=LogUniform(minimum=1, maximum=500, name='luminosity_distance', latex_label='$D_L$', unit=None, boundary=None)
00:39 INFO    : timeshift=0.0
00:39 INFO    : luminosity_distance=LogUniform(minimum=1, maximum=500, name='luminosity_distance', latex_label='$D_L$', unit=None, boundary=None)
00:39 INFO    : luminosity_distance=LogUniform(minimum=1, maximum=500, name='luminosity_distance', latex_label='$D_L$', unit=None, boundary=None)
00:39 INFO    : luminosity_distance=LogUniform(minimum=1, maximum=500, name='luminosity_distance', latex_label='$D_L$', unit=None, boundary=None)
00:39 INFO    : timeshift=0.0
00:39 INFO    : luminosity_distance=LogUniform(minimum=1, maximum=500, name='luminosity_distance', latex_label='$D_L$', unit=None, boundary=None)
00:39 INFO    : luminosity_distance=LogUniform(minimum=1, maximum=500, name='luminosity_distance', latex_label='$D_L$', unit=None, boundary=None)
00:39 INFO    : timeshift=0.0
00:39 INFO    : Ebv=0.0
00:39 INFO    : luminosity_distance=LogUniform(minimum=1, maximum=500, name='luminosity_distance', latex_label='$D_L$', unit=None, boundary=None)
00:39 INFO    : timeshift=0.0
00:39 INFO    : luminosity_distance=LogUniform(minimum=1, maximum=500, name='luminosity_distance', latex_label='$D_L$', unit=None, boundary=None)
00:39 INFO    : log10_mej_wind=Uniform(minimum=-3.0, maximum=-0.5, name='log10_mej_wind', latex_label='$\\log_{10}M^{\\rm{wind}}_{\\rm{ej}}$', unit=None, boundary='reflective')
00:39 INFO    : timeshift=0.0
00:39 INFO    : em_syserr=1.0
00:39 INFO    : luminosity_distance=LogUniform(minimum=1, maximum=500, name='luminosity_distance', latex_label='$D_L$', unit=None, boundary=None)
00:39 INFO    : Ebv=0.0
00:39 INFO    : inclination_EM=Sine(minimum=0.0, maximum=1.5707963267948966, name='inclination_EM', latex_label='$\\iota$', unit=None, boundary=None)
00:39 INFO    : inclination_EM=Sine(minimum=0.0, maximum=1.5707963267948966, name='inclination_EM', latex_label='$\\iota$', unit=None, boundary=None)
00:39 INFO    : log10_mej_wind=Uniform(minimum=-3.0, maximum=-0.5, name='log10_mej_wind', latex_label='$\\log_{10}M^{\\rm{wind}}_{\\rm{ej}}$', unit=None, boundary='reflective')
00:39 INFO    : em_syserr=1.0
00:39 INFO    : timeshift=0.0
00:39 INFO    : luminosity_distance=LogUniform(minimum=1, maximum=500, name='luminosity_distance', latex_label='$D_L$', unit=None, boundary=None)
00:39 INFO    : timeshift=0.0
00:39 INFO    : em_syserr=1.0
00:39 INFO    : log10_mej_wind=Uniform(minimum=-3.0, maximum=-0.5, name='log10_mej_wind', latex_label='$\\log_{10}M^{\\rm{wind}}_{\\rm{ej}}$', unit=None, boundary='reflective')
00:39 INFO    : timeshift=0.0
00:39 INFO    : inclination_EM=Sine(minimum=0.0, maximum=1.5707963267948966, name='inclination_EM', latex_label='$\\iota$', unit=None, boundary=None)
00:39 INFO    : timeshift=0.0
00:39 INFO    : timeshift=0.0
00:39 INFO    : timeshift=0.0
00:39 INFO    : em_syserr=1.0
00:39 INFO    : Analysis likelihood class: <class 'nmma.em.likelihood.OpticalLightCurve'>
00:39 INFO    : em_syserr=1.0
00:39 INFO    : timeshift=0.0
00:39 INFO    : log10_mej_wind=Uniform(minimum=-3.0, maximum=-0.5, name='log10_mej_wind', latex_label='$\\log_{10}M^{\\rm{wind}}_{\\rm{ej}}$', unit=None, boundary='reflective')
00:39 INFO    : em_syserr=1.0
00:39 INFO    : luminosity_distance=LogUniform(minimum=1, maximum=500, name='luminosity_distance', latex_label='$D_L$', unit=None, boundary=None)
00:39 INFO    : timeshift=0.0
00:39 INFO    : Ebv=0.0
00:39 INFO    : luminosity_distance=LogUniform(minimum=1, maximum=500, name='luminosity_distance', latex_label='$D_L$', unit=None, boundary=None)
00:39 INFO    : timeshift=0.0
00:39 INFO    : Analysis likelihood class: <class 'nmma.em.likelihood.OpticalLightCurve'>
00:39 INFO    : luminosity_distance=LogUniform(minimum=1, maximum=500, name='luminosity_distance', latex_label='$D_L$', unit=None, boundary=None)
00:39 INFO    : luminosity_distance=LogUniform(minimum=1, maximum=500, name='luminosity_distance', latex_label='$D_L$', unit=None, boundary=None)
00:39 INFO    : Ebv=0.0
00:39 INFO    : luminosity_distance=LogUniform(minimum=1, maximum=500, name='luminosity_distance', latex_label='$D_L$', unit=None, boundary=None)
00:39 INFO    : luminosity_distance=LogUniform(minimum=1, maximum=500, name='luminosity_distance', latex_label='$D_L$', unit=None, boundary=None)
00:39 INFO    : em_syserr=1.0
00:39 INFO    : em_syserr=1.0
00:39 INFO    : timeshift=0.0
00:39 INFO    : Ebv=0.0
00:39 INFO    : em_syserr=1.0
00:39 INFO    : em_syserr=1.0
00:39 INFO    : em_syserr=1.0
00:39 INFO    : em_syserr=1.0
00:39 INFO    : Ebv=0.0
00:39 INFO    : Ebv=0.0
00:39 INFO    : Analysis likelihood noise evidence: 0.0
00:39 INFO    : em_syserr=1.0
00:39 INFO    : inclination_EM=Sine(minimum=0.0, maximum=1.5707963267948966, name='inclination_EM', latex_label='$\\iota$', unit=None, boundary=None)
00:39 INFO    : Ebv=0.0
00:39 INFO    : em_syserr=1.0
00:39 INFO    : timeshift=0.0
00:39 INFO    : Analysis likelihood class: <class 'nmma.em.likelihood.OpticalLightCurve'>
00:39 INFO    : luminosity_distance=LogUniform(minimum=1, maximum=500, name='luminosity_distance', latex_label='$D_L$', unit=None, boundary=None)
00:39 INFO    : em_syserr=1.0
00:39 INFO    : luminosity_distance=LogUniform(minimum=1, maximum=500, name='luminosity_distance', latex_label='$D_L$', unit=None, boundary=None)
00:39 INFO    : inclination_EM=Sine(minimum=0.0, maximum=1.5707963267948966, name='inclination_EM', latex_label='$\\iota$', unit=None, boundary=None)
00:39 INFO    : Analysis likelihood noise evidence: 0.0
00:39 INFO    : timeshift=0.0
00:39 INFO    : Analysis likelihood class: <class 'nmma.em.likelihood.OpticalLightCurve'>
00:39 INFO    : timeshift=0.0
00:39 INFO    : timeshift=0.0
00:39 INFO    : Ebv=0.0
00:39 INFO    : Ebv=0.0
00:39 INFO    : timeshift=0.0
00:39 INFO    : em_syserr=1.0
00:39 INFO    : Ebv=0.0
00:39 INFO    : timeshift=0.0
00:39 INFO    : Analysis likelihood class: <class 'nmma.em.likelihood.OpticalLightCurve'>
00:39 INFO    : Ebv=0.0
00:39 INFO    : Ebv=0.0
00:39 INFO    : Ebv=0.0
00:39 INFO    : inclination_EM=Sine(minimum=0.0, maximum=1.5707963267948966, name='inclination_EM', latex_label='$\\iota$', unit=None, boundary=None)
00:39 INFO    : Analysis likelihood class: <class 'nmma.em.likelihood.OpticalLightCurve'>
00:39 INFO    : Analysis likelihood class: <class 'nmma.em.likelihood.OpticalLightCurve'>
00:39 INFO    : luminosity_distance=LogUniform(minimum=1, maximum=500, name='luminosity_distance', latex_label='$D_L$', unit=None, boundary=None)
00:39 INFO    : Ebv=0.0
00:39 INFO    : Analysis likelihood class: <class 'nmma.em.likelihood.OpticalLightCurve'>
00:39 INFO    : Ebv=0.0
00:39 INFO    : em_syserr=1.0
00:39 INFO    : inclination_EM=Sine(minimum=0.0, maximum=1.5707963267948966, name='inclination_EM', latex_label='$\\iota$', unit=None, boundary=None)
00:39 INFO    : Analysis likelihood noise evidence: 0.0
00:39 INFO    : Ebv=0.0
00:39 INFO    : timeshift=0.0
00:39 INFO    : timeshift=0.0
00:39 INFO    : em_syserr=1.0
00:39 INFO    : Analysis likelihood noise evidence: 0.0
00:39 INFO    : em_syserr=1.0
00:39 INFO    : em_syserr=1.0
00:39 INFO    : Analysis likelihood class: <class 'nmma.em.likelihood.OpticalLightCurve'>
00:39 INFO    : Analysis likelihood class: <class 'nmma.em.likelihood.OpticalLightCurve'>
00:39 INFO    : em_syserr=1.0
00:39 INFO    : Ebv=0.0
00:39 INFO    : Analysis likelihood class: <class 'nmma.em.likelihood.OpticalLightCurve'>
00:39 INFO    : em_syserr=1.0
00:39 INFO    : Analysis likelihood noise evidence: 0.0
00:39 INFO    : Analysis likelihood class: <class 'nmma.em.likelihood.OpticalLightCurve'>
00:39 INFO    : Analysis likelihood class: <class 'nmma.em.likelihood.OpticalLightCurve'>
00:39 INFO    : Analysis likelihood class: <class 'nmma.em.likelihood.OpticalLightCurve'>
00:39 INFO    : luminosity_distance=LogUniform(minimum=1, maximum=500, name='luminosity_distance', latex_label='$D_L$', unit=None, boundary=None)
00:39 INFO    : Analysis likelihood noise evidence: 0.0
00:39 INFO    : Analysis likelihood noise evidence: 0.0
00:39 INFO    : Analysis likelihood class: <class 'nmma.em.likelihood.OpticalLightCurve'>
00:39 INFO    : Analysis likelihood noise evidence: 0.0
00:39 INFO    : Ebv=0.0
00:39 INFO    : timeshift=0.0
00:39 INFO    : Analysis likelihood class: <class 'nmma.em.likelihood.OpticalLightCurve'>
00:39 INFO    : luminosity_distance=LogUniform(minimum=1, maximum=500, name='luminosity_distance', latex_label='$D_L$', unit=None, boundary=None)
00:39 INFO    : em_syserr=1.0
00:39 INFO    : Analysis likelihood class: <class 'nmma.em.likelihood.OpticalLightCurve'>
00:39 INFO    : em_syserr=1.0
00:39 INFO    : Ebv=0.0
00:39 INFO    : Ebv=0.0
00:39 INFO    : Ebv=0.0
00:39 INFO    : Analysis likelihood noise evidence: 0.0
00:39 INFO    : Analysis likelihood noise evidence: 0.0
00:39 INFO    : Ebv=0.0
00:39 INFO    : Analysis likelihood class: <class 'nmma.em.likelihood.OpticalLightCurve'>
00:39 INFO    : Ebv=0.0
00:39 INFO    : Analysis likelihood noise evidence: 0.0
00:39 INFO    : Analysis likelihood noise evidence: 0.0
00:39 INFO    : Analysis likelihood noise evidence: 0.0
00:39 INFO    : timeshift=0.0
00:39 INFO    : Analysis likelihood noise evidence: 0.0
00:39 INFO    : Analysis likelihood class: <class 'nmma.em.likelihood.OpticalLightCurve'>
00:39 INFO    : em_syserr=1.0
00:39 INFO    : luminosity_distance=LogUniform(minimum=1, maximum=500, name='luminosity_distance', latex_label='$D_L$', unit=None, boundary=None)
00:39 INFO    : Ebv=0.0
00:39 INFO    : Analysis likelihood noise evidence: 0.0
00:39 INFO    : Ebv=0.0
00:39 INFO    : Analysis likelihood noise evidence: 0.0
00:39 INFO    : timeshift=0.0
00:39 INFO    : Analysis likelihood noise evidence: 0.0
00:39 INFO    : Analysis likelihood class: <class 'nmma.em.likelihood.OpticalLightCurve'>
00:39 INFO    : Analysis likelihood class: <class 'nmma.em.likelihood.OpticalLightCurve'>
00:39 INFO    : Analysis likelihood class: <class 'nmma.em.likelihood.OpticalLightCurve'>
00:39 INFO    : Analysis likelihood class: <class 'nmma.em.likelihood.OpticalLightCurve'>
00:39 INFO    : luminosity_distance=LogUniform(minimum=1, maximum=500, name='luminosity_distance', latex_label='$D_L$', unit=None, boundary=None)
00:39 INFO    : Analysis likelihood class: <class 'nmma.em.likelihood.OpticalLightCurve'>
00:39 INFO    : Analysis likelihood noise evidence: 0.0
00:39 INFO    : em_syserr=1.0
00:39 INFO    : Analysis likelihood noise evidence: 0.0
00:39 INFO    : Ebv=0.0
00:39 INFO    : Analysis likelihood class: <class 'nmma.em.likelihood.OpticalLightCurve'>
00:39 INFO    : timeshift=0.0
00:39 INFO    : em_syserr=1.0
00:39 INFO    : Analysis likelihood class: <class 'nmma.em.likelihood.OpticalLightCurve'>
00:39 INFO    : Analysis likelihood noise evidence: 0.0
00:39 INFO    : Analysis likelihood noise evidence: 0.0
00:39 INFO    : Analysis likelihood noise evidence: 0.0
00:39 INFO    : Analysis likelihood noise evidence: 0.0
00:39 INFO    : timeshift=0.0
00:39 INFO    : Analysis likelihood noise evidence: 0.0
00:39 INFO    : Ebv=0.0
00:39 INFO    : em_syserr=1.0
00:39 INFO    : Analysis likelihood class: <class 'nmma.em.likelihood.OpticalLightCurve'>
00:39 INFO    : Ebv=0.0
00:39 INFO    : Analysis likelihood noise evidence: 0.0
00:39 INFO    : Analysis likelihood noise evidence: 0.0
00:39 INFO    : em_syserr=1.0
00:39 INFO    : Analysis likelihood class: <class 'nmma.em.likelihood.OpticalLightCurve'>
00:39 INFO    : Ebv=0.0
00:39 INFO    : Analysis likelihood noise evidence: 0.0
00:39 INFO    : Analysis likelihood class: <class 'nmma.em.likelihood.OpticalLightCurve'>
00:39 INFO    : Ebv=0.0
00:39 INFO    : Analysis likelihood noise evidence: 0.0
00:39 INFO    : Analysis likelihood class: <class 'nmma.em.likelihood.OpticalLightCurve'>
00:39 INFO    : Analysis likelihood noise evidence: 0.0
00:39 INFO    : Analysis likelihood class: <class 'nmma.em.likelihood.OpticalLightCurve'>
00:39 INFO    : Analysis likelihood noise evidence: 0.0
00:39 INFO    : KNphi=Uniform(minimum=15.0, maximum=75.0, name='KNphi', latex_label='$\\Phi$', unit=None, boundary=None)
00:39 INFO    : log10_mej_dyn=Uniform(minimum=-3.0, maximum=-1.0, name='log10_mej_dyn', latex_label='$\\log_{10}M^{\\rm{dyn}}_{\\rm{ej}}$', unit=None, boundary='reflective')
00:39 INFO    : Analysis likelihood noise evidence: 0.0
00:39 INFO    : log10_mej_wind=Uniform(minimum=-3.0, maximum=-0.5, name='log10_mej_wind', latex_label='$\\log_{10}M^{\\rm{wind}}_{\\rm{ej}}$', unit=None, boundary='reflective')
00:39 INFO    : inclination_EM=Sine(minimum=0.0, maximum=1.5707963267948966, name='inclination_EM', latex_label='$\\iota$', unit=None, boundary=None)
00:39 INFO    : luminosity_distance=LogUniform(minimum=1, maximum=500, name='luminosity_distance', latex_label='$D_L$', unit=None, boundary=None)
00:39 INFO    : timeshift=0.0
00:39 INFO    : em_syserr=1.0
00:39 INFO    : Ebv=0.0
00:39 INFO    : Analysis likelihood class: <class 'nmma.em.likelihood.OpticalLightCurve'>
00:39 INFO    : Analysis likelihood noise evidence: 0.0
00:40 INFO    : Single likelihood evaluation took 1.457e-01 s
00:40 INFO    : Single likelihood evaluation took 1.457e-01 s
00:40 INFO    : Single likelihood evaluation took 1.457e-01 s
00:40 WARNING : Supplied argument 'queue_size' not an argument of 'Pymultinest', removing.
00:40 WARNING : Supplied argument 'check_point_delta_t' not an argument of 'Pymultinest', removing.
00:40 WARNING : Supplied argument 'queue_size' not an argument of 'Pymultinest', removing.
00:40 WARNING : Supplied argument 'queue_size' not an argument of 'Pymultinest', removing.
00:40 WARNING : Supplied argument 'check_point_delta_t' not an argument of 'Pymultinest', removing.
00:40 WARNING : Supplied argument 'check_point_delta_t' not an argument of 'Pymultinest', removing.
00:40 INFO    : Using sampler Pymultinest with kwargs {'importance_nested_sampling': False, 'resume': True, 'verbose': True, 'sampling_efficiency': 'parameter', 'n_live_points': 2048, 'n_params': 5, 'n_clustering_params': None, 'wrapped_params': None, 'multimodal': True, 'const_efficiency_mode': False, 'evidence_tolerance': 0.5, 'n_iter_before_update': 100, 'null_log_evidence': -1e+90, 'max_modes': 100, 'mode_tolerance': -1e+90, 'seed': 42, 'context': 0, 'write_output': True, 'log_zero': -1e+100, 'max_iter': 0, 'init_MPI': False, 'dump_callback': <bound method Pymultinest._dump_callback of <bilby.core.sampler.pymultinest.Pymultinest object at 0x155538bcbee0>>}
00:40 INFO    : Using sampler Pymultinest with kwargs {'importance_nested_sampling': False, 'resume': True, 'verbose': True, 'sampling_efficiency': 'parameter', 'n_live_points': 2048, 'n_params': 5, 'n_clustering_params': None, 'wrapped_params': None, 'multimodal': True, 'const_efficiency_mode': False, 'evidence_tolerance': 0.5, 'n_iter_before_update': 100, 'null_log_evidence': -1e+90, 'max_modes': 100, 'mode_tolerance': -1e+90, 'seed': 42, 'context': 0, 'write_output': True, 'log_zero': -1e+100, 'max_iter': 0, 'init_MPI': False, 'dump_callback': <bound method Pymultinest._dump_callback of <bilby.core.sampler.pymultinest.Pymultinest object at 0x155538bcbee0>>}
00:40 INFO    : Using sampler Pymultinest with kwargs {'importance_nested_sampling': False, 'resume': True, 'verbose': True, 'sampling_efficiency': 'parameter', 'n_live_points': 2048, 'n_params': 5, 'n_clustering_params': None, 'wrapped_params': None, 'multimodal': True, 'const_efficiency_mode': False, 'evidence_tolerance': 0.5, 'n_iter_before_update': 100, 'null_log_evidence': -1e+90, 'max_modes': 100, 'mode_tolerance': -1e+90, 'seed': 42, 'context': 0, 'write_output': True, 'log_zero': -1e+100, 'max_iter': 0, 'init_MPI': False, 'dump_callback': <bound method Pymultinest._dump_callback of <bilby.core.sampler.pymultinest.Pymultinest object at 0x155538bcbf10>>}
00:40 INFO    : Temporary directory incompatible with MPI, will run in original directory
00:40 INFO    : Temporary directory incompatible with MPI, will run in original directory
00:40 INFO    : Temporary directory incompatible with MPI, will run in original directory
00:40 INFO    : Using output file outdirBNSBu32cores/pm_Simu2019lm/
00:40 INFO    : Using output file outdirBNSBu32cores/pm_Simu2019lm/
00:40 INFO    : Using output file outdirBNSBu32cores/pm_Simu2019lm/
00:40 INFO    : Single likelihood evaluation took 2.108e-01 s
00:40 WARNING : Supplied argument 'queue_size' not an argument of 'Pymultinest', removing.
00:40 WARNING : Supplied argument 'check_point_delta_t' not an argument of 'Pymultinest', removing.
00:40 INFO    : Using sampler Pymultinest with kwargs {'importance_nested_sampling': False, 'resume': True, 'verbose': True, 'sampling_efficiency': 'parameter', 'n_live_points': 2048, 'n_params': 5, 'n_clustering_params': None, 'wrapped_params': None, 'multimodal': True, 'const_efficiency_mode': False, 'evidence_tolerance': 0.5, 'n_iter_before_update': 100, 'null_log_evidence': -1e+90, 'max_modes': 100, 'mode_tolerance': -1e+90, 'seed': 42, 'context': 0, 'write_output': True, 'log_zero': -1e+100, 'max_iter': 0, 'init_MPI': False, 'dump_callback': <bound method Pymultinest._dump_callback of <bilby.core.sampler.pymultinest.Pymultinest object at 0x155509fc7f10>>}
00:40 INFO    : Temporary directory incompatible with MPI, will run in original directory
00:40 INFO    : Using output file outdirBNSBu32cores/pm_Simu2019lm/
00:40 INFO    : Single likelihood evaluation took 2.137e-01 s
00:40 INFO    : Single likelihood evaluation took 2.170e-01 s
00:40 WARNING : Supplied argument 'queue_size' not an argument of 'Pymultinest', removing.
00:40 WARNING : Supplied argument 'check_point_delta_t' not an argument of 'Pymultinest', removing.
00:40 INFO    : Using sampler Pymultinest with kwargs {'importance_nested_sampling': False, 'resume': True, 'verbose': True, 'sampling_efficiency': 'parameter', 'n_live_points': 2048, 'n_params': 5, 'n_clustering_params': None, 'wrapped_params': None, 'multimodal': True, 'const_efficiency_mode': False, 'evidence_tolerance': 0.5, 'n_iter_before_update': 100, 'null_log_evidence': -1e+90, 'max_modes': 100, 'mode_tolerance': -1e+90, 'seed': 42, 'context': 0, 'write_output': True, 'log_zero': -1e+100, 'max_iter': 0, 'init_MPI': False, 'dump_callback': <bound method Pymultinest._dump_callback of <bilby.core.sampler.pymultinest.Pymultinest object at 0x155509fffe80>>}
00:40 INFO    : Temporary directory incompatible with MPI, will run in original directory
00:40 INFO    : Using output file outdirBNSBu32cores/pm_Simu2019lm/
00:40 INFO    : Single likelihood evaluation took 2.192e-01 s
00:40 INFO    : Single likelihood evaluation took 2.192e-01 s
00:40 WARNING : Supplied argument 'queue_size' not an argument of 'Pymultinest', removing.
00:40 WARNING : Supplied argument 'check_point_delta_t' not an argument of 'Pymultinest', removing.
00:40 INFO    : Using sampler Pymultinest with kwargs {'importance_nested_sampling': False, 'resume': True, 'verbose': True, 'sampling_efficiency': 'parameter', 'n_live_points': 2048, 'n_params': 5, 'n_clustering_params': None, 'wrapped_params': None, 'multimodal': True, 'const_efficiency_mode': False, 'evidence_tolerance': 0.5, 'n_iter_before_update': 100, 'null_log_evidence': -1e+90, 'max_modes': 100, 'mode_tolerance': -1e+90, 'seed': 42, 'context': 0, 'write_output': True, 'log_zero': -1e+100, 'max_iter': 0, 'init_MPI': False, 'dump_callback': <bound method Pymultinest._dump_callback of <bilby.core.sampler.pymultinest.Pymultinest object at 0x155538bcfe80>>}
00:40 INFO    : Temporary directory incompatible with MPI, will run in original directory
00:40 INFO    : Using output file outdirBNSBu32cores/pm_Simu2019lm/
00:40 WARNING : Supplied argument 'queue_size' not an argument of 'Pymultinest', removing.
00:40 WARNING : Supplied argument 'check_point_delta_t' not an argument of 'Pymultinest', removing.
00:40 WARNING : Supplied argument 'queue_size' not an argument of 'Pymultinest', removing.
00:40 WARNING : Supplied argument 'check_point_delta_t' not an argument of 'Pymultinest', removing.
00:40 INFO    : Using sampler Pymultinest with kwargs {'importance_nested_sampling': False, 'resume': True, 'verbose': True, 'sampling_efficiency': 'parameter', 'n_live_points': 2048, 'n_params': 5, 'n_clustering_params': None, 'wrapped_params': None, 'multimodal': True, 'const_efficiency_mode': False, 'evidence_tolerance': 0.5, 'n_iter_before_update': 100, 'null_log_evidence': -1e+90, 'max_modes': 100, 'mode_tolerance': -1e+90, 'seed': 42, 'context': 0, 'write_output': True, 'log_zero': -1e+100, 'max_iter': 0, 'init_MPI': False, 'dump_callback': <bound method Pymultinest._dump_callback of <bilby.core.sampler.pymultinest.Pymultinest object at 0x155538bcbf10>>}
00:40 INFO    : Using sampler Pymultinest with kwargs {'importance_nested_sampling': False, 'resume': True, 'verbose': True, 'sampling_efficiency': 'parameter', 'n_live_points': 2048, 'n_params': 5, 'n_clustering_params': None, 'wrapped_params': None, 'multimodal': True, 'const_efficiency_mode': False, 'evidence_tolerance': 0.5, 'n_iter_before_update': 100, 'null_log_evidence': -1e+90, 'max_modes': 100, 'mode_tolerance': -1e+90, 'seed': 42, 'context': 0, 'write_output': True, 'log_zero': -1e+100, 'max_iter': 0, 'init_MPI': False, 'dump_callback': <bound method Pymultinest._dump_callback of <bilby.core.sampler.pymultinest.Pymultinest object at 0x155538bd3eb0>>}
00:40 INFO    : Temporary directory incompatible with MPI, will run in original directory
00:40 INFO    : Temporary directory incompatible with MPI, will run in original directory
00:40 INFO    : Using output file outdirBNSBu32cores/pm_Simu2019lm/
00:40 INFO    : Using output file outdirBNSBu32cores/pm_Simu2019lm/
00:40 INFO    : Single likelihood evaluation took 2.812e-01 s
00:40 INFO    : Single likelihood evaluation took 2.823e-01 s
00:40 WARNING : Supplied argument 'queue_size' not an argument of 'Pymultinest', removing.
00:40 WARNING : Supplied argument 'check_point_delta_t' not an argument of 'Pymultinest', removing.
00:40 INFO    : Using sampler Pymultinest with kwargs {'importance_nested_sampling': False, 'resume': True, 'verbose': True, 'sampling_efficiency': 'parameter', 'n_live_points': 2048, 'n_params': 5, 'n_clustering_params': None, 'wrapped_params': None, 'multimodal': True, 'const_efficiency_mode': False, 'evidence_tolerance': 0.5, 'n_iter_before_update': 100, 'null_log_evidence': -1e+90, 'max_modes': 100, 'mode_tolerance': -1e+90, 'seed': 42, 'context': 0, 'write_output': True, 'log_zero': -1e+100, 'max_iter': 0, 'init_MPI': False, 'dump_callback': <bound method Pymultinest._dump_callback of <bilby.core.sampler.pymultinest.Pymultinest object at 0x155509ffbfd0>>}
00:40 INFO    : Temporary directory incompatible with MPI, will run in original directory
00:40 INFO    : Using output file outdirBNSBu32cores/pm_Simu2019lm/
00:40 INFO    : Single likelihood evaluation took 2.836e-01 s
00:40 WARNING : Supplied argument 'queue_size' not an argument of 'Pymultinest', removing.
00:40 WARNING : Supplied argument 'check_point_delta_t' not an argument of 'Pymultinest', removing.
00:40 INFO    : Using sampler Pymultinest with kwargs {'importance_nested_sampling': False, 'resume': True, 'verbose': True, 'sampling_efficiency': 'parameter', 'n_live_points': 2048, 'n_params': 5, 'n_clustering_params': None, 'wrapped_params': None, 'multimodal': True, 'const_efficiency_mode': False, 'evidence_tolerance': 0.5, 'n_iter_before_update': 100, 'null_log_evidence': -1e+90, 'max_modes': 100, 'mode_tolerance': -1e+90, 'seed': 42, 'context': 0, 'write_output': True, 'log_zero': -1e+100, 'max_iter': 0, 'init_MPI': False, 'dump_callback': <bound method Pymultinest._dump_callback of <bilby.core.sampler.pymultinest.Pymultinest object at 0x155509fffee0>>}
00:40 INFO    : Temporary directory incompatible with MPI, will run in original directory
00:40 INFO    : Using output file outdirBNSBu32cores/pm_Simu2019lm/
00:40 INFO    : Single likelihood evaluation took 2.841e-01 s
00:40 WARNING : Supplied argument 'queue_size' not an argument of 'Pymultinest', removing.
00:40 WARNING : Supplied argument 'check_point_delta_t' not an argument of 'Pymultinest', removing.
00:40 INFO    : Using sampler Pymultinest with kwargs {'importance_nested_sampling': False, 'resume': True, 'verbose': True, 'sampling_efficiency': 'parameter', 'n_live_points': 2048, 'n_params': 5, 'n_clustering_params': None, 'wrapped_params': None, 'multimodal': True, 'const_efficiency_mode': False, 'evidence_tolerance': 0.5, 'n_iter_before_update': 100, 'null_log_evidence': -1e+90, 'max_modes': 100, 'mode_tolerance': -1e+90, 'seed': 42, 'context': 0, 'write_output': True, 'log_zero': -1e+100, 'max_iter': 0, 'init_MPI': False, 'dump_callback': <bound method Pymultinest._dump_callback of <bilby.core.sampler.pymultinest.Pymultinest object at 0x155509fffeb0>>}
00:40 INFO    : Temporary directory incompatible with MPI, will run in original directory
00:40 INFO    : Using output file outdirBNSBu32cores/pm_Simu2019lm/
00:40 WARNING : Supplied argument 'queue_size' not an argument of 'Pymultinest', removing.
00:40 WARNING : Supplied argument 'check_point_delta_t' not an argument of 'Pymultinest', removing.
00:40 INFO    : Using sampler Pymultinest with kwargs {'importance_nested_sampling': False, 'resume': True, 'verbose': True, 'sampling_efficiency': 'parameter', 'n_live_points': 2048, 'n_params': 5, 'n_clustering_params': None, 'wrapped_params': None, 'multimodal': True, 'const_efficiency_mode': False, 'evidence_tolerance': 0.5, 'n_iter_before_update': 100, 'null_log_evidence': -1e+90, 'max_modes': 100, 'mode_tolerance': -1e+90, 'seed': 42, 'context': 0, 'write_output': True, 'log_zero': -1e+100, 'max_iter': 0, 'init_MPI': False, 'dump_callback': <bound method Pymultinest._dump_callback of <bilby.core.sampler.pymultinest.Pymultinest object at 0x155509fffe50>>}
00:40 INFO    : Temporary directory incompatible with MPI, will run in original directory
00:40 INFO    : Using output file outdirBNSBu32cores/pm_Simu2019lm/
00:40 INFO    : Single likelihood evaluation took 3.338e-01 s
00:40 INFO    : Single likelihood evaluation took 3.354e-01 s
00:40 INFO    : Single likelihood evaluation took 3.359e-01 s
00:40 INFO    : Single likelihood evaluation took 3.355e-01 s
00:40 WARNING : Supplied argument 'queue_size' not an argument of 'Pymultinest', removing.
00:40 WARNING : Supplied argument 'check_point_delta_t' not an argument of 'Pymultinest', removing.
00:40 INFO    : Using sampler Pymultinest with kwargs {'importance_nested_sampling': False, 'resume': True, 'verbose': True, 'sampling_efficiency': 'parameter', 'n_live_points': 2048, 'n_params': 5, 'n_clustering_params': None, 'wrapped_params': None, 'multimodal': True, 'const_efficiency_mode': False, 'evidence_tolerance': 0.5, 'n_iter_before_update': 100, 'null_log_evidence': -1e+90, 'max_modes': 100, 'mode_tolerance': -1e+90, 'seed': 42, 'context': 0, 'write_output': True, 'log_zero': -1e+100, 'max_iter': 0, 'init_MPI': False, 'dump_callback': <bound method Pymultinest._dump_callback of <bilby.core.sampler.pymultinest.Pymultinest object at 0x155509ffbe80>>}
00:40 INFO    : Temporary directory incompatible with MPI, will run in original directory
00:40 INFO    : Using output file outdirBNSBu32cores/pm_Simu2019lm/
00:40 INFO    : Single likelihood evaluation took 3.367e-01 s
00:40 INFO    : Single likelihood evaluation took 3.370e-01 s
00:40 WARNING : Supplied argument 'queue_size' not an argument of 'Pymultinest', removing.
00:40 WARNING : Supplied argument 'check_point_delta_t' not an argument of 'Pymultinest', removing.
00:40 INFO    : Using sampler Pymultinest with kwargs {'importance_nested_sampling': False, 'resume': True, 'verbose': True, 'sampling_efficiency': 'parameter', 'n_live_points': 2048, 'n_params': 5, 'n_clustering_params': None, 'wrapped_params': None, 'multimodal': True, 'const_efficiency_mode': False, 'evidence_tolerance': 0.5, 'n_iter_before_update': 100, 'null_log_evidence': -1e+90, 'max_modes': 100, 'mode_tolerance': -1e+90, 'seed': 42, 'context': 0, 'write_output': True, 'log_zero': -1e+100, 'max_iter': 0, 'init_MPI': False, 'dump_callback': <bound method Pymultinest._dump_callback of <bilby.core.sampler.pymultinest.Pymultinest object at 0x155509ff7f10>>}
00:40 INFO    : Temporary directory incompatible with MPI, will run in original directory
00:40 WARNING : Supplied argument 'queue_size' not an argument of 'Pymultinest', removing.
00:40 INFO    : Using output file outdirBNSBu32cores/pm_Simu2019lm/
00:40 WARNING : Supplied argument 'check_point_delta_t' not an argument of 'Pymultinest', removing.
00:40 INFO    : Using sampler Pymultinest with kwargs {'importance_nested_sampling': False, 'resume': True, 'verbose': True, 'sampling_efficiency': 'parameter', 'n_live_points': 2048, 'n_params': 5, 'n_clustering_params': None, 'wrapped_params': None, 'multimodal': True, 'const_efficiency_mode': False, 'evidence_tolerance': 0.5, 'n_iter_before_update': 100, 'null_log_evidence': -1e+90, 'max_modes': 100, 'mode_tolerance': -1e+90, 'seed': 42, 'context': 0, 'write_output': True, 'log_zero': -1e+100, 'max_iter': 0, 'init_MPI': False, 'dump_callback': <bound method Pymultinest._dump_callback of <bilby.core.sampler.pymultinest.Pymultinest object at 0x155509ffff40>>}
00:40 INFO    : Temporary directory incompatible with MPI, will run in original directory
00:40 INFO    : Using output file outdirBNSBu32cores/pm_Simu2019lm/
00:40 WARNING : Supplied argument 'queue_size' not an argument of 'Pymultinest', removing.
00:40 WARNING : Supplied argument 'check_point_delta_t' not an argument of 'Pymultinest', removing.
00:40 INFO    : Using sampler Pymultinest with kwargs {'importance_nested_sampling': False, 'resume': True, 'verbose': True, 'sampling_efficiency': 'parameter', 'n_live_points': 2048, 'n_params': 5, 'n_clustering_params': None, 'wrapped_params': None, 'multimodal': True, 'const_efficiency_mode': False, 'evidence_tolerance': 0.5, 'n_iter_before_update': 100, 'null_log_evidence': -1e+90, 'max_modes': 100, 'mode_tolerance': -1e+90, 'seed': 42, 'context': 0, 'write_output': True, 'log_zero': -1e+100, 'max_iter': 0, 'init_MPI': False, 'dump_callback': <bound method Pymultinest._dump_callback of <bilby.core.sampler.pymultinest.Pymultinest object at 0x155509ffbee0>>}
00:40 INFO    : Temporary directory incompatible with MPI, will run in original directory
00:40 INFO    : Using output file outdirBNSBu32cores/pm_Simu2019lm/
00:40 WARNING : Supplied argument 'queue_size' not an argument of 'Pymultinest', removing.
00:40 WARNING : Supplied argument 'check_point_delta_t' not an argument of 'Pymultinest', removing.
00:40 INFO    : Using sampler Pymultinest with kwargs {'importance_nested_sampling': False, 'resume': True, 'verbose': True, 'sampling_efficiency': 'parameter', 'n_live_points': 2048, 'n_params': 5, 'n_clustering_params': None, 'wrapped_params': None, 'multimodal': True, 'const_efficiency_mode': False, 'evidence_tolerance': 0.5, 'n_iter_before_update': 100, 'null_log_evidence': -1e+90, 'max_modes': 100, 'mode_tolerance': -1e+90, 'seed': 42, 'context': 0, 'write_output': True, 'log_zero': -1e+100, 'max_iter': 0, 'init_MPI': False, 'dump_callback': <bound method Pymultinest._dump_callback of <bilby.core.sampler.pymultinest.Pymultinest object at 0x155509ffbfd0>>}
00:40 INFO    : Temporary directory incompatible with MPI, will run in original directory
00:40 INFO    : Using output file outdirBNSBu32cores/pm_Simu2019lm/
00:40 INFO    : Single likelihood evaluation took 3.385e-01 s
00:40 WARNING : Supplied argument 'queue_size' not an argument of 'Pymultinest', removing.
00:40 WARNING : Supplied argument 'check_point_delta_t' not an argument of 'Pymultinest', removing.
00:40 INFO    : Using sampler Pymultinest with kwargs {'importance_nested_sampling': False, 'resume': True, 'verbose': True, 'sampling_efficiency': 'parameter', 'n_live_points': 2048, 'n_params': 5, 'n_clustering_params': None, 'wrapped_params': None, 'multimodal': True, 'const_efficiency_mode': False, 'evidence_tolerance': 0.5, 'n_iter_before_update': 100, 'null_log_evidence': -1e+90, 'max_modes': 100, 'mode_tolerance': -1e+90, 'seed': 42, 'context': 0, 'write_output': True, 'log_zero': -1e+100, 'max_iter': 0, 'init_MPI': False, 'dump_callback': <bound method Pymultinest._dump_callback of <bilby.core.sampler.pymultinest.Pymultinest object at 0x155509ffbe50>>}
00:40 INFO    : Temporary directory incompatible with MPI, will run in original directory
00:40 INFO    : Using output file outdirBNSBu32cores/pm_Simu2019lm/
00:40 WARNING : Supplied argument 'queue_size' not an argument of 'Pymultinest', removing.
00:40 WARNING : Supplied argument 'check_point_delta_t' not an argument of 'Pymultinest', removing.
00:40 INFO    : Using sampler Pymultinest with kwargs {'importance_nested_sampling': False, 'resume': True, 'verbose': True, 'sampling_efficiency': 'parameter', 'n_live_points': 2048, 'n_params': 5, 'n_clustering_params': None, 'wrapped_params': None, 'multimodal': True, 'const_efficiency_mode': False, 'evidence_tolerance': 0.5, 'n_iter_before_update': 100, 'null_log_evidence': -1e+90, 'max_modes': 100, 'mode_tolerance': -1e+90, 'seed': 42, 'context': 0, 'write_output': True, 'log_zero': -1e+100, 'max_iter': 0, 'init_MPI': False, 'dump_callback': <bound method Pymultinest._dump_callback of <bilby.core.sampler.pymultinest.Pymultinest object at 0x155509fffeb0>>}
00:40 INFO    : Temporary directory incompatible with MPI, will run in original directory
00:40 INFO    : Using output file outdirBNSBu32cores/pm_Simu2019lm/
00:40 INFO    : Single likelihood evaluation took 3.396e-01 s
00:40 WARNING : Supplied argument 'queue_size' not an argument of 'Pymultinest', removing.
00:40 WARNING : Supplied argument 'check_point_delta_t' not an argument of 'Pymultinest', removing.
00:40 INFO    : Using sampler Pymultinest with kwargs {'importance_nested_sampling': False, 'resume': True, 'verbose': True, 'sampling_efficiency': 'parameter', 'n_live_points': 2048, 'n_params': 5, 'n_clustering_params': None, 'wrapped_params': None, 'multimodal': True, 'const_efficiency_mode': False, 'evidence_tolerance': 0.5, 'n_iter_before_update': 100, 'null_log_evidence': -1e+90, 'max_modes': 100, 'mode_tolerance': -1e+90, 'seed': 42, 'context': 0, 'write_output': True, 'log_zero': -1e+100, 'max_iter': 0, 'init_MPI': False, 'dump_callback': <bound method Pymultinest._dump_callback of <bilby.core.sampler.pymultinest.Pymultinest object at 0x155509ffbee0>>}
00:40 INFO    : Temporary directory incompatible with MPI, will run in original directory
00:40 INFO    : Using output file outdirBNSBu32cores/pm_Simu2019lm/
00:40 INFO    : Single likelihood evaluation took 3.517e-01 s
00:40 INFO    : Single likelihood evaluation took 3.541e-01 s
00:40 WARNING : Supplied argument 'queue_size' not an argument of 'Pymultinest', removing.
00:40 WARNING : Supplied argument 'check_point_delta_t' not an argument of 'Pymultinest', removing.
00:40 INFO    : Using sampler Pymultinest with kwargs {'importance_nested_sampling': False, 'resume': True, 'verbose': True, 'sampling_efficiency': 'parameter', 'n_live_points': 2048, 'n_params': 5, 'n_clustering_params': None, 'wrapped_params': None, 'multimodal': True, 'const_efficiency_mode': False, 'evidence_tolerance': 0.5, 'n_iter_before_update': 100, 'null_log_evidence': -1e+90, 'max_modes': 100, 'mode_tolerance': -1e+90, 'seed': 42, 'context': 0, 'write_output': True, 'log_zero': -1e+100, 'max_iter': 0, 'init_MPI': False, 'dump_callback': <bound method Pymultinest._dump_callback of <bilby.core.sampler.pymultinest.Pymultinest object at 0x1555347d3f40>>}
00:40 INFO    : Temporary directory incompatible with MPI, will run in original directory
00:40 INFO    : Using output file outdirBNSBu32cores/pm_Simu2019lm/
00:40 INFO    : Single likelihood evaluation took 3.545e-01 s
00:40 WARNING : Supplied argument 'queue_size' not an argument of 'Pymultinest', removing.
00:40 WARNING : Supplied argument 'check_point_delta_t' not an argument of 'Pymultinest', removing.
00:40 INFO    : Using sampler Pymultinest with kwargs {'importance_nested_sampling': False, 'resume': True, 'verbose': True, 'sampling_efficiency': 'parameter', 'n_live_points': 2048, 'n_params': 5, 'n_clustering_params': None, 'wrapped_params': None, 'multimodal': True, 'const_efficiency_mode': False, 'evidence_tolerance': 0.5, 'n_iter_before_update': 100, 'null_log_evidence': -1e+90, 'max_modes': 100, 'mode_tolerance': -1e+90, 'seed': 42, 'context': 0, 'write_output': True, 'log_zero': -1e+100, 'max_iter': 0, 'init_MPI': False, 'dump_callback': <bound method Pymultinest._dump_callback of <bilby.core.sampler.pymultinest.Pymultinest object at 0x1555347d3e80>>}
00:40 INFO    : Temporary directory incompatible with MPI, will run in original directory
00:40 INFO    : Using output file outdirBNSBu32cores/pm_Simu2019lm/
00:40 INFO    : Single likelihood evaluation took 3.551e-01 s
00:40 WARNING : Supplied argument 'queue_size' not an argument of 'Pymultinest', removing.
00:40 WARNING : Supplied argument 'check_point_delta_t' not an argument of 'Pymultinest', removing.
00:40 INFO    : Using sampler Pymultinest with kwargs {'importance_nested_sampling': False, 'resume': True, 'verbose': True, 'sampling_efficiency': 'parameter', 'n_live_points': 2048, 'n_params': 5, 'n_clustering_params': None, 'wrapped_params': None, 'multimodal': True, 'const_efficiency_mode': False, 'evidence_tolerance': 0.5, 'n_iter_before_update': 100, 'null_log_evidence': -1e+90, 'max_modes': 100, 'mode_tolerance': -1e+90, 'seed': 42, 'context': 0, 'write_output': True, 'log_zero': -1e+100, 'max_iter': 0, 'init_MPI': False, 'dump_callback': <bound method Pymultinest._dump_callback of <bilby.core.sampler.pymultinest.Pymultinest object at 0x1555347d3f40>>}
00:40 INFO    : Temporary directory incompatible with MPI, will run in original directory
00:40 INFO    : Using output file outdirBNSBu32cores/pm_Simu2019lm/
00:40 WARNING : Supplied argument 'queue_size' not an argument of 'Pymultinest', removing.
00:40 WARNING : Supplied argument 'check_point_delta_t' not an argument of 'Pymultinest', removing.
00:40 INFO    : Using sampler Pymultinest with kwargs {'importance_nested_sampling': False, 'resume': True, 'verbose': True, 'sampling_efficiency': 'parameter', 'n_live_points': 2048, 'n_params': 5, 'n_clustering_params': None, 'wrapped_params': None, 'multimodal': True, 'const_efficiency_mode': False, 'evidence_tolerance': 0.5, 'n_iter_before_update': 100, 'null_log_evidence': -1e+90, 'max_modes': 100, 'mode_tolerance': -1e+90, 'seed': 42, 'context': 0, 'write_output': True, 'log_zero': -1e+100, 'max_iter': 0, 'init_MPI': False, 'dump_callback': <bound method Pymultinest._dump_callback of <bilby.core.sampler.pymultinest.Pymultinest object at 0x1555347d3ee0>>}
00:40 INFO    : Temporary directory incompatible with MPI, will run in original directory
00:40 INFO    : Using output file outdirBNSBu32cores/pm_Simu2019lm/
00:40 INFO    : Single likelihood evaluation took 3.594e-01 s
00:40 INFO    : Single likelihood evaluation took 3.594e-01 s
00:40 INFO    : Single likelihood evaluation took 3.597e-01 s
00:40 INFO    : Single likelihood evaluation took 3.598e-01 s
00:40 INFO    : Single likelihood evaluation took 3.603e-01 s
00:40 INFO    : Single likelihood evaluation took 3.606e-01 s
00:40 INFO    : Single likelihood evaluation took 3.610e-01 s
00:40 INFO    : Single likelihood evaluation took 3.614e-01 s
00:40 WARNING : Supplied argument 'queue_size' not an argument of 'Pymultinest', removing.
00:40 WARNING : Supplied argument 'check_point_delta_t' not an argument of 'Pymultinest', removing.
00:40 INFO    : Using sampler Pymultinest with kwargs {'importance_nested_sampling': False, 'resume': True, 'verbose': True, 'sampling_efficiency': 'parameter', 'n_live_points': 2048, 'n_params': 5, 'n_clustering_params': None, 'wrapped_params': None, 'multimodal': True, 'const_efficiency_mode': False, 'evidence_tolerance': 0.5, 'n_iter_before_update': 100, 'null_log_evidence': -1e+90, 'max_modes': 100, 'mode_tolerance': -1e+90, 'seed': 42, 'context': 0, 'write_output': True, 'log_zero': -1e+100, 'max_iter': 0, 'init_MPI': False, 'dump_callback': <bound method Pymultinest._dump_callback of <bilby.core.sampler.pymultinest.Pymultinest object at 0x1555237cff40>>}
00:40 INFO    : Temporary directory incompatible with MPI, will run in original directory
00:40 INFO    : Using output file outdirBNSBu32cores/pm_Simu2019lm/
00:40 WARNING : Supplied argument 'queue_size' not an argument of 'Pymultinest', removing.
00:40 WARNING : Supplied argument 'check_point_delta_t' not an argument of 'Pymultinest', removing.
00:40 INFO    : Using sampler Pymultinest with kwargs {'importance_nested_sampling': False, 'resume': True, 'verbose': True, 'sampling_efficiency': 'parameter', 'n_live_points': 2048, 'n_params': 5, 'n_clustering_params': None, 'wrapped_params': None, 'multimodal': True, 'const_efficiency_mode': False, 'evidence_tolerance': 0.5, 'n_iter_before_update': 100, 'null_log_evidence': -1e+90, 'max_modes': 100, 'mode_tolerance': -1e+90, 'seed': 42, 'context': 0, 'write_output': True, 'log_zero': -1e+100, 'max_iter': 0, 'init_MPI': False, 'dump_callback': <bound method Pymultinest._dump_callback of <bilby.core.sampler.pymultinest.Pymultinest object at 0x1555237c7f10>>}
00:40 INFO    : Temporary directory incompatible with MPI, will run in original directory
00:40 INFO    : Using output file outdirBNSBu32cores/pm_Simu2019lm/
00:40 WARNING : Supplied argument 'queue_size' not an argument of 'Pymultinest', removing.
00:40 WARNING : Supplied argument 'check_point_delta_t' not an argument of 'Pymultinest', removing.
00:40 INFO    : Using sampler Pymultinest with kwargs {'importance_nested_sampling': False, 'resume': True, 'verbose': True, 'sampling_efficiency': 'parameter', 'n_live_points': 2048, 'n_params': 5, 'n_clustering_params': None, 'wrapped_params': None, 'multimodal': True, 'const_efficiency_mode': False, 'evidence_tolerance': 0.5, 'n_iter_before_update': 100, 'null_log_evidence': -1e+90, 'max_modes': 100, 'mode_tolerance': -1e+90, 'seed': 42, 'context': 0, 'write_output': True, 'log_zero': -1e+100, 'max_iter': 0, 'init_MPI': False, 'dump_callback': <bound method Pymultinest._dump_callback of <bilby.core.sampler.pymultinest.Pymultinest object at 0x1555237d3fd0>>}
00:40 INFO    : Temporary directory incompatible with MPI, will run in original directory
00:40 INFO    : Using output file outdirBNSBu32cores/pm_Simu2019lm/
00:40 WARNING : Supplied argument 'queue_size' not an argument of 'Pymultinest', removing.
00:40 WARNING : Supplied argument 'queue_size' not an argument of 'Pymultinest', removing.
00:40 WARNING : Supplied argument 'check_point_delta_t' not an argument of 'Pymultinest', removing.
00:40 WARNING : Supplied argument 'check_point_delta_t' not an argument of 'Pymultinest', removing.
00:40 INFO    : Using sampler Pymultinest with kwargs {'importance_nested_sampling': False, 'resume': True, 'verbose': True, 'sampling_efficiency': 'parameter', 'n_live_points': 2048, 'n_params': 5, 'n_clustering_params': None, 'wrapped_params': None, 'multimodal': True, 'const_efficiency_mode': False, 'evidence_tolerance': 0.5, 'n_iter_before_update': 100, 'null_log_evidence': -1e+90, 'max_modes': 100, 'mode_tolerance': -1e+90, 'seed': 42, 'context': 0, 'write_output': True, 'log_zero': -1e+100, 'max_iter': 0, 'init_MPI': False, 'dump_callback': <bound method Pymultinest._dump_callback of <bilby.core.sampler.pymultinest.Pymultinest object at 0x1555237cfe50>>}
00:40 INFO    : Using sampler Pymultinest with kwargs {'importance_nested_sampling': False, 'resume': True, 'verbose': True, 'sampling_efficiency': 'parameter', 'n_live_points': 2048, 'n_params': 5, 'n_clustering_params': None, 'wrapped_params': None, 'multimodal': True, 'const_efficiency_mode': False, 'evidence_tolerance': 0.5, 'n_iter_before_update': 100, 'null_log_evidence': -1e+90, 'max_modes': 100, 'mode_tolerance': -1e+90, 'seed': 42, 'context': 0, 'write_output': True, 'log_zero': -1e+100, 'max_iter': 0, 'init_MPI': False, 'dump_callback': <bound method Pymultinest._dump_callback of <bilby.core.sampler.pymultinest.Pymultinest object at 0x1555237cbee0>>}
00:40 INFO    : Temporary directory incompatible with MPI, will run in original directory
00:40 INFO    : Temporary directory incompatible with MPI, will run in original directory
00:40 INFO    : Using output file outdirBNSBu32cores/pm_Simu2019lm/
00:40 INFO    : Using output file outdirBNSBu32cores/pm_Simu2019lm/
00:40 WARNING : Supplied argument 'queue_size' not an argument of 'Pymultinest', removing.
00:40 WARNING : Supplied argument 'check_point_delta_t' not an argument of 'Pymultinest', removing.
00:40 INFO    : Using sampler Pymultinest with kwargs {'importance_nested_sampling': False, 'resume': True, 'verbose': True, 'sampling_efficiency': 'parameter', 'n_live_points': 2048, 'n_params': 5, 'n_clustering_params': None, 'wrapped_params': None, 'multimodal': True, 'const_efficiency_mode': False, 'evidence_tolerance': 0.5, 'n_iter_before_update': 100, 'null_log_evidence': -1e+90, 'max_modes': 100, 'mode_tolerance': -1e+90, 'seed': 42, 'context': 0, 'write_output': True, 'log_zero': -1e+100, 'max_iter': 0, 'init_MPI': False, 'dump_callback': <bound method Pymultinest._dump_callback of <bilby.core.sampler.pymultinest.Pymultinest object at 0x1555237cbee0>>}
00:40 INFO    : Temporary directory incompatible with MPI, will run in original directory
00:40 INFO    : Using output file outdirBNSBu32cores/pm_Simu2019lm/
00:40 WARNING : Supplied argument 'queue_size' not an argument of 'Pymultinest', removing.
00:40 WARNING : Supplied argument 'check_point_delta_t' not an argument of 'Pymultinest', removing.
00:40 INFO    : Using sampler Pymultinest with kwargs {'importance_nested_sampling': False, 'resume': True, 'verbose': True, 'sampling_efficiency': 'parameter', 'n_live_points': 2048, 'n_params': 5, 'n_clustering_params': None, 'wrapped_params': None, 'multimodal': True, 'const_efficiency_mode': False, 'evidence_tolerance': 0.5, 'n_iter_before_update': 100, 'null_log_evidence': -1e+90, 'max_modes': 100, 'mode_tolerance': -1e+90, 'seed': 42, 'context': 0, 'write_output': True, 'log_zero': -1e+100, 'max_iter': 0, 'init_MPI': False, 'dump_callback': <bound method Pymultinest._dump_callback of <bilby.core.sampler.pymultinest.Pymultinest object at 0x1555237cffd0>>}
00:40 INFO    : Temporary directory incompatible with MPI, will run in original directory
00:40 INFO    : Using output file outdirBNSBu32cores/pm_Simu2019lm/
00:40 WARNING : Supplied argument 'queue_size' not an argument of 'Pymultinest', removing.
00:40 WARNING : Supplied argument 'check_point_delta_t' not an argument of 'Pymultinest', removing.
00:40 INFO    : Using sampler Pymultinest with kwargs {'importance_nested_sampling': False, 'resume': True, 'verbose': True, 'sampling_efficiency': 'parameter', 'n_live_points': 2048, 'n_params': 5, 'n_clustering_params': None, 'wrapped_params': None, 'multimodal': True, 'const_efficiency_mode': False, 'evidence_tolerance': 0.5, 'n_iter_before_update': 100, 'null_log_evidence': -1e+90, 'max_modes': 100, 'mode_tolerance': -1e+90, 'seed': 42, 'context': 0, 'write_output': True, 'log_zero': -1e+100, 'max_iter': 0, 'init_MPI': False, 'dump_callback': <bound method Pymultinest._dump_callback of <bilby.core.sampler.pymultinest.Pymultinest object at 0x1555237cbeb0>>}
00:40 INFO    : Temporary directory incompatible with MPI, will run in original directory
00:40 INFO    : Using output file outdirBNSBu32cores/pm_Simu2019lm/
00:57 INFO    : Sampling time: 0:16:34.023561
00:57 INFO    : Sampling time: 0:16:49.141131
00:57 INFO    : Sampling time: 0:16:36.504815
00:57 INFO    : Sampling time: 0:16:34.103197
00:57 INFO    : Sampling time: 0:16:34.014650
00:57 INFO    : Sampling time: 0:16:34.136236
00:57 INFO    : Sampling time: 0:16:35.046501
00:57 INFO    : Sampling time: 0:16:34.894851
00:57 INFO    : Sampling time: 0:16:34.857053
00:57 INFO    : Sampling time: 0:16:34.739638
00:57 INFO    : Sampling time: 0:16:34.005834
00:57 INFO    : Sampling time: 0:16:42.165167
00:57 INFO    : Sampling time: 0:16:34.026645
00:57 INFO    : Sampling time: 0:16:34.026587
00:57 INFO    : Sampling time: 0:16:42.081630
00:57 INFO    : Sampling time: 0:16:34.102076
00:57 INFO    : Sampling time: 0:16:41.937200
00:57 INFO    : Sampling time: 0:16:36.751591
00:57 INFO    : Sampling time: 0:16:36.558445
00:57 INFO    : Sampling time: 0:16:41.975320
00:57 INFO    : Sampling time: 0:16:49.368899
00:57 INFO    : Sampling time: 0:16:36.285353
00:57 INFO    : Sampling time: 0:16:36.555644
00:57 INFO    : Sampling time: 0:16:36.386297
00:57 INFO    : Sampling time: 0:16:36.560919
00:57 INFO    : Sampling time: 0:16:56.047802
00:57 INFO    : Sampling time: 0:16:56.048081
00:57 INFO    : Sampling time: 0:16:36.457822
00:57 INFO    : Sampling time: 0:16:56.048670
00:57 INFO    : Sampling time: 0:16:48.827483
00:57 INFO    : Sampling time: 0:16:48.990495
00:57 INFO    : Sampling time: 0:16:48.827309
00:57 ERROR   : 

Saving the data has failed with the following message:
[Errno 116] Stale file handle
Data has been dumped to outdirBNSBu32cores/Simu2019lm_result.pkl.


00:57 INFO    : Summary of results:
nsamples: 10586
ln_noise_evidence:  0.000
ln_evidence: -98.575 +/-  0.058
ln_bayes_factor: -98.575 +/-  0.058

00:57 INFO    : Summary of results:
nsamples: 10586
ln_noise_evidence:  0.000
ln_evidence: -98.575 +/-  0.058
ln_bayes_factor: -98.575 +/-  0.058

00:57 INFO    : Summary of results:
nsamples: 10586
ln_noise_evidence:  0.000
ln_evidence: -98.575 +/-  0.058
ln_bayes_factor: -98.575 +/-  0.058

00:57 INFO    : Summary of results:
nsamples: 10586
ln_noise_evidence:  0.000
ln_evidence: -98.575 +/-  0.058
ln_bayes_factor: -98.575 +/-  0.058

00:57 INFO    : Summary of results:
nsamples: 10586
ln_noise_evidence:  0.000
ln_evidence: -98.575 +/-  0.058
ln_bayes_factor: -98.575 +/-  0.058

00:57 INFO    : Summary of results:
nsamples: 10586
ln_noise_evidence:  0.000
ln_evidence: -98.575 +/-  0.058
ln_bayes_factor: -98.575 +/-  0.058

00:57 INFO    : Summary of results:
nsamples: 10586
ln_noise_evidence:  0.000
ln_evidence: -98.575 +/-  0.058
ln_bayes_factor: -98.575 +/-  0.058

00:57 INFO    : Writing samples file to /home/thussenot/kilonovae-H0/lcsimu/1perday40/grizyJHK/outdirBNSBu32cores/Simu2019lm_posterior_samples.dat
00:57 INFO    : Summary of results:
nsamples: 10586
ln_noise_evidence:  0.000
ln_evidence: -98.575 +/-  0.058
ln_bayes_factor: -98.575 +/-  0.058

00:57 INFO    : Summary of results:
nsamples: 10586
ln_noise_evidence:  0.000
ln_evidence: -98.575 +/-  0.058
ln_bayes_factor: -98.575 +/-  0.058

00:57 INFO    : Summary of results:
nsamples: 10586
ln_noise_evidence:  0.000
ln_evidence: -98.575 +/-  0.058
ln_bayes_factor: -98.575 +/-  0.058

00:57 INFO    : Summary of results:
nsamples: 10586
ln_noise_evidence:  0.000
ln_evidence: -98.575 +/-  0.058
ln_bayes_factor: -98.575 +/-  0.058

00:57 INFO    : Summary of results:
nsamples: 10586
ln_noise_evidence:  0.000
ln_evidence: -98.575 +/-  0.058
ln_bayes_factor: -98.575 +/-  0.058

00:57 INFO    : Summary of results:
nsamples: 10586
ln_noise_evidence:  0.000
ln_evidence: -98.575 +/-  0.058
ln_bayes_factor: -98.575 +/-  0.058

00:57 INFO    : Summary of results:
nsamples: 10586
ln_noise_evidence:  0.000
ln_evidence: -98.575 +/-  0.058
ln_bayes_factor: -98.575 +/-  0.058

00:57 INFO    : Summary of results:
nsamples: 10586
ln_noise_evidence:  0.000
ln_evidence: -98.575 +/-  0.058
ln_bayes_factor: -98.575 +/-  0.058

03:18 INFO    : Running for label 'Simu2019lm', output will be saved to 'outdirBNSBu32cores'
03:18 INFO    : Analysis priors:
03:18 INFO    : KNphi=Uniform(minimum=15.0, maximum=75.0, name='KNphi', latex_label='$\\Phi$', unit=None, boundary=None)
03:18 INFO    : log10_mej_dyn=Uniform(minimum=-3.0, maximum=-1.0, name='log10_mej_dyn', latex_label='$\\log_{10}M^{\\rm{dyn}}_{\\rm{ej}}$', unit=None, boundary='reflective')
03:18 INFO    : log10_mej_wind=Uniform(minimum=-3.0, maximum=-0.5, name='log10_mej_wind', latex_label='$\\log_{10}M^{\\rm{wind}}_{\\rm{ej}}$', unit=None, boundary='reflective')
03:18 INFO    : inclination_EM=Sine(minimum=0.0, maximum=1.5707963267948966, name='inclination_EM', latex_label='$\\iota$', unit=None, boundary=None)
03:18 INFO    : luminosity_distance=LogUniform(minimum=1, maximum=500, name='luminosity_distance', latex_label='$D_L$', unit=None, boundary=None)
03:18 INFO    : timeshift=0.0
03:18 INFO    : em_syserr=1.0
03:18 INFO    : Ebv=0.0
03:18 INFO    : Analysis likelihood class: <class 'nmma.em.likelihood.OpticalLightCurve'>
03:18 INFO    : Analysis likelihood noise evidence: 0.0
03:18 INFO    : Single likelihood evaluation took 5.966e-02 s
03:18 WARNING : Supplied argument 'queue_size' not an argument of 'Pymultinest', removing.
03:18 WARNING : Supplied argument 'check_point_delta_t' not an argument of 'Pymultinest', removing.
03:18 WARNING : Using cached result
03:18 INFO    : Summary of results:
nsamples: 10586
ln_noise_evidence:  0.000
ln_evidence: -98.575 +/-  0.058
ln_bayes_factor: -98.575 +/-  0.058

03:18 INFO    : Writing samples file to /home/thussenot/kilonovae-H0/lcsimu/1perday40/grizyJHK/outdirBNSBu32cores/Simu2019lm_posterior_samples.dat
