01:49 INFO    : Running for label 'Simu2019lm', output will be saved to 'outdirBNSBu32cores'
01:49 INFO    : Running for label 'Simu2019lm', output will be saved to 'outdirBNSBu32cores'
01:49 INFO    : Running for label 'Simu2019lm', output will be saved to 'outdirBNSBu32cores'
01:49 INFO    : Running for label 'Simu2019lm', output will be saved to 'outdirBNSBu32cores'
01:49 INFO    : Running for label 'Simu2019lm', output will be saved to 'outdirBNSBu32cores'
01:49 INFO    : Running for label 'Simu2019lm', output will be saved to 'outdirBNSBu32cores'
01:49 INFO    : Running for label 'Simu2019lm', output will be saved to 'outdirBNSBu32cores'
01:49 INFO    : Running for label 'Simu2019lm', output will be saved to 'outdirBNSBu32cores'
01:49 INFO    : Running for label 'Simu2019lm', output will be saved to 'outdirBNSBu32cores'
01:49 INFO    : Running for label 'Simu2019lm', output will be saved to 'outdirBNSBu32cores'
01:49 INFO    : Running for label 'Simu2019lm', output will be saved to 'outdirBNSBu32cores'
01:49 INFO    : Running for label 'Simu2019lm', output will be saved to 'outdirBNSBu32cores'
01:49 INFO    : Running for label 'Simu2019lm', output will be saved to 'outdirBNSBu32cores'
01:49 INFO    : Running for label 'Simu2019lm', output will be saved to 'outdirBNSBu32cores'
01:49 INFO    : Running for label 'Simu2019lm', output will be saved to 'outdirBNSBu32cores'
01:49 INFO    : Running for label 'Simu2019lm', output will be saved to 'outdirBNSBu32cores'
01:49 INFO    : Running for label 'Simu2019lm', output will be saved to 'outdirBNSBu32cores'
01:49 INFO    : Running for label 'Simu2019lm', output will be saved to 'outdirBNSBu32cores'
01:49 INFO    : Running for label 'Simu2019lm', output will be saved to 'outdirBNSBu32cores'
01:49 INFO    : Running for label 'Simu2019lm', output will be saved to 'outdirBNSBu32cores'
01:49 INFO    : Running for label 'Simu2019lm', output will be saved to 'outdirBNSBu32cores'
01:49 INFO    : Running for label 'Simu2019lm', output will be saved to 'outdirBNSBu32cores'
01:49 INFO    : Running for label 'Simu2019lm', output will be saved to 'outdirBNSBu32cores'
01:49 INFO    : Running for label 'Simu2019lm', output will be saved to 'outdirBNSBu32cores'
01:49 INFO    : Running for label 'Simu2019lm', output will be saved to 'outdirBNSBu32cores'
01:49 INFO    : Running for label 'Simu2019lm', output will be saved to 'outdirBNSBu32cores'
01:49 INFO    : Running for label 'Simu2019lm', output will be saved to 'outdirBNSBu32cores'
01:49 INFO    : Running for label 'Simu2019lm', output will be saved to 'outdirBNSBu32cores'
01:49 INFO    : Running for label 'Simu2019lm', output will be saved to 'outdirBNSBu32cores'
01:49 INFO    : Running for label 'Simu2019lm', output will be saved to 'outdirBNSBu32cores'
01:49 INFO    : Running for label 'Simu2019lm', output will be saved to 'outdirBNSBu32cores'
01:49 INFO    : Running for label 'Simu2019lm', output will be saved to 'outdirBNSBu32cores'
01:49 INFO    : Analysis priors:
01:49 INFO    : Analysis priors:
01:49 INFO    : Analysis priors:
01:49 INFO    : Analysis priors:
01:49 INFO    : Analysis priors:
01:49 INFO    : Analysis priors:
01:49 INFO    : Analysis priors:
01:49 INFO    : Analysis priors:
01:49 INFO    : Analysis priors:
01:49 INFO    : Analysis priors:
01:49 INFO    : Analysis priors:
01:49 INFO    : Analysis priors:
01:49 INFO    : Analysis priors:
01:49 INFO    : Analysis priors:
01:49 INFO    : Analysis priors:
01:49 INFO    : Analysis priors:
01:49 INFO    : Analysis priors:
01:49 INFO    : KNphi=Uniform(minimum=15.0, maximum=75.0, name='KNphi', latex_label='$\\Phi$', unit=None, boundary=None)
01:49 INFO    : KNphi=Uniform(minimum=15.0, maximum=75.0, name='KNphi', latex_label='$\\Phi$', unit=None, boundary=None)
01:49 INFO    : Analysis priors:
01:49 INFO    : Analysis priors:
01:49 INFO    : Analysis priors:
01:49 INFO    : Analysis priors:
01:49 INFO    : Analysis priors:
01:49 INFO    : Analysis priors:
01:49 INFO    : Analysis priors:
01:49 INFO    : Analysis priors:
01:49 INFO    : Analysis priors:
01:49 INFO    : KNphi=Uniform(minimum=15.0, maximum=75.0, name='KNphi', latex_label='$\\Phi$', unit=None, boundary=None)
01:49 INFO    : Analysis priors:
01:49 INFO    : Analysis priors:
01:49 INFO    : Analysis priors:
01:49 INFO    : Analysis priors:
01:49 INFO    : Analysis priors:
01:49 INFO    : Analysis priors:
01:49 INFO    : KNphi=Uniform(minimum=15.0, maximum=75.0, name='KNphi', latex_label='$\\Phi$', unit=None, boundary=None)
01:49 INFO    : KNphi=Uniform(minimum=15.0, maximum=75.0, name='KNphi', latex_label='$\\Phi$', unit=None, boundary=None)
01:49 INFO    : KNphi=Uniform(minimum=15.0, maximum=75.0, name='KNphi', latex_label='$\\Phi$', unit=None, boundary=None)
01:49 INFO    : log10_mej_dyn=Uniform(minimum=-3.0, maximum=-1.0, name='log10_mej_dyn', latex_label='$\\log_{10}M^{\\rm{dyn}}_{\\rm{ej}}$', unit=None, boundary='reflective')
01:49 INFO    : log10_mej_dyn=Uniform(minimum=-3.0, maximum=-1.0, name='log10_mej_dyn', latex_label='$\\log_{10}M^{\\rm{dyn}}_{\\rm{ej}}$', unit=None, boundary='reflective')
01:49 INFO    : KNphi=Uniform(minimum=15.0, maximum=75.0, name='KNphi', latex_label='$\\Phi$', unit=None, boundary=None)
01:49 INFO    : KNphi=Uniform(minimum=15.0, maximum=75.0, name='KNphi', latex_label='$\\Phi$', unit=None, boundary=None)
01:49 INFO    : KNphi=Uniform(minimum=15.0, maximum=75.0, name='KNphi', latex_label='$\\Phi$', unit=None, boundary=None)
01:49 INFO    : KNphi=Uniform(minimum=15.0, maximum=75.0, name='KNphi', latex_label='$\\Phi$', unit=None, boundary=None)
01:49 INFO    : KNphi=Uniform(minimum=15.0, maximum=75.0, name='KNphi', latex_label='$\\Phi$', unit=None, boundary=None)
01:49 INFO    : KNphi=Uniform(minimum=15.0, maximum=75.0, name='KNphi', latex_label='$\\Phi$', unit=None, boundary=None)
01:49 INFO    : KNphi=Uniform(minimum=15.0, maximum=75.0, name='KNphi', latex_label='$\\Phi$', unit=None, boundary=None)
01:49 INFO    : KNphi=Uniform(minimum=15.0, maximum=75.0, name='KNphi', latex_label='$\\Phi$', unit=None, boundary=None)
01:49 INFO    : KNphi=Uniform(minimum=15.0, maximum=75.0, name='KNphi', latex_label='$\\Phi$', unit=None, boundary=None)
01:49 INFO    : KNphi=Uniform(minimum=15.0, maximum=75.0, name='KNphi', latex_label='$\\Phi$', unit=None, boundary=None)
01:49 INFO    : KNphi=Uniform(minimum=15.0, maximum=75.0, name='KNphi', latex_label='$\\Phi$', unit=None, boundary=None)
01:49 INFO    : log10_mej_dyn=Uniform(minimum=-3.0, maximum=-1.0, name='log10_mej_dyn', latex_label='$\\log_{10}M^{\\rm{dyn}}_{\\rm{ej}}$', unit=None, boundary='reflective')
01:49 INFO    : log10_mej_dyn=Uniform(minimum=-3.0, maximum=-1.0, name='log10_mej_dyn', latex_label='$\\log_{10}M^{\\rm{dyn}}_{\\rm{ej}}$', unit=None, boundary='reflective')
01:49 INFO    : log10_mej_dyn=Uniform(minimum=-3.0, maximum=-1.0, name='log10_mej_dyn', latex_label='$\\log_{10}M^{\\rm{dyn}}_{\\rm{ej}}$', unit=None, boundary='reflective')
01:49 INFO    : log10_mej_wind=Uniform(minimum=-3.0, maximum=-0.5, name='log10_mej_wind', latex_label='$\\log_{10}M^{\\rm{wind}}_{\\rm{ej}}$', unit=None, boundary='reflective')
01:49 INFO    : log10_mej_wind=Uniform(minimum=-3.0, maximum=-0.5, name='log10_mej_wind', latex_label='$\\log_{10}M^{\\rm{wind}}_{\\rm{ej}}$', unit=None, boundary='reflective')
01:49 INFO    : log10_mej_dyn=Uniform(minimum=-3.0, maximum=-1.0, name='log10_mej_dyn', latex_label='$\\log_{10}M^{\\rm{dyn}}_{\\rm{ej}}$', unit=None, boundary='reflective')
01:49 INFO    : KNphi=Uniform(minimum=15.0, maximum=75.0, name='KNphi', latex_label='$\\Phi$', unit=None, boundary=None)
01:49 INFO    : KNphi=Uniform(minimum=15.0, maximum=75.0, name='KNphi', latex_label='$\\Phi$', unit=None, boundary=None)
01:49 INFO    : KNphi=Uniform(minimum=15.0, maximum=75.0, name='KNphi', latex_label='$\\Phi$', unit=None, boundary=None)
01:49 INFO    : KNphi=Uniform(minimum=15.0, maximum=75.0, name='KNphi', latex_label='$\\Phi$', unit=None, boundary=None)
01:49 INFO    : log10_mej_dyn=Uniform(minimum=-3.0, maximum=-1.0, name='log10_mej_dyn', latex_label='$\\log_{10}M^{\\rm{dyn}}_{\\rm{ej}}$', unit=None, boundary='reflective')
01:49 INFO    : KNphi=Uniform(minimum=15.0, maximum=75.0, name='KNphi', latex_label='$\\Phi$', unit=None, boundary=None)
01:49 INFO    : KNphi=Uniform(minimum=15.0, maximum=75.0, name='KNphi', latex_label='$\\Phi$', unit=None, boundary=None)
01:49 INFO    : KNphi=Uniform(minimum=15.0, maximum=75.0, name='KNphi', latex_label='$\\Phi$', unit=None, boundary=None)
01:49 INFO    : log10_mej_dyn=Uniform(minimum=-3.0, maximum=-1.0, name='log10_mej_dyn', latex_label='$\\log_{10}M^{\\rm{dyn}}_{\\rm{ej}}$', unit=None, boundary='reflective')
01:49 INFO    : log10_mej_dyn=Uniform(minimum=-3.0, maximum=-1.0, name='log10_mej_dyn', latex_label='$\\log_{10}M^{\\rm{dyn}}_{\\rm{ej}}$', unit=None, boundary='reflective')
01:49 INFO    : log10_mej_dyn=Uniform(minimum=-3.0, maximum=-1.0, name='log10_mej_dyn', latex_label='$\\log_{10}M^{\\rm{dyn}}_{\\rm{ej}}$', unit=None, boundary='reflective')
01:49 INFO    : KNphi=Uniform(minimum=15.0, maximum=75.0, name='KNphi', latex_label='$\\Phi$', unit=None, boundary=None)
01:49 INFO    : log10_mej_dyn=Uniform(minimum=-3.0, maximum=-1.0, name='log10_mej_dyn', latex_label='$\\log_{10}M^{\\rm{dyn}}_{\\rm{ej}}$', unit=None, boundary='reflective')
01:49 INFO    : log10_mej_wind=Uniform(minimum=-3.0, maximum=-0.5, name='log10_mej_wind', latex_label='$\\log_{10}M^{\\rm{wind}}_{\\rm{ej}}$', unit=None, boundary='reflective')
01:49 INFO    : log10_mej_dyn=Uniform(minimum=-3.0, maximum=-1.0, name='log10_mej_dyn', latex_label='$\\log_{10}M^{\\rm{dyn}}_{\\rm{ej}}$', unit=None, boundary='reflective')
01:49 INFO    : log10_mej_dyn=Uniform(minimum=-3.0, maximum=-1.0, name='log10_mej_dyn', latex_label='$\\log_{10}M^{\\rm{dyn}}_{\\rm{ej}}$', unit=None, boundary='reflective')
01:49 INFO    : log10_mej_dyn=Uniform(minimum=-3.0, maximum=-1.0, name='log10_mej_dyn', latex_label='$\\log_{10}M^{\\rm{dyn}}_{\\rm{ej}}$', unit=None, boundary='reflective')
01:49 INFO    : log10_mej_dyn=Uniform(minimum=-3.0, maximum=-1.0, name='log10_mej_dyn', latex_label='$\\log_{10}M^{\\rm{dyn}}_{\\rm{ej}}$', unit=None, boundary='reflective')
01:49 INFO    : log10_mej_dyn=Uniform(minimum=-3.0, maximum=-1.0, name='log10_mej_dyn', latex_label='$\\log_{10}M^{\\rm{dyn}}_{\\rm{ej}}$', unit=None, boundary='reflective')
01:49 INFO    : log10_mej_dyn=Uniform(minimum=-3.0, maximum=-1.0, name='log10_mej_dyn', latex_label='$\\log_{10}M^{\\rm{dyn}}_{\\rm{ej}}$', unit=None, boundary='reflective')
01:49 INFO    : KNphi=Uniform(minimum=15.0, maximum=75.0, name='KNphi', latex_label='$\\Phi$', unit=None, boundary=None)
01:49 INFO    : KNphi=Uniform(minimum=15.0, maximum=75.0, name='KNphi', latex_label='$\\Phi$', unit=None, boundary=None)
01:49 INFO    : KNphi=Uniform(minimum=15.0, maximum=75.0, name='KNphi', latex_label='$\\Phi$', unit=None, boundary=None)
01:49 INFO    : KNphi=Uniform(minimum=15.0, maximum=75.0, name='KNphi', latex_label='$\\Phi$', unit=None, boundary=None)
01:49 INFO    : KNphi=Uniform(minimum=15.0, maximum=75.0, name='KNphi', latex_label='$\\Phi$', unit=None, boundary=None)
01:49 INFO    : KNphi=Uniform(minimum=15.0, maximum=75.0, name='KNphi', latex_label='$\\Phi$', unit=None, boundary=None)
01:49 INFO    : log10_mej_wind=Uniform(minimum=-3.0, maximum=-0.5, name='log10_mej_wind', latex_label='$\\log_{10}M^{\\rm{wind}}_{\\rm{ej}}$', unit=None, boundary='reflective')
01:49 INFO    : log10_mej_wind=Uniform(minimum=-3.0, maximum=-0.5, name='log10_mej_wind', latex_label='$\\log_{10}M^{\\rm{wind}}_{\\rm{ej}}$', unit=None, boundary='reflective')
01:49 INFO    : log10_mej_wind=Uniform(minimum=-3.0, maximum=-0.5, name='log10_mej_wind', latex_label='$\\log_{10}M^{\\rm{wind}}_{\\rm{ej}}$', unit=None, boundary='reflective')
01:49 INFO    : inclination_EM=Sine(minimum=0.0, maximum=1.5707963267948966, name='inclination_EM', latex_label='$\\iota$', unit=None, boundary=None)
01:49 INFO    : inclination_EM=Sine(minimum=0.0, maximum=1.5707963267948966, name='inclination_EM', latex_label='$\\iota$', unit=None, boundary=None)
01:49 INFO    : log10_mej_dyn=Uniform(minimum=-3.0, maximum=-1.0, name='log10_mej_dyn', latex_label='$\\log_{10}M^{\\rm{dyn}}_{\\rm{ej}}$', unit=None, boundary='reflective')
01:49 INFO    : log10_mej_wind=Uniform(minimum=-3.0, maximum=-0.5, name='log10_mej_wind', latex_label='$\\log_{10}M^{\\rm{wind}}_{\\rm{ej}}$', unit=None, boundary='reflective')
01:49 INFO    : log10_mej_dyn=Uniform(minimum=-3.0, maximum=-1.0, name='log10_mej_dyn', latex_label='$\\log_{10}M^{\\rm{dyn}}_{\\rm{ej}}$', unit=None, boundary='reflective')
01:49 INFO    : log10_mej_dyn=Uniform(minimum=-3.0, maximum=-1.0, name='log10_mej_dyn', latex_label='$\\log_{10}M^{\\rm{dyn}}_{\\rm{ej}}$', unit=None, boundary='reflective')
01:49 INFO    : log10_mej_dyn=Uniform(minimum=-3.0, maximum=-1.0, name='log10_mej_dyn', latex_label='$\\log_{10}M^{\\rm{dyn}}_{\\rm{ej}}$', unit=None, boundary='reflective')
01:49 INFO    : log10_mej_dyn=Uniform(minimum=-3.0, maximum=-1.0, name='log10_mej_dyn', latex_label='$\\log_{10}M^{\\rm{dyn}}_{\\rm{ej}}$', unit=None, boundary='reflective')
01:49 INFO    : log10_mej_dyn=Uniform(minimum=-3.0, maximum=-1.0, name='log10_mej_dyn', latex_label='$\\log_{10}M^{\\rm{dyn}}_{\\rm{ej}}$', unit=None, boundary='reflective')
01:49 INFO    : log10_mej_wind=Uniform(minimum=-3.0, maximum=-0.5, name='log10_mej_wind', latex_label='$\\log_{10}M^{\\rm{wind}}_{\\rm{ej}}$', unit=None, boundary='reflective')
01:49 INFO    : log10_mej_wind=Uniform(minimum=-3.0, maximum=-0.5, name='log10_mej_wind', latex_label='$\\log_{10}M^{\\rm{wind}}_{\\rm{ej}}$', unit=None, boundary='reflective')
01:49 INFO    : log10_mej_wind=Uniform(minimum=-3.0, maximum=-0.5, name='log10_mej_wind', latex_label='$\\log_{10}M^{\\rm{wind}}_{\\rm{ej}}$', unit=None, boundary='reflective')
01:49 INFO    : log10_mej_dyn=Uniform(minimum=-3.0, maximum=-1.0, name='log10_mej_dyn', latex_label='$\\log_{10}M^{\\rm{dyn}}_{\\rm{ej}}$', unit=None, boundary='reflective')
01:49 INFO    : log10_mej_wind=Uniform(minimum=-3.0, maximum=-0.5, name='log10_mej_wind', latex_label='$\\log_{10}M^{\\rm{wind}}_{\\rm{ej}}$', unit=None, boundary='reflective')
01:49 INFO    : log10_mej_wind=Uniform(minimum=-3.0, maximum=-0.5, name='log10_mej_wind', latex_label='$\\log_{10}M^{\\rm{wind}}_{\\rm{ej}}$', unit=None, boundary='reflective')
01:49 INFO    : log10_mej_wind=Uniform(minimum=-3.0, maximum=-0.5, name='log10_mej_wind', latex_label='$\\log_{10}M^{\\rm{wind}}_{\\rm{ej}}$', unit=None, boundary='reflective')
01:49 INFO    : log10_mej_wind=Uniform(minimum=-3.0, maximum=-0.5, name='log10_mej_wind', latex_label='$\\log_{10}M^{\\rm{wind}}_{\\rm{ej}}$', unit=None, boundary='reflective')
01:49 INFO    : log10_mej_wind=Uniform(minimum=-3.0, maximum=-0.5, name='log10_mej_wind', latex_label='$\\log_{10}M^{\\rm{wind}}_{\\rm{ej}}$', unit=None, boundary='reflective')
01:49 INFO    : log10_mej_dyn=Uniform(minimum=-3.0, maximum=-1.0, name='log10_mej_dyn', latex_label='$\\log_{10}M^{\\rm{dyn}}_{\\rm{ej}}$', unit=None, boundary='reflective')
01:49 INFO    : log10_mej_wind=Uniform(minimum=-3.0, maximum=-0.5, name='log10_mej_wind', latex_label='$\\log_{10}M^{\\rm{wind}}_{\\rm{ej}}$', unit=None, boundary='reflective')
01:49 INFO    : log10_mej_wind=Uniform(minimum=-3.0, maximum=-0.5, name='log10_mej_wind', latex_label='$\\log_{10}M^{\\rm{wind}}_{\\rm{ej}}$', unit=None, boundary='reflective')
01:49 INFO    : inclination_EM=Sine(minimum=0.0, maximum=1.5707963267948966, name='inclination_EM', latex_label='$\\iota$', unit=None, boundary=None)
01:49 INFO    : log10_mej_dyn=Uniform(minimum=-3.0, maximum=-1.0, name='log10_mej_dyn', latex_label='$\\log_{10}M^{\\rm{dyn}}_{\\rm{ej}}$', unit=None, boundary='reflective')
01:49 INFO    : log10_mej_dyn=Uniform(minimum=-3.0, maximum=-1.0, name='log10_mej_dyn', latex_label='$\\log_{10}M^{\\rm{dyn}}_{\\rm{ej}}$', unit=None, boundary='reflective')
01:49 INFO    : log10_mej_dyn=Uniform(minimum=-3.0, maximum=-1.0, name='log10_mej_dyn', latex_label='$\\log_{10}M^{\\rm{dyn}}_{\\rm{ej}}$', unit=None, boundary='reflective')
01:49 INFO    : log10_mej_dyn=Uniform(minimum=-3.0, maximum=-1.0, name='log10_mej_dyn', latex_label='$\\log_{10}M^{\\rm{dyn}}_{\\rm{ej}}$', unit=None, boundary='reflective')
01:49 INFO    : log10_mej_dyn=Uniform(minimum=-3.0, maximum=-1.0, name='log10_mej_dyn', latex_label='$\\log_{10}M^{\\rm{dyn}}_{\\rm{ej}}$', unit=None, boundary='reflective')
01:49 INFO    : inclination_EM=Sine(minimum=0.0, maximum=1.5707963267948966, name='inclination_EM', latex_label='$\\iota$', unit=None, boundary=None)
01:49 INFO    : log10_mej_dyn=Uniform(minimum=-3.0, maximum=-1.0, name='log10_mej_dyn', latex_label='$\\log_{10}M^{\\rm{dyn}}_{\\rm{ej}}$', unit=None, boundary='reflective')
01:49 INFO    : inclination_EM=Sine(minimum=0.0, maximum=1.5707963267948966, name='inclination_EM', latex_label='$\\iota$', unit=None, boundary=None)
01:49 INFO    : luminosity_distance=LogUniform(minimum=1, maximum=500, name='luminosity_distance', latex_label='$D_L$', unit=None, boundary=None)
01:49 INFO    : luminosity_distance=LogUniform(minimum=1, maximum=500, name='luminosity_distance', latex_label='$D_L$', unit=None, boundary=None)
01:49 INFO    : inclination_EM=Sine(minimum=0.0, maximum=1.5707963267948966, name='inclination_EM', latex_label='$\\iota$', unit=None, boundary=None)
01:49 INFO    : log10_mej_wind=Uniform(minimum=-3.0, maximum=-0.5, name='log10_mej_wind', latex_label='$\\log_{10}M^{\\rm{wind}}_{\\rm{ej}}$', unit=None, boundary='reflective')
01:49 INFO    : log10_mej_wind=Uniform(minimum=-3.0, maximum=-0.5, name='log10_mej_wind', latex_label='$\\log_{10}M^{\\rm{wind}}_{\\rm{ej}}$', unit=None, boundary='reflective')
01:49 INFO    : log10_mej_wind=Uniform(minimum=-3.0, maximum=-0.5, name='log10_mej_wind', latex_label='$\\log_{10}M^{\\rm{wind}}_{\\rm{ej}}$', unit=None, boundary='reflective')
01:49 INFO    : log10_mej_wind=Uniform(minimum=-3.0, maximum=-0.5, name='log10_mej_wind', latex_label='$\\log_{10}M^{\\rm{wind}}_{\\rm{ej}}$', unit=None, boundary='reflective')
01:49 INFO    : inclination_EM=Sine(minimum=0.0, maximum=1.5707963267948966, name='inclination_EM', latex_label='$\\iota$', unit=None, boundary=None)
01:49 INFO    : timeshift=0.0
01:49 INFO    : log10_mej_wind=Uniform(minimum=-3.0, maximum=-0.5, name='log10_mej_wind', latex_label='$\\log_{10}M^{\\rm{wind}}_{\\rm{ej}}$', unit=None, boundary='reflective')
01:49 INFO    : log10_mej_wind=Uniform(minimum=-3.0, maximum=-0.5, name='log10_mej_wind', latex_label='$\\log_{10}M^{\\rm{wind}}_{\\rm{ej}}$', unit=None, boundary='reflective')
01:49 INFO    : timeshift=0.0
01:49 INFO    : log10_mej_wind=Uniform(minimum=-3.0, maximum=-0.5, name='log10_mej_wind', latex_label='$\\log_{10}M^{\\rm{wind}}_{\\rm{ej}}$', unit=None, boundary='reflective')
01:49 INFO    : log10_mej_wind=Uniform(minimum=-3.0, maximum=-0.5, name='log10_mej_wind', latex_label='$\\log_{10}M^{\\rm{wind}}_{\\rm{ej}}$', unit=None, boundary='reflective')
01:49 INFO    : inclination_EM=Sine(minimum=0.0, maximum=1.5707963267948966, name='inclination_EM', latex_label='$\\iota$', unit=None, boundary=None)
01:49 INFO    : inclination_EM=Sine(minimum=0.0, maximum=1.5707963267948966, name='inclination_EM', latex_label='$\\iota$', unit=None, boundary=None)
01:49 INFO    : log10_mej_wind=Uniform(minimum=-3.0, maximum=-0.5, name='log10_mej_wind', latex_label='$\\log_{10}M^{\\rm{wind}}_{\\rm{ej}}$', unit=None, boundary='reflective')
01:49 INFO    : inclination_EM=Sine(minimum=0.0, maximum=1.5707963267948966, name='inclination_EM', latex_label='$\\iota$', unit=None, boundary=None)
01:49 INFO    : inclination_EM=Sine(minimum=0.0, maximum=1.5707963267948966, name='inclination_EM', latex_label='$\\iota$', unit=None, boundary=None)
01:49 INFO    : inclination_EM=Sine(minimum=0.0, maximum=1.5707963267948966, name='inclination_EM', latex_label='$\\iota$', unit=None, boundary=None)
01:49 INFO    : em_syserr=1.0
01:49 INFO    : inclination_EM=Sine(minimum=0.0, maximum=1.5707963267948966, name='inclination_EM', latex_label='$\\iota$', unit=None, boundary=None)
01:49 INFO    : inclination_EM=Sine(minimum=0.0, maximum=1.5707963267948966, name='inclination_EM', latex_label='$\\iota$', unit=None, boundary=None)
01:49 INFO    : inclination_EM=Sine(minimum=0.0, maximum=1.5707963267948966, name='inclination_EM', latex_label='$\\iota$', unit=None, boundary=None)
01:49 INFO    : em_syserr=1.0
01:49 INFO    : inclination_EM=Sine(minimum=0.0, maximum=1.5707963267948966, name='inclination_EM', latex_label='$\\iota$', unit=None, boundary=None)
01:49 INFO    : inclination_EM=Sine(minimum=0.0, maximum=1.5707963267948966, name='inclination_EM', latex_label='$\\iota$', unit=None, boundary=None)
01:49 INFO    : log10_mej_wind=Uniform(minimum=-3.0, maximum=-0.5, name='log10_mej_wind', latex_label='$\\log_{10}M^{\\rm{wind}}_{\\rm{ej}}$', unit=None, boundary='reflective')
01:49 INFO    : luminosity_distance=LogUniform(minimum=1, maximum=500, name='luminosity_distance', latex_label='$D_L$', unit=None, boundary=None)
01:49 INFO    : log10_mej_wind=Uniform(minimum=-3.0, maximum=-0.5, name='log10_mej_wind', latex_label='$\\log_{10}M^{\\rm{wind}}_{\\rm{ej}}$', unit=None, boundary='reflective')
01:49 INFO    : log10_mej_wind=Uniform(minimum=-3.0, maximum=-0.5, name='log10_mej_wind', latex_label='$\\log_{10}M^{\\rm{wind}}_{\\rm{ej}}$', unit=None, boundary='reflective')
01:49 INFO    : log10_mej_wind=Uniform(minimum=-3.0, maximum=-0.5, name='log10_mej_wind', latex_label='$\\log_{10}M^{\\rm{wind}}_{\\rm{ej}}$', unit=None, boundary='reflective')
01:49 INFO    : Ebv=0.0
01:49 INFO    : log10_mej_wind=Uniform(minimum=-3.0, maximum=-0.5, name='log10_mej_wind', latex_label='$\\log_{10}M^{\\rm{wind}}_{\\rm{ej}}$', unit=None, boundary='reflective')
01:49 INFO    : luminosity_distance=LogUniform(minimum=1, maximum=500, name='luminosity_distance', latex_label='$D_L$', unit=None, boundary=None)
01:49 INFO    : Ebv=0.0
01:49 INFO    : luminosity_distance=LogUniform(minimum=1, maximum=500, name='luminosity_distance', latex_label='$D_L$', unit=None, boundary=None)
01:49 INFO    : luminosity_distance=LogUniform(minimum=1, maximum=500, name='luminosity_distance', latex_label='$D_L$', unit=None, boundary=None)
01:49 INFO    : inclination_EM=Sine(minimum=0.0, maximum=1.5707963267948966, name='inclination_EM', latex_label='$\\iota$', unit=None, boundary=None)
01:49 INFO    : timeshift=0.0
01:49 INFO    : Analysis likelihood class: <class 'nmma.em.likelihood.OpticalLightCurve'>
01:49 INFO    : inclination_EM=Sine(minimum=0.0, maximum=1.5707963267948966, name='inclination_EM', latex_label='$\\iota$', unit=None, boundary=None)
01:49 INFO    : Analysis likelihood class: <class 'nmma.em.likelihood.OpticalLightCurve'>
01:49 INFO    : timeshift=0.0
01:49 INFO    : inclination_EM=Sine(minimum=0.0, maximum=1.5707963267948966, name='inclination_EM', latex_label='$\\iota$', unit=None, boundary=None)
01:49 INFO    : inclination_EM=Sine(minimum=0.0, maximum=1.5707963267948966, name='inclination_EM', latex_label='$\\iota$', unit=None, boundary=None)
01:49 INFO    : timeshift=0.0
01:49 INFO    : luminosity_distance=LogUniform(minimum=1, maximum=500, name='luminosity_distance', latex_label='$D_L$', unit=None, boundary=None)
01:49 INFO    : em_syserr=1.0
01:49 INFO    : inclination_EM=Sine(minimum=0.0, maximum=1.5707963267948966, name='inclination_EM', latex_label='$\\iota$', unit=None, boundary=None)
01:49 INFO    : inclination_EM=Sine(minimum=0.0, maximum=1.5707963267948966, name='inclination_EM', latex_label='$\\iota$', unit=None, boundary=None)
01:49 INFO    : timeshift=0.0
01:49 INFO    : Analysis likelihood noise evidence: 0.0
01:49 INFO    : inclination_EM=Sine(minimum=0.0, maximum=1.5707963267948966, name='inclination_EM', latex_label='$\\iota$', unit=None, boundary=None)
01:49 INFO    : Analysis likelihood noise evidence: 0.0
01:49 INFO    : em_syserr=1.0
01:49 INFO    : inclination_EM=Sine(minimum=0.0, maximum=1.5707963267948966, name='inclination_EM', latex_label='$\\iota$', unit=None, boundary=None)
01:49 INFO    : luminosity_distance=LogUniform(minimum=1, maximum=500, name='luminosity_distance', latex_label='$D_L$', unit=None, boundary=None)
01:49 INFO    : luminosity_distance=LogUniform(minimum=1, maximum=500, name='luminosity_distance', latex_label='$D_L$', unit=None, boundary=None)
01:49 INFO    : inclination_EM=Sine(minimum=0.0, maximum=1.5707963267948966, name='inclination_EM', latex_label='$\\iota$', unit=None, boundary=None)
01:49 INFO    : em_syserr=1.0
01:49 INFO    : luminosity_distance=LogUniform(minimum=1, maximum=500, name='luminosity_distance', latex_label='$D_L$', unit=None, boundary=None)
01:49 INFO    : Ebv=0.0
01:49 INFO    : luminosity_distance=LogUniform(minimum=1, maximum=500, name='luminosity_distance', latex_label='$D_L$', unit=None, boundary=None)
01:49 INFO    : luminosity_distance=LogUniform(minimum=1, maximum=500, name='luminosity_distance', latex_label='$D_L$', unit=None, boundary=None)
01:49 INFO    : luminosity_distance=LogUniform(minimum=1, maximum=500, name='luminosity_distance', latex_label='$D_L$', unit=None, boundary=None)
01:49 INFO    : timeshift=0.0
01:49 INFO    : em_syserr=1.0
01:49 INFO    : luminosity_distance=LogUniform(minimum=1, maximum=500, name='luminosity_distance', latex_label='$D_L$', unit=None, boundary=None)
01:49 INFO    : luminosity_distance=LogUniform(minimum=1, maximum=500, name='luminosity_distance', latex_label='$D_L$', unit=None, boundary=None)
01:49 INFO    : luminosity_distance=LogUniform(minimum=1, maximum=500, name='luminosity_distance', latex_label='$D_L$', unit=None, boundary=None)
01:49 INFO    : Ebv=0.0
01:49 INFO    : Ebv=0.0
01:49 INFO    : inclination_EM=Sine(minimum=0.0, maximum=1.5707963267948966, name='inclination_EM', latex_label='$\\iota$', unit=None, boundary=None)
01:49 INFO    : luminosity_distance=LogUniform(minimum=1, maximum=500, name='luminosity_distance', latex_label='$D_L$', unit=None, boundary=None)
01:49 INFO    : timeshift=0.0
01:49 INFO    : timeshift=0.0
01:49 INFO    : inclination_EM=Sine(minimum=0.0, maximum=1.5707963267948966, name='inclination_EM', latex_label='$\\iota$', unit=None, boundary=None)
01:49 INFO    : inclination_EM=Sine(minimum=0.0, maximum=1.5707963267948966, name='inclination_EM', latex_label='$\\iota$', unit=None, boundary=None)
01:49 INFO    : inclination_EM=Sine(minimum=0.0, maximum=1.5707963267948966, name='inclination_EM', latex_label='$\\iota$', unit=None, boundary=None)
01:49 INFO    : Analysis likelihood class: <class 'nmma.em.likelihood.OpticalLightCurve'>
01:49 INFO    : inclination_EM=Sine(minimum=0.0, maximum=1.5707963267948966, name='inclination_EM', latex_label='$\\iota$', unit=None, boundary=None)
01:49 INFO    : timeshift=0.0
01:49 INFO    : em_syserr=1.0
01:49 INFO    : timeshift=0.0
01:49 INFO    : timeshift=0.0
01:49 INFO    : Ebv=0.0
01:49 INFO    : timeshift=0.0
01:49 INFO    : luminosity_distance=LogUniform(minimum=1, maximum=500, name='luminosity_distance', latex_label='$D_L$', unit=None, boundary=None)
01:49 INFO    : Analysis likelihood class: <class 'nmma.em.likelihood.OpticalLightCurve'>
01:49 INFO    : Analysis likelihood class: <class 'nmma.em.likelihood.OpticalLightCurve'>
01:49 INFO    : timeshift=0.0
01:49 INFO    : timeshift=0.0
01:49 INFO    : timeshift=0.0
01:49 INFO    : em_syserr=1.0
01:49 INFO    : em_syserr=1.0
01:49 INFO    : timeshift=0.0
01:49 INFO    : luminosity_distance=LogUniform(minimum=1, maximum=500, name='luminosity_distance', latex_label='$D_L$', unit=None, boundary=None)
01:49 INFO    : Analysis likelihood noise evidence: 0.0
01:49 INFO    : Ebv=0.0
01:49 INFO    : luminosity_distance=LogUniform(minimum=1, maximum=500, name='luminosity_distance', latex_label='$D_L$', unit=None, boundary=None)
01:49 INFO    : em_syserr=1.0
01:49 INFO    : em_syserr=1.0
01:49 INFO    : em_syserr=1.0
01:49 INFO    : luminosity_distance=LogUniform(minimum=1, maximum=500, name='luminosity_distance', latex_label='$D_L$', unit=None, boundary=None)
01:49 INFO    : em_syserr=1.0
01:49 INFO    : Analysis likelihood class: <class 'nmma.em.likelihood.OpticalLightCurve'>
01:49 INFO    : timeshift=0.0
01:49 INFO    : luminosity_distance=LogUniform(minimum=1, maximum=500, name='luminosity_distance', latex_label='$D_L$', unit=None, boundary=None)
01:49 INFO    : em_syserr=1.0
01:49 INFO    : Analysis likelihood noise evidence: 0.0
01:49 INFO    : em_syserr=1.0
01:49 INFO    : em_syserr=1.0
01:49 INFO    : Ebv=0.0
01:49 INFO    : Ebv=0.0
01:49 INFO    : Analysis likelihood noise evidence: 0.0
01:49 INFO    : luminosity_distance=LogUniform(minimum=1, maximum=500, name='luminosity_distance', latex_label='$D_L$', unit=None, boundary=None)
01:49 INFO    : luminosity_distance=LogUniform(minimum=1, maximum=500, name='luminosity_distance', latex_label='$D_L$', unit=None, boundary=None)
01:49 INFO    : em_syserr=1.0
01:49 INFO    : Ebv=0.0
01:49 INFO    : timeshift=0.0
01:49 INFO    : Analysis likelihood class: <class 'nmma.em.likelihood.OpticalLightCurve'>
01:49 INFO    : Ebv=0.0
01:49 INFO    : Ebv=0.0
01:49 INFO    : luminosity_distance=LogUniform(minimum=1, maximum=500, name='luminosity_distance', latex_label='$D_L$', unit=None, boundary=None)
01:49 INFO    : luminosity_distance=LogUniform(minimum=1, maximum=500, name='luminosity_distance', latex_label='$D_L$', unit=None, boundary=None)
01:49 INFO    : Ebv=0.0
01:49 INFO    : timeshift=0.0
01:49 INFO    : timeshift=0.0
01:49 INFO    : em_syserr=1.0
01:49 INFO    : Analysis likelihood noise evidence: 0.0
01:49 INFO    : Ebv=0.0
01:49 INFO    : Ebv=0.0
01:49 INFO    : Ebv=0.0
01:49 INFO    : timeshift=0.0
01:49 INFO    : Analysis likelihood class: <class 'nmma.em.likelihood.OpticalLightCurve'>
01:49 INFO    : Analysis likelihood class: <class 'nmma.em.likelihood.OpticalLightCurve'>
01:49 INFO    : Ebv=0.0
01:49 INFO    : luminosity_distance=LogUniform(minimum=1, maximum=500, name='luminosity_distance', latex_label='$D_L$', unit=None, boundary=None)
01:49 INFO    : em_syserr=1.0
01:49 INFO    : timeshift=0.0
01:49 INFO    : Analysis likelihood class: <class 'nmma.em.likelihood.OpticalLightCurve'>
01:49 INFO    : timeshift=0.0
01:49 INFO    : Analysis likelihood noise evidence: 0.0
01:49 INFO    : Analysis likelihood class: <class 'nmma.em.likelihood.OpticalLightCurve'>
01:49 INFO    : Analysis likelihood class: <class 'nmma.em.likelihood.OpticalLightCurve'>
01:49 INFO    : luminosity_distance=LogUniform(minimum=1, maximum=500, name='luminosity_distance', latex_label='$D_L$', unit=None, boundary=None)
01:49 INFO    : timeshift=0.0
01:49 INFO    : em_syserr=1.0
01:49 INFO    : em_syserr=1.0
01:49 INFO    : timeshift=0.0
01:49 INFO    : luminosity_distance=LogUniform(minimum=1, maximum=500, name='luminosity_distance', latex_label='$D_L$', unit=None, boundary=None)
01:49 INFO    : Analysis likelihood class: <class 'nmma.em.likelihood.OpticalLightCurve'>
01:49 INFO    : Analysis likelihood class: <class 'nmma.em.likelihood.OpticalLightCurve'>
01:49 INFO    : em_syserr=1.0
01:49 INFO    : Ebv=0.0
01:49 INFO    : luminosity_distance=LogUniform(minimum=1, maximum=500, name='luminosity_distance', latex_label='$D_L$', unit=None, boundary=None)
01:49 INFO    : luminosity_distance=LogUniform(minimum=1, maximum=500, name='luminosity_distance', latex_label='$D_L$', unit=None, boundary=None)
01:49 INFO    : Analysis likelihood class: <class 'nmma.em.likelihood.OpticalLightCurve'>
01:49 INFO    : Analysis likelihood class: <class 'nmma.em.likelihood.OpticalLightCurve'>
01:49 INFO    : Analysis likelihood noise evidence: 0.0
01:49 INFO    : Analysis likelihood noise evidence: 0.0
01:49 INFO    : Analysis likelihood class: <class 'nmma.em.likelihood.OpticalLightCurve'>
01:49 INFO    : Ebv=0.0
01:49 INFO    : em_syserr=1.0
01:49 INFO    : timeshift=0.0
01:49 INFO    : Analysis likelihood noise evidence: 0.0
01:49 INFO    : em_syserr=1.0
01:49 INFO    : Analysis likelihood noise evidence: 0.0
01:49 INFO    : em_syserr=1.0
01:49 INFO    : Ebv=0.0
01:49 INFO    : Ebv=0.0
01:49 INFO    : Analysis likelihood noise evidence: 0.0
01:49 INFO    : em_syserr=1.0
01:49 INFO    : timeshift=0.0
01:49 INFO    : Ebv=0.0
01:49 INFO    : timeshift=0.0
01:49 INFO    : Analysis likelihood noise evidence: 0.0
01:49 INFO    : Analysis likelihood class: <class 'nmma.em.likelihood.OpticalLightCurve'>
01:49 INFO    : Analysis likelihood noise evidence: 0.0
01:49 INFO    : Analysis likelihood noise evidence: 0.0
01:49 INFO    : timeshift=0.0
01:49 INFO    : Analysis likelihood noise evidence: 0.0
01:49 INFO    : timeshift=0.0
01:49 INFO    : Ebv=0.0
01:49 INFO    : Analysis likelihood noise evidence: 0.0
01:49 INFO    : em_syserr=1.0
01:49 INFO    : Analysis likelihood class: <class 'nmma.em.likelihood.OpticalLightCurve'>
01:49 INFO    : Ebv=0.0
01:49 INFO    : Ebv=0.0
01:49 INFO    : Analysis likelihood class: <class 'nmma.em.likelihood.OpticalLightCurve'>
01:49 INFO    : Analysis likelihood class: <class 'nmma.em.likelihood.OpticalLightCurve'>
01:49 INFO    : Ebv=0.0
01:49 INFO    : em_syserr=1.0
01:49 INFO    : Analysis likelihood class: <class 'nmma.em.likelihood.OpticalLightCurve'>
01:49 INFO    : em_syserr=1.0
01:49 INFO    : em_syserr=1.0
01:49 INFO    : Analysis likelihood noise evidence: 0.0
01:49 INFO    : em_syserr=1.0
01:49 INFO    : Analysis likelihood class: <class 'nmma.em.likelihood.OpticalLightCurve'>
01:49 INFO    : Ebv=0.0
01:49 INFO    : Analysis likelihood class: <class 'nmma.em.likelihood.OpticalLightCurve'>
01:49 INFO    : Analysis likelihood noise evidence: 0.0
01:49 INFO    : Analysis likelihood class: <class 'nmma.em.likelihood.OpticalLightCurve'>
01:49 INFO    : Analysis likelihood noise evidence: 0.0
01:49 INFO    : Analysis likelihood class: <class 'nmma.em.likelihood.OpticalLightCurve'>
01:49 INFO    : Ebv=0.0
01:49 INFO    : Analysis likelihood noise evidence: 0.0
01:49 INFO    : Ebv=0.0
01:49 INFO    : Analysis likelihood noise evidence: 0.0
01:49 INFO    : Ebv=0.0
01:49 INFO    : Ebv=0.0
01:49 INFO    : Analysis likelihood class: <class 'nmma.em.likelihood.OpticalLightCurve'>
01:49 INFO    : Analysis likelihood noise evidence: 0.0
01:49 INFO    : Analysis likelihood noise evidence: 0.0
01:49 INFO    : Analysis likelihood noise evidence: 0.0
01:49 INFO    : Analysis likelihood noise evidence: 0.0
01:49 INFO    : Analysis likelihood class: <class 'nmma.em.likelihood.OpticalLightCurve'>
01:49 INFO    : Analysis likelihood class: <class 'nmma.em.likelihood.OpticalLightCurve'>
01:49 INFO    : Analysis likelihood class: <class 'nmma.em.likelihood.OpticalLightCurve'>
01:49 INFO    : Analysis likelihood class: <class 'nmma.em.likelihood.OpticalLightCurve'>
01:49 INFO    : Analysis likelihood noise evidence: 0.0
01:49 INFO    : Analysis likelihood noise evidence: 0.0
01:49 INFO    : Analysis likelihood noise evidence: 0.0
01:49 INFO    : Analysis likelihood noise evidence: 0.0
01:49 INFO    : Analysis likelihood noise evidence: 0.0
01:49 INFO    : KNphi=Uniform(minimum=15.0, maximum=75.0, name='KNphi', latex_label='$\\Phi$', unit=None, boundary=None)
01:49 INFO    : log10_mej_dyn=Uniform(minimum=-3.0, maximum=-1.0, name='log10_mej_dyn', latex_label='$\\log_{10}M^{\\rm{dyn}}_{\\rm{ej}}$', unit=None, boundary='reflective')
01:49 INFO    : log10_mej_wind=Uniform(minimum=-3.0, maximum=-0.5, name='log10_mej_wind', latex_label='$\\log_{10}M^{\\rm{wind}}_{\\rm{ej}}$', unit=None, boundary='reflective')
01:49 INFO    : inclination_EM=Sine(minimum=0.0, maximum=1.5707963267948966, name='inclination_EM', latex_label='$\\iota$', unit=None, boundary=None)
01:49 INFO    : luminosity_distance=LogUniform(minimum=1, maximum=500, name='luminosity_distance', latex_label='$D_L$', unit=None, boundary=None)
01:49 INFO    : timeshift=0.0
01:49 INFO    : em_syserr=1.0
01:49 INFO    : Ebv=0.0
01:49 INFO    : Analysis likelihood class: <class 'nmma.em.likelihood.OpticalLightCurve'>
01:49 INFO    : Analysis likelihood noise evidence: 0.0
01:50 INFO    : Single likelihood evaluation took 3.571e-01 s
01:50 INFO    : Single likelihood evaluation took 3.591e-01 s
01:50 INFO    : Single likelihood evaluation took 3.599e-01 s
01:50 INFO    : Single likelihood evaluation took 3.599e-01 s
01:50 INFO    : Single likelihood evaluation took 3.602e-01 s
01:50 INFO    : Single likelihood evaluation took 3.607e-01 s
01:50 INFO    : Single likelihood evaluation took 3.607e-01 s
01:50 INFO    : Single likelihood evaluation took 3.607e-01 s
01:50 WARNING : Supplied argument 'queue_size' not an argument of 'Pymultinest', removing.
01:50 WARNING : Supplied argument 'check_point_delta_t' not an argument of 'Pymultinest', removing.
01:50 INFO    : Using sampler Pymultinest with kwargs {'importance_nested_sampling': False, 'resume': True, 'verbose': True, 'sampling_efficiency': 'parameter', 'n_live_points': 2048, 'n_params': 5, 'n_clustering_params': None, 'wrapped_params': None, 'multimodal': True, 'const_efficiency_mode': False, 'evidence_tolerance': 0.5, 'n_iter_before_update': 100, 'null_log_evidence': -1e+90, 'max_modes': 100, 'mode_tolerance': -1e+90, 'seed': 42, 'context': 0, 'write_output': True, 'log_zero': -1e+100, 'max_iter': 0, 'init_MPI': False, 'dump_callback': <bound method Pymultinest._dump_callback of <bilby.core.sampler.pymultinest.Pymultinest object at 0x1555017bfeb0>>}
01:50 INFO    : Temporary directory incompatible with MPI, will run in original directory
01:50 INFO    : Single likelihood evaluation took 3.608e-01 s
01:50 INFO    : Using output file outdirBNSBu32cores/pm_Simu2019lm/
01:50 INFO    : Single likelihood evaluation took 3.615e-01 s
01:50 INFO    : Single likelihood evaluation took 3.616e-01 s
01:50 WARNING : Supplied argument 'queue_size' not an argument of 'Pymultinest', removing.
01:50 WARNING : Supplied argument 'check_point_delta_t' not an argument of 'Pymultinest', removing.
01:50 INFO    : Using sampler Pymultinest with kwargs {'importance_nested_sampling': False, 'resume': True, 'verbose': True, 'sampling_efficiency': 'parameter', 'n_live_points': 2048, 'n_params': 5, 'n_clustering_params': None, 'wrapped_params': None, 'multimodal': True, 'const_efficiency_mode': False, 'evidence_tolerance': 0.5, 'n_iter_before_update': 100, 'null_log_evidence': -1e+90, 'max_modes': 100, 'mode_tolerance': -1e+90, 'seed': 42, 'context': 0, 'write_output': True, 'log_zero': -1e+100, 'max_iter': 0, 'init_MPI': False, 'dump_callback': <bound method Pymultinest._dump_callback of <bilby.core.sampler.pymultinest.Pymultinest object at 0x1555017bbee0>>}
01:50 INFO    : Single likelihood evaluation took 3.623e-01 s
01:50 INFO    : Temporary directory incompatible with MPI, will run in original directory
01:50 INFO    : Using output file outdirBNSBu32cores/pm_Simu2019lm/
01:50 INFO    : Single likelihood evaluation took 3.626e-01 s
01:50 INFO    : Single likelihood evaluation took 3.626e-01 s
01:50 WARNING : Supplied argument 'queue_size' not an argument of 'Pymultinest', removing.
01:50 WARNING : Supplied argument 'check_point_delta_t' not an argument of 'Pymultinest', removing.
01:50 INFO    : Using sampler Pymultinest with kwargs {'importance_nested_sampling': False, 'resume': True, 'verbose': True, 'sampling_efficiency': 'parameter', 'n_live_points': 2048, 'n_params': 5, 'n_clustering_params': None, 'wrapped_params': None, 'multimodal': True, 'const_efficiency_mode': False, 'evidence_tolerance': 0.5, 'n_iter_before_update': 100, 'null_log_evidence': -1e+90, 'max_modes': 100, 'mode_tolerance': -1e+90, 'seed': 42, 'context': 0, 'write_output': True, 'log_zero': -1e+100, 'max_iter': 0, 'init_MPI': False, 'dump_callback': <bound method Pymultinest._dump_callback of <bilby.core.sampler.pymultinest.Pymultinest object at 0x1555017bbee0>>}
01:50 INFO    : Temporary directory incompatible with MPI, will run in original directory
01:50 INFO    : Using output file outdirBNSBu32cores/pm_Simu2019lm/
01:50 WARNING : Supplied argument 'queue_size' not an argument of 'Pymultinest', removing.
01:50 WARNING : Supplied argument 'check_point_delta_t' not an argument of 'Pymultinest', removing.
01:50 INFO    : Using sampler Pymultinest with kwargs {'importance_nested_sampling': False, 'resume': True, 'verbose': True, 'sampling_efficiency': 'parameter', 'n_live_points': 2048, 'n_params': 5, 'n_clustering_params': None, 'wrapped_params': None, 'multimodal': True, 'const_efficiency_mode': False, 'evidence_tolerance': 0.5, 'n_iter_before_update': 100, 'null_log_evidence': -1e+90, 'max_modes': 100, 'mode_tolerance': -1e+90, 'seed': 42, 'context': 0, 'write_output': True, 'log_zero': -1e+100, 'max_iter': 0, 'init_MPI': False, 'dump_callback': <bound method Pymultinest._dump_callback of <bilby.core.sampler.pymultinest.Pymultinest object at 0x1555017bbe50>>}
01:50 INFO    : Temporary directory incompatible with MPI, will run in original directory
01:50 INFO    : Using output file outdirBNSBu32cores/pm_Simu2019lm/
01:50 INFO    : Single likelihood evaluation took 3.633e-01 s
01:50 WARNING : Supplied argument 'queue_size' not an argument of 'Pymultinest', removing.
01:50 WARNING : Supplied argument 'check_point_delta_t' not an argument of 'Pymultinest', removing.
01:50 INFO    : Using sampler Pymultinest with kwargs {'importance_nested_sampling': False, 'resume': True, 'verbose': True, 'sampling_efficiency': 'parameter', 'n_live_points': 2048, 'n_params': 5, 'n_clustering_params': None, 'wrapped_params': None, 'multimodal': True, 'const_efficiency_mode': False, 'evidence_tolerance': 0.5, 'n_iter_before_update': 100, 'null_log_evidence': -1e+90, 'max_modes': 100, 'mode_tolerance': -1e+90, 'seed': 42, 'context': 0, 'write_output': True, 'log_zero': -1e+100, 'max_iter': 0, 'init_MPI': False, 'dump_callback': <bound method Pymultinest._dump_callback of <bilby.core.sampler.pymultinest.Pymultinest object at 0x1555017bbee0>>}
01:50 INFO    : Temporary directory incompatible with MPI, will run in original directory
01:50 INFO    : Using output file outdirBNSBu32cores/pm_Simu2019lm/
01:50 WARNING : Supplied argument 'queue_size' not an argument of 'Pymultinest', removing.
01:50 WARNING : Supplied argument 'check_point_delta_t' not an argument of 'Pymultinest', removing.
01:50 INFO    : Using sampler Pymultinest with kwargs {'importance_nested_sampling': False, 'resume': True, 'verbose': True, 'sampling_efficiency': 'parameter', 'n_live_points': 2048, 'n_params': 5, 'n_clustering_params': None, 'wrapped_params': None, 'multimodal': True, 'const_efficiency_mode': False, 'evidence_tolerance': 0.5, 'n_iter_before_update': 100, 'null_log_evidence': -1e+90, 'max_modes': 100, 'mode_tolerance': -1e+90, 'seed': 42, 'context': 0, 'write_output': True, 'log_zero': -1e+100, 'max_iter': 0, 'init_MPI': False, 'dump_callback': <bound method Pymultinest._dump_callback of <bilby.core.sampler.pymultinest.Pymultinest object at 0x1555017bff10>>}
01:50 INFO    : Temporary directory incompatible with MPI, will run in original directory
01:50 INFO    : Using output file outdirBNSBu32cores/pm_Simu2019lm/
01:50 WARNING : Supplied argument 'queue_size' not an argument of 'Pymultinest', removing.
01:50 WARNING : Supplied argument 'check_point_delta_t' not an argument of 'Pymultinest', removing.
01:50 INFO    : Using sampler Pymultinest with kwargs {'importance_nested_sampling': False, 'resume': True, 'verbose': True, 'sampling_efficiency': 'parameter', 'n_live_points': 2048, 'n_params': 5, 'n_clustering_params': None, 'wrapped_params': None, 'multimodal': True, 'const_efficiency_mode': False, 'evidence_tolerance': 0.5, 'n_iter_before_update': 100, 'null_log_evidence': -1e+90, 'max_modes': 100, 'mode_tolerance': -1e+90, 'seed': 42, 'context': 0, 'write_output': True, 'log_zero': -1e+100, 'max_iter': 0, 'init_MPI': False, 'dump_callback': <bound method Pymultinest._dump_callback of <bilby.core.sampler.pymultinest.Pymultinest object at 0x1555017b7f10>>}
01:50 INFO    : Temporary directory incompatible with MPI, will run in original directory
01:50 INFO    : Single likelihood evaluation took 3.633e-01 s
01:50 INFO    : Using output file outdirBNSBu32cores/pm_Simu2019lm/
01:50 WARNING : Supplied argument 'queue_size' not an argument of 'Pymultinest', removing.
01:50 WARNING : Supplied argument 'check_point_delta_t' not an argument of 'Pymultinest', removing.
01:50 INFO    : Using sampler Pymultinest with kwargs {'importance_nested_sampling': False, 'resume': True, 'verbose': True, 'sampling_efficiency': 'parameter', 'n_live_points': 2048, 'n_params': 5, 'n_clustering_params': None, 'wrapped_params': None, 'multimodal': True, 'const_efficiency_mode': False, 'evidence_tolerance': 0.5, 'n_iter_before_update': 100, 'null_log_evidence': -1e+90, 'max_modes': 100, 'mode_tolerance': -1e+90, 'seed': 42, 'context': 0, 'write_output': True, 'log_zero': -1e+100, 'max_iter': 0, 'init_MPI': False, 'dump_callback': <bound method Pymultinest._dump_callback of <bilby.core.sampler.pymultinest.Pymultinest object at 0x155500fc5e70>>}
01:50 INFO    : Temporary directory incompatible with MPI, will run in original directory
01:50 INFO    : Using output file outdirBNSBu32cores/pm_Simu2019lm/
01:50 WARNING : Supplied argument 'queue_size' not an argument of 'Pymultinest', removing.
01:50 WARNING : Supplied argument 'check_point_delta_t' not an argument of 'Pymultinest', removing.
01:50 INFO    : Using sampler Pymultinest with kwargs {'importance_nested_sampling': False, 'resume': True, 'verbose': True, 'sampling_efficiency': 'parameter', 'n_live_points': 2048, 'n_params': 5, 'n_clustering_params': None, 'wrapped_params': None, 'multimodal': True, 'const_efficiency_mode': False, 'evidence_tolerance': 0.5, 'n_iter_before_update': 100, 'null_log_evidence': -1e+90, 'max_modes': 100, 'mode_tolerance': -1e+90, 'seed': 42, 'context': 0, 'write_output': True, 'log_zero': -1e+100, 'max_iter': 0, 'init_MPI': False, 'dump_callback': <bound method Pymultinest._dump_callback of <bilby.core.sampler.pymultinest.Pymultinest object at 0x1555017bbf10>>}
01:50 INFO    : Temporary directory incompatible with MPI, will run in original directory
01:50 INFO    : Using output file outdirBNSBu32cores/pm_Simu2019lm/
01:50 WARNING : Supplied argument 'queue_size' not an argument of 'Pymultinest', removing.
01:50 WARNING : Supplied argument 'check_point_delta_t' not an argument of 'Pymultinest', removing.
01:50 INFO    : Using sampler Pymultinest with kwargs {'importance_nested_sampling': False, 'resume': True, 'verbose': True, 'sampling_efficiency': 'parameter', 'n_live_points': 2048, 'n_params': 5, 'n_clustering_params': None, 'wrapped_params': None, 'multimodal': True, 'const_efficiency_mode': False, 'evidence_tolerance': 0.5, 'n_iter_before_update': 100, 'null_log_evidence': -1e+90, 'max_modes': 100, 'mode_tolerance': -1e+90, 'seed': 42, 'context': 0, 'write_output': True, 'log_zero': -1e+100, 'max_iter': 0, 'init_MPI': False, 'dump_callback': <bound method Pymultinest._dump_callback of <bilby.core.sampler.pymultinest.Pymultinest object at 0x1555017bbf10>>}
01:50 INFO    : Temporary directory incompatible with MPI, will run in original directory
01:50 INFO    : Using output file outdirBNSBu32cores/pm_Simu2019lm/
01:50 WARNING : Supplied argument 'queue_size' not an argument of 'Pymultinest', removing.
01:50 WARNING : Supplied argument 'check_point_delta_t' not an argument of 'Pymultinest', removing.
01:50 INFO    : Using sampler Pymultinest with kwargs {'importance_nested_sampling': False, 'resume': True, 'verbose': True, 'sampling_efficiency': 'parameter', 'n_live_points': 2048, 'n_params': 5, 'n_clustering_params': None, 'wrapped_params': None, 'multimodal': True, 'const_efficiency_mode': False, 'evidence_tolerance': 0.5, 'n_iter_before_update': 100, 'null_log_evidence': -1e+90, 'max_modes': 100, 'mode_tolerance': -1e+90, 'seed': 42, 'context': 0, 'write_output': True, 'log_zero': -1e+100, 'max_iter': 0, 'init_MPI': False, 'dump_callback': <bound method Pymultinest._dump_callback of <bilby.core.sampler.pymultinest.Pymultinest object at 0x1555017bbf10>>}
01:50 INFO    : Temporary directory incompatible with MPI, will run in original directory
01:50 INFO    : Using output file outdirBNSBu32cores/pm_Simu2019lm/
01:50 WARNING : Supplied argument 'queue_size' not an argument of 'Pymultinest', removing.
01:50 WARNING : Supplied argument 'check_point_delta_t' not an argument of 'Pymultinest', removing.
01:50 INFO    : Using sampler Pymultinest with kwargs {'importance_nested_sampling': False, 'resume': True, 'verbose': True, 'sampling_efficiency': 'parameter', 'n_live_points': 2048, 'n_params': 5, 'n_clustering_params': None, 'wrapped_params': None, 'multimodal': True, 'const_efficiency_mode': False, 'evidence_tolerance': 0.5, 'n_iter_before_update': 100, 'null_log_evidence': -1e+90, 'max_modes': 100, 'mode_tolerance': -1e+90, 'seed': 42, 'context': 0, 'write_output': True, 'log_zero': -1e+100, 'max_iter': 0, 'init_MPI': False, 'dump_callback': <bound method Pymultinest._dump_callback of <bilby.core.sampler.pymultinest.Pymultinest object at 0x1555017b7eb0>>}
01:50 INFO    : Temporary directory incompatible with MPI, will run in original directory
01:50 INFO    : Using output file outdirBNSBu32cores/pm_Simu2019lm/
01:50 WARNING : Supplied argument 'queue_size' not an argument of 'Pymultinest', removing.
01:50 WARNING : Supplied argument 'check_point_delta_t' not an argument of 'Pymultinest', removing.
01:50 INFO    : Using sampler Pymultinest with kwargs {'importance_nested_sampling': False, 'resume': True, 'verbose': True, 'sampling_efficiency': 'parameter', 'n_live_points': 2048, 'n_params': 5, 'n_clustering_params': None, 'wrapped_params': None, 'multimodal': True, 'const_efficiency_mode': False, 'evidence_tolerance': 0.5, 'n_iter_before_update': 100, 'null_log_evidence': -1e+90, 'max_modes': 100, 'mode_tolerance': -1e+90, 'seed': 42, 'context': 0, 'write_output': True, 'log_zero': -1e+100, 'max_iter': 0, 'init_MPI': False, 'dump_callback': <bound method Pymultinest._dump_callback of <bilby.core.sampler.pymultinest.Pymultinest object at 0x1555017b7ee0>>}
01:50 INFO    : Temporary directory incompatible with MPI, will run in original directory
01:50 INFO    : Using output file outdirBNSBu32cores/pm_Simu2019lm/
01:50 WARNING : Supplied argument 'queue_size' not an argument of 'Pymultinest', removing.
01:50 WARNING : Supplied argument 'check_point_delta_t' not an argument of 'Pymultinest', removing.
01:50 INFO    : Using sampler Pymultinest with kwargs {'importance_nested_sampling': False, 'resume': True, 'verbose': True, 'sampling_efficiency': 'parameter', 'n_live_points': 2048, 'n_params': 5, 'n_clustering_params': None, 'wrapped_params': None, 'multimodal': True, 'const_efficiency_mode': False, 'evidence_tolerance': 0.5, 'n_iter_before_update': 100, 'null_log_evidence': -1e+90, 'max_modes': 100, 'mode_tolerance': -1e+90, 'seed': 42, 'context': 0, 'write_output': True, 'log_zero': -1e+100, 'max_iter': 0, 'init_MPI': False, 'dump_callback': <bound method Pymultinest._dump_callback of <bilby.core.sampler.pymultinest.Pymultinest object at 0x1555017bbf10>>}
01:50 INFO    : Temporary directory incompatible with MPI, will run in original directory
01:50 INFO    : Using output file outdirBNSBu32cores/pm_Simu2019lm/
01:50 WARNING : Supplied argument 'queue_size' not an argument of 'Pymultinest', removing.
01:50 WARNING : Supplied argument 'check_point_delta_t' not an argument of 'Pymultinest', removing.
01:50 INFO    : Using sampler Pymultinest with kwargs {'importance_nested_sampling': False, 'resume': True, 'verbose': True, 'sampling_efficiency': 'parameter', 'n_live_points': 2048, 'n_params': 5, 'n_clustering_params': None, 'wrapped_params': None, 'multimodal': True, 'const_efficiency_mode': False, 'evidence_tolerance': 0.5, 'n_iter_before_update': 100, 'null_log_evidence': -1e+90, 'max_modes': 100, 'mode_tolerance': -1e+90, 'seed': 42, 'context': 0, 'write_output': True, 'log_zero': -1e+100, 'max_iter': 0, 'init_MPI': False, 'dump_callback': <bound method Pymultinest._dump_callback of <bilby.core.sampler.pymultinest.Pymultinest object at 0x1555017bfe80>>}
01:50 INFO    : Temporary directory incompatible with MPI, will run in original directory
01:50 INFO    : Using output file outdirBNSBu32cores/pm_Simu2019lm/
01:50 WARNING : Supplied argument 'queue_size' not an argument of 'Pymultinest', removing.
01:50 WARNING : Supplied argument 'check_point_delta_t' not an argument of 'Pymultinest', removing.
01:50 INFO    : Using sampler Pymultinest with kwargs {'importance_nested_sampling': False, 'resume': True, 'verbose': True, 'sampling_efficiency': 'parameter', 'n_live_points': 2048, 'n_params': 5, 'n_clustering_params': None, 'wrapped_params': None, 'multimodal': True, 'const_efficiency_mode': False, 'evidence_tolerance': 0.5, 'n_iter_before_update': 100, 'null_log_evidence': -1e+90, 'max_modes': 100, 'mode_tolerance': -1e+90, 'seed': 42, 'context': 0, 'write_output': True, 'log_zero': -1e+100, 'max_iter': 0, 'init_MPI': False, 'dump_callback': <bound method Pymultinest._dump_callback of <bilby.core.sampler.pymultinest.Pymultinest object at 0x1555017bbeb0>>}
01:50 INFO    : Temporary directory incompatible with MPI, will run in original directory
01:50 INFO    : Using output file outdirBNSBu32cores/pm_Simu2019lm/
01:50 INFO    : Single likelihood evaluation took 3.897e-01 s
01:50 INFO    : Single likelihood evaluation took 3.903e-01 s
01:50 INFO    : Single likelihood evaluation took 3.902e-01 s
01:50 INFO    : Single likelihood evaluation took 3.907e-01 s
01:50 INFO    : Single likelihood evaluation took 3.907e-01 s
01:50 INFO    : Single likelihood evaluation took 3.914e-01 s
01:50 INFO    : Single likelihood evaluation took 3.917e-01 s
01:50 INFO    : Single likelihood evaluation took 3.920e-01 s
01:50 INFO    : Single likelihood evaluation took 3.924e-01 s
01:50 WARNING : Supplied argument 'queue_size' not an argument of 'Pymultinest', removing.
01:50 WARNING : Supplied argument 'check_point_delta_t' not an argument of 'Pymultinest', removing.
01:50 INFO    : Using sampler Pymultinest with kwargs {'importance_nested_sampling': False, 'resume': True, 'verbose': True, 'sampling_efficiency': 'parameter', 'n_live_points': 2048, 'n_params': 5, 'n_clustering_params': None, 'wrapped_params': None, 'multimodal': True, 'const_efficiency_mode': False, 'evidence_tolerance': 0.5, 'n_iter_before_update': 100, 'null_log_evidence': -1e+90, 'max_modes': 100, 'mode_tolerance': -1e+90, 'seed': 42, 'context': 0, 'write_output': True, 'log_zero': -1e+100, 'max_iter': 0, 'init_MPI': False, 'dump_callback': <bound method Pymultinest._dump_callback of <bilby.core.sampler.pymultinest.Pymultinest object at 0x1555017b7ee0>>}
01:50 INFO    : Temporary directory incompatible with MPI, will run in original directory
01:50 INFO    : Using output file outdirBNSBu32cores/pm_Simu2019lm/
01:50 INFO    : Single likelihood evaluation took 3.934e-01 s
01:50 INFO    : Single likelihood evaluation took 3.936e-01 s
01:50 WARNING : Supplied argument 'queue_size' not an argument of 'Pymultinest', removing.
01:50 WARNING : Supplied argument 'check_point_delta_t' not an argument of 'Pymultinest', removing.
01:50 INFO    : Using sampler Pymultinest with kwargs {'importance_nested_sampling': False, 'resume': True, 'verbose': True, 'sampling_efficiency': 'parameter', 'n_live_points': 2048, 'n_params': 5, 'n_clustering_params': None, 'wrapped_params': None, 'multimodal': True, 'const_efficiency_mode': False, 'evidence_tolerance': 0.5, 'n_iter_before_update': 100, 'null_log_evidence': -1e+90, 'max_modes': 100, 'mode_tolerance': -1e+90, 'seed': 42, 'context': 0, 'write_output': True, 'log_zero': -1e+100, 'max_iter': 0, 'init_MPI': False, 'dump_callback': <bound method Pymultinest._dump_callback of <bilby.core.sampler.pymultinest.Pymultinest object at 0x1555017bfeb0>>}
01:50 INFO    : Temporary directory incompatible with MPI, will run in original directory
01:50 INFO    : Using output file outdirBNSBu32cores/pm_Simu2019lm/
01:50 WARNING : Supplied argument 'queue_size' not an argument of 'Pymultinest', removing.
01:50 WARNING : Supplied argument 'check_point_delta_t' not an argument of 'Pymultinest', removing.
01:50 INFO    : Using sampler Pymultinest with kwargs {'importance_nested_sampling': False, 'resume': True, 'verbose': True, 'sampling_efficiency': 'parameter', 'n_live_points': 2048, 'n_params': 5, 'n_clustering_params': None, 'wrapped_params': None, 'multimodal': True, 'const_efficiency_mode': False, 'evidence_tolerance': 0.5, 'n_iter_before_update': 100, 'null_log_evidence': -1e+90, 'max_modes': 100, 'mode_tolerance': -1e+90, 'seed': 42, 'context': 0, 'write_output': True, 'log_zero': -1e+100, 'max_iter': 0, 'init_MPI': False, 'dump_callback': <bound method Pymultinest._dump_callback of <bilby.core.sampler.pymultinest.Pymultinest object at 0x1555017bff40>>}
01:50 INFO    : Temporary directory incompatible with MPI, will run in original directory
01:50 INFO    : Using output file outdirBNSBu32cores/pm_Simu2019lm/
01:50 WARNING : Supplied argument 'queue_size' not an argument of 'Pymultinest', removing.
01:50 WARNING : Supplied argument 'check_point_delta_t' not an argument of 'Pymultinest', removing.
01:50 INFO    : Using sampler Pymultinest with kwargs {'importance_nested_sampling': False, 'resume': True, 'verbose': True, 'sampling_efficiency': 'parameter', 'n_live_points': 2048, 'n_params': 5, 'n_clustering_params': None, 'wrapped_params': None, 'multimodal': True, 'const_efficiency_mode': False, 'evidence_tolerance': 0.5, 'n_iter_before_update': 100, 'null_log_evidence': -1e+90, 'max_modes': 100, 'mode_tolerance': -1e+90, 'seed': 42, 'context': 0, 'write_output': True, 'log_zero': -1e+100, 'max_iter': 0, 'init_MPI': False, 'dump_callback': <bound method Pymultinest._dump_callback of <bilby.core.sampler.pymultinest.Pymultinest object at 0x1555017bbf40>>}
01:50 INFO    : Temporary directory incompatible with MPI, will run in original directory
01:50 INFO    : Using output file outdirBNSBu32cores/pm_Simu2019lm/
01:50 WARNING : Supplied argument 'queue_size' not an argument of 'Pymultinest', removing.
01:50 WARNING : Supplied argument 'check_point_delta_t' not an argument of 'Pymultinest', removing.
01:50 INFO    : Using sampler Pymultinest with kwargs {'importance_nested_sampling': False, 'resume': True, 'verbose': True, 'sampling_efficiency': 'parameter', 'n_live_points': 2048, 'n_params': 5, 'n_clustering_params': None, 'wrapped_params': None, 'multimodal': True, 'const_efficiency_mode': False, 'evidence_tolerance': 0.5, 'n_iter_before_update': 100, 'null_log_evidence': -1e+90, 'max_modes': 100, 'mode_tolerance': -1e+90, 'seed': 42, 'context': 0, 'write_output': True, 'log_zero': -1e+100, 'max_iter': 0, 'init_MPI': False, 'dump_callback': <bound method Pymultinest._dump_callback of <bilby.core.sampler.pymultinest.Pymultinest object at 0x1555017b7e80>>}
01:50 INFO    : Temporary directory incompatible with MPI, will run in original directory
01:50 INFO    : Using output file outdirBNSBu32cores/pm_Simu2019lm/
01:50 WARNING : Supplied argument 'queue_size' not an argument of 'Pymultinest', removing.
01:50 WARNING : Supplied argument 'check_point_delta_t' not an argument of 'Pymultinest', removing.
01:50 INFO    : Using sampler Pymultinest with kwargs {'importance_nested_sampling': False, 'resume': True, 'verbose': True, 'sampling_efficiency': 'parameter', 'n_live_points': 2048, 'n_params': 5, 'n_clustering_params': None, 'wrapped_params': None, 'multimodal': True, 'const_efficiency_mode': False, 'evidence_tolerance': 0.5, 'n_iter_before_update': 100, 'null_log_evidence': -1e+90, 'max_modes': 100, 'mode_tolerance': -1e+90, 'seed': 42, 'context': 0, 'write_output': True, 'log_zero': -1e+100, 'max_iter': 0, 'init_MPI': False, 'dump_callback': <bound method Pymultinest._dump_callback of <bilby.core.sampler.pymultinest.Pymultinest object at 0x1555017bbeb0>>}
01:50 INFO    : Temporary directory incompatible with MPI, will run in original directory
01:50 INFO    : Using output file outdirBNSBu32cores/pm_Simu2019lm/
01:50 WARNING : Supplied argument 'queue_size' not an argument of 'Pymultinest', removing.
01:50 WARNING : Supplied argument 'check_point_delta_t' not an argument of 'Pymultinest', removing.
01:50 INFO    : Using sampler Pymultinest with kwargs {'importance_nested_sampling': False, 'resume': True, 'verbose': True, 'sampling_efficiency': 'parameter', 'n_live_points': 2048, 'n_params': 5, 'n_clustering_params': None, 'wrapped_params': None, 'multimodal': True, 'const_efficiency_mode': False, 'evidence_tolerance': 0.5, 'n_iter_before_update': 100, 'null_log_evidence': -1e+90, 'max_modes': 100, 'mode_tolerance': -1e+90, 'seed': 42, 'context': 0, 'write_output': True, 'log_zero': -1e+100, 'max_iter': 0, 'init_MPI': False, 'dump_callback': <bound method Pymultinest._dump_callback of <bilby.core.sampler.pymultinest.Pymultinest object at 0x1555017bff10>>}
01:50 INFO    : Temporary directory incompatible with MPI, will run in original directory
01:50 WARNING : Supplied argument 'queue_size' not an argument of 'Pymultinest', removing.
01:50 WARNING : Supplied argument 'check_point_delta_t' not an argument of 'Pymultinest', removing.
01:50 INFO    : Using sampler Pymultinest with kwargs {'importance_nested_sampling': False, 'resume': True, 'verbose': True, 'sampling_efficiency': 'parameter', 'n_live_points': 2048, 'n_params': 5, 'n_clustering_params': None, 'wrapped_params': None, 'multimodal': True, 'const_efficiency_mode': False, 'evidence_tolerance': 0.5, 'n_iter_before_update': 100, 'null_log_evidence': -1e+90, 'max_modes': 100, 'mode_tolerance': -1e+90, 'seed': 42, 'context': 0, 'write_output': True, 'log_zero': -1e+100, 'max_iter': 0, 'init_MPI': False, 'dump_callback': <bound method Pymultinest._dump_callback of <bilby.core.sampler.pymultinest.Pymultinest object at 0x1555017bff40>>}
01:50 INFO    : Using output file outdirBNSBu32cores/pm_Simu2019lm/
01:50 INFO    : Temporary directory incompatible with MPI, will run in original directory
01:50 INFO    : Using output file outdirBNSBu32cores/pm_Simu2019lm/
01:50 WARNING : Supplied argument 'queue_size' not an argument of 'Pymultinest', removing.
01:50 WARNING : Supplied argument 'check_point_delta_t' not an argument of 'Pymultinest', removing.
01:50 INFO    : Using sampler Pymultinest with kwargs {'importance_nested_sampling': False, 'resume': True, 'verbose': True, 'sampling_efficiency': 'parameter', 'n_live_points': 2048, 'n_params': 5, 'n_clustering_params': None, 'wrapped_params': None, 'multimodal': True, 'const_efficiency_mode': False, 'evidence_tolerance': 0.5, 'n_iter_before_update': 100, 'null_log_evidence': -1e+90, 'max_modes': 100, 'mode_tolerance': -1e+90, 'seed': 42, 'context': 0, 'write_output': True, 'log_zero': -1e+100, 'max_iter': 0, 'init_MPI': False, 'dump_callback': <bound method Pymultinest._dump_callback of <bilby.core.sampler.pymultinest.Pymultinest object at 0x1555017bbeb0>>}
01:50 INFO    : Temporary directory incompatible with MPI, will run in original directory
01:50 INFO    : Using output file outdirBNSBu32cores/pm_Simu2019lm/
01:50 WARNING : Supplied argument 'queue_size' not an argument of 'Pymultinest', removing.
01:50 WARNING : Supplied argument 'check_point_delta_t' not an argument of 'Pymultinest', removing.
01:50 INFO    : Using sampler Pymultinest with kwargs {'importance_nested_sampling': False, 'resume': True, 'verbose': True, 'sampling_efficiency': 'parameter', 'n_live_points': 2048, 'n_params': 5, 'n_clustering_params': None, 'wrapped_params': None, 'multimodal': True, 'const_efficiency_mode': False, 'evidence_tolerance': 0.5, 'n_iter_before_update': 100, 'null_log_evidence': -1e+90, 'max_modes': 100, 'mode_tolerance': -1e+90, 'seed': 42, 'context': 0, 'write_output': True, 'log_zero': -1e+100, 'max_iter': 0, 'init_MPI': False, 'dump_callback': <bound method Pymultinest._dump_callback of <bilby.core.sampler.pymultinest.Pymultinest object at 0x1555017bff40>>}
01:50 WARNING : Supplied argument 'queue_size' not an argument of 'Pymultinest', removing.
01:50 WARNING : Supplied argument 'check_point_delta_t' not an argument of 'Pymultinest', removing.
01:50 INFO    : Using sampler Pymultinest with kwargs {'importance_nested_sampling': False, 'resume': True, 'verbose': True, 'sampling_efficiency': 'parameter', 'n_live_points': 2048, 'n_params': 5, 'n_clustering_params': None, 'wrapped_params': None, 'multimodal': True, 'const_efficiency_mode': False, 'evidence_tolerance': 0.5, 'n_iter_before_update': 100, 'null_log_evidence': -1e+90, 'max_modes': 100, 'mode_tolerance': -1e+90, 'seed': 42, 'context': 0, 'write_output': True, 'log_zero': -1e+100, 'max_iter': 0, 'init_MPI': False, 'dump_callback': <bound method Pymultinest._dump_callback of <bilby.core.sampler.pymultinest.Pymultinest object at 0x1555017bffd0>>}
01:50 INFO    : Temporary directory incompatible with MPI, will run in original directory
01:50 INFO    : Using output file outdirBNSBu32cores/pm_Simu2019lm/
01:50 INFO    : Temporary directory incompatible with MPI, will run in original directory
01:50 INFO    : Using output file outdirBNSBu32cores/pm_Simu2019lm/
01:50 INFO    : Single likelihood evaluation took 3.957e-01 s
01:50 INFO    : Single likelihood evaluation took 3.956e-01 s
01:50 INFO    : Single likelihood evaluation took 3.962e-01 s
01:50 INFO    : Single likelihood evaluation took 3.963e-01 s
01:50 WARNING : Supplied argument 'queue_size' not an argument of 'Pymultinest', removing.
01:50 WARNING : Supplied argument 'check_point_delta_t' not an argument of 'Pymultinest', removing.
01:50 INFO    : Using sampler Pymultinest with kwargs {'importance_nested_sampling': False, 'resume': True, 'verbose': True, 'sampling_efficiency': 'parameter', 'n_live_points': 2048, 'n_params': 5, 'n_clustering_params': None, 'wrapped_params': None, 'multimodal': True, 'const_efficiency_mode': False, 'evidence_tolerance': 0.5, 'n_iter_before_update': 100, 'null_log_evidence': -1e+90, 'max_modes': 100, 'mode_tolerance': -1e+90, 'seed': 42, 'context': 0, 'write_output': True, 'log_zero': -1e+100, 'max_iter': 0, 'init_MPI': False, 'dump_callback': <bound method Pymultinest._dump_callback of <bilby.core.sampler.pymultinest.Pymultinest object at 0x1555017c3ee0>>}
01:50 INFO    : Temporary directory incompatible with MPI, will run in original directory
01:50 INFO    : Using output file outdirBNSBu32cores/pm_Simu2019lm/
01:50 INFO    : Single likelihood evaluation took 3.961e-01 s
01:50 WARNING : Supplied argument 'queue_size' not an argument of 'Pymultinest', removing.
01:50 WARNING : Supplied argument 'check_point_delta_t' not an argument of 'Pymultinest', removing.
01:50 INFO    : Using sampler Pymultinest with kwargs {'importance_nested_sampling': False, 'resume': True, 'verbose': True, 'sampling_efficiency': 'parameter', 'n_live_points': 2048, 'n_params': 5, 'n_clustering_params': None, 'wrapped_params': None, 'multimodal': True, 'const_efficiency_mode': False, 'evidence_tolerance': 0.5, 'n_iter_before_update': 100, 'null_log_evidence': -1e+90, 'max_modes': 100, 'mode_tolerance': -1e+90, 'seed': 42, 'context': 0, 'write_output': True, 'log_zero': -1e+100, 'max_iter': 0, 'init_MPI': False, 'dump_callback': <bound method Pymultinest._dump_callback of <bilby.core.sampler.pymultinest.Pymultinest object at 0x1555017bbe20>>}
01:50 INFO    : Temporary directory incompatible with MPI, will run in original directory
01:50 INFO    : Using output file outdirBNSBu32cores/pm_Simu2019lm/
01:50 WARNING : Supplied argument 'queue_size' not an argument of 'Pymultinest', removing.
01:50 WARNING : Supplied argument 'check_point_delta_t' not an argument of 'Pymultinest', removing.
01:50 INFO    : Using sampler Pymultinest with kwargs {'importance_nested_sampling': False, 'resume': True, 'verbose': True, 'sampling_efficiency': 'parameter', 'n_live_points': 2048, 'n_params': 5, 'n_clustering_params': None, 'wrapped_params': None, 'multimodal': True, 'const_efficiency_mode': False, 'evidence_tolerance': 0.5, 'n_iter_before_update': 100, 'null_log_evidence': -1e+90, 'max_modes': 100, 'mode_tolerance': -1e+90, 'seed': 42, 'context': 0, 'write_output': True, 'log_zero': -1e+100, 'max_iter': 0, 'init_MPI': False, 'dump_callback': <bound method Pymultinest._dump_callback of <bilby.core.sampler.pymultinest.Pymultinest object at 0x1555017bff40>>}
01:50 INFO    : Temporary directory incompatible with MPI, will run in original directory
01:50 INFO    : Using output file outdirBNSBu32cores/pm_Simu2019lm/
01:50 WARNING : Supplied argument 'queue_size' not an argument of 'Pymultinest', removing.
01:50 WARNING : Supplied argument 'check_point_delta_t' not an argument of 'Pymultinest', removing.
01:50 INFO    : Using sampler Pymultinest with kwargs {'importance_nested_sampling': False, 'resume': True, 'verbose': True, 'sampling_efficiency': 'parameter', 'n_live_points': 2048, 'n_params': 5, 'n_clustering_params': None, 'wrapped_params': None, 'multimodal': True, 'const_efficiency_mode': False, 'evidence_tolerance': 0.5, 'n_iter_before_update': 100, 'null_log_evidence': -1e+90, 'max_modes': 100, 'mode_tolerance': -1e+90, 'seed': 42, 'context': 0, 'write_output': True, 'log_zero': -1e+100, 'max_iter': 0, 'init_MPI': False, 'dump_callback': <bound method Pymultinest._dump_callback of <bilby.core.sampler.pymultinest.Pymultinest object at 0x1555017c3eb0>>}
01:50 INFO    : Temporary directory incompatible with MPI, will run in original directory
01:50 INFO    : Using output file outdirBNSBu32cores/pm_Simu2019lm/
01:50 WARNING : Supplied argument 'queue_size' not an argument of 'Pymultinest', removing.
01:50 WARNING : Supplied argument 'check_point_delta_t' not an argument of 'Pymultinest', removing.
01:50 INFO    : Using sampler Pymultinest with kwargs {'importance_nested_sampling': False, 'resume': True, 'verbose': True, 'sampling_efficiency': 'parameter', 'n_live_points': 2048, 'n_params': 5, 'n_clustering_params': None, 'wrapped_params': None, 'multimodal': True, 'const_efficiency_mode': False, 'evidence_tolerance': 0.5, 'n_iter_before_update': 100, 'null_log_evidence': -1e+90, 'max_modes': 100, 'mode_tolerance': -1e+90, 'seed': 42, 'context': 0, 'write_output': True, 'log_zero': -1e+100, 'max_iter': 0, 'init_MPI': False, 'dump_callback': <bound method Pymultinest._dump_callback of <bilby.core.sampler.pymultinest.Pymultinest object at 0x1555017bfee0>>}
01:50 INFO    : Temporary directory incompatible with MPI, will run in original directory
01:50 INFO    : Using output file outdirBNSBu32cores/pm_Simu2019lm/
01:56 INFO    : Sampling time: 0:06:23.427173
01:56 INFO    : Sampling time: 0:06:26.586116
01:56 INFO    : Sampling time: 0:06:26.493606
01:56 INFO    : Sampling time: 0:06:26.571579
01:56 INFO    : Sampling time: 0:06:23.193746
01:56 INFO    : Sampling time: 0:06:23.425572
01:56 INFO    : Sampling time: 0:06:23.570415
01:56 INFO    : Sampling time: 0:06:23.630452
01:56 INFO    : Sampling time: 0:06:23.211576
01:56 INFO    : Sampling time: 0:06:26.733366
01:56 INFO    : Sampling time: 0:06:26.592977
01:56 INFO    : Sampling time: 0:06:26.556890
01:56 INFO    : Sampling time: 0:06:26.481454
01:56 INFO    : Sampling time: 0:06:26.559506
01:56 INFO    : Sampling time: 0:06:26.497980
01:56 INFO    : Sampling time: 0:06:23.300800
01:56 INFO    : Sampling time: 0:06:23.456989
01:56 INFO    : Sampling time: 0:06:26.496194
01:56 INFO    : Sampling time: 0:06:26.502804
01:56 INFO    : Sampling time: 0:06:23.515404
01:56 INFO    : Sampling time: 0:06:26.873797
01:56 INFO    : Sampling time: 0:06:23.456114
01:56 INFO    : Sampling time: 0:06:23.486660
01:56 INFO    : Sampling time: 0:06:26.629177
01:56 INFO    : Sampling time: 0:06:23.245489
01:56 INFO    : Sampling time: 0:06:23.426712
01:56 INFO    : Sampling time: 0:06:26.635210
01:56 INFO    : Sampling time: 0:06:23.561158
01:56 INFO    : Sampling time: 0:06:23.519373
01:56 INFO    : Sampling time: 0:06:26.588803
01:56 INFO    : Sampling time: 0:06:26.584784
01:56 INFO    : Sampling time: 0:06:23.207812
01:56 ERROR   : 

Saving the data has failed with the following message:
[Errno 116] Stale file handle
Data has been dumped to outdirBNSBu32cores/Simu2019lm_result.pkl.


01:57 INFO    : Summary of results:
nsamples: 7568
ln_noise_evidence:  0.000
ln_evidence: -22.261 +/-  0.041
ln_bayes_factor: -22.261 +/-  0.041

01:57 INFO    : Summary of results:
nsamples: 7568
ln_noise_evidence:  0.000
ln_evidence: -22.261 +/-  0.041
ln_bayes_factor: -22.261 +/-  0.041

01:57 INFO    : Summary of results:
nsamples: 7568
ln_noise_evidence:  0.000
ln_evidence: -22.261 +/-  0.041
ln_bayes_factor: -22.261 +/-  0.041

01:57 INFO    : Summary of results:
nsamples: 7568
ln_noise_evidence:  0.000
ln_evidence: -22.261 +/-  0.041
ln_bayes_factor: -22.261 +/-  0.041

01:57 INFO    : Summary of results:
nsamples: 7568
ln_noise_evidence:  0.000
ln_evidence: -22.261 +/-  0.041
ln_bayes_factor: -22.261 +/-  0.041

01:57 INFO    : Summary of results:
nsamples: 7568
ln_noise_evidence:  0.000
ln_evidence: -22.261 +/-  0.041
ln_bayes_factor: -22.261 +/-  0.041

01:57 INFO    : Summary of results:
nsamples: 7568
ln_noise_evidence:  0.000
ln_evidence: -22.261 +/-  0.041
ln_bayes_factor: -22.261 +/-  0.041

01:57 INFO    : Summary of results:
nsamples: 7568
ln_noise_evidence:  0.000
ln_evidence: -22.261 +/-  0.041
ln_bayes_factor: -22.261 +/-  0.041

01:57 INFO    : Summary of results:
nsamples: 7568
ln_noise_evidence:  0.000
ln_evidence: -22.261 +/-  0.041
ln_bayes_factor: -22.261 +/-  0.041

01:57 INFO    : Summary of results:
nsamples: 7568
ln_noise_evidence:  0.000
ln_evidence: -22.261 +/-  0.041
ln_bayes_factor: -22.261 +/-  0.041

04:56 INFO    : Running for label 'Simu2019lm', output will be saved to 'outdirBNSBu32cores'
04:56 INFO    : Analysis priors:
04:56 INFO    : KNphi=Uniform(minimum=15.0, maximum=75.0, name='KNphi', latex_label='$\\Phi$', unit=None, boundary=None)
04:56 INFO    : log10_mej_dyn=Uniform(minimum=-3.0, maximum=-1.0, name='log10_mej_dyn', latex_label='$\\log_{10}M^{\\rm{dyn}}_{\\rm{ej}}$', unit=None, boundary='reflective')
04:56 INFO    : log10_mej_wind=Uniform(minimum=-3.0, maximum=-0.5, name='log10_mej_wind', latex_label='$\\log_{10}M^{\\rm{wind}}_{\\rm{ej}}$', unit=None, boundary='reflective')
04:56 INFO    : inclination_EM=Sine(minimum=0.0, maximum=1.5707963267948966, name='inclination_EM', latex_label='$\\iota$', unit=None, boundary=None)
04:56 INFO    : luminosity_distance=LogUniform(minimum=1, maximum=500, name='luminosity_distance', latex_label='$D_L$', unit=None, boundary=None)
04:56 INFO    : timeshift=0.0
04:56 INFO    : em_syserr=1.0
04:56 INFO    : Ebv=0.0
04:56 INFO    : Analysis likelihood class: <class 'nmma.em.likelihood.OpticalLightCurve'>
04:56 INFO    : Analysis likelihood noise evidence: 0.0
04:56 INFO    : Single likelihood evaluation took 5.992e-02 s
04:56 WARNING : Supplied argument 'queue_size' not an argument of 'Pymultinest', removing.
04:56 WARNING : Supplied argument 'check_point_delta_t' not an argument of 'Pymultinest', removing.
04:56 WARNING : Using cached result
04:56 INFO    : Summary of results:
nsamples: 7568
ln_noise_evidence:  0.000
ln_evidence: -22.261 +/-  0.041
ln_bayes_factor: -22.261 +/-  0.041

04:56 INFO    : Writing samples file to /home/thussenot/kilonovae-H0/lcsimu/02perday3/grizyJHK/outdirBNSBu32cores/Simu2019lm_posterior_samples.dat
