16:33 INFO    : Running for label 'AT170817', output will be saved to 'outdirBNSBu32cores'
16:33 INFO    : Running for label 'AT170817', output will be saved to 'outdirBNSBu32cores'
16:33 INFO    : Running for label 'AT170817', output will be saved to 'outdirBNSBu32cores'
16:33 INFO    : Running for label 'AT170817', output will be saved to 'outdirBNSBu32cores'
16:33 INFO    : Running for label 'AT170817', output will be saved to 'outdirBNSBu32cores'
16:33 INFO    : Running for label 'AT170817', output will be saved to 'outdirBNSBu32cores'
16:33 INFO    : Running for label 'AT170817', output will be saved to 'outdirBNSBu32cores'
16:33 INFO    : Running for label 'AT170817', output will be saved to 'outdirBNSBu32cores'
16:33 INFO    : Running for label 'AT170817', output will be saved to 'outdirBNSBu32cores'
16:33 INFO    : Running for label 'AT170817', output will be saved to 'outdirBNSBu32cores'
16:33 INFO    : Running for label 'AT170817', output will be saved to 'outdirBNSBu32cores'
16:33 INFO    : Running for label 'AT170817', output will be saved to 'outdirBNSBu32cores'
16:33 INFO    : Running for label 'AT170817', output will be saved to 'outdirBNSBu32cores'
16:33 INFO    : Running for label 'AT170817', output will be saved to 'outdirBNSBu32cores'
16:33 INFO    : Running for label 'AT170817', output will be saved to 'outdirBNSBu32cores'
16:33 INFO    : Running for label 'AT170817', output will be saved to 'outdirBNSBu32cores'
16:33 INFO    : Running for label 'AT170817', output will be saved to 'outdirBNSBu32cores'
16:33 INFO    : Running for label 'AT170817', output will be saved to 'outdirBNSBu32cores'
16:33 INFO    : Running for label 'AT170817', output will be saved to 'outdirBNSBu32cores'
16:33 INFO    : Running for label 'AT170817', output will be saved to 'outdirBNSBu32cores'
16:33 INFO    : Running for label 'AT170817', output will be saved to 'outdirBNSBu32cores'
16:33 INFO    : Running for label 'AT170817', output will be saved to 'outdirBNSBu32cores'
16:33 INFO    : Running for label 'AT170817', output will be saved to 'outdirBNSBu32cores'
16:33 INFO    : Running for label 'AT170817', output will be saved to 'outdirBNSBu32cores'
16:33 INFO    : Running for label 'AT170817', output will be saved to 'outdirBNSBu32cores'
16:33 INFO    : Running for label 'AT170817', output will be saved to 'outdirBNSBu32cores'
16:33 INFO    : Running for label 'AT170817', output will be saved to 'outdirBNSBu32cores'
16:33 INFO    : Running for label 'AT170817', output will be saved to 'outdirBNSBu32cores'
16:33 INFO    : Running for label 'AT170817', output will be saved to 'outdirBNSBu32cores'
16:33 INFO    : Running for label 'AT170817', output will be saved to 'outdirBNSBu32cores'
16:33 INFO    : Running for label 'AT170817', output will be saved to 'outdirBNSBu32cores'
16:33 INFO    : Running for label 'AT170817', output will be saved to 'outdirBNSBu32cores'
16:34 INFO    : Analysis priors:
16:34 INFO    : Analysis priors:
16:34 INFO    : Analysis priors:
16:34 INFO    : Analysis priors:
16:34 INFO    : Analysis priors:
16:34 INFO    : Analysis priors:
16:34 INFO    : Analysis priors:
16:34 INFO    : Analysis priors:
16:34 INFO    : Analysis priors:
16:34 INFO    : Analysis priors:
16:34 INFO    : Analysis priors:
16:34 INFO    : Analysis priors:
16:34 INFO    : Analysis priors:
16:34 INFO    : Analysis priors:
16:34 INFO    : Analysis priors:
16:34 INFO    : Analysis priors:
16:34 INFO    : Analysis priors:
16:34 INFO    : Analysis priors:
16:34 INFO    : Analysis priors:
16:34 INFO    : Analysis priors:
16:34 INFO    : Analysis priors:
16:34 INFO    : Analysis priors:
16:34 INFO    : Analysis priors:
16:34 INFO    : Analysis priors:
16:34 INFO    : Analysis priors:
16:34 INFO    : Analysis priors:
16:34 INFO    : Analysis priors:
16:34 INFO    : Analysis priors:
16:34 INFO    : Analysis priors:
16:34 INFO    : Analysis priors:
16:34 INFO    : Analysis priors:
16:34 INFO    : KNphi=Uniform(minimum=15.0, maximum=75.0, name='KNphi', latex_label='$\\Phi$', unit=None, boundary=None)
16:34 INFO    : KNphi=Uniform(minimum=15.0, maximum=75.0, name='KNphi', latex_label='$\\Phi$', unit=None, boundary=None)
16:34 INFO    : KNphi=Uniform(minimum=15.0, maximum=75.0, name='KNphi', latex_label='$\\Phi$', unit=None, boundary=None)
16:34 INFO    : KNphi=Uniform(minimum=15.0, maximum=75.0, name='KNphi', latex_label='$\\Phi$', unit=None, boundary=None)
16:34 INFO    : KNphi=Uniform(minimum=15.0, maximum=75.0, name='KNphi', latex_label='$\\Phi$', unit=None, boundary=None)
16:34 INFO    : KNphi=Uniform(minimum=15.0, maximum=75.0, name='KNphi', latex_label='$\\Phi$', unit=None, boundary=None)
16:34 INFO    : KNphi=Uniform(minimum=15.0, maximum=75.0, name='KNphi', latex_label='$\\Phi$', unit=None, boundary=None)
16:34 INFO    : KNphi=Uniform(minimum=15.0, maximum=75.0, name='KNphi', latex_label='$\\Phi$', unit=None, boundary=None)
16:34 INFO    : KNphi=Uniform(minimum=15.0, maximum=75.0, name='KNphi', latex_label='$\\Phi$', unit=None, boundary=None)
16:34 INFO    : KNphi=Uniform(minimum=15.0, maximum=75.0, name='KNphi', latex_label='$\\Phi$', unit=None, boundary=None)
16:34 INFO    : KNphi=Uniform(minimum=15.0, maximum=75.0, name='KNphi', latex_label='$\\Phi$', unit=None, boundary=None)
16:34 INFO    : KNphi=Uniform(minimum=15.0, maximum=75.0, name='KNphi', latex_label='$\\Phi$', unit=None, boundary=None)
16:34 INFO    : KNphi=Uniform(minimum=15.0, maximum=75.0, name='KNphi', latex_label='$\\Phi$', unit=None, boundary=None)
16:34 INFO    : KNphi=Uniform(minimum=15.0, maximum=75.0, name='KNphi', latex_label='$\\Phi$', unit=None, boundary=None)
16:34 INFO    : KNphi=Uniform(minimum=15.0, maximum=75.0, name='KNphi', latex_label='$\\Phi$', unit=None, boundary=None)
16:34 INFO    : KNphi=Uniform(minimum=15.0, maximum=75.0, name='KNphi', latex_label='$\\Phi$', unit=None, boundary=None)
16:34 INFO    : KNphi=Uniform(minimum=15.0, maximum=75.0, name='KNphi', latex_label='$\\Phi$', unit=None, boundary=None)
16:34 INFO    : KNphi=Uniform(minimum=15.0, maximum=75.0, name='KNphi', latex_label='$\\Phi$', unit=None, boundary=None)
16:34 INFO    : KNphi=Uniform(minimum=15.0, maximum=75.0, name='KNphi', latex_label='$\\Phi$', unit=None, boundary=None)
16:34 INFO    : KNphi=Uniform(minimum=15.0, maximum=75.0, name='KNphi', latex_label='$\\Phi$', unit=None, boundary=None)
16:34 INFO    : KNphi=Uniform(minimum=15.0, maximum=75.0, name='KNphi', latex_label='$\\Phi$', unit=None, boundary=None)
16:34 INFO    : log10_mej_dyn=Uniform(minimum=-3.0, maximum=-1.0, name='log10_mej_dyn', latex_label='$\\log_{10}M^{\\rm{dyn}}_{\\rm{ej}}$', unit=None, boundary='reflective')
16:34 INFO    : KNphi=Uniform(minimum=15.0, maximum=75.0, name='KNphi', latex_label='$\\Phi$', unit=None, boundary=None)
16:34 INFO    : log10_mej_dyn=Uniform(minimum=-3.0, maximum=-1.0, name='log10_mej_dyn', latex_label='$\\log_{10}M^{\\rm{dyn}}_{\\rm{ej}}$', unit=None, boundary='reflective')
16:34 INFO    : log10_mej_dyn=Uniform(minimum=-3.0, maximum=-1.0, name='log10_mej_dyn', latex_label='$\\log_{10}M^{\\rm{dyn}}_{\\rm{ej}}$', unit=None, boundary='reflective')
16:34 INFO    : log10_mej_dyn=Uniform(minimum=-3.0, maximum=-1.0, name='log10_mej_dyn', latex_label='$\\log_{10}M^{\\rm{dyn}}_{\\rm{ej}}$', unit=None, boundary='reflective')
16:34 INFO    : log10_mej_dyn=Uniform(minimum=-3.0, maximum=-1.0, name='log10_mej_dyn', latex_label='$\\log_{10}M^{\\rm{dyn}}_{\\rm{ej}}$', unit=None, boundary='reflective')
16:34 INFO    : log10_mej_dyn=Uniform(minimum=-3.0, maximum=-1.0, name='log10_mej_dyn', latex_label='$\\log_{10}M^{\\rm{dyn}}_{\\rm{ej}}$', unit=None, boundary='reflective')
16:34 INFO    : log10_mej_dyn=Uniform(minimum=-3.0, maximum=-1.0, name='log10_mej_dyn', latex_label='$\\log_{10}M^{\\rm{dyn}}_{\\rm{ej}}$', unit=None, boundary='reflective')
16:34 INFO    : log10_mej_dyn=Uniform(minimum=-3.0, maximum=-1.0, name='log10_mej_dyn', latex_label='$\\log_{10}M^{\\rm{dyn}}_{\\rm{ej}}$', unit=None, boundary='reflective')
16:34 INFO    : log10_mej_dyn=Uniform(minimum=-3.0, maximum=-1.0, name='log10_mej_dyn', latex_label='$\\log_{10}M^{\\rm{dyn}}_{\\rm{ej}}$', unit=None, boundary='reflective')
16:34 INFO    : log10_mej_dyn=Uniform(minimum=-3.0, maximum=-1.0, name='log10_mej_dyn', latex_label='$\\log_{10}M^{\\rm{dyn}}_{\\rm{ej}}$', unit=None, boundary='reflective')
16:34 INFO    : log10_mej_dyn=Uniform(minimum=-3.0, maximum=-1.0, name='log10_mej_dyn', latex_label='$\\log_{10}M^{\\rm{dyn}}_{\\rm{ej}}$', unit=None, boundary='reflective')
16:34 INFO    : KNphi=Uniform(minimum=15.0, maximum=75.0, name='KNphi', latex_label='$\\Phi$', unit=None, boundary=None)
16:34 INFO    : KNphi=Uniform(minimum=15.0, maximum=75.0, name='KNphi', latex_label='$\\Phi$', unit=None, boundary=None)
16:34 INFO    : log10_mej_dyn=Uniform(minimum=-3.0, maximum=-1.0, name='log10_mej_dyn', latex_label='$\\log_{10}M^{\\rm{dyn}}_{\\rm{ej}}$', unit=None, boundary='reflective')
16:34 INFO    : KNphi=Uniform(minimum=15.0, maximum=75.0, name='KNphi', latex_label='$\\Phi$', unit=None, boundary=None)
16:34 INFO    : KNphi=Uniform(minimum=15.0, maximum=75.0, name='KNphi', latex_label='$\\Phi$', unit=None, boundary=None)
16:34 INFO    : KNphi=Uniform(minimum=15.0, maximum=75.0, name='KNphi', latex_label='$\\Phi$', unit=None, boundary=None)
16:34 INFO    : KNphi=Uniform(minimum=15.0, maximum=75.0, name='KNphi', latex_label='$\\Phi$', unit=None, boundary=None)
16:34 INFO    : log10_mej_dyn=Uniform(minimum=-3.0, maximum=-1.0, name='log10_mej_dyn', latex_label='$\\log_{10}M^{\\rm{dyn}}_{\\rm{ej}}$', unit=None, boundary='reflective')
16:34 INFO    : KNphi=Uniform(minimum=15.0, maximum=75.0, name='KNphi', latex_label='$\\Phi$', unit=None, boundary=None)
16:34 INFO    : log10_mej_dyn=Uniform(minimum=-3.0, maximum=-1.0, name='log10_mej_dyn', latex_label='$\\log_{10}M^{\\rm{dyn}}_{\\rm{ej}}$', unit=None, boundary='reflective')
16:34 INFO    : KNphi=Uniform(minimum=15.0, maximum=75.0, name='KNphi', latex_label='$\\Phi$', unit=None, boundary=None)
16:34 INFO    : log10_mej_dyn=Uniform(minimum=-3.0, maximum=-1.0, name='log10_mej_dyn', latex_label='$\\log_{10}M^{\\rm{dyn}}_{\\rm{ej}}$', unit=None, boundary='reflective')
16:34 INFO    : log10_mej_dyn=Uniform(minimum=-3.0, maximum=-1.0, name='log10_mej_dyn', latex_label='$\\log_{10}M^{\\rm{dyn}}_{\\rm{ej}}$', unit=None, boundary='reflective')
16:34 INFO    : log10_mej_dyn=Uniform(minimum=-3.0, maximum=-1.0, name='log10_mej_dyn', latex_label='$\\log_{10}M^{\\rm{dyn}}_{\\rm{ej}}$', unit=None, boundary='reflective')
16:34 INFO    : log10_mej_dyn=Uniform(minimum=-3.0, maximum=-1.0, name='log10_mej_dyn', latex_label='$\\log_{10}M^{\\rm{dyn}}_{\\rm{ej}}$', unit=None, boundary='reflective')
16:34 INFO    : log10_mej_dyn=Uniform(minimum=-3.0, maximum=-1.0, name='log10_mej_dyn', latex_label='$\\log_{10}M^{\\rm{dyn}}_{\\rm{ej}}$', unit=None, boundary='reflective')
16:34 INFO    : log10_mej_dyn=Uniform(minimum=-3.0, maximum=-1.0, name='log10_mej_dyn', latex_label='$\\log_{10}M^{\\rm{dyn}}_{\\rm{ej}}$', unit=None, boundary='reflective')
16:34 INFO    : log10_mej_dyn=Uniform(minimum=-3.0, maximum=-1.0, name='log10_mej_dyn', latex_label='$\\log_{10}M^{\\rm{dyn}}_{\\rm{ej}}$', unit=None, boundary='reflective')
16:34 INFO    : log10_mej_wind=Uniform(minimum=-3.0, maximum=-0.5, name='log10_mej_wind', latex_label='$\\log_{10}M^{\\rm{wind}}_{\\rm{ej}}$', unit=None, boundary='reflective')
16:34 INFO    : log10_mej_wind=Uniform(minimum=-3.0, maximum=-0.5, name='log10_mej_wind', latex_label='$\\log_{10}M^{\\rm{wind}}_{\\rm{ej}}$', unit=None, boundary='reflective')
16:34 INFO    : log10_mej_wind=Uniform(minimum=-3.0, maximum=-0.5, name='log10_mej_wind', latex_label='$\\log_{10}M^{\\rm{wind}}_{\\rm{ej}}$', unit=None, boundary='reflective')
16:34 INFO    : log10_mej_dyn=Uniform(minimum=-3.0, maximum=-1.0, name='log10_mej_dyn', latex_label='$\\log_{10}M^{\\rm{dyn}}_{\\rm{ej}}$', unit=None, boundary='reflective')
16:34 INFO    : log10_mej_wind=Uniform(minimum=-3.0, maximum=-0.5, name='log10_mej_wind', latex_label='$\\log_{10}M^{\\rm{wind}}_{\\rm{ej}}$', unit=None, boundary='reflective')
16:34 INFO    : log10_mej_wind=Uniform(minimum=-3.0, maximum=-0.5, name='log10_mej_wind', latex_label='$\\log_{10}M^{\\rm{wind}}_{\\rm{ej}}$', unit=None, boundary='reflective')
16:34 INFO    : log10_mej_wind=Uniform(minimum=-3.0, maximum=-0.5, name='log10_mej_wind', latex_label='$\\log_{10}M^{\\rm{wind}}_{\\rm{ej}}$', unit=None, boundary='reflective')
16:34 INFO    : log10_mej_wind=Uniform(minimum=-3.0, maximum=-0.5, name='log10_mej_wind', latex_label='$\\log_{10}M^{\\rm{wind}}_{\\rm{ej}}$', unit=None, boundary='reflective')
16:34 INFO    : log10_mej_wind=Uniform(minimum=-3.0, maximum=-0.5, name='log10_mej_wind', latex_label='$\\log_{10}M^{\\rm{wind}}_{\\rm{ej}}$', unit=None, boundary='reflective')
16:34 INFO    : log10_mej_wind=Uniform(minimum=-3.0, maximum=-0.5, name='log10_mej_wind', latex_label='$\\log_{10}M^{\\rm{wind}}_{\\rm{ej}}$', unit=None, boundary='reflective')
16:34 INFO    : log10_mej_wind=Uniform(minimum=-3.0, maximum=-0.5, name='log10_mej_wind', latex_label='$\\log_{10}M^{\\rm{wind}}_{\\rm{ej}}$', unit=None, boundary='reflective')
16:34 INFO    : log10_mej_dyn=Uniform(minimum=-3.0, maximum=-1.0, name='log10_mej_dyn', latex_label='$\\log_{10}M^{\\rm{dyn}}_{\\rm{ej}}$', unit=None, boundary='reflective')
16:34 INFO    : log10_mej_wind=Uniform(minimum=-3.0, maximum=-0.5, name='log10_mej_wind', latex_label='$\\log_{10}M^{\\rm{wind}}_{\\rm{ej}}$', unit=None, boundary='reflective')
16:34 INFO    : log10_mej_dyn=Uniform(minimum=-3.0, maximum=-1.0, name='log10_mej_dyn', latex_label='$\\log_{10}M^{\\rm{dyn}}_{\\rm{ej}}$', unit=None, boundary='reflective')
16:34 INFO    : log10_mej_dyn=Uniform(minimum=-3.0, maximum=-1.0, name='log10_mej_dyn', latex_label='$\\log_{10}M^{\\rm{dyn}}_{\\rm{ej}}$', unit=None, boundary='reflective')
16:34 INFO    : log10_mej_dyn=Uniform(minimum=-3.0, maximum=-1.0, name='log10_mej_dyn', latex_label='$\\log_{10}M^{\\rm{dyn}}_{\\rm{ej}}$', unit=None, boundary='reflective')
16:34 INFO    : log10_mej_dyn=Uniform(minimum=-3.0, maximum=-1.0, name='log10_mej_dyn', latex_label='$\\log_{10}M^{\\rm{dyn}}_{\\rm{ej}}$', unit=None, boundary='reflective')
16:34 INFO    : log10_mej_dyn=Uniform(minimum=-3.0, maximum=-1.0, name='log10_mej_dyn', latex_label='$\\log_{10}M^{\\rm{dyn}}_{\\rm{ej}}$', unit=None, boundary='reflective')
16:34 INFO    : log10_mej_wind=Uniform(minimum=-3.0, maximum=-0.5, name='log10_mej_wind', latex_label='$\\log_{10}M^{\\rm{wind}}_{\\rm{ej}}$', unit=None, boundary='reflective')
16:34 INFO    : log10_mej_dyn=Uniform(minimum=-3.0, maximum=-1.0, name='log10_mej_dyn', latex_label='$\\log_{10}M^{\\rm{dyn}}_{\\rm{ej}}$', unit=None, boundary='reflective')
16:34 INFO    : log10_mej_wind=Uniform(minimum=-3.0, maximum=-0.5, name='log10_mej_wind', latex_label='$\\log_{10}M^{\\rm{wind}}_{\\rm{ej}}$', unit=None, boundary='reflective')
16:34 INFO    : log10_mej_wind=Uniform(minimum=-3.0, maximum=-0.5, name='log10_mej_wind', latex_label='$\\log_{10}M^{\\rm{wind}}_{\\rm{ej}}$', unit=None, boundary='reflective')
16:34 INFO    : log10_mej_wind=Uniform(minimum=-3.0, maximum=-0.5, name='log10_mej_wind', latex_label='$\\log_{10}M^{\\rm{wind}}_{\\rm{ej}}$', unit=None, boundary='reflective')
16:34 INFO    : log10_mej_dyn=Uniform(minimum=-3.0, maximum=-1.0, name='log10_mej_dyn', latex_label='$\\log_{10}M^{\\rm{dyn}}_{\\rm{ej}}$', unit=None, boundary='reflective')
16:34 INFO    : log10_mej_wind=Uniform(minimum=-3.0, maximum=-0.5, name='log10_mej_wind', latex_label='$\\log_{10}M^{\\rm{wind}}_{\\rm{ej}}$', unit=None, boundary='reflective')
16:34 INFO    : log10_mej_wind=Uniform(minimum=-3.0, maximum=-0.5, name='log10_mej_wind', latex_label='$\\log_{10}M^{\\rm{wind}}_{\\rm{ej}}$', unit=None, boundary='reflective')
16:34 INFO    : log10_mej_wind=Uniform(minimum=-3.0, maximum=-0.5, name='log10_mej_wind', latex_label='$\\log_{10}M^{\\rm{wind}}_{\\rm{ej}}$', unit=None, boundary='reflective')
16:34 INFO    : log10_mej_wind=Uniform(minimum=-3.0, maximum=-0.5, name='log10_mej_wind', latex_label='$\\log_{10}M^{\\rm{wind}}_{\\rm{ej}}$', unit=None, boundary='reflective')
16:34 INFO    : log10_mej_wind=Uniform(minimum=-3.0, maximum=-0.5, name='log10_mej_wind', latex_label='$\\log_{10}M^{\\rm{wind}}_{\\rm{ej}}$', unit=None, boundary='reflective')
16:34 INFO    : inclination_EM=Sine(minimum=0.0, maximum=1.5707963267948966, name='inclination_EM', latex_label='$\\iota$', unit=None, boundary=None)
16:34 INFO    : inclination_EM=Sine(minimum=0.0, maximum=1.5707963267948966, name='inclination_EM', latex_label='$\\iota$', unit=None, boundary=None)
16:34 INFO    : inclination_EM=Sine(minimum=0.0, maximum=1.5707963267948966, name='inclination_EM', latex_label='$\\iota$', unit=None, boundary=None)
16:34 INFO    : log10_mej_wind=Uniform(minimum=-3.0, maximum=-0.5, name='log10_mej_wind', latex_label='$\\log_{10}M^{\\rm{wind}}_{\\rm{ej}}$', unit=None, boundary='reflective')
16:34 INFO    : inclination_EM=Sine(minimum=0.0, maximum=1.5707963267948966, name='inclination_EM', latex_label='$\\iota$', unit=None, boundary=None)
16:34 INFO    : inclination_EM=Sine(minimum=0.0, maximum=1.5707963267948966, name='inclination_EM', latex_label='$\\iota$', unit=None, boundary=None)
16:34 INFO    : inclination_EM=Sine(minimum=0.0, maximum=1.5707963267948966, name='inclination_EM', latex_label='$\\iota$', unit=None, boundary=None)
16:34 INFO    : log10_mej_wind=Uniform(minimum=-3.0, maximum=-0.5, name='log10_mej_wind', latex_label='$\\log_{10}M^{\\rm{wind}}_{\\rm{ej}}$', unit=None, boundary='reflective')
16:34 INFO    : log10_mej_wind=Uniform(minimum=-3.0, maximum=-0.5, name='log10_mej_wind', latex_label='$\\log_{10}M^{\\rm{wind}}_{\\rm{ej}}$', unit=None, boundary='reflective')
16:34 INFO    : inclination_EM=Sine(minimum=0.0, maximum=1.5707963267948966, name='inclination_EM', latex_label='$\\iota$', unit=None, boundary=None)
16:34 INFO    : inclination_EM=Sine(minimum=0.0, maximum=1.5707963267948966, name='inclination_EM', latex_label='$\\iota$', unit=None, boundary=None)
16:34 INFO    : inclination_EM=Sine(minimum=0.0, maximum=1.5707963267948966, name='inclination_EM', latex_label='$\\iota$', unit=None, boundary=None)
16:34 INFO    : log10_mej_wind=Uniform(minimum=-3.0, maximum=-0.5, name='log10_mej_wind', latex_label='$\\log_{10}M^{\\rm{wind}}_{\\rm{ej}}$', unit=None, boundary='reflective')
16:34 INFO    : inclination_EM=Sine(minimum=0.0, maximum=1.5707963267948966, name='inclination_EM', latex_label='$\\iota$', unit=None, boundary=None)
16:34 INFO    : log10_mej_wind=Uniform(minimum=-3.0, maximum=-0.5, name='log10_mej_wind', latex_label='$\\log_{10}M^{\\rm{wind}}_{\\rm{ej}}$', unit=None, boundary='reflective')
16:34 INFO    : log10_mej_wind=Uniform(minimum=-3.0, maximum=-0.5, name='log10_mej_wind', latex_label='$\\log_{10}M^{\\rm{wind}}_{\\rm{ej}}$', unit=None, boundary='reflective')
16:34 INFO    : inclination_EM=Sine(minimum=0.0, maximum=1.5707963267948966, name='inclination_EM', latex_label='$\\iota$', unit=None, boundary=None)
16:34 INFO    : log10_mej_wind=Uniform(minimum=-3.0, maximum=-0.5, name='log10_mej_wind', latex_label='$\\log_{10}M^{\\rm{wind}}_{\\rm{ej}}$', unit=None, boundary='reflective')
16:34 INFO    : log10_mej_wind=Uniform(minimum=-3.0, maximum=-0.5, name='log10_mej_wind', latex_label='$\\log_{10}M^{\\rm{wind}}_{\\rm{ej}}$', unit=None, boundary='reflective')
16:34 INFO    : log10_mej_wind=Uniform(minimum=-3.0, maximum=-0.5, name='log10_mej_wind', latex_label='$\\log_{10}M^{\\rm{wind}}_{\\rm{ej}}$', unit=None, boundary='reflective')
16:34 INFO    : inclination_EM=Sine(minimum=0.0, maximum=1.5707963267948966, name='inclination_EM', latex_label='$\\iota$', unit=None, boundary=None)
16:34 INFO    : inclination_EM=Sine(minimum=0.0, maximum=1.5707963267948966, name='inclination_EM', latex_label='$\\iota$', unit=None, boundary=None)
16:34 INFO    : inclination_EM=Sine(minimum=0.0, maximum=1.5707963267948966, name='inclination_EM', latex_label='$\\iota$', unit=None, boundary=None)
16:34 INFO    : inclination_EM=Sine(minimum=0.0, maximum=1.5707963267948966, name='inclination_EM', latex_label='$\\iota$', unit=None, boundary=None)
16:34 INFO    : inclination_EM=Sine(minimum=0.0, maximum=1.5707963267948966, name='inclination_EM', latex_label='$\\iota$', unit=None, boundary=None)
16:34 INFO    : inclination_EM=Sine(minimum=0.0, maximum=1.5707963267948966, name='inclination_EM', latex_label='$\\iota$', unit=None, boundary=None)
16:34 INFO    : inclination_EM=Sine(minimum=0.0, maximum=1.5707963267948966, name='inclination_EM', latex_label='$\\iota$', unit=None, boundary=None)
16:34 INFO    : inclination_EM=Sine(minimum=0.0, maximum=1.5707963267948966, name='inclination_EM', latex_label='$\\iota$', unit=None, boundary=None)
16:34 INFO    : inclination_EM=Sine(minimum=0.0, maximum=1.5707963267948966, name='inclination_EM', latex_label='$\\iota$', unit=None, boundary=None)
16:34 INFO    : luminosity_distance=LogUniform(minimum=1, maximum=500, name='luminosity_distance', latex_label='$D_L$', unit=None, boundary=None)
16:34 INFO    : luminosity_distance=LogUniform(minimum=1, maximum=500, name='luminosity_distance', latex_label='$D_L$', unit=None, boundary=None)
16:34 INFO    : luminosity_distance=LogUniform(minimum=1, maximum=500, name='luminosity_distance', latex_label='$D_L$', unit=None, boundary=None)
16:34 INFO    : luminosity_distance=LogUniform(minimum=1, maximum=500, name='luminosity_distance', latex_label='$D_L$', unit=None, boundary=None)
16:34 INFO    : inclination_EM=Sine(minimum=0.0, maximum=1.5707963267948966, name='inclination_EM', latex_label='$\\iota$', unit=None, boundary=None)
16:34 INFO    : luminosity_distance=LogUniform(minimum=1, maximum=500, name='luminosity_distance', latex_label='$D_L$', unit=None, boundary=None)
16:34 INFO    : luminosity_distance=LogUniform(minimum=1, maximum=500, name='luminosity_distance', latex_label='$D_L$', unit=None, boundary=None)
16:34 INFO    : inclination_EM=Sine(minimum=0.0, maximum=1.5707963267948966, name='inclination_EM', latex_label='$\\iota$', unit=None, boundary=None)
16:34 INFO    : timeshift=0.0
16:34 INFO    : luminosity_distance=LogUniform(minimum=1, maximum=500, name='luminosity_distance', latex_label='$D_L$', unit=None, boundary=None)
16:34 INFO    : timeshift=0.0
16:34 INFO    : inclination_EM=Sine(minimum=0.0, maximum=1.5707963267948966, name='inclination_EM', latex_label='$\\iota$', unit=None, boundary=None)
16:34 INFO    : timeshift=0.0
16:34 INFO    : inclination_EM=Sine(minimum=0.0, maximum=1.5707963267948966, name='inclination_EM', latex_label='$\\iota$', unit=None, boundary=None)
16:34 INFO    : inclination_EM=Sine(minimum=0.0, maximum=1.5707963267948966, name='inclination_EM', latex_label='$\\iota$', unit=None, boundary=None)
16:34 INFO    : luminosity_distance=LogUniform(minimum=1, maximum=500, name='luminosity_distance', latex_label='$D_L$', unit=None, boundary=None)
16:34 INFO    : luminosity_distance=LogUniform(minimum=1, maximum=500, name='luminosity_distance', latex_label='$D_L$', unit=None, boundary=None)
16:34 INFO    : inclination_EM=Sine(minimum=0.0, maximum=1.5707963267948966, name='inclination_EM', latex_label='$\\iota$', unit=None, boundary=None)
16:34 INFO    : luminosity_distance=LogUniform(minimum=1, maximum=500, name='luminosity_distance', latex_label='$D_L$', unit=None, boundary=None)
16:34 INFO    : luminosity_distance=LogUniform(minimum=1, maximum=500, name='luminosity_distance', latex_label='$D_L$', unit=None, boundary=None)
16:34 INFO    : inclination_EM=Sine(minimum=0.0, maximum=1.5707963267948966, name='inclination_EM', latex_label='$\\iota$', unit=None, boundary=None)
16:34 INFO    : timeshift=0.0
16:34 INFO    : inclination_EM=Sine(minimum=0.0, maximum=1.5707963267948966, name='inclination_EM', latex_label='$\\iota$', unit=None, boundary=None)
16:34 INFO    : inclination_EM=Sine(minimum=0.0, maximum=1.5707963267948966, name='inclination_EM', latex_label='$\\iota$', unit=None, boundary=None)
16:34 INFO    : timeshift=0.0
16:34 INFO    : luminosity_distance=LogUniform(minimum=1, maximum=500, name='luminosity_distance', latex_label='$D_L$', unit=None, boundary=None)
16:34 INFO    : timeshift=0.0
16:34 INFO    : em_syserr=0.1
16:34 INFO    : luminosity_distance=LogUniform(minimum=1, maximum=500, name='luminosity_distance', latex_label='$D_L$', unit=None, boundary=None)
16:34 INFO    : em_syserr=0.1
16:34 INFO    : em_syserr=0.1
16:34 INFO    : timeshift=0.0
16:34 INFO    : luminosity_distance=LogUniform(minimum=1, maximum=500, name='luminosity_distance', latex_label='$D_L$', unit=None, boundary=None)
16:34 INFO    : luminosity_distance=LogUniform(minimum=1, maximum=500, name='luminosity_distance', latex_label='$D_L$', unit=None, boundary=None)
16:34 INFO    : timeshift=0.0
16:34 INFO    : timeshift=0.0
16:34 INFO    : luminosity_distance=LogUniform(minimum=1, maximum=500, name='luminosity_distance', latex_label='$D_L$', unit=None, boundary=None)
16:34 INFO    : em_syserr=0.1
16:34 INFO    : timeshift=0.0
16:34 INFO    : timeshift=0.0
16:34 INFO    : em_syserr=0.1
16:34 INFO    : Ebv=0.0
16:34 INFO    : em_syserr=0.1
16:34 INFO    : Ebv=0.0
16:34 INFO    : Ebv=0.0
16:34 INFO    : timeshift=0.0
16:34 INFO    : luminosity_distance=LogUniform(minimum=1, maximum=500, name='luminosity_distance', latex_label='$D_L$', unit=None, boundary=None)
16:34 INFO    : em_syserr=0.1
16:34 INFO    : timeshift=0.0
16:34 INFO    : luminosity_distance=LogUniform(minimum=1, maximum=500, name='luminosity_distance', latex_label='$D_L$', unit=None, boundary=None)
16:34 INFO    : luminosity_distance=LogUniform(minimum=1, maximum=500, name='luminosity_distance', latex_label='$D_L$', unit=None, boundary=None)
16:34 INFO    : luminosity_distance=LogUniform(minimum=1, maximum=500, name='luminosity_distance', latex_label='$D_L$', unit=None, boundary=None)
16:34 INFO    : timeshift=0.0
16:34 INFO    : timeshift=0.0
16:34 INFO    : em_syserr=0.1
16:34 INFO    : em_syserr=0.1
16:34 INFO    : Ebv=0.0
16:34 INFO    : timeshift=0.0
16:34 INFO    : Ebv=0.0
16:34 INFO    : em_syserr=0.1
16:34 INFO    : em_syserr=0.1
16:34 INFO    : Analysis likelihood class: <class 'nmma.em.likelihood.OpticalLightCurve'>
16:34 INFO    : Ebv=0.0
16:34 INFO    : Analysis likelihood class: <class 'nmma.em.likelihood.OpticalLightCurve'>
16:34 INFO    : Analysis likelihood class: <class 'nmma.em.likelihood.OpticalLightCurve'>
16:34 INFO    : em_syserr=0.1
16:34 INFO    : luminosity_distance=LogUniform(minimum=1, maximum=500, name='luminosity_distance', latex_label='$D_L$', unit=None, boundary=None)
16:34 INFO    : Ebv=0.0
16:34 INFO    : em_syserr=0.1
16:34 INFO    : timeshift=0.0
16:34 INFO    : luminosity_distance=LogUniform(minimum=1, maximum=500, name='luminosity_distance', latex_label='$D_L$', unit=None, boundary=None)
16:34 INFO    : em_syserr=0.1
16:34 INFO    : luminosity_distance=LogUniform(minimum=1, maximum=500, name='luminosity_distance', latex_label='$D_L$', unit=None, boundary=None)
16:34 INFO    : em_syserr=0.1
16:34 INFO    : luminosity_distance=LogUniform(minimum=1, maximum=500, name='luminosity_distance', latex_label='$D_L$', unit=None, boundary=None)
16:34 INFO    : timeshift=0.0
16:34 INFO    : timeshift=0.0
16:34 INFO    : luminosity_distance=LogUniform(minimum=1, maximum=500, name='luminosity_distance', latex_label='$D_L$', unit=None, boundary=None)
16:34 INFO    : Analysis likelihood class: <class 'nmma.em.likelihood.OpticalLightCurve'>
16:34 INFO    : Ebv=0.0
16:34 INFO    : Ebv=0.0
16:34 INFO    : Analysis likelihood class: <class 'nmma.em.likelihood.OpticalLightCurve'>
16:34 INFO    : Analysis likelihood noise evidence: 0.0
16:34 INFO    : timeshift=0.0
16:34 INFO    : Ebv=0.0
16:34 INFO    : em_syserr=0.1
16:34 INFO    : luminosity_distance=LogUniform(minimum=1, maximum=500, name='luminosity_distance', latex_label='$D_L$', unit=None, boundary=None)
16:34 INFO    : Ebv=0.0
16:34 INFO    : Analysis likelihood class: <class 'nmma.em.likelihood.OpticalLightCurve'>
16:34 INFO    : Analysis likelihood noise evidence: 0.0
16:34 INFO    : Analysis likelihood noise evidence: 0.0
16:34 INFO    : luminosity_distance=LogUniform(minimum=1, maximum=500, name='luminosity_distance', latex_label='$D_L$', unit=None, boundary=None)
16:34 INFO    : luminosity_distance=LogUniform(minimum=1, maximum=500, name='luminosity_distance', latex_label='$D_L$', unit=None, boundary=None)
16:34 INFO    : Ebv=0.0
16:34 INFO    : luminosity_distance=LogUniform(minimum=1, maximum=500, name='luminosity_distance', latex_label='$D_L$', unit=None, boundary=None)
16:34 INFO    : Analysis likelihood class: <class 'nmma.em.likelihood.OpticalLightCurve'>
16:34 INFO    : Ebv=0.0
16:34 INFO    : timeshift=0.0
16:34 INFO    : em_syserr=0.1
16:34 INFO    : Ebv=0.0
16:34 INFO    : timeshift=0.0
16:34 INFO    : Ebv=0.0
16:34 INFO    : timeshift=0.0
16:34 INFO    : timeshift=0.0
16:34 INFO    : em_syserr=0.1
16:34 INFO    : em_syserr=0.1
16:34 INFO    : timeshift=0.0
16:34 INFO    : Analysis likelihood class: <class 'nmma.em.likelihood.OpticalLightCurve'>
16:34 INFO    : Analysis likelihood noise evidence: 0.0
16:34 INFO    : Analysis likelihood class: <class 'nmma.em.likelihood.OpticalLightCurve'>
16:34 INFO    : Analysis likelihood noise evidence: 0.0
16:34 INFO    : Analysis likelihood class: <class 'nmma.em.likelihood.OpticalLightCurve'>
16:34 INFO    : em_syserr=0.1
16:34 INFO    : Ebv=0.0
16:34 INFO    : timeshift=0.0
16:34 INFO    : Analysis likelihood class: <class 'nmma.em.likelihood.OpticalLightCurve'>
16:34 INFO    : Analysis likelihood noise evidence: 0.0
16:34 INFO    : timeshift=0.0
16:34 INFO    : Analysis likelihood class: <class 'nmma.em.likelihood.OpticalLightCurve'>
16:34 INFO    : timeshift=0.0
16:34 INFO    : timeshift=0.0
16:34 INFO    : Analysis likelihood noise evidence: 0.0
16:34 INFO    : em_syserr=0.1
16:34 INFO    : Ebv=0.0
16:34 INFO    : Analysis likelihood class: <class 'nmma.em.likelihood.OpticalLightCurve'>
16:34 INFO    : em_syserr=0.1
16:34 INFO    : em_syserr=0.1
16:34 INFO    : em_syserr=0.1
16:34 INFO    : Analysis likelihood class: <class 'nmma.em.likelihood.OpticalLightCurve'>
16:34 INFO    : Ebv=0.0
16:34 INFO    : Analysis likelihood class: <class 'nmma.em.likelihood.OpticalLightCurve'>
16:34 INFO    : Ebv=0.0
16:34 INFO    : em_syserr=0.1
16:34 INFO    : Analysis likelihood noise evidence: 0.0
16:34 INFO    : Analysis likelihood noise evidence: 0.0
16:34 INFO    : Ebv=0.0
16:34 INFO    : Analysis likelihood noise evidence: 0.0
16:34 INFO    : em_syserr=0.1
16:34 INFO    : em_syserr=0.1
16:34 INFO    : Analysis likelihood class: <class 'nmma.em.likelihood.OpticalLightCurve'>
16:34 INFO    : Analysis likelihood noise evidence: 0.0
16:34 INFO    : em_syserr=0.1
16:34 INFO    : em_syserr=0.1
16:34 INFO    : Ebv=0.0
16:34 INFO    : Analysis likelihood noise evidence: 0.0
16:34 INFO    : Ebv=0.0
16:34 INFO    : Ebv=0.0
16:34 INFO    : Analysis likelihood class: <class 'nmma.em.likelihood.OpticalLightCurve'>
16:34 INFO    : Ebv=0.0
16:34 INFO    : Analysis likelihood noise evidence: 0.0
16:34 INFO    : Analysis likelihood class: <class 'nmma.em.likelihood.OpticalLightCurve'>
16:34 INFO    : Ebv=0.0
16:34 INFO    : Analysis likelihood noise evidence: 0.0
16:34 INFO    : Analysis likelihood class: <class 'nmma.em.likelihood.OpticalLightCurve'>
16:34 INFO    : Analysis likelihood noise evidence: 0.0
16:34 INFO    : Ebv=0.0
16:34 INFO    : Ebv=0.0
16:34 INFO    : Analysis likelihood class: <class 'nmma.em.likelihood.OpticalLightCurve'>
16:34 INFO    : Ebv=0.0
16:34 INFO    : Ebv=0.0
16:34 INFO    : Analysis likelihood noise evidence: 0.0
16:34 INFO    : Analysis likelihood class: <class 'nmma.em.likelihood.OpticalLightCurve'>
16:34 INFO    : Analysis likelihood class: <class 'nmma.em.likelihood.OpticalLightCurve'>
16:34 INFO    : Analysis likelihood class: <class 'nmma.em.likelihood.OpticalLightCurve'>
16:34 INFO    : Analysis likelihood class: <class 'nmma.em.likelihood.OpticalLightCurve'>
16:34 INFO    : Analysis likelihood class: <class 'nmma.em.likelihood.OpticalLightCurve'>
16:34 INFO    : Analysis likelihood noise evidence: 0.0
16:34 INFO    : Analysis likelihood noise evidence: 0.0
16:34 INFO    : Analysis likelihood class: <class 'nmma.em.likelihood.OpticalLightCurve'>
16:34 INFO    : Analysis likelihood noise evidence: 0.0
16:34 INFO    : Analysis likelihood class: <class 'nmma.em.likelihood.OpticalLightCurve'>
16:34 INFO    : Analysis likelihood noise evidence: 0.0
16:34 INFO    : Analysis likelihood class: <class 'nmma.em.likelihood.OpticalLightCurve'>
16:34 INFO    : Analysis likelihood class: <class 'nmma.em.likelihood.OpticalLightCurve'>
16:34 INFO    : Analysis likelihood noise evidence: 0.0
16:34 INFO    : Analysis likelihood noise evidence: 0.0
16:34 INFO    : Analysis likelihood noise evidence: 0.0
16:34 INFO    : Analysis likelihood noise evidence: 0.0
16:34 INFO    : Analysis likelihood noise evidence: 0.0
16:34 INFO    : Analysis likelihood noise evidence: 0.0
16:34 INFO    : Analysis likelihood noise evidence: 0.0
16:34 INFO    : Analysis likelihood noise evidence: 0.0
16:34 INFO    : Analysis likelihood noise evidence: 0.0
16:34 INFO    : KNphi=Uniform(minimum=15.0, maximum=75.0, name='KNphi', latex_label='$\\Phi$', unit=None, boundary=None)
16:34 INFO    : log10_mej_dyn=Uniform(minimum=-3.0, maximum=-1.0, name='log10_mej_dyn', latex_label='$\\log_{10}M^{\\rm{dyn}}_{\\rm{ej}}$', unit=None, boundary='reflective')
16:34 INFO    : Analysis priors:
16:34 INFO    : log10_mej_wind=Uniform(minimum=-3.0, maximum=-0.5, name='log10_mej_wind', latex_label='$\\log_{10}M^{\\rm{wind}}_{\\rm{ej}}$', unit=None, boundary='reflective')
16:34 INFO    : inclination_EM=Sine(minimum=0.0, maximum=1.5707963267948966, name='inclination_EM', latex_label='$\\iota$', unit=None, boundary=None)
16:34 INFO    : KNphi=Uniform(minimum=15.0, maximum=75.0, name='KNphi', latex_label='$\\Phi$', unit=None, boundary=None)
16:34 INFO    : luminosity_distance=LogUniform(minimum=1, maximum=500, name='luminosity_distance', latex_label='$D_L$', unit=None, boundary=None)
16:34 INFO    : timeshift=0.0
16:34 INFO    : log10_mej_wind=Uniform(minimum=-3.0, maximum=-0.5, name='log10_mej_wind', latex_label='$\\log_{10}M^{\\rm{wind}}_{\\rm{ej}}$', unit=None, boundary='reflective')
16:34 INFO    : em_syserr=0.1
16:34 INFO    : log10_mej_dyn=Uniform(minimum=-3.0, maximum=-1.0, name='log10_mej_dyn', latex_label='$\\log_{10}M^{\\rm{dyn}}_{\\rm{ej}}$', unit=None, boundary='reflective')
16:34 INFO    : Ebv=0.0
16:34 INFO    : Analysis likelihood class: <class 'nmma.em.likelihood.OpticalLightCurve'>
16:34 INFO    : Analysis likelihood noise evidence: 0.0
16:34 INFO    : log10_mej_wind=Uniform(minimum=-3.0, maximum=-0.5, name='log10_mej_wind', latex_label='$\\log_{10}M^{\\rm{wind}}_{\\rm{ej}}$', unit=None, boundary='reflective')
16:34 INFO    : inclination_EM=Sine(minimum=0.0, maximum=1.5707963267948966, name='inclination_EM', latex_label='$\\iota$', unit=None, boundary=None)
16:34 INFO    : inclination_EM=Sine(minimum=0.0, maximum=1.5707963267948966, name='inclination_EM', latex_label='$\\iota$', unit=None, boundary=None)
16:34 INFO    : luminosity_distance=LogUniform(minimum=1, maximum=500, name='luminosity_distance', latex_label='$D_L$', unit=None, boundary=None)
16:34 INFO    : timeshift=0.0
16:34 INFO    : em_syserr=0.1
16:34 INFO    : luminosity_distance=LogUniform(minimum=1, maximum=500, name='luminosity_distance', latex_label='$D_L$', unit=None, boundary=None)
16:34 INFO    : Ebv=0.0
16:34 INFO    : timeshift=0.0
16:34 INFO    : Analysis likelihood class: <class 'nmma.em.likelihood.OpticalLightCurve'>
16:34 INFO    : em_syserr=0.1
16:34 INFO    : Analysis likelihood noise evidence: 0.0
16:34 INFO    : Ebv=0.0
16:34 INFO    : Analysis likelihood class: <class 'nmma.em.likelihood.OpticalLightCurve'>
16:34 INFO    : Analysis likelihood noise evidence: 0.0
16:34 INFO    : Single likelihood evaluation took 2.865e-01 s
16:34 INFO    : Single likelihood evaluation took 2.871e-01 s
16:34 INFO    : Single likelihood evaluation took 2.879e-01 s
16:34 INFO    : Single likelihood evaluation took 2.886e-01 s
16:34 WARNING : Supplied argument 'queue_size' not an argument of 'Pymultinest', removing.
16:34 WARNING : Supplied argument 'check_point_delta_t' not an argument of 'Pymultinest', removing.
16:34 INFO    : Using sampler Pymultinest with kwargs {'importance_nested_sampling': False, 'resume': True, 'verbose': True, 'sampling_efficiency': 'parameter', 'n_live_points': 2048, 'n_params': 5, 'n_clustering_params': None, 'wrapped_params': None, 'multimodal': True, 'const_efficiency_mode': False, 'evidence_tolerance': 0.5, 'n_iter_before_update': 100, 'null_log_evidence': -1e+90, 'max_modes': 100, 'mode_tolerance': -1e+90, 'seed': 42, 'context': 0, 'write_output': True, 'log_zero': -1e+100, 'max_iter': 0, 'init_MPI': False, 'dump_callback': <bound method Pymultinest._dump_callback of <bilby.core.sampler.pymultinest.Pymultinest object at 0x1554f7421fc0>>}
16:34 INFO    : Temporary directory incompatible with MPI, will run in original directory
16:34 INFO    : Using output file outdirBNSBu32cores/pm_AT170817/
16:34 WARNING : Supplied argument 'queue_size' not an argument of 'Pymultinest', removing.
16:34 WARNING : Supplied argument 'check_point_delta_t' not an argument of 'Pymultinest', removing.
16:34 INFO    : Using sampler Pymultinest with kwargs {'importance_nested_sampling': False, 'resume': True, 'verbose': True, 'sampling_efficiency': 'parameter', 'n_live_points': 2048, 'n_params': 5, 'n_clustering_params': None, 'wrapped_params': None, 'multimodal': True, 'const_efficiency_mode': False, 'evidence_tolerance': 0.5, 'n_iter_before_update': 100, 'null_log_evidence': -1e+90, 'max_modes': 100, 'mode_tolerance': -1e+90, 'seed': 42, 'context': 0, 'write_output': True, 'log_zero': -1e+100, 'max_iter': 0, 'init_MPI': False, 'dump_callback': <bound method Pymultinest._dump_callback of <bilby.core.sampler.pymultinest.Pymultinest object at 0x1554f39d5bd0>>}
16:34 INFO    : Temporary directory incompatible with MPI, will run in original directory
16:34 INFO    : Using output file outdirBNSBu32cores/pm_AT170817/
16:34 WARNING : Supplied argument 'queue_size' not an argument of 'Pymultinest', removing.
16:34 WARNING : Supplied argument 'check_point_delta_t' not an argument of 'Pymultinest', removing.
16:34 INFO    : Using sampler Pymultinest with kwargs {'importance_nested_sampling': False, 'resume': True, 'verbose': True, 'sampling_efficiency': 'parameter', 'n_live_points': 2048, 'n_params': 5, 'n_clustering_params': None, 'wrapped_params': None, 'multimodal': True, 'const_efficiency_mode': False, 'evidence_tolerance': 0.5, 'n_iter_before_update': 100, 'null_log_evidence': -1e+90, 'max_modes': 100, 'mode_tolerance': -1e+90, 'seed': 42, 'context': 0, 'write_output': True, 'log_zero': -1e+100, 'max_iter': 0, 'init_MPI': False, 'dump_callback': <bound method Pymultinest._dump_callback of <bilby.core.sampler.pymultinest.Pymultinest object at 0x1554f4d42080>>}
16:34 INFO    : Temporary directory incompatible with MPI, will run in original directory
16:34 INFO    : Using output file outdirBNSBu32cores/pm_AT170817/
16:34 WARNING : Supplied argument 'queue_size' not an argument of 'Pymultinest', removing.
16:34 WARNING : Supplied argument 'check_point_delta_t' not an argument of 'Pymultinest', removing.
16:34 INFO    : Using sampler Pymultinest with kwargs {'importance_nested_sampling': False, 'resume': True, 'verbose': True, 'sampling_efficiency': 'parameter', 'n_live_points': 2048, 'n_params': 5, 'n_clustering_params': None, 'wrapped_params': None, 'multimodal': True, 'const_efficiency_mode': False, 'evidence_tolerance': 0.5, 'n_iter_before_update': 100, 'null_log_evidence': -1e+90, 'max_modes': 100, 'mode_tolerance': -1e+90, 'seed': 42, 'context': 0, 'write_output': True, 'log_zero': -1e+100, 'max_iter': 0, 'init_MPI': False, 'dump_callback': <bound method Pymultinest._dump_callback of <bilby.core.sampler.pymultinest.Pymultinest object at 0x1554f39c6620>>}
16:34 INFO    : Temporary directory incompatible with MPI, will run in original directory
16:34 INFO    : Using output file outdirBNSBu32cores/pm_AT170817/
16:34 INFO    : Single likelihood evaluation took 2.925e-01 s
16:34 INFO    : Single likelihood evaluation took 2.926e-01 s
16:34 INFO    : Single likelihood evaluation took 2.926e-01 s
16:34 INFO    : Single likelihood evaluation took 2.926e-01 s
16:34 WARNING : Supplied argument 'queue_size' not an argument of 'Pymultinest', removing.
16:34 WARNING : Supplied argument 'check_point_delta_t' not an argument of 'Pymultinest', removing.
16:34 INFO    : Using sampler Pymultinest with kwargs {'importance_nested_sampling': False, 'resume': True, 'verbose': True, 'sampling_efficiency': 'parameter', 'n_live_points': 2048, 'n_params': 5, 'n_clustering_params': None, 'wrapped_params': None, 'multimodal': True, 'const_efficiency_mode': False, 'evidence_tolerance': 0.5, 'n_iter_before_update': 100, 'null_log_evidence': -1e+90, 'max_modes': 100, 'mode_tolerance': -1e+90, 'seed': 42, 'context': 0, 'write_output': True, 'log_zero': -1e+100, 'max_iter': 0, 'init_MPI': False, 'dump_callback': <bound method Pymultinest._dump_callback of <bilby.core.sampler.pymultinest.Pymultinest object at 0x1554eb1b62c0>>}
16:34 INFO    : Temporary directory incompatible with MPI, will run in original directory
16:34 INFO    : Using output file outdirBNSBu32cores/pm_AT170817/
16:34 WARNING : Supplied argument 'queue_size' not an argument of 'Pymultinest', removing.
16:34 WARNING : Supplied argument 'check_point_delta_t' not an argument of 'Pymultinest', removing.
16:34 INFO    : Using sampler Pymultinest with kwargs {'importance_nested_sampling': False, 'resume': True, 'verbose': True, 'sampling_efficiency': 'parameter', 'n_live_points': 2048, 'n_params': 5, 'n_clustering_params': None, 'wrapped_params': None, 'multimodal': True, 'const_efficiency_mode': False, 'evidence_tolerance': 0.5, 'n_iter_before_update': 100, 'null_log_evidence': -1e+90, 'max_modes': 100, 'mode_tolerance': -1e+90, 'seed': 42, 'context': 0, 'write_output': True, 'log_zero': -1e+100, 'max_iter': 0, 'init_MPI': False, 'dump_callback': <bound method Pymultinest._dump_callback of <bilby.core.sampler.pymultinest.Pymultinest object at 0x1554f12f1fc0>>}
16:34 INFO    : Temporary directory incompatible with MPI, will run in original directory
16:34 INFO    : Using output file outdirBNSBu32cores/pm_AT170817/
16:34 WARNING : Supplied argument 'queue_size' not an argument of 'Pymultinest', removing.
16:34 WARNING : Supplied argument 'queue_size' not an argument of 'Pymultinest', removing.
16:34 WARNING : Supplied argument 'check_point_delta_t' not an argument of 'Pymultinest', removing.
16:34 WARNING : Supplied argument 'check_point_delta_t' not an argument of 'Pymultinest', removing.
16:34 INFO    : Using sampler Pymultinest with kwargs {'importance_nested_sampling': False, 'resume': True, 'verbose': True, 'sampling_efficiency': 'parameter', 'n_live_points': 2048, 'n_params': 5, 'n_clustering_params': None, 'wrapped_params': None, 'multimodal': True, 'const_efficiency_mode': False, 'evidence_tolerance': 0.5, 'n_iter_before_update': 100, 'null_log_evidence': -1e+90, 'max_modes': 100, 'mode_tolerance': -1e+90, 'seed': 42, 'context': 0, 'write_output': True, 'log_zero': -1e+100, 'max_iter': 0, 'init_MPI': False, 'dump_callback': <bound method Pymultinest._dump_callback of <bilby.core.sampler.pymultinest.Pymultinest object at 0x1554eb1c1ab0>>}
16:34 INFO    : Using sampler Pymultinest with kwargs {'importance_nested_sampling': False, 'resume': True, 'verbose': True, 'sampling_efficiency': 'parameter', 'n_live_points': 2048, 'n_params': 5, 'n_clustering_params': None, 'wrapped_params': None, 'multimodal': True, 'const_efficiency_mode': False, 'evidence_tolerance': 0.5, 'n_iter_before_update': 100, 'null_log_evidence': -1e+90, 'max_modes': 100, 'mode_tolerance': -1e+90, 'seed': 42, 'context': 0, 'write_output': True, 'log_zero': -1e+100, 'max_iter': 0, 'init_MPI': False, 'dump_callback': <bound method Pymultinest._dump_callback of <bilby.core.sampler.pymultinest.Pymultinest object at 0x1554f4d41f60>>}
16:34 INFO    : Temporary directory incompatible with MPI, will run in original directory
16:34 INFO    : Temporary directory incompatible with MPI, will run in original directory
16:34 INFO    : Using output file outdirBNSBu32cores/pm_AT170817/
16:34 INFO    : Using output file outdirBNSBu32cores/pm_AT170817/
16:34 INFO    : Single likelihood evaluation took 3.396e-01 s
16:34 INFO    : Single likelihood evaluation took 3.403e-01 s
16:34 INFO    : Single likelihood evaluation took 3.404e-01 s
16:34 WARNING : Supplied argument 'queue_size' not an argument of 'Pymultinest', removing.
16:34 WARNING : Supplied argument 'check_point_delta_t' not an argument of 'Pymultinest', removing.
16:34 INFO    : Using sampler Pymultinest with kwargs {'importance_nested_sampling': False, 'resume': True, 'verbose': True, 'sampling_efficiency': 'parameter', 'n_live_points': 2048, 'n_params': 5, 'n_clustering_params': None, 'wrapped_params': None, 'multimodal': True, 'const_efficiency_mode': False, 'evidence_tolerance': 0.5, 'n_iter_before_update': 100, 'null_log_evidence': -1e+90, 'max_modes': 100, 'mode_tolerance': -1e+90, 'seed': 42, 'context': 0, 'write_output': True, 'log_zero': -1e+100, 'max_iter': 0, 'init_MPI': False, 'dump_callback': <bound method Pymultinest._dump_callback of <bilby.core.sampler.pymultinest.Pymultinest object at 0x1554f60b2170>>}
16:34 INFO    : Temporary directory incompatible with MPI, will run in original directory
16:34 INFO    : Using output file outdirBNSBu32cores/pm_AT170817/
16:34 WARNING : Supplied argument 'queue_size' not an argument of 'Pymultinest', removing.
16:34 WARNING : Supplied argument 'check_point_delta_t' not an argument of 'Pymultinest', removing.
16:34 INFO    : Using sampler Pymultinest with kwargs {'importance_nested_sampling': False, 'resume': True, 'verbose': True, 'sampling_efficiency': 'parameter', 'n_live_points': 2048, 'n_params': 5, 'n_clustering_params': None, 'wrapped_params': None, 'multimodal': True, 'const_efficiency_mode': False, 'evidence_tolerance': 0.5, 'n_iter_before_update': 100, 'null_log_evidence': -1e+90, 'max_modes': 100, 'mode_tolerance': -1e+90, 'seed': 42, 'context': 0, 'write_output': True, 'log_zero': -1e+100, 'max_iter': 0, 'init_MPI': False, 'dump_callback': <bound method Pymultinest._dump_callback of <bilby.core.sampler.pymultinest.Pymultinest object at 0x1554f60b5ba0>>}
16:34 INFO    : Temporary directory incompatible with MPI, will run in original directory
16:34 INFO    : Using output file outdirBNSBu32cores/pm_AT170817/
16:34 WARNING : Supplied argument 'queue_size' not an argument of 'Pymultinest', removing.
16:34 WARNING : Supplied argument 'check_point_delta_t' not an argument of 'Pymultinest', removing.
16:34 INFO    : Using sampler Pymultinest with kwargs {'importance_nested_sampling': False, 'resume': True, 'verbose': True, 'sampling_efficiency': 'parameter', 'n_live_points': 2048, 'n_params': 5, 'n_clustering_params': None, 'wrapped_params': None, 'multimodal': True, 'const_efficiency_mode': False, 'evidence_tolerance': 0.5, 'n_iter_before_update': 100, 'null_log_evidence': -1e+90, 'max_modes': 100, 'mode_tolerance': -1e+90, 'seed': 42, 'context': 0, 'write_output': True, 'log_zero': -1e+100, 'max_iter': 0, 'init_MPI': False, 'dump_callback': <bound method Pymultinest._dump_callback of <bilby.core.sampler.pymultinest.Pymultinest object at 0x1554f60aa230>>}
16:34 INFO    : Temporary directory incompatible with MPI, will run in original directory
16:34 INFO    : Using output file outdirBNSBu32cores/pm_AT170817/
16:34 INFO    : Single likelihood evaluation took 3.433e-01 s
16:34 INFO    : Single likelihood evaluation took 3.440e-01 s
16:34 WARNING : Supplied argument 'queue_size' not an argument of 'Pymultinest', removing.
16:34 WARNING : Supplied argument 'check_point_delta_t' not an argument of 'Pymultinest', removing.
16:34 INFO    : Using sampler Pymultinest with kwargs {'importance_nested_sampling': False, 'resume': True, 'verbose': True, 'sampling_efficiency': 'parameter', 'n_live_points': 2048, 'n_params': 5, 'n_clustering_params': None, 'wrapped_params': None, 'multimodal': True, 'const_efficiency_mode': False, 'evidence_tolerance': 0.5, 'n_iter_before_update': 100, 'null_log_evidence': -1e+90, 'max_modes': 100, 'mode_tolerance': -1e+90, 'seed': 42, 'context': 0, 'write_output': True, 'log_zero': -1e+100, 'max_iter': 0, 'init_MPI': False, 'dump_callback': <bound method Pymultinest._dump_callback of <bilby.core.sampler.pymultinest.Pymultinest object at 0x1554f7421db0>>}
16:34 INFO    : Temporary directory incompatible with MPI, will run in original directory
16:34 INFO    : Using output file outdirBNSBu32cores/pm_AT170817/
16:34 INFO    : Single likelihood evaluation took 3.451e-01 s
16:34 INFO    : Single likelihood evaluation took 3.451e-01 s
16:34 INFO    : Single likelihood evaluation took 3.451e-01 s
16:34 WARNING : Supplied argument 'queue_size' not an argument of 'Pymultinest', removing.
16:34 WARNING : Supplied argument 'check_point_delta_t' not an argument of 'Pymultinest', removing.
16:34 INFO    : Using sampler Pymultinest with kwargs {'importance_nested_sampling': False, 'resume': True, 'verbose': True, 'sampling_efficiency': 'parameter', 'n_live_points': 2048, 'n_params': 5, 'n_clustering_params': None, 'wrapped_params': None, 'multimodal': True, 'const_efficiency_mode': False, 'evidence_tolerance': 0.5, 'n_iter_before_update': 100, 'null_log_evidence': -1e+90, 'max_modes': 100, 'mode_tolerance': -1e+90, 'seed': 42, 'context': 0, 'write_output': True, 'log_zero': -1e+100, 'max_iter': 0, 'init_MPI': False, 'dump_callback': <bound method Pymultinest._dump_callback of <bilby.core.sampler.pymultinest.Pymultinest object at 0x1554eb1be050>>}
16:34 INFO    : Temporary directory incompatible with MPI, will run in original directory
16:34 INFO    : Using output file outdirBNSBu32cores/pm_AT170817/
16:34 WARNING : Supplied argument 'queue_size' not an argument of 'Pymultinest', removing.
16:34 WARNING : Supplied argument 'check_point_delta_t' not an argument of 'Pymultinest', removing.
16:34 INFO    : Using sampler Pymultinest with kwargs {'importance_nested_sampling': False, 'resume': True, 'verbose': True, 'sampling_efficiency': 'parameter', 'n_live_points': 2048, 'n_params': 5, 'n_clustering_params': None, 'wrapped_params': None, 'multimodal': True, 'const_efficiency_mode': False, 'evidence_tolerance': 0.5, 'n_iter_before_update': 100, 'null_log_evidence': -1e+90, 'max_modes': 100, 'mode_tolerance': -1e+90, 'seed': 42, 'context': 0, 'write_output': True, 'log_zero': -1e+100, 'max_iter': 0, 'init_MPI': False, 'dump_callback': <bound method Pymultinest._dump_callback of <bilby.core.sampler.pymultinest.Pymultinest object at 0x1554f7421cf0>>}
16:34 WARNING : Supplied argument 'queue_size' not an argument of 'Pymultinest', removing.
16:34 WARNING : Supplied argument 'check_point_delta_t' not an argument of 'Pymultinest', removing.
16:34 INFO    : Temporary directory incompatible with MPI, will run in original directory
16:34 INFO    : Using sampler Pymultinest with kwargs {'importance_nested_sampling': False, 'resume': True, 'verbose': True, 'sampling_efficiency': 'parameter', 'n_live_points': 2048, 'n_params': 5, 'n_clustering_params': None, 'wrapped_params': None, 'multimodal': True, 'const_efficiency_mode': False, 'evidence_tolerance': 0.5, 'n_iter_before_update': 100, 'null_log_evidence': -1e+90, 'max_modes': 100, 'mode_tolerance': -1e+90, 'seed': 42, 'context': 0, 'write_output': True, 'log_zero': -1e+100, 'max_iter': 0, 'init_MPI': False, 'dump_callback': <bound method Pymultinest._dump_callback of <bilby.core.sampler.pymultinest.Pymultinest object at 0x1554f39c6890>>}
16:34 INFO    : Using output file outdirBNSBu32cores/pm_AT170817/
16:34 INFO    : Temporary directory incompatible with MPI, will run in original directory
16:34 WARNING : Supplied argument 'queue_size' not an argument of 'Pymultinest', removing.
16:34 INFO    : Using output file outdirBNSBu32cores/pm_AT170817/
16:34 WARNING : Supplied argument 'check_point_delta_t' not an argument of 'Pymultinest', removing.
16:34 INFO    : Using sampler Pymultinest with kwargs {'importance_nested_sampling': False, 'resume': True, 'verbose': True, 'sampling_efficiency': 'parameter', 'n_live_points': 2048, 'n_params': 5, 'n_clustering_params': None, 'wrapped_params': None, 'multimodal': True, 'const_efficiency_mode': False, 'evidence_tolerance': 0.5, 'n_iter_before_update': 100, 'null_log_evidence': -1e+90, 'max_modes': 100, 'mode_tolerance': -1e+90, 'seed': 42, 'context': 0, 'write_output': True, 'log_zero': -1e+100, 'max_iter': 0, 'init_MPI': False, 'dump_callback': <bound method Pymultinest._dump_callback of <bilby.core.sampler.pymultinest.Pymultinest object at 0x1554f7421e70>>}
16:34 INFO    : Temporary directory incompatible with MPI, will run in original directory
16:34 INFO    : Using output file outdirBNSBu32cores/pm_AT170817/
16:34 INFO    : Single likelihood evaluation took 4.195e-01 s
16:34 WARNING : Supplied argument 'queue_size' not an argument of 'Pymultinest', removing.
16:34 WARNING : Supplied argument 'check_point_delta_t' not an argument of 'Pymultinest', removing.
16:34 INFO    : Using sampler Pymultinest with kwargs {'importance_nested_sampling': False, 'resume': True, 'verbose': True, 'sampling_efficiency': 'parameter', 'n_live_points': 2048, 'n_params': 5, 'n_clustering_params': None, 'wrapped_params': None, 'multimodal': True, 'const_efficiency_mode': False, 'evidence_tolerance': 0.5, 'n_iter_before_update': 100, 'null_log_evidence': -1e+90, 'max_modes': 100, 'mode_tolerance': -1e+90, 'seed': 42, 'context': 0, 'write_output': True, 'log_zero': -1e+100, 'max_iter': 0, 'init_MPI': False, 'dump_callback': <bound method Pymultinest._dump_callback of <bilby.core.sampler.pymultinest.Pymultinest object at 0x1554d2d31de0>>}
16:34 INFO    : Temporary directory incompatible with MPI, will run in original directory
16:34 INFO    : Using output file outdirBNSBu32cores/pm_AT170817/
16:34 INFO    : Single likelihood evaluation took 4.253e-01 s
16:34 INFO    : Single likelihood evaluation took 4.278e-01 s
16:34 WARNING : Supplied argument 'queue_size' not an argument of 'Pymultinest', removing.
16:34 WARNING : Supplied argument 'check_point_delta_t' not an argument of 'Pymultinest', removing.
16:34 INFO    : Using sampler Pymultinest with kwargs {'importance_nested_sampling': False, 'resume': True, 'verbose': True, 'sampling_efficiency': 'parameter', 'n_live_points': 2048, 'n_params': 5, 'n_clustering_params': None, 'wrapped_params': None, 'multimodal': True, 'const_efficiency_mode': False, 'evidence_tolerance': 0.5, 'n_iter_before_update': 100, 'null_log_evidence': -1e+90, 'max_modes': 100, 'mode_tolerance': -1e+90, 'seed': 42, 'context': 0, 'write_output': True, 'log_zero': -1e+100, 'max_iter': 0, 'init_MPI': False, 'dump_callback': <bound method Pymultinest._dump_callback of <bilby.core.sampler.pymultinest.Pymultinest object at 0x1554c91a2500>>}
16:34 INFO    : Temporary directory incompatible with MPI, will run in original directory
16:34 INFO    : Using output file outdirBNSBu32cores/pm_AT170817/
16:34 WARNING : Supplied argument 'queue_size' not an argument of 'Pymultinest', removing.
16:34 WARNING : Supplied argument 'check_point_delta_t' not an argument of 'Pymultinest', removing.
16:34 INFO    : Using sampler Pymultinest with kwargs {'importance_nested_sampling': False, 'resume': True, 'verbose': True, 'sampling_efficiency': 'parameter', 'n_live_points': 2048, 'n_params': 5, 'n_clustering_params': None, 'wrapped_params': None, 'multimodal': True, 'const_efficiency_mode': False, 'evidence_tolerance': 0.5, 'n_iter_before_update': 100, 'null_log_evidence': -1e+90, 'max_modes': 100, 'mode_tolerance': -1e+90, 'seed': 42, 'context': 0, 'write_output': True, 'log_zero': -1e+100, 'max_iter': 0, 'init_MPI': False, 'dump_callback': <bound method Pymultinest._dump_callback of <bilby.core.sampler.pymultinest.Pymultinest object at 0x1554c91a6260>>}
16:34 INFO    : Temporary directory incompatible with MPI, will run in original directory
16:34 INFO    : Using output file outdirBNSBu32cores/pm_AT170817/
16:34 INFO    : Single likelihood evaluation took 4.309e-01 s
16:34 WARNING : Supplied argument 'queue_size' not an argument of 'Pymultinest', removing.
16:34 WARNING : Supplied argument 'check_point_delta_t' not an argument of 'Pymultinest', removing.
16:34 INFO    : Using sampler Pymultinest with kwargs {'importance_nested_sampling': False, 'resume': True, 'verbose': True, 'sampling_efficiency': 'parameter', 'n_live_points': 2048, 'n_params': 5, 'n_clustering_params': None, 'wrapped_params': None, 'multimodal': True, 'const_efficiency_mode': False, 'evidence_tolerance': 0.5, 'n_iter_before_update': 100, 'null_log_evidence': -1e+90, 'max_modes': 100, 'mode_tolerance': -1e+90, 'seed': 42, 'context': 0, 'write_output': True, 'log_zero': -1e+100, 'max_iter': 0, 'init_MPI': False, 'dump_callback': <bound method Pymultinest._dump_callback of <bilby.core.sampler.pymultinest.Pymultinest object at 0x1554d2d32050>>}
16:34 INFO    : Temporary directory incompatible with MPI, will run in original directory
16:34 INFO    : Using output file outdirBNSBu32cores/pm_AT170817/
16:34 INFO    : Single likelihood evaluation took 4.348e-01 s
16:34 INFO    : Single likelihood evaluation took 4.349e-01 s
16:34 INFO    : Single likelihood evaluation took 4.353e-01 s
16:34 WARNING : Supplied argument 'queue_size' not an argument of 'Pymultinest', removing.
16:34 WARNING : Supplied argument 'check_point_delta_t' not an argument of 'Pymultinest', removing.
16:34 INFO    : Using sampler Pymultinest with kwargs {'importance_nested_sampling': False, 'resume': True, 'verbose': True, 'sampling_efficiency': 'parameter', 'n_live_points': 2048, 'n_params': 5, 'n_clustering_params': None, 'wrapped_params': None, 'multimodal': True, 'const_efficiency_mode': False, 'evidence_tolerance': 0.5, 'n_iter_before_update': 100, 'null_log_evidence': -1e+90, 'max_modes': 100, 'mode_tolerance': -1e+90, 'seed': 42, 'context': 0, 'write_output': True, 'log_zero': -1e+100, 'max_iter': 0, 'init_MPI': False, 'dump_callback': <bound method Pymultinest._dump_callback of <bilby.core.sampler.pymultinest.Pymultinest object at 0x1554d5412140>>}
16:34 INFO    : Temporary directory incompatible with MPI, will run in original directory
16:34 INFO    : Using output file outdirBNSBu32cores/pm_AT170817/
16:34 WARNING : Supplied argument 'queue_size' not an argument of 'Pymultinest', removing.
16:34 WARNING : Supplied argument 'check_point_delta_t' not an argument of 'Pymultinest', removing.
16:34 INFO    : Using sampler Pymultinest with kwargs {'importance_nested_sampling': False, 'resume': True, 'verbose': True, 'sampling_efficiency': 'parameter', 'n_live_points': 2048, 'n_params': 5, 'n_clustering_params': None, 'wrapped_params': None, 'multimodal': True, 'const_efficiency_mode': False, 'evidence_tolerance': 0.5, 'n_iter_before_update': 100, 'null_log_evidence': -1e+90, 'max_modes': 100, 'mode_tolerance': -1e+90, 'seed': 42, 'context': 0, 'write_output': True, 'log_zero': -1e+100, 'max_iter': 0, 'init_MPI': False, 'dump_callback': <bound method Pymultinest._dump_callback of <bilby.core.sampler.pymultinest.Pymultinest object at 0x1554d064a290>>}
16:34 INFO    : Temporary directory incompatible with MPI, will run in original directory
16:34 INFO    : Using output file outdirBNSBu32cores/pm_AT170817/
16:34 INFO    : Single likelihood evaluation took 4.375e-01 s
16:34 WARNING : Supplied argument 'queue_size' not an argument of 'Pymultinest', removing.
16:34 WARNING : Supplied argument 'check_point_delta_t' not an argument of 'Pymultinest', removing.
16:34 INFO    : Using sampler Pymultinest with kwargs {'importance_nested_sampling': False, 'resume': True, 'verbose': True, 'sampling_efficiency': 'parameter', 'n_live_points': 2048, 'n_params': 5, 'n_clustering_params': None, 'wrapped_params': None, 'multimodal': True, 'const_efficiency_mode': False, 'evidence_tolerance': 0.5, 'n_iter_before_update': 100, 'null_log_evidence': -1e+90, 'max_modes': 100, 'mode_tolerance': -1e+90, 'seed': 42, 'context': 0, 'write_output': True, 'log_zero': -1e+100, 'max_iter': 0, 'init_MPI': False, 'dump_callback': <bound method Pymultinest._dump_callback of <bilby.core.sampler.pymultinest.Pymultinest object at 0x1554d40964d0>>}
16:34 INFO    : Temporary directory incompatible with MPI, will run in original directory
16:34 INFO    : Using output file outdirBNSBu32cores/pm_AT170817/
16:34 WARNING : Supplied argument 'queue_size' not an argument of 'Pymultinest', removing.
16:34 WARNING : Supplied argument 'check_point_delta_t' not an argument of 'Pymultinest', removing.
16:34 INFO    : Using sampler Pymultinest with kwargs {'importance_nested_sampling': False, 'resume': True, 'verbose': True, 'sampling_efficiency': 'parameter', 'n_live_points': 2048, 'n_params': 5, 'n_clustering_params': None, 'wrapped_params': None, 'multimodal': True, 'const_efficiency_mode': False, 'evidence_tolerance': 0.5, 'n_iter_before_update': 100, 'null_log_evidence': -1e+90, 'max_modes': 100, 'mode_tolerance': -1e+90, 'seed': 42, 'context': 0, 'write_output': True, 'log_zero': -1e+100, 'max_iter': 0, 'init_MPI': False, 'dump_callback': <bound method Pymultinest._dump_callback of <bilby.core.sampler.pymultinest.Pymultinest object at 0x1554d5415c00>>}
16:34 INFO    : Temporary directory incompatible with MPI, will run in original directory
16:34 INFO    : Using output file outdirBNSBu32cores/pm_AT170817/
16:34 INFO    : Single likelihood evaluation took 4.411e-01 s
16:34 INFO    : Single likelihood evaluation took 4.413e-01 s
16:34 INFO    : Single likelihood evaluation took 4.413e-01 s
16:34 INFO    : Single likelihood evaluation took 4.413e-01 s
16:34 INFO    : Single likelihood evaluation took 4.419e-01 s
16:34 INFO    : Single likelihood evaluation took 4.419e-01 s
16:34 INFO    : Single likelihood evaluation took 4.421e-01 s
16:34 INFO    : Single likelihood evaluation took 4.428e-01 s
16:34 WARNING : Supplied argument 'queue_size' not an argument of 'Pymultinest', removing.
16:34 WARNING : Supplied argument 'check_point_delta_t' not an argument of 'Pymultinest', removing.
16:34 INFO    : Using sampler Pymultinest with kwargs {'importance_nested_sampling': False, 'resume': True, 'verbose': True, 'sampling_efficiency': 'parameter', 'n_live_points': 2048, 'n_params': 5, 'n_clustering_params': None, 'wrapped_params': None, 'multimodal': True, 'const_efficiency_mode': False, 'evidence_tolerance': 0.5, 'n_iter_before_update': 100, 'null_log_evidence': -1e+90, 'max_modes': 100, 'mode_tolerance': -1e+90, 'seed': 42, 'context': 0, 'write_output': True, 'log_zero': -1e+100, 'max_iter': 0, 'init_MPI': False, 'dump_callback': <bound method Pymultinest._dump_callback of <bilby.core.sampler.pymultinest.Pymultinest object at 0x1554d19c1c60>>}
16:34 INFO    : Temporary directory incompatible with MPI, will run in original directory
16:34 INFO    : Using output file outdirBNSBu32cores/pm_AT170817/
16:34 WARNING : Supplied argument 'queue_size' not an argument of 'Pymultinest', removing.
16:34 WARNING : Supplied argument 'check_point_delta_t' not an argument of 'Pymultinest', removing.
16:34 INFO    : Using sampler Pymultinest with kwargs {'importance_nested_sampling': False, 'resume': True, 'verbose': True, 'sampling_efficiency': 'parameter', 'n_live_points': 2048, 'n_params': 5, 'n_clustering_params': None, 'wrapped_params': None, 'multimodal': True, 'const_efficiency_mode': False, 'evidence_tolerance': 0.5, 'n_iter_before_update': 100, 'null_log_evidence': -1e+90, 'max_modes': 100, 'mode_tolerance': -1e+90, 'seed': 42, 'context': 0, 'write_output': True, 'log_zero': -1e+100, 'max_iter': 0, 'init_MPI': False, 'dump_callback': <bound method Pymultinest._dump_callback of <bilby.core.sampler.pymultinest.Pymultinest object at 0x1554d540a230>>}
16:34 INFO    : Temporary directory incompatible with MPI, will run in original directory
16:34 INFO    : Using output file outdirBNSBu32cores/pm_AT170817/
16:34 WARNING : Supplied argument 'queue_size' not an argument of 'Pymultinest', removing.
16:34 WARNING : Supplied argument 'queue_size' not an argument of 'Pymultinest', removing.
16:34 WARNING : Supplied argument 'check_point_delta_t' not an argument of 'Pymultinest', removing.
16:34 WARNING : Supplied argument 'check_point_delta_t' not an argument of 'Pymultinest', removing.
16:34 INFO    : Using sampler Pymultinest with kwargs {'importance_nested_sampling': False, 'resume': True, 'verbose': True, 'sampling_efficiency': 'parameter', 'n_live_points': 2048, 'n_params': 5, 'n_clustering_params': None, 'wrapped_params': None, 'multimodal': True, 'const_efficiency_mode': False, 'evidence_tolerance': 0.5, 'n_iter_before_update': 100, 'null_log_evidence': -1e+90, 'max_modes': 100, 'mode_tolerance': -1e+90, 'seed': 42, 'context': 0, 'write_output': True, 'log_zero': -1e+100, 'max_iter': 0, 'init_MPI': False, 'dump_callback': <bound method Pymultinest._dump_callback of <bilby.core.sampler.pymultinest.Pymultinest object at 0x1554d40a1f30>>}
16:34 INFO    : Using sampler Pymultinest with kwargs {'importance_nested_sampling': False, 'resume': True, 'verbose': True, 'sampling_efficiency': 'parameter', 'n_live_points': 2048, 'n_params': 5, 'n_clustering_params': None, 'wrapped_params': None, 'multimodal': True, 'const_efficiency_mode': False, 'evidence_tolerance': 0.5, 'n_iter_before_update': 100, 'null_log_evidence': -1e+90, 'max_modes': 100, 'mode_tolerance': -1e+90, 'seed': 42, 'context': 0, 'write_output': True, 'log_zero': -1e+100, 'max_iter': 0, 'init_MPI': False, 'dump_callback': <bound method Pymultinest._dump_callback of <bilby.core.sampler.pymultinest.Pymultinest object at 0x1554d540a2c0>>}
16:34 INFO    : Temporary directory incompatible with MPI, will run in original directory
16:34 INFO    : Temporary directory incompatible with MPI, will run in original directory
16:34 INFO    : Using output file outdirBNSBu32cores/pm_AT170817/
16:34 INFO    : Using output file outdirBNSBu32cores/pm_AT170817/
16:34 WARNING : Supplied argument 'queue_size' not an argument of 'Pymultinest', removing.
16:34 WARNING : Supplied argument 'check_point_delta_t' not an argument of 'Pymultinest', removing.
16:34 INFO    : Using sampler Pymultinest with kwargs {'importance_nested_sampling': False, 'resume': True, 'verbose': True, 'sampling_efficiency': 'parameter', 'n_live_points': 2048, 'n_params': 5, 'n_clustering_params': None, 'wrapped_params': None, 'multimodal': True, 'const_efficiency_mode': False, 'evidence_tolerance': 0.5, 'n_iter_before_update': 100, 'null_log_evidence': -1e+90, 'max_modes': 100, 'mode_tolerance': -1e+90, 'seed': 42, 'context': 0, 'write_output': True, 'log_zero': -1e+100, 'max_iter': 0, 'init_MPI': False, 'dump_callback': <bound method Pymultinest._dump_callback of <bilby.core.sampler.pymultinest.Pymultinest object at 0x1554d19c2170>>}
16:34 INFO    : Temporary directory incompatible with MPI, will run in original directory
16:34 INFO    : Using output file outdirBNSBu32cores/pm_AT170817/
16:34 WARNING : Supplied argument 'queue_size' not an argument of 'Pymultinest', removing.
16:34 WARNING : Supplied argument 'check_point_delta_t' not an argument of 'Pymultinest', removing.
16:34 WARNING : Supplied argument 'queue_size' not an argument of 'Pymultinest', removing.
16:34 WARNING : Supplied argument 'check_point_delta_t' not an argument of 'Pymultinest', removing.
16:34 INFO    : Using sampler Pymultinest with kwargs {'importance_nested_sampling': False, 'resume': True, 'verbose': True, 'sampling_efficiency': 'parameter', 'n_live_points': 2048, 'n_params': 5, 'n_clustering_params': None, 'wrapped_params': None, 'multimodal': True, 'const_efficiency_mode': False, 'evidence_tolerance': 0.5, 'n_iter_before_update': 100, 'null_log_evidence': -1e+90, 'max_modes': 100, 'mode_tolerance': -1e+90, 'seed': 42, 'context': 0, 'write_output': True, 'log_zero': -1e+100, 'max_iter': 0, 'init_MPI': False, 'dump_callback': <bound method Pymultinest._dump_callback of <bilby.core.sampler.pymultinest.Pymultinest object at 0x1554d5415c00>>}
16:34 INFO    : Using sampler Pymultinest with kwargs {'importance_nested_sampling': False, 'resume': True, 'verbose': True, 'sampling_efficiency': 'parameter', 'n_live_points': 2048, 'n_params': 5, 'n_clustering_params': None, 'wrapped_params': None, 'multimodal': True, 'const_efficiency_mode': False, 'evidence_tolerance': 0.5, 'n_iter_before_update': 100, 'null_log_evidence': -1e+90, 'max_modes': 100, 'mode_tolerance': -1e+90, 'seed': 42, 'context': 0, 'write_output': True, 'log_zero': -1e+100, 'max_iter': 0, 'init_MPI': False, 'dump_callback': <bound method Pymultinest._dump_callback of <bilby.core.sampler.pymultinest.Pymultinest object at 0x1554d5411d20>>}
16:34 INFO    : Temporary directory incompatible with MPI, will run in original directory
16:34 INFO    : Temporary directory incompatible with MPI, will run in original directory
16:34 INFO    : Using output file outdirBNSBu32cores/pm_AT170817/
16:34 INFO    : Using output file outdirBNSBu32cores/pm_AT170817/
16:34 WARNING : Supplied argument 'queue_size' not an argument of 'Pymultinest', removing.
16:34 WARNING : Supplied argument 'check_point_delta_t' not an argument of 'Pymultinest', removing.
16:34 INFO    : Using sampler Pymultinest with kwargs {'importance_nested_sampling': False, 'resume': True, 'verbose': True, 'sampling_efficiency': 'parameter', 'n_live_points': 2048, 'n_params': 5, 'n_clustering_params': None, 'wrapped_params': None, 'multimodal': True, 'const_efficiency_mode': False, 'evidence_tolerance': 0.5, 'n_iter_before_update': 100, 'null_log_evidence': -1e+90, 'max_modes': 100, 'mode_tolerance': -1e+90, 'seed': 42, 'context': 0, 'write_output': True, 'log_zero': -1e+100, 'max_iter': 0, 'init_MPI': False, 'dump_callback': <bound method Pymultinest._dump_callback of <bilby.core.sampler.pymultinest.Pymultinest object at 0x1554c91ae0b0>>}
16:34 INFO    : Temporary directory incompatible with MPI, will run in original directory
16:34 INFO    : Using output file outdirBNSBu32cores/pm_AT170817/
17:06 INFO    : Sampling time: 0:31:40.630054
17:06 INFO    : Sampling time: 0:31:40.249692
17:06 INFO    : Sampling time: 0:31:40.259548
17:06 INFO    : Sampling time: 0:31:40.251411
17:06 INFO    : Sampling time: 0:31:40.256503
17:06 INFO    : Sampling time: 0:31:40.691312
17:06 INFO    : Sampling time: 0:31:26.297840
17:06 INFO    : Sampling time: 0:31:40.747718
17:06 INFO    : Sampling time: 0:31:40.645636
17:06 INFO    : Sampling time: 0:31:25.087495
17:06 INFO    : Sampling time: 0:31:25.114084
17:06 INFO    : Sampling time: 0:31:25.093058
17:06 INFO    : Sampling time: 0:31:27.163651
17:06 INFO    : Sampling time: 0:31:25.063010
17:06 INFO    : Sampling time: 0:31:25.062830
17:06 INFO    : Sampling time: 0:31:25.114410
17:06 INFO    : Sampling time: 0:31:25.042290
17:06 INFO    : Sampling time: 0:31:26.665118
17:06 INFO    : Sampling time: 0:31:26.500739
17:06 INFO    : Sampling time: 0:31:25.124640
17:06 INFO    : Sampling time: 0:31:25.686273
17:06 INFO    : Sampling time: 0:31:34.822147
17:06 INFO    : Sampling time: 0:31:35.166883
17:06 INFO    : Sampling time: 0:31:35.231010
17:06 INFO    : Sampling time: 0:31:35.064218
17:06 INFO    : Sampling time: 0:31:34.912339
17:06 INFO    : Sampling time: 0:31:25.780061
17:06 INFO    : Sampling time: 0:31:34.824063
17:06 INFO    : Sampling time: 0:31:25.802999
17:06 INFO    : Sampling time: 0:31:35.176339
17:06 INFO    : Sampling time: 0:31:34.824041
17:06 INFO    : Sampling time: 0:31:25.817760
17:06 ERROR   : 

Saving the data has failed with the following message:
[Errno 116] Stale file handle
Data has been dumped to outdirBNSBu32cores/AT170817_result.pkl.


17:06 ERROR   : 

Saving the data has failed with the following message:
[Errno 116] Stale file handle
Data has been dumped to outdirBNSBu32cores/AT170817_result.pkl.


17:06 ERROR   : 

Saving the data has failed with the following message:
[Errno 116] Stale file handle
Data has been dumped to outdirBNSBu32cores/AT170817_result.pkl.


17:06 INFO    : Summary of results:
nsamples: 10604
ln_noise_evidence:  0.000
ln_evidence: -247.937 +/-  0.094
ln_bayes_factor: -247.937 +/-  0.094

17:06 INFO    : Writing samples file to /home/thussenot/kilonovae-H0/170817/Bu2019_freedistance/01mag/outdirBNSBu32cores/AT170817_posterior_samples.dat
17:06 INFO    : Summary of results:
nsamples: 10604
ln_noise_evidence:  0.000
ln_evidence: -247.937 +/-  0.094
ln_bayes_factor: -247.937 +/-  0.094

17:06 INFO    : Writing samples file to /home/thussenot/kilonovae-H0/170817/Bu2019_freedistance/01mag/outdirBNSBu32cores/AT170817_posterior_samples.dat
17:06 INFO    : Summary of results:
nsamples: 10604
ln_noise_evidence:  0.000
ln_evidence: -247.937 +/-  0.094
ln_bayes_factor: -247.937 +/-  0.094

17:06 INFO    : Writing samples file to /home/thussenot/kilonovae-H0/170817/Bu2019_freedistance/01mag/outdirBNSBu32cores/AT170817_posterior_samples.dat
17:06 INFO    : Summary of results:
nsamples: 10604
ln_noise_evidence:  0.000
ln_evidence: -247.937 +/-  0.094
ln_bayes_factor: -247.937 +/-  0.094

17:06 INFO    : Summary of results:
nsamples: 10604
ln_noise_evidence:  0.000
ln_evidence: -247.937 +/-  0.094
ln_bayes_factor: -247.937 +/-  0.094

17:06 INFO    : Writing samples file to /home/thussenot/kilonovae-H0/170817/Bu2019_freedistance/01mag/outdirBNSBu32cores/AT170817_posterior_samples.dat
17:06 INFO    : Writing samples file to /home/thussenot/kilonovae-H0/170817/Bu2019_freedistance/01mag/outdirBNSBu32cores/AT170817_posterior_samples.dat
17:06 INFO    : Summary of results:
nsamples: 10604
ln_noise_evidence:  0.000
ln_evidence: -247.937 +/-  0.094
ln_bayes_factor: -247.937 +/-  0.094

17:06 INFO    : Writing samples file to /home/thussenot/kilonovae-H0/170817/Bu2019_freedistance/01mag/outdirBNSBu32cores/AT170817_posterior_samples.dat
17:06 INFO    : Summary of results:
nsamples: 10604
ln_noise_evidence:  0.000
ln_evidence: -247.937 +/-  0.094
ln_bayes_factor: -247.937 +/-  0.094

17:06 INFO    : Writing samples file to /home/thussenot/kilonovae-H0/170817/Bu2019_freedistance/01mag/outdirBNSBu32cores/AT170817_posterior_samples.dat
17:06 INFO    : Summary of results:
nsamples: 10604
ln_noise_evidence:  0.000
ln_evidence: -247.937 +/-  0.094
ln_bayes_factor: -247.937 +/-  0.094

17:06 INFO    : Writing samples file to /home/thussenot/kilonovae-H0/170817/Bu2019_freedistance/01mag/outdirBNSBu32cores/AT170817_posterior_samples.dat
00:57 INFO    : Running for label 'AT170817', output will be saved to 'outdirBNSBu32cores'
00:58 INFO    : Analysis priors:
00:58 INFO    : KNphi=Uniform(minimum=15.0, maximum=75.0, name='KNphi', latex_label='$\\Phi$', unit=None, boundary=None)
00:58 INFO    : log10_mej_dyn=Uniform(minimum=-3.0, maximum=-1.0, name='log10_mej_dyn', latex_label='$\\log_{10}M^{\\rm{dyn}}_{\\rm{ej}}$', unit=None, boundary='reflective')
00:58 INFO    : log10_mej_wind=Uniform(minimum=-3.0, maximum=-0.5, name='log10_mej_wind', latex_label='$\\log_{10}M^{\\rm{wind}}_{\\rm{ej}}$', unit=None, boundary='reflective')
00:58 INFO    : inclination_EM=Sine(minimum=0.0, maximum=1.5707963267948966, name='inclination_EM', latex_label='$\\iota$', unit=None, boundary=None)
00:58 INFO    : luminosity_distance=LogUniform(minimum=1, maximum=500, name='luminosity_distance', latex_label='$D_L$', unit=None, boundary=None)
00:58 INFO    : timeshift=0.0
00:58 INFO    : em_syserr=0.1
00:58 INFO    : Ebv=0.0
00:58 INFO    : Analysis likelihood class: <class 'nmma.em.likelihood.OpticalLightCurve'>
00:58 INFO    : Analysis likelihood noise evidence: 0.0
00:58 INFO    : Single likelihood evaluation took 8.139e-02 s
00:58 WARNING : Supplied argument 'queue_size' not an argument of 'Pymultinest', removing.
00:58 WARNING : Supplied argument 'check_point_delta_t' not an argument of 'Pymultinest', removing.
00:58 WARNING : Using cached result
00:58 INFO    : Summary of results:
nsamples: 10604
ln_noise_evidence:  0.000
ln_evidence: -247.937 +/-  0.094
ln_bayes_factor: -247.937 +/-  0.094

00:58 INFO    : Writing samples file to /home/thussenot/kilonovae-H0/170817/Bu2019_freedistance/01mag/outdirBNSBu32cores/AT170817_posterior_samples.dat
