00:40 INFO    : Running for label 'Simu2019lm', output will be saved to 'outdirBNSBu32cores'
00:40 INFO    : Running for label 'Simu2019lm', output will be saved to 'outdirBNSBu32cores'
00:40 INFO    : Running for label 'Simu2019lm', output will be saved to 'outdirBNSBu32cores'
00:40 INFO    : Running for label 'Simu2019lm', output will be saved to 'outdirBNSBu32cores'
00:40 INFO    : Running for label 'Simu2019lm', output will be saved to 'outdirBNSBu32cores'
00:40 INFO    : Running for label 'Simu2019lm', output will be saved to 'outdirBNSBu32cores'
00:40 INFO    : Running for label 'Simu2019lm', output will be saved to 'outdirBNSBu32cores'
00:40 INFO    : Running for label 'Simu2019lm', output will be saved to 'outdirBNSBu32cores'
00:40 INFO    : Running for label 'Simu2019lm', output will be saved to 'outdirBNSBu32cores'
00:40 INFO    : Running for label 'Simu2019lm', output will be saved to 'outdirBNSBu32cores'
00:40 INFO    : Running for label 'Simu2019lm', output will be saved to 'outdirBNSBu32cores'
00:40 INFO    : Running for label 'Simu2019lm', output will be saved to 'outdirBNSBu32cores'
00:40 INFO    : Running for label 'Simu2019lm', output will be saved to 'outdirBNSBu32cores'
00:40 INFO    : Running for label 'Simu2019lm', output will be saved to 'outdirBNSBu32cores'
00:40 INFO    : Running for label 'Simu2019lm', output will be saved to 'outdirBNSBu32cores'
00:40 INFO    : Running for label 'Simu2019lm', output will be saved to 'outdirBNSBu32cores'
00:40 INFO    : Running for label 'Simu2019lm', output will be saved to 'outdirBNSBu32cores'
00:40 INFO    : Running for label 'Simu2019lm', output will be saved to 'outdirBNSBu32cores'
00:40 INFO    : Running for label 'Simu2019lm', output will be saved to 'outdirBNSBu32cores'
00:40 INFO    : Running for label 'Simu2019lm', output will be saved to 'outdirBNSBu32cores'
00:40 INFO    : Running for label 'Simu2019lm', output will be saved to 'outdirBNSBu32cores'
00:40 INFO    : Running for label 'Simu2019lm', output will be saved to 'outdirBNSBu32cores'
00:40 INFO    : Running for label 'Simu2019lm', output will be saved to 'outdirBNSBu32cores'
00:40 INFO    : Running for label 'Simu2019lm', output will be saved to 'outdirBNSBu32cores'
00:40 INFO    : Running for label 'Simu2019lm', output will be saved to 'outdirBNSBu32cores'
00:40 INFO    : Running for label 'Simu2019lm', output will be saved to 'outdirBNSBu32cores'
00:40 INFO    : Running for label 'Simu2019lm', output will be saved to 'outdirBNSBu32cores'
00:40 INFO    : Running for label 'Simu2019lm', output will be saved to 'outdirBNSBu32cores'
00:40 INFO    : Running for label 'Simu2019lm', output will be saved to 'outdirBNSBu32cores'
00:40 INFO    : Running for label 'Simu2019lm', output will be saved to 'outdirBNSBu32cores'
00:40 INFO    : Running for label 'Simu2019lm', output will be saved to 'outdirBNSBu32cores'
00:40 INFO    : Running for label 'Simu2019lm', output will be saved to 'outdirBNSBu32cores'
00:40 INFO    : Analysis priors:
00:40 INFO    : Analysis priors:
00:40 INFO    : Analysis priors:
00:40 INFO    : Analysis priors:
00:40 INFO    : Analysis priors:
00:40 INFO    : Analysis priors:
00:40 INFO    : Analysis priors:
00:40 INFO    : Analysis priors:
00:40 INFO    : Analysis priors:
00:40 INFO    : KNphi=Uniform(minimum=15.0, maximum=75.0, name='KNphi', latex_label='$\\Phi$', unit=None, boundary=None)
00:40 INFO    : KNphi=Uniform(minimum=15.0, maximum=75.0, name='KNphi', latex_label='$\\Phi$', unit=None, boundary=None)
00:40 INFO    : log10_mej_dyn=Uniform(minimum=-3.0, maximum=-1.0, name='log10_mej_dyn', latex_label='$\\log_{10}M^{\\rm{dyn}}_{\\rm{ej}}$', unit=None, boundary='reflective')
00:40 INFO    : KNphi=Uniform(minimum=15.0, maximum=75.0, name='KNphi', latex_label='$\\Phi$', unit=None, boundary=None)
00:40 INFO    : KNphi=Uniform(minimum=15.0, maximum=75.0, name='KNphi', latex_label='$\\Phi$', unit=None, boundary=None)
00:40 INFO    : KNphi=Uniform(minimum=15.0, maximum=75.0, name='KNphi', latex_label='$\\Phi$', unit=None, boundary=None)
00:40 INFO    : Analysis priors:
00:40 INFO    : KNphi=Uniform(minimum=15.0, maximum=75.0, name='KNphi', latex_label='$\\Phi$', unit=None, boundary=None)
00:40 INFO    : KNphi=Uniform(minimum=15.0, maximum=75.0, name='KNphi', latex_label='$\\Phi$', unit=None, boundary=None)
00:40 INFO    : KNphi=Uniform(minimum=15.0, maximum=75.0, name='KNphi', latex_label='$\\Phi$', unit=None, boundary=None)
00:40 INFO    : Analysis priors:
00:40 INFO    : Analysis priors:
00:40 INFO    : KNphi=Uniform(minimum=15.0, maximum=75.0, name='KNphi', latex_label='$\\Phi$', unit=None, boundary=None)
00:40 INFO    : log10_mej_dyn=Uniform(minimum=-3.0, maximum=-1.0, name='log10_mej_dyn', latex_label='$\\log_{10}M^{\\rm{dyn}}_{\\rm{ej}}$', unit=None, boundary='reflective')
00:40 INFO    : Analysis priors:
00:40 INFO    : log10_mej_wind=Uniform(minimum=-3.0, maximum=-0.5, name='log10_mej_wind', latex_label='$\\log_{10}M^{\\rm{wind}}_{\\rm{ej}}$', unit=None, boundary='reflective')
00:40 INFO    : Analysis priors:
00:40 INFO    : Analysis priors:
00:40 INFO    : Analysis priors:
00:40 INFO    : Analysis priors:
00:40 INFO    : log10_mej_dyn=Uniform(minimum=-3.0, maximum=-1.0, name='log10_mej_dyn', latex_label='$\\log_{10}M^{\\rm{dyn}}_{\\rm{ej}}$', unit=None, boundary='reflective')
00:40 INFO    : Analysis priors:
00:40 INFO    : log10_mej_dyn=Uniform(minimum=-3.0, maximum=-1.0, name='log10_mej_dyn', latex_label='$\\log_{10}M^{\\rm{dyn}}_{\\rm{ej}}$', unit=None, boundary='reflective')
00:40 INFO    : log10_mej_dyn=Uniform(minimum=-3.0, maximum=-1.0, name='log10_mej_dyn', latex_label='$\\log_{10}M^{\\rm{dyn}}_{\\rm{ej}}$', unit=None, boundary='reflective')
00:40 INFO    : Analysis priors:
00:40 INFO    : Analysis priors:
00:40 INFO    : Analysis priors:
00:40 INFO    : Analysis priors:
00:40 INFO    : Analysis priors:
00:40 INFO    : Analysis priors:
00:40 INFO    : Analysis priors:
00:40 INFO    : Analysis priors:
00:40 INFO    : log10_mej_dyn=Uniform(minimum=-3.0, maximum=-1.0, name='log10_mej_dyn', latex_label='$\\log_{10}M^{\\rm{dyn}}_{\\rm{ej}}$', unit=None, boundary='reflective')
00:40 INFO    : Analysis priors:
00:40 INFO    : log10_mej_dyn=Uniform(minimum=-3.0, maximum=-1.0, name='log10_mej_dyn', latex_label='$\\log_{10}M^{\\rm{dyn}}_{\\rm{ej}}$', unit=None, boundary='reflective')
00:40 INFO    : Analysis priors:
00:40 INFO    : log10_mej_dyn=Uniform(minimum=-3.0, maximum=-1.0, name='log10_mej_dyn', latex_label='$\\log_{10}M^{\\rm{dyn}}_{\\rm{ej}}$', unit=None, boundary='reflective')
00:40 INFO    : Analysis priors:
00:40 INFO    : log10_mej_wind=Uniform(minimum=-3.0, maximum=-0.5, name='log10_mej_wind', latex_label='$\\log_{10}M^{\\rm{wind}}_{\\rm{ej}}$', unit=None, boundary='reflective')
00:40 INFO    : log10_mej_dyn=Uniform(minimum=-3.0, maximum=-1.0, name='log10_mej_dyn', latex_label='$\\log_{10}M^{\\rm{dyn}}_{\\rm{ej}}$', unit=None, boundary='reflective')
00:40 INFO    : inclination_EM=Sine(minimum=0.0, maximum=1.5707963267948966, name='inclination_EM', latex_label='$\\iota$', unit=None, boundary=None)
00:40 INFO    : log10_mej_wind=Uniform(minimum=-3.0, maximum=-0.5, name='log10_mej_wind', latex_label='$\\log_{10}M^{\\rm{wind}}_{\\rm{ej}}$', unit=None, boundary='reflective')
00:40 INFO    : log10_mej_wind=Uniform(minimum=-3.0, maximum=-0.5, name='log10_mej_wind', latex_label='$\\log_{10}M^{\\rm{wind}}_{\\rm{ej}}$', unit=None, boundary='reflective')
00:40 INFO    : KNphi=Uniform(minimum=15.0, maximum=75.0, name='KNphi', latex_label='$\\Phi$', unit=None, boundary=None)
00:40 INFO    : log10_mej_wind=Uniform(minimum=-3.0, maximum=-0.5, name='log10_mej_wind', latex_label='$\\log_{10}M^{\\rm{wind}}_{\\rm{ej}}$', unit=None, boundary='reflective')
00:40 INFO    : KNphi=Uniform(minimum=15.0, maximum=75.0, name='KNphi', latex_label='$\\Phi$', unit=None, boundary=None)
00:40 INFO    : KNphi=Uniform(minimum=15.0, maximum=75.0, name='KNphi', latex_label='$\\Phi$', unit=None, boundary=None)
00:40 INFO    : log10_mej_wind=Uniform(minimum=-3.0, maximum=-0.5, name='log10_mej_wind', latex_label='$\\log_{10}M^{\\rm{wind}}_{\\rm{ej}}$', unit=None, boundary='reflective')
00:40 INFO    : log10_mej_wind=Uniform(minimum=-3.0, maximum=-0.5, name='log10_mej_wind', latex_label='$\\log_{10}M^{\\rm{wind}}_{\\rm{ej}}$', unit=None, boundary='reflective')
00:40 INFO    : log10_mej_wind=Uniform(minimum=-3.0, maximum=-0.5, name='log10_mej_wind', latex_label='$\\log_{10}M^{\\rm{wind}}_{\\rm{ej}}$', unit=None, boundary='reflective')
00:40 INFO    : log10_mej_wind=Uniform(minimum=-3.0, maximum=-0.5, name='log10_mej_wind', latex_label='$\\log_{10}M^{\\rm{wind}}_{\\rm{ej}}$', unit=None, boundary='reflective')
00:40 INFO    : inclination_EM=Sine(minimum=0.0, maximum=1.5707963267948966, name='inclination_EM', latex_label='$\\iota$', unit=None, boundary=None)
00:40 INFO    : luminosity_distance=LogUniform(minimum=1, maximum=500, name='luminosity_distance', latex_label='$D_L$', unit=None, boundary=None)
00:40 INFO    : KNphi=Uniform(minimum=15.0, maximum=75.0, name='KNphi', latex_label='$\\Phi$', unit=None, boundary=None)
00:40 INFO    : KNphi=Uniform(minimum=15.0, maximum=75.0, name='KNphi', latex_label='$\\Phi$', unit=None, boundary=None)
00:40 INFO    : KNphi=Uniform(minimum=15.0, maximum=75.0, name='KNphi', latex_label='$\\Phi$', unit=None, boundary=None)
00:40 INFO    : inclination_EM=Sine(minimum=0.0, maximum=1.5707963267948966, name='inclination_EM', latex_label='$\\iota$', unit=None, boundary=None)
00:40 INFO    : inclination_EM=Sine(minimum=0.0, maximum=1.5707963267948966, name='inclination_EM', latex_label='$\\iota$', unit=None, boundary=None)
00:40 INFO    : KNphi=Uniform(minimum=15.0, maximum=75.0, name='KNphi', latex_label='$\\Phi$', unit=None, boundary=None)
00:40 INFO    : KNphi=Uniform(minimum=15.0, maximum=75.0, name='KNphi', latex_label='$\\Phi$', unit=None, boundary=None)
00:40 INFO    : log10_mej_dyn=Uniform(minimum=-3.0, maximum=-1.0, name='log10_mej_dyn', latex_label='$\\log_{10}M^{\\rm{dyn}}_{\\rm{ej}}$', unit=None, boundary='reflective')
00:40 INFO    : KNphi=Uniform(minimum=15.0, maximum=75.0, name='KNphi', latex_label='$\\Phi$', unit=None, boundary=None)
00:40 INFO    : inclination_EM=Sine(minimum=0.0, maximum=1.5707963267948966, name='inclination_EM', latex_label='$\\iota$', unit=None, boundary=None)
00:40 INFO    : KNphi=Uniform(minimum=15.0, maximum=75.0, name='KNphi', latex_label='$\\Phi$', unit=None, boundary=None)
00:40 INFO    : KNphi=Uniform(minimum=15.0, maximum=75.0, name='KNphi', latex_label='$\\Phi$', unit=None, boundary=None)
00:40 INFO    : KNphi=Uniform(minimum=15.0, maximum=75.0, name='KNphi', latex_label='$\\Phi$', unit=None, boundary=None)
00:40 INFO    : KNphi=Uniform(minimum=15.0, maximum=75.0, name='KNphi', latex_label='$\\Phi$', unit=None, boundary=None)
00:40 INFO    : KNphi=Uniform(minimum=15.0, maximum=75.0, name='KNphi', latex_label='$\\Phi$', unit=None, boundary=None)
00:40 INFO    : log10_mej_dyn=Uniform(minimum=-3.0, maximum=-1.0, name='log10_mej_dyn', latex_label='$\\log_{10}M^{\\rm{dyn}}_{\\rm{ej}}$', unit=None, boundary='reflective')
00:40 INFO    : timeshift=0.0
00:40 INFO    : log10_mej_dyn=Uniform(minimum=-3.0, maximum=-1.0, name='log10_mej_dyn', latex_label='$\\log_{10}M^{\\rm{dyn}}_{\\rm{ej}}$', unit=None, boundary='reflective')
00:40 INFO    : KNphi=Uniform(minimum=15.0, maximum=75.0, name='KNphi', latex_label='$\\Phi$', unit=None, boundary=None)
00:40 INFO    : KNphi=Uniform(minimum=15.0, maximum=75.0, name='KNphi', latex_label='$\\Phi$', unit=None, boundary=None)
00:40 INFO    : inclination_EM=Sine(minimum=0.0, maximum=1.5707963267948966, name='inclination_EM', latex_label='$\\iota$', unit=None, boundary=None)
00:40 INFO    : KNphi=Uniform(minimum=15.0, maximum=75.0, name='KNphi', latex_label='$\\Phi$', unit=None, boundary=None)
00:40 INFO    : KNphi=Uniform(minimum=15.0, maximum=75.0, name='KNphi', latex_label='$\\Phi$', unit=None, boundary=None)
00:40 INFO    : KNphi=Uniform(minimum=15.0, maximum=75.0, name='KNphi', latex_label='$\\Phi$', unit=None, boundary=None)
00:40 INFO    : inclination_EM=Sine(minimum=0.0, maximum=1.5707963267948966, name='inclination_EM', latex_label='$\\iota$', unit=None, boundary=None)
00:40 INFO    : em_syserr=1.0
00:40 INFO    : inclination_EM=Sine(minimum=0.0, maximum=1.5707963267948966, name='inclination_EM', latex_label='$\\iota$', unit=None, boundary=None)
00:40 INFO    : inclination_EM=Sine(minimum=0.0, maximum=1.5707963267948966, name='inclination_EM', latex_label='$\\iota$', unit=None, boundary=None)
00:40 INFO    : luminosity_distance=LogUniform(minimum=1, maximum=500, name='luminosity_distance', latex_label='$D_L$', unit=None, boundary=None)
00:40 INFO    : Ebv=0.0
00:40 INFO    : timeshift=0.0
00:40 INFO    : log10_mej_dyn=Uniform(minimum=-3.0, maximum=-1.0, name='log10_mej_dyn', latex_label='$\\log_{10}M^{\\rm{dyn}}_{\\rm{ej}}$', unit=None, boundary='reflective')
00:40 INFO    : log10_mej_dyn=Uniform(minimum=-3.0, maximum=-1.0, name='log10_mej_dyn', latex_label='$\\log_{10}M^{\\rm{dyn}}_{\\rm{ej}}$', unit=None, boundary='reflective')
00:40 INFO    : log10_mej_wind=Uniform(minimum=-3.0, maximum=-0.5, name='log10_mej_wind', latex_label='$\\log_{10}M^{\\rm{wind}}_{\\rm{ej}}$', unit=None, boundary='reflective')
00:40 INFO    : log10_mej_dyn=Uniform(minimum=-3.0, maximum=-1.0, name='log10_mej_dyn', latex_label='$\\log_{10}M^{\\rm{dyn}}_{\\rm{ej}}$', unit=None, boundary='reflective')
00:40 INFO    : Analysis likelihood class: <class 'nmma.em.likelihood.OpticalLightCurve'>
00:40 INFO    : luminosity_distance=LogUniform(minimum=1, maximum=500, name='luminosity_distance', latex_label='$D_L$', unit=None, boundary=None)
00:40 INFO    : luminosity_distance=LogUniform(minimum=1, maximum=500, name='luminosity_distance', latex_label='$D_L$', unit=None, boundary=None)
00:40 INFO    : log10_mej_dyn=Uniform(minimum=-3.0, maximum=-1.0, name='log10_mej_dyn', latex_label='$\\log_{10}M^{\\rm{dyn}}_{\\rm{ej}}$', unit=None, boundary='reflective')
00:40 INFO    : log10_mej_dyn=Uniform(minimum=-3.0, maximum=-1.0, name='log10_mej_dyn', latex_label='$\\log_{10}M^{\\rm{dyn}}_{\\rm{ej}}$', unit=None, boundary='reflective')
00:40 INFO    : luminosity_distance=LogUniform(minimum=1, maximum=500, name='luminosity_distance', latex_label='$D_L$', unit=None, boundary=None)
00:40 INFO    : log10_mej_dyn=Uniform(minimum=-3.0, maximum=-1.0, name='log10_mej_dyn', latex_label='$\\log_{10}M^{\\rm{dyn}}_{\\rm{ej}}$', unit=None, boundary='reflective')
00:40 INFO    : log10_mej_dyn=Uniform(minimum=-3.0, maximum=-1.0, name='log10_mej_dyn', latex_label='$\\log_{10}M^{\\rm{dyn}}_{\\rm{ej}}$', unit=None, boundary='reflective')
00:40 INFO    : log10_mej_wind=Uniform(minimum=-3.0, maximum=-0.5, name='log10_mej_wind', latex_label='$\\log_{10}M^{\\rm{wind}}_{\\rm{ej}}$', unit=None, boundary='reflective')
00:40 INFO    : log10_mej_wind=Uniform(minimum=-3.0, maximum=-0.5, name='log10_mej_wind', latex_label='$\\log_{10}M^{\\rm{wind}}_{\\rm{ej}}$', unit=None, boundary='reflective')
00:40 INFO    : log10_mej_dyn=Uniform(minimum=-3.0, maximum=-1.0, name='log10_mej_dyn', latex_label='$\\log_{10}M^{\\rm{dyn}}_{\\rm{ej}}$', unit=None, boundary='reflective')
00:40 INFO    : log10_mej_dyn=Uniform(minimum=-3.0, maximum=-1.0, name='log10_mej_dyn', latex_label='$\\log_{10}M^{\\rm{dyn}}_{\\rm{ej}}$', unit=None, boundary='reflective')
00:40 INFO    : em_syserr=1.0
00:40 INFO    : log10_mej_dyn=Uniform(minimum=-3.0, maximum=-1.0, name='log10_mej_dyn', latex_label='$\\log_{10}M^{\\rm{dyn}}_{\\rm{ej}}$', unit=None, boundary='reflective')
00:40 INFO    : log10_mej_dyn=Uniform(minimum=-3.0, maximum=-1.0, name='log10_mej_dyn', latex_label='$\\log_{10}M^{\\rm{dyn}}_{\\rm{ej}}$', unit=None, boundary='reflective')
00:40 INFO    : log10_mej_dyn=Uniform(minimum=-3.0, maximum=-1.0, name='log10_mej_dyn', latex_label='$\\log_{10}M^{\\rm{dyn}}_{\\rm{ej}}$', unit=None, boundary='reflective')
00:40 INFO    : log10_mej_dyn=Uniform(minimum=-3.0, maximum=-1.0, name='log10_mej_dyn', latex_label='$\\log_{10}M^{\\rm{dyn}}_{\\rm{ej}}$', unit=None, boundary='reflective')
00:40 INFO    : Analysis likelihood noise evidence: 0.0
00:40 INFO    : timeshift=0.0
00:40 INFO    : timeshift=0.0
00:40 INFO    : luminosity_distance=LogUniform(minimum=1, maximum=500, name='luminosity_distance', latex_label='$D_L$', unit=None, boundary=None)
00:40 INFO    : log10_mej_dyn=Uniform(minimum=-3.0, maximum=-1.0, name='log10_mej_dyn', latex_label='$\\log_{10}M^{\\rm{dyn}}_{\\rm{ej}}$', unit=None, boundary='reflective')
00:40 INFO    : timeshift=0.0
00:40 INFO    : log10_mej_dyn=Uniform(minimum=-3.0, maximum=-1.0, name='log10_mej_dyn', latex_label='$\\log_{10}M^{\\rm{dyn}}_{\\rm{ej}}$', unit=None, boundary='reflective')
00:40 INFO    : Ebv=0.0
00:40 INFO    : log10_mej_dyn=Uniform(minimum=-3.0, maximum=-1.0, name='log10_mej_dyn', latex_label='$\\log_{10}M^{\\rm{dyn}}_{\\rm{ej}}$', unit=None, boundary='reflective')
00:40 INFO    : luminosity_distance=LogUniform(minimum=1, maximum=500, name='luminosity_distance', latex_label='$D_L$', unit=None, boundary=None)
00:40 INFO    : luminosity_distance=LogUniform(minimum=1, maximum=500, name='luminosity_distance', latex_label='$D_L$', unit=None, boundary=None)
00:40 INFO    : em_syserr=1.0
00:40 INFO    : luminosity_distance=LogUniform(minimum=1, maximum=500, name='luminosity_distance', latex_label='$D_L$', unit=None, boundary=None)
00:40 INFO    : em_syserr=1.0
00:40 INFO    : timeshift=0.0
00:40 INFO    : em_syserr=1.0
00:40 INFO    : Analysis likelihood class: <class 'nmma.em.likelihood.OpticalLightCurve'>
00:40 INFO    : timeshift=0.0
00:40 INFO    : timeshift=0.0
00:40 INFO    : Ebv=0.0
00:40 INFO    : Ebv=0.0
00:40 INFO    : log10_mej_wind=Uniform(minimum=-3.0, maximum=-0.5, name='log10_mej_wind', latex_label='$\\log_{10}M^{\\rm{wind}}_{\\rm{ej}}$', unit=None, boundary='reflective')
00:40 INFO    : log10_mej_wind=Uniform(minimum=-3.0, maximum=-0.5, name='log10_mej_wind', latex_label='$\\log_{10}M^{\\rm{wind}}_{\\rm{ej}}$', unit=None, boundary='reflective')
00:40 INFO    : log10_mej_wind=Uniform(minimum=-3.0, maximum=-0.5, name='log10_mej_wind', latex_label='$\\log_{10}M^{\\rm{wind}}_{\\rm{ej}}$', unit=None, boundary='reflective')
00:40 INFO    : em_syserr=1.0
00:40 INFO    : timeshift=0.0
00:40 INFO    : Ebv=0.0
00:40 INFO    : log10_mej_wind=Uniform(minimum=-3.0, maximum=-0.5, name='log10_mej_wind', latex_label='$\\log_{10}M^{\\rm{wind}}_{\\rm{ej}}$', unit=None, boundary='reflective')
00:40 INFO    : log10_mej_wind=Uniform(minimum=-3.0, maximum=-0.5, name='log10_mej_wind', latex_label='$\\log_{10}M^{\\rm{wind}}_{\\rm{ej}}$', unit=None, boundary='reflective')
00:40 INFO    : inclination_EM=Sine(minimum=0.0, maximum=1.5707963267948966, name='inclination_EM', latex_label='$\\iota$', unit=None, boundary=None)
00:40 INFO    : Analysis likelihood noise evidence: 0.0
00:40 INFO    : log10_mej_wind=Uniform(minimum=-3.0, maximum=-0.5, name='log10_mej_wind', latex_label='$\\log_{10}M^{\\rm{wind}}_{\\rm{ej}}$', unit=None, boundary='reflective')
00:40 INFO    : log10_mej_wind=Uniform(minimum=-3.0, maximum=-0.5, name='log10_mej_wind', latex_label='$\\log_{10}M^{\\rm{wind}}_{\\rm{ej}}$', unit=None, boundary='reflective')
00:40 INFO    : log10_mej_wind=Uniform(minimum=-3.0, maximum=-0.5, name='log10_mej_wind', latex_label='$\\log_{10}M^{\\rm{wind}}_{\\rm{ej}}$', unit=None, boundary='reflective')
00:40 INFO    : log10_mej_wind=Uniform(minimum=-3.0, maximum=-0.5, name='log10_mej_wind', latex_label='$\\log_{10}M^{\\rm{wind}}_{\\rm{ej}}$', unit=None, boundary='reflective')
00:40 INFO    : inclination_EM=Sine(minimum=0.0, maximum=1.5707963267948966, name='inclination_EM', latex_label='$\\iota$', unit=None, boundary=None)
00:40 INFO    : em_syserr=1.0
00:40 INFO    : em_syserr=1.0
00:40 INFO    : log10_mej_wind=Uniform(minimum=-3.0, maximum=-0.5, name='log10_mej_wind', latex_label='$\\log_{10}M^{\\rm{wind}}_{\\rm{ej}}$', unit=None, boundary='reflective')
00:40 INFO    : Analysis likelihood class: <class 'nmma.em.likelihood.OpticalLightCurve'>
00:40 INFO    : Analysis likelihood class: <class 'nmma.em.likelihood.OpticalLightCurve'>
00:40 INFO    : log10_mej_wind=Uniform(minimum=-3.0, maximum=-0.5, name='log10_mej_wind', latex_label='$\\log_{10}M^{\\rm{wind}}_{\\rm{ej}}$', unit=None, boundary='reflective')
00:40 INFO    : log10_mej_wind=Uniform(minimum=-3.0, maximum=-0.5, name='log10_mej_wind', latex_label='$\\log_{10}M^{\\rm{wind}}_{\\rm{ej}}$', unit=None, boundary='reflective')
00:40 INFO    : Ebv=0.0
00:40 INFO    : inclination_EM=Sine(minimum=0.0, maximum=1.5707963267948966, name='inclination_EM', latex_label='$\\iota$', unit=None, boundary=None)
00:40 INFO    : em_syserr=1.0
00:40 INFO    : log10_mej_wind=Uniform(minimum=-3.0, maximum=-0.5, name='log10_mej_wind', latex_label='$\\log_{10}M^{\\rm{wind}}_{\\rm{ej}}$', unit=None, boundary='reflective')
00:40 INFO    : Analysis likelihood class: <class 'nmma.em.likelihood.OpticalLightCurve'>
00:40 INFO    : log10_mej_wind=Uniform(minimum=-3.0, maximum=-0.5, name='log10_mej_wind', latex_label='$\\log_{10}M^{\\rm{wind}}_{\\rm{ej}}$', unit=None, boundary='reflective')
00:40 INFO    : log10_mej_wind=Uniform(minimum=-3.0, maximum=-0.5, name='log10_mej_wind', latex_label='$\\log_{10}M^{\\rm{wind}}_{\\rm{ej}}$', unit=None, boundary='reflective')
00:40 INFO    : Ebv=0.0
00:40 INFO    : log10_mej_wind=Uniform(minimum=-3.0, maximum=-0.5, name='log10_mej_wind', latex_label='$\\log_{10}M^{\\rm{wind}}_{\\rm{ej}}$', unit=None, boundary='reflective')
00:40 INFO    : Ebv=0.0
00:40 INFO    : Analysis likelihood noise evidence: 0.0
00:40 INFO    : Analysis likelihood noise evidence: 0.0
00:40 INFO    : Analysis likelihood class: <class 'nmma.em.likelihood.OpticalLightCurve'>
00:40 INFO    : Ebv=0.0
00:40 INFO    : Analysis likelihood noise evidence: 0.0
00:40 INFO    : Analysis likelihood class: <class 'nmma.em.likelihood.OpticalLightCurve'>
00:40 INFO    : Analysis likelihood class: <class 'nmma.em.likelihood.OpticalLightCurve'>
00:40 INFO    : Analysis likelihood noise evidence: 0.0
00:40 INFO    : Analysis likelihood class: <class 'nmma.em.likelihood.OpticalLightCurve'>
00:40 INFO    : inclination_EM=Sine(minimum=0.0, maximum=1.5707963267948966, name='inclination_EM', latex_label='$\\iota$', unit=None, boundary=None)
00:40 INFO    : inclination_EM=Sine(minimum=0.0, maximum=1.5707963267948966, name='inclination_EM', latex_label='$\\iota$', unit=None, boundary=None)
00:40 INFO    : inclination_EM=Sine(minimum=0.0, maximum=1.5707963267948966, name='inclination_EM', latex_label='$\\iota$', unit=None, boundary=None)
00:40 INFO    : Analysis likelihood noise evidence: 0.0
00:40 INFO    : inclination_EM=Sine(minimum=0.0, maximum=1.5707963267948966, name='inclination_EM', latex_label='$\\iota$', unit=None, boundary=None)
00:40 INFO    : Analysis likelihood noise evidence: 0.0
00:40 INFO    : luminosity_distance=LogUniform(minimum=1, maximum=500, name='luminosity_distance', latex_label='$D_L$', unit=None, boundary=None)
00:40 INFO    : inclination_EM=Sine(minimum=0.0, maximum=1.5707963267948966, name='inclination_EM', latex_label='$\\iota$', unit=None, boundary=None)
00:40 INFO    : inclination_EM=Sine(minimum=0.0, maximum=1.5707963267948966, name='inclination_EM', latex_label='$\\iota$', unit=None, boundary=None)
00:40 INFO    : inclination_EM=Sine(minimum=0.0, maximum=1.5707963267948966, name='inclination_EM', latex_label='$\\iota$', unit=None, boundary=None)
00:40 INFO    : inclination_EM=Sine(minimum=0.0, maximum=1.5707963267948966, name='inclination_EM', latex_label='$\\iota$', unit=None, boundary=None)
00:40 INFO    : Analysis likelihood noise evidence: 0.0
00:40 INFO    : luminosity_distance=LogUniform(minimum=1, maximum=500, name='luminosity_distance', latex_label='$D_L$', unit=None, boundary=None)
00:40 INFO    : inclination_EM=Sine(minimum=0.0, maximum=1.5707963267948966, name='inclination_EM', latex_label='$\\iota$', unit=None, boundary=None)
00:40 INFO    : inclination_EM=Sine(minimum=0.0, maximum=1.5707963267948966, name='inclination_EM', latex_label='$\\iota$', unit=None, boundary=None)
00:40 INFO    : inclination_EM=Sine(minimum=0.0, maximum=1.5707963267948966, name='inclination_EM', latex_label='$\\iota$', unit=None, boundary=None)
00:40 INFO    : luminosity_distance=LogUniform(minimum=1, maximum=500, name='luminosity_distance', latex_label='$D_L$', unit=None, boundary=None)
00:40 INFO    : inclination_EM=Sine(minimum=0.0, maximum=1.5707963267948966, name='inclination_EM', latex_label='$\\iota$', unit=None, boundary=None)
00:40 INFO    : timeshift=0.0
00:40 INFO    : inclination_EM=Sine(minimum=0.0, maximum=1.5707963267948966, name='inclination_EM', latex_label='$\\iota$', unit=None, boundary=None)
00:40 INFO    : inclination_EM=Sine(minimum=0.0, maximum=1.5707963267948966, name='inclination_EM', latex_label='$\\iota$', unit=None, boundary=None)
00:40 INFO    : inclination_EM=Sine(minimum=0.0, maximum=1.5707963267948966, name='inclination_EM', latex_label='$\\iota$', unit=None, boundary=None)
00:40 INFO    : timeshift=0.0
00:40 INFO    : inclination_EM=Sine(minimum=0.0, maximum=1.5707963267948966, name='inclination_EM', latex_label='$\\iota$', unit=None, boundary=None)
00:40 INFO    : timeshift=0.0
00:40 INFO    : em_syserr=1.0
00:40 INFO    : em_syserr=1.0
00:40 INFO    : em_syserr=1.0
00:40 INFO    : Ebv=0.0
00:40 INFO    : luminosity_distance=LogUniform(minimum=1, maximum=500, name='luminosity_distance', latex_label='$D_L$', unit=None, boundary=None)
00:40 INFO    : luminosity_distance=LogUniform(minimum=1, maximum=500, name='luminosity_distance', latex_label='$D_L$', unit=None, boundary=None)
00:40 INFO    : Ebv=0.0
00:40 INFO    : luminosity_distance=LogUniform(minimum=1, maximum=500, name='luminosity_distance', latex_label='$D_L$', unit=None, boundary=None)
00:40 INFO    : luminosity_distance=LogUniform(minimum=1, maximum=500, name='luminosity_distance', latex_label='$D_L$', unit=None, boundary=None)
00:40 INFO    : luminosity_distance=LogUniform(minimum=1, maximum=500, name='luminosity_distance', latex_label='$D_L$', unit=None, boundary=None)
00:40 INFO    : luminosity_distance=LogUniform(minimum=1, maximum=500, name='luminosity_distance', latex_label='$D_L$', unit=None, boundary=None)
00:40 INFO    : luminosity_distance=LogUniform(minimum=1, maximum=500, name='luminosity_distance', latex_label='$D_L$', unit=None, boundary=None)
00:40 INFO    : luminosity_distance=LogUniform(minimum=1, maximum=500, name='luminosity_distance', latex_label='$D_L$', unit=None, boundary=None)
00:40 INFO    : Ebv=0.0
00:40 INFO    : luminosity_distance=LogUniform(minimum=1, maximum=500, name='luminosity_distance', latex_label='$D_L$', unit=None, boundary=None)
00:40 INFO    : luminosity_distance=LogUniform(minimum=1, maximum=500, name='luminosity_distance', latex_label='$D_L$', unit=None, boundary=None)
00:40 INFO    : Analysis likelihood class: <class 'nmma.em.likelihood.OpticalLightCurve'>
00:40 INFO    : Analysis likelihood class: <class 'nmma.em.likelihood.OpticalLightCurve'>
00:40 INFO    : luminosity_distance=LogUniform(minimum=1, maximum=500, name='luminosity_distance', latex_label='$D_L$', unit=None, boundary=None)
00:40 INFO    : timeshift=0.0
00:40 INFO    : timeshift=0.0
00:40 INFO    : timeshift=0.0
00:40 INFO    : luminosity_distance=LogUniform(minimum=1, maximum=500, name='luminosity_distance', latex_label='$D_L$', unit=None, boundary=None)
00:40 INFO    : timeshift=0.0
00:40 INFO    : Analysis likelihood class: <class 'nmma.em.likelihood.OpticalLightCurve'>
00:40 INFO    : timeshift=0.0
00:40 INFO    : timeshift=0.0
00:40 INFO    : timeshift=0.0
00:40 INFO    : timeshift=0.0
00:40 INFO    : luminosity_distance=LogUniform(minimum=1, maximum=500, name='luminosity_distance', latex_label='$D_L$', unit=None, boundary=None)
00:40 INFO    : luminosity_distance=LogUniform(minimum=1, maximum=500, name='luminosity_distance', latex_label='$D_L$', unit=None, boundary=None)
00:40 INFO    : Analysis likelihood noise evidence: 0.0
00:40 INFO    : timeshift=0.0
00:40 INFO    : timeshift=0.0
00:40 INFO    : em_syserr=1.0
00:40 INFO    : luminosity_distance=LogUniform(minimum=1, maximum=500, name='luminosity_distance', latex_label='$D_L$', unit=None, boundary=None)
00:40 INFO    : Analysis likelihood noise evidence: 0.0
00:40 INFO    : luminosity_distance=LogUniform(minimum=1, maximum=500, name='luminosity_distance', latex_label='$D_L$', unit=None, boundary=None)
00:40 INFO    : em_syserr=1.0
00:40 INFO    : em_syserr=1.0
00:40 INFO    : timeshift=0.0
00:40 INFO    : em_syserr=1.0
00:40 INFO    : timeshift=0.0
00:40 INFO    : em_syserr=1.0
00:40 INFO    : em_syserr=1.0
00:40 INFO    : em_syserr=1.0
00:40 INFO    : em_syserr=1.0
00:40 INFO    : Analysis likelihood noise evidence: 0.0
00:40 INFO    : em_syserr=1.0
00:40 INFO    : em_syserr=1.0
00:40 INFO    : timeshift=0.0
00:40 INFO    : Ebv=0.0
00:40 INFO    : timeshift=0.0
00:40 INFO    : Ebv=0.0
00:40 INFO    : Ebv=0.0
00:40 INFO    : timeshift=0.0
00:40 INFO    : em_syserr=1.0
00:40 INFO    : timeshift=0.0
00:40 INFO    : Ebv=0.0
00:40 INFO    : em_syserr=1.0
00:40 INFO    : Ebv=0.0
00:40 INFO    : Ebv=0.0
00:40 INFO    : Ebv=0.0
00:40 INFO    : Ebv=0.0
00:40 INFO    : Ebv=0.0
00:40 INFO    : Ebv=0.0
00:40 INFO    : em_syserr=1.0
00:40 INFO    : Analysis likelihood class: <class 'nmma.em.likelihood.OpticalLightCurve'>
00:40 INFO    : em_syserr=1.0
00:40 INFO    : Analysis likelihood class: <class 'nmma.em.likelihood.OpticalLightCurve'>
00:40 INFO    : em_syserr=1.0
00:40 INFO    : Analysis likelihood class: <class 'nmma.em.likelihood.OpticalLightCurve'>
00:40 INFO    : Ebv=0.0
00:40 INFO    : em_syserr=1.0
00:40 INFO    : Ebv=0.0
00:40 INFO    : Analysis likelihood class: <class 'nmma.em.likelihood.OpticalLightCurve'>
00:40 INFO    : Analysis likelihood class: <class 'nmma.em.likelihood.OpticalLightCurve'>
00:40 INFO    : Analysis likelihood class: <class 'nmma.em.likelihood.OpticalLightCurve'>
00:40 INFO    : Analysis likelihood class: <class 'nmma.em.likelihood.OpticalLightCurve'>
00:40 INFO    : Analysis likelihood class: <class 'nmma.em.likelihood.OpticalLightCurve'>
00:40 INFO    : Analysis likelihood class: <class 'nmma.em.likelihood.OpticalLightCurve'>
00:40 INFO    : Analysis likelihood class: <class 'nmma.em.likelihood.OpticalLightCurve'>
00:40 INFO    : Ebv=0.0
00:40 INFO    : Ebv=0.0
00:40 INFO    : Analysis likelihood noise evidence: 0.0
00:40 INFO    : Ebv=0.0
00:40 INFO    : Analysis likelihood noise evidence: 0.0
00:40 INFO    : Ebv=0.0
00:40 INFO    : Analysis likelihood class: <class 'nmma.em.likelihood.OpticalLightCurve'>
00:40 INFO    : Analysis likelihood noise evidence: 0.0
00:40 INFO    : Analysis likelihood class: <class 'nmma.em.likelihood.OpticalLightCurve'>
00:40 INFO    : Analysis likelihood noise evidence: 0.0
00:40 INFO    : Analysis likelihood noise evidence: 0.0
00:40 INFO    : Analysis likelihood noise evidence: 0.0
00:40 INFO    : Analysis likelihood noise evidence: 0.0
00:40 INFO    : Analysis likelihood noise evidence: 0.0
00:40 INFO    : Analysis likelihood noise evidence: 0.0
00:40 INFO    : Analysis likelihood noise evidence: 0.0
00:40 INFO    : Analysis likelihood class: <class 'nmma.em.likelihood.OpticalLightCurve'>
00:40 INFO    : Analysis likelihood class: <class 'nmma.em.likelihood.OpticalLightCurve'>
00:40 INFO    : Analysis likelihood class: <class 'nmma.em.likelihood.OpticalLightCurve'>
00:40 INFO    : Analysis likelihood class: <class 'nmma.em.likelihood.OpticalLightCurve'>
00:40 INFO    : Analysis likelihood noise evidence: 0.0
00:40 INFO    : Analysis likelihood noise evidence: 0.0
00:40 INFO    : Analysis likelihood noise evidence: 0.0
00:40 INFO    : Analysis likelihood noise evidence: 0.0
00:40 INFO    : Analysis likelihood noise evidence: 0.0
00:40 INFO    : Analysis likelihood noise evidence: 0.0
00:40 INFO    : Analysis priors:
00:40 INFO    : KNphi=Uniform(minimum=15.0, maximum=75.0, name='KNphi', latex_label='$\\Phi$', unit=None, boundary=None)
00:40 INFO    : log10_mej_dyn=Uniform(minimum=-3.0, maximum=-1.0, name='log10_mej_dyn', latex_label='$\\log_{10}M^{\\rm{dyn}}_{\\rm{ej}}$', unit=None, boundary='reflective')
00:40 INFO    : KNphi=Uniform(minimum=15.0, maximum=75.0, name='KNphi', latex_label='$\\Phi$', unit=None, boundary=None)
00:40 INFO    : log10_mej_dyn=Uniform(minimum=-3.0, maximum=-1.0, name='log10_mej_dyn', latex_label='$\\log_{10}M^{\\rm{dyn}}_{\\rm{ej}}$', unit=None, boundary='reflective')
00:40 INFO    : log10_mej_wind=Uniform(minimum=-3.0, maximum=-0.5, name='log10_mej_wind', latex_label='$\\log_{10}M^{\\rm{wind}}_{\\rm{ej}}$', unit=None, boundary='reflective')
00:40 INFO    : log10_mej_wind=Uniform(minimum=-3.0, maximum=-0.5, name='log10_mej_wind', latex_label='$\\log_{10}M^{\\rm{wind}}_{\\rm{ej}}$', unit=None, boundary='reflective')
00:40 INFO    : inclination_EM=Sine(minimum=0.0, maximum=1.5707963267948966, name='inclination_EM', latex_label='$\\iota$', unit=None, boundary=None)
00:40 INFO    : inclination_EM=Sine(minimum=0.0, maximum=1.5707963267948966, name='inclination_EM', latex_label='$\\iota$', unit=None, boundary=None)
00:40 INFO    : luminosity_distance=LogUniform(minimum=1, maximum=500, name='luminosity_distance', latex_label='$D_L$', unit=None, boundary=None)
00:40 INFO    : timeshift=0.0
00:40 INFO    : em_syserr=1.0
00:40 INFO    : Ebv=0.0
00:40 INFO    : Analysis likelihood class: <class 'nmma.em.likelihood.OpticalLightCurve'>
00:40 INFO    : Analysis likelihood noise evidence: 0.0
00:40 INFO    : luminosity_distance=LogUniform(minimum=1, maximum=500, name='luminosity_distance', latex_label='$D_L$', unit=None, boundary=None)
00:40 INFO    : timeshift=0.0
00:40 INFO    : em_syserr=1.0
00:40 INFO    : Ebv=0.0
00:40 INFO    : Analysis likelihood class: <class 'nmma.em.likelihood.OpticalLightCurve'>
00:40 INFO    : Analysis likelihood noise evidence: 0.0
00:40 INFO    : Analysis priors:
00:40 INFO    : Analysis priors:
00:40 INFO    : KNphi=Uniform(minimum=15.0, maximum=75.0, name='KNphi', latex_label='$\\Phi$', unit=None, boundary=None)
00:40 INFO    : KNphi=Uniform(minimum=15.0, maximum=75.0, name='KNphi', latex_label='$\\Phi$', unit=None, boundary=None)
00:40 INFO    : log10_mej_dyn=Uniform(minimum=-3.0, maximum=-1.0, name='log10_mej_dyn', latex_label='$\\log_{10}M^{\\rm{dyn}}_{\\rm{ej}}$', unit=None, boundary='reflective')
00:40 INFO    : log10_mej_dyn=Uniform(minimum=-3.0, maximum=-1.0, name='log10_mej_dyn', latex_label='$\\log_{10}M^{\\rm{dyn}}_{\\rm{ej}}$', unit=None, boundary='reflective')
00:40 INFO    : log10_mej_wind=Uniform(minimum=-3.0, maximum=-0.5, name='log10_mej_wind', latex_label='$\\log_{10}M^{\\rm{wind}}_{\\rm{ej}}$', unit=None, boundary='reflective')
00:40 INFO    : log10_mej_wind=Uniform(minimum=-3.0, maximum=-0.5, name='log10_mej_wind', latex_label='$\\log_{10}M^{\\rm{wind}}_{\\rm{ej}}$', unit=None, boundary='reflective')
00:40 INFO    : inclination_EM=Sine(minimum=0.0, maximum=1.5707963267948966, name='inclination_EM', latex_label='$\\iota$', unit=None, boundary=None)
00:40 INFO    : inclination_EM=Sine(minimum=0.0, maximum=1.5707963267948966, name='inclination_EM', latex_label='$\\iota$', unit=None, boundary=None)
00:40 INFO    : luminosity_distance=LogUniform(minimum=1, maximum=500, name='luminosity_distance', latex_label='$D_L$', unit=None, boundary=None)
00:40 INFO    : timeshift=0.0
00:40 INFO    : luminosity_distance=LogUniform(minimum=1, maximum=500, name='luminosity_distance', latex_label='$D_L$', unit=None, boundary=None)
00:40 INFO    : em_syserr=1.0
00:40 INFO    : timeshift=0.0
00:40 INFO    : Ebv=0.0
00:40 INFO    : em_syserr=1.0
00:40 INFO    : Analysis likelihood class: <class 'nmma.em.likelihood.OpticalLightCurve'>
00:40 INFO    : Ebv=0.0
00:40 INFO    : Analysis likelihood noise evidence: 0.0
00:40 INFO    : Analysis likelihood class: <class 'nmma.em.likelihood.OpticalLightCurve'>
00:40 INFO    : Analysis likelihood noise evidence: 0.0
00:41 INFO    : Single likelihood evaluation took 3.715e-01 s
00:41 INFO    : Single likelihood evaluation took 3.716e-01 s
00:41 INFO    : Single likelihood evaluation took 3.734e-01 s
00:41 INFO    : Single likelihood evaluation took 3.737e-01 s
00:41 INFO    : Single likelihood evaluation took 3.740e-01 s
00:41 INFO    : Single likelihood evaluation took 3.741e-01 s
00:41 INFO    : Single likelihood evaluation took 3.743e-01 s
00:41 INFO    : Single likelihood evaluation took 3.744e-01 s
00:41 INFO    : Single likelihood evaluation took 3.744e-01 s
00:41 WARNING : Supplied argument 'queue_size' not an argument of 'Pymultinest', removing.
00:41 WARNING : Supplied argument 'check_point_delta_t' not an argument of 'Pymultinest', removing.
00:41 WARNING : Supplied argument 'queue_size' not an argument of 'Pymultinest', removing.
00:41 WARNING : Supplied argument 'check_point_delta_t' not an argument of 'Pymultinest', removing.
00:41 INFO    : Single likelihood evaluation took 3.752e-01 s
00:41 INFO    : Using sampler Pymultinest with kwargs {'importance_nested_sampling': False, 'resume': True, 'verbose': True, 'sampling_efficiency': 'parameter', 'n_live_points': 2048, 'n_params': 5, 'n_clustering_params': None, 'wrapped_params': None, 'multimodal': True, 'const_efficiency_mode': False, 'evidence_tolerance': 0.5, 'n_iter_before_update': 100, 'null_log_evidence': -1e+90, 'max_modes': 100, 'mode_tolerance': -1e+90, 'seed': 42, 'context': 0, 'write_output': True, 'log_zero': -1e+100, 'max_iter': 0, 'init_MPI': False, 'dump_callback': <bound method Pymultinest._dump_callback of <bilby.core.sampler.pymultinest.Pymultinest object at 0x1555017bfe80>>}
00:41 INFO    : Using sampler Pymultinest with kwargs {'importance_nested_sampling': False, 'resume': True, 'verbose': True, 'sampling_efficiency': 'parameter', 'n_live_points': 2048, 'n_params': 5, 'n_clustering_params': None, 'wrapped_params': None, 'multimodal': True, 'const_efficiency_mode': False, 'evidence_tolerance': 0.5, 'n_iter_before_update': 100, 'null_log_evidence': -1e+90, 'max_modes': 100, 'mode_tolerance': -1e+90, 'seed': 42, 'context': 0, 'write_output': True, 'log_zero': -1e+100, 'max_iter': 0, 'init_MPI': False, 'dump_callback': <bound method Pymultinest._dump_callback of <bilby.core.sampler.pymultinest.Pymultinest object at 0x1555017bbf10>>}
00:41 INFO    : Temporary directory incompatible with MPI, will run in original directory
00:41 INFO    : Temporary directory incompatible with MPI, will run in original directory
00:41 INFO    : Single likelihood evaluation took 3.753e-01 s
00:41 INFO    : Single likelihood evaluation took 3.755e-01 s
00:41 INFO    : Single likelihood evaluation took 3.755e-01 s
00:41 INFO    : Single likelihood evaluation took 3.764e-01 s
00:41 INFO    : Single likelihood evaluation took 3.761e-01 s
00:41 INFO    : Single likelihood evaluation took 3.762e-01 s
00:41 INFO    : Single likelihood evaluation took 3.762e-01 s
00:41 INFO    : Using output file outdirBNSBu32cores/pm_Simu2019lm/
00:41 INFO    : Using output file outdirBNSBu32cores/pm_Simu2019lm/
00:41 WARNING : Supplied argument 'queue_size' not an argument of 'Pymultinest', removing.
00:41 WARNING : Supplied argument 'check_point_delta_t' not an argument of 'Pymultinest', removing.
00:41 INFO    : Using sampler Pymultinest with kwargs {'importance_nested_sampling': False, 'resume': True, 'verbose': True, 'sampling_efficiency': 'parameter', 'n_live_points': 2048, 'n_params': 5, 'n_clustering_params': None, 'wrapped_params': None, 'multimodal': True, 'const_efficiency_mode': False, 'evidence_tolerance': 0.5, 'n_iter_before_update': 100, 'null_log_evidence': -1e+90, 'max_modes': 100, 'mode_tolerance': -1e+90, 'seed': 42, 'context': 0, 'write_output': True, 'log_zero': -1e+100, 'max_iter': 0, 'init_MPI': False, 'dump_callback': <bound method Pymultinest._dump_callback of <bilby.core.sampler.pymultinest.Pymultinest object at 0x1555017bbee0>>}
00:41 INFO    : Temporary directory incompatible with MPI, will run in original directory
00:41 INFO    : Using output file outdirBNSBu32cores/pm_Simu2019lm/
00:41 WARNING : Supplied argument 'queue_size' not an argument of 'Pymultinest', removing.
00:41 WARNING : Supplied argument 'check_point_delta_t' not an argument of 'Pymultinest', removing.
00:41 INFO    : Using sampler Pymultinest with kwargs {'importance_nested_sampling': False, 'resume': True, 'verbose': True, 'sampling_efficiency': 'parameter', 'n_live_points': 2048, 'n_params': 5, 'n_clustering_params': None, 'wrapped_params': None, 'multimodal': True, 'const_efficiency_mode': False, 'evidence_tolerance': 0.5, 'n_iter_before_update': 100, 'null_log_evidence': -1e+90, 'max_modes': 100, 'mode_tolerance': -1e+90, 'seed': 42, 'context': 0, 'write_output': True, 'log_zero': -1e+100, 'max_iter': 0, 'init_MPI': False, 'dump_callback': <bound method Pymultinest._dump_callback of <bilby.core.sampler.pymultinest.Pymultinest object at 0x1555017bbe80>>}
00:41 INFO    : Temporary directory incompatible with MPI, will run in original directory
00:41 INFO    : Using output file outdirBNSBu32cores/pm_Simu2019lm/
00:41 INFO    : Single likelihood evaluation took 3.774e-01 s
00:41 WARNING : Supplied argument 'queue_size' not an argument of 'Pymultinest', removing.
00:41 WARNING : Supplied argument 'check_point_delta_t' not an argument of 'Pymultinest', removing.
00:41 INFO    : Using sampler Pymultinest with kwargs {'importance_nested_sampling': False, 'resume': True, 'verbose': True, 'sampling_efficiency': 'parameter', 'n_live_points': 2048, 'n_params': 5, 'n_clustering_params': None, 'wrapped_params': None, 'multimodal': True, 'const_efficiency_mode': False, 'evidence_tolerance': 0.5, 'n_iter_before_update': 100, 'null_log_evidence': -1e+90, 'max_modes': 100, 'mode_tolerance': -1e+90, 'seed': 42, 'context': 0, 'write_output': True, 'log_zero': -1e+100, 'max_iter': 0, 'init_MPI': False, 'dump_callback': <bound method Pymultinest._dump_callback of <bilby.core.sampler.pymultinest.Pymultinest object at 0x1555017bfee0>>}
00:41 INFO    : Temporary directory incompatible with MPI, will run in original directory
00:41 INFO    : Single likelihood evaluation took 3.772e-01 s
00:41 INFO    : Single likelihood evaluation took 3.775e-01 s
00:41 INFO    : Single likelihood evaluation took 3.770e-01 s
00:41 INFO    : Using output file outdirBNSBu32cores/pm_Simu2019lm/
00:41 WARNING : Supplied argument 'queue_size' not an argument of 'Pymultinest', removing.
00:41 WARNING : Supplied argument 'check_point_delta_t' not an argument of 'Pymultinest', removing.
00:41 INFO    : Using sampler Pymultinest with kwargs {'importance_nested_sampling': False, 'resume': True, 'verbose': True, 'sampling_efficiency': 'parameter', 'n_live_points': 2048, 'n_params': 5, 'n_clustering_params': None, 'wrapped_params': None, 'multimodal': True, 'const_efficiency_mode': False, 'evidence_tolerance': 0.5, 'n_iter_before_update': 100, 'null_log_evidence': -1e+90, 'max_modes': 100, 'mode_tolerance': -1e+90, 'seed': 42, 'context': 0, 'write_output': True, 'log_zero': -1e+100, 'max_iter': 0, 'init_MPI': False, 'dump_callback': <bound method Pymultinest._dump_callback of <bilby.core.sampler.pymultinest.Pymultinest object at 0x1555017bfee0>>}
00:41 WARNING : Supplied argument 'queue_size' not an argument of 'Pymultinest', removing.
00:41 INFO    : Temporary directory incompatible with MPI, will run in original directory
00:41 WARNING : Supplied argument 'check_point_delta_t' not an argument of 'Pymultinest', removing.
00:41 INFO    : Using sampler Pymultinest with kwargs {'importance_nested_sampling': False, 'resume': True, 'verbose': True, 'sampling_efficiency': 'parameter', 'n_live_points': 2048, 'n_params': 5, 'n_clustering_params': None, 'wrapped_params': None, 'multimodal': True, 'const_efficiency_mode': False, 'evidence_tolerance': 0.5, 'n_iter_before_update': 100, 'null_log_evidence': -1e+90, 'max_modes': 100, 'mode_tolerance': -1e+90, 'seed': 42, 'context': 0, 'write_output': True, 'log_zero': -1e+100, 'max_iter': 0, 'init_MPI': False, 'dump_callback': <bound method Pymultinest._dump_callback of <bilby.core.sampler.pymultinest.Pymultinest object at 0x1555017c3fd0>>}
00:41 INFO    : Temporary directory incompatible with MPI, will run in original directory
00:41 INFO    : Using output file outdirBNSBu32cores/pm_Simu2019lm/
00:41 INFO    : Using output file outdirBNSBu32cores/pm_Simu2019lm/
00:41 INFO    : Single likelihood evaluation took 3.779e-01 s
00:41 WARNING : Supplied argument 'queue_size' not an argument of 'Pymultinest', removing.
00:41 WARNING : Supplied argument 'check_point_delta_t' not an argument of 'Pymultinest', removing.
00:41 INFO    : Using sampler Pymultinest with kwargs {'importance_nested_sampling': False, 'resume': True, 'verbose': True, 'sampling_efficiency': 'parameter', 'n_live_points': 2048, 'n_params': 5, 'n_clustering_params': None, 'wrapped_params': None, 'multimodal': True, 'const_efficiency_mode': False, 'evidence_tolerance': 0.5, 'n_iter_before_update': 100, 'null_log_evidence': -1e+90, 'max_modes': 100, 'mode_tolerance': -1e+90, 'seed': 42, 'context': 0, 'write_output': True, 'log_zero': -1e+100, 'max_iter': 0, 'init_MPI': False, 'dump_callback': <bound method Pymultinest._dump_callback of <bilby.core.sampler.pymultinest.Pymultinest object at 0x1555017bfeb0>>}
00:41 INFO    : Temporary directory incompatible with MPI, will run in original directory
00:41 INFO    : Using output file outdirBNSBu32cores/pm_Simu2019lm/
00:41 INFO    : Single likelihood evaluation took 3.778e-01 s
00:41 WARNING : Supplied argument 'queue_size' not an argument of 'Pymultinest', removing.
00:41 WARNING : Supplied argument 'check_point_delta_t' not an argument of 'Pymultinest', removing.
00:41 INFO    : Using sampler Pymultinest with kwargs {'importance_nested_sampling': False, 'resume': True, 'verbose': True, 'sampling_efficiency': 'parameter', 'n_live_points': 2048, 'n_params': 5, 'n_clustering_params': None, 'wrapped_params': None, 'multimodal': True, 'const_efficiency_mode': False, 'evidence_tolerance': 0.5, 'n_iter_before_update': 100, 'null_log_evidence': -1e+90, 'max_modes': 100, 'mode_tolerance': -1e+90, 'seed': 42, 'context': 0, 'write_output': True, 'log_zero': -1e+100, 'max_iter': 0, 'init_MPI': False, 'dump_callback': <bound method Pymultinest._dump_callback of <bilby.core.sampler.pymultinest.Pymultinest object at 0x1555017bbe80>>}
00:41 INFO    : Temporary directory incompatible with MPI, will run in original directory
00:41 INFO    : Using output file outdirBNSBu32cores/pm_Simu2019lm/
00:41 WARNING : Supplied argument 'queue_size' not an argument of 'Pymultinest', removing.
00:41 WARNING : Supplied argument 'check_point_delta_t' not an argument of 'Pymultinest', removing.
00:41 INFO    : Using sampler Pymultinest with kwargs {'importance_nested_sampling': False, 'resume': True, 'verbose': True, 'sampling_efficiency': 'parameter', 'n_live_points': 2048, 'n_params': 5, 'n_clustering_params': None, 'wrapped_params': None, 'multimodal': True, 'const_efficiency_mode': False, 'evidence_tolerance': 0.5, 'n_iter_before_update': 100, 'null_log_evidence': -1e+90, 'max_modes': 100, 'mode_tolerance': -1e+90, 'seed': 42, 'context': 0, 'write_output': True, 'log_zero': -1e+100, 'max_iter': 0, 'init_MPI': False, 'dump_callback': <bound method Pymultinest._dump_callback of <bilby.core.sampler.pymultinest.Pymultinest object at 0x1555017bffd0>>}
00:41 INFO    : Temporary directory incompatible with MPI, will run in original directory
00:41 INFO    : Using output file outdirBNSBu32cores/pm_Simu2019lm/
00:41 INFO    : Single likelihood evaluation took 3.780e-01 s
00:41 WARNING : Supplied argument 'queue_size' not an argument of 'Pymultinest', removing.
00:41 WARNING : Supplied argument 'check_point_delta_t' not an argument of 'Pymultinest', removing.
00:41 INFO    : Using sampler Pymultinest with kwargs {'importance_nested_sampling': False, 'resume': True, 'verbose': True, 'sampling_efficiency': 'parameter', 'n_live_points': 2048, 'n_params': 5, 'n_clustering_params': None, 'wrapped_params': None, 'multimodal': True, 'const_efficiency_mode': False, 'evidence_tolerance': 0.5, 'n_iter_before_update': 100, 'null_log_evidence': -1e+90, 'max_modes': 100, 'mode_tolerance': -1e+90, 'seed': 42, 'context': 0, 'write_output': True, 'log_zero': -1e+100, 'max_iter': 0, 'init_MPI': False, 'dump_callback': <bound method Pymultinest._dump_callback of <bilby.core.sampler.pymultinest.Pymultinest object at 0x1555017b7ee0>>}
00:41 INFO    : Temporary directory incompatible with MPI, will run in original directory
00:41 INFO    : Using output file outdirBNSBu32cores/pm_Simu2019lm/
00:41 WARNING : Supplied argument 'queue_size' not an argument of 'Pymultinest', removing.
00:41 WARNING : Supplied argument 'check_point_delta_t' not an argument of 'Pymultinest', removing.
00:41 INFO    : Using sampler Pymultinest with kwargs {'importance_nested_sampling': False, 'resume': True, 'verbose': True, 'sampling_efficiency': 'parameter', 'n_live_points': 2048, 'n_params': 5, 'n_clustering_params': None, 'wrapped_params': None, 'multimodal': True, 'const_efficiency_mode': False, 'evidence_tolerance': 0.5, 'n_iter_before_update': 100, 'null_log_evidence': -1e+90, 'max_modes': 100, 'mode_tolerance': -1e+90, 'seed': 42, 'context': 0, 'write_output': True, 'log_zero': -1e+100, 'max_iter': 0, 'init_MPI': False, 'dump_callback': <bound method Pymultinest._dump_callback of <bilby.core.sampler.pymultinest.Pymultinest object at 0x1555017bbe50>>}
00:41 INFO    : Temporary directory incompatible with MPI, will run in original directory
00:41 INFO    : Using output file outdirBNSBu32cores/pm_Simu2019lm/
00:41 WARNING : Supplied argument 'queue_size' not an argument of 'Pymultinest', removing.
00:41 WARNING : Supplied argument 'check_point_delta_t' not an argument of 'Pymultinest', removing.
00:41 INFO    : Using sampler Pymultinest with kwargs {'importance_nested_sampling': False, 'resume': True, 'verbose': True, 'sampling_efficiency': 'parameter', 'n_live_points': 2048, 'n_params': 5, 'n_clustering_params': None, 'wrapped_params': None, 'multimodal': True, 'const_efficiency_mode': False, 'evidence_tolerance': 0.5, 'n_iter_before_update': 100, 'null_log_evidence': -1e+90, 'max_modes': 100, 'mode_tolerance': -1e+90, 'seed': 42, 'context': 0, 'write_output': True, 'log_zero': -1e+100, 'max_iter': 0, 'init_MPI': False, 'dump_callback': <bound method Pymultinest._dump_callback of <bilby.core.sampler.pymultinest.Pymultinest object at 0x1555017bffd0>>}
00:41 INFO    : Temporary directory incompatible with MPI, will run in original directory
00:41 INFO    : Single likelihood evaluation took 3.786e-01 s
00:41 WARNING : Supplied argument 'queue_size' not an argument of 'Pymultinest', removing.
00:41 WARNING : Supplied argument 'check_point_delta_t' not an argument of 'Pymultinest', removing.
00:41 INFO    : Using output file outdirBNSBu32cores/pm_Simu2019lm/
00:41 INFO    : Using sampler Pymultinest with kwargs {'importance_nested_sampling': False, 'resume': True, 'verbose': True, 'sampling_efficiency': 'parameter', 'n_live_points': 2048, 'n_params': 5, 'n_clustering_params': None, 'wrapped_params': None, 'multimodal': True, 'const_efficiency_mode': False, 'evidence_tolerance': 0.5, 'n_iter_before_update': 100, 'null_log_evidence': -1e+90, 'max_modes': 100, 'mode_tolerance': -1e+90, 'seed': 42, 'context': 0, 'write_output': True, 'log_zero': -1e+100, 'max_iter': 0, 'init_MPI': False, 'dump_callback': <bound method Pymultinest._dump_callback of <bilby.core.sampler.pymultinest.Pymultinest object at 0x1555017bbeb0>>}
00:41 INFO    : Temporary directory incompatible with MPI, will run in original directory
00:41 INFO    : Using output file outdirBNSBu32cores/pm_Simu2019lm/
00:41 WARNING : Supplied argument 'queue_size' not an argument of 'Pymultinest', removing.
00:41 WARNING : Supplied argument 'check_point_delta_t' not an argument of 'Pymultinest', removing.
00:41 INFO    : Using sampler Pymultinest with kwargs {'importance_nested_sampling': False, 'resume': True, 'verbose': True, 'sampling_efficiency': 'parameter', 'n_live_points': 2048, 'n_params': 5, 'n_clustering_params': None, 'wrapped_params': None, 'multimodal': True, 'const_efficiency_mode': False, 'evidence_tolerance': 0.5, 'n_iter_before_update': 100, 'null_log_evidence': -1e+90, 'max_modes': 100, 'mode_tolerance': -1e+90, 'seed': 42, 'context': 0, 'write_output': True, 'log_zero': -1e+100, 'max_iter': 0, 'init_MPI': False, 'dump_callback': <bound method Pymultinest._dump_callback of <bilby.core.sampler.pymultinest.Pymultinest object at 0x1555017bbee0>>}
00:41 INFO    : Temporary directory incompatible with MPI, will run in original directory
00:41 INFO    : Using output file outdirBNSBu32cores/pm_Simu2019lm/
00:41 WARNING : Supplied argument 'queue_size' not an argument of 'Pymultinest', removing.
00:41 WARNING : Supplied argument 'check_point_delta_t' not an argument of 'Pymultinest', removing.
00:41 INFO    : Using sampler Pymultinest with kwargs {'importance_nested_sampling': False, 'resume': True, 'verbose': True, 'sampling_efficiency': 'parameter', 'n_live_points': 2048, 'n_params': 5, 'n_clustering_params': None, 'wrapped_params': None, 'multimodal': True, 'const_efficiency_mode': False, 'evidence_tolerance': 0.5, 'n_iter_before_update': 100, 'null_log_evidence': -1e+90, 'max_modes': 100, 'mode_tolerance': -1e+90, 'seed': 42, 'context': 0, 'write_output': True, 'log_zero': -1e+100, 'max_iter': 0, 'init_MPI': False, 'dump_callback': <bound method Pymultinest._dump_callback of <bilby.core.sampler.pymultinest.Pymultinest object at 0x1555017c3eb0>>}
00:41 INFO    : Temporary directory incompatible with MPI, will run in original directory
00:41 INFO    : Using output file outdirBNSBu32cores/pm_Simu2019lm/
00:41 WARNING : Supplied argument 'queue_size' not an argument of 'Pymultinest', removing.
00:41 WARNING : Supplied argument 'check_point_delta_t' not an argument of 'Pymultinest', removing.
00:41 INFO    : Using sampler Pymultinest with kwargs {'importance_nested_sampling': False, 'resume': True, 'verbose': True, 'sampling_efficiency': 'parameter', 'n_live_points': 2048, 'n_params': 5, 'n_clustering_params': None, 'wrapped_params': None, 'multimodal': True, 'const_efficiency_mode': False, 'evidence_tolerance': 0.5, 'n_iter_before_update': 100, 'null_log_evidence': -1e+90, 'max_modes': 100, 'mode_tolerance': -1e+90, 'seed': 42, 'context': 0, 'write_output': True, 'log_zero': -1e+100, 'max_iter': 0, 'init_MPI': False, 'dump_callback': <bound method Pymultinest._dump_callback of <bilby.core.sampler.pymultinest.Pymultinest object at 0x1555017bfee0>>}
00:41 INFO    : Temporary directory incompatible with MPI, will run in original directory
00:41 INFO    : Using output file outdirBNSBu32cores/pm_Simu2019lm/
00:41 INFO    : Single likelihood evaluation took 3.791e-01 s
00:41 INFO    : Single likelihood evaluation took 3.794e-01 s
00:41 WARNING : Supplied argument 'queue_size' not an argument of 'Pymultinest', removing.
00:41 WARNING : Supplied argument 'check_point_delta_t' not an argument of 'Pymultinest', removing.
00:41 INFO    : Using sampler Pymultinest with kwargs {'importance_nested_sampling': False, 'resume': True, 'verbose': True, 'sampling_efficiency': 'parameter', 'n_live_points': 2048, 'n_params': 5, 'n_clustering_params': None, 'wrapped_params': None, 'multimodal': True, 'const_efficiency_mode': False, 'evidence_tolerance': 0.5, 'n_iter_before_update': 100, 'null_log_evidence': -1e+90, 'max_modes': 100, 'mode_tolerance': -1e+90, 'seed': 42, 'context': 0, 'write_output': True, 'log_zero': -1e+100, 'max_iter': 0, 'init_MPI': False, 'dump_callback': <bound method Pymultinest._dump_callback of <bilby.core.sampler.pymultinest.Pymultinest object at 0x1555017bbf40>>}
00:41 INFO    : Temporary directory incompatible with MPI, will run in original directory
00:41 INFO    : Using output file outdirBNSBu32cores/pm_Simu2019lm/
00:41 INFO    : Single likelihood evaluation took 3.796e-01 s
00:41 WARNING : Supplied argument 'queue_size' not an argument of 'Pymultinest', removing.
00:41 WARNING : Supplied argument 'check_point_delta_t' not an argument of 'Pymultinest', removing.
00:41 INFO    : Using sampler Pymultinest with kwargs {'importance_nested_sampling': False, 'resume': True, 'verbose': True, 'sampling_efficiency': 'parameter', 'n_live_points': 2048, 'n_params': 5, 'n_clustering_params': None, 'wrapped_params': None, 'multimodal': True, 'const_efficiency_mode': False, 'evidence_tolerance': 0.5, 'n_iter_before_update': 100, 'null_log_evidence': -1e+90, 'max_modes': 100, 'mode_tolerance': -1e+90, 'seed': 42, 'context': 0, 'write_output': True, 'log_zero': -1e+100, 'max_iter': 0, 'init_MPI': False, 'dump_callback': <bound method Pymultinest._dump_callback of <bilby.core.sampler.pymultinest.Pymultinest object at 0x1555017bbf70>>}
00:41 INFO    : Temporary directory incompatible with MPI, will run in original directory
00:41 INFO    : Using output file outdirBNSBu32cores/pm_Simu2019lm/
00:41 WARNING : Supplied argument 'queue_size' not an argument of 'Pymultinest', removing.
00:41 WARNING : Supplied argument 'check_point_delta_t' not an argument of 'Pymultinest', removing.
00:41 INFO    : Using sampler Pymultinest with kwargs {'importance_nested_sampling': False, 'resume': True, 'verbose': True, 'sampling_efficiency': 'parameter', 'n_live_points': 2048, 'n_params': 5, 'n_clustering_params': None, 'wrapped_params': None, 'multimodal': True, 'const_efficiency_mode': False, 'evidence_tolerance': 0.5, 'n_iter_before_update': 100, 'null_log_evidence': -1e+90, 'max_modes': 100, 'mode_tolerance': -1e+90, 'seed': 42, 'context': 0, 'write_output': True, 'log_zero': -1e+100, 'max_iter': 0, 'init_MPI': False, 'dump_callback': <bound method Pymultinest._dump_callback of <bilby.core.sampler.pymultinest.Pymultinest object at 0x1555017b7f70>>}
00:41 INFO    : Temporary directory incompatible with MPI, will run in original directory
00:41 INFO    : Using output file outdirBNSBu32cores/pm_Simu2019lm/
00:41 WARNING : Supplied argument 'queue_size' not an argument of 'Pymultinest', removing.
00:41 WARNING : Supplied argument 'check_point_delta_t' not an argument of 'Pymultinest', removing.
00:41 INFO    : Using sampler Pymultinest with kwargs {'importance_nested_sampling': False, 'resume': True, 'verbose': True, 'sampling_efficiency': 'parameter', 'n_live_points': 2048, 'n_params': 5, 'n_clustering_params': None, 'wrapped_params': None, 'multimodal': True, 'const_efficiency_mode': False, 'evidence_tolerance': 0.5, 'n_iter_before_update': 100, 'null_log_evidence': -1e+90, 'max_modes': 100, 'mode_tolerance': -1e+90, 'seed': 42, 'context': 0, 'write_output': True, 'log_zero': -1e+100, 'max_iter': 0, 'init_MPI': False, 'dump_callback': <bound method Pymultinest._dump_callback of <bilby.core.sampler.pymultinest.Pymultinest object at 0x1555017bbf40>>}
00:41 INFO    : Temporary directory incompatible with MPI, will run in original directory
00:41 INFO    : Using output file outdirBNSBu32cores/pm_Simu2019lm/
00:41 WARNING : Supplied argument 'queue_size' not an argument of 'Pymultinest', removing.
00:41 WARNING : Supplied argument 'check_point_delta_t' not an argument of 'Pymultinest', removing.
00:41 INFO    : Using sampler Pymultinest with kwargs {'importance_nested_sampling': False, 'resume': True, 'verbose': True, 'sampling_efficiency': 'parameter', 'n_live_points': 2048, 'n_params': 5, 'n_clustering_params': None, 'wrapped_params': None, 'multimodal': True, 'const_efficiency_mode': False, 'evidence_tolerance': 0.5, 'n_iter_before_update': 100, 'null_log_evidence': -1e+90, 'max_modes': 100, 'mode_tolerance': -1e+90, 'seed': 42, 'context': 0, 'write_output': True, 'log_zero': -1e+100, 'max_iter': 0, 'init_MPI': False, 'dump_callback': <bound method Pymultinest._dump_callback of <bilby.core.sampler.pymultinest.Pymultinest object at 0x1555017bbee0>>}
00:41 INFO    : Temporary directory incompatible with MPI, will run in original directory
00:41 INFO    : Using output file outdirBNSBu32cores/pm_Simu2019lm/
00:41 WARNING : Supplied argument 'queue_size' not an argument of 'Pymultinest', removing.
00:41 WARNING : Supplied argument 'check_point_delta_t' not an argument of 'Pymultinest', removing.
00:41 INFO    : Using sampler Pymultinest with kwargs {'importance_nested_sampling': False, 'resume': True, 'verbose': True, 'sampling_efficiency': 'parameter', 'n_live_points': 2048, 'n_params': 5, 'n_clustering_params': None, 'wrapped_params': None, 'multimodal': True, 'const_efficiency_mode': False, 'evidence_tolerance': 0.5, 'n_iter_before_update': 100, 'null_log_evidence': -1e+90, 'max_modes': 100, 'mode_tolerance': -1e+90, 'seed': 42, 'context': 0, 'write_output': True, 'log_zero': -1e+100, 'max_iter': 0, 'init_MPI': False, 'dump_callback': <bound method Pymultinest._dump_callback of <bilby.core.sampler.pymultinest.Pymultinest object at 0x1555017bbe50>>}
00:41 INFO    : Temporary directory incompatible with MPI, will run in original directory
00:41 INFO    : Using output file outdirBNSBu32cores/pm_Simu2019lm/
00:41 WARNING : Supplied argument 'queue_size' not an argument of 'Pymultinest', removing.
00:41 WARNING : Supplied argument 'check_point_delta_t' not an argument of 'Pymultinest', removing.
00:41 INFO    : Using sampler Pymultinest with kwargs {'importance_nested_sampling': False, 'resume': True, 'verbose': True, 'sampling_efficiency': 'parameter', 'n_live_points': 2048, 'n_params': 5, 'n_clustering_params': None, 'wrapped_params': None, 'multimodal': True, 'const_efficiency_mode': False, 'evidence_tolerance': 0.5, 'n_iter_before_update': 100, 'null_log_evidence': -1e+90, 'max_modes': 100, 'mode_tolerance': -1e+90, 'seed': 42, 'context': 0, 'write_output': True, 'log_zero': -1e+100, 'max_iter': 0, 'init_MPI': False, 'dump_callback': <bound method Pymultinest._dump_callback of <bilby.core.sampler.pymultinest.Pymultinest object at 0x1555017bbeb0>>}
00:41 INFO    : Temporary directory incompatible with MPI, will run in original directory
00:41 INFO    : Using output file outdirBNSBu32cores/pm_Simu2019lm/
00:41 WARNING : Supplied argument 'queue_size' not an argument of 'Pymultinest', removing.
00:41 WARNING : Supplied argument 'check_point_delta_t' not an argument of 'Pymultinest', removing.
00:41 INFO    : Using sampler Pymultinest with kwargs {'importance_nested_sampling': False, 'resume': True, 'verbose': True, 'sampling_efficiency': 'parameter', 'n_live_points': 2048, 'n_params': 5, 'n_clustering_params': None, 'wrapped_params': None, 'multimodal': True, 'const_efficiency_mode': False, 'evidence_tolerance': 0.5, 'n_iter_before_update': 100, 'null_log_evidence': -1e+90, 'max_modes': 100, 'mode_tolerance': -1e+90, 'seed': 42, 'context': 0, 'write_output': True, 'log_zero': -1e+100, 'max_iter': 0, 'init_MPI': False, 'dump_callback': <bound method Pymultinest._dump_callback of <bilby.core.sampler.pymultinest.Pymultinest object at 0x1555017bbee0>>}
00:41 INFO    : Temporary directory incompatible with MPI, will run in original directory
00:41 INFO    : Using output file outdirBNSBu32cores/pm_Simu2019lm/
00:41 WARNING : Supplied argument 'queue_size' not an argument of 'Pymultinest', removing.
00:41 WARNING : Supplied argument 'check_point_delta_t' not an argument of 'Pymultinest', removing.
00:41 INFO    : Using sampler Pymultinest with kwargs {'importance_nested_sampling': False, 'resume': True, 'verbose': True, 'sampling_efficiency': 'parameter', 'n_live_points': 2048, 'n_params': 5, 'n_clustering_params': None, 'wrapped_params': None, 'multimodal': True, 'const_efficiency_mode': False, 'evidence_tolerance': 0.5, 'n_iter_before_update': 100, 'null_log_evidence': -1e+90, 'max_modes': 100, 'mode_tolerance': -1e+90, 'seed': 42, 'context': 0, 'write_output': True, 'log_zero': -1e+100, 'max_iter': 0, 'init_MPI': False, 'dump_callback': <bound method Pymultinest._dump_callback of <bilby.core.sampler.pymultinest.Pymultinest object at 0x1555017bff40>>}
00:41 INFO    : Temporary directory incompatible with MPI, will run in original directory
00:41 INFO    : Using output file outdirBNSBu32cores/pm_Simu2019lm/
00:41 WARNING : Supplied argument 'queue_size' not an argument of 'Pymultinest', removing.
00:41 WARNING : Supplied argument 'check_point_delta_t' not an argument of 'Pymultinest', removing.
00:41 INFO    : Using sampler Pymultinest with kwargs {'importance_nested_sampling': False, 'resume': True, 'verbose': True, 'sampling_efficiency': 'parameter', 'n_live_points': 2048, 'n_params': 5, 'n_clustering_params': None, 'wrapped_params': None, 'multimodal': True, 'const_efficiency_mode': False, 'evidence_tolerance': 0.5, 'n_iter_before_update': 100, 'null_log_evidence': -1e+90, 'max_modes': 100, 'mode_tolerance': -1e+90, 'seed': 42, 'context': 0, 'write_output': True, 'log_zero': -1e+100, 'max_iter': 0, 'init_MPI': False, 'dump_callback': <bound method Pymultinest._dump_callback of <bilby.core.sampler.pymultinest.Pymultinest object at 0x1555017bbf40>>}
00:41 INFO    : Temporary directory incompatible with MPI, will run in original directory
00:41 INFO    : Using output file outdirBNSBu32cores/pm_Simu2019lm/
00:41 WARNING : Supplied argument 'queue_size' not an argument of 'Pymultinest', removing.
00:41 WARNING : Supplied argument 'check_point_delta_t' not an argument of 'Pymultinest', removing.
00:41 INFO    : Using sampler Pymultinest with kwargs {'importance_nested_sampling': False, 'resume': True, 'verbose': True, 'sampling_efficiency': 'parameter', 'n_live_points': 2048, 'n_params': 5, 'n_clustering_params': None, 'wrapped_params': None, 'multimodal': True, 'const_efficiency_mode': False, 'evidence_tolerance': 0.5, 'n_iter_before_update': 100, 'null_log_evidence': -1e+90, 'max_modes': 100, 'mode_tolerance': -1e+90, 'seed': 42, 'context': 0, 'write_output': True, 'log_zero': -1e+100, 'max_iter': 0, 'init_MPI': False, 'dump_callback': <bound method Pymultinest._dump_callback of <bilby.core.sampler.pymultinest.Pymultinest object at 0x1555017bbeb0>>}
00:41 INFO    : Temporary directory incompatible with MPI, will run in original directory
00:41 INFO    : Using output file outdirBNSBu32cores/pm_Simu2019lm/
00:41 INFO    : Single likelihood evaluation took 3.812e-01 s
00:41 INFO    : Single likelihood evaluation took 3.820e-01 s
00:41 INFO    : Single likelihood evaluation took 3.822e-01 s
00:41 INFO    : Single likelihood evaluation took 3.823e-01 s
00:41 WARNING : Supplied argument 'queue_size' not an argument of 'Pymultinest', removing.
00:41 WARNING : Supplied argument 'check_point_delta_t' not an argument of 'Pymultinest', removing.
00:41 INFO    : Using sampler Pymultinest with kwargs {'importance_nested_sampling': False, 'resume': True, 'verbose': True, 'sampling_efficiency': 'parameter', 'n_live_points': 2048, 'n_params': 5, 'n_clustering_params': None, 'wrapped_params': None, 'multimodal': True, 'const_efficiency_mode': False, 'evidence_tolerance': 0.5, 'n_iter_before_update': 100, 'null_log_evidence': -1e+90, 'max_modes': 100, 'mode_tolerance': -1e+90, 'seed': 42, 'context': 0, 'write_output': True, 'log_zero': -1e+100, 'max_iter': 0, 'init_MPI': False, 'dump_callback': <bound method Pymultinest._dump_callback of <bilby.core.sampler.pymultinest.Pymultinest object at 0x1555017bfeb0>>}
00:41 INFO    : Temporary directory incompatible with MPI, will run in original directory
00:41 INFO    : Using output file outdirBNSBu32cores/pm_Simu2019lm/
00:41 WARNING : Supplied argument 'queue_size' not an argument of 'Pymultinest', removing.
00:41 WARNING : Supplied argument 'check_point_delta_t' not an argument of 'Pymultinest', removing.
00:41 INFO    : Using sampler Pymultinest with kwargs {'importance_nested_sampling': False, 'resume': True, 'verbose': True, 'sampling_efficiency': 'parameter', 'n_live_points': 2048, 'n_params': 5, 'n_clustering_params': None, 'wrapped_params': None, 'multimodal': True, 'const_efficiency_mode': False, 'evidence_tolerance': 0.5, 'n_iter_before_update': 100, 'null_log_evidence': -1e+90, 'max_modes': 100, 'mode_tolerance': -1e+90, 'seed': 42, 'context': 0, 'write_output': True, 'log_zero': -1e+100, 'max_iter': 0, 'init_MPI': False, 'dump_callback': <bound method Pymultinest._dump_callback of <bilby.core.sampler.pymultinest.Pymultinest object at 0x1555017bff40>>}
00:41 INFO    : Temporary directory incompatible with MPI, will run in original directory
00:41 INFO    : Using output file outdirBNSBu32cores/pm_Simu2019lm/
00:41 WARNING : Supplied argument 'queue_size' not an argument of 'Pymultinest', removing.
00:41 WARNING : Supplied argument 'check_point_delta_t' not an argument of 'Pymultinest', removing.
00:41 INFO    : Using sampler Pymultinest with kwargs {'importance_nested_sampling': False, 'resume': True, 'verbose': True, 'sampling_efficiency': 'parameter', 'n_live_points': 2048, 'n_params': 5, 'n_clustering_params': None, 'wrapped_params': None, 'multimodal': True, 'const_efficiency_mode': False, 'evidence_tolerance': 0.5, 'n_iter_before_update': 100, 'null_log_evidence': -1e+90, 'max_modes': 100, 'mode_tolerance': -1e+90, 'seed': 42, 'context': 0, 'write_output': True, 'log_zero': -1e+100, 'max_iter': 0, 'init_MPI': False, 'dump_callback': <bound method Pymultinest._dump_callback of <bilby.core.sampler.pymultinest.Pymultinest object at 0x1555017bbee0>>}
00:41 INFO    : Temporary directory incompatible with MPI, will run in original directory
00:41 INFO    : Using output file outdirBNSBu32cores/pm_Simu2019lm/
00:41 WARNING : Supplied argument 'queue_size' not an argument of 'Pymultinest', removing.
00:41 WARNING : Supplied argument 'check_point_delta_t' not an argument of 'Pymultinest', removing.
00:41 INFO    : Using sampler Pymultinest with kwargs {'importance_nested_sampling': False, 'resume': True, 'verbose': True, 'sampling_efficiency': 'parameter', 'n_live_points': 2048, 'n_params': 5, 'n_clustering_params': None, 'wrapped_params': None, 'multimodal': True, 'const_efficiency_mode': False, 'evidence_tolerance': 0.5, 'n_iter_before_update': 100, 'null_log_evidence': -1e+90, 'max_modes': 100, 'mode_tolerance': -1e+90, 'seed': 42, 'context': 0, 'write_output': True, 'log_zero': -1e+100, 'max_iter': 0, 'init_MPI': False, 'dump_callback': <bound method Pymultinest._dump_callback of <bilby.core.sampler.pymultinest.Pymultinest object at 0x1555017bbf10>>}
00:41 INFO    : Temporary directory incompatible with MPI, will run in original directory
00:41 INFO    : Using output file outdirBNSBu32cores/pm_Simu2019lm/
00:54 INFO    : Sampling time: 0:12:35.273956
00:54 INFO    : Sampling time: 0:12:35.527137
00:54 INFO    : Sampling time: 0:12:35.224445
00:54 INFO    : Sampling time: 0:12:35.274353
00:54 INFO    : Sampling time: 0:12:35.381941
00:54 INFO    : Sampling time: 0:12:35.622710
00:54 INFO    : Sampling time: 0:12:35.577366
00:54 INFO    : Sampling time: 0:12:35.370863
00:54 INFO    : Sampling time: 0:12:35.242076
00:54 INFO    : Sampling time: 0:12:35.446525
00:54 INFO    : Sampling time: 0:12:35.492826
00:54 INFO    : Sampling time: 0:12:35.473928
00:54 INFO    : Sampling time: 0:12:35.005100
00:54 INFO    : Sampling time: 0:12:35.266065
00:54 INFO    : Sampling time: 0:12:35.233281
00:54 INFO    : Sampling time: 0:12:35.557851
00:54 INFO    : Sampling time: 0:12:34.906487
00:54 INFO    : Sampling time: 0:12:35.184700
00:54 INFO    : Sampling time: 0:12:35.262788
00:54 INFO    : Sampling time: 0:12:35.213078
00:54 INFO    : Sampling time: 0:12:35.255355
00:54 INFO    : Sampling time: 0:12:35.623620
00:54 INFO    : Sampling time: 0:12:35.177200
00:54 INFO    : Sampling time: 0:12:35.275512
00:54 INFO    : Sampling time: 0:12:35.386823
00:54 INFO    : Sampling time: 0:12:35.370593
00:54 INFO    : Sampling time: 0:12:35.453074
00:54 INFO    : Sampling time: 0:12:35.254226
00:54 INFO    : Sampling time: 0:12:34.913357
00:54 INFO    : Sampling time: 0:12:34.926322
00:54 INFO    : Sampling time: 0:12:35.275789
00:54 INFO    : Sampling time: 0:12:35.494593
00:54 ERROR   : 

Saving the data has failed with the following message:
[Errno 116] Stale file handle
Data has been dumped to outdirBNSBu32cores/Simu2019lm_result.pkl.


00:54 INFO    : Summary of results:
nsamples: 11424
ln_noise_evidence:  0.000
ln_evidence: -101.103 +/-  0.055
ln_bayes_factor: -101.103 +/-  0.055

00:54 INFO    : Summary of results:
nsamples: 11424
ln_noise_evidence:  0.000
ln_evidence: -101.103 +/-  0.055
ln_bayes_factor: -101.103 +/-  0.055

00:54 INFO    : Summary of results:
nsamples: 11424
ln_noise_evidence:  0.000
ln_evidence: -101.103 +/-  0.055
ln_bayes_factor: -101.103 +/-  0.055

00:54 INFO    : Summary of results:
nsamples: 11424
ln_noise_evidence:  0.000
ln_evidence: -101.103 +/-  0.055
ln_bayes_factor: -101.103 +/-  0.055

00:54 INFO    : Summary of results:
nsamples: 11424
ln_noise_evidence:  0.000
ln_evidence: -101.103 +/-  0.055
ln_bayes_factor: -101.103 +/-  0.055

00:54 INFO    : Summary of results:
nsamples: 11424
ln_noise_evidence:  0.000
ln_evidence: -101.103 +/-  0.055
ln_bayes_factor: -101.103 +/-  0.055

03:22 INFO    : Running for label 'Simu2019lm', output will be saved to 'outdirBNSBu32cores'
03:22 INFO    : Analysis priors:
03:22 INFO    : KNphi=Uniform(minimum=15.0, maximum=75.0, name='KNphi', latex_label='$\\Phi$', unit=None, boundary=None)
03:22 INFO    : log10_mej_dyn=Uniform(minimum=-3.0, maximum=-1.0, name='log10_mej_dyn', latex_label='$\\log_{10}M^{\\rm{dyn}}_{\\rm{ej}}$', unit=None, boundary='reflective')
03:22 INFO    : log10_mej_wind=Uniform(minimum=-3.0, maximum=-0.5, name='log10_mej_wind', latex_label='$\\log_{10}M^{\\rm{wind}}_{\\rm{ej}}$', unit=None, boundary='reflective')
03:22 INFO    : inclination_EM=Sine(minimum=0.0, maximum=1.5707963267948966, name='inclination_EM', latex_label='$\\iota$', unit=None, boundary=None)
03:22 INFO    : luminosity_distance=LogUniform(minimum=1, maximum=500, name='luminosity_distance', latex_label='$D_L$', unit=None, boundary=None)
03:22 INFO    : timeshift=0.0
03:22 INFO    : em_syserr=1.0
03:22 INFO    : Ebv=0.0
03:22 INFO    : Analysis likelihood class: <class 'nmma.em.likelihood.OpticalLightCurve'>
03:22 INFO    : Analysis likelihood noise evidence: 0.0
03:22 INFO    : Single likelihood evaluation took 5.965e-02 s
03:22 WARNING : Supplied argument 'queue_size' not an argument of 'Pymultinest', removing.
03:22 WARNING : Supplied argument 'check_point_delta_t' not an argument of 'Pymultinest', removing.
03:22 WARNING : Using cached result
03:22 INFO    : Summary of results:
nsamples: 11424
ln_noise_evidence:  0.000
ln_evidence: -101.103 +/-  0.055
ln_bayes_factor: -101.103 +/-  0.055

03:22 INFO    : Writing samples file to /home/thussenot/kilonovae-H0/lcsimu/1perday49/grizyJHK/outdirBNSBu32cores/Simu2019lm_posterior_samples.dat
