06:32 INFO    : Running for label 'Simu2019lm', output will be saved to 'outdirBNSBu32cores'
06:32 INFO    : Running for label 'Simu2019lm', output will be saved to 'outdirBNSBu32cores'
06:32 INFO    : Running for label 'Simu2019lm', output will be saved to 'outdirBNSBu32cores'
06:32 INFO    : Running for label 'Simu2019lm', output will be saved to 'outdirBNSBu32cores'
06:32 INFO    : Running for label 'Simu2019lm', output will be saved to 'outdirBNSBu32cores'
06:32 INFO    : Running for label 'Simu2019lm', output will be saved to 'outdirBNSBu32cores'
06:32 INFO    : Running for label 'Simu2019lm', output will be saved to 'outdirBNSBu32cores'
06:32 INFO    : Running for label 'Simu2019lm', output will be saved to 'outdirBNSBu32cores'
06:32 INFO    : Running for label 'Simu2019lm', output will be saved to 'outdirBNSBu32cores'
06:32 INFO    : Running for label 'Simu2019lm', output will be saved to 'outdirBNSBu32cores'
06:32 INFO    : Running for label 'Simu2019lm', output will be saved to 'outdirBNSBu32cores'
06:32 INFO    : Running for label 'Simu2019lm', output will be saved to 'outdirBNSBu32cores'
06:32 INFO    : Running for label 'Simu2019lm', output will be saved to 'outdirBNSBu32cores'
06:32 INFO    : Running for label 'Simu2019lm', output will be saved to 'outdirBNSBu32cores'
06:32 INFO    : Running for label 'Simu2019lm', output will be saved to 'outdirBNSBu32cores'
06:32 INFO    : Running for label 'Simu2019lm', output will be saved to 'outdirBNSBu32cores'
06:32 INFO    : Running for label 'Simu2019lm', output will be saved to 'outdirBNSBu32cores'
06:32 INFO    : Running for label 'Simu2019lm', output will be saved to 'outdirBNSBu32cores'
06:32 INFO    : Running for label 'Simu2019lm', output will be saved to 'outdirBNSBu32cores'
06:32 INFO    : Running for label 'Simu2019lm', output will be saved to 'outdirBNSBu32cores'
06:32 INFO    : Running for label 'Simu2019lm', output will be saved to 'outdirBNSBu32cores'
06:32 INFO    : Running for label 'Simu2019lm', output will be saved to 'outdirBNSBu32cores'
06:32 INFO    : Running for label 'Simu2019lm', output will be saved to 'outdirBNSBu32cores'
06:32 INFO    : Running for label 'Simu2019lm', output will be saved to 'outdirBNSBu32cores'
06:32 INFO    : Running for label 'Simu2019lm', output will be saved to 'outdirBNSBu32cores'
06:32 INFO    : Running for label 'Simu2019lm', output will be saved to 'outdirBNSBu32cores'
06:32 INFO    : Running for label 'Simu2019lm', output will be saved to 'outdirBNSBu32cores'
06:32 INFO    : Running for label 'Simu2019lm', output will be saved to 'outdirBNSBu32cores'
06:32 INFO    : Running for label 'Simu2019lm', output will be saved to 'outdirBNSBu32cores'
06:32 INFO    : Running for label 'Simu2019lm', output will be saved to 'outdirBNSBu32cores'
06:32 INFO    : Running for label 'Simu2019lm', output will be saved to 'outdirBNSBu32cores'
06:32 INFO    : Running for label 'Simu2019lm', output will be saved to 'outdirBNSBu32cores'
06:32 INFO    : Analysis priors:
06:32 INFO    : Analysis priors:
06:32 INFO    : Analysis priors:
06:32 INFO    : Analysis priors:
06:32 INFO    : Analysis priors:
06:32 INFO    : KNphi=Uniform(minimum=15.0, maximum=75.0, name='KNphi', latex_label='$\\Phi$', unit=None, boundary=None)
06:32 INFO    : Analysis priors:
06:32 INFO    : Analysis priors:
06:32 INFO    : Analysis priors:
06:32 INFO    : Analysis priors:
06:32 INFO    : Analysis priors:
06:32 INFO    : Analysis priors:
06:32 INFO    : Analysis priors:
06:32 INFO    : KNphi=Uniform(minimum=15.0, maximum=75.0, name='KNphi', latex_label='$\\Phi$', unit=None, boundary=None)
06:32 INFO    : Analysis priors:
06:32 INFO    : Analysis priors:
06:32 INFO    : Analysis priors:
06:32 INFO    : Analysis priors:
06:32 INFO    : KNphi=Uniform(minimum=15.0, maximum=75.0, name='KNphi', latex_label='$\\Phi$', unit=None, boundary=None)
06:32 INFO    : Analysis priors:
06:32 INFO    : Analysis priors:
06:32 INFO    : Analysis priors:
06:32 INFO    : Analysis priors:
06:32 INFO    : Analysis priors:
06:32 INFO    : log10_mej_dyn=Uniform(minimum=-3.0, maximum=-1.0, name='log10_mej_dyn', latex_label='$\\log_{10}M^{\\rm{dyn}}_{\\rm{ej}}$', unit=None, boundary='reflective')
06:32 INFO    : Analysis priors:
06:32 INFO    : Analysis priors:
06:32 INFO    : Analysis priors:
06:32 INFO    : Analysis priors:
06:32 INFO    : Analysis priors:
06:32 INFO    : Analysis priors:
06:32 INFO    : Analysis priors:
06:32 INFO    : Analysis priors:
06:32 INFO    : Analysis priors:
06:32 INFO    : log10_mej_dyn=Uniform(minimum=-3.0, maximum=-1.0, name='log10_mej_dyn', latex_label='$\\log_{10}M^{\\rm{dyn}}_{\\rm{ej}}$', unit=None, boundary='reflective')
06:32 INFO    : log10_mej_dyn=Uniform(minimum=-3.0, maximum=-1.0, name='log10_mej_dyn', latex_label='$\\log_{10}M^{\\rm{dyn}}_{\\rm{ej}}$', unit=None, boundary='reflective')
06:32 INFO    : Analysis priors:
06:32 INFO    : KNphi=Uniform(minimum=15.0, maximum=75.0, name='KNphi', latex_label='$\\Phi$', unit=None, boundary=None)
06:32 INFO    : KNphi=Uniform(minimum=15.0, maximum=75.0, name='KNphi', latex_label='$\\Phi$', unit=None, boundary=None)
06:32 INFO    : KNphi=Uniform(minimum=15.0, maximum=75.0, name='KNphi', latex_label='$\\Phi$', unit=None, boundary=None)
06:32 INFO    : log10_mej_wind=Uniform(minimum=-3.0, maximum=-0.5, name='log10_mej_wind', latex_label='$\\log_{10}M^{\\rm{wind}}_{\\rm{ej}}$', unit=None, boundary='reflective')
06:32 INFO    : KNphi=Uniform(minimum=15.0, maximum=75.0, name='KNphi', latex_label='$\\Phi$', unit=None, boundary=None)
06:32 INFO    : KNphi=Uniform(minimum=15.0, maximum=75.0, name='KNphi', latex_label='$\\Phi$', unit=None, boundary=None)
06:32 INFO    : KNphi=Uniform(minimum=15.0, maximum=75.0, name='KNphi', latex_label='$\\Phi$', unit=None, boundary=None)
06:32 INFO    : KNphi=Uniform(minimum=15.0, maximum=75.0, name='KNphi', latex_label='$\\Phi$', unit=None, boundary=None)
06:32 INFO    : log10_mej_wind=Uniform(minimum=-3.0, maximum=-0.5, name='log10_mej_wind', latex_label='$\\log_{10}M^{\\rm{wind}}_{\\rm{ej}}$', unit=None, boundary='reflective')
06:32 INFO    : KNphi=Uniform(minimum=15.0, maximum=75.0, name='KNphi', latex_label='$\\Phi$', unit=None, boundary=None)
06:32 INFO    : KNphi=Uniform(minimum=15.0, maximum=75.0, name='KNphi', latex_label='$\\Phi$', unit=None, boundary=None)
06:32 INFO    : KNphi=Uniform(minimum=15.0, maximum=75.0, name='KNphi', latex_label='$\\Phi$', unit=None, boundary=None)
06:32 INFO    : KNphi=Uniform(minimum=15.0, maximum=75.0, name='KNphi', latex_label='$\\Phi$', unit=None, boundary=None)
06:32 INFO    : log10_mej_wind=Uniform(minimum=-3.0, maximum=-0.5, name='log10_mej_wind', latex_label='$\\log_{10}M^{\\rm{wind}}_{\\rm{ej}}$', unit=None, boundary='reflective')
06:32 INFO    : KNphi=Uniform(minimum=15.0, maximum=75.0, name='KNphi', latex_label='$\\Phi$', unit=None, boundary=None)
06:32 INFO    : KNphi=Uniform(minimum=15.0, maximum=75.0, name='KNphi', latex_label='$\\Phi$', unit=None, boundary=None)
06:32 INFO    : KNphi=Uniform(minimum=15.0, maximum=75.0, name='KNphi', latex_label='$\\Phi$', unit=None, boundary=None)
06:32 INFO    : KNphi=Uniform(minimum=15.0, maximum=75.0, name='KNphi', latex_label='$\\Phi$', unit=None, boundary=None)
06:32 INFO    : KNphi=Uniform(minimum=15.0, maximum=75.0, name='KNphi', latex_label='$\\Phi$', unit=None, boundary=None)
06:32 INFO    : log10_mej_dyn=Uniform(minimum=-3.0, maximum=-1.0, name='log10_mej_dyn', latex_label='$\\log_{10}M^{\\rm{dyn}}_{\\rm{ej}}$', unit=None, boundary='reflective')
06:32 INFO    : KNphi=Uniform(minimum=15.0, maximum=75.0, name='KNphi', latex_label='$\\Phi$', unit=None, boundary=None)
06:32 INFO    : KNphi=Uniform(minimum=15.0, maximum=75.0, name='KNphi', latex_label='$\\Phi$', unit=None, boundary=None)
06:32 INFO    : log10_mej_dyn=Uniform(minimum=-3.0, maximum=-1.0, name='log10_mej_dyn', latex_label='$\\log_{10}M^{\\rm{dyn}}_{\\rm{ej}}$', unit=None, boundary='reflective')
06:32 INFO    : inclination_EM=Sine(minimum=0.0, maximum=1.5707963267948966, name='inclination_EM', latex_label='$\\iota$', unit=None, boundary=None)
06:32 INFO    : log10_mej_dyn=Uniform(minimum=-3.0, maximum=-1.0, name='log10_mej_dyn', latex_label='$\\log_{10}M^{\\rm{dyn}}_{\\rm{ej}}$', unit=None, boundary='reflective')
06:32 INFO    : KNphi=Uniform(minimum=15.0, maximum=75.0, name='KNphi', latex_label='$\\Phi$', unit=None, boundary=None)
06:32 INFO    : KNphi=Uniform(minimum=15.0, maximum=75.0, name='KNphi', latex_label='$\\Phi$', unit=None, boundary=None)
06:32 INFO    : KNphi=Uniform(minimum=15.0, maximum=75.0, name='KNphi', latex_label='$\\Phi$', unit=None, boundary=None)
06:32 INFO    : log10_mej_dyn=Uniform(minimum=-3.0, maximum=-1.0, name='log10_mej_dyn', latex_label='$\\log_{10}M^{\\rm{dyn}}_{\\rm{ej}}$', unit=None, boundary='reflective')
06:32 INFO    : KNphi=Uniform(minimum=15.0, maximum=75.0, name='KNphi', latex_label='$\\Phi$', unit=None, boundary=None)
06:32 INFO    : log10_mej_dyn=Uniform(minimum=-3.0, maximum=-1.0, name='log10_mej_dyn', latex_label='$\\log_{10}M^{\\rm{dyn}}_{\\rm{ej}}$', unit=None, boundary='reflective')
06:32 INFO    : log10_mej_dyn=Uniform(minimum=-3.0, maximum=-1.0, name='log10_mej_dyn', latex_label='$\\log_{10}M^{\\rm{dyn}}_{\\rm{ej}}$', unit=None, boundary='reflective')
06:32 INFO    : log10_mej_dyn=Uniform(minimum=-3.0, maximum=-1.0, name='log10_mej_dyn', latex_label='$\\log_{10}M^{\\rm{dyn}}_{\\rm{ej}}$', unit=None, boundary='reflective')
06:32 INFO    : KNphi=Uniform(minimum=15.0, maximum=75.0, name='KNphi', latex_label='$\\Phi$', unit=None, boundary=None)
06:32 INFO    : KNphi=Uniform(minimum=15.0, maximum=75.0, name='KNphi', latex_label='$\\Phi$', unit=None, boundary=None)
06:32 INFO    : inclination_EM=Sine(minimum=0.0, maximum=1.5707963267948966, name='inclination_EM', latex_label='$\\iota$', unit=None, boundary=None)
06:32 INFO    : log10_mej_dyn=Uniform(minimum=-3.0, maximum=-1.0, name='log10_mej_dyn', latex_label='$\\log_{10}M^{\\rm{dyn}}_{\\rm{ej}}$', unit=None, boundary='reflective')
06:32 INFO    : KNphi=Uniform(minimum=15.0, maximum=75.0, name='KNphi', latex_label='$\\Phi$', unit=None, boundary=None)
06:32 INFO    : log10_mej_dyn=Uniform(minimum=-3.0, maximum=-1.0, name='log10_mej_dyn', latex_label='$\\log_{10}M^{\\rm{dyn}}_{\\rm{ej}}$', unit=None, boundary='reflective')
06:32 INFO    : log10_mej_dyn=Uniform(minimum=-3.0, maximum=-1.0, name='log10_mej_dyn', latex_label='$\\log_{10}M^{\\rm{dyn}}_{\\rm{ej}}$', unit=None, boundary='reflective')
06:32 INFO    : KNphi=Uniform(minimum=15.0, maximum=75.0, name='KNphi', latex_label='$\\Phi$', unit=None, boundary=None)
06:32 INFO    : log10_mej_dyn=Uniform(minimum=-3.0, maximum=-1.0, name='log10_mej_dyn', latex_label='$\\log_{10}M^{\\rm{dyn}}_{\\rm{ej}}$', unit=None, boundary='reflective')
06:32 INFO    : KNphi=Uniform(minimum=15.0, maximum=75.0, name='KNphi', latex_label='$\\Phi$', unit=None, boundary=None)
06:32 INFO    : inclination_EM=Sine(minimum=0.0, maximum=1.5707963267948966, name='inclination_EM', latex_label='$\\iota$', unit=None, boundary=None)
06:32 INFO    : log10_mej_dyn=Uniform(minimum=-3.0, maximum=-1.0, name='log10_mej_dyn', latex_label='$\\log_{10}M^{\\rm{dyn}}_{\\rm{ej}}$', unit=None, boundary='reflective')
06:32 INFO    : log10_mej_dyn=Uniform(minimum=-3.0, maximum=-1.0, name='log10_mej_dyn', latex_label='$\\log_{10}M^{\\rm{dyn}}_{\\rm{ej}}$', unit=None, boundary='reflective')
06:32 INFO    : log10_mej_wind=Uniform(minimum=-3.0, maximum=-0.5, name='log10_mej_wind', latex_label='$\\log_{10}M^{\\rm{wind}}_{\\rm{ej}}$', unit=None, boundary='reflective')
06:32 INFO    : log10_mej_dyn=Uniform(minimum=-3.0, maximum=-1.0, name='log10_mej_dyn', latex_label='$\\log_{10}M^{\\rm{dyn}}_{\\rm{ej}}$', unit=None, boundary='reflective')
06:32 INFO    : log10_mej_dyn=Uniform(minimum=-3.0, maximum=-1.0, name='log10_mej_dyn', latex_label='$\\log_{10}M^{\\rm{dyn}}_{\\rm{ej}}$', unit=None, boundary='reflective')
06:32 INFO    : log10_mej_dyn=Uniform(minimum=-3.0, maximum=-1.0, name='log10_mej_dyn', latex_label='$\\log_{10}M^{\\rm{dyn}}_{\\rm{ej}}$', unit=None, boundary='reflective')
06:32 INFO    : log10_mej_dyn=Uniform(minimum=-3.0, maximum=-1.0, name='log10_mej_dyn', latex_label='$\\log_{10}M^{\\rm{dyn}}_{\\rm{ej}}$', unit=None, boundary='reflective')
06:32 INFO    : log10_mej_dyn=Uniform(minimum=-3.0, maximum=-1.0, name='log10_mej_dyn', latex_label='$\\log_{10}M^{\\rm{dyn}}_{\\rm{ej}}$', unit=None, boundary='reflective')
06:32 INFO    : log10_mej_wind=Uniform(minimum=-3.0, maximum=-0.5, name='log10_mej_wind', latex_label='$\\log_{10}M^{\\rm{wind}}_{\\rm{ej}}$', unit=None, boundary='reflective')
06:32 INFO    : luminosity_distance=LogUniform(minimum=1, maximum=500, name='luminosity_distance', latex_label='$D_L$', unit=None, boundary=None)
06:32 INFO    : log10_mej_wind=Uniform(minimum=-3.0, maximum=-0.5, name='log10_mej_wind', latex_label='$\\log_{10}M^{\\rm{wind}}_{\\rm{ej}}$', unit=None, boundary='reflective')
06:32 INFO    : log10_mej_dyn=Uniform(minimum=-3.0, maximum=-1.0, name='log10_mej_dyn', latex_label='$\\log_{10}M^{\\rm{dyn}}_{\\rm{ej}}$', unit=None, boundary='reflective')
06:32 INFO    : log10_mej_dyn=Uniform(minimum=-3.0, maximum=-1.0, name='log10_mej_dyn', latex_label='$\\log_{10}M^{\\rm{dyn}}_{\\rm{ej}}$', unit=None, boundary='reflective')
06:32 INFO    : log10_mej_wind=Uniform(minimum=-3.0, maximum=-0.5, name='log10_mej_wind', latex_label='$\\log_{10}M^{\\rm{wind}}_{\\rm{ej}}$', unit=None, boundary='reflective')
06:32 INFO    : log10_mej_dyn=Uniform(minimum=-3.0, maximum=-1.0, name='log10_mej_dyn', latex_label='$\\log_{10}M^{\\rm{dyn}}_{\\rm{ej}}$', unit=None, boundary='reflective')
06:32 INFO    : log10_mej_wind=Uniform(minimum=-3.0, maximum=-0.5, name='log10_mej_wind', latex_label='$\\log_{10}M^{\\rm{wind}}_{\\rm{ej}}$', unit=None, boundary='reflective')
06:32 INFO    : log10_mej_dyn=Uniform(minimum=-3.0, maximum=-1.0, name='log10_mej_dyn', latex_label='$\\log_{10}M^{\\rm{dyn}}_{\\rm{ej}}$', unit=None, boundary='reflective')
06:32 INFO    : log10_mej_wind=Uniform(minimum=-3.0, maximum=-0.5, name='log10_mej_wind', latex_label='$\\log_{10}M^{\\rm{wind}}_{\\rm{ej}}$', unit=None, boundary='reflective')
06:32 INFO    : timeshift=0.0
06:32 INFO    : log10_mej_wind=Uniform(minimum=-3.0, maximum=-0.5, name='log10_mej_wind', latex_label='$\\log_{10}M^{\\rm{wind}}_{\\rm{ej}}$', unit=None, boundary='reflective')
06:32 INFO    : log10_mej_wind=Uniform(minimum=-3.0, maximum=-0.5, name='log10_mej_wind', latex_label='$\\log_{10}M^{\\rm{wind}}_{\\rm{ej}}$', unit=None, boundary='reflective')
06:32 INFO    : log10_mej_dyn=Uniform(minimum=-3.0, maximum=-1.0, name='log10_mej_dyn', latex_label='$\\log_{10}M^{\\rm{dyn}}_{\\rm{ej}}$', unit=None, boundary='reflective')
06:32 INFO    : log10_mej_dyn=Uniform(minimum=-3.0, maximum=-1.0, name='log10_mej_dyn', latex_label='$\\log_{10}M^{\\rm{dyn}}_{\\rm{ej}}$', unit=None, boundary='reflective')
06:32 INFO    : log10_mej_wind=Uniform(minimum=-3.0, maximum=-0.5, name='log10_mej_wind', latex_label='$\\log_{10}M^{\\rm{wind}}_{\\rm{ej}}$', unit=None, boundary='reflective')
06:32 INFO    : log10_mej_wind=Uniform(minimum=-3.0, maximum=-0.5, name='log10_mej_wind', latex_label='$\\log_{10}M^{\\rm{wind}}_{\\rm{ej}}$', unit=None, boundary='reflective')
06:32 INFO    : luminosity_distance=LogUniform(minimum=1, maximum=500, name='luminosity_distance', latex_label='$D_L$', unit=None, boundary=None)
06:32 INFO    : log10_mej_wind=Uniform(minimum=-3.0, maximum=-0.5, name='log10_mej_wind', latex_label='$\\log_{10}M^{\\rm{wind}}_{\\rm{ej}}$', unit=None, boundary='reflective')
06:32 INFO    : log10_mej_dyn=Uniform(minimum=-3.0, maximum=-1.0, name='log10_mej_dyn', latex_label='$\\log_{10}M^{\\rm{dyn}}_{\\rm{ej}}$', unit=None, boundary='reflective')
06:32 INFO    : log10_mej_dyn=Uniform(minimum=-3.0, maximum=-1.0, name='log10_mej_dyn', latex_label='$\\log_{10}M^{\\rm{dyn}}_{\\rm{ej}}$', unit=None, boundary='reflective')
06:32 INFO    : em_syserr=1.0
06:32 INFO    : log10_mej_wind=Uniform(minimum=-3.0, maximum=-0.5, name='log10_mej_wind', latex_label='$\\log_{10}M^{\\rm{wind}}_{\\rm{ej}}$', unit=None, boundary='reflective')
06:32 INFO    : luminosity_distance=LogUniform(minimum=1, maximum=500, name='luminosity_distance', latex_label='$D_L$', unit=None, boundary=None)
06:32 INFO    : log10_mej_wind=Uniform(minimum=-3.0, maximum=-0.5, name='log10_mej_wind', latex_label='$\\log_{10}M^{\\rm{wind}}_{\\rm{ej}}$', unit=None, boundary='reflective')
06:32 INFO    : log10_mej_dyn=Uniform(minimum=-3.0, maximum=-1.0, name='log10_mej_dyn', latex_label='$\\log_{10}M^{\\rm{dyn}}_{\\rm{ej}}$', unit=None, boundary='reflective')
06:32 INFO    : log10_mej_wind=Uniform(minimum=-3.0, maximum=-0.5, name='log10_mej_wind', latex_label='$\\log_{10}M^{\\rm{wind}}_{\\rm{ej}}$', unit=None, boundary='reflective')
06:32 INFO    : log10_mej_wind=Uniform(minimum=-3.0, maximum=-0.5, name='log10_mej_wind', latex_label='$\\log_{10}M^{\\rm{wind}}_{\\rm{ej}}$', unit=None, boundary='reflective')
06:32 INFO    : log10_mej_wind=Uniform(minimum=-3.0, maximum=-0.5, name='log10_mej_wind', latex_label='$\\log_{10}M^{\\rm{wind}}_{\\rm{ej}}$', unit=None, boundary='reflective')
06:32 INFO    : log10_mej_wind=Uniform(minimum=-3.0, maximum=-0.5, name='log10_mej_wind', latex_label='$\\log_{10}M^{\\rm{wind}}_{\\rm{ej}}$', unit=None, boundary='reflective')
06:32 INFO    : inclination_EM=Sine(minimum=0.0, maximum=1.5707963267948966, name='inclination_EM', latex_label='$\\iota$', unit=None, boundary=None)
06:32 INFO    : Ebv=0.0
06:32 INFO    : timeshift=0.0
06:32 INFO    : log10_mej_wind=Uniform(minimum=-3.0, maximum=-0.5, name='log10_mej_wind', latex_label='$\\log_{10}M^{\\rm{wind}}_{\\rm{ej}}$', unit=None, boundary='reflective')
06:32 INFO    : timeshift=0.0
06:32 INFO    : log10_mej_wind=Uniform(minimum=-3.0, maximum=-0.5, name='log10_mej_wind', latex_label='$\\log_{10}M^{\\rm{wind}}_{\\rm{ej}}$', unit=None, boundary='reflective')
06:32 INFO    : inclination_EM=Sine(minimum=0.0, maximum=1.5707963267948966, name='inclination_EM', latex_label='$\\iota$', unit=None, boundary=None)
06:32 INFO    : log10_mej_wind=Uniform(minimum=-3.0, maximum=-0.5, name='log10_mej_wind', latex_label='$\\log_{10}M^{\\rm{wind}}_{\\rm{ej}}$', unit=None, boundary='reflective')
06:32 INFO    : log10_mej_wind=Uniform(minimum=-3.0, maximum=-0.5, name='log10_mej_wind', latex_label='$\\log_{10}M^{\\rm{wind}}_{\\rm{ej}}$', unit=None, boundary='reflective')
06:32 INFO    : inclination_EM=Sine(minimum=0.0, maximum=1.5707963267948966, name='inclination_EM', latex_label='$\\iota$', unit=None, boundary=None)
06:32 INFO    : em_syserr=1.0
06:32 INFO    : Analysis likelihood class: <class 'nmma.em.likelihood.OpticalLightCurve'>
06:32 INFO    : log10_mej_wind=Uniform(minimum=-3.0, maximum=-0.5, name='log10_mej_wind', latex_label='$\\log_{10}M^{\\rm{wind}}_{\\rm{ej}}$', unit=None, boundary='reflective')
06:32 INFO    : inclination_EM=Sine(minimum=0.0, maximum=1.5707963267948966, name='inclination_EM', latex_label='$\\iota$', unit=None, boundary=None)
06:32 INFO    : inclination_EM=Sine(minimum=0.0, maximum=1.5707963267948966, name='inclination_EM', latex_label='$\\iota$', unit=None, boundary=None)
06:32 INFO    : em_syserr=1.0
06:32 INFO    : inclination_EM=Sine(minimum=0.0, maximum=1.5707963267948966, name='inclination_EM', latex_label='$\\iota$', unit=None, boundary=None)
06:32 INFO    : log10_mej_wind=Uniform(minimum=-3.0, maximum=-0.5, name='log10_mej_wind', latex_label='$\\log_{10}M^{\\rm{wind}}_{\\rm{ej}}$', unit=None, boundary='reflective')
06:32 INFO    : log10_mej_wind=Uniform(minimum=-3.0, maximum=-0.5, name='log10_mej_wind', latex_label='$\\log_{10}M^{\\rm{wind}}_{\\rm{ej}}$', unit=None, boundary='reflective')
06:32 INFO    : Ebv=0.0
06:32 INFO    : inclination_EM=Sine(minimum=0.0, maximum=1.5707963267948966, name='inclination_EM', latex_label='$\\iota$', unit=None, boundary=None)
06:32 INFO    : inclination_EM=Sine(minimum=0.0, maximum=1.5707963267948966, name='inclination_EM', latex_label='$\\iota$', unit=None, boundary=None)
06:32 INFO    : log10_mej_wind=Uniform(minimum=-3.0, maximum=-0.5, name='log10_mej_wind', latex_label='$\\log_{10}M^{\\rm{wind}}_{\\rm{ej}}$', unit=None, boundary='reflective')
06:32 INFO    : Analysis likelihood noise evidence: 0.0
06:32 INFO    : log10_mej_wind=Uniform(minimum=-3.0, maximum=-0.5, name='log10_mej_wind', latex_label='$\\log_{10}M^{\\rm{wind}}_{\\rm{ej}}$', unit=None, boundary='reflective')
06:32 INFO    : Ebv=0.0
06:32 INFO    : inclination_EM=Sine(minimum=0.0, maximum=1.5707963267948966, name='inclination_EM', latex_label='$\\iota$', unit=None, boundary=None)
06:32 INFO    : inclination_EM=Sine(minimum=0.0, maximum=1.5707963267948966, name='inclination_EM', latex_label='$\\iota$', unit=None, boundary=None)
06:32 INFO    : inclination_EM=Sine(minimum=0.0, maximum=1.5707963267948966, name='inclination_EM', latex_label='$\\iota$', unit=None, boundary=None)
06:32 INFO    : inclination_EM=Sine(minimum=0.0, maximum=1.5707963267948966, name='inclination_EM', latex_label='$\\iota$', unit=None, boundary=None)
06:32 INFO    : log10_mej_wind=Uniform(minimum=-3.0, maximum=-0.5, name='log10_mej_wind', latex_label='$\\log_{10}M^{\\rm{wind}}_{\\rm{ej}}$', unit=None, boundary='reflective')
06:32 INFO    : Analysis likelihood class: <class 'nmma.em.likelihood.OpticalLightCurve'>
06:32 INFO    : inclination_EM=Sine(minimum=0.0, maximum=1.5707963267948966, name='inclination_EM', latex_label='$\\iota$', unit=None, boundary=None)
06:32 INFO    : inclination_EM=Sine(minimum=0.0, maximum=1.5707963267948966, name='inclination_EM', latex_label='$\\iota$', unit=None, boundary=None)
06:32 INFO    : inclination_EM=Sine(minimum=0.0, maximum=1.5707963267948966, name='inclination_EM', latex_label='$\\iota$', unit=None, boundary=None)
06:32 INFO    : Analysis likelihood class: <class 'nmma.em.likelihood.OpticalLightCurve'>
06:32 INFO    : inclination_EM=Sine(minimum=0.0, maximum=1.5707963267948966, name='inclination_EM', latex_label='$\\iota$', unit=None, boundary=None)
06:32 INFO    : inclination_EM=Sine(minimum=0.0, maximum=1.5707963267948966, name='inclination_EM', latex_label='$\\iota$', unit=None, boundary=None)
06:32 INFO    : luminosity_distance=LogUniform(minimum=1, maximum=500, name='luminosity_distance', latex_label='$D_L$', unit=None, boundary=None)
06:32 INFO    : inclination_EM=Sine(minimum=0.0, maximum=1.5707963267948966, name='inclination_EM', latex_label='$\\iota$', unit=None, boundary=None)
06:32 INFO    : Analysis likelihood noise evidence: 0.0
06:32 INFO    : inclination_EM=Sine(minimum=0.0, maximum=1.5707963267948966, name='inclination_EM', latex_label='$\\iota$', unit=None, boundary=None)
06:32 INFO    : luminosity_distance=LogUniform(minimum=1, maximum=500, name='luminosity_distance', latex_label='$D_L$', unit=None, boundary=None)
06:32 INFO    : inclination_EM=Sine(minimum=0.0, maximum=1.5707963267948966, name='inclination_EM', latex_label='$\\iota$', unit=None, boundary=None)
06:32 INFO    : Analysis likelihood noise evidence: 0.0
06:32 INFO    : luminosity_distance=LogUniform(minimum=1, maximum=500, name='luminosity_distance', latex_label='$D_L$', unit=None, boundary=None)
06:32 INFO    : inclination_EM=Sine(minimum=0.0, maximum=1.5707963267948966, name='inclination_EM', latex_label='$\\iota$', unit=None, boundary=None)
06:32 INFO    : inclination_EM=Sine(minimum=0.0, maximum=1.5707963267948966, name='inclination_EM', latex_label='$\\iota$', unit=None, boundary=None)
06:32 INFO    : timeshift=0.0
06:32 INFO    : luminosity_distance=LogUniform(minimum=1, maximum=500, name='luminosity_distance', latex_label='$D_L$', unit=None, boundary=None)
06:32 INFO    : luminosity_distance=LogUniform(minimum=1, maximum=500, name='luminosity_distance', latex_label='$D_L$', unit=None, boundary=None)
06:32 INFO    : luminosity_distance=LogUniform(minimum=1, maximum=500, name='luminosity_distance', latex_label='$D_L$', unit=None, boundary=None)
06:32 INFO    : inclination_EM=Sine(minimum=0.0, maximum=1.5707963267948966, name='inclination_EM', latex_label='$\\iota$', unit=None, boundary=None)
06:32 INFO    : luminosity_distance=LogUniform(minimum=1, maximum=500, name='luminosity_distance', latex_label='$D_L$', unit=None, boundary=None)
06:32 INFO    : timeshift=0.0
06:32 INFO    : inclination_EM=Sine(minimum=0.0, maximum=1.5707963267948966, name='inclination_EM', latex_label='$\\iota$', unit=None, boundary=None)
06:32 INFO    : luminosity_distance=LogUniform(minimum=1, maximum=500, name='luminosity_distance', latex_label='$D_L$', unit=None, boundary=None)
06:32 INFO    : timeshift=0.0
06:32 INFO    : em_syserr=1.0
06:32 INFO    : inclination_EM=Sine(minimum=0.0, maximum=1.5707963267948966, name='inclination_EM', latex_label='$\\iota$', unit=None, boundary=None)
06:32 INFO    : timeshift=0.0
06:32 INFO    : inclination_EM=Sine(minimum=0.0, maximum=1.5707963267948966, name='inclination_EM', latex_label='$\\iota$', unit=None, boundary=None)
06:32 INFO    : timeshift=0.0
06:32 INFO    : timeshift=0.0
06:32 INFO    : luminosity_distance=LogUniform(minimum=1, maximum=500, name='luminosity_distance', latex_label='$D_L$', unit=None, boundary=None)
06:32 INFO    : luminosity_distance=LogUniform(minimum=1, maximum=500, name='luminosity_distance', latex_label='$D_L$', unit=None, boundary=None)
06:32 INFO    : luminosity_distance=LogUniform(minimum=1, maximum=500, name='luminosity_distance', latex_label='$D_L$', unit=None, boundary=None)
06:32 INFO    : luminosity_distance=LogUniform(minimum=1, maximum=500, name='luminosity_distance', latex_label='$D_L$', unit=None, boundary=None)
06:32 INFO    : em_syserr=1.0
06:32 INFO    : timeshift=0.0
06:32 INFO    : inclination_EM=Sine(minimum=0.0, maximum=1.5707963267948966, name='inclination_EM', latex_label='$\\iota$', unit=None, boundary=None)
06:32 INFO    : luminosity_distance=LogUniform(minimum=1, maximum=500, name='luminosity_distance', latex_label='$D_L$', unit=None, boundary=None)
06:32 INFO    : em_syserr=1.0
06:32 INFO    : Ebv=0.0
06:32 INFO    : timeshift=0.0
06:32 INFO    : luminosity_distance=LogUniform(minimum=1, maximum=500, name='luminosity_distance', latex_label='$D_L$', unit=None, boundary=None)
06:32 INFO    : em_syserr=1.0
06:32 INFO    : luminosity_distance=LogUniform(minimum=1, maximum=500, name='luminosity_distance', latex_label='$D_L$', unit=None, boundary=None)
06:32 INFO    : em_syserr=1.0
06:32 INFO    : luminosity_distance=LogUniform(minimum=1, maximum=500, name='luminosity_distance', latex_label='$D_L$', unit=None, boundary=None)
06:32 INFO    : luminosity_distance=LogUniform(minimum=1, maximum=500, name='luminosity_distance', latex_label='$D_L$', unit=None, boundary=None)
06:32 INFO    : em_syserr=1.0
06:32 INFO    : luminosity_distance=LogUniform(minimum=1, maximum=500, name='luminosity_distance', latex_label='$D_L$', unit=None, boundary=None)
06:32 INFO    : timeshift=0.0
06:32 INFO    : Ebv=0.0
06:32 INFO    : timeshift=0.0
06:32 INFO    : timeshift=0.0
06:32 INFO    : em_syserr=1.0
06:32 INFO    : luminosity_distance=LogUniform(minimum=1, maximum=500, name='luminosity_distance', latex_label='$D_L$', unit=None, boundary=None)
06:32 INFO    : timeshift=0.0
06:32 INFO    : Ebv=0.0
06:32 INFO    : Analysis likelihood class: <class 'nmma.em.likelihood.OpticalLightCurve'>
06:32 INFO    : em_syserr=1.0
06:32 INFO    : Ebv=0.0
06:32 INFO    : luminosity_distance=LogUniform(minimum=1, maximum=500, name='luminosity_distance', latex_label='$D_L$', unit=None, boundary=None)
06:32 INFO    : timeshift=0.0
06:32 INFO    : Ebv=0.0
06:32 INFO    : timeshift=0.0
06:32 INFO    : luminosity_distance=LogUniform(minimum=1, maximum=500, name='luminosity_distance', latex_label='$D_L$', unit=None, boundary=None)
06:32 INFO    : timeshift=0.0
06:32 INFO    : luminosity_distance=LogUniform(minimum=1, maximum=500, name='luminosity_distance', latex_label='$D_L$', unit=None, boundary=None)
06:32 INFO    : Ebv=0.0
06:32 INFO    : timeshift=0.0
06:32 INFO    : em_syserr=1.0
06:32 INFO    : em_syserr=1.0
06:32 INFO    : Ebv=0.0
06:32 INFO    : timeshift=0.0
06:32 INFO    : Analysis likelihood class: <class 'nmma.em.likelihood.OpticalLightCurve'>
06:32 INFO    : em_syserr=1.0
06:32 INFO    : Analysis likelihood class: <class 'nmma.em.likelihood.OpticalLightCurve'>
06:32 INFO    : timeshift=0.0
06:32 INFO    : Analysis likelihood noise evidence: 0.0
06:32 INFO    : em_syserr=1.0
06:32 INFO    : timeshift=0.0
06:32 INFO    : Ebv=0.0
06:32 INFO    : Analysis likelihood class: <class 'nmma.em.likelihood.OpticalLightCurve'>
06:32 INFO    : em_syserr=1.0
06:32 INFO    : Analysis likelihood class: <class 'nmma.em.likelihood.OpticalLightCurve'>
06:32 INFO    : timeshift=0.0
06:32 INFO    : em_syserr=1.0
06:32 INFO    : luminosity_distance=LogUniform(minimum=1, maximum=500, name='luminosity_distance', latex_label='$D_L$', unit=None, boundary=None)
06:32 INFO    : em_syserr=1.0
06:32 INFO    : luminosity_distance=LogUniform(minimum=1, maximum=500, name='luminosity_distance', latex_label='$D_L$', unit=None, boundary=None)
06:32 INFO    : Ebv=0.0
06:32 INFO    : em_syserr=1.0
06:32 INFO    : timeshift=0.0
06:32 INFO    : timeshift=0.0
06:32 INFO    : Ebv=0.0
06:32 INFO    : Analysis likelihood class: <class 'nmma.em.likelihood.OpticalLightCurve'>
06:32 INFO    : em_syserr=1.0
06:32 INFO    : luminosity_distance=LogUniform(minimum=1, maximum=500, name='luminosity_distance', latex_label='$D_L$', unit=None, boundary=None)
06:32 INFO    : Ebv=0.0
06:32 INFO    : Analysis likelihood class: <class 'nmma.em.likelihood.OpticalLightCurve'>
06:32 INFO    : Analysis likelihood noise evidence: 0.0
06:32 INFO    : luminosity_distance=LogUniform(minimum=1, maximum=500, name='luminosity_distance', latex_label='$D_L$', unit=None, boundary=None)
06:32 INFO    : Ebv=0.0
06:32 INFO    : timeshift=0.0
06:32 INFO    : em_syserr=1.0
06:32 INFO    : Analysis likelihood noise evidence: 0.0
06:32 INFO    : em_syserr=1.0
06:32 INFO    : Analysis likelihood noise evidence: 0.0
06:32 INFO    : Analysis likelihood class: <class 'nmma.em.likelihood.OpticalLightCurve'>
06:32 INFO    : Analysis likelihood class: <class 'nmma.em.likelihood.OpticalLightCurve'>
06:32 INFO    : Ebv=0.0
06:32 INFO    : Analysis likelihood noise evidence: 0.0
06:32 INFO    : Analysis likelihood noise evidence: 0.0
06:32 INFO    : em_syserr=1.0
06:32 INFO    : luminosity_distance=LogUniform(minimum=1, maximum=500, name='luminosity_distance', latex_label='$D_L$', unit=None, boundary=None)
06:32 INFO    : Ebv=0.0
06:32 INFO    : Ebv=0.0
06:32 INFO    : Analysis likelihood class: <class 'nmma.em.likelihood.OpticalLightCurve'>
06:32 INFO    : Ebv=0.0
06:32 INFO    : timeshift=0.0
06:32 INFO    : em_syserr=1.0
06:32 INFO    : em_syserr=1.0
06:32 INFO    : em_syserr=1.0
06:32 INFO    : timeshift=0.0
06:32 INFO    : Ebv=0.0
06:32 INFO    : Analysis likelihood class: <class 'nmma.em.likelihood.OpticalLightCurve'>
06:32 INFO    : timeshift=0.0
06:32 INFO    : Analysis likelihood noise evidence: 0.0
06:32 INFO    : Analysis likelihood class: <class 'nmma.em.likelihood.OpticalLightCurve'>
06:32 INFO    : Ebv=0.0
06:32 INFO    : Ebv=0.0
06:32 INFO    : Analysis likelihood noise evidence: 0.0
06:32 INFO    : Analysis likelihood class: <class 'nmma.em.likelihood.OpticalLightCurve'>
06:32 INFO    : Analysis likelihood noise evidence: 0.0
06:32 INFO    : Ebv=0.0
06:32 INFO    : Analysis likelihood class: <class 'nmma.em.likelihood.OpticalLightCurve'>
06:32 INFO    : em_syserr=1.0
06:32 INFO    : Analysis likelihood class: <class 'nmma.em.likelihood.OpticalLightCurve'>
06:32 INFO    : Analysis likelihood noise evidence: 0.0
06:32 INFO    : Analysis likelihood class: <class 'nmma.em.likelihood.OpticalLightCurve'>
06:32 INFO    : Ebv=0.0
06:32 INFO    : Ebv=0.0
06:32 INFO    : timeshift=0.0
06:32 INFO    : Ebv=0.0
06:32 INFO    : em_syserr=1.0
06:32 INFO    : Analysis likelihood class: <class 'nmma.em.likelihood.OpticalLightCurve'>
06:32 INFO    : em_syserr=1.0
06:32 INFO    : Analysis likelihood noise evidence: 0.0
06:32 INFO    : Analysis likelihood class: <class 'nmma.em.likelihood.OpticalLightCurve'>
06:32 INFO    : Analysis likelihood noise evidence: 0.0
06:32 INFO    : Analysis likelihood class: <class 'nmma.em.likelihood.OpticalLightCurve'>
06:32 INFO    : Analysis likelihood class: <class 'nmma.em.likelihood.OpticalLightCurve'>
06:32 INFO    : Analysis likelihood noise evidence: 0.0
06:32 INFO    : Ebv=0.0
06:32 INFO    : Analysis likelihood noise evidence: 0.0
06:32 INFO    : Analysis likelihood noise evidence: 0.0
06:32 INFO    : Analysis likelihood class: <class 'nmma.em.likelihood.OpticalLightCurve'>
06:32 INFO    : Analysis likelihood noise evidence: 0.0
06:32 INFO    : Ebv=0.0
06:32 INFO    : em_syserr=1.0
06:32 INFO    : Analysis likelihood class: <class 'nmma.em.likelihood.OpticalLightCurve'>
06:32 INFO    : Analysis likelihood class: <class 'nmma.em.likelihood.OpticalLightCurve'>
06:32 INFO    : Ebv=0.0
06:32 INFO    : Analysis likelihood noise evidence: 0.0
06:32 INFO    : Analysis likelihood noise evidence: 0.0
06:32 INFO    : Analysis likelihood noise evidence: 0.0
06:32 INFO    : Analysis likelihood noise evidence: 0.0
06:32 INFO    : Analysis likelihood class: <class 'nmma.em.likelihood.OpticalLightCurve'>
06:32 INFO    : Analysis likelihood noise evidence: 0.0
06:32 INFO    : Analysis likelihood class: <class 'nmma.em.likelihood.OpticalLightCurve'>
06:32 INFO    : Ebv=0.0
06:32 INFO    : Analysis likelihood noise evidence: 0.0
06:32 INFO    : Analysis likelihood class: <class 'nmma.em.likelihood.OpticalLightCurve'>
06:32 INFO    : Analysis likelihood noise evidence: 0.0
06:32 INFO    : Analysis likelihood noise evidence: 0.0
06:32 INFO    : Analysis likelihood noise evidence: 0.0
06:32 INFO    : Analysis likelihood class: <class 'nmma.em.likelihood.OpticalLightCurve'>
06:32 INFO    : Analysis likelihood noise evidence: 0.0
06:32 INFO    : Analysis likelihood noise evidence: 0.0
06:32 INFO    : KNphi=Uniform(minimum=15.0, maximum=75.0, name='KNphi', latex_label='$\\Phi$', unit=None, boundary=None)
06:32 INFO    : log10_mej_dyn=Uniform(minimum=-3.0, maximum=-1.0, name='log10_mej_dyn', latex_label='$\\log_{10}M^{\\rm{dyn}}_{\\rm{ej}}$', unit=None, boundary='reflective')
06:32 INFO    : log10_mej_wind=Uniform(minimum=-3.0, maximum=-0.5, name='log10_mej_wind', latex_label='$\\log_{10}M^{\\rm{wind}}_{\\rm{ej}}$', unit=None, boundary='reflective')
06:32 INFO    : inclination_EM=Sine(minimum=0.0, maximum=1.5707963267948966, name='inclination_EM', latex_label='$\\iota$', unit=None, boundary=None)
06:32 INFO    : luminosity_distance=LogUniform(minimum=1, maximum=500, name='luminosity_distance', latex_label='$D_L$', unit=None, boundary=None)
06:32 INFO    : timeshift=0.0
06:32 INFO    : em_syserr=1.0
06:32 INFO    : Ebv=0.0
06:32 INFO    : Analysis likelihood class: <class 'nmma.em.likelihood.OpticalLightCurve'>
06:32 INFO    : Analysis likelihood noise evidence: 0.0
06:32 INFO    : Analysis priors:
06:32 INFO    : KNphi=Uniform(minimum=15.0, maximum=75.0, name='KNphi', latex_label='$\\Phi$', unit=None, boundary=None)
06:32 INFO    : log10_mej_dyn=Uniform(minimum=-3.0, maximum=-1.0, name='log10_mej_dyn', latex_label='$\\log_{10}M^{\\rm{dyn}}_{\\rm{ej}}$', unit=None, boundary='reflective')
06:32 INFO    : log10_mej_wind=Uniform(minimum=-3.0, maximum=-0.5, name='log10_mej_wind', latex_label='$\\log_{10}M^{\\rm{wind}}_{\\rm{ej}}$', unit=None, boundary='reflective')
06:32 INFO    : inclination_EM=Sine(minimum=0.0, maximum=1.5707963267948966, name='inclination_EM', latex_label='$\\iota$', unit=None, boundary=None)
06:32 INFO    : luminosity_distance=LogUniform(minimum=1, maximum=500, name='luminosity_distance', latex_label='$D_L$', unit=None, boundary=None)
06:32 INFO    : timeshift=0.0
06:32 INFO    : em_syserr=1.0
06:32 INFO    : Ebv=0.0
06:32 INFO    : Analysis likelihood class: <class 'nmma.em.likelihood.OpticalLightCurve'>
06:32 INFO    : Analysis likelihood noise evidence: 0.0
06:33 INFO    : Single likelihood evaluation took 2.130e-01 s
06:33 INFO    : Single likelihood evaluation took 2.131e-01 s
06:33 INFO    : Single likelihood evaluation took 2.142e-01 s
06:33 INFO    : Single likelihood evaluation took 2.152e-01 s
06:33 INFO    : Single likelihood evaluation took 2.152e-01 s
06:33 INFO    : Single likelihood evaluation took 2.147e-01 s
06:33 WARNING : Supplied argument 'queue_size' not an argument of 'Pymultinest', removing.
06:33 WARNING : Supplied argument 'queue_size' not an argument of 'Pymultinest', removing.
06:33 WARNING : Supplied argument 'check_point_delta_t' not an argument of 'Pymultinest', removing.
06:33 WARNING : Supplied argument 'check_point_delta_t' not an argument of 'Pymultinest', removing.
06:33 INFO    : Using sampler Pymultinest with kwargs {'importance_nested_sampling': False, 'resume': True, 'verbose': True, 'sampling_efficiency': 'parameter', 'n_live_points': 2048, 'n_params': 5, 'n_clustering_params': None, 'wrapped_params': None, 'multimodal': True, 'const_efficiency_mode': False, 'evidence_tolerance': 0.5, 'n_iter_before_update': 100, 'null_log_evidence': -1e+90, 'max_modes': 100, 'mode_tolerance': -1e+90, 'seed': 42, 'context': 0, 'write_output': True, 'log_zero': -1e+100, 'max_iter': 0, 'init_MPI': False, 'dump_callback': <bound method Pymultinest._dump_callback of <bilby.core.sampler.pymultinest.Pymultinest object at 0x155500fc7af0>>}
06:33 INFO    : Using sampler Pymultinest with kwargs {'importance_nested_sampling': False, 'resume': True, 'verbose': True, 'sampling_efficiency': 'parameter', 'n_live_points': 2048, 'n_params': 5, 'n_clustering_params': None, 'wrapped_params': None, 'multimodal': True, 'const_efficiency_mode': False, 'evidence_tolerance': 0.5, 'n_iter_before_update': 100, 'null_log_evidence': -1e+90, 'max_modes': 100, 'mode_tolerance': -1e+90, 'seed': 42, 'context': 0, 'write_output': True, 'log_zero': -1e+100, 'max_iter': 0, 'init_MPI': False, 'dump_callback': <bound method Pymultinest._dump_callback of <bilby.core.sampler.pymultinest.Pymultinest object at 0x155500fc7ac0>>}
06:33 INFO    : Temporary directory incompatible with MPI, will run in original directory
06:33 INFO    : Temporary directory incompatible with MPI, will run in original directory
06:33 INFO    : Using output file outdirBNSBu32cores/pm_Simu2019lm/
06:33 INFO    : Using output file outdirBNSBu32cores/pm_Simu2019lm/
06:33 INFO    : Single likelihood evaluation took 2.155e-01 s
06:33 INFO    : Single likelihood evaluation took 2.158e-01 s
06:33 INFO    : Single likelihood evaluation took 2.159e-01 s
06:33 INFO    : Single likelihood evaluation took 2.160e-01 s
06:33 INFO    : Single likelihood evaluation took 2.162e-01 s
06:33 WARNING : Supplied argument 'queue_size' not an argument of 'Pymultinest', removing.
06:33 WARNING : Supplied argument 'check_point_delta_t' not an argument of 'Pymultinest', removing.
06:33 INFO    : Using sampler Pymultinest with kwargs {'importance_nested_sampling': False, 'resume': True, 'verbose': True, 'sampling_efficiency': 'parameter', 'n_live_points': 2048, 'n_params': 5, 'n_clustering_params': None, 'wrapped_params': None, 'multimodal': True, 'const_efficiency_mode': False, 'evidence_tolerance': 0.5, 'n_iter_before_update': 100, 'null_log_evidence': -1e+90, 'max_modes': 100, 'mode_tolerance': -1e+90, 'seed': 42, 'context': 0, 'write_output': True, 'log_zero': -1e+100, 'max_iter': 0, 'init_MPI': False, 'dump_callback': <bound method Pymultinest._dump_callback of <bilby.core.sampler.pymultinest.Pymultinest object at 0x155500fc7bb0>>}
06:33 INFO    : Temporary directory incompatible with MPI, will run in original directory
06:33 INFO    : Using output file outdirBNSBu32cores/pm_Simu2019lm/
06:33 WARNING : Supplied argument 'queue_size' not an argument of 'Pymultinest', removing.
06:33 WARNING : Supplied argument 'check_point_delta_t' not an argument of 'Pymultinest', removing.
06:33 INFO    : Using sampler Pymultinest with kwargs {'importance_nested_sampling': False, 'resume': True, 'verbose': True, 'sampling_efficiency': 'parameter', 'n_live_points': 2048, 'n_params': 5, 'n_clustering_params': None, 'wrapped_params': None, 'multimodal': True, 'const_efficiency_mode': False, 'evidence_tolerance': 0.5, 'n_iter_before_update': 100, 'null_log_evidence': -1e+90, 'max_modes': 100, 'mode_tolerance': -1e+90, 'seed': 42, 'context': 0, 'write_output': True, 'log_zero': -1e+100, 'max_iter': 0, 'init_MPI': False, 'dump_callback': <bound method Pymultinest._dump_callback of <bilby.core.sampler.pymultinest.Pymultinest object at 0x155500fc3b80>>}
06:33 INFO    : Temporary directory incompatible with MPI, will run in original directory
06:33 INFO    : Using output file outdirBNSBu32cores/pm_Simu2019lm/
06:33 WARNING : Supplied argument 'queue_size' not an argument of 'Pymultinest', removing.
06:33 WARNING : Supplied argument 'check_point_delta_t' not an argument of 'Pymultinest', removing.
06:33 INFO    : Using sampler Pymultinest with kwargs {'importance_nested_sampling': False, 'resume': True, 'verbose': True, 'sampling_efficiency': 'parameter', 'n_live_points': 2048, 'n_params': 5, 'n_clustering_params': None, 'wrapped_params': None, 'multimodal': True, 'const_efficiency_mode': False, 'evidence_tolerance': 0.5, 'n_iter_before_update': 100, 'null_log_evidence': -1e+90, 'max_modes': 100, 'mode_tolerance': -1e+90, 'seed': 42, 'context': 0, 'write_output': True, 'log_zero': -1e+100, 'max_iter': 0, 'init_MPI': False, 'dump_callback': <bound method Pymultinest._dump_callback of <bilby.core.sampler.pymultinest.Pymultinest object at 0x155500fc7b80>>}
06:33 INFO    : Temporary directory incompatible with MPI, will run in original directory
06:33 INFO    : Using output file outdirBNSBu32cores/pm_Simu2019lm/
06:33 INFO    : Single likelihood evaluation took 2.164e-01 s
06:33 WARNING : Supplied argument 'queue_size' not an argument of 'Pymultinest', removing.
06:33 WARNING : Supplied argument 'check_point_delta_t' not an argument of 'Pymultinest', removing.
06:33 INFO    : Using sampler Pymultinest with kwargs {'importance_nested_sampling': False, 'resume': True, 'verbose': True, 'sampling_efficiency': 'parameter', 'n_live_points': 2048, 'n_params': 5, 'n_clustering_params': None, 'wrapped_params': None, 'multimodal': True, 'const_efficiency_mode': False, 'evidence_tolerance': 0.5, 'n_iter_before_update': 100, 'null_log_evidence': -1e+90, 'max_modes': 100, 'mode_tolerance': -1e+90, 'seed': 42, 'context': 0, 'write_output': True, 'log_zero': -1e+100, 'max_iter': 0, 'init_MPI': False, 'dump_callback': <bound method Pymultinest._dump_callback of <bilby.core.sampler.pymultinest.Pymultinest object at 0x155500fcba30>>}
06:33 INFO    : Temporary directory incompatible with MPI, will run in original directory
06:33 INFO    : Using output file outdirBNSBu32cores/pm_Simu2019lm/
06:33 INFO    : Single likelihood evaluation took 2.167e-01 s
06:33 INFO    : Single likelihood evaluation took 2.170e-01 s
06:33 WARNING : Supplied argument 'queue_size' not an argument of 'Pymultinest', removing.
06:33 WARNING : Supplied argument 'check_point_delta_t' not an argument of 'Pymultinest', removing.
06:33 INFO    : Using sampler Pymultinest with kwargs {'importance_nested_sampling': False, 'resume': True, 'verbose': True, 'sampling_efficiency': 'parameter', 'n_live_points': 2048, 'n_params': 5, 'n_clustering_params': None, 'wrapped_params': None, 'multimodal': True, 'const_efficiency_mode': False, 'evidence_tolerance': 0.5, 'n_iter_before_update': 100, 'null_log_evidence': -1e+90, 'max_modes': 100, 'mode_tolerance': -1e+90, 'seed': 42, 'context': 0, 'write_output': True, 'log_zero': -1e+100, 'max_iter': 0, 'init_MPI': False, 'dump_callback': <bound method Pymultinest._dump_callback of <bilby.core.sampler.pymultinest.Pymultinest object at 0x155500fc3c10>>}
06:33 INFO    : Temporary directory incompatible with MPI, will run in original directory
06:33 WARNING : Supplied argument 'queue_size' not an argument of 'Pymultinest', removing.
06:33 WARNING : Supplied argument 'check_point_delta_t' not an argument of 'Pymultinest', removing.
06:33 INFO    : Using sampler Pymultinest with kwargs {'importance_nested_sampling': False, 'resume': True, 'verbose': True, 'sampling_efficiency': 'parameter', 'n_live_points': 2048, 'n_params': 5, 'n_clustering_params': None, 'wrapped_params': None, 'multimodal': True, 'const_efficiency_mode': False, 'evidence_tolerance': 0.5, 'n_iter_before_update': 100, 'null_log_evidence': -1e+90, 'max_modes': 100, 'mode_tolerance': -1e+90, 'seed': 42, 'context': 0, 'write_output': True, 'log_zero': -1e+100, 'max_iter': 0, 'init_MPI': False, 'dump_callback': <bound method Pymultinest._dump_callback of <bilby.core.sampler.pymultinest.Pymultinest object at 0x155500fc7b80>>}
06:33 INFO    : Using output file outdirBNSBu32cores/pm_Simu2019lm/
06:33 INFO    : Temporary directory incompatible with MPI, will run in original directory
06:33 INFO    : Using output file outdirBNSBu32cores/pm_Simu2019lm/
06:33 WARNING : Supplied argument 'queue_size' not an argument of 'Pymultinest', removing.
06:33 WARNING : Supplied argument 'check_point_delta_t' not an argument of 'Pymultinest', removing.
06:33 INFO    : Using sampler Pymultinest with kwargs {'importance_nested_sampling': False, 'resume': True, 'verbose': True, 'sampling_efficiency': 'parameter', 'n_live_points': 2048, 'n_params': 5, 'n_clustering_params': None, 'wrapped_params': None, 'multimodal': True, 'const_efficiency_mode': False, 'evidence_tolerance': 0.5, 'n_iter_before_update': 100, 'null_log_evidence': -1e+90, 'max_modes': 100, 'mode_tolerance': -1e+90, 'seed': 42, 'context': 0, 'write_output': True, 'log_zero': -1e+100, 'max_iter': 0, 'init_MPI': False, 'dump_callback': <bound method Pymultinest._dump_callback of <bilby.core.sampler.pymultinest.Pymultinest object at 0x155500fc3b80>>}
06:33 INFO    : Temporary directory incompatible with MPI, will run in original directory
06:33 INFO    : Using output file outdirBNSBu32cores/pm_Simu2019lm/
06:33 INFO    : Single likelihood evaluation took 2.175e-01 s
06:33 WARNING : Supplied argument 'queue_size' not an argument of 'Pymultinest', removing.
06:33 WARNING : Supplied argument 'check_point_delta_t' not an argument of 'Pymultinest', removing.
06:33 INFO    : Using sampler Pymultinest with kwargs {'importance_nested_sampling': False, 'resume': True, 'verbose': True, 'sampling_efficiency': 'parameter', 'n_live_points': 2048, 'n_params': 5, 'n_clustering_params': None, 'wrapped_params': None, 'multimodal': True, 'const_efficiency_mode': False, 'evidence_tolerance': 0.5, 'n_iter_before_update': 100, 'null_log_evidence': -1e+90, 'max_modes': 100, 'mode_tolerance': -1e+90, 'seed': 42, 'context': 0, 'write_output': True, 'log_zero': -1e+100, 'max_iter': 0, 'init_MPI': False, 'dump_callback': <bound method Pymultinest._dump_callback of <bilby.core.sampler.pymultinest.Pymultinest object at 0x155500fc3a90>>}
06:33 INFO    : Temporary directory incompatible with MPI, will run in original directory
06:33 INFO    : Single likelihood evaluation took 2.176e-01 s
06:33 INFO    : Using output file outdirBNSBu32cores/pm_Simu2019lm/
06:33 WARNING : Supplied argument 'queue_size' not an argument of 'Pymultinest', removing.
06:33 WARNING : Supplied argument 'check_point_delta_t' not an argument of 'Pymultinest', removing.
06:33 INFO    : Using sampler Pymultinest with kwargs {'importance_nested_sampling': False, 'resume': True, 'verbose': True, 'sampling_efficiency': 'parameter', 'n_live_points': 2048, 'n_params': 5, 'n_clustering_params': None, 'wrapped_params': None, 'multimodal': True, 'const_efficiency_mode': False, 'evidence_tolerance': 0.5, 'n_iter_before_update': 100, 'null_log_evidence': -1e+90, 'max_modes': 100, 'mode_tolerance': -1e+90, 'seed': 42, 'context': 0, 'write_output': True, 'log_zero': -1e+100, 'max_iter': 0, 'init_MPI': False, 'dump_callback': <bound method Pymultinest._dump_callback of <bilby.core.sampler.pymultinest.Pymultinest object at 0x155500fc3a90>>}
06:33 INFO    : Temporary directory incompatible with MPI, will run in original directory
06:33 INFO    : Using output file outdirBNSBu32cores/pm_Simu2019lm/
06:33 WARNING : Supplied argument 'queue_size' not an argument of 'Pymultinest', removing.
06:33 WARNING : Supplied argument 'check_point_delta_t' not an argument of 'Pymultinest', removing.
06:33 INFO    : Using sampler Pymultinest with kwargs {'importance_nested_sampling': False, 'resume': True, 'verbose': True, 'sampling_efficiency': 'parameter', 'n_live_points': 2048, 'n_params': 5, 'n_clustering_params': None, 'wrapped_params': None, 'multimodal': True, 'const_efficiency_mode': False, 'evidence_tolerance': 0.5, 'n_iter_before_update': 100, 'null_log_evidence': -1e+90, 'max_modes': 100, 'mode_tolerance': -1e+90, 'seed': 42, 'context': 0, 'write_output': True, 'log_zero': -1e+100, 'max_iter': 0, 'init_MPI': False, 'dump_callback': <bound method Pymultinest._dump_callback of <bilby.core.sampler.pymultinest.Pymultinest object at 0x155500fc7b80>>}
06:33 INFO    : Temporary directory incompatible with MPI, will run in original directory
06:33 INFO    : Using output file outdirBNSBu32cores/pm_Simu2019lm/
06:33 WARNING : Supplied argument 'queue_size' not an argument of 'Pymultinest', removing.
06:33 WARNING : Supplied argument 'check_point_delta_t' not an argument of 'Pymultinest', removing.
06:33 INFO    : Using sampler Pymultinest with kwargs {'importance_nested_sampling': False, 'resume': True, 'verbose': True, 'sampling_efficiency': 'parameter', 'n_live_points': 2048, 'n_params': 5, 'n_clustering_params': None, 'wrapped_params': None, 'multimodal': True, 'const_efficiency_mode': False, 'evidence_tolerance': 0.5, 'n_iter_before_update': 100, 'null_log_evidence': -1e+90, 'max_modes': 100, 'mode_tolerance': -1e+90, 'seed': 42, 'context': 0, 'write_output': True, 'log_zero': -1e+100, 'max_iter': 0, 'init_MPI': False, 'dump_callback': <bound method Pymultinest._dump_callback of <bilby.core.sampler.pymultinest.Pymultinest object at 0x155500fc3b80>>}
06:33 INFO    : Temporary directory incompatible with MPI, will run in original directory
06:33 INFO    : Using output file outdirBNSBu32cores/pm_Simu2019lm/
06:33 WARNING : Supplied argument 'queue_size' not an argument of 'Pymultinest', removing.
06:33 WARNING : Supplied argument 'check_point_delta_t' not an argument of 'Pymultinest', removing.
06:33 INFO    : Using sampler Pymultinest with kwargs {'importance_nested_sampling': False, 'resume': True, 'verbose': True, 'sampling_efficiency': 'parameter', 'n_live_points': 2048, 'n_params': 5, 'n_clustering_params': None, 'wrapped_params': None, 'multimodal': True, 'const_efficiency_mode': False, 'evidence_tolerance': 0.5, 'n_iter_before_update': 100, 'null_log_evidence': -1e+90, 'max_modes': 100, 'mode_tolerance': -1e+90, 'seed': 42, 'context': 0, 'write_output': True, 'log_zero': -1e+100, 'max_iter': 0, 'init_MPI': False, 'dump_callback': <bound method Pymultinest._dump_callback of <bilby.core.sampler.pymultinest.Pymultinest object at 0x155500fc7b20>>}
06:33 INFO    : Temporary directory incompatible with MPI, will run in original directory
06:33 INFO    : Using output file outdirBNSBu32cores/pm_Simu2019lm/
06:33 INFO    : Single likelihood evaluation took 2.184e-01 s
06:33 WARNING : Supplied argument 'queue_size' not an argument of 'Pymultinest', removing.
06:33 WARNING : Supplied argument 'check_point_delta_t' not an argument of 'Pymultinest', removing.
06:33 INFO    : Using sampler Pymultinest with kwargs {'importance_nested_sampling': False, 'resume': True, 'verbose': True, 'sampling_efficiency': 'parameter', 'n_live_points': 2048, 'n_params': 5, 'n_clustering_params': None, 'wrapped_params': None, 'multimodal': True, 'const_efficiency_mode': False, 'evidence_tolerance': 0.5, 'n_iter_before_update': 100, 'null_log_evidence': -1e+90, 'max_modes': 100, 'mode_tolerance': -1e+90, 'seed': 42, 'context': 0, 'write_output': True, 'log_zero': -1e+100, 'max_iter': 0, 'init_MPI': False, 'dump_callback': <bound method Pymultinest._dump_callback of <bilby.core.sampler.pymultinest.Pymultinest object at 0x155500fc3af0>>}
06:33 INFO    : Temporary directory incompatible with MPI, will run in original directory
06:33 INFO    : Using output file outdirBNSBu32cores/pm_Simu2019lm/
06:33 INFO    : Single likelihood evaluation took 2.187e-01 s
06:33 INFO    : Single likelihood evaluation took 2.185e-01 s
06:33 INFO    : Single likelihood evaluation took 2.186e-01 s
06:33 WARNING : Supplied argument 'queue_size' not an argument of 'Pymultinest', removing.
06:33 WARNING : Supplied argument 'check_point_delta_t' not an argument of 'Pymultinest', removing.
06:33 INFO    : Using sampler Pymultinest with kwargs {'importance_nested_sampling': False, 'resume': True, 'verbose': True, 'sampling_efficiency': 'parameter', 'n_live_points': 2048, 'n_params': 5, 'n_clustering_params': None, 'wrapped_params': None, 'multimodal': True, 'const_efficiency_mode': False, 'evidence_tolerance': 0.5, 'n_iter_before_update': 100, 'null_log_evidence': -1e+90, 'max_modes': 100, 'mode_tolerance': -1e+90, 'seed': 42, 'context': 0, 'write_output': True, 'log_zero': -1e+100, 'max_iter': 0, 'init_MPI': False, 'dump_callback': <bound method Pymultinest._dump_callback of <bilby.core.sampler.pymultinest.Pymultinest object at 0x155500fc3ac0>>}
06:33 INFO    : Temporary directory incompatible with MPI, will run in original directory
06:33 INFO    : Using output file outdirBNSBu32cores/pm_Simu2019lm/
06:33 INFO    : Single likelihood evaluation took 2.186e-01 s
06:33 INFO    : Single likelihood evaluation took 2.189e-01 s
06:33 WARNING : Supplied argument 'queue_size' not an argument of 'Pymultinest', removing.
06:33 WARNING : Supplied argument 'check_point_delta_t' not an argument of 'Pymultinest', removing.
06:33 INFO    : Using sampler Pymultinest with kwargs {'importance_nested_sampling': False, 'resume': True, 'verbose': True, 'sampling_efficiency': 'parameter', 'n_live_points': 2048, 'n_params': 5, 'n_clustering_params': None, 'wrapped_params': None, 'multimodal': True, 'const_efficiency_mode': False, 'evidence_tolerance': 0.5, 'n_iter_before_update': 100, 'null_log_evidence': -1e+90, 'max_modes': 100, 'mode_tolerance': -1e+90, 'seed': 42, 'context': 0, 'write_output': True, 'log_zero': -1e+100, 'max_iter': 0, 'init_MPI': False, 'dump_callback': <bound method Pymultinest._dump_callback of <bilby.core.sampler.pymultinest.Pymultinest object at 0x155500fc3ac0>>}
06:33 INFO    : Temporary directory incompatible with MPI, will run in original directory
06:33 INFO    : Using output file outdirBNSBu32cores/pm_Simu2019lm/
06:33 WARNING : Supplied argument 'queue_size' not an argument of 'Pymultinest', removing.
06:33 WARNING : Supplied argument 'check_point_delta_t' not an argument of 'Pymultinest', removing.
06:33 INFO    : Using sampler Pymultinest with kwargs {'importance_nested_sampling': False, 'resume': True, 'verbose': True, 'sampling_efficiency': 'parameter', 'n_live_points': 2048, 'n_params': 5, 'n_clustering_params': None, 'wrapped_params': None, 'multimodal': True, 'const_efficiency_mode': False, 'evidence_tolerance': 0.5, 'n_iter_before_update': 100, 'null_log_evidence': -1e+90, 'max_modes': 100, 'mode_tolerance': -1e+90, 'seed': 42, 'context': 0, 'write_output': True, 'log_zero': -1e+100, 'max_iter': 0, 'init_MPI': False, 'dump_callback': <bound method Pymultinest._dump_callback of <bilby.core.sampler.pymultinest.Pymultinest object at 0x155500fbfaf0>>}
06:33 WARNING : Supplied argument 'queue_size' not an argument of 'Pymultinest', removing.
06:33 WARNING : Supplied argument 'check_point_delta_t' not an argument of 'Pymultinest', removing.
06:33 INFO    : Temporary directory incompatible with MPI, will run in original directory
06:33 INFO    : Using sampler Pymultinest with kwargs {'importance_nested_sampling': False, 'resume': True, 'verbose': True, 'sampling_efficiency': 'parameter', 'n_live_points': 2048, 'n_params': 5, 'n_clustering_params': None, 'wrapped_params': None, 'multimodal': True, 'const_efficiency_mode': False, 'evidence_tolerance': 0.5, 'n_iter_before_update': 100, 'null_log_evidence': -1e+90, 'max_modes': 100, 'mode_tolerance': -1e+90, 'seed': 42, 'context': 0, 'write_output': True, 'log_zero': -1e+100, 'max_iter': 0, 'init_MPI': False, 'dump_callback': <bound method Pymultinest._dump_callback of <bilby.core.sampler.pymultinest.Pymultinest object at 0x155500fcb550>>}
06:33 INFO    : Temporary directory incompatible with MPI, will run in original directory
06:33 INFO    : Using output file outdirBNSBu32cores/pm_Simu2019lm/
06:33 INFO    : Using output file outdirBNSBu32cores/pm_Simu2019lm/
06:33 WARNING : Supplied argument 'queue_size' not an argument of 'Pymultinest', removing.
06:33 WARNING : Supplied argument 'check_point_delta_t' not an argument of 'Pymultinest', removing.
06:33 INFO    : Using sampler Pymultinest with kwargs {'importance_nested_sampling': False, 'resume': True, 'verbose': True, 'sampling_efficiency': 'parameter', 'n_live_points': 2048, 'n_params': 5, 'n_clustering_params': None, 'wrapped_params': None, 'multimodal': True, 'const_efficiency_mode': False, 'evidence_tolerance': 0.5, 'n_iter_before_update': 100, 'null_log_evidence': -1e+90, 'max_modes': 100, 'mode_tolerance': -1e+90, 'seed': 42, 'context': 0, 'write_output': True, 'log_zero': -1e+100, 'max_iter': 0, 'init_MPI': False, 'dump_callback': <bound method Pymultinest._dump_callback of <bilby.core.sampler.pymultinest.Pymultinest object at 0x155500fc3c10>>}
06:33 INFO    : Temporary directory incompatible with MPI, will run in original directory
06:33 INFO    : Using output file outdirBNSBu32cores/pm_Simu2019lm/
06:33 INFO    : Single likelihood evaluation took 2.197e-01 s
06:33 INFO    : Single likelihood evaluation took 2.197e-01 s
06:33 INFO    : Single likelihood evaluation took 2.197e-01 s
06:33 INFO    : Single likelihood evaluation took 2.196e-01 s
06:33 INFO    : Single likelihood evaluation took 2.200e-01 s
06:33 WARNING : Supplied argument 'queue_size' not an argument of 'Pymultinest', removing.
06:33 WARNING : Supplied argument 'check_point_delta_t' not an argument of 'Pymultinest', removing.
06:33 INFO    : Using sampler Pymultinest with kwargs {'importance_nested_sampling': False, 'resume': True, 'verbose': True, 'sampling_efficiency': 'parameter', 'n_live_points': 2048, 'n_params': 5, 'n_clustering_params': None, 'wrapped_params': None, 'multimodal': True, 'const_efficiency_mode': False, 'evidence_tolerance': 0.5, 'n_iter_before_update': 100, 'null_log_evidence': -1e+90, 'max_modes': 100, 'mode_tolerance': -1e+90, 'seed': 42, 'context': 0, 'write_output': True, 'log_zero': -1e+100, 'max_iter': 0, 'init_MPI': False, 'dump_callback': <bound method Pymultinest._dump_callback of <bilby.core.sampler.pymultinest.Pymultinest object at 0x155500fbfb20>>}
06:33 INFO    : Temporary directory incompatible with MPI, will run in original directory
06:33 INFO    : Using output file outdirBNSBu32cores/pm_Simu2019lm/
06:33 INFO    : Single likelihood evaluation took 2.202e-01 s
06:33 INFO    : Single likelihood evaluation took 2.199e-01 s
06:33 WARNING : Supplied argument 'queue_size' not an argument of 'Pymultinest', removing.
06:33 WARNING : Supplied argument 'check_point_delta_t' not an argument of 'Pymultinest', removing.
06:33 INFO    : Using sampler Pymultinest with kwargs {'importance_nested_sampling': False, 'resume': True, 'verbose': True, 'sampling_efficiency': 'parameter', 'n_live_points': 2048, 'n_params': 5, 'n_clustering_params': None, 'wrapped_params': None, 'multimodal': True, 'const_efficiency_mode': False, 'evidence_tolerance': 0.5, 'n_iter_before_update': 100, 'null_log_evidence': -1e+90, 'max_modes': 100, 'mode_tolerance': -1e+90, 'seed': 42, 'context': 0, 'write_output': True, 'log_zero': -1e+100, 'max_iter': 0, 'init_MPI': False, 'dump_callback': <bound method Pymultinest._dump_callback of <bilby.core.sampler.pymultinest.Pymultinest object at 0x155500fc7ac0>>}
06:33 INFO    : Temporary directory incompatible with MPI, will run in original directory
06:33 INFO    : Using output file outdirBNSBu32cores/pm_Simu2019lm/
06:33 WARNING : Supplied argument 'queue_size' not an argument of 'Pymultinest', removing.
06:33 WARNING : Supplied argument 'check_point_delta_t' not an argument of 'Pymultinest', removing.
06:33 INFO    : Using sampler Pymultinest with kwargs {'importance_nested_sampling': False, 'resume': True, 'verbose': True, 'sampling_efficiency': 'parameter', 'n_live_points': 2048, 'n_params': 5, 'n_clustering_params': None, 'wrapped_params': None, 'multimodal': True, 'const_efficiency_mode': False, 'evidence_tolerance': 0.5, 'n_iter_before_update': 100, 'null_log_evidence': -1e+90, 'max_modes': 100, 'mode_tolerance': -1e+90, 'seed': 42, 'context': 0, 'write_output': True, 'log_zero': -1e+100, 'max_iter': 0, 'init_MPI': False, 'dump_callback': <bound method Pymultinest._dump_callback of <bilby.core.sampler.pymultinest.Pymultinest object at 0x155500fc7b50>>}
06:33 INFO    : Temporary directory incompatible with MPI, will run in original directory
06:33 WARNING : Supplied argument 'queue_size' not an argument of 'Pymultinest', removing.
06:33 WARNING : Supplied argument 'check_point_delta_t' not an argument of 'Pymultinest', removing.
06:33 INFO    : Using output file outdirBNSBu32cores/pm_Simu2019lm/
06:33 INFO    : Using sampler Pymultinest with kwargs {'importance_nested_sampling': False, 'resume': True, 'verbose': True, 'sampling_efficiency': 'parameter', 'n_live_points': 2048, 'n_params': 5, 'n_clustering_params': None, 'wrapped_params': None, 'multimodal': True, 'const_efficiency_mode': False, 'evidence_tolerance': 0.5, 'n_iter_before_update': 100, 'null_log_evidence': -1e+90, 'max_modes': 100, 'mode_tolerance': -1e+90, 'seed': 42, 'context': 0, 'write_output': True, 'log_zero': -1e+100, 'max_iter': 0, 'init_MPI': False, 'dump_callback': <bound method Pymultinest._dump_callback of <bilby.core.sampler.pymultinest.Pymultinest object at 0x155500fc3ac0>>}
06:33 INFO    : Temporary directory incompatible with MPI, will run in original directory
06:33 WARNING : Supplied argument 'queue_size' not an argument of 'Pymultinest', removing.
06:33 WARNING : Supplied argument 'check_point_delta_t' not an argument of 'Pymultinest', removing.
06:33 INFO    : Using output file outdirBNSBu32cores/pm_Simu2019lm/
06:33 INFO    : Using sampler Pymultinest with kwargs {'importance_nested_sampling': False, 'resume': True, 'verbose': True, 'sampling_efficiency': 'parameter', 'n_live_points': 2048, 'n_params': 5, 'n_clustering_params': None, 'wrapped_params': None, 'multimodal': True, 'const_efficiency_mode': False, 'evidence_tolerance': 0.5, 'n_iter_before_update': 100, 'null_log_evidence': -1e+90, 'max_modes': 100, 'mode_tolerance': -1e+90, 'seed': 42, 'context': 0, 'write_output': True, 'log_zero': -1e+100, 'max_iter': 0, 'init_MPI': False, 'dump_callback': <bound method Pymultinest._dump_callback of <bilby.core.sampler.pymultinest.Pymultinest object at 0x155500fcb9a0>>}
06:33 INFO    : Temporary directory incompatible with MPI, will run in original directory
06:33 INFO    : Using output file outdirBNSBu32cores/pm_Simu2019lm/
06:33 INFO    : Single likelihood evaluation took 2.212e-01 s
06:33 WARNING : Supplied argument 'queue_size' not an argument of 'Pymultinest', removing.
06:33 WARNING : Supplied argument 'check_point_delta_t' not an argument of 'Pymultinest', removing.
06:33 INFO    : Using sampler Pymultinest with kwargs {'importance_nested_sampling': False, 'resume': True, 'verbose': True, 'sampling_efficiency': 'parameter', 'n_live_points': 2048, 'n_params': 5, 'n_clustering_params': None, 'wrapped_params': None, 'multimodal': True, 'const_efficiency_mode': False, 'evidence_tolerance': 0.5, 'n_iter_before_update': 100, 'null_log_evidence': -1e+90, 'max_modes': 100, 'mode_tolerance': -1e+90, 'seed': 42, 'context': 0, 'write_output': True, 'log_zero': -1e+100, 'max_iter': 0, 'init_MPI': False, 'dump_callback': <bound method Pymultinest._dump_callback of <bilby.core.sampler.pymultinest.Pymultinest object at 0x155500fc7af0>>}
06:33 INFO    : Temporary directory incompatible with MPI, will run in original directory
06:33 INFO    : Using output file outdirBNSBu32cores/pm_Simu2019lm/
06:33 WARNING : Supplied argument 'queue_size' not an argument of 'Pymultinest', removing.
06:33 WARNING : Supplied argument 'check_point_delta_t' not an argument of 'Pymultinest', removing.
06:33 INFO    : Using sampler Pymultinest with kwargs {'importance_nested_sampling': False, 'resume': True, 'verbose': True, 'sampling_efficiency': 'parameter', 'n_live_points': 2048, 'n_params': 5, 'n_clustering_params': None, 'wrapped_params': None, 'multimodal': True, 'const_efficiency_mode': False, 'evidence_tolerance': 0.5, 'n_iter_before_update': 100, 'null_log_evidence': -1e+90, 'max_modes': 100, 'mode_tolerance': -1e+90, 'seed': 42, 'context': 0, 'write_output': True, 'log_zero': -1e+100, 'max_iter': 0, 'init_MPI': False, 'dump_callback': <bound method Pymultinest._dump_callback of <bilby.core.sampler.pymultinest.Pymultinest object at 0x155500fc3b80>>}
06:33 INFO    : Temporary directory incompatible with MPI, will run in original directory
06:33 INFO    : Using output file outdirBNSBu32cores/pm_Simu2019lm/
06:33 INFO    : Single likelihood evaluation took 2.212e-01 s
06:33 INFO    : Single likelihood evaluation took 2.213e-01 s
06:33 WARNING : Supplied argument 'queue_size' not an argument of 'Pymultinest', removing.
06:33 WARNING : Supplied argument 'check_point_delta_t' not an argument of 'Pymultinest', removing.
06:33 INFO    : Using sampler Pymultinest with kwargs {'importance_nested_sampling': False, 'resume': True, 'verbose': True, 'sampling_efficiency': 'parameter', 'n_live_points': 2048, 'n_params': 5, 'n_clustering_params': None, 'wrapped_params': None, 'multimodal': True, 'const_efficiency_mode': False, 'evidence_tolerance': 0.5, 'n_iter_before_update': 100, 'null_log_evidence': -1e+90, 'max_modes': 100, 'mode_tolerance': -1e+90, 'seed': 42, 'context': 0, 'write_output': True, 'log_zero': -1e+100, 'max_iter': 0, 'init_MPI': False, 'dump_callback': <bound method Pymultinest._dump_callback of <bilby.core.sampler.pymultinest.Pymultinest object at 0x155500fc7ac0>>}
06:33 INFO    : Temporary directory incompatible with MPI, will run in original directory
06:33 INFO    : Using output file outdirBNSBu32cores/pm_Simu2019lm/
06:33 WARNING : Supplied argument 'queue_size' not an argument of 'Pymultinest', removing.
06:33 WARNING : Supplied argument 'check_point_delta_t' not an argument of 'Pymultinest', removing.
06:33 INFO    : Using sampler Pymultinest with kwargs {'importance_nested_sampling': False, 'resume': True, 'verbose': True, 'sampling_efficiency': 'parameter', 'n_live_points': 2048, 'n_params': 5, 'n_clustering_params': None, 'wrapped_params': None, 'multimodal': True, 'const_efficiency_mode': False, 'evidence_tolerance': 0.5, 'n_iter_before_update': 100, 'null_log_evidence': -1e+90, 'max_modes': 100, 'mode_tolerance': -1e+90, 'seed': 42, 'context': 0, 'write_output': True, 'log_zero': -1e+100, 'max_iter': 0, 'init_MPI': False, 'dump_callback': <bound method Pymultinest._dump_callback of <bilby.core.sampler.pymultinest.Pymultinest object at 0x155500fc3b50>>}
06:33 INFO    : Temporary directory incompatible with MPI, will run in original directory
06:33 INFO    : Using output file outdirBNSBu32cores/pm_Simu2019lm/
06:33 WARNING : Supplied argument 'queue_size' not an argument of 'Pymultinest', removing.
06:33 WARNING : Supplied argument 'check_point_delta_t' not an argument of 'Pymultinest', removing.
06:33 INFO    : Using sampler Pymultinest with kwargs {'importance_nested_sampling': False, 'resume': True, 'verbose': True, 'sampling_efficiency': 'parameter', 'n_live_points': 2048, 'n_params': 5, 'n_clustering_params': None, 'wrapped_params': None, 'multimodal': True, 'const_efficiency_mode': False, 'evidence_tolerance': 0.5, 'n_iter_before_update': 100, 'null_log_evidence': -1e+90, 'max_modes': 100, 'mode_tolerance': -1e+90, 'seed': 42, 'context': 0, 'write_output': True, 'log_zero': -1e+100, 'max_iter': 0, 'init_MPI': False, 'dump_callback': <bound method Pymultinest._dump_callback of <bilby.core.sampler.pymultinest.Pymultinest object at 0x155500fc7ac0>>}
06:33 INFO    : Temporary directory incompatible with MPI, will run in original directory
06:33 INFO    : Using output file outdirBNSBu32cores/pm_Simu2019lm/
06:33 WARNING : Supplied argument 'queue_size' not an argument of 'Pymultinest', removing.
06:33 WARNING : Supplied argument 'queue_size' not an argument of 'Pymultinest', removing.
06:33 WARNING : Supplied argument 'check_point_delta_t' not an argument of 'Pymultinest', removing.
06:33 WARNING : Supplied argument 'check_point_delta_t' not an argument of 'Pymultinest', removing.
06:33 INFO    : Using sampler Pymultinest with kwargs {'importance_nested_sampling': False, 'resume': True, 'verbose': True, 'sampling_efficiency': 'parameter', 'n_live_points': 2048, 'n_params': 5, 'n_clustering_params': None, 'wrapped_params': None, 'multimodal': True, 'const_efficiency_mode': False, 'evidence_tolerance': 0.5, 'n_iter_before_update': 100, 'null_log_evidence': -1e+90, 'max_modes': 100, 'mode_tolerance': -1e+90, 'seed': 42, 'context': 0, 'write_output': True, 'log_zero': -1e+100, 'max_iter': 0, 'init_MPI': False, 'dump_callback': <bound method Pymultinest._dump_callback of <bilby.core.sampler.pymultinest.Pymultinest object at 0x155500fc3b80>>}
06:33 INFO    : Using sampler Pymultinest with kwargs {'importance_nested_sampling': False, 'resume': True, 'verbose': True, 'sampling_efficiency': 'parameter', 'n_live_points': 2048, 'n_params': 5, 'n_clustering_params': None, 'wrapped_params': None, 'multimodal': True, 'const_efficiency_mode': False, 'evidence_tolerance': 0.5, 'n_iter_before_update': 100, 'null_log_evidence': -1e+90, 'max_modes': 100, 'mode_tolerance': -1e+90, 'seed': 42, 'context': 0, 'write_output': True, 'log_zero': -1e+100, 'max_iter': 0, 'init_MPI': False, 'dump_callback': <bound method Pymultinest._dump_callback of <bilby.core.sampler.pymultinest.Pymultinest object at 0x155500fc7b20>>}
06:33 INFO    : Temporary directory incompatible with MPI, will run in original directory
06:33 INFO    : Using output file outdirBNSBu32cores/pm_Simu2019lm/
06:33 INFO    : Temporary directory incompatible with MPI, will run in original directory
06:33 INFO    : Using output file outdirBNSBu32cores/pm_Simu2019lm/
06:39 INFO    : Sampling time: 0:06:02.559099
06:39 INFO    : Sampling time: 0:06:02.731164
06:39 INFO    : Sampling time: 0:06:02.404620
06:39 INFO    : Sampling time: 0:06:02.826068
06:39 INFO    : Sampling time: 0:06:02.732174
06:39 INFO    : Sampling time: 0:06:02.783810
06:39 INFO    : Sampling time: 0:06:02.928914
06:39 INFO    : Sampling time: 0:06:02.812316
06:39 INFO    : Sampling time: 0:06:02.639162
06:39 INFO    : Sampling time: 0:06:02.682886
06:39 INFO    : Sampling time: 0:06:02.698881
06:39 INFO    : Sampling time: 0:06:02.929584
06:39 INFO    : Sampling time: 0:06:02.526937
06:39 INFO    : Sampling time: 0:06:02.824871
06:39 INFO    : Sampling time: 0:06:02.267179
06:39 INFO    : Sampling time: 0:06:02.275507
06:39 INFO    : Sampling time: 0:06:02.635223
06:39 INFO    : Sampling time: 0:06:02.616660
06:39 INFO    : Sampling time: 0:06:02.387563
06:39 INFO    : Sampling time: 0:06:02.339584
06:39 INFO    : Sampling time: 0:06:02.667509
06:39 INFO    : Sampling time: 0:06:02.532158
06:39 INFO    : Sampling time: 0:06:02.386636
06:39 INFO    : Sampling time: 0:06:02.717874
06:39 INFO    : Sampling time: 0:06:02.383440
06:39 INFO    : Sampling time: 0:06:02.266431
06:39 INFO    : Sampling time: 0:06:02.335182
06:39 INFO    : Sampling time: 0:06:02.316995
06:39 INFO    : Sampling time: 0:06:02.473395
06:39 INFO    : Sampling time: 0:06:02.326943
06:39 INFO    : Sampling time: 0:06:02.532461
06:39 INFO    : Sampling time: 0:06:02.591588
06:39 ERROR   : 

Saving the data has failed with the following message:
[Errno 116] Stale file handle
Data has been dumped to outdirBNSBu32cores/Simu2019lm_result.pkl.


06:39 INFO    : Summary of results:
nsamples: 9416
ln_noise_evidence:  0.000
ln_evidence: -60.594 +/-  0.050
ln_bayes_factor: -60.594 +/-  0.050

06:39 INFO    : Summary of results:
nsamples: 9416
ln_noise_evidence:  0.000
ln_evidence: -60.594 +/-  0.050
ln_bayes_factor: -60.594 +/-  0.050

06:39 INFO    : Summary of results:
nsamples: 9416
ln_noise_evidence:  0.000
ln_evidence: -60.594 +/-  0.050
ln_bayes_factor: -60.594 +/-  0.050

06:39 INFO    : Writing samples file to /home/thussenot/kilonovae-H0/Simu2019lm/1err_griz/outdirBNSBu32cores/Simu2019lm_posterior_samples.dat
06:39 INFO    : Summary of results:
nsamples: 9416
ln_noise_evidence:  0.000
ln_evidence: -60.594 +/-  0.050
ln_bayes_factor: -60.594 +/-  0.050

06:39 INFO    : Summary of results:
nsamples: 9416
ln_noise_evidence:  0.000
ln_evidence: -60.594 +/-  0.050
ln_bayes_factor: -60.594 +/-  0.050

06:55 INFO    : Running for label 'Simu2019lm', output will be saved to 'outdirBNSBu32cores'
06:55 INFO    : Analysis priors:
06:55 INFO    : KNphi=Uniform(minimum=15.0, maximum=75.0, name='KNphi', latex_label='$\\Phi$', unit=None, boundary=None)
06:55 INFO    : log10_mej_dyn=Uniform(minimum=-3.0, maximum=-1.0, name='log10_mej_dyn', latex_label='$\\log_{10}M^{\\rm{dyn}}_{\\rm{ej}}$', unit=None, boundary='reflective')
06:55 INFO    : log10_mej_wind=Uniform(minimum=-3.0, maximum=-0.5, name='log10_mej_wind', latex_label='$\\log_{10}M^{\\rm{wind}}_{\\rm{ej}}$', unit=None, boundary='reflective')
06:55 INFO    : inclination_EM=Sine(minimum=0.0, maximum=1.5707963267948966, name='inclination_EM', latex_label='$\\iota$', unit=None, boundary=None)
06:55 INFO    : luminosity_distance=LogUniform(minimum=1, maximum=500, name='luminosity_distance', latex_label='$D_L$', unit=None, boundary=None)
06:55 INFO    : timeshift=0.0
06:55 INFO    : em_syserr=1.0
06:55 INFO    : Ebv=0.0
06:55 INFO    : Analysis likelihood class: <class 'nmma.em.likelihood.OpticalLightCurve'>
06:55 INFO    : Analysis likelihood noise evidence: 0.0
06:56 INFO    : Single likelihood evaluation took 8.234e-02 s
06:56 WARNING : Supplied argument 'queue_size' not an argument of 'Pymultinest', removing.
06:56 WARNING : Supplied argument 'check_point_delta_t' not an argument of 'Pymultinest', removing.
06:56 WARNING : Using cached result
06:56 INFO    : Summary of results:
nsamples: 9416
ln_noise_evidence:  0.000
ln_evidence: -60.594 +/-  0.050
ln_bayes_factor: -60.594 +/-  0.050

06:56 INFO    : Writing samples file to /home/thussenot/kilonovae-H0/Simu2019lm/1err_griz/outdirBNSBu32cores/Simu2019lm_posterior_samples.dat
