14:27 INFO    : Running for label 'AT170817', output will be saved to 'outdirBNSBu32cores'
14:27 INFO    : Running for label 'AT170817', output will be saved to 'outdirBNSBu32cores'
14:27 INFO    : Running for label 'AT170817', output will be saved to 'outdirBNSBu32cores'
14:27 INFO    : Running for label 'AT170817', output will be saved to 'outdirBNSBu32cores'
14:27 INFO    : Running for label 'AT170817', output will be saved to 'outdirBNSBu32cores'
14:27 INFO    : Running for label 'AT170817', output will be saved to 'outdirBNSBu32cores'
14:27 INFO    : Running for label 'AT170817', output will be saved to 'outdirBNSBu32cores'
14:27 INFO    : Running for label 'AT170817', output will be saved to 'outdirBNSBu32cores'
14:27 INFO    : Running for label 'AT170817', output will be saved to 'outdirBNSBu32cores'
14:27 INFO    : Running for label 'AT170817', output will be saved to 'outdirBNSBu32cores'
14:27 INFO    : Running for label 'AT170817', output will be saved to 'outdirBNSBu32cores'
14:27 INFO    : Running for label 'AT170817', output will be saved to 'outdirBNSBu32cores'
14:27 INFO    : Running for label 'AT170817', output will be saved to 'outdirBNSBu32cores'
14:27 INFO    : Running for label 'AT170817', output will be saved to 'outdirBNSBu32cores'
14:27 INFO    : Running for label 'AT170817', output will be saved to 'outdirBNSBu32cores'
14:27 INFO    : Running for label 'AT170817', output will be saved to 'outdirBNSBu32cores'
14:27 INFO    : Running for label 'AT170817', output will be saved to 'outdirBNSBu32cores'
14:27 INFO    : Running for label 'AT170817', output will be saved to 'outdirBNSBu32cores'
14:27 INFO    : Running for label 'AT170817', output will be saved to 'outdirBNSBu32cores'
14:27 INFO    : Running for label 'AT170817', output will be saved to 'outdirBNSBu32cores'
14:27 INFO    : Running for label 'AT170817', output will be saved to 'outdirBNSBu32cores'
14:27 INFO    : Running for label 'AT170817', output will be saved to 'outdirBNSBu32cores'
14:27 INFO    : Running for label 'AT170817', output will be saved to 'outdirBNSBu32cores'
14:27 INFO    : Running for label 'AT170817', output will be saved to 'outdirBNSBu32cores'
14:27 INFO    : Running for label 'AT170817', output will be saved to 'outdirBNSBu32cores'
14:27 INFO    : Running for label 'AT170817', output will be saved to 'outdirBNSBu32cores'
14:27 INFO    : Running for label 'AT170817', output will be saved to 'outdirBNSBu32cores'
14:27 INFO    : Running for label 'AT170817', output will be saved to 'outdirBNSBu32cores'
14:27 INFO    : Running for label 'AT170817', output will be saved to 'outdirBNSBu32cores'
14:27 INFO    : Running for label 'AT170817', output will be saved to 'outdirBNSBu32cores'
14:27 INFO    : Running for label 'AT170817', output will be saved to 'outdirBNSBu32cores'
14:27 INFO    : Running for label 'AT170817', output will be saved to 'outdirBNSBu32cores'
14:28 INFO    : Analysis priors:
14:28 INFO    : Analysis priors:
14:28 INFO    : Analysis priors:
14:28 INFO    : Analysis priors:
14:28 INFO    : Analysis priors:
14:28 INFO    : Analysis priors:
14:28 INFO    : Analysis priors:
14:28 INFO    : Analysis priors:
14:28 INFO    : Analysis priors:
14:28 INFO    : Analysis priors:
14:28 INFO    : Analysis priors:
14:28 INFO    : Analysis priors:
14:28 INFO    : Analysis priors:
14:28 INFO    : Analysis priors:
14:28 INFO    : Analysis priors:
14:28 INFO    : Analysis priors:
14:28 INFO    : Analysis priors:
14:28 INFO    : Analysis priors:
14:28 INFO    : Analysis priors:
14:28 INFO    : Analysis priors:
14:28 INFO    : Analysis priors:
14:28 INFO    : Analysis priors:
14:28 INFO    : Analysis priors:
14:28 INFO    : Analysis priors:
14:28 INFO    : Analysis priors:
14:28 INFO    : Analysis priors:
14:28 INFO    : Analysis priors:
14:28 INFO    : Analysis priors:
14:28 INFO    : Analysis priors:
14:28 INFO    : Analysis priors:
14:28 INFO    : Analysis priors:
14:28 INFO    : Analysis priors:
14:28 INFO    : KNphi=Uniform(minimum=15.0, maximum=75.0, name='KNphi', latex_label='$\\Phi$', unit=None, boundary=None)
14:28 INFO    : KNphi=Uniform(minimum=15.0, maximum=75.0, name='KNphi', latex_label='$\\Phi$', unit=None, boundary=None)
14:28 INFO    : KNphi=Uniform(minimum=15.0, maximum=75.0, name='KNphi', latex_label='$\\Phi$', unit=None, boundary=None)
14:28 INFO    : KNphi=Uniform(minimum=15.0, maximum=75.0, name='KNphi', latex_label='$\\Phi$', unit=None, boundary=None)
14:28 INFO    : KNphi=Uniform(minimum=15.0, maximum=75.0, name='KNphi', latex_label='$\\Phi$', unit=None, boundary=None)
14:28 INFO    : KNphi=Uniform(minimum=15.0, maximum=75.0, name='KNphi', latex_label='$\\Phi$', unit=None, boundary=None)
14:28 INFO    : KNphi=Uniform(minimum=15.0, maximum=75.0, name='KNphi', latex_label='$\\Phi$', unit=None, boundary=None)
14:28 INFO    : KNphi=Uniform(minimum=15.0, maximum=75.0, name='KNphi', latex_label='$\\Phi$', unit=None, boundary=None)
14:28 INFO    : KNphi=Uniform(minimum=15.0, maximum=75.0, name='KNphi', latex_label='$\\Phi$', unit=None, boundary=None)
14:28 INFO    : KNphi=Uniform(minimum=15.0, maximum=75.0, name='KNphi', latex_label='$\\Phi$', unit=None, boundary=None)
14:28 INFO    : KNphi=Uniform(minimum=15.0, maximum=75.0, name='KNphi', latex_label='$\\Phi$', unit=None, boundary=None)
14:28 INFO    : KNphi=Uniform(minimum=15.0, maximum=75.0, name='KNphi', latex_label='$\\Phi$', unit=None, boundary=None)
14:28 INFO    : KNphi=Uniform(minimum=15.0, maximum=75.0, name='KNphi', latex_label='$\\Phi$', unit=None, boundary=None)
14:28 INFO    : KNphi=Uniform(minimum=15.0, maximum=75.0, name='KNphi', latex_label='$\\Phi$', unit=None, boundary=None)
14:28 INFO    : KNphi=Uniform(minimum=15.0, maximum=75.0, name='KNphi', latex_label='$\\Phi$', unit=None, boundary=None)
14:28 INFO    : KNphi=Uniform(minimum=15.0, maximum=75.0, name='KNphi', latex_label='$\\Phi$', unit=None, boundary=None)
14:28 INFO    : KNphi=Uniform(minimum=15.0, maximum=75.0, name='KNphi', latex_label='$\\Phi$', unit=None, boundary=None)
14:28 INFO    : KNphi=Uniform(minimum=15.0, maximum=75.0, name='KNphi', latex_label='$\\Phi$', unit=None, boundary=None)
14:28 INFO    : KNphi=Uniform(minimum=15.0, maximum=75.0, name='KNphi', latex_label='$\\Phi$', unit=None, boundary=None)
14:28 INFO    : KNphi=Uniform(minimum=15.0, maximum=75.0, name='KNphi', latex_label='$\\Phi$', unit=None, boundary=None)
14:28 INFO    : KNphi=Uniform(minimum=15.0, maximum=75.0, name='KNphi', latex_label='$\\Phi$', unit=None, boundary=None)
14:28 INFO    : KNphi=Uniform(minimum=15.0, maximum=75.0, name='KNphi', latex_label='$\\Phi$', unit=None, boundary=None)
14:28 INFO    : KNphi=Uniform(minimum=15.0, maximum=75.0, name='KNphi', latex_label='$\\Phi$', unit=None, boundary=None)
14:28 INFO    : KNphi=Uniform(minimum=15.0, maximum=75.0, name='KNphi', latex_label='$\\Phi$', unit=None, boundary=None)
14:28 INFO    : KNphi=Uniform(minimum=15.0, maximum=75.0, name='KNphi', latex_label='$\\Phi$', unit=None, boundary=None)
14:28 INFO    : KNphi=Uniform(minimum=15.0, maximum=75.0, name='KNphi', latex_label='$\\Phi$', unit=None, boundary=None)
14:28 INFO    : KNphi=Uniform(minimum=15.0, maximum=75.0, name='KNphi', latex_label='$\\Phi$', unit=None, boundary=None)
14:28 INFO    : KNphi=Uniform(minimum=15.0, maximum=75.0, name='KNphi', latex_label='$\\Phi$', unit=None, boundary=None)
14:28 INFO    : KNphi=Uniform(minimum=15.0, maximum=75.0, name='KNphi', latex_label='$\\Phi$', unit=None, boundary=None)
14:28 INFO    : KNphi=Uniform(minimum=15.0, maximum=75.0, name='KNphi', latex_label='$\\Phi$', unit=None, boundary=None)
14:28 INFO    : log10_mej_dyn=Uniform(minimum=-3.0, maximum=-1.0, name='log10_mej_dyn', latex_label='$\\log_{10}M^{\\rm{dyn}}_{\\rm{ej}}$', unit=None, boundary='reflective')
14:28 INFO    : log10_mej_dyn=Uniform(minimum=-3.0, maximum=-1.0, name='log10_mej_dyn', latex_label='$\\log_{10}M^{\\rm{dyn}}_{\\rm{ej}}$', unit=None, boundary='reflective')
14:28 INFO    : log10_mej_dyn=Uniform(minimum=-3.0, maximum=-1.0, name='log10_mej_dyn', latex_label='$\\log_{10}M^{\\rm{dyn}}_{\\rm{ej}}$', unit=None, boundary='reflective')
14:28 INFO    : log10_mej_dyn=Uniform(minimum=-3.0, maximum=-1.0, name='log10_mej_dyn', latex_label='$\\log_{10}M^{\\rm{dyn}}_{\\rm{ej}}$', unit=None, boundary='reflective')
14:28 INFO    : log10_mej_dyn=Uniform(minimum=-3.0, maximum=-1.0, name='log10_mej_dyn', latex_label='$\\log_{10}M^{\\rm{dyn}}_{\\rm{ej}}$', unit=None, boundary='reflective')
14:28 INFO    : log10_mej_dyn=Uniform(minimum=-3.0, maximum=-1.0, name='log10_mej_dyn', latex_label='$\\log_{10}M^{\\rm{dyn}}_{\\rm{ej}}$', unit=None, boundary='reflective')
14:28 INFO    : log10_mej_dyn=Uniform(minimum=-3.0, maximum=-1.0, name='log10_mej_dyn', latex_label='$\\log_{10}M^{\\rm{dyn}}_{\\rm{ej}}$', unit=None, boundary='reflective')
14:28 INFO    : log10_mej_dyn=Uniform(minimum=-3.0, maximum=-1.0, name='log10_mej_dyn', latex_label='$\\log_{10}M^{\\rm{dyn}}_{\\rm{ej}}$', unit=None, boundary='reflective')
14:28 INFO    : log10_mej_dyn=Uniform(minimum=-3.0, maximum=-1.0, name='log10_mej_dyn', latex_label='$\\log_{10}M^{\\rm{dyn}}_{\\rm{ej}}$', unit=None, boundary='reflective')
14:28 INFO    : log10_mej_dyn=Uniform(minimum=-3.0, maximum=-1.0, name='log10_mej_dyn', latex_label='$\\log_{10}M^{\\rm{dyn}}_{\\rm{ej}}$', unit=None, boundary='reflective')
14:28 INFO    : log10_mej_dyn=Uniform(minimum=-3.0, maximum=-1.0, name='log10_mej_dyn', latex_label='$\\log_{10}M^{\\rm{dyn}}_{\\rm{ej}}$', unit=None, boundary='reflective')
14:28 INFO    : log10_mej_dyn=Uniform(minimum=-3.0, maximum=-1.0, name='log10_mej_dyn', latex_label='$\\log_{10}M^{\\rm{dyn}}_{\\rm{ej}}$', unit=None, boundary='reflective')
14:28 INFO    : log10_mej_dyn=Uniform(minimum=-3.0, maximum=-1.0, name='log10_mej_dyn', latex_label='$\\log_{10}M^{\\rm{dyn}}_{\\rm{ej}}$', unit=None, boundary='reflective')
14:28 INFO    : log10_mej_dyn=Uniform(minimum=-3.0, maximum=-1.0, name='log10_mej_dyn', latex_label='$\\log_{10}M^{\\rm{dyn}}_{\\rm{ej}}$', unit=None, boundary='reflective')
14:28 INFO    : log10_mej_dyn=Uniform(minimum=-3.0, maximum=-1.0, name='log10_mej_dyn', latex_label='$\\log_{10}M^{\\rm{dyn}}_{\\rm{ej}}$', unit=None, boundary='reflective')
14:28 INFO    : log10_mej_dyn=Uniform(minimum=-3.0, maximum=-1.0, name='log10_mej_dyn', latex_label='$\\log_{10}M^{\\rm{dyn}}_{\\rm{ej}}$', unit=None, boundary='reflective')
14:28 INFO    : log10_mej_dyn=Uniform(minimum=-3.0, maximum=-1.0, name='log10_mej_dyn', latex_label='$\\log_{10}M^{\\rm{dyn}}_{\\rm{ej}}$', unit=None, boundary='reflective')
14:28 INFO    : log10_mej_dyn=Uniform(minimum=-3.0, maximum=-1.0, name='log10_mej_dyn', latex_label='$\\log_{10}M^{\\rm{dyn}}_{\\rm{ej}}$', unit=None, boundary='reflective')
14:28 INFO    : log10_mej_dyn=Uniform(minimum=-3.0, maximum=-1.0, name='log10_mej_dyn', latex_label='$\\log_{10}M^{\\rm{dyn}}_{\\rm{ej}}$', unit=None, boundary='reflective')
14:28 INFO    : log10_mej_dyn=Uniform(minimum=-3.0, maximum=-1.0, name='log10_mej_dyn', latex_label='$\\log_{10}M^{\\rm{dyn}}_{\\rm{ej}}$', unit=None, boundary='reflective')
14:28 INFO    : log10_mej_dyn=Uniform(minimum=-3.0, maximum=-1.0, name='log10_mej_dyn', latex_label='$\\log_{10}M^{\\rm{dyn}}_{\\rm{ej}}$', unit=None, boundary='reflective')
14:28 INFO    : log10_mej_dyn=Uniform(minimum=-3.0, maximum=-1.0, name='log10_mej_dyn', latex_label='$\\log_{10}M^{\\rm{dyn}}_{\\rm{ej}}$', unit=None, boundary='reflective')
14:28 INFO    : log10_mej_dyn=Uniform(minimum=-3.0, maximum=-1.0, name='log10_mej_dyn', latex_label='$\\log_{10}M^{\\rm{dyn}}_{\\rm{ej}}$', unit=None, boundary='reflective')
14:28 INFO    : log10_mej_dyn=Uniform(minimum=-3.0, maximum=-1.0, name='log10_mej_dyn', latex_label='$\\log_{10}M^{\\rm{dyn}}_{\\rm{ej}}$', unit=None, boundary='reflective')
14:28 INFO    : log10_mej_dyn=Uniform(minimum=-3.0, maximum=-1.0, name='log10_mej_dyn', latex_label='$\\log_{10}M^{\\rm{dyn}}_{\\rm{ej}}$', unit=None, boundary='reflective')
14:28 INFO    : log10_mej_dyn=Uniform(minimum=-3.0, maximum=-1.0, name='log10_mej_dyn', latex_label='$\\log_{10}M^{\\rm{dyn}}_{\\rm{ej}}$', unit=None, boundary='reflective')
14:28 INFO    : log10_mej_dyn=Uniform(minimum=-3.0, maximum=-1.0, name='log10_mej_dyn', latex_label='$\\log_{10}M^{\\rm{dyn}}_{\\rm{ej}}$', unit=None, boundary='reflective')
14:28 INFO    : log10_mej_dyn=Uniform(minimum=-3.0, maximum=-1.0, name='log10_mej_dyn', latex_label='$\\log_{10}M^{\\rm{dyn}}_{\\rm{ej}}$', unit=None, boundary='reflective')
14:28 INFO    : log10_mej_dyn=Uniform(minimum=-3.0, maximum=-1.0, name='log10_mej_dyn', latex_label='$\\log_{10}M^{\\rm{dyn}}_{\\rm{ej}}$', unit=None, boundary='reflective')
14:28 INFO    : log10_mej_dyn=Uniform(minimum=-3.0, maximum=-1.0, name='log10_mej_dyn', latex_label='$\\log_{10}M^{\\rm{dyn}}_{\\rm{ej}}$', unit=None, boundary='reflective')
14:28 INFO    : log10_mej_wind=Uniform(minimum=-3.0, maximum=-0.5, name='log10_mej_wind', latex_label='$\\log_{10}M^{\\rm{wind}}_{\\rm{ej}}$', unit=None, boundary='reflective')
14:28 INFO    : log10_mej_wind=Uniform(minimum=-3.0, maximum=-0.5, name='log10_mej_wind', latex_label='$\\log_{10}M^{\\rm{wind}}_{\\rm{ej}}$', unit=None, boundary='reflective')
14:28 INFO    : log10_mej_wind=Uniform(minimum=-3.0, maximum=-0.5, name='log10_mej_wind', latex_label='$\\log_{10}M^{\\rm{wind}}_{\\rm{ej}}$', unit=None, boundary='reflective')
14:28 INFO    : log10_mej_wind=Uniform(minimum=-3.0, maximum=-0.5, name='log10_mej_wind', latex_label='$\\log_{10}M^{\\rm{wind}}_{\\rm{ej}}$', unit=None, boundary='reflective')
14:28 INFO    : log10_mej_wind=Uniform(minimum=-3.0, maximum=-0.5, name='log10_mej_wind', latex_label='$\\log_{10}M^{\\rm{wind}}_{\\rm{ej}}$', unit=None, boundary='reflective')
14:28 INFO    : log10_mej_wind=Uniform(minimum=-3.0, maximum=-0.5, name='log10_mej_wind', latex_label='$\\log_{10}M^{\\rm{wind}}_{\\rm{ej}}$', unit=None, boundary='reflective')
14:28 INFO    : log10_mej_wind=Uniform(minimum=-3.0, maximum=-0.5, name='log10_mej_wind', latex_label='$\\log_{10}M^{\\rm{wind}}_{\\rm{ej}}$', unit=None, boundary='reflective')
14:28 INFO    : log10_mej_wind=Uniform(minimum=-3.0, maximum=-0.5, name='log10_mej_wind', latex_label='$\\log_{10}M^{\\rm{wind}}_{\\rm{ej}}$', unit=None, boundary='reflective')
14:28 INFO    : log10_mej_wind=Uniform(minimum=-3.0, maximum=-0.5, name='log10_mej_wind', latex_label='$\\log_{10}M^{\\rm{wind}}_{\\rm{ej}}$', unit=None, boundary='reflective')
14:28 INFO    : log10_mej_wind=Uniform(minimum=-3.0, maximum=-0.5, name='log10_mej_wind', latex_label='$\\log_{10}M^{\\rm{wind}}_{\\rm{ej}}$', unit=None, boundary='reflective')
14:28 INFO    : log10_mej_wind=Uniform(minimum=-3.0, maximum=-0.5, name='log10_mej_wind', latex_label='$\\log_{10}M^{\\rm{wind}}_{\\rm{ej}}$', unit=None, boundary='reflective')
14:28 INFO    : log10_mej_wind=Uniform(minimum=-3.0, maximum=-0.5, name='log10_mej_wind', latex_label='$\\log_{10}M^{\\rm{wind}}_{\\rm{ej}}$', unit=None, boundary='reflective')
14:28 INFO    : log10_mej_wind=Uniform(minimum=-3.0, maximum=-0.5, name='log10_mej_wind', latex_label='$\\log_{10}M^{\\rm{wind}}_{\\rm{ej}}$', unit=None, boundary='reflective')
14:28 INFO    : log10_mej_wind=Uniform(minimum=-3.0, maximum=-0.5, name='log10_mej_wind', latex_label='$\\log_{10}M^{\\rm{wind}}_{\\rm{ej}}$', unit=None, boundary='reflective')
14:28 INFO    : log10_mej_wind=Uniform(minimum=-3.0, maximum=-0.5, name='log10_mej_wind', latex_label='$\\log_{10}M^{\\rm{wind}}_{\\rm{ej}}$', unit=None, boundary='reflective')
14:28 INFO    : log10_mej_wind=Uniform(minimum=-3.0, maximum=-0.5, name='log10_mej_wind', latex_label='$\\log_{10}M^{\\rm{wind}}_{\\rm{ej}}$', unit=None, boundary='reflective')
14:28 INFO    : log10_mej_wind=Uniform(minimum=-3.0, maximum=-0.5, name='log10_mej_wind', latex_label='$\\log_{10}M^{\\rm{wind}}_{\\rm{ej}}$', unit=None, boundary='reflective')
14:28 INFO    : log10_mej_wind=Uniform(minimum=-3.0, maximum=-0.5, name='log10_mej_wind', latex_label='$\\log_{10}M^{\\rm{wind}}_{\\rm{ej}}$', unit=None, boundary='reflective')
14:28 INFO    : log10_mej_wind=Uniform(minimum=-3.0, maximum=-0.5, name='log10_mej_wind', latex_label='$\\log_{10}M^{\\rm{wind}}_{\\rm{ej}}$', unit=None, boundary='reflective')
14:28 INFO    : log10_mej_wind=Uniform(minimum=-3.0, maximum=-0.5, name='log10_mej_wind', latex_label='$\\log_{10}M^{\\rm{wind}}_{\\rm{ej}}$', unit=None, boundary='reflective')
14:28 INFO    : log10_mej_wind=Uniform(minimum=-3.0, maximum=-0.5, name='log10_mej_wind', latex_label='$\\log_{10}M^{\\rm{wind}}_{\\rm{ej}}$', unit=None, boundary='reflective')
14:28 INFO    : log10_mej_wind=Uniform(minimum=-3.0, maximum=-0.5, name='log10_mej_wind', latex_label='$\\log_{10}M^{\\rm{wind}}_{\\rm{ej}}$', unit=None, boundary='reflective')
14:28 INFO    : log10_mej_wind=Uniform(minimum=-3.0, maximum=-0.5, name='log10_mej_wind', latex_label='$\\log_{10}M^{\\rm{wind}}_{\\rm{ej}}$', unit=None, boundary='reflective')
14:28 INFO    : log10_mej_wind=Uniform(minimum=-3.0, maximum=-0.5, name='log10_mej_wind', latex_label='$\\log_{10}M^{\\rm{wind}}_{\\rm{ej}}$', unit=None, boundary='reflective')
14:28 INFO    : log10_mej_wind=Uniform(minimum=-3.0, maximum=-0.5, name='log10_mej_wind', latex_label='$\\log_{10}M^{\\rm{wind}}_{\\rm{ej}}$', unit=None, boundary='reflective')
14:28 INFO    : log10_mej_wind=Uniform(minimum=-3.0, maximum=-0.5, name='log10_mej_wind', latex_label='$\\log_{10}M^{\\rm{wind}}_{\\rm{ej}}$', unit=None, boundary='reflective')
14:28 INFO    : log10_mej_wind=Uniform(minimum=-3.0, maximum=-0.5, name='log10_mej_wind', latex_label='$\\log_{10}M^{\\rm{wind}}_{\\rm{ej}}$', unit=None, boundary='reflective')
14:28 INFO    : log10_mej_wind=Uniform(minimum=-3.0, maximum=-0.5, name='log10_mej_wind', latex_label='$\\log_{10}M^{\\rm{wind}}_{\\rm{ej}}$', unit=None, boundary='reflective')
14:28 INFO    : log10_mej_wind=Uniform(minimum=-3.0, maximum=-0.5, name='log10_mej_wind', latex_label='$\\log_{10}M^{\\rm{wind}}_{\\rm{ej}}$', unit=None, boundary='reflective')
14:28 INFO    : log10_mej_wind=Uniform(minimum=-3.0, maximum=-0.5, name='log10_mej_wind', latex_label='$\\log_{10}M^{\\rm{wind}}_{\\rm{ej}}$', unit=None, boundary='reflective')
14:28 INFO    : inclination_EM=Sine(minimum=0.0, maximum=1.5707963267948966, name='inclination_EM', latex_label='$\\iota$', unit=None, boundary=None)
14:28 INFO    : inclination_EM=Sine(minimum=0.0, maximum=1.5707963267948966, name='inclination_EM', latex_label='$\\iota$', unit=None, boundary=None)
14:28 INFO    : inclination_EM=Sine(minimum=0.0, maximum=1.5707963267948966, name='inclination_EM', latex_label='$\\iota$', unit=None, boundary=None)
14:28 INFO    : inclination_EM=Sine(minimum=0.0, maximum=1.5707963267948966, name='inclination_EM', latex_label='$\\iota$', unit=None, boundary=None)
14:28 INFO    : inclination_EM=Sine(minimum=0.0, maximum=1.5707963267948966, name='inclination_EM', latex_label='$\\iota$', unit=None, boundary=None)
14:28 INFO    : inclination_EM=Sine(minimum=0.0, maximum=1.5707963267948966, name='inclination_EM', latex_label='$\\iota$', unit=None, boundary=None)
14:28 INFO    : inclination_EM=Sine(minimum=0.0, maximum=1.5707963267948966, name='inclination_EM', latex_label='$\\iota$', unit=None, boundary=None)
14:28 INFO    : inclination_EM=Sine(minimum=0.0, maximum=1.5707963267948966, name='inclination_EM', latex_label='$\\iota$', unit=None, boundary=None)
14:28 INFO    : inclination_EM=Sine(minimum=0.0, maximum=1.5707963267948966, name='inclination_EM', latex_label='$\\iota$', unit=None, boundary=None)
14:28 INFO    : inclination_EM=Sine(minimum=0.0, maximum=1.5707963267948966, name='inclination_EM', latex_label='$\\iota$', unit=None, boundary=None)
14:28 INFO    : inclination_EM=Sine(minimum=0.0, maximum=1.5707963267948966, name='inclination_EM', latex_label='$\\iota$', unit=None, boundary=None)
14:28 INFO    : inclination_EM=Sine(minimum=0.0, maximum=1.5707963267948966, name='inclination_EM', latex_label='$\\iota$', unit=None, boundary=None)
14:28 INFO    : inclination_EM=Sine(minimum=0.0, maximum=1.5707963267948966, name='inclination_EM', latex_label='$\\iota$', unit=None, boundary=None)
14:28 INFO    : inclination_EM=Sine(minimum=0.0, maximum=1.5707963267948966, name='inclination_EM', latex_label='$\\iota$', unit=None, boundary=None)
14:28 INFO    : inclination_EM=Sine(minimum=0.0, maximum=1.5707963267948966, name='inclination_EM', latex_label='$\\iota$', unit=None, boundary=None)
14:28 INFO    : inclination_EM=Sine(minimum=0.0, maximum=1.5707963267948966, name='inclination_EM', latex_label='$\\iota$', unit=None, boundary=None)
14:28 INFO    : inclination_EM=Sine(minimum=0.0, maximum=1.5707963267948966, name='inclination_EM', latex_label='$\\iota$', unit=None, boundary=None)
14:28 INFO    : inclination_EM=Sine(minimum=0.0, maximum=1.5707963267948966, name='inclination_EM', latex_label='$\\iota$', unit=None, boundary=None)
14:28 INFO    : inclination_EM=Sine(minimum=0.0, maximum=1.5707963267948966, name='inclination_EM', latex_label='$\\iota$', unit=None, boundary=None)
14:28 INFO    : inclination_EM=Sine(minimum=0.0, maximum=1.5707963267948966, name='inclination_EM', latex_label='$\\iota$', unit=None, boundary=None)
14:28 INFO    : inclination_EM=Sine(minimum=0.0, maximum=1.5707963267948966, name='inclination_EM', latex_label='$\\iota$', unit=None, boundary=None)
14:28 INFO    : inclination_EM=Sine(minimum=0.0, maximum=1.5707963267948966, name='inclination_EM', latex_label='$\\iota$', unit=None, boundary=None)
14:28 INFO    : inclination_EM=Sine(minimum=0.0, maximum=1.5707963267948966, name='inclination_EM', latex_label='$\\iota$', unit=None, boundary=None)
14:28 INFO    : inclination_EM=Sine(minimum=0.0, maximum=1.5707963267948966, name='inclination_EM', latex_label='$\\iota$', unit=None, boundary=None)
14:28 INFO    : inclination_EM=Sine(minimum=0.0, maximum=1.5707963267948966, name='inclination_EM', latex_label='$\\iota$', unit=None, boundary=None)
14:28 INFO    : inclination_EM=Sine(minimum=0.0, maximum=1.5707963267948966, name='inclination_EM', latex_label='$\\iota$', unit=None, boundary=None)
14:28 INFO    : inclination_EM=Sine(minimum=0.0, maximum=1.5707963267948966, name='inclination_EM', latex_label='$\\iota$', unit=None, boundary=None)
14:28 INFO    : inclination_EM=Sine(minimum=0.0, maximum=1.5707963267948966, name='inclination_EM', latex_label='$\\iota$', unit=None, boundary=None)
14:28 INFO    : em_syserr=LogUniform(minimum=0.01, maximum=2.0, name='em_syserr', latex_label='$\\sigma$', unit=None, boundary=None)
14:28 INFO    : inclination_EM=Sine(minimum=0.0, maximum=1.5707963267948966, name='inclination_EM', latex_label='$\\iota$', unit=None, boundary=None)
14:28 INFO    : inclination_EM=Sine(minimum=0.0, maximum=1.5707963267948966, name='inclination_EM', latex_label='$\\iota$', unit=None, boundary=None)
14:28 INFO    : em_syserr=LogUniform(minimum=0.01, maximum=2.0, name='em_syserr', latex_label='$\\sigma$', unit=None, boundary=None)
14:28 INFO    : em_syserr=LogUniform(minimum=0.01, maximum=2.0, name='em_syserr', latex_label='$\\sigma$', unit=None, boundary=None)
14:28 INFO    : em_syserr=LogUniform(minimum=0.01, maximum=2.0, name='em_syserr', latex_label='$\\sigma$', unit=None, boundary=None)
14:28 INFO    : luminosity_distance=40.0
14:28 INFO    : luminosity_distance=40.0
14:28 INFO    : luminosity_distance=40.0
14:28 INFO    : luminosity_distance=40.0
14:28 INFO    : em_syserr=LogUniform(minimum=0.01, maximum=2.0, name='em_syserr', latex_label='$\\sigma$', unit=None, boundary=None)
14:28 INFO    : em_syserr=LogUniform(minimum=0.01, maximum=2.0, name='em_syserr', latex_label='$\\sigma$', unit=None, boundary=None)
14:28 INFO    : em_syserr=LogUniform(minimum=0.01, maximum=2.0, name='em_syserr', latex_label='$\\sigma$', unit=None, boundary=None)
14:28 INFO    : timeshift=0.0
14:28 INFO    : em_syserr=LogUniform(minimum=0.01, maximum=2.0, name='em_syserr', latex_label='$\\sigma$', unit=None, boundary=None)
14:28 INFO    : em_syserr=LogUniform(minimum=0.01, maximum=2.0, name='em_syserr', latex_label='$\\sigma$', unit=None, boundary=None)
14:28 INFO    : em_syserr=LogUniform(minimum=0.01, maximum=2.0, name='em_syserr', latex_label='$\\sigma$', unit=None, boundary=None)
14:28 INFO    : em_syserr=LogUniform(minimum=0.01, maximum=2.0, name='em_syserr', latex_label='$\\sigma$', unit=None, boundary=None)
14:28 INFO    : em_syserr=LogUniform(minimum=0.01, maximum=2.0, name='em_syserr', latex_label='$\\sigma$', unit=None, boundary=None)
14:28 INFO    : em_syserr=LogUniform(minimum=0.01, maximum=2.0, name='em_syserr', latex_label='$\\sigma$', unit=None, boundary=None)
14:28 INFO    : em_syserr=LogUniform(minimum=0.01, maximum=2.0, name='em_syserr', latex_label='$\\sigma$', unit=None, boundary=None)
14:28 INFO    : timeshift=0.0
14:28 INFO    : timeshift=0.0
14:28 INFO    : timeshift=0.0
14:28 INFO    : em_syserr=LogUniform(minimum=0.01, maximum=2.0, name='em_syserr', latex_label='$\\sigma$', unit=None, boundary=None)
14:28 INFO    : em_syserr=LogUniform(minimum=0.01, maximum=2.0, name='em_syserr', latex_label='$\\sigma$', unit=None, boundary=None)
14:28 INFO    : em_syserr=LogUniform(minimum=0.01, maximum=2.0, name='em_syserr', latex_label='$\\sigma$', unit=None, boundary=None)
14:28 INFO    : em_syserr=LogUniform(minimum=0.01, maximum=2.0, name='em_syserr', latex_label='$\\sigma$', unit=None, boundary=None)
14:28 INFO    : luminosity_distance=40.0
14:28 INFO    : em_syserr=LogUniform(minimum=0.01, maximum=2.0, name='em_syserr', latex_label='$\\sigma$', unit=None, boundary=None)
14:28 INFO    : luminosity_distance=40.0
14:28 INFO    : em_syserr=LogUniform(minimum=0.01, maximum=2.0, name='em_syserr', latex_label='$\\sigma$', unit=None, boundary=None)
14:28 INFO    : em_syserr=LogUniform(minimum=0.01, maximum=2.0, name='em_syserr', latex_label='$\\sigma$', unit=None, boundary=None)
14:28 INFO    : Ebv=0.0
14:28 INFO    : em_syserr=LogUniform(minimum=0.01, maximum=2.0, name='em_syserr', latex_label='$\\sigma$', unit=None, boundary=None)
14:28 INFO    : em_syserr=LogUniform(minimum=0.01, maximum=2.0, name='em_syserr', latex_label='$\\sigma$', unit=None, boundary=None)
14:28 INFO    : luminosity_distance=40.0
14:28 INFO    : em_syserr=LogUniform(minimum=0.01, maximum=2.0, name='em_syserr', latex_label='$\\sigma$', unit=None, boundary=None)
14:28 INFO    : em_syserr=LogUniform(minimum=0.01, maximum=2.0, name='em_syserr', latex_label='$\\sigma$', unit=None, boundary=None)
14:28 INFO    : luminosity_distance=40.0
14:28 INFO    : luminosity_distance=40.0
14:28 INFO    : em_syserr=LogUniform(minimum=0.01, maximum=2.0, name='em_syserr', latex_label='$\\sigma$', unit=None, boundary=None)
14:28 INFO    : luminosity_distance=40.0
14:28 INFO    : timeshift=0.0
14:28 INFO    : em_syserr=LogUniform(minimum=0.01, maximum=2.0, name='em_syserr', latex_label='$\\sigma$', unit=None, boundary=None)
14:28 INFO    : luminosity_distance=40.0
14:28 INFO    : luminosity_distance=40.0
14:28 INFO    : em_syserr=LogUniform(minimum=0.01, maximum=2.0, name='em_syserr', latex_label='$\\sigma$', unit=None, boundary=None)
14:28 INFO    : em_syserr=LogUniform(minimum=0.01, maximum=2.0, name='em_syserr', latex_label='$\\sigma$', unit=None, boundary=None)
14:28 INFO    : luminosity_distance=40.0
14:28 INFO    : Ebv=0.0
14:28 INFO    : Ebv=0.0
14:28 INFO    : em_syserr=LogUniform(minimum=0.01, maximum=2.0, name='em_syserr', latex_label='$\\sigma$', unit=None, boundary=None)
14:28 INFO    : Ebv=0.0
14:28 INFO    : luminosity_distance=40.0
14:28 INFO    : luminosity_distance=40.0
14:28 INFO    : luminosity_distance=40.0
14:28 INFO    : Ebv=0.0
14:28 INFO    : luminosity_distance=40.0
14:28 INFO    : timeshift=0.0
14:28 INFO    : luminosity_distance=40.0
14:28 INFO    : luminosity_distance=40.0
14:28 INFO    : luminosity_distance=40.0
14:28 INFO    : luminosity_distance=40.0
14:28 INFO    : Analysis likelihood class: <class 'nmma.em.likelihood.OpticalLightCurve'>
14:28 INFO    : luminosity_distance=40.0
14:28 INFO    : luminosity_distance=40.0
14:28 INFO    : timeshift=0.0
14:28 INFO    : luminosity_distance=40.0
14:28 INFO    : luminosity_distance=40.0
14:28 INFO    : timeshift=0.0
14:28 INFO    : timeshift=0.0
14:28 INFO    : timeshift=0.0
14:28 INFO    : timeshift=0.0
14:28 INFO    : luminosity_distance=40.0
14:28 INFO    : timeshift=0.0
14:28 INFO    : luminosity_distance=40.0
14:28 INFO    : timeshift=0.0
14:28 INFO    : luminosity_distance=40.0
14:28 INFO    : luminosity_distance=40.0
14:28 INFO    : timeshift=0.0
14:28 INFO    : timeshift=0.0
14:28 INFO    : Analysis likelihood class: <class 'nmma.em.likelihood.OpticalLightCurve'>
14:28 INFO    : Analysis likelihood class: <class 'nmma.em.likelihood.OpticalLightCurve'>
14:28 INFO    : Analysis likelihood class: <class 'nmma.em.likelihood.OpticalLightCurve'>
14:28 INFO    : luminosity_distance=40.0
14:28 INFO    : timeshift=0.0
14:28 INFO    : timeshift=0.0
14:28 INFO    : Ebv=0.0
14:28 INFO    : timeshift=0.0
14:28 INFO    : timeshift=0.0
14:28 INFO    : Analysis likelihood class: <class 'nmma.em.likelihood.OpticalLightCurve'>
14:28 INFO    : timeshift=0.0
14:28 INFO    : timeshift=0.0
14:28 INFO    : timeshift=0.0
14:28 INFO    : timeshift=0.0
14:28 INFO    : Analysis likelihood noise evidence: 0.0
14:28 INFO    : timeshift=0.0
14:28 INFO    : Ebv=0.0
14:28 INFO    : timeshift=0.0
14:28 INFO    : timeshift=0.0
14:28 INFO    : Ebv=0.0
14:28 INFO    : Ebv=0.0
14:28 INFO    : Ebv=0.0
14:28 INFO    : Ebv=0.0
14:28 INFO    : Ebv=0.0
14:28 INFO    : Ebv=0.0
14:28 INFO    : timeshift=0.0
14:28 INFO    : timeshift=0.0
14:28 INFO    : Ebv=0.0
14:28 INFO    : Ebv=0.0
14:28 INFO    : timeshift=0.0
14:28 INFO    : Ebv=0.0
14:28 INFO    : Analysis likelihood noise evidence: 0.0
14:28 INFO    : Analysis likelihood noise evidence: 0.0
14:28 INFO    : Analysis likelihood noise evidence: 0.0
14:28 INFO    : timeshift=0.0
14:28 INFO    : Ebv=0.0
14:28 INFO    : Ebv=0.0
14:28 INFO    : Analysis likelihood class: <class 'nmma.em.likelihood.OpticalLightCurve'>
14:28 INFO    : Ebv=0.0
14:28 INFO    : Ebv=0.0
14:28 INFO    : Ebv=0.0
14:28 INFO    : Analysis likelihood noise evidence: 0.0
14:28 INFO    : Ebv=0.0
14:28 INFO    : Ebv=0.0
14:28 INFO    : Ebv=0.0
14:28 INFO    : Ebv=0.0
14:28 INFO    : Analysis likelihood class: <class 'nmma.em.likelihood.OpticalLightCurve'>
14:28 INFO    : Analysis likelihood class: <class 'nmma.em.likelihood.OpticalLightCurve'>
14:28 INFO    : Ebv=0.0
14:28 INFO    : Analysis likelihood class: <class 'nmma.em.likelihood.OpticalLightCurve'>
14:28 INFO    : Analysis likelihood class: <class 'nmma.em.likelihood.OpticalLightCurve'>
14:28 INFO    : Analysis likelihood class: <class 'nmma.em.likelihood.OpticalLightCurve'>
14:28 INFO    : Analysis likelihood class: <class 'nmma.em.likelihood.OpticalLightCurve'>
14:28 INFO    : Analysis likelihood class: <class 'nmma.em.likelihood.OpticalLightCurve'>
14:28 INFO    : Analysis likelihood class: <class 'nmma.em.likelihood.OpticalLightCurve'>
14:28 INFO    : Ebv=0.0
14:28 INFO    : Ebv=0.0
14:28 INFO    : Analysis likelihood class: <class 'nmma.em.likelihood.OpticalLightCurve'>
14:28 INFO    : Ebv=0.0
14:28 INFO    : Analysis likelihood class: <class 'nmma.em.likelihood.OpticalLightCurve'>
14:28 INFO    : Ebv=0.0
14:28 INFO    : Analysis likelihood class: <class 'nmma.em.likelihood.OpticalLightCurve'>
14:28 INFO    : Analysis likelihood class: <class 'nmma.em.likelihood.OpticalLightCurve'>
14:28 INFO    : Analysis likelihood class: <class 'nmma.em.likelihood.OpticalLightCurve'>
14:28 INFO    : Analysis likelihood class: <class 'nmma.em.likelihood.OpticalLightCurve'>
14:28 INFO    : Analysis likelihood class: <class 'nmma.em.likelihood.OpticalLightCurve'>
14:28 INFO    : Analysis likelihood class: <class 'nmma.em.likelihood.OpticalLightCurve'>
14:28 INFO    : Analysis likelihood noise evidence: 0.0
14:28 INFO    : Analysis likelihood class: <class 'nmma.em.likelihood.OpticalLightCurve'>
14:28 INFO    : Analysis likelihood class: <class 'nmma.em.likelihood.OpticalLightCurve'>
14:28 INFO    : Analysis likelihood class: <class 'nmma.em.likelihood.OpticalLightCurve'>
14:28 INFO    : Analysis likelihood noise evidence: 0.0
14:28 INFO    : Analysis likelihood noise evidence: 0.0
14:28 INFO    : Analysis likelihood class: <class 'nmma.em.likelihood.OpticalLightCurve'>
14:28 INFO    : Analysis likelihood class: <class 'nmma.em.likelihood.OpticalLightCurve'>
14:28 INFO    : Analysis likelihood noise evidence: 0.0
14:28 INFO    : Analysis likelihood noise evidence: 0.0
14:28 INFO    : Analysis likelihood noise evidence: 0.0
14:28 INFO    : Analysis likelihood noise evidence: 0.0
14:28 INFO    : Analysis likelihood noise evidence: 0.0
14:28 INFO    : Analysis likelihood noise evidence: 0.0
14:28 INFO    : Analysis likelihood noise evidence: 0.0
14:28 INFO    : Analysis likelihood noise evidence: 0.0
14:28 INFO    : Analysis likelihood class: <class 'nmma.em.likelihood.OpticalLightCurve'>
14:28 INFO    : Analysis likelihood class: <class 'nmma.em.likelihood.OpticalLightCurve'>
14:28 INFO    : Analysis likelihood noise evidence: 0.0
14:28 INFO    : Analysis likelihood noise evidence: 0.0
14:28 INFO    : Analysis likelihood class: <class 'nmma.em.likelihood.OpticalLightCurve'>
14:28 INFO    : Analysis likelihood noise evidence: 0.0
14:28 INFO    : Analysis likelihood noise evidence: 0.0
14:28 INFO    : Analysis likelihood noise evidence: 0.0
14:28 INFO    : Analysis likelihood noise evidence: 0.0
14:28 INFO    : Analysis likelihood noise evidence: 0.0
14:28 INFO    : Analysis likelihood noise evidence: 0.0
14:28 INFO    : Analysis likelihood noise evidence: 0.0
14:28 INFO    : Analysis likelihood noise evidence: 0.0
14:28 INFO    : Analysis likelihood noise evidence: 0.0
14:28 INFO    : Analysis likelihood noise evidence: 0.0
14:28 INFO    : Analysis likelihood noise evidence: 0.0
14:28 INFO    : Analysis likelihood noise evidence: 0.0
14:28 INFO    : KNphi=Uniform(minimum=15.0, maximum=75.0, name='KNphi', latex_label='$\\Phi$', unit=None, boundary=None)
14:28 INFO    : KNphi=Uniform(minimum=15.0, maximum=75.0, name='KNphi', latex_label='$\\Phi$', unit=None, boundary=None)
14:28 INFO    : log10_mej_dyn=Uniform(minimum=-3.0, maximum=-1.0, name='log10_mej_dyn', latex_label='$\\log_{10}M^{\\rm{dyn}}_{\\rm{ej}}$', unit=None, boundary='reflective')
14:28 INFO    : log10_mej_dyn=Uniform(minimum=-3.0, maximum=-1.0, name='log10_mej_dyn', latex_label='$\\log_{10}M^{\\rm{dyn}}_{\\rm{ej}}$', unit=None, boundary='reflective')
14:28 INFO    : log10_mej_wind=Uniform(minimum=-3.0, maximum=-0.5, name='log10_mej_wind', latex_label='$\\log_{10}M^{\\rm{wind}}_{\\rm{ej}}$', unit=None, boundary='reflective')
14:28 INFO    : log10_mej_wind=Uniform(minimum=-3.0, maximum=-0.5, name='log10_mej_wind', latex_label='$\\log_{10}M^{\\rm{wind}}_{\\rm{ej}}$', unit=None, boundary='reflective')
14:28 INFO    : inclination_EM=Sine(minimum=0.0, maximum=1.5707963267948966, name='inclination_EM', latex_label='$\\iota$', unit=None, boundary=None)
14:28 INFO    : inclination_EM=Sine(minimum=0.0, maximum=1.5707963267948966, name='inclination_EM', latex_label='$\\iota$', unit=None, boundary=None)
14:28 INFO    : em_syserr=LogUniform(minimum=0.01, maximum=2.0, name='em_syserr', latex_label='$\\sigma$', unit=None, boundary=None)
14:28 INFO    : luminosity_distance=40.0
14:28 INFO    : timeshift=0.0
14:28 INFO    : em_syserr=LogUniform(minimum=0.01, maximum=2.0, name='em_syserr', latex_label='$\\sigma$', unit=None, boundary=None)
14:28 INFO    : Ebv=0.0
14:28 INFO    : Analysis likelihood class: <class 'nmma.em.likelihood.OpticalLightCurve'>
14:28 INFO    : luminosity_distance=40.0
14:28 INFO    : Analysis likelihood noise evidence: 0.0
14:28 INFO    : timeshift=0.0
14:28 INFO    : Ebv=0.0
14:28 INFO    : Analysis likelihood class: <class 'nmma.em.likelihood.OpticalLightCurve'>
14:28 INFO    : Analysis likelihood noise evidence: 0.0
14:28 INFO    : Single likelihood evaluation took 4.147e-01 s
14:28 INFO    : Single likelihood evaluation took 4.172e-01 s
14:28 INFO    : Single likelihood evaluation took 4.183e-01 s
14:28 WARNING : Supplied argument 'queue_size' not an argument of 'Pymultinest', removing.
14:28 WARNING : Supplied argument 'check_point_delta_t' not an argument of 'Pymultinest', removing.
14:28 INFO    : Using sampler Pymultinest with kwargs {'importance_nested_sampling': False, 'resume': True, 'verbose': True, 'sampling_efficiency': 'parameter', 'n_live_points': 2048, 'n_params': 5, 'n_clustering_params': None, 'wrapped_params': None, 'multimodal': True, 'const_efficiency_mode': False, 'evidence_tolerance': 0.5, 'n_iter_before_update': 100, 'null_log_evidence': -1e+90, 'max_modes': 100, 'mode_tolerance': -1e+90, 'seed': 42, 'context': 0, 'write_output': True, 'log_zero': -1e+100, 'max_iter': 0, 'init_MPI': False, 'dump_callback': <bound method Pymultinest._dump_callback of <bilby.core.sampler.pymultinest.Pymultinest object at 0x1554d2d2a350>>}
14:28 INFO    : Temporary directory incompatible with MPI, will run in original directory
14:28 INFO    : Using output file outdirBNSBu32cores/pm_AT170817/
14:28 INFO    : Single likelihood evaluation took 4.205e-01 s
14:28 WARNING : Supplied argument 'queue_size' not an argument of 'Pymultinest', removing.
14:28 WARNING : Supplied argument 'check_point_delta_t' not an argument of 'Pymultinest', removing.
14:28 INFO    : Using sampler Pymultinest with kwargs {'importance_nested_sampling': False, 'resume': True, 'verbose': True, 'sampling_efficiency': 'parameter', 'n_live_points': 2048, 'n_params': 5, 'n_clustering_params': None, 'wrapped_params': None, 'multimodal': True, 'const_efficiency_mode': False, 'evidence_tolerance': 0.5, 'n_iter_before_update': 100, 'null_log_evidence': -1e+90, 'max_modes': 100, 'mode_tolerance': -1e+90, 'seed': 42, 'context': 0, 'write_output': True, 'log_zero': -1e+100, 'max_iter': 0, 'init_MPI': False, 'dump_callback': <bound method Pymultinest._dump_callback of <bilby.core.sampler.pymultinest.Pymultinest object at 0x1554d19c5bd0>>}
14:28 INFO    : Temporary directory incompatible with MPI, will run in original directory
14:28 INFO    : Using output file outdirBNSBu32cores/pm_AT170817/
14:28 WARNING : Supplied argument 'queue_size' not an argument of 'Pymultinest', removing.
14:28 WARNING : Supplied argument 'check_point_delta_t' not an argument of 'Pymultinest', removing.
14:28 INFO    : Using sampler Pymultinest with kwargs {'importance_nested_sampling': False, 'resume': True, 'verbose': True, 'sampling_efficiency': 'parameter', 'n_live_points': 2048, 'n_params': 5, 'n_clustering_params': None, 'wrapped_params': None, 'multimodal': True, 'const_efficiency_mode': False, 'evidence_tolerance': 0.5, 'n_iter_before_update': 100, 'null_log_evidence': -1e+90, 'max_modes': 100, 'mode_tolerance': -1e+90, 'seed': 42, 'context': 0, 'write_output': True, 'log_zero': -1e+100, 'max_iter': 0, 'init_MPI': False, 'dump_callback': <bound method Pymultinest._dump_callback of <bilby.core.sampler.pymultinest.Pymultinest object at 0x1554d5415a20>>}
14:28 INFO    : Temporary directory incompatible with MPI, will run in original directory
14:28 INFO    : Using output file outdirBNSBu32cores/pm_AT170817/
14:28 INFO    : Single likelihood evaluation took 4.221e-01 s
14:28 INFO    : Single likelihood evaluation took 4.223e-01 s
14:28 WARNING : Supplied argument 'queue_size' not an argument of 'Pymultinest', removing.
14:28 WARNING : Supplied argument 'check_point_delta_t' not an argument of 'Pymultinest', removing.
14:28 INFO    : Using sampler Pymultinest with kwargs {'importance_nested_sampling': False, 'resume': True, 'verbose': True, 'sampling_efficiency': 'parameter', 'n_live_points': 2048, 'n_params': 5, 'n_clustering_params': None, 'wrapped_params': None, 'multimodal': True, 'const_efficiency_mode': False, 'evidence_tolerance': 0.5, 'n_iter_before_update': 100, 'null_log_evidence': -1e+90, 'max_modes': 100, 'mode_tolerance': -1e+90, 'seed': 42, 'context': 0, 'write_output': True, 'log_zero': -1e+100, 'max_iter': 0, 'init_MPI': False, 'dump_callback': <bound method Pymultinest._dump_callback of <bilby.core.sampler.pymultinest.Pymultinest object at 0x1554d2d31d20>>}
14:28 INFO    : Temporary directory incompatible with MPI, will run in original directory
14:28 INFO    : Using output file outdirBNSBu32cores/pm_AT170817/
14:28 INFO    : Single likelihood evaluation took 4.228e-01 s
14:28 INFO    : Single likelihood evaluation took 4.236e-01 s
14:28 INFO    : Single likelihood evaluation took 4.240e-01 s
14:28 WARNING : Supplied argument 'queue_size' not an argument of 'Pymultinest', removing.
14:28 WARNING : Supplied argument 'check_point_delta_t' not an argument of 'Pymultinest', removing.
14:28 INFO    : Using sampler Pymultinest with kwargs {'importance_nested_sampling': False, 'resume': True, 'verbose': True, 'sampling_efficiency': 'parameter', 'n_live_points': 2048, 'n_params': 5, 'n_clustering_params': None, 'wrapped_params': None, 'multimodal': True, 'const_efficiency_mode': False, 'evidence_tolerance': 0.5, 'n_iter_before_update': 100, 'null_log_evidence': -1e+90, 'max_modes': 100, 'mode_tolerance': -1e+90, 'seed': 42, 'context': 0, 'write_output': True, 'log_zero': -1e+100, 'max_iter': 0, 'init_MPI': False, 'dump_callback': <bound method Pymultinest._dump_callback of <bilby.core.sampler.pymultinest.Pymultinest object at 0x1554d2d264d0>>}
14:28 INFO    : Temporary directory incompatible with MPI, will run in original directory
14:28 INFO    : Using output file outdirBNSBu32cores/pm_AT170817/
14:28 WARNING : Supplied argument 'queue_size' not an argument of 'Pymultinest', removing.
14:28 WARNING : Supplied argument 'check_point_delta_t' not an argument of 'Pymultinest', removing.
14:28 INFO    : Using sampler Pymultinest with kwargs {'importance_nested_sampling': False, 'resume': True, 'verbose': True, 'sampling_efficiency': 'parameter', 'n_live_points': 2048, 'n_params': 5, 'n_clustering_params': None, 'wrapped_params': None, 'multimodal': True, 'const_efficiency_mode': False, 'evidence_tolerance': 0.5, 'n_iter_before_update': 100, 'null_log_evidence': -1e+90, 'max_modes': 100, 'mode_tolerance': -1e+90, 'seed': 42, 'context': 0, 'write_output': True, 'log_zero': -1e+100, 'max_iter': 0, 'init_MPI': False, 'dump_callback': <bound method Pymultinest._dump_callback of <bilby.core.sampler.pymultinest.Pymultinest object at 0x1554d54120b0>>}
14:28 INFO    : Temporary directory incompatible with MPI, will run in original directory
14:28 INFO    : Using output file outdirBNSBu32cores/pm_AT170817/
14:28 INFO    : Single likelihood evaluation took 4.250e-01 s
14:28 WARNING : Supplied argument 'queue_size' not an argument of 'Pymultinest', removing.
14:28 WARNING : Supplied argument 'check_point_delta_t' not an argument of 'Pymultinest', removing.
14:28 INFO    : Using sampler Pymultinest with kwargs {'importance_nested_sampling': False, 'resume': True, 'verbose': True, 'sampling_efficiency': 'parameter', 'n_live_points': 2048, 'n_params': 5, 'n_clustering_params': None, 'wrapped_params': None, 'multimodal': True, 'const_efficiency_mode': False, 'evidence_tolerance': 0.5, 'n_iter_before_update': 100, 'null_log_evidence': -1e+90, 'max_modes': 100, 'mode_tolerance': -1e+90, 'seed': 42, 'context': 0, 'write_output': True, 'log_zero': -1e+100, 'max_iter': 0, 'init_MPI': False, 'dump_callback': <bound method Pymultinest._dump_callback of <bilby.core.sampler.pymultinest.Pymultinest object at 0x1554d19b69e0>>}
14:28 INFO    : Temporary directory incompatible with MPI, will run in original directory
14:28 INFO    : Using output file outdirBNSBu32cores/pm_AT170817/
14:28 INFO    : Single likelihood evaluation took 4.252e-01 s
14:28 WARNING : Supplied argument 'queue_size' not an argument of 'Pymultinest', removing.
14:28 WARNING : Supplied argument 'check_point_delta_t' not an argument of 'Pymultinest', removing.
14:28 INFO    : Using sampler Pymultinest with kwargs {'importance_nested_sampling': False, 'resume': True, 'verbose': True, 'sampling_efficiency': 'parameter', 'n_live_points': 2048, 'n_params': 5, 'n_clustering_params': None, 'wrapped_params': None, 'multimodal': True, 'const_efficiency_mode': False, 'evidence_tolerance': 0.5, 'n_iter_before_update': 100, 'null_log_evidence': -1e+90, 'max_modes': 100, 'mode_tolerance': -1e+90, 'seed': 42, 'context': 0, 'write_output': True, 'log_zero': -1e+100, 'max_iter': 0, 'init_MPI': False, 'dump_callback': <bound method Pymultinest._dump_callback of <bilby.core.sampler.pymultinest.Pymultinest object at 0x1554d540e1a0>>}
14:28 INFO    : Temporary directory incompatible with MPI, will run in original directory
14:28 INFO    : Using output file outdirBNSBu32cores/pm_AT170817/
14:28 INFO    : Single likelihood evaluation took 4.255e-01 s
14:28 INFO    : Single likelihood evaluation took 4.262e-01 s
14:28 WARNING : Supplied argument 'queue_size' not an argument of 'Pymultinest', removing.
14:28 WARNING : Supplied argument 'check_point_delta_t' not an argument of 'Pymultinest', removing.
14:28 INFO    : Using sampler Pymultinest with kwargs {'importance_nested_sampling': False, 'resume': True, 'verbose': True, 'sampling_efficiency': 'parameter', 'n_live_points': 2048, 'n_params': 5, 'n_clustering_params': None, 'wrapped_params': None, 'multimodal': True, 'const_efficiency_mode': False, 'evidence_tolerance': 0.5, 'n_iter_before_update': 100, 'null_log_evidence': -1e+90, 'max_modes': 100, 'mode_tolerance': -1e+90, 'seed': 42, 'context': 0, 'write_output': True, 'log_zero': -1e+100, 'max_iter': 0, 'init_MPI': False, 'dump_callback': <bound method Pymultinest._dump_callback of <bilby.core.sampler.pymultinest.Pymultinest object at 0x1554d5411f60>>}
14:28 INFO    : Temporary directory incompatible with MPI, will run in original directory
14:28 INFO    : Using output file outdirBNSBu32cores/pm_AT170817/
14:28 INFO    : Single likelihood evaluation took 4.276e-01 s
14:28 WARNING : Supplied argument 'queue_size' not an argument of 'Pymultinest', removing.
14:28 WARNING : Supplied argument 'check_point_delta_t' not an argument of 'Pymultinest', removing.
14:28 INFO    : Using sampler Pymultinest with kwargs {'importance_nested_sampling': False, 'resume': True, 'verbose': True, 'sampling_efficiency': 'parameter', 'n_live_points': 2048, 'n_params': 5, 'n_clustering_params': None, 'wrapped_params': None, 'multimodal': True, 'const_efficiency_mode': False, 'evidence_tolerance': 0.5, 'n_iter_before_update': 100, 'null_log_evidence': -1e+90, 'max_modes': 100, 'mode_tolerance': -1e+90, 'seed': 42, 'context': 0, 'write_output': True, 'log_zero': -1e+100, 'max_iter': 0, 'init_MPI': False, 'dump_callback': <bound method Pymultinest._dump_callback of <bilby.core.sampler.pymultinest.Pymultinest object at 0x1554d5412020>>}
14:28 INFO    : Temporary directory incompatible with MPI, will run in original directory
14:28 INFO    : Single likelihood evaluation took 4.280e-01 s
14:28 INFO    : Using output file outdirBNSBu32cores/pm_AT170817/
14:28 WARNING : Supplied argument 'queue_size' not an argument of 'Pymultinest', removing.
14:28 WARNING : Supplied argument 'check_point_delta_t' not an argument of 'Pymultinest', removing.
14:28 INFO    : Using sampler Pymultinest with kwargs {'importance_nested_sampling': False, 'resume': True, 'verbose': True, 'sampling_efficiency': 'parameter', 'n_live_points': 2048, 'n_params': 5, 'n_clustering_params': None, 'wrapped_params': None, 'multimodal': True, 'const_efficiency_mode': False, 'evidence_tolerance': 0.5, 'n_iter_before_update': 100, 'null_log_evidence': -1e+90, 'max_modes': 100, 'mode_tolerance': -1e+90, 'seed': 42, 'context': 0, 'write_output': True, 'log_zero': -1e+100, 'max_iter': 0, 'init_MPI': False, 'dump_callback': <bound method Pymultinest._dump_callback of <bilby.core.sampler.pymultinest.Pymultinest object at 0x1554d540a230>>}
14:28 INFO    : Temporary directory incompatible with MPI, will run in original directory
14:28 INFO    : Using output file outdirBNSBu32cores/pm_AT170817/
14:28 WARNING : Supplied argument 'queue_size' not an argument of 'Pymultinest', removing.
14:28 WARNING : Supplied argument 'check_point_delta_t' not an argument of 'Pymultinest', removing.
14:28 INFO    : Using sampler Pymultinest with kwargs {'importance_nested_sampling': False, 'resume': True, 'verbose': True, 'sampling_efficiency': 'parameter', 'n_live_points': 2048, 'n_params': 5, 'n_clustering_params': None, 'wrapped_params': None, 'multimodal': True, 'const_efficiency_mode': False, 'evidence_tolerance': 0.5, 'n_iter_before_update': 100, 'null_log_evidence': -1e+90, 'max_modes': 100, 'mode_tolerance': -1e+90, 'seed': 42, 'context': 0, 'write_output': True, 'log_zero': -1e+100, 'max_iter': 0, 'init_MPI': False, 'dump_callback': <bound method Pymultinest._dump_callback of <bilby.core.sampler.pymultinest.Pymultinest object at 0x1554d5411cc0>>}
14:28 INFO    : Temporary directory incompatible with MPI, will run in original directory
14:28 INFO    : Using output file outdirBNSBu32cores/pm_AT170817/
14:28 INFO    : Single likelihood evaluation took 4.283e-01 s
14:28 WARNING : Supplied argument 'queue_size' not an argument of 'Pymultinest', removing.
14:28 WARNING : Supplied argument 'check_point_delta_t' not an argument of 'Pymultinest', removing.
14:28 INFO    : Using sampler Pymultinest with kwargs {'importance_nested_sampling': False, 'resume': True, 'verbose': True, 'sampling_efficiency': 'parameter', 'n_live_points': 2048, 'n_params': 5, 'n_clustering_params': None, 'wrapped_params': None, 'multimodal': True, 'const_efficiency_mode': False, 'evidence_tolerance': 0.5, 'n_iter_before_update': 100, 'null_log_evidence': -1e+90, 'max_modes': 100, 'mode_tolerance': -1e+90, 'seed': 42, 'context': 0, 'write_output': True, 'log_zero': -1e+100, 'max_iter': 0, 'init_MPI': False, 'dump_callback': <bound method Pymultinest._dump_callback of <bilby.core.sampler.pymultinest.Pymultinest object at 0x1554c91aded0>>}
14:28 INFO    : Temporary directory incompatible with MPI, will run in original directory
14:28 INFO    : Using output file outdirBNSBu32cores/pm_AT170817/
14:28 WARNING : Supplied argument 'queue_size' not an argument of 'Pymultinest', removing.
14:28 WARNING : Supplied argument 'check_point_delta_t' not an argument of 'Pymultinest', removing.
14:28 INFO    : Using sampler Pymultinest with kwargs {'importance_nested_sampling': False, 'resume': True, 'verbose': True, 'sampling_efficiency': 'parameter', 'n_live_points': 2048, 'n_params': 5, 'n_clustering_params': None, 'wrapped_params': None, 'multimodal': True, 'const_efficiency_mode': False, 'evidence_tolerance': 0.5, 'n_iter_before_update': 100, 'null_log_evidence': -1e+90, 'max_modes': 100, 'mode_tolerance': -1e+90, 'seed': 42, 'context': 0, 'write_output': True, 'log_zero': -1e+100, 'max_iter': 0, 'init_MPI': False, 'dump_callback': <bound method Pymultinest._dump_callback of <bilby.core.sampler.pymultinest.Pymultinest object at 0x1554c7e3dfc0>>}
14:28 INFO    : Temporary directory incompatible with MPI, will run in original directory
14:28 INFO    : Using output file outdirBNSBu32cores/pm_AT170817/
14:28 WARNING : Supplied argument 'queue_size' not an argument of 'Pymultinest', removing.
14:28 WARNING : Supplied argument 'check_point_delta_t' not an argument of 'Pymultinest', removing.
14:28 INFO    : Using sampler Pymultinest with kwargs {'importance_nested_sampling': False, 'resume': True, 'verbose': True, 'sampling_efficiency': 'parameter', 'n_live_points': 2048, 'n_params': 5, 'n_clustering_params': None, 'wrapped_params': None, 'multimodal': True, 'const_efficiency_mode': False, 'evidence_tolerance': 0.5, 'n_iter_before_update': 100, 'null_log_evidence': -1e+90, 'max_modes': 100, 'mode_tolerance': -1e+90, 'seed': 42, 'context': 0, 'write_output': True, 'log_zero': -1e+100, 'max_iter': 0, 'init_MPI': False, 'dump_callback': <bound method Pymultinest._dump_callback of <bilby.core.sampler.pymultinest.Pymultinest object at 0x1554d5411cc0>>}
14:28 INFO    : Temporary directory incompatible with MPI, will run in original directory
14:28 INFO    : Using output file outdirBNSBu32cores/pm_AT170817/
14:28 WARNING : Supplied argument 'queue_size' not an argument of 'Pymultinest', removing.
14:28 WARNING : Supplied argument 'check_point_delta_t' not an argument of 'Pymultinest', removing.
14:28 INFO    : Using sampler Pymultinest with kwargs {'importance_nested_sampling': False, 'resume': True, 'verbose': True, 'sampling_efficiency': 'parameter', 'n_live_points': 2048, 'n_params': 5, 'n_clustering_params': None, 'wrapped_params': None, 'multimodal': True, 'const_efficiency_mode': False, 'evidence_tolerance': 0.5, 'n_iter_before_update': 100, 'null_log_evidence': -1e+90, 'max_modes': 100, 'mode_tolerance': -1e+90, 'seed': 42, 'context': 0, 'write_output': True, 'log_zero': -1e+100, 'max_iter': 0, 'init_MPI': False, 'dump_callback': <bound method Pymultinest._dump_callback of <bilby.core.sampler.pymultinest.Pymultinest object at 0x1554d540e1d0>>}
14:28 INFO    : Temporary directory incompatible with MPI, will run in original directory
14:28 INFO    : Using output file outdirBNSBu32cores/pm_AT170817/
14:28 INFO    : Single likelihood evaluation took 4.612e-01 s
14:28 INFO    : Single likelihood evaluation took 4.649e-01 s
14:28 WARNING : Supplied argument 'queue_size' not an argument of 'Pymultinest', removing.
14:28 WARNING : Supplied argument 'check_point_delta_t' not an argument of 'Pymultinest', removing.
14:28 INFO    : Using sampler Pymultinest with kwargs {'importance_nested_sampling': False, 'resume': True, 'verbose': True, 'sampling_efficiency': 'parameter', 'n_live_points': 2048, 'n_params': 5, 'n_clustering_params': None, 'wrapped_params': None, 'multimodal': True, 'const_efficiency_mode': False, 'evidence_tolerance': 0.5, 'n_iter_before_update': 100, 'null_log_evidence': -1e+90, 'max_modes': 100, 'mode_tolerance': -1e+90, 'seed': 42, 'context': 0, 'write_output': True, 'log_zero': -1e+100, 'max_iter': 0, 'init_MPI': False, 'dump_callback': <bound method Pymultinest._dump_callback of <bilby.core.sampler.pymultinest.Pymultinest object at 0x1554d2d31e10>>}
14:28 INFO    : Temporary directory incompatible with MPI, will run in original directory
14:28 INFO    : Using output file outdirBNSBu32cores/pm_AT170817/
14:28 INFO    : Single likelihood evaluation took 4.680e-01 s
14:28 INFO    : Single likelihood evaluation took 4.684e-01 s
14:28 WARNING : Supplied argument 'queue_size' not an argument of 'Pymultinest', removing.
14:28 WARNING : Supplied argument 'check_point_delta_t' not an argument of 'Pymultinest', removing.
14:28 INFO    : Using sampler Pymultinest with kwargs {'importance_nested_sampling': False, 'resume': True, 'verbose': True, 'sampling_efficiency': 'parameter', 'n_live_points': 2048, 'n_params': 5, 'n_clustering_params': None, 'wrapped_params': None, 'multimodal': True, 'const_efficiency_mode': False, 'evidence_tolerance': 0.5, 'n_iter_before_update': 100, 'null_log_evidence': -1e+90, 'max_modes': 100, 'mode_tolerance': -1e+90, 'seed': 42, 'context': 0, 'write_output': True, 'log_zero': -1e+100, 'max_iter': 0, 'init_MPI': False, 'dump_callback': <bound method Pymultinest._dump_callback of <bilby.core.sampler.pymultinest.Pymultinest object at 0x1554d19ba3b0>>}
14:28 INFO    : Temporary directory incompatible with MPI, will run in original directory
14:28 INFO    : Using output file outdirBNSBu32cores/pm_AT170817/
14:28 INFO    : Single likelihood evaluation took 4.688e-01 s
14:28 INFO    : Single likelihood evaluation took 4.690e-01 s
14:28 WARNING : Supplied argument 'queue_size' not an argument of 'Pymultinest', removing.
14:28 WARNING : Supplied argument 'check_point_delta_t' not an argument of 'Pymultinest', removing.
14:28 INFO    : Using sampler Pymultinest with kwargs {'importance_nested_sampling': False, 'resume': True, 'verbose': True, 'sampling_efficiency': 'parameter', 'n_live_points': 2048, 'n_params': 5, 'n_clustering_params': None, 'wrapped_params': None, 'multimodal': True, 'const_efficiency_mode': False, 'evidence_tolerance': 0.5, 'n_iter_before_update': 100, 'null_log_evidence': -1e+90, 'max_modes': 100, 'mode_tolerance': -1e+90, 'seed': 42, 'context': 0, 'write_output': True, 'log_zero': -1e+100, 'max_iter': 0, 'init_MPI': False, 'dump_callback': <bound method Pymultinest._dump_callback of <bilby.core.sampler.pymultinest.Pymultinest object at 0x1554d0651cf0>>}
14:28 INFO    : Temporary directory incompatible with MPI, will run in original directory
14:28 INFO    : Using output file outdirBNSBu32cores/pm_AT170817/
14:28 INFO    : Single likelihood evaluation took 4.712e-01 s
14:28 WARNING : Supplied argument 'queue_size' not an argument of 'Pymultinest', removing.
14:28 WARNING : Supplied argument 'check_point_delta_t' not an argument of 'Pymultinest', removing.
14:28 INFO    : Using sampler Pymultinest with kwargs {'importance_nested_sampling': False, 'resume': True, 'verbose': True, 'sampling_efficiency': 'parameter', 'n_live_points': 2048, 'n_params': 5, 'n_clustering_params': None, 'wrapped_params': None, 'multimodal': True, 'const_efficiency_mode': False, 'evidence_tolerance': 0.5, 'n_iter_before_update': 100, 'null_log_evidence': -1e+90, 'max_modes': 100, 'mode_tolerance': -1e+90, 'seed': 42, 'context': 0, 'write_output': True, 'log_zero': -1e+100, 'max_iter': 0, 'init_MPI': False, 'dump_callback': <bound method Pymultinest._dump_callback of <bilby.core.sampler.pymultinest.Pymultinest object at 0x1554d19c1f90>>}
14:28 INFO    : Temporary directory incompatible with MPI, will run in original directory
14:28 INFO    : Using output file outdirBNSBu32cores/pm_AT170817/
14:28 WARNING : Supplied argument 'queue_size' not an argument of 'Pymultinest', removing.
14:28 WARNING : Supplied argument 'check_point_delta_t' not an argument of 'Pymultinest', removing.
14:28 INFO    : Using sampler Pymultinest with kwargs {'importance_nested_sampling': False, 'resume': True, 'verbose': True, 'sampling_efficiency': 'parameter', 'n_live_points': 2048, 'n_params': 5, 'n_clustering_params': None, 'wrapped_params': None, 'multimodal': True, 'const_efficiency_mode': False, 'evidence_tolerance': 0.5, 'n_iter_before_update': 100, 'null_log_evidence': -1e+90, 'max_modes': 100, 'mode_tolerance': -1e+90, 'seed': 42, 'context': 0, 'write_output': True, 'log_zero': -1e+100, 'max_iter': 0, 'init_MPI': False, 'dump_callback': <bound method Pymultinest._dump_callback of <bilby.core.sampler.pymultinest.Pymultinest object at 0x1554d19c2080>>}
14:28 INFO    : Temporary directory incompatible with MPI, will run in original directory
14:28 INFO    : Using output file outdirBNSBu32cores/pm_AT170817/
14:28 WARNING : Supplied argument 'queue_size' not an argument of 'Pymultinest', removing.
14:28 WARNING : Supplied argument 'check_point_delta_t' not an argument of 'Pymultinest', removing.
14:28 INFO    : Using sampler Pymultinest with kwargs {'importance_nested_sampling': False, 'resume': True, 'verbose': True, 'sampling_efficiency': 'parameter', 'n_live_points': 2048, 'n_params': 5, 'n_clustering_params': None, 'wrapped_params': None, 'multimodal': True, 'const_efficiency_mode': False, 'evidence_tolerance': 0.5, 'n_iter_before_update': 100, 'null_log_evidence': -1e+90, 'max_modes': 100, 'mode_tolerance': -1e+90, 'seed': 42, 'context': 0, 'write_output': True, 'log_zero': -1e+100, 'max_iter': 0, 'init_MPI': False, 'dump_callback': <bound method Pymultinest._dump_callback of <bilby.core.sampler.pymultinest.Pymultinest object at 0x1554d064a320>>}
14:28 INFO    : Temporary directory incompatible with MPI, will run in original directory
14:28 INFO    : Using output file outdirBNSBu32cores/pm_AT170817/
14:28 INFO    : Single likelihood evaluation took 4.728e-01 s
14:28 WARNING : Supplied argument 'queue_size' not an argument of 'Pymultinest', removing.
14:28 WARNING : Supplied argument 'check_point_delta_t' not an argument of 'Pymultinest', removing.
14:28 INFO    : Using sampler Pymultinest with kwargs {'importance_nested_sampling': False, 'resume': True, 'verbose': True, 'sampling_efficiency': 'parameter', 'n_live_points': 2048, 'n_params': 5, 'n_clustering_params': None, 'wrapped_params': None, 'multimodal': True, 'const_efficiency_mode': False, 'evidence_tolerance': 0.5, 'n_iter_before_update': 100, 'null_log_evidence': -1e+90, 'max_modes': 100, 'mode_tolerance': -1e+90, 'seed': 42, 'context': 0, 'write_output': True, 'log_zero': -1e+100, 'max_iter': 0, 'init_MPI': False, 'dump_callback': <bound method Pymultinest._dump_callback of <bilby.core.sampler.pymultinest.Pymultinest object at 0x1554d5411ff0>>}
14:28 INFO    : Temporary directory incompatible with MPI, will run in original directory
14:28 INFO    : Using output file outdirBNSBu32cores/pm_AT170817/
14:28 WARNING : Supplied argument 'queue_size' not an argument of 'Pymultinest', removing.
14:28 WARNING : Supplied argument 'check_point_delta_t' not an argument of 'Pymultinest', removing.
14:28 INFO    : Using sampler Pymultinest with kwargs {'importance_nested_sampling': False, 'resume': True, 'verbose': True, 'sampling_efficiency': 'parameter', 'n_live_points': 2048, 'n_params': 5, 'n_clustering_params': None, 'wrapped_params': None, 'multimodal': True, 'const_efficiency_mode': False, 'evidence_tolerance': 0.5, 'n_iter_before_update': 100, 'null_log_evidence': -1e+90, 'max_modes': 100, 'mode_tolerance': -1e+90, 'seed': 42, 'context': 0, 'write_output': True, 'log_zero': -1e+100, 'max_iter': 0, 'init_MPI': False, 'dump_callback': <bound method Pymultinest._dump_callback of <bilby.core.sampler.pymultinest.Pymultinest object at 0x1554d5411f60>>}
14:28 INFO    : Temporary directory incompatible with MPI, will run in original directory
14:28 INFO    : Using output file outdirBNSBu32cores/pm_AT170817/
14:28 INFO    : Single likelihood evaluation took 4.738e-01 s
14:28 INFO    : Single likelihood evaluation took 4.738e-01 s
14:28 INFO    : Single likelihood evaluation took 4.742e-01 s
14:28 INFO    : Single likelihood evaluation took 4.758e-01 s
14:28 WARNING : Supplied argument 'queue_size' not an argument of 'Pymultinest', removing.
14:28 WARNING : Supplied argument 'check_point_delta_t' not an argument of 'Pymultinest', removing.
14:28 INFO    : Using sampler Pymultinest with kwargs {'importance_nested_sampling': False, 'resume': True, 'verbose': True, 'sampling_efficiency': 'parameter', 'n_live_points': 2048, 'n_params': 5, 'n_clustering_params': None, 'wrapped_params': None, 'multimodal': True, 'const_efficiency_mode': False, 'evidence_tolerance': 0.5, 'n_iter_before_update': 100, 'null_log_evidence': -1e+90, 'max_modes': 100, 'mode_tolerance': -1e+90, 'seed': 42, 'context': 0, 'write_output': True, 'log_zero': -1e+100, 'max_iter': 0, 'init_MPI': False, 'dump_callback': <bound method Pymultinest._dump_callback of <bilby.core.sampler.pymultinest.Pymultinest object at 0x1554d5411ff0>>}
14:28 INFO    : Temporary directory incompatible with MPI, will run in original directory
14:28 INFO    : Using output file outdirBNSBu32cores/pm_AT170817/
14:28 WARNING : Supplied argument 'queue_size' not an argument of 'Pymultinest', removing.
14:28 WARNING : Supplied argument 'check_point_delta_t' not an argument of 'Pymultinest', removing.
14:28 INFO    : Using sampler Pymultinest with kwargs {'importance_nested_sampling': False, 'resume': True, 'verbose': True, 'sampling_efficiency': 'parameter', 'n_live_points': 2048, 'n_params': 5, 'n_clustering_params': None, 'wrapped_params': None, 'multimodal': True, 'const_efficiency_mode': False, 'evidence_tolerance': 0.5, 'n_iter_before_update': 100, 'null_log_evidence': -1e+90, 'max_modes': 100, 'mode_tolerance': -1e+90, 'seed': 42, 'context': 0, 'write_output': True, 'log_zero': -1e+100, 'max_iter': 0, 'init_MPI': False, 'dump_callback': <bound method Pymultinest._dump_callback of <bilby.core.sampler.pymultinest.Pymultinest object at 0x1554cf2d64d0>>}
14:28 INFO    : Temporary directory incompatible with MPI, will run in original directory
14:28 INFO    : Using output file outdirBNSBu32cores/pm_AT170817/
14:28 WARNING : Supplied argument 'queue_size' not an argument of 'Pymultinest', removing.
14:28 WARNING : Supplied argument 'check_point_delta_t' not an argument of 'Pymultinest', removing.
14:28 INFO    : Using sampler Pymultinest with kwargs {'importance_nested_sampling': False, 'resume': True, 'verbose': True, 'sampling_efficiency': 'parameter', 'n_live_points': 2048, 'n_params': 5, 'n_clustering_params': None, 'wrapped_params': None, 'multimodal': True, 'const_efficiency_mode': False, 'evidence_tolerance': 0.5, 'n_iter_before_update': 100, 'null_log_evidence': -1e+90, 'max_modes': 100, 'mode_tolerance': -1e+90, 'seed': 42, 'context': 0, 'write_output': True, 'log_zero': -1e+100, 'max_iter': 0, 'init_MPI': False, 'dump_callback': <bound method Pymultinest._dump_callback of <bilby.core.sampler.pymultinest.Pymultinest object at 0x1554d19c1db0>>}
14:28 INFO    : Temporary directory incompatible with MPI, will run in original directory
14:28 INFO    : Using output file outdirBNSBu32cores/pm_AT170817/
14:28 INFO    : Single likelihood evaluation took 4.770e-01 s
14:28 WARNING : Supplied argument 'queue_size' not an argument of 'Pymultinest', removing.
14:28 WARNING : Supplied argument 'check_point_delta_t' not an argument of 'Pymultinest', removing.
14:28 INFO    : Using sampler Pymultinest with kwargs {'importance_nested_sampling': False, 'resume': True, 'verbose': True, 'sampling_efficiency': 'parameter', 'n_live_points': 2048, 'n_params': 5, 'n_clustering_params': None, 'wrapped_params': None, 'multimodal': True, 'const_efficiency_mode': False, 'evidence_tolerance': 0.5, 'n_iter_before_update': 100, 'null_log_evidence': -1e+90, 'max_modes': 100, 'mode_tolerance': -1e+90, 'seed': 42, 'context': 0, 'write_output': True, 'log_zero': -1e+100, 'max_iter': 0, 'init_MPI': False, 'dump_callback': <bound method Pymultinest._dump_callback of <bilby.core.sampler.pymultinest.Pymultinest object at 0x1554d0651f90>>}
14:28 INFO    : Temporary directory incompatible with MPI, will run in original directory
14:28 INFO    : Using output file outdirBNSBu32cores/pm_AT170817/
14:28 INFO    : Single likelihood evaluation took 4.778e-01 s
14:28 INFO    : Single likelihood evaluation took 4.779e-01 s
14:28 INFO    : Single likelihood evaluation took 4.780e-01 s
14:28 WARNING : Supplied argument 'queue_size' not an argument of 'Pymultinest', removing.
14:28 WARNING : Supplied argument 'check_point_delta_t' not an argument of 'Pymultinest', removing.
14:28 INFO    : Using sampler Pymultinest with kwargs {'importance_nested_sampling': False, 'resume': True, 'verbose': True, 'sampling_efficiency': 'parameter', 'n_live_points': 2048, 'n_params': 5, 'n_clustering_params': None, 'wrapped_params': None, 'multimodal': True, 'const_efficiency_mode': False, 'evidence_tolerance': 0.5, 'n_iter_before_update': 100, 'null_log_evidence': -1e+90, 'max_modes': 100, 'mode_tolerance': -1e+90, 'seed': 42, 'context': 0, 'write_output': True, 'log_zero': -1e+100, 'max_iter': 0, 'init_MPI': False, 'dump_callback': <bound method Pymultinest._dump_callback of <bilby.core.sampler.pymultinest.Pymultinest object at 0x1554c91adf00>>}
14:28 INFO    : Temporary directory incompatible with MPI, will run in original directory
14:28 INFO    : Using output file outdirBNSBu32cores/pm_AT170817/
14:28 WARNING : Supplied argument 'queue_size' not an argument of 'Pymultinest', removing.
14:28 WARNING : Supplied argument 'check_point_delta_t' not an argument of 'Pymultinest', removing.
14:28 INFO    : Using sampler Pymultinest with kwargs {'importance_nested_sampling': False, 'resume': True, 'verbose': True, 'sampling_efficiency': 'parameter', 'n_live_points': 2048, 'n_params': 5, 'n_clustering_params': None, 'wrapped_params': None, 'multimodal': True, 'const_efficiency_mode': False, 'evidence_tolerance': 0.5, 'n_iter_before_update': 100, 'null_log_evidence': -1e+90, 'max_modes': 100, 'mode_tolerance': -1e+90, 'seed': 42, 'context': 0, 'write_output': True, 'log_zero': -1e+100, 'max_iter': 0, 'init_MPI': False, 'dump_callback': <bound method Pymultinest._dump_callback of <bilby.core.sampler.pymultinest.Pymultinest object at 0x1554d5412050>>}
14:28 INFO    : Temporary directory incompatible with MPI, will run in original directory
14:28 INFO    : Using output file outdirBNSBu32cores/pm_AT170817/
14:28 WARNING : Supplied argument 'queue_size' not an argument of 'Pymultinest', removing.
14:28 WARNING : Supplied argument 'check_point_delta_t' not an argument of 'Pymultinest', removing.
14:28 INFO    : Using sampler Pymultinest with kwargs {'importance_nested_sampling': False, 'resume': True, 'verbose': True, 'sampling_efficiency': 'parameter', 'n_live_points': 2048, 'n_params': 5, 'n_clustering_params': None, 'wrapped_params': None, 'multimodal': True, 'const_efficiency_mode': False, 'evidence_tolerance': 0.5, 'n_iter_before_update': 100, 'null_log_evidence': -1e+90, 'max_modes': 100, 'mode_tolerance': -1e+90, 'seed': 42, 'context': 0, 'write_output': True, 'log_zero': -1e+100, 'max_iter': 0, 'init_MPI': False, 'dump_callback': <bound method Pymultinest._dump_callback of <bilby.core.sampler.pymultinest.Pymultinest object at 0x1554d5412110>>}
14:28 INFO    : Temporary directory incompatible with MPI, will run in original directory
14:28 INFO    : Using output file outdirBNSBu32cores/pm_AT170817/
14:28 WARNING : Supplied argument 'queue_size' not an argument of 'Pymultinest', removing.
14:28 WARNING : Supplied argument 'check_point_delta_t' not an argument of 'Pymultinest', removing.
14:28 INFO    : Using sampler Pymultinest with kwargs {'importance_nested_sampling': False, 'resume': True, 'verbose': True, 'sampling_efficiency': 'parameter', 'n_live_points': 2048, 'n_params': 5, 'n_clustering_params': None, 'wrapped_params': None, 'multimodal': True, 'const_efficiency_mode': False, 'evidence_tolerance': 0.5, 'n_iter_before_update': 100, 'null_log_evidence': -1e+90, 'max_modes': 100, 'mode_tolerance': -1e+90, 'seed': 42, 'context': 0, 'write_output': True, 'log_zero': -1e+100, 'max_iter': 0, 'init_MPI': False, 'dump_callback': <bound method Pymultinest._dump_callback of <bilby.core.sampler.pymultinest.Pymultinest object at 0x1554d5415990>>}
14:28 INFO    : Temporary directory incompatible with MPI, will run in original directory
14:28 INFO    : Using output file outdirBNSBu32cores/pm_AT170817/
14:51 INFO    : Sampling time: 0:22:23.179465
14:51 INFO    : Sampling time: 0:22:24.057645
14:51 INFO    : Sampling time: 0:22:23.441315
14:51 INFO    : Sampling time: 0:22:23.083730
14:51 INFO    : Sampling time: 0:22:18.028739
14:51 INFO    : Sampling time: 0:22:23.814801
14:51 INFO    : Sampling time: 0:22:23.265585
14:51 INFO    : Sampling time: 0:22:18.597254
14:51 INFO    : Sampling time: 0:22:23.025980
14:51 INFO    : Sampling time: 0:22:23.148207
14:51 INFO    : Sampling time: 0:22:23.734629
14:51 INFO    : Sampling time: 0:22:23.013828
14:51 INFO    : Sampling time: 0:22:18.299889
14:51 INFO    : Sampling time: 0:22:18.672300
14:51 INFO    : Sampling time: 0:22:23.875288
14:51 INFO    : Sampling time: 0:22:18.751794
14:51 INFO    : Sampling time: 0:22:18.804472
14:51 INFO    : Sampling time: 0:22:23.178053
14:51 INFO    : Sampling time: 0:22:23.501761
14:51 INFO    : Sampling time: 0:22:23.520032
14:51 INFO    : Sampling time: 0:22:18.045711
14:51 INFO    : Sampling time: 0:22:18.034620
14:51 INFO    : Sampling time: 0:22:18.105004
14:51 INFO    : Sampling time: 0:22:18.285218
14:51 INFO    : Sampling time: 0:22:18.229896
14:51 INFO    : Sampling time: 0:22:18.299336
14:51 INFO    : Sampling time: 0:22:18.867846
14:51 INFO    : Sampling time: 0:22:18.891197
14:51 INFO    : Sampling time: 0:22:19.423783
14:51 INFO    : Sampling time: 0:22:19.143808
14:51 INFO    : Sampling time: 0:22:23.483374
14:51 INFO    : Sampling time: 0:22:23.107824
14:51 ERROR   : 

Saving the data has failed with the following message:
[Errno 116] Stale file handle
Data has been dumped to outdirBNSBu32cores/AT170817_result.pkl.


14:51 ERROR   : 

Saving the data has failed with the following message:
[Errno 116] Stale file handle
Data has been dumped to outdirBNSBu32cores/AT170817_result.pkl.


14:51 INFO    : Summary of results:
nsamples: 10948
ln_noise_evidence:  0.000
ln_evidence: -59.330 +/-  0.078
ln_bayes_factor: -59.330 +/-  0.078

14:51 INFO    : Writing samples file to /home/thussenot/kilonovae-H0/170817/Bu2019_40Mpc/freeerr/outdirBNSBu32cores/AT170817_posterior_samples.dat
14:51 INFO    : Summary of results:
nsamples: 10948
ln_noise_evidence:  0.000
ln_evidence: -59.330 +/-  0.078
ln_bayes_factor: -59.330 +/-  0.078

14:51 INFO    : Writing samples file to /home/thussenot/kilonovae-H0/170817/Bu2019_40Mpc/freeerr/outdirBNSBu32cores/AT170817_posterior_samples.dat
14:51 INFO    : Summary of results:
nsamples: 10948
ln_noise_evidence:  0.000
ln_evidence: -59.330 +/-  0.078
ln_bayes_factor: -59.330 +/-  0.078

14:51 INFO    : Writing samples file to /home/thussenot/kilonovae-H0/170817/Bu2019_40Mpc/freeerr/outdirBNSBu32cores/AT170817_posterior_samples.dat
14:51 INFO    : Summary of results:
nsamples: 10948
ln_noise_evidence:  0.000
ln_evidence: -59.330 +/-  0.078
ln_bayes_factor: -59.330 +/-  0.078

14:51 INFO    : Writing samples file to /home/thussenot/kilonovae-H0/170817/Bu2019_40Mpc/freeerr/outdirBNSBu32cores/AT170817_posterior_samples.dat
14:51 INFO    : Summary of results:
nsamples: 10948
ln_noise_evidence:  0.000
ln_evidence: -59.330 +/-  0.078
ln_bayes_factor: -59.330 +/-  0.078

14:51 INFO    : Writing samples file to /home/thussenot/kilonovae-H0/170817/Bu2019_40Mpc/freeerr/outdirBNSBu32cores/AT170817_posterior_samples.dat
14:51 INFO    : Summary of results:
nsamples: 10948
ln_noise_evidence:  0.000
ln_evidence: -59.330 +/-  0.078
ln_bayes_factor: -59.330 +/-  0.078

14:51 INFO    : Writing samples file to /home/thussenot/kilonovae-H0/170817/Bu2019_40Mpc/freeerr/outdirBNSBu32cores/AT170817_posterior_samples.dat
14:51 INFO    : Summary of results:
nsamples: 10948
ln_noise_evidence:  0.000
ln_evidence: -59.330 +/-  0.078
ln_bayes_factor: -59.330 +/-  0.078

14:51 INFO    : Writing samples file to /home/thussenot/kilonovae-H0/170817/Bu2019_40Mpc/freeerr/outdirBNSBu32cores/AT170817_posterior_samples.dat
14:56 INFO    : Running for label 'AT170817', output will be saved to 'outdirBNSBu32cores'
14:56 INFO    : Analysis priors:
14:56 INFO    : KNphi=Uniform(minimum=15.0, maximum=75.0, name='KNphi', latex_label='$\\Phi$', unit=None, boundary=None)
14:56 INFO    : log10_mej_dyn=Uniform(minimum=-3.0, maximum=-1.0, name='log10_mej_dyn', latex_label='$\\log_{10}M^{\\rm{dyn}}_{\\rm{ej}}$', unit=None, boundary='reflective')
14:56 INFO    : log10_mej_wind=Uniform(minimum=-3.0, maximum=-0.5, name='log10_mej_wind', latex_label='$\\log_{10}M^{\\rm{wind}}_{\\rm{ej}}$', unit=None, boundary='reflective')
14:56 INFO    : inclination_EM=Sine(minimum=0.0, maximum=1.5707963267948966, name='inclination_EM', latex_label='$\\iota$', unit=None, boundary=None)
14:56 INFO    : em_syserr=LogUniform(minimum=0.01, maximum=2.0, name='em_syserr', latex_label='$\\sigma$', unit=None, boundary=None)
14:56 INFO    : luminosity_distance=40.0
14:56 INFO    : timeshift=0.0
14:56 INFO    : Ebv=0.0
14:56 INFO    : Analysis likelihood class: <class 'nmma.em.likelihood.OpticalLightCurve'>
14:56 INFO    : Analysis likelihood noise evidence: 0.0
14:56 INFO    : Single likelihood evaluation took 7.830e-02 s
14:56 WARNING : Supplied argument 'queue_size' not an argument of 'Pymultinest', removing.
14:56 WARNING : Supplied argument 'check_point_delta_t' not an argument of 'Pymultinest', removing.
14:56 WARNING : Using cached result
14:56 INFO    : Summary of results:
nsamples: 10948
ln_noise_evidence:  0.000
ln_evidence: -59.330 +/-  0.078
ln_bayes_factor: -59.330 +/-  0.078

14:56 INFO    : Writing samples file to /home/thussenot/kilonovae-H0/170817/Bu2019_40Mpc/freeerr/outdirBNSBu32cores/AT170817_posterior_samples.dat
