06:20 bilby INFO    : Running for label '170817in14days', output will be saved to 'outdirBNSKa32cores'
06:20 bilby INFO    : Analysis priors:
06:20 bilby INFO    : log10_mej=Uniform(minimum=-5, maximum=-0.5, name='log10_mej', latex_label='$\\log_{10}M^{\\rm{dyn}}_{\\rm{ej}}$', unit=None, boundary=None)
06:20 bilby INFO    : log10_vej=Uniform(minimum=-1.8, maximum=-0.01, name='log10_vej', latex_label='$\\log_{10}v$', unit=None, boundary=None)
06:20 bilby INFO    : log10_Xlan=Uniform(minimum=-9, maximum=-1, name='log10_Xlan', latex_label='log10_Xlan', unit=None, boundary='reflective')
06:20 bilby INFO    : luminosity_distance=LogUniform(minimum=1, maximum=500, name='luminosity_distance', latex_label='$D_L$', unit=None, boundary=None)
06:20 bilby INFO    : timeshift=0.0
06:20 bilby INFO    : em_syserr=1.0
06:20 bilby INFO    : Ebv=0.0
06:20 bilby INFO    : Analysis likelihood class: <class 'nmma.em.likelihood.OpticalLightCurve'>
06:20 bilby INFO    : Analysis likelihood noise evidence: 0.0
06:20 bilby INFO    : Single likelihood evaluation took 2.724e-02 s
06:20 bilby WARNING : Supplied argument 'queue_size' not an argument of 'Pymultinest', removing.
06:20 bilby WARNING : Supplied argument 'check_point_delta_t' not an argument of 'Pymultinest', removing.
06:20 bilby WARNING : Using cached result
06:20 bilby INFO    : Summary of results:
nsamples: 1720
ln_noise_evidence:  0.000
ln_evidence: -176.475 +/-  0.080
ln_bayes_factor: -176.475 +/-  0.080

06:20 bilby INFO    : Writing samples file to /home/thussenot/kilonovae-H0/170817/As2020Kasen/Ka2017fixedT0/outdirBNSKa32cores/170817in14days_posterior_samples.dat
/home/thussenot/.conda/envs/multinest/lib/python3.10/site-packages/matplotlib/axes/_base.py:2503: UserWarning: Warning: converting a masked element to nan.
  xys = np.asarray(xys)
