Install afterglowpy if you want to simulate afterglows.
Install afterglowpy if you want to simulate afterglows.
Install afterglowpy if you want to simulate afterglows.
Install afterglowpy if you want to simulate afterglows.
Install afterglowpy if you want to simulate afterglows.
Install afterglowpy if you want to simulate afterglows.
Install afterglowpy if you want to simulate afterglows.
Install wrapt_timeout_decorator if you want timeout simulations.
Install wrapt_timeout_decorator if you want timeout simulations.
Install wrapt_timeout_decorator if you want timeout simulations.
Install wrapt_timeout_decorator if you want timeout simulations.
Install wrapt_timeout_decorator if you want timeout simulations.
Install wrapt_timeout_decorator if you want timeout simulations.
Install wrapt_timeout_decorator if you want timeout simulations.
Install afterglowpy if you want to simulate afterglows.
Install wrapt_timeout_decorator if you want timeout simulations.
Install afterglowpy if you want to simulate afterglows.
Install wrapt_timeout_decorator if you want timeout simulations.
Install afterglowpy if you want to simulate afterglows.
Install afterglowpy if you want to simulate afterglows.
Install afterglowpy if you want to simulate afterglows.
Install wrapt_timeout_decorator if you want timeout simulations.
Install wrapt_timeout_decorator if you want timeout simulations.
Install wrapt_timeout_decorator if you want timeout simulations.
Install afterglowpy if you want to simulate afterglows.
Install afterglowpy if you want to simulate afterglows.
Install afterglowpy if you want to simulate afterglows.
Install wrapt_timeout_decorator if you want timeout simulations.
Install wrapt_timeout_decorator if you want timeout simulations.
Install wrapt_timeout_decorator if you want timeout simulations.
Install afterglowpy if you want to simulate afterglows.
Install wrapt_timeout_decorator if you want timeout simulations.
Install afterglowpy if you want to simulate afterglows.
Install wrapt_timeout_decorator if you want timeout simulations.
Install afterglowpy if you want to simulate afterglows.
Install wrapt_timeout_decorator if you want timeout simulations.
Install afterglowpy if you want to simulate afterglows.
Install afterglowpy if you want to simulate afterglows.
Install wrapt_timeout_decorator if you want timeout simulations.
Install wrapt_timeout_decorator if you want timeout simulations.
Install afterglowpy if you want to simulate afterglows.
Install afterglowpy if you want to simulate afterglows.
Install wrapt_timeout_decorator if you want timeout simulations.
Install wrapt_timeout_decorator if you want timeout simulations.
Install afterglowpy if you want to simulate afterglows.
Install wrapt_timeout_decorator if you want timeout simulations.
Install afterglowpy if you want to simulate afterglows.
Install afterglowpy if you want to simulate afterglows.
Install wrapt_timeout_decorator if you want timeout simulations.
Install wrapt_timeout_decorator if you want timeout simulations.
Install afterglowpy if you want to simulate afterglows.
Install wrapt_timeout_decorator if you want timeout simulations.
Install afterglowpy if you want to simulate afterglows.
Install wrapt_timeout_decorator if you want timeout simulations.
Install afterglowpy if you want to simulate afterglows.
Install wrapt_timeout_decorator if you want timeout simulations.
Install afterglowpy if you want to simulate afterglows.
Install wrapt_timeout_decorator if you want timeout simulations.
Install afterglowpy if you want to simulate afterglows.
Install wrapt_timeout_decorator if you want timeout simulations.
Install afterglowpy if you want to simulate afterglows.
Install wrapt_timeout_decorator if you want timeout simulations.
Install afterglowpy if you want to simulate afterglows.
Install wrapt_timeout_decorator if you want timeout simulations.
Creating light curve model for inference
Creating light curve model for inference
Creating light curve model for inference
Creating light curve model for inference
Creating light curve model for inference
Creating light curve model for inference
Creating light curve model for inference
Creating light curve model for inference
Creating light curve model for inference
Creating light curve model for inference
Creating light curve model for inference
Creating light curve model for inference
Creating light curve model for inference
Creating light curve model for inference
Creating light curve model for inference
Creating light curve model for inference
Creating light curve model for inference
Creating light curve model for inference
Creating light curve model for inference
Creating light curve model for inference
Creating light curve model for inference
Creating light curve model for inference
Creating light curve model for inference
Creating light curve model for inference
Creating light curve model for inference
Creating light curve model for inference
Creating light curve model for inference
Creating light curve model for inference
Creating light curve model for inference
Creating light curve model for inference
Creating light curve model for inference
Creating light curve model for inference
Running with filters ['ps1__i', 'ps1__z', 'ps1__y', 'ps1__g', 'ps1__r', '2massj', '2massh', '2massks', 'sdssu']
Running with filters ['ps1__i', 'ps1__z', 'ps1__y', 'ps1__g', 'ps1__r', '2massj', '2massh', '2massks', 'sdssu']
Running with filters ['ps1__i', 'ps1__z', 'ps1__y', 'ps1__g', 'ps1__r', '2massj', '2massh', '2massks', 'sdssu']
Running with filters ['ps1__i', 'ps1__z', 'ps1__y', 'ps1__g', 'ps1__r', '2massj', '2massh', '2massks', 'sdssu']
Running with filters ['ps1__i', 'ps1__z', 'ps1__y', 'ps1__g', 'ps1__r', '2massj', '2massh', '2massks', 'sdssu']
Running with filters ['ps1__i', 'ps1__z', 'ps1__y', 'ps1__g', 'ps1__r', '2massj', '2massh', '2massks', 'sdssu']
Running with filters ['ps1__i', 'ps1__z', 'ps1__y', 'ps1__g', 'ps1__r', '2massj', '2massh', '2massks', 'sdssu']
Running with filters ['ps1__i', 'ps1__z', 'ps1__y', 'ps1__g', 'ps1__r', '2massj', '2massh', '2massks', 'sdssu']
Running with filters ['ps1__i', 'ps1__z', 'ps1__y', 'ps1__g', 'ps1__r', '2massj', '2massh', '2massks', 'sdssu']
Running with filters ['ps1__i', 'ps1__z', 'ps1__y', 'ps1__g', 'ps1__r', '2massj', '2massh', '2massks', 'sdssu']
Running with filters ['ps1__i', 'ps1__z', 'ps1__y', 'ps1__g', 'ps1__r', '2massj', '2massh', '2massks', 'sdssu']
Running with filters ['ps1__i', 'ps1__z', 'ps1__y', 'ps1__g', 'ps1__r', '2massj', '2massh', '2massks', 'sdssu']
Running with filters ['ps1__i', 'ps1__z', 'ps1__y', 'ps1__g', 'ps1__r', '2massj', '2massh', '2massks', 'sdssu']
Running with filters ['ps1__i', 'ps1__z', 'ps1__y', 'ps1__g', 'ps1__r', '2massj', '2massh', '2massks', 'sdssu']
Running with filters ['ps1__i', 'ps1__z', 'ps1__y', 'ps1__g', 'ps1__r', '2massj', '2massh', '2massks', 'sdssu']
Running with filters ['ps1__i', 'ps1__z', 'ps1__y', 'ps1__g', 'ps1__r', '2massj', '2massh', '2massks', 'sdssu']
Running with filters ['ps1__i', 'ps1__z', 'ps1__y', 'ps1__g', 'ps1__r', '2massj', '2massh', '2massks', 'sdssu']
Running with filters ['ps1__i', 'ps1__z', 'ps1__y', 'ps1__g', 'ps1__r', '2massj', '2massh', '2massks', 'sdssu']
Running with filters ['ps1__i', 'ps1__z', 'ps1__y', 'ps1__g', 'ps1__r', '2massj', '2massh', '2massks', 'sdssu']
Running with filters ['ps1__i', 'ps1__z', 'ps1__y', 'ps1__g', 'ps1__r', '2massj', '2massh', '2massks', 'sdssu']
Running with filters ['ps1__i', 'ps1__z', 'ps1__y', 'ps1__g', 'ps1__r', '2massj', '2massh', '2massks', 'sdssu']
Running with filters ['ps1__i', 'ps1__z', 'ps1__y', 'ps1__g', 'ps1__r', '2massj', '2massh', '2massks', 'sdssu']
Running with filters ['ps1__i', 'ps1__z', 'ps1__y', 'ps1__g', 'ps1__r', '2massj', '2massh', '2massks', 'sdssu']
Running with filters ['ps1__i', 'ps1__z', 'ps1__y', 'ps1__g', 'ps1__r', '2massj', '2massh', '2massks', 'sdssu']
Running with filters ['ps1__i', 'ps1__z', 'ps1__y', 'ps1__g', 'ps1__r', '2massj', '2massh', '2massks', 'sdssu']
Running with filters ['ps1__i', 'ps1__z', 'ps1__y', 'ps1__g', 'ps1__r', '2massj', '2massh', '2massks', 'sdssu']
Running with filters ['ps1__i', 'ps1__z', 'ps1__y', 'ps1__g', 'ps1__r', '2massj', '2massh', '2massks', 'sdssu']
Running with filters ['ps1__i', 'ps1__z', 'ps1__y', 'ps1__g', 'ps1__r', '2massj', '2massh', '2massks', 'sdssu']
Running with filters ['ps1__i', 'ps1__z', 'ps1__y', 'ps1__g', 'ps1__r', '2massj', '2massh', '2massks', 'sdssu']
Running with filters ['ps1__i', 'ps1__z', 'ps1__y', 'ps1__g', 'ps1__r', '2massj', '2massh', '2massks', 'sdssu']
Running with filters ['ps1__i', 'ps1__z', 'ps1__y', 'ps1__g', 'ps1__r', '2massj', '2massh', '2massks', 'sdssu']
Running with filters ['ps1__i', 'ps1__z', 'ps1__y', 'ps1__g', 'ps1__r', '2massj', '2massh', '2massks', 'sdssu']
Loaded filter ps1__i
Loaded filter ps1__i
Loaded filter ps1__i
Loaded filter ps1__i
Loaded filter ps1__i
Loaded filter ps1__i
Loaded filter ps1__i
Loaded filter ps1__i
Loaded filter ps1__i
Loaded filter ps1__i
Loaded filter ps1__i
Loaded filter ps1__i
Loaded filter ps1__i
Loaded filter ps1__i
Loaded filter ps1__i
Loaded filter ps1__i
Loaded filter ps1__i
Loaded filter ps1__i
Loaded filter ps1__i
Loaded filter ps1__i
Loaded filter ps1__i
Loaded filter ps1__i
Loaded filter ps1__i
Loaded filter ps1__i
Loaded filter ps1__i
Loaded filter ps1__i
Loaded filter ps1__i
Loaded filter ps1__i
Loaded filter ps1__i
Loaded filter ps1__i
Loaded filter ps1__i
Loaded filter ps1__i
Loaded filter ps1__z
Loaded filter ps1__z
Loaded filter ps1__z
Loaded filter ps1__z
Loaded filter ps1__z
Loaded filter ps1__z
Loaded filter ps1__z
Loaded filter ps1__z
Loaded filter ps1__z
Loaded filter ps1__z
Loaded filter ps1__z
Loaded filter ps1__z
Loaded filter ps1__z
Loaded filter ps1__z
Loaded filter ps1__z
Loaded filter ps1__z
Loaded filter ps1__z
Loaded filter ps1__z
Loaded filter ps1__z
Loaded filter ps1__z
Loaded filter ps1__z
Loaded filter ps1__z
Loaded filter ps1__z
Loaded filter ps1__z
Loaded filter ps1__z
Loaded filter ps1__z
Loaded filter ps1__z
Loaded filter ps1__z
Loaded filter ps1__z
Loaded filter ps1__z
Loaded filter ps1__z
Loaded filter ps1__z
Loaded filter ps1__y
Loaded filter ps1__y
Loaded filter ps1__y
Loaded filter ps1__y
Loaded filter ps1__y
Loaded filter ps1__y
Loaded filter ps1__y
Loaded filter ps1__y
Loaded filter ps1__y
Loaded filter ps1__y
Loaded filter ps1__y
Loaded filter ps1__y
Loaded filter ps1__y
Loaded filter ps1__y
Loaded filter ps1__y
Loaded filter ps1__y
Loaded filter ps1__y
Loaded filter ps1__y
Loaded filter ps1__y
Loaded filter ps1__y
Loaded filter ps1__y
Loaded filter ps1__y
Loaded filter ps1__y
Loaded filter ps1__y
Loaded filter ps1__y
Loaded filter ps1__y
Loaded filter ps1__y
Loaded filter ps1__y
Loaded filter ps1__y
Loaded filter ps1__y
Loaded filter ps1__y
Loaded filter ps1__y
Loaded filter ps1__g
Loaded filter ps1__g
Loaded filter ps1__g
Loaded filter ps1__g
Loaded filter ps1__g
Loaded filter ps1__g
Loaded filter ps1__g
Loaded filter ps1__g
Loaded filter ps1__g
Loaded filter ps1__g
Loaded filter ps1__g
Loaded filter ps1__g
Loaded filter ps1__g
Loaded filter ps1__g
Loaded filter ps1__g
Loaded filter ps1__g
Loaded filter ps1__g
Loaded filter ps1__g
Loaded filter ps1__g
Loaded filter ps1__g
Loaded filter ps1__g
Loaded filter ps1__g
Loaded filter ps1__g
Loaded filter ps1__g
Loaded filter ps1__g
Loaded filter ps1__g
Loaded filter ps1__g
Loaded filter ps1__g
Loaded filter ps1__g
Loaded filter ps1__g
Loaded filter ps1__g
Loaded filter ps1__g
Loaded filter ps1__r
Loaded filter ps1__r
Loaded filter ps1__r
Loaded filter ps1__r
Loaded filter ps1__r
Loaded filter ps1__r
Loaded filter ps1__r
Loaded filter ps1__r
Loaded filter ps1__r
Loaded filter ps1__r
Loaded filter ps1__r
Loaded filter ps1__r
Loaded filter ps1__r
Loaded filter ps1__r
Loaded filter ps1__r
Loaded filter ps1__r
Loaded filter ps1__r
Loaded filter ps1__r
Loaded filter ps1__r
Loaded filter ps1__r
Loaded filter ps1__r
Loaded filter ps1__r
Loaded filter ps1__r
Loaded filter ps1__r
Loaded filter ps1__r
Loaded filter ps1__r
Loaded filter ps1__r
Loaded filter ps1__r
Loaded filter ps1__r
Loaded filter ps1__r
Loaded filter ps1__r
Loaded filter ps1__r
Loaded filter 2massj
Loaded filter 2massj
Loaded filter 2massj
Loaded filter 2massj
Loaded filter 2massj
Loaded filter 2massj
Loaded filter 2massj
Loaded filter 2massj
Loaded filter 2massj
Loaded filter 2massj
Loaded filter 2massj
Loaded filter 2massj
Loaded filter 2massj
Loaded filter 2massj
Loaded filter 2massj
Loaded filter 2massj
Loaded filter 2massj
Loaded filter 2massj
Loaded filter 2massj
Loaded filter 2massj
Loaded filter 2massj
Loaded filter 2massj
Loaded filter 2massj
Loaded filter 2massj
Loaded filter 2massj
Loaded filter 2massj
Loaded filter 2massj
Loaded filter 2massj
Loaded filter 2massj
Loaded filter 2massj
Loaded filter 2massj
Loaded filter 2massj
Loaded filter 2massh
Loaded filter 2massh
Loaded filter 2massh
Loaded filter 2massh
Loaded filter 2massh
Loaded filter 2massh
Loaded filter 2massh
Loaded filter 2massh
Loaded filter 2massh
Loaded filter 2massh
Loaded filter 2massh
Loaded filter 2massh
Loaded filter 2massh
Loaded filter 2massh
Loaded filter 2massh
Loaded filter 2massh
Loaded filter 2massh
Loaded filter 2massh
Loaded filter 2massh
Loaded filter 2massh
Loaded filter 2massh
Loaded filter 2massh
Loaded filter 2massh
Loaded filter 2massh
Loaded filter 2massh
Loaded filter 2massh
Loaded filter 2massh
Loaded filter 2massh
Loaded filter 2massh
Loaded filter 2massh
Loaded filter 2massh
Loaded filter 2massh
Loaded filter 2massks
Loaded filter 2massks
Loaded filter 2massks
Loaded filter 2massks
Loaded filter 2massks
Loaded filter 2massks
Loaded filter 2massks
Loaded filter 2massks
Loaded filter 2massks
Loaded filter 2massks
Loaded filter 2massks
Loaded filter 2massks
Loaded filter 2massks
Loaded filter 2massks
Loaded filter 2massks
Loaded filter 2massks
Loaded filter 2massks
Loaded filter 2massks
Loaded filter 2massks
Loaded filter 2massks
Loaded filter 2massks
Loaded filter 2massks
Loaded filter 2massks
Loaded filter 2massks
Loaded filter 2massks
Loaded filter 2massks
Loaded filter 2massks
Loaded filter 2massks
Loaded filter 2massks
Loaded filter 2massks
Loaded filter 2massks
Loaded filter 2massks
Loaded filter sdssu
Loaded filter sdssu
Loaded filter sdssu
Loaded filter sdssu
Loaded filter sdssu
Loaded filter sdssu
Loaded filter sdssu
Loaded filter sdssu
Loaded filter sdssu
Loaded filter sdssu
Loaded filter sdssu
Loaded filter sdssu
Loaded filter sdssu
Loaded filter sdssu
Loaded filter sdssu
Loaded filter sdssu
Loaded filter sdssu
Loaded filter sdssu
Loaded filter sdssu
Loaded filter sdssu
Loaded filter sdssu
Loaded filter sdssu
Loaded filter sdssu
Loaded filter sdssu
Loaded filter sdssu
Loaded filter sdssu
Loaded filter sdssu
Loaded filter sdssu
Loaded filter sdssu
Loaded filter sdssu
Loaded filter sdssu
Loaded filter sdssu
Running with the following additional sampler_kwargs:
{}
Running with the following additional sampler_kwargs:
{}
Running with the following additional sampler_kwargs:
{}
Running with the following additional sampler_kwargs:
{}
Running with the following additional sampler_kwargs:
{}
Running with the following additional sampler_kwargs:
{}
Running with the following additional sampler_kwargs:
{}
Running with the following additional sampler_kwargs:
{}
Running with the following additional sampler_kwargs:
{}
Running with the following additional sampler_kwargs:
{}
Running with the following additional sampler_kwargs:
{}
Running with the following additional sampler_kwargs:
{}
Running with the following additional sampler_kwargs:
{}
Running with the following additional sampler_kwargs:
{}
Running with the following additional sampler_kwargs:
{}
Running with the following additional sampler_kwargs:
{}
Running with the following additional sampler_kwargs:
{}
Running with the following additional sampler_kwargs:
{}
Running with the following additional sampler_kwargs:
{}
Running with the following additional sampler_kwargs:
{}
Running with the following additional sampler_kwargs:
{}
Running with the following additional sampler_kwargs:
{}
Running with the following additional sampler_kwargs:
{}
Running with the following additional sampler_kwargs:
{}
Running with the following additional sampler_kwargs:
{}
Running with the following additional sampler_kwargs:
{}
Running with the following additional sampler_kwargs:
{}
Running with the following additional sampler_kwargs:
{}
Running with the following additional sampler_kwargs:
{}
Running with the following additional sampler_kwargs:
{}
Running with the following additional sampler_kwargs:
{}
Running with the following additional sampler_kwargs:
{}
 MultiNest Warning: no resume file found, starting from scratch
 *****************************************************
 MultiNest v3.10
 Copyright Farhan Feroz & Mike Hobson
 Release Jul 2015

 no. of live points = 2048
 dimensionality =    4
 *****************************************************
 Starting MultiNest
 generating live points
 live points generated, starting sampling
Acceptance Rate:                        0.999524
Replacements:                               2098
Total Samples:                              2099
Nested Sampling ln(Z):               -346.178981
Acceptance Rate:                        0.998141
Replacements:                               2148
Total Samples:                              2152
Nested Sampling ln(Z):               -331.136184
Acceptance Rate:                        0.997278
Replacements:                               2198
Total Samples:                              2204
Nested Sampling ln(Z):               -318.853955
Acceptance Rate:                        0.996896
Replacements:                               2248
Total Samples:                              2255
Nested Sampling ln(Z):               -308.526137
Acceptance Rate:                        0.995236
Replacements:                               2298
Total Samples:                              2309
Nested Sampling ln(Z):               -299.448184
Acceptance Rate:                        0.991554
Replacements:                               2348
Total Samples:                              2368
Nested Sampling ln(Z):               -292.517778
Acceptance Rate:                        0.990500
Replacements:                               2398
Total Samples:                              2421
Nested Sampling ln(Z):               -284.918242
Acceptance Rate:                        0.985111
Replacements:                               2448
Total Samples:                              2485
Nested Sampling ln(Z):               -279.217918
Acceptance Rate:                        0.979224
Replacements:                               2498
Total Samples:                              2551
Nested Sampling ln(Z):               -272.045966
Acceptance Rate:                        0.975498
Replacements:                               2548
Total Samples:                              2612
Nested Sampling ln(Z):               -264.725888
Acceptance Rate:                        0.972305
Replacements:                               2598
Total Samples:                              2672
Nested Sampling ln(Z):               -258.497725
Acceptance Rate:                        0.966071
Replacements:                               2648
Total Samples:                              2741
Nested Sampling ln(Z):               -252.899399
Acceptance Rate:                        0.962197
Replacements:                               2698
Total Samples:                              2804
Nested Sampling ln(Z):               -248.407478
Acceptance Rate:                        0.954830
Replacements:                               2748
Total Samples:                              2878
Nested Sampling ln(Z):               -242.297243
Acceptance Rate:                        0.951701
Replacements:                               2798
Total Samples:                              2940
Nested Sampling ln(Z):               -236.143317
Acceptance Rate:                        0.942734
Replacements:                               2848
Total Samples:                              3021
Nested Sampling ln(Z):               -230.208754
Acceptance Rate:                        0.935442
Replacements:                               2898
Total Samples:                              3098
Nested Sampling ln(Z):               -224.372786
Acceptance Rate:                        0.926170
Replacements:                               2948
Total Samples:                              3183
Nested Sampling ln(Z):               -220.143571
Acceptance Rate:                        0.916259
Replacements:                               2998
Total Samples:                              3272
Nested Sampling ln(Z):               -215.521239
Acceptance Rate:                        0.906064
Replacements:                               3048
Total Samples:                              3364
Nested Sampling ln(Z):               -211.411493
Acceptance Rate:                        0.902418
Replacements:                               3098
Total Samples:                              3433
Nested Sampling ln(Z):               -207.606903
Acceptance Rate:                        0.899172
Replacements:                               3148
Total Samples:                              3501
Nested Sampling ln(Z):               -203.883560
Acceptance Rate:                        0.892299
Replacements:                               3198
Total Samples:                              3584
Nested Sampling ln(Z):               -200.339217
Acceptance Rate:                        0.885738
Replacements:                               3248
Total Samples:                              3667
Nested Sampling ln(Z):               -197.552919
Acceptance Rate:                        0.883235
Replacements:                               3298
Total Samples:                              3734
Nested Sampling ln(Z):               -195.134689
Acceptance Rate:                        0.881053
Replacements:                               3348
Total Samples:                              3800
Nested Sampling ln(Z):               -192.802575
Acceptance Rate:                        0.878263
Replacements:                               3398
Total Samples:                              3869
Nested Sampling ln(Z):               -190.408637
Acceptance Rate:                        0.872028
Replacements:                               3448
Total Samples:                              3954
Nested Sampling ln(Z):               -187.560089
Acceptance Rate:                        0.868637
Replacements:                               3498
Total Samples:                              4027
Nested Sampling ln(Z):               -185.217708
Acceptance Rate:                        0.864101
Replacements:                               3548
Total Samples:                              4106
Nested Sampling ln(Z):               -183.216388
Acceptance Rate:                        0.858506
Replacements:                               3598
Total Samples:                              4191
Nested Sampling ln(Z):               -181.175203
Acceptance Rate:                        0.853733
Replacements:                               3648
Total Samples:                              4273
Nested Sampling ln(Z):               -178.813869
Acceptance Rate:                        0.851093
Replacements:                               3698
Total Samples:                              4345
Nested Sampling ln(Z):               -176.486174
Acceptance Rate:                        0.843005
Replacements:                               3748
Total Samples:                              4446
Nested Sampling ln(Z):               -174.271755
Acceptance Rate:                        0.840824
Replacements:                               3798
Total Samples:                              4517
Nested Sampling ln(Z):               -172.577969
Acceptance Rate:                        0.836158
Replacements:                               3848
Total Samples:                              4602
Nested Sampling ln(Z):               -170.778526
Acceptance Rate:                        0.834868
Replacements:                               3898
Total Samples:                              4669
Nested Sampling ln(Z):               -168.870503
Acceptance Rate:                        0.831683
Replacements:                               3948
Total Samples:                              4747
Nested Sampling ln(Z):               -167.177588
Acceptance Rate:                        0.830150
Replacements:                               3998
Total Samples:                              4816
Nested Sampling ln(Z):               -165.483850
Acceptance Rate:                        0.828490
Replacements:                               4048
Total Samples:                              4886
Nested Sampling ln(Z):               -163.641686
Acceptance Rate:                        0.825877
Replacements:                               4098
Total Samples:                              4962
Nested Sampling ln(Z):               -162.037389
Acceptance Rate:                        0.822689
Replacements:                               4148
Total Samples:                              5042
Nested Sampling ln(Z):               -160.150241
Acceptance Rate:                        0.821366
Replacements:                               4198
Total Samples:                              5111
Nested Sampling ln(Z):               -158.380043
Acceptance Rate:                        0.819761
Replacements:                               4248
Total Samples:                              5182
Nested Sampling ln(Z):               -156.655687
Acceptance Rate:                        0.819135
Replacements:                               4298
Total Samples:                              5247
Nested Sampling ln(Z):               -155.113688
Acceptance Rate:                        0.817447
Replacements:                               4348
Total Samples:                              5319
Nested Sampling ln(Z):               -153.496643
Acceptance Rate:                        0.815653
Replacements:                               4398
Total Samples:                              5392
Nested Sampling ln(Z):               -152.211577
Acceptance Rate:                        0.811975
Replacements:                               4448
Total Samples:                              5478
Nested Sampling ln(Z):               -150.638172
Acceptance Rate:                        0.807976
Replacements:                               4498
Total Samples:                              5567
Nested Sampling ln(Z):               -149.347359
Acceptance Rate:                        0.804671
Replacements:                               4548
Total Samples:                              5652
Nested Sampling ln(Z):               -148.221785
Acceptance Rate:                        0.801464
Replacements:                               4598
Total Samples:                              5737
Nested Sampling ln(Z):               -147.107308
Acceptance Rate:                        0.800413
Replacements:                               4648
Total Samples:                              5807
Nested Sampling ln(Z):               -146.027674
Acceptance Rate:                        0.795867
Replacements:                               4698
Total Samples:                              5903
Nested Sampling ln(Z):               -144.929943
Acceptance Rate:                        0.793847
Replacements:                               4748
Total Samples:                              5981
Nested Sampling ln(Z):               -143.871656
Acceptance Rate:                        0.792141
Replacements:                               4798
Total Samples:                              6057
Nested Sampling ln(Z):               -142.844598
Acceptance Rate:                        0.788549
Replacements:                               4848
Total Samples:                              6148
Nested Sampling ln(Z):               -142.007134
Acceptance Rate:                        0.787080
Replacements:                               4898
Total Samples:                              6223
Nested Sampling ln(Z):               -141.245290
Acceptance Rate:                        0.786270
Replacements:                               4948
Total Samples:                              6293
Nested Sampling ln(Z):               -140.507718
Acceptance Rate:                        0.785108
Replacements:                               4998
Total Samples:                              6366
Nested Sampling ln(Z):               -139.736496
Acceptance Rate:                        0.783729
Replacements:                               5048
Total Samples:                              6441
Nested Sampling ln(Z):               -139.091546
Acceptance Rate:                        0.780824
Replacements:                               5098
Total Samples:                              6529
Nested Sampling ln(Z):               -138.508026
Acceptance Rate:                        0.778938
Replacements:                               5148
Total Samples:                              6609
Nested Sampling ln(Z):               -137.920238
Acceptance Rate:                        0.776168
Replacements:                               5198
Total Samples:                              6697
Nested Sampling ln(Z):               -137.347853
Acceptance Rate:                        0.773243
Replacements:                               5248
Total Samples:                              6787
Nested Sampling ln(Z):               -136.810958
Acceptance Rate:                        0.771179
Replacements:                               5298
Total Samples:                              6870
Nested Sampling ln(Z):               -136.313478
Acceptance Rate:                        0.769386
Replacements:                               5348
Total Samples:                              6951
Nested Sampling ln(Z):               -135.832780
Acceptance Rate:                        0.766217
Replacements:                               5398
Total Samples:                              7045
Nested Sampling ln(Z):               -135.349264
Acceptance Rate:                        0.765169
Replacements:                               5448
Total Samples:                              7120
Nested Sampling ln(Z):               -134.914374
Acceptance Rate:                        0.765418
Replacements:                               5498
Total Samples:                              7183
Nested Sampling ln(Z):               -134.493351
Acceptance Rate:                        0.760521
Replacements:                               5548
Total Samples:                              7295
Nested Sampling ln(Z):               -134.075577
Acceptance Rate:                        0.759669
Replacements:                               5598
Total Samples:                              7369
Nested Sampling ln(Z):               -133.672419
Acceptance Rate:                        0.755686
Replacements:                               5648
Total Samples:                              7474
Nested Sampling ln(Z):               -133.274602
Acceptance Rate:                        0.753206
Replacements:                               5698
Total Samples:                              7565
Nested Sampling ln(Z):               -132.889216
Acceptance Rate:                        0.752553
Replacements:                               5748
Total Samples:                              7638
Nested Sampling ln(Z):               -132.509303
Acceptance Rate:                        0.750356
Replacements:                               5798
Total Samples:                              7727
Nested Sampling ln(Z):               -132.145107
Acceptance Rate:                        0.748305
Replacements:                               5848
Total Samples:                              7815
Nested Sampling ln(Z):               -131.797060
Acceptance Rate:                        0.746866
Replacements:                               5898
Total Samples:                              7897
Nested Sampling ln(Z):               -131.465430
Acceptance Rate:                        0.744151
Replacements:                               5948
Total Samples:                              7993
Nested Sampling ln(Z):               -131.142845
Acceptance Rate:                        0.743431
Replacements:                               5998
Total Samples:                              8068
Nested Sampling ln(Z):               -130.834705
Acceptance Rate:                        0.741358
Replacements:                               6048
Total Samples:                              8158
Nested Sampling ln(Z):               -130.530146
Acceptance Rate:                        0.739600
Replacements:                               6098
Total Samples:                              8245
Nested Sampling ln(Z):               -130.228929
Acceptance Rate:                        0.738232
Replacements:                               6148
Total Samples:                              8328
Nested Sampling ln(Z):               -129.926754
Acceptance Rate:                        0.737506
Replacements:                               6198
Total Samples:                              8404
Nested Sampling ln(Z):               -129.638924
Acceptance Rate:                        0.736706
Replacements:                               6248
Total Samples:                              8481
Nested Sampling ln(Z):               -129.350136
Acceptance Rate:                        0.736178
Replacements:                               6298
Total Samples:                              8555
Nested Sampling ln(Z):               -129.064252
Acceptance Rate:                        0.736512
Replacements:                               6348
Total Samples:                              8619
Nested Sampling ln(Z):               -128.793252
Acceptance Rate:                        0.735571
Replacements:                               6398
Total Samples:                              8698
Nested Sampling ln(Z):               -128.527425
Acceptance Rate:                        0.733311
Replacements:                               6448
Total Samples:                              8793
Nested Sampling ln(Z):               -128.262269
Acceptance Rate:                        0.732004
Replacements:                               6498
Total Samples:                              8877
Nested Sampling ln(Z):               -128.003814
Acceptance Rate:                        0.729745
Replacements:                               6548
Total Samples:                              8973
Nested Sampling ln(Z):               -127.767280
Acceptance Rate:                        0.728417
Replacements:                               6598
Total Samples:                              9058
Nested Sampling ln(Z):               -127.543074
Acceptance Rate:                        0.725843
Replacements:                               6648
Total Samples:                              9159
Nested Sampling ln(Z):               -127.325291
Acceptance Rate:                        0.723873
Replacements:                               6698
Total Samples:                              9253
Nested Sampling ln(Z):               -127.109249
Acceptance Rate:                        0.721017
Replacements:                               6748
Total Samples:                              9359
Nested Sampling ln(Z):               -126.900291
Acceptance Rate:                        0.718757
Replacements:                               6798
Total Samples:                              9458
Nested Sampling ln(Z):               -126.697132
Acceptance Rate:                        0.717970
Replacements:                               6848
Total Samples:                              9538
Nested Sampling ln(Z):               -126.502315
Acceptance Rate:                        0.715709
Replacements:                               6898
Total Samples:                              9638
Nested Sampling ln(Z):               -126.315402
Acceptance Rate:                        0.714668
Replacements:                               6948
Total Samples:                              9722
Nested Sampling ln(Z):               -126.138185
Acceptance Rate:                        0.713645
Replacements:                               6998
Total Samples:                              9806
Nested Sampling ln(Z):               -125.968726
Acceptance Rate:                        0.712207
Replacements:                               7048
Total Samples:                              9896
Nested Sampling ln(Z):               -125.803731
Acceptance Rate:                        0.711151
Replacements:                               7098
Total Samples:                              9981
Nested Sampling ln(Z):               -125.646210
Acceptance Rate:                        0.709268
Replacements:                               7148
Total Samples:                             10078
Nested Sampling ln(Z):               -125.494515
Acceptance Rate:                        0.708255
Replacements:                               7198
Total Samples:                             10163
Nested Sampling ln(Z):               -125.340030
Acceptance Rate:                        0.706089
Replacements:                               7248
Total Samples:                             10265
Nested Sampling ln(Z):               -125.191962
Acceptance Rate:                        0.703761
Replacements:                               7298
Total Samples:                             10370
Nested Sampling ln(Z):               -125.046271
Acceptance Rate:                        0.703158
Replacements:                               7348
Total Samples:                             10450
Nested Sampling ln(Z):               -124.906401
Acceptance Rate:                        0.700635
Replacements:                               7398
Total Samples:                             10559
Nested Sampling ln(Z):               -124.769679
Acceptance Rate:                        0.700197
Replacements:                               7448
Total Samples:                             10637
Nested Sampling ln(Z):               -124.637003
Acceptance Rate:                        0.699571
Replacements:                               7498
Total Samples:                             10718
Nested Sampling ln(Z):               -124.507012
Acceptance Rate:                        0.698889
Replacements:                               7548
Total Samples:                             10800
Nested Sampling ln(Z):               -124.381039
Acceptance Rate:                        0.698410
Replacements:                               7598
Total Samples:                             10879
Nested Sampling ln(Z):               -124.257168
Acceptance Rate:                        0.696412
Replacements:                               7648
Total Samples:                             10982
Nested Sampling ln(Z):               -124.131826
Acceptance Rate:                        0.694891
Replacements:                               7698
Total Samples:                             11078
Nested Sampling ln(Z):               -124.009389
Acceptance Rate:                        0.693457
Replacements:                               7748
Total Samples:                             11173
Nested Sampling ln(Z):               -123.886783
Acceptance Rate:                        0.692417
Replacements:                               7798
Total Samples:                             11262
Nested Sampling ln(Z):               -123.762615
Acceptance Rate:                        0.690602
Replacements:                               7848
Total Samples:                             11364
Nested Sampling ln(Z):               -123.640076
Acceptance Rate:                        0.690204
Replacements:                               7898
Total Samples:                             11443
Nested Sampling ln(Z):               -123.518819
Acceptance Rate:                        0.689871
Replacements:                               7948
Total Samples:                             11521
Nested Sampling ln(Z):               -123.396092
Acceptance Rate:                        0.689126
Replacements:                               7998
Total Samples:                             11606
Nested Sampling ln(Z):               -123.274339
Acceptance Rate:                        0.688511
Replacements:                               8048
Total Samples:                             11689
Nested Sampling ln(Z):               -123.153514
Acceptance Rate:                        0.688781
Replacements:                               8098
Total Samples:                             11757
Nested Sampling ln(Z):               -123.032375
Acceptance Rate:                        0.688118
Replacements:                               8148
Total Samples:                             11841
Nested Sampling ln(Z):               -122.914469
Acceptance Rate:                        0.687579
Replacements:                               8198
Total Samples:                             11923
Nested Sampling ln(Z):               -122.798039
Acceptance Rate:                        0.686076
Replacements:                               8248
Total Samples:                             12022
Nested Sampling ln(Z):               -122.684014
Acceptance Rate:                        0.683694
Replacements:                               8298
Total Samples:                             12137
Nested Sampling ln(Z):               -122.572116
Acceptance Rate:                        0.683031
Replacements:                               8348
Total Samples:                             12222
Nested Sampling ln(Z):               -122.460894
Acceptance Rate:                        0.682154
Replacements:                               8398
Total Samples:                             12311
Nested Sampling ln(Z):               -122.350655
Acceptance Rate:                        0.681785
Replacements:                               8448
Total Samples:                             12391
Nested Sampling ln(Z):               -122.239875
Acceptance Rate:                        0.681476
Replacements:                               8498
Total Samples:                             12470
Nested Sampling ln(Z):               -122.127555
Acceptance Rate:                        0.679815
Replacements:                               8548
Total Samples:                             12574
Nested Sampling ln(Z):               -122.014006
Acceptance Rate:                        0.679040
Replacements:                               8598
Total Samples:                             12662
Nested Sampling ln(Z):               -121.901995
Acceptance Rate:                        0.678062
Replacements:                               8648
Total Samples:                             12754
Nested Sampling ln(Z):               -121.790496
Acceptance Rate:                        0.676677
Replacements:                               8698
Total Samples:                             12854
Nested Sampling ln(Z):               -121.678381
Acceptance Rate:                        0.676671
Replacements:                               8748
Total Samples:                             12928
Nested Sampling ln(Z):               -121.568159
Acceptance Rate:                        0.675626
Replacements:                               8798
Total Samples:                             13022
Nested Sampling ln(Z):               -121.460460
Acceptance Rate:                        0.674699
Replacements:                               8848
Total Samples:                             13114
Nested Sampling ln(Z):               -121.356676
Acceptance Rate:                        0.673785
Replacements:                               8898
Total Samples:                             13206
Nested Sampling ln(Z):               -121.255463
Acceptance Rate:                        0.673086
Replacements:                               8948
Total Samples:                             13294
Nested Sampling ln(Z):               -121.154100
Acceptance Rate:                        0.672647
Replacements:                               8998
Total Samples:                             13377
Nested Sampling ln(Z):               -121.053429
Acceptance Rate:                        0.671565
Replacements:                               9048
Total Samples:                             13473
Nested Sampling ln(Z):               -120.955250
Acceptance Rate:                        0.670697
Replacements:                               9098
Total Samples:                             13565
Nested Sampling ln(Z):               -120.857796
Acceptance Rate:                        0.669447
Replacements:                               9148
Total Samples:                             13665
Nested Sampling ln(Z):               -120.760658
Acceptance Rate:                        0.668314
Replacements:                               9198
Total Samples:                             13763
Nested Sampling ln(Z):               -120.664571
Acceptance Rate:                        0.666282
Replacements:                               9248
Total Samples:                             13880
Nested Sampling ln(Z):               -120.568201
Acceptance Rate:                        0.664475
Replacements:                               9298
Total Samples:                             13993
Nested Sampling ln(Z):               -120.472475
Acceptance Rate:                        0.662979
Replacements:                               9348
Total Samples:                             14100
Nested Sampling ln(Z):               -120.378614
Acceptance Rate:                        0.662111
Replacements:                               9398
Total Samples:                             14194
Nested Sampling ln(Z):               -120.284888
Acceptance Rate:                        0.660145
Replacements:                               9448
Total Samples:                             14312
Nested Sampling ln(Z):               -120.193752
Acceptance Rate:                        0.659583
Replacements:                               9498
Total Samples:                             14400
Nested Sampling ln(Z):               -120.104021
Acceptance Rate:                        0.657530
Replacements:                               9548
Total Samples:                             14521
Nested Sampling ln(Z):               -120.015267
Acceptance Rate:                        0.655870
Replacements:                               9598
Total Samples:                             14634
Nested Sampling ln(Z):               -119.926951
Acceptance Rate:                        0.654634
Replacements:                               9648
Total Samples:                             14738
Nested Sampling ln(Z):               -119.840056
Acceptance Rate:                        0.652932
Replacements:                               9698
Total Samples:                             14853
Nested Sampling ln(Z):               -119.755304
Acceptance Rate:                        0.651997
Replacements:                               9748
Total Samples:                             14951
Nested Sampling ln(Z):               -119.670367
Acceptance Rate:                        0.651549
Replacements:                               9798
Total Samples:                             15038
Nested Sampling ln(Z):               -119.586758
Acceptance Rate:                        0.650591
Replacements:                               9848
Total Samples:                             15137
Nested Sampling ln(Z):               -119.503055
Acceptance Rate:                        0.650286
Replacements:                               9898
Total Samples:                             15221
Nested Sampling ln(Z):               -119.419387
Acceptance Rate:                        0.649262
Replacements:                               9948
Total Samples:                             15322
Nested Sampling ln(Z):               -119.338090
Acceptance Rate:                        0.648001
Replacements:                               9998
Total Samples:                             15429
Nested Sampling ln(Z):               -119.258517
Acceptance Rate:                        0.647256
Replacements:                              10048
Total Samples:                             15524
Nested Sampling ln(Z):               -119.180247
Acceptance Rate:                        0.645240
Replacements:                              10098
Total Samples:                             15650
Nested Sampling ln(Z):               -119.101420
Acceptance Rate:                        0.644277
Replacements:                              10148
Total Samples:                             15751
Nested Sampling ln(Z):               -119.022777
Acceptance Rate:                        0.641787
Replacements:                              10198
Total Samples:                             15890
Nested Sampling ln(Z):               -118.944222
Acceptance Rate:                        0.639980
Replacements:                              10248
Total Samples:                             16013
Nested Sampling ln(Z):               -118.866816
Acceptance Rate:                        0.638636
Replacements:                              10298
Total Samples:                             16125
Nested Sampling ln(Z):               -118.791778
Acceptance Rate:                        0.637545
Replacements:                              10348
Total Samples:                             16231
Nested Sampling ln(Z):               -118.717783
Acceptance Rate:                        0.636080
Replacements:                              10398
Total Samples:                             16347
Nested Sampling ln(Z):               -118.645153
Acceptance Rate:                        0.634443
Replacements:                              10448
Total Samples:                             16468
Nested Sampling ln(Z):               -118.572066
Acceptance Rate:                        0.634052
Replacements:                              10498
Total Samples:                             16557
Nested Sampling ln(Z):               -118.500266
Acceptance Rate:                        0.632943
Replacements:                              10548
Total Samples:                             16665
Nested Sampling ln(Z):               -118.429276
Acceptance Rate:                        0.631698
Replacements:                              10598
Total Samples:                             16777
Nested Sampling ln(Z):               -118.360341
Acceptance Rate:                        0.629240
Replacements:                              10648
Total Samples:                             16922
Nested Sampling ln(Z):               -118.293308
Acceptance Rate:                        0.627154
Replacements:                              10698
Total Samples:                             17058
Nested Sampling ln(Z):               -118.227784
Acceptance Rate:                        0.625793
Replacements:                              10748
Total Samples:                             17175
Nested Sampling ln(Z):               -118.163981
Acceptance Rate:                        0.623621
Replacements:                              10798
Total Samples:                             17315
Nested Sampling ln(Z):               -118.101550
Acceptance Rate:                        0.622304
Replacements:                              10848
Total Samples:                             17432
Nested Sampling ln(Z):               -118.039981
Acceptance Rate:                        0.621571
Replacements:                              10898
Total Samples:                             17533
Nested Sampling ln(Z):               -117.978521
Acceptance Rate:                        0.619721
Replacements:                              10948
Total Samples:                             17666
Nested Sampling ln(Z):               -117.918186
Acceptance Rate:                        0.617102
Replacements:                              10998
Total Samples:                             17822
Nested Sampling ln(Z):               -117.859191
Acceptance Rate:                        0.615179
Replacements:                              11048
Total Samples:                             17959
Nested Sampling ln(Z):               -117.800901
Acceptance Rate:                        0.610720
Replacements:                              11098
Total Samples:                             18172
Nested Sampling ln(Z):               -117.743996
Acceptance Rate:                        0.608250
Replacements:                              11148
Total Samples:                             18328
Nested Sampling ln(Z):               -117.689037
Acceptance Rate:                        0.606346
Replacements:                              11198
Total Samples:                             18468
Nested Sampling ln(Z):               -117.634410
Acceptance Rate:                        0.605904
Replacements:                              11248
Total Samples:                             18564
Nested Sampling ln(Z):               -117.579995
Acceptance Rate:                        0.605077
Replacements:                              11298
Total Samples:                             18672
Nested Sampling ln(Z):               -117.526616
Acceptance Rate:                        0.602879
Replacements:                              11348
Total Samples:                             18823
Nested Sampling ln(Z):               -117.474256
Acceptance Rate:                        0.601065
Replacements:                              11398
Total Samples:                             18963
Nested Sampling ln(Z):               -117.422005
Acceptance Rate:                        0.599811
Replacements:                              11448
Total Samples:                             19086
Nested Sampling ln(Z):               -117.369402
Acceptance Rate:                        0.599073
Replacements:                              11498
Total Samples:                             19193
Nested Sampling ln(Z):               -117.317528
Acceptance Rate:                        0.598187
Replacements:                              11548
Total Samples:                             19305
Nested Sampling ln(Z):               -117.266042
Acceptance Rate:                        0.597219
Replacements:                              11598
Total Samples:                             19420
Nested Sampling ln(Z):               -117.215807
Acceptance Rate:                        0.595836
Replacements:                              11648
Total Samples:                             19549
Nested Sampling ln(Z):               -117.165917
Acceptance Rate:                        0.593687
Replacements:                              11698
Total Samples:                             19704
Nested Sampling ln(Z):               -117.116053
Acceptance Rate:                        0.592077
Replacements:                              11748
Total Samples:                             19842
Nested Sampling ln(Z):               -117.067157
Acceptance Rate:                        0.591497
Replacements:                              11798
Total Samples:                             19946
Nested Sampling ln(Z):               -117.019052
Acceptance Rate:                        0.590923
Replacements:                              11848
Total Samples:                             20050
Nested Sampling ln(Z):               -116.971501
Acceptance Rate:                        0.589974
Replacements:                              11898
Total Samples:                             20167
Nested Sampling ln(Z):               -116.924119
Acceptance Rate:                        0.588426
Replacements:                              11948
Total Samples:                             20305
Nested Sampling ln(Z):               -116.877102
Acceptance Rate:                        0.587590
Replacements:                              11998
Total Samples:                             20419
Nested Sampling ln(Z):               -116.830943
Acceptance Rate:                        0.586563
Replacements:                              12048
Total Samples:                             20540
Nested Sampling ln(Z):               -116.785434
Acceptance Rate:                        0.586200
Replacements:                              12098
Total Samples:                             20638
Nested Sampling ln(Z):               -116.740276
Acceptance Rate:                        0.585530
Replacements:                              12148
Total Samples:                             20747
Nested Sampling ln(Z):               -116.695859
Acceptance Rate:                        0.584335
Replacements:                              12198
Total Samples:                             20875
Nested Sampling ln(Z):               -116.651726
Acceptance Rate:                        0.583377
Replacements:                              12248
Total Samples:                             20995
Nested Sampling ln(Z):               -116.608083
Acceptance Rate:                        0.582595
Replacements:                              12298
Total Samples:                             21109
Nested Sampling ln(Z):               -116.564674
Acceptance Rate:                        0.581931
Replacements:                              12348
Total Samples:                             21219
Nested Sampling ln(Z):               -116.521351
Acceptance Rate:                        0.581274
Replacements:                              12398
Total Samples:                             21329
Nested Sampling ln(Z):               -116.478136
Acceptance Rate:                        0.581058
Replacements:                              12448
Total Samples:                             21423
Nested Sampling ln(Z):               -116.435628
Acceptance Rate:                        0.581005
Replacements:                              12498
Total Samples:                             21511
Nested Sampling ln(Z):               -116.393261
Acceptance Rate:                        0.580281
Replacements:                              12548
Total Samples:                             21624
Nested Sampling ln(Z):               -116.351666
Acceptance Rate:                        0.579858
Replacements:                              12598
Total Samples:                             21726
Nested Sampling ln(Z):               -116.310576
Acceptance Rate:                        0.579652
Replacements:                              12648
Total Samples:                             21820
Nested Sampling ln(Z):               -116.269873
Acceptance Rate:                        0.579606
Replacements:                              12698
Total Samples:                             21908
Nested Sampling ln(Z):               -116.229084
Acceptance Rate:                        0.579507
Replacements:                              12748
Total Samples:                             21998
Nested Sampling ln(Z):               -116.188397
Acceptance Rate:                        0.579462
Replacements:                              12798
Total Samples:                             22086
Nested Sampling ln(Z):               -116.147885
Acceptance Rate:                        0.578947
Replacements:                              12848
Total Samples:                             22192
Nested Sampling ln(Z):               -116.107890
Acceptance Rate:                        0.578801
Replacements:                              12898
Total Samples:                             22284
Nested Sampling ln(Z):               -116.068477
Acceptance Rate:                        0.578501
Replacements:                              12948
Total Samples:                             22382
Nested Sampling ln(Z):               -116.029577
Acceptance Rate:                        0.578331
Replacements:                              12998
Total Samples:                             22475
Nested Sampling ln(Z):               -115.991208
Acceptance Rate:                        0.577908
Replacements:                              13048
Total Samples:                             22578
Nested Sampling ln(Z):               -115.953378
Acceptance Rate:                        0.577768
Replacements:                              13098
Total Samples:                             22670
Nested Sampling ln(Z):               -115.916062
Acceptance Rate:                        0.577021
Replacements:                              13148
Total Samples:                             22786
Nested Sampling ln(Z):               -115.878934
Acceptance Rate:                        0.575528
Replacements:                              13198
Total Samples:                             22932
Nested Sampling ln(Z):               -115.842348
Acceptance Rate:                        0.574576
Replacements:                              13248
Total Samples:                             23057
Nested Sampling ln(Z):               -115.806249
Acceptance Rate:                        0.574701
Replacements:                              13298
Total Samples:                             23139
Nested Sampling ln(Z):               -115.770615
Acceptance Rate:                        0.574206
Replacements:                              13348
Total Samples:                             23246
Nested Sampling ln(Z):               -115.735365
Acceptance Rate:                        0.573422
Replacements:                              13398
Total Samples:                             23365
Nested Sampling ln(Z):               -115.700325
Acceptance Rate:                        0.572596
Replacements:                              13448
Total Samples:                             23486
Nested Sampling ln(Z):               -115.665439
Acceptance Rate:                        0.571392
Replacements:                              13498
Total Samples:                             23623
Nested Sampling ln(Z):               -115.630817
Acceptance Rate:                        0.570370
Replacements:                              13548
Total Samples:                             23753
Nested Sampling ln(Z):               -115.596236
Acceptance Rate:                        0.569741
Replacements:                              13598
Total Samples:                             23867
Nested Sampling ln(Z):               -115.561999
Acceptance Rate:                        0.569426
Replacements:                              13648
Total Samples:                             23968
Nested Sampling ln(Z):               -115.528034
Acceptance Rate:                        0.569232
Replacements:                              13698
Total Samples:                             24064
Nested Sampling ln(Z):               -115.494382
Acceptance Rate:                        0.568569
Replacements:                              13748
Total Samples:                             24180
Nested Sampling ln(Z):               -115.460867
Acceptance Rate:                        0.567422
Replacements:                              13798
Total Samples:                             24317
Nested Sampling ln(Z):               -115.427641
Acceptance Rate:                        0.566589
Replacements:                              13848
Total Samples:                             24441
Nested Sampling ln(Z):               -115.394844
Acceptance Rate:                        0.566225
Replacements:                              13898
Total Samples:                             24545
Nested Sampling ln(Z):               -115.362461
Acceptance Rate:                        0.566117
Replacements:                              13948
Total Samples:                             24638
Nested Sampling ln(Z):               -115.330482
Acceptance Rate:                        0.564686
Replacements:                              13998
Total Samples:                             24789
Nested Sampling ln(Z):               -115.298996
Acceptance Rate:                        0.563769
Replacements:                              14048
Total Samples:                             24918
Nested Sampling ln(Z):               -115.267806
Acceptance Rate:                        0.563132
Replacements:                              14098
Total Samples:                             25035
Nested Sampling ln(Z):               -115.236750
Acceptance Rate:                        0.562634
Replacements:                              14148
Total Samples:                             25146
Nested Sampling ln(Z):               -115.206349
Acceptance Rate:                        0.562364
Replacements:                              14198
Total Samples:                             25247
Nested Sampling ln(Z):               -115.176372
Acceptance Rate:                        0.562051
Replacements:                              14248
Total Samples:                             25350
Nested Sampling ln(Z):               -115.146945
Acceptance Rate:                        0.561124
Replacements:                              14298
Total Samples:                             25481
Nested Sampling ln(Z):               -115.117764
Acceptance Rate:                        0.560097
Replacements:                              14348
Total Samples:                             25617
Nested Sampling ln(Z):               -115.088949
Acceptance Rate:                        0.559515
Replacements:                              14398
Total Samples:                             25733
Nested Sampling ln(Z):               -115.060452
Acceptance Rate:                        0.559328
Replacements:                              14448
Total Samples:                             25831
Nested Sampling ln(Z):               -115.032008
Acceptance Rate:                        0.558561
Replacements:                              14498
Total Samples:                             25956
Nested Sampling ln(Z):               -115.003623
Acceptance Rate:                        0.558293
Replacements:                              14548
Total Samples:                             26058
Nested Sampling ln(Z):               -114.975669
Acceptance Rate:                        0.558156
Replacements:                              14598
Total Samples:                             26154
Nested Sampling ln(Z):               -114.947967
Acceptance Rate:                        0.557361
Replacements:                              14648
Total Samples:                             26281
Nested Sampling ln(Z):               -114.920406
Acceptance Rate:                        0.557439
Replacements:                              14698
Total Samples:                             26367
Nested Sampling ln(Z):               -114.893213
Acceptance Rate:                        0.556465
Replacements:                              14748
Total Samples:                             26503
Nested Sampling ln(Z):               -114.866460
Acceptance Rate:                        0.555981
Replacements:                              14798
Total Samples:                             26616
Nested Sampling ln(Z):               -114.840049
Acceptance Rate:                        0.554444
Replacements:                              14848
Total Samples:                             26780
Nested Sampling ln(Z):               -114.814028
Acceptance Rate:                        0.553850
Replacements:                              14898
Total Samples:                             26899
Nested Sampling ln(Z):               -114.788149
Acceptance Rate:                        0.553015
Replacements:                              14948
Total Samples:                             27030
Nested Sampling ln(Z):               -114.762628
Acceptance Rate:                        0.552759
Replacements:                              14998
Total Samples:                             27133
Nested Sampling ln(Z):               -114.737641
Acceptance Rate:                        0.552443
Replacements:                              15048
Total Samples:                             27239
Nested Sampling ln(Z):               -114.713072
Acceptance Rate:                        0.551384
Replacements:                              15098
Total Samples:                             27382
Nested Sampling ln(Z):               -114.688801
Acceptance Rate:                        0.551037
Replacements:                              15148
Total Samples:                             27490
Nested Sampling ln(Z):               -114.664846
Acceptance Rate:                        0.550493
Replacements:                              15198
Total Samples:                             27608
Nested Sampling ln(Z):               -114.641255
Acceptance Rate:                        0.550092
Replacements:                              15248
Total Samples:                             27719
Nested Sampling ln(Z):               -114.617898
Acceptance Rate:                        0.549734
Replacements:                              15298
Total Samples:                             27828
Nested Sampling ln(Z):               -114.594791
Acceptance Rate:                        0.549025
Replacements:                              15348
Total Samples:                             27955
Nested Sampling ln(Z):               -114.571916
Acceptance Rate:                        0.548870
Replacements:                              15398
Total Samples:                             28054
Nested Sampling ln(Z):               -114.549345
Acceptance Rate:                        0.548463
Replacements:                              15448
Total Samples:                             28166
Nested Sampling ln(Z):               -114.527098
Acceptance Rate:                        0.548136
Replacements:                              15498
Total Samples:                             28274
Nested Sampling ln(Z):               -114.504929
Acceptance Rate:                        0.547986
Replacements:                              15548
Total Samples:                             28373
Nested Sampling ln(Z):               -114.482894
Acceptance Rate:                        0.547663
Replacements:                              15598
Total Samples:                             28481
Nested Sampling ln(Z):               -114.461101
Acceptance Rate:                        0.547516
Replacements:                              15648
Total Samples:                             28580
Nested Sampling ln(Z):               -114.439509
Acceptance Rate:                        0.546512
Replacements:                              15698
Total Samples:                             28724
Nested Sampling ln(Z):               -114.418095
Acceptance Rate:                        0.545858
Replacements:                              15748
Total Samples:                             28850
Nested Sampling ln(Z):               -114.397047
Acceptance Rate:                        0.544890
Replacements:                              15798
Total Samples:                             28993
Nested Sampling ln(Z):               -114.376300
Acceptance Rate:                        0.544268
Replacements:                              15848
Total Samples:                             29118
Nested Sampling ln(Z):               -114.355929
Acceptance Rate:                        0.543540
Replacements:                              15898
Total Samples:                             29249
Nested Sampling ln(Z):               -114.335819
Acceptance Rate:                        0.541988
Replacements:                              15948
Total Samples:                             29425
Nested Sampling ln(Z):               -114.315945
Acceptance Rate:                        0.541076
Replacements:                              15998
Total Samples:                             29567
Nested Sampling ln(Z):               -114.296379
Acceptance Rate:                        0.540646
Replacements:                              16048
Total Samples:                             29683
Nested Sampling ln(Z):               -114.277083
Acceptance Rate:                        0.539767
Replacements:                              16098
Total Samples:                             29824
Nested Sampling ln(Z):               -114.258092
Acceptance Rate:                        0.538734
Replacements:                              16148
Total Samples:                             29974
Nested Sampling ln(Z):               -114.239285
Acceptance Rate:                        0.538265
Replacements:                              16198
Total Samples:                             30093
Nested Sampling ln(Z):               -114.220728
Acceptance Rate:                        0.537231
Replacements:                              16248
Total Samples:                             30244
Nested Sampling ln(Z):               -114.202389
Acceptance Rate:                        0.536931
Replacements:                              16298
Total Samples:                             30354
Nested Sampling ln(Z):               -114.184322
Acceptance Rate:                        0.536352
Replacements:                              16348
Total Samples:                             30480
Nested Sampling ln(Z):               -114.166541
Acceptance Rate:                        0.535655
Replacements:                              16398
Total Samples:                             30613
Nested Sampling ln(Z):               -114.149040
Acceptance Rate:                        0.535034
Replacements:                              16448
Total Samples:                             30742
Nested Sampling ln(Z):               -114.131779
Acceptance Rate:                        0.534608
Replacements:                              16498
Total Samples:                             30860
Nested Sampling ln(Z):               -114.114727
Acceptance Rate:                        0.534341
Replacements:                              16548
Total Samples:                             30969
Nested Sampling ln(Z):               -114.097935
Acceptance Rate:                        0.533852
Replacements:                              16598
Total Samples:                             31091
Nested Sampling ln(Z):               -114.081472
Acceptance Rate:                        0.533419
Replacements:                              16648
Total Samples:                             31210
Nested Sampling ln(Z):               -114.065256
Acceptance Rate:                        0.532802
Replacements:                              16698
Total Samples:                             31340
Nested Sampling ln(Z):               -114.049347
Acceptance Rate:                        0.532037
Replacements:                              16748
Total Samples:                             31479
Nested Sampling ln(Z):               -114.033693
Acceptance Rate:                        0.531481
Replacements:                              16798
Total Samples:                             31606
Nested Sampling ln(Z):               -114.018275
Acceptance Rate:                        0.530796
Replacements:                              16848
Total Samples:                             31741
Nested Sampling ln(Z):               -114.003103
Acceptance Rate:                        0.530366
Replacements:                              16898
Total Samples:                             31861
Nested Sampling ln(Z):               -113.988169
Acceptance Rate:                        0.529724
Replacements:                              16948
Total Samples:                             31994
Nested Sampling ln(Z):               -113.973508
Acceptance Rate:                        0.529582
Replacements:                              16998
Total Samples:                             32097
Nested Sampling ln(Z):               -113.959111
Acceptance Rate:                        0.529047
Replacements:                              17048
Total Samples:                             32224
Nested Sampling ln(Z):               -113.944951
Acceptance Rate:                        0.528336
Replacements:                              17098
Total Samples:                             32362
Nested Sampling ln(Z):               -113.930965
Acceptance Rate:                        0.526901
Replacements:                              17148
Total Samples:                             32545
Nested Sampling ln(Z):               -113.917224
Acceptance Rate:                        0.526061
Replacements:                              17198
Total Samples:                             32692
Nested Sampling ln(Z):               -113.903723
Acceptance Rate:                        0.524862
Replacements:                              17248
Total Samples:                             32862
Nested Sampling ln(Z):               -113.890440
Acceptance Rate:                        0.524484
Replacements:                              17298
Total Samples:                             32981
Nested Sampling ln(Z):               -113.877371
Acceptance Rate:                        0.523871
Replacements:                              17348
Total Samples:                             33115
Nested Sampling ln(Z):               -113.864528
Acceptance Rate:                        0.523201
Replacements:                              17398
Total Samples:                             33253
Nested Sampling ln(Z):               -113.851925
Acceptance Rate:                        0.522834
Replacements:                              17448
Total Samples:                             33372
Nested Sampling ln(Z):               -113.839548
Acceptance Rate:                        0.522250
Replacements:                              17498
Total Samples:                             33505
Nested Sampling ln(Z):               -113.827379
Acceptance Rate:                        0.521455
Replacements:                              17548
Total Samples:                             33652
Nested Sampling ln(Z):               -113.815412
Acceptance Rate:                        0.521160
Replacements:                              17598
Total Samples:                             33767
Nested Sampling ln(Z):               -113.803666
Acceptance Rate:                        0.520360
Replacements:                              17648
Total Samples:                             33915
Nested Sampling ln(Z):               -113.792097
Acceptance Rate:                        0.520025
Replacements:                              17698
Total Samples:                             34033
Nested Sampling ln(Z):               -113.780693
Acceptance Rate:                        0.519114
Replacements:                              17748
Total Samples:                             34189
Nested Sampling ln(Z):               -113.769467
Acceptance Rate:                        0.518544
Replacements:                              17798
Total Samples:                             34323
Nested Sampling ln(Z):               -113.758447
Acceptance Rate:                        0.518039
Replacements:                              17848
Total Samples:                             34453
Nested Sampling ln(Z):               -113.747618
Acceptance Rate:                        0.517837
Replacements:                              17898
Total Samples:                             34563
Nested Sampling ln(Z):               -113.736987
Acceptance Rate:                        0.517472
Replacements:                              17948
Total Samples:                             34684
Nested Sampling ln(Z):               -113.726526
Acceptance Rate:                        0.517006
Replacements:                              17998
Total Samples:                             34812
Nested Sampling ln(Z):               -113.716214
Acceptance Rate:                        0.516439
Replacements:                              18048
Total Samples:                             34947
Nested Sampling ln(Z):               -113.706089
Acceptance Rate:                        0.515862
Replacements:                              18098
Total Samples:                             35083
Nested Sampling ln(Z):               -113.696124
Acceptance Rate:                        0.515217
Replacements:                              18148
Total Samples:                             35224
Nested Sampling ln(Z):               -113.686343
Acceptance Rate:                        0.514926
Replacements:                              18198
Total Samples:                             35341
Nested Sampling ln(Z):               -113.676736
Acceptance Rate:                        0.514710
Replacements:                              18248
Total Samples:                             35453
Nested Sampling ln(Z):               -113.667273
Acceptance Rate:                        0.514321
Replacements:                              18298
Total Samples:                             35577
Nested Sampling ln(Z):               -113.657979
Acceptance Rate:                        0.513662
Replacements:                              18348
Total Samples:                             35720
Nested Sampling ln(Z):               -113.648841
Acceptance Rate:                        0.513008
Replacements:                              18398
Total Samples:                             35863
Nested Sampling ln(Z):               -113.639855
Acceptance Rate:                        0.512288
Replacements:                              18448
Total Samples:                             36011
Nested Sampling ln(Z):               -113.630985
Acceptance Rate:                        0.511914
Replacements:                              18498
Total Samples:                             36135
Nested Sampling ln(Z):               -113.622271
Acceptance Rate:                        0.511218
Replacements:                              18548
Total Samples:                             36282
Nested Sampling ln(Z):               -113.613723
Acceptance Rate:                        0.510738
Replacements:                              18598
Total Samples:                             36414
Nested Sampling ln(Z):               -113.605305
Acceptance Rate:                        0.510331
Replacements:                              18648
Total Samples:                             36541
Nested Sampling ln(Z):               -113.597032
Acceptance Rate:                        0.509816
Replacements:                              18698
Total Samples:                             36676
Nested Sampling ln(Z):               -113.588912
Acceptance Rate:                        0.509373
Replacements:                              18748
Total Samples:                             36806
Nested Sampling ln(Z):               -113.580939
Acceptance Rate:                        0.508948
Replacements:                              18798
Total Samples:                             36935
Nested Sampling ln(Z):               -113.573088
Acceptance Rate:                        0.508128
Replacements:                              18848
Total Samples:                             37093
Nested Sampling ln(Z):               -113.565351
Acceptance Rate:                        0.507656
Replacements:                              18898
Total Samples:                             37226
Nested Sampling ln(Z):               -113.557749
Acceptance Rate:                        0.507160
Replacements:                              18948
Total Samples:                             37361
Nested Sampling ln(Z):               -113.550258
Acceptance Rate:                        0.506803
Replacements:                              18998
Total Samples:                             37486
Nested Sampling ln(Z):               -113.542877
Acceptance Rate:                        0.506273
Replacements:                              19048
Total Samples:                             37624
Nested Sampling ln(Z):               -113.535627
Acceptance Rate:                        0.505747
Replacements:                              19098
Total Samples:                             37762
Nested Sampling ln(Z):               -113.528510
Acceptance Rate:                        0.505184
Replacements:                              19148
Total Samples:                             37903
Nested Sampling ln(Z):               -113.521496
Acceptance Rate:                        0.504639
Replacements:                              19198
Total Samples:                             38043
Nested Sampling ln(Z):               -113.514604
Acceptance Rate:                        0.504006
Replacements:                              19248
Total Samples:                             38190
Nested Sampling ln(Z):               -113.507837
Acceptance Rate:                        0.503247
Replacements:                              19298
Total Samples:                             38347
Nested Sampling ln(Z):               -113.501183
Acceptance Rate:                        0.502376
Replacements:                              19348
Total Samples:                             38513
Nested Sampling ln(Z):               -113.494649
Acceptance Rate:                        0.501564
Replacements:                              19398
Total Samples:                             38675
Nested Sampling ln(Z):               -113.488238
Acceptance Rate:                        0.500979
Replacements:                              19448
Total Samples:                             38820
Nested Sampling ln(Z):               -113.481940
Acceptance Rate:                        0.500269
Replacements:                              19498
Total Samples:                             38975
Nested Sampling ln(Z):               -113.475763
Acceptance Rate:                        0.499757
Replacements:                              19548
Total Samples:                             39115
Nested Sampling ln(Z):               -113.469691
Acceptance Rate:                        0.499185
Replacements:                              19598
Total Samples:                             39260
Nested Sampling ln(Z):               -113.463715
Acceptance Rate:                        0.498528
Replacements:                              19648
Total Samples:                             39412
Nested Sampling ln(Z):               -113.457855
Acceptance Rate:                        0.498154
Replacements:                              19698
Total Samples:                             39542
Nested Sampling ln(Z):               -113.452116
Acceptance Rate:                        0.497920
Replacements:                              19748
Total Samples:                             39661
Nested Sampling ln(Z):               -113.446490
Acceptance Rate:                        0.497600
Replacements:                              19798
Total Samples:                             39787
Nested Sampling ln(Z):               -113.440964
Acceptance Rate:                        0.497277
Replacements:                              19812
Total Samples:                             39841
Nested Sampling ln(Z):               -113.439435
 ln(ev)=  -113.17748123370524      +/-   5.2951252869154544E-002
 Total Likelihood Evaluations:        39841
 Sampling finished. Exiting MultiNest
  analysing data from outdirBNSBu32cores/pm_AT170817/.txt
  analysing data from outdirBNSBu32cores/pm_AT170817/.txt
  analysing data from outdirBNSBu32cores/pm_AT170817/.txt
  analysing data from outdirBNSBu32cores/pm_AT170817/.txt
  analysing data from outdirBNSBu32cores/pm_AT170817/.txt
  analysing data from outdirBNSBu32cores/pm_AT170817/.txt
  analysing data from outdirBNSBu32cores/pm_AT170817/.txt
  analysing data from outdirBNSBu32cores/pm_AT170817/.txt
  analysing data from outdirBNSBu32cores/pm_AT170817/.txt
  analysing data from outdirBNSBu32cores/pm_AT170817/.txt
  analysing data from outdirBNSBu32cores/pm_AT170817/.txt
  analysing data from outdirBNSBu32cores/pm_AT170817/.txt
  analysing data from outdirBNSBu32cores/pm_AT170817/.txt
  analysing data from outdirBNSBu32cores/pm_AT170817/.txt
  analysing data from outdirBNSBu32cores/pm_AT170817/.txt
  analysing data from outdirBNSBu32cores/pm_AT170817/.txt
  analysing data from outdirBNSBu32cores/pm_AT170817/.txt
  analysing data from outdirBNSBu32cores/pm_AT170817/.txt
  analysing data from outdirBNSBu32cores/pm_AT170817/.txt
  analysing data from outdirBNSBu32cores/pm_AT170817/.txt
  analysing data from outdirBNSBu32cores/pm_AT170817/.txt
  analysing data from outdirBNSBu32cores/pm_AT170817/.txt
  analysing data from outdirBNSBu32cores/pm_AT170817/.txt
  analysing data from outdirBNSBu32cores/pm_AT170817/.txt
  analysing data from outdirBNSBu32cores/pm_AT170817/.txt
  analysing data from outdirBNSBu32cores/pm_AT170817/.txt
  analysing data from outdirBNSBu32cores/pm_AT170817/.txt
  analysing data from outdirBNSBu32cores/pm_AT170817/.txt
  analysing data from outdirBNSBu32cores/pm_AT170817/.txt
  analysing data from outdirBNSBu32cores/pm_AT170817/.txt
  analysing data from outdirBNSBu32cores/pm_AT170817/.txt
  analysing data from outdirBNSBu32cores/pm_AT170817/.txt
Best fit parameters: {'KNphi': 31.05120804034842, 'log10_mej_dyn': -2.2554531805216387, 'log10_mej_wind': -1.011337402296188, 'inclination_EM': 1.5409705401573557, 'luminosity_distance': 40.0, 'timeshift': 0.0, 'em_syserr': 1.0, 'Ebv': 0.0, 'log_likelihood': -105.45958848428695, 'log_prior': -6.397374509951753}
Best fit index: 8817
Best fit parameters: {'KNphi': 31.05120804034842, 'log10_mej_dyn': -2.2554531805216387, 'log10_mej_wind': -1.011337402296188, 'inclination_EM': 1.5409705401573557, 'luminosity_distance': 40.0, 'timeshift': 0.0, 'em_syserr': 1.0, 'Ebv': 0.0, 'log_likelihood': -105.45958848428695, 'log_prior': -6.397374509951753}
Best fit index: 8817
Best fit parameters: {'KNphi': 31.05120804034842, 'log10_mej_dyn': -2.2554531805216387, 'log10_mej_wind': -1.011337402296188, 'inclination_EM': 1.5409705401573557, 'luminosity_distance': 40.0, 'timeshift': 0.0, 'em_syserr': 1.0, 'Ebv': 0.0, 'log_likelihood': -105.45958848428695, 'log_prior': -6.397374509951753}
Best fit index: 8817
Best fit parameters: {'KNphi': 31.05120804034842, 'log10_mej_dyn': -2.2554531805216387, 'log10_mej_wind': -1.011337402296188, 'inclination_EM': 1.5409705401573557, 'luminosity_distance': 40.0, 'timeshift': 0.0, 'em_syserr': 1.0, 'Ebv': 0.0, 'log_likelihood': -105.45958848428695, 'log_prior': -6.397374509951753}
Best fit index: 8817
Saved bestfit parameters and magnitudes to outdirBNSBu32cores/AT170817_bestfit_params.json
Saved bestfit parameters and magnitudes to outdirBNSBu32cores/AT170817_bestfit_params.json
Saved bestfit parameters and magnitudes to outdirBNSBu32cores/AT170817_bestfit_params.json
Saved bestfit parameters and magnitudes to outdirBNSBu32cores/AT170817_bestfit_params.json
