01:47 INFO    : Running for label 'Simu2019lm', output will be saved to 'outdirBNSBu32cores'
01:47 INFO    : Running for label 'Simu2019lm', output will be saved to 'outdirBNSBu32cores'
01:47 INFO    : Running for label 'Simu2019lm', output will be saved to 'outdirBNSBu32cores'
01:47 INFO    : Running for label 'Simu2019lm', output will be saved to 'outdirBNSBu32cores'
01:47 INFO    : Running for label 'Simu2019lm', output will be saved to 'outdirBNSBu32cores'
01:47 INFO    : Running for label 'Simu2019lm', output will be saved to 'outdirBNSBu32cores'
01:47 INFO    : Running for label 'Simu2019lm', output will be saved to 'outdirBNSBu32cores'
01:47 INFO    : Running for label 'Simu2019lm', output will be saved to 'outdirBNSBu32cores'
01:47 INFO    : Running for label 'Simu2019lm', output will be saved to 'outdirBNSBu32cores'
01:47 INFO    : Running for label 'Simu2019lm', output will be saved to 'outdirBNSBu32cores'
01:47 INFO    : Running for label 'Simu2019lm', output will be saved to 'outdirBNSBu32cores'
01:47 INFO    : Running for label 'Simu2019lm', output will be saved to 'outdirBNSBu32cores'
01:47 INFO    : Running for label 'Simu2019lm', output will be saved to 'outdirBNSBu32cores'
01:47 INFO    : Running for label 'Simu2019lm', output will be saved to 'outdirBNSBu32cores'
01:47 INFO    : Running for label 'Simu2019lm', output will be saved to 'outdirBNSBu32cores'
01:47 INFO    : Running for label 'Simu2019lm', output will be saved to 'outdirBNSBu32cores'
01:47 INFO    : Running for label 'Simu2019lm', output will be saved to 'outdirBNSBu32cores'
01:47 INFO    : Running for label 'Simu2019lm', output will be saved to 'outdirBNSBu32cores'
01:47 INFO    : Running for label 'Simu2019lm', output will be saved to 'outdirBNSBu32cores'
01:47 INFO    : Running for label 'Simu2019lm', output will be saved to 'outdirBNSBu32cores'
01:47 INFO    : Running for label 'Simu2019lm', output will be saved to 'outdirBNSBu32cores'
01:47 INFO    : Running for label 'Simu2019lm', output will be saved to 'outdirBNSBu32cores'
01:47 INFO    : Running for label 'Simu2019lm', output will be saved to 'outdirBNSBu32cores'
01:47 INFO    : Running for label 'Simu2019lm', output will be saved to 'outdirBNSBu32cores'
01:47 INFO    : Running for label 'Simu2019lm', output will be saved to 'outdirBNSBu32cores'
01:47 INFO    : Running for label 'Simu2019lm', output will be saved to 'outdirBNSBu32cores'
01:47 INFO    : Running for label 'Simu2019lm', output will be saved to 'outdirBNSBu32cores'
01:47 INFO    : Running for label 'Simu2019lm', output will be saved to 'outdirBNSBu32cores'
01:47 INFO    : Running for label 'Simu2019lm', output will be saved to 'outdirBNSBu32cores'
01:47 INFO    : Running for label 'Simu2019lm', output will be saved to 'outdirBNSBu32cores'
01:47 INFO    : Running for label 'Simu2019lm', output will be saved to 'outdirBNSBu32cores'
01:47 INFO    : Running for label 'Simu2019lm', output will be saved to 'outdirBNSBu32cores'
01:47 INFO    : Analysis priors:
01:47 INFO    : Analysis priors:
01:47 INFO    : Analysis priors:
01:47 INFO    : Analysis priors:
01:47 INFO    : Analysis priors:
01:47 INFO    : Analysis priors:
01:47 INFO    : Analysis priors:
01:47 INFO    : Analysis priors:
01:47 INFO    : Analysis priors:
01:47 INFO    : Analysis priors:
01:47 INFO    : Analysis priors:
01:47 INFO    : Analysis priors:
01:47 INFO    : Analysis priors:
01:47 INFO    : Analysis priors:
01:47 INFO    : Analysis priors:
01:47 INFO    : Analysis priors:
01:47 INFO    : Analysis priors:
01:47 INFO    : Analysis priors:
01:47 INFO    : Analysis priors:
01:47 INFO    : Analysis priors:
01:47 INFO    : Analysis priors:
01:47 INFO    : KNphi=Uniform(minimum=15.0, maximum=75.0, name='KNphi', latex_label='$\\Phi$', unit=None, boundary=None)
01:47 INFO    : Analysis priors:
01:47 INFO    : Analysis priors:
01:47 INFO    : Analysis priors:
01:47 INFO    : Analysis priors:
01:47 INFO    : Analysis priors:
01:47 INFO    : Analysis priors:
01:47 INFO    : KNphi=Uniform(minimum=15.0, maximum=75.0, name='KNphi', latex_label='$\\Phi$', unit=None, boundary=None)
01:47 INFO    : KNphi=Uniform(minimum=15.0, maximum=75.0, name='KNphi', latex_label='$\\Phi$', unit=None, boundary=None)
01:47 INFO    : Analysis priors:
01:47 INFO    : Analysis priors:
01:47 INFO    : Analysis priors:
01:47 INFO    : KNphi=Uniform(minimum=15.0, maximum=75.0, name='KNphi', latex_label='$\\Phi$', unit=None, boundary=None)
01:47 INFO    : KNphi=Uniform(minimum=15.0, maximum=75.0, name='KNphi', latex_label='$\\Phi$', unit=None, boundary=None)
01:47 INFO    : KNphi=Uniform(minimum=15.0, maximum=75.0, name='KNphi', latex_label='$\\Phi$', unit=None, boundary=None)
01:47 INFO    : KNphi=Uniform(minimum=15.0, maximum=75.0, name='KNphi', latex_label='$\\Phi$', unit=None, boundary=None)
01:47 INFO    : KNphi=Uniform(minimum=15.0, maximum=75.0, name='KNphi', latex_label='$\\Phi$', unit=None, boundary=None)
01:47 INFO    : KNphi=Uniform(minimum=15.0, maximum=75.0, name='KNphi', latex_label='$\\Phi$', unit=None, boundary=None)
01:47 INFO    : KNphi=Uniform(minimum=15.0, maximum=75.0, name='KNphi', latex_label='$\\Phi$', unit=None, boundary=None)
01:47 INFO    : KNphi=Uniform(minimum=15.0, maximum=75.0, name='KNphi', latex_label='$\\Phi$', unit=None, boundary=None)
01:47 INFO    : KNphi=Uniform(minimum=15.0, maximum=75.0, name='KNphi', latex_label='$\\Phi$', unit=None, boundary=None)
01:47 INFO    : KNphi=Uniform(minimum=15.0, maximum=75.0, name='KNphi', latex_label='$\\Phi$', unit=None, boundary=None)
01:47 INFO    : KNphi=Uniform(minimum=15.0, maximum=75.0, name='KNphi', latex_label='$\\Phi$', unit=None, boundary=None)
01:47 INFO    : log10_mej_dyn=Uniform(minimum=-3.0, maximum=-1.0, name='log10_mej_dyn', latex_label='$\\log_{10}M^{\\rm{dyn}}_{\\rm{ej}}$', unit=None, boundary='reflective')
01:47 INFO    : KNphi=Uniform(minimum=15.0, maximum=75.0, name='KNphi', latex_label='$\\Phi$', unit=None, boundary=None)
01:47 INFO    : log10_mej_dyn=Uniform(minimum=-3.0, maximum=-1.0, name='log10_mej_dyn', latex_label='$\\log_{10}M^{\\rm{dyn}}_{\\rm{ej}}$', unit=None, boundary='reflective')
01:47 INFO    : KNphi=Uniform(minimum=15.0, maximum=75.0, name='KNphi', latex_label='$\\Phi$', unit=None, boundary=None)
01:47 INFO    : log10_mej_dyn=Uniform(minimum=-3.0, maximum=-1.0, name='log10_mej_dyn', latex_label='$\\log_{10}M^{\\rm{dyn}}_{\\rm{ej}}$', unit=None, boundary='reflective')
01:47 INFO    : KNphi=Uniform(minimum=15.0, maximum=75.0, name='KNphi', latex_label='$\\Phi$', unit=None, boundary=None)
01:47 INFO    : log10_mej_dyn=Uniform(minimum=-3.0, maximum=-1.0, name='log10_mej_dyn', latex_label='$\\log_{10}M^{\\rm{dyn}}_{\\rm{ej}}$', unit=None, boundary='reflective')
01:47 INFO    : KNphi=Uniform(minimum=15.0, maximum=75.0, name='KNphi', latex_label='$\\Phi$', unit=None, boundary=None)
01:47 INFO    : KNphi=Uniform(minimum=15.0, maximum=75.0, name='KNphi', latex_label='$\\Phi$', unit=None, boundary=None)
01:47 INFO    : KNphi=Uniform(minimum=15.0, maximum=75.0, name='KNphi', latex_label='$\\Phi$', unit=None, boundary=None)
01:47 INFO    : log10_mej_dyn=Uniform(minimum=-3.0, maximum=-1.0, name='log10_mej_dyn', latex_label='$\\log_{10}M^{\\rm{dyn}}_{\\rm{ej}}$', unit=None, boundary='reflective')
01:47 INFO    : log10_mej_dyn=Uniform(minimum=-3.0, maximum=-1.0, name='log10_mej_dyn', latex_label='$\\log_{10}M^{\\rm{dyn}}_{\\rm{ej}}$', unit=None, boundary='reflective')
01:47 INFO    : log10_mej_dyn=Uniform(minimum=-3.0, maximum=-1.0, name='log10_mej_dyn', latex_label='$\\log_{10}M^{\\rm{dyn}}_{\\rm{ej}}$', unit=None, boundary='reflective')
01:47 INFO    : log10_mej_dyn=Uniform(minimum=-3.0, maximum=-1.0, name='log10_mej_dyn', latex_label='$\\log_{10}M^{\\rm{dyn}}_{\\rm{ej}}$', unit=None, boundary='reflective')
01:47 INFO    : log10_mej_dyn=Uniform(minimum=-3.0, maximum=-1.0, name='log10_mej_dyn', latex_label='$\\log_{10}M^{\\rm{dyn}}_{\\rm{ej}}$', unit=None, boundary='reflective')
01:47 INFO    : log10_mej_dyn=Uniform(minimum=-3.0, maximum=-1.0, name='log10_mej_dyn', latex_label='$\\log_{10}M^{\\rm{dyn}}_{\\rm{ej}}$', unit=None, boundary='reflective')
01:47 INFO    : log10_mej_dyn=Uniform(minimum=-3.0, maximum=-1.0, name='log10_mej_dyn', latex_label='$\\log_{10}M^{\\rm{dyn}}_{\\rm{ej}}$', unit=None, boundary='reflective')
01:47 INFO    : log10_mej_dyn=Uniform(minimum=-3.0, maximum=-1.0, name='log10_mej_dyn', latex_label='$\\log_{10}M^{\\rm{dyn}}_{\\rm{ej}}$', unit=None, boundary='reflective')
01:47 INFO    : log10_mej_dyn=Uniform(minimum=-3.0, maximum=-1.0, name='log10_mej_dyn', latex_label='$\\log_{10}M^{\\rm{dyn}}_{\\rm{ej}}$', unit=None, boundary='reflective')
01:47 INFO    : log10_mej_wind=Uniform(minimum=-3.0, maximum=-0.5, name='log10_mej_wind', latex_label='$\\log_{10}M^{\\rm{wind}}_{\\rm{ej}}$', unit=None, boundary='reflective')
01:47 INFO    : log10_mej_dyn=Uniform(minimum=-3.0, maximum=-1.0, name='log10_mej_dyn', latex_label='$\\log_{10}M^{\\rm{dyn}}_{\\rm{ej}}$', unit=None, boundary='reflective')
01:47 INFO    : KNphi=Uniform(minimum=15.0, maximum=75.0, name='KNphi', latex_label='$\\Phi$', unit=None, boundary=None)
01:47 INFO    : KNphi=Uniform(minimum=15.0, maximum=75.0, name='KNphi', latex_label='$\\Phi$', unit=None, boundary=None)
01:47 INFO    : KNphi=Uniform(minimum=15.0, maximum=75.0, name='KNphi', latex_label='$\\Phi$', unit=None, boundary=None)
01:47 INFO    : log10_mej_dyn=Uniform(minimum=-3.0, maximum=-1.0, name='log10_mej_dyn', latex_label='$\\log_{10}M^{\\rm{dyn}}_{\\rm{ej}}$', unit=None, boundary='reflective')
01:47 INFO    : log10_mej_wind=Uniform(minimum=-3.0, maximum=-0.5, name='log10_mej_wind', latex_label='$\\log_{10}M^{\\rm{wind}}_{\\rm{ej}}$', unit=None, boundary='reflective')
01:47 INFO    : log10_mej_wind=Uniform(minimum=-3.0, maximum=-0.5, name='log10_mej_wind', latex_label='$\\log_{10}M^{\\rm{wind}}_{\\rm{ej}}$', unit=None, boundary='reflective')
01:47 INFO    : log10_mej_dyn=Uniform(minimum=-3.0, maximum=-1.0, name='log10_mej_dyn', latex_label='$\\log_{10}M^{\\rm{dyn}}_{\\rm{ej}}$', unit=None, boundary='reflective')
01:47 INFO    : Analysis priors:
01:47 INFO    : KNphi=Uniform(minimum=15.0, maximum=75.0, name='KNphi', latex_label='$\\Phi$', unit=None, boundary=None)
01:47 INFO    : KNphi=Uniform(minimum=15.0, maximum=75.0, name='KNphi', latex_label='$\\Phi$', unit=None, boundary=None)
01:47 INFO    : log10_mej_wind=Uniform(minimum=-3.0, maximum=-0.5, name='log10_mej_wind', latex_label='$\\log_{10}M^{\\rm{wind}}_{\\rm{ej}}$', unit=None, boundary='reflective')
01:47 INFO    : log10_mej_dyn=Uniform(minimum=-3.0, maximum=-1.0, name='log10_mej_dyn', latex_label='$\\log_{10}M^{\\rm{dyn}}_{\\rm{ej}}$', unit=None, boundary='reflective')
01:47 INFO    : KNphi=Uniform(minimum=15.0, maximum=75.0, name='KNphi', latex_label='$\\Phi$', unit=None, boundary=None)
01:47 INFO    : KNphi=Uniform(minimum=15.0, maximum=75.0, name='KNphi', latex_label='$\\Phi$', unit=None, boundary=None)
01:47 INFO    : KNphi=Uniform(minimum=15.0, maximum=75.0, name='KNphi', latex_label='$\\Phi$', unit=None, boundary=None)
01:47 INFO    : log10_mej_wind=Uniform(minimum=-3.0, maximum=-0.5, name='log10_mej_wind', latex_label='$\\log_{10}M^{\\rm{wind}}_{\\rm{ej}}$', unit=None, boundary='reflective')
01:47 INFO    : log10_mej_dyn=Uniform(minimum=-3.0, maximum=-1.0, name='log10_mej_dyn', latex_label='$\\log_{10}M^{\\rm{dyn}}_{\\rm{ej}}$', unit=None, boundary='reflective')
01:47 INFO    : log10_mej_wind=Uniform(minimum=-3.0, maximum=-0.5, name='log10_mej_wind', latex_label='$\\log_{10}M^{\\rm{wind}}_{\\rm{ej}}$', unit=None, boundary='reflective')
01:47 INFO    : log10_mej_dyn=Uniform(minimum=-3.0, maximum=-1.0, name='log10_mej_dyn', latex_label='$\\log_{10}M^{\\rm{dyn}}_{\\rm{ej}}$', unit=None, boundary='reflective')
01:47 INFO    : log10_mej_wind=Uniform(minimum=-3.0, maximum=-0.5, name='log10_mej_wind', latex_label='$\\log_{10}M^{\\rm{wind}}_{\\rm{ej}}$', unit=None, boundary='reflective')
01:47 INFO    : KNphi=Uniform(minimum=15.0, maximum=75.0, name='KNphi', latex_label='$\\Phi$', unit=None, boundary=None)
01:47 INFO    : log10_mej_wind=Uniform(minimum=-3.0, maximum=-0.5, name='log10_mej_wind', latex_label='$\\log_{10}M^{\\rm{wind}}_{\\rm{ej}}$', unit=None, boundary='reflective')
01:47 INFO    : log10_mej_dyn=Uniform(minimum=-3.0, maximum=-1.0, name='log10_mej_dyn', latex_label='$\\log_{10}M^{\\rm{dyn}}_{\\rm{ej}}$', unit=None, boundary='reflective')
01:47 INFO    : log10_mej_wind=Uniform(minimum=-3.0, maximum=-0.5, name='log10_mej_wind', latex_label='$\\log_{10}M^{\\rm{wind}}_{\\rm{ej}}$', unit=None, boundary='reflective')
01:47 INFO    : log10_mej_wind=Uniform(minimum=-3.0, maximum=-0.5, name='log10_mej_wind', latex_label='$\\log_{10}M^{\\rm{wind}}_{\\rm{ej}}$', unit=None, boundary='reflective')
01:47 INFO    : log10_mej_wind=Uniform(minimum=-3.0, maximum=-0.5, name='log10_mej_wind', latex_label='$\\log_{10}M^{\\rm{wind}}_{\\rm{ej}}$', unit=None, boundary='reflective')
01:47 INFO    : inclination_EM=Sine(minimum=0.0, maximum=1.5707963267948966, name='inclination_EM', latex_label='$\\iota$', unit=None, boundary=None)
01:47 INFO    : log10_mej_wind=Uniform(minimum=-3.0, maximum=-0.5, name='log10_mej_wind', latex_label='$\\log_{10}M^{\\rm{wind}}_{\\rm{ej}}$', unit=None, boundary='reflective')
01:47 INFO    : log10_mej_wind=Uniform(minimum=-3.0, maximum=-0.5, name='log10_mej_wind', latex_label='$\\log_{10}M^{\\rm{wind}}_{\\rm{ej}}$', unit=None, boundary='reflective')
01:47 INFO    : log10_mej_dyn=Uniform(minimum=-3.0, maximum=-1.0, name='log10_mej_dyn', latex_label='$\\log_{10}M^{\\rm{dyn}}_{\\rm{ej}}$', unit=None, boundary='reflective')
01:47 INFO    : log10_mej_wind=Uniform(minimum=-3.0, maximum=-0.5, name='log10_mej_wind', latex_label='$\\log_{10}M^{\\rm{wind}}_{\\rm{ej}}$', unit=None, boundary='reflective')
01:47 INFO    : log10_mej_dyn=Uniform(minimum=-3.0, maximum=-1.0, name='log10_mej_dyn', latex_label='$\\log_{10}M^{\\rm{dyn}}_{\\rm{ej}}$', unit=None, boundary='reflective')
01:47 INFO    : log10_mej_wind=Uniform(minimum=-3.0, maximum=-0.5, name='log10_mej_wind', latex_label='$\\log_{10}M^{\\rm{wind}}_{\\rm{ej}}$', unit=None, boundary='reflective')
01:47 INFO    : log10_mej_dyn=Uniform(minimum=-3.0, maximum=-1.0, name='log10_mej_dyn', latex_label='$\\log_{10}M^{\\rm{dyn}}_{\\rm{ej}}$', unit=None, boundary='reflective')
01:47 INFO    : log10_mej_wind=Uniform(minimum=-3.0, maximum=-0.5, name='log10_mej_wind', latex_label='$\\log_{10}M^{\\rm{wind}}_{\\rm{ej}}$', unit=None, boundary='reflective')
01:47 INFO    : inclination_EM=Sine(minimum=0.0, maximum=1.5707963267948966, name='inclination_EM', latex_label='$\\iota$', unit=None, boundary=None)
01:47 INFO    : inclination_EM=Sine(minimum=0.0, maximum=1.5707963267948966, name='inclination_EM', latex_label='$\\iota$', unit=None, boundary=None)
01:47 INFO    : log10_mej_dyn=Uniform(minimum=-3.0, maximum=-1.0, name='log10_mej_dyn', latex_label='$\\log_{10}M^{\\rm{dyn}}_{\\rm{ej}}$', unit=None, boundary='reflective')
01:47 INFO    : log10_mej_dyn=Uniform(minimum=-3.0, maximum=-1.0, name='log10_mej_dyn', latex_label='$\\log_{10}M^{\\rm{dyn}}_{\\rm{ej}}$', unit=None, boundary='reflective')
01:47 INFO    : log10_mej_wind=Uniform(minimum=-3.0, maximum=-0.5, name='log10_mej_wind', latex_label='$\\log_{10}M^{\\rm{wind}}_{\\rm{ej}}$', unit=None, boundary='reflective')
01:47 INFO    : inclination_EM=Sine(minimum=0.0, maximum=1.5707963267948966, name='inclination_EM', latex_label='$\\iota$', unit=None, boundary=None)
01:47 INFO    : log10_mej_wind=Uniform(minimum=-3.0, maximum=-0.5, name='log10_mej_wind', latex_label='$\\log_{10}M^{\\rm{wind}}_{\\rm{ej}}$', unit=None, boundary='reflective')
01:47 INFO    : log10_mej_dyn=Uniform(minimum=-3.0, maximum=-1.0, name='log10_mej_dyn', latex_label='$\\log_{10}M^{\\rm{dyn}}_{\\rm{ej}}$', unit=None, boundary='reflective')
01:47 INFO    : inclination_EM=Sine(minimum=0.0, maximum=1.5707963267948966, name='inclination_EM', latex_label='$\\iota$', unit=None, boundary=None)
01:47 INFO    : log10_mej_dyn=Uniform(minimum=-3.0, maximum=-1.0, name='log10_mej_dyn', latex_label='$\\log_{10}M^{\\rm{dyn}}_{\\rm{ej}}$', unit=None, boundary='reflective')
01:47 INFO    : log10_mej_dyn=Uniform(minimum=-3.0, maximum=-1.0, name='log10_mej_dyn', latex_label='$\\log_{10}M^{\\rm{dyn}}_{\\rm{ej}}$', unit=None, boundary='reflective')
01:47 INFO    : log10_mej_wind=Uniform(minimum=-3.0, maximum=-0.5, name='log10_mej_wind', latex_label='$\\log_{10}M^{\\rm{wind}}_{\\rm{ej}}$', unit=None, boundary='reflective')
01:47 INFO    : log10_mej_dyn=Uniform(minimum=-3.0, maximum=-1.0, name='log10_mej_dyn', latex_label='$\\log_{10}M^{\\rm{dyn}}_{\\rm{ej}}$', unit=None, boundary='reflective')
01:47 INFO    : inclination_EM=Sine(minimum=0.0, maximum=1.5707963267948966, name='inclination_EM', latex_label='$\\iota$', unit=None, boundary=None)
01:47 INFO    : inclination_EM=Sine(minimum=0.0, maximum=1.5707963267948966, name='inclination_EM', latex_label='$\\iota$', unit=None, boundary=None)
01:47 INFO    : inclination_EM=Sine(minimum=0.0, maximum=1.5707963267948966, name='inclination_EM', latex_label='$\\iota$', unit=None, boundary=None)
01:47 INFO    : log10_mej_wind=Uniform(minimum=-3.0, maximum=-0.5, name='log10_mej_wind', latex_label='$\\log_{10}M^{\\rm{wind}}_{\\rm{ej}}$', unit=None, boundary='reflective')
01:47 INFO    : inclination_EM=Sine(minimum=0.0, maximum=1.5707963267948966, name='inclination_EM', latex_label='$\\iota$', unit=None, boundary=None)
01:47 INFO    : inclination_EM=Sine(minimum=0.0, maximum=1.5707963267948966, name='inclination_EM', latex_label='$\\iota$', unit=None, boundary=None)
01:47 INFO    : luminosity_distance=LogUniform(minimum=1, maximum=500, name='luminosity_distance', latex_label='$D_L$', unit=None, boundary=None)
01:47 INFO    : log10_mej_wind=Uniform(minimum=-3.0, maximum=-0.5, name='log10_mej_wind', latex_label='$\\log_{10}M^{\\rm{wind}}_{\\rm{ej}}$', unit=None, boundary='reflective')
01:47 INFO    : log10_mej_wind=Uniform(minimum=-3.0, maximum=-0.5, name='log10_mej_wind', latex_label='$\\log_{10}M^{\\rm{wind}}_{\\rm{ej}}$', unit=None, boundary='reflective')
01:47 INFO    : inclination_EM=Sine(minimum=0.0, maximum=1.5707963267948966, name='inclination_EM', latex_label='$\\iota$', unit=None, boundary=None)
01:47 INFO    : inclination_EM=Sine(minimum=0.0, maximum=1.5707963267948966, name='inclination_EM', latex_label='$\\iota$', unit=None, boundary=None)
01:47 INFO    : inclination_EM=Sine(minimum=0.0, maximum=1.5707963267948966, name='inclination_EM', latex_label='$\\iota$', unit=None, boundary=None)
01:47 INFO    : log10_mej_wind=Uniform(minimum=-3.0, maximum=-0.5, name='log10_mej_wind', latex_label='$\\log_{10}M^{\\rm{wind}}_{\\rm{ej}}$', unit=None, boundary='reflective')
01:47 INFO    : inclination_EM=Sine(minimum=0.0, maximum=1.5707963267948966, name='inclination_EM', latex_label='$\\iota$', unit=None, boundary=None)
01:47 INFO    : inclination_EM=Sine(minimum=0.0, maximum=1.5707963267948966, name='inclination_EM', latex_label='$\\iota$', unit=None, boundary=None)
01:47 INFO    : timeshift=0.0
01:47 INFO    : log10_mej_wind=Uniform(minimum=-3.0, maximum=-0.5, name='log10_mej_wind', latex_label='$\\log_{10}M^{\\rm{wind}}_{\\rm{ej}}$', unit=None, boundary='reflective')
01:47 INFO    : log10_mej_wind=Uniform(minimum=-3.0, maximum=-0.5, name='log10_mej_wind', latex_label='$\\log_{10}M^{\\rm{wind}}_{\\rm{ej}}$', unit=None, boundary='reflective')
01:47 INFO    : inclination_EM=Sine(minimum=0.0, maximum=1.5707963267948966, name='inclination_EM', latex_label='$\\iota$', unit=None, boundary=None)
01:47 INFO    : luminosity_distance=LogUniform(minimum=1, maximum=500, name='luminosity_distance', latex_label='$D_L$', unit=None, boundary=None)
01:47 INFO    : KNphi=Uniform(minimum=15.0, maximum=75.0, name='KNphi', latex_label='$\\Phi$', unit=None, boundary=None)
01:47 INFO    : luminosity_distance=LogUniform(minimum=1, maximum=500, name='luminosity_distance', latex_label='$D_L$', unit=None, boundary=None)
01:47 INFO    : luminosity_distance=LogUniform(minimum=1, maximum=500, name='luminosity_distance', latex_label='$D_L$', unit=None, boundary=None)
01:47 INFO    : inclination_EM=Sine(minimum=0.0, maximum=1.5707963267948966, name='inclination_EM', latex_label='$\\iota$', unit=None, boundary=None)
01:47 INFO    : log10_mej_wind=Uniform(minimum=-3.0, maximum=-0.5, name='log10_mej_wind', latex_label='$\\log_{10}M^{\\rm{wind}}_{\\rm{ej}}$', unit=None, boundary='reflective')
01:47 INFO    : log10_mej_wind=Uniform(minimum=-3.0, maximum=-0.5, name='log10_mej_wind', latex_label='$\\log_{10}M^{\\rm{wind}}_{\\rm{ej}}$', unit=None, boundary='reflective')
01:47 INFO    : em_syserr=1.0
01:47 INFO    : inclination_EM=Sine(minimum=0.0, maximum=1.5707963267948966, name='inclination_EM', latex_label='$\\iota$', unit=None, boundary=None)
01:47 INFO    : luminosity_distance=LogUniform(minimum=1, maximum=500, name='luminosity_distance', latex_label='$D_L$', unit=None, boundary=None)
01:47 INFO    : log10_mej_wind=Uniform(minimum=-3.0, maximum=-0.5, name='log10_mej_wind', latex_label='$\\log_{10}M^{\\rm{wind}}_{\\rm{ej}}$', unit=None, boundary='reflective')
01:47 INFO    : log10_mej_wind=Uniform(minimum=-3.0, maximum=-0.5, name='log10_mej_wind', latex_label='$\\log_{10}M^{\\rm{wind}}_{\\rm{ej}}$', unit=None, boundary='reflective')
01:47 INFO    : luminosity_distance=LogUniform(minimum=1, maximum=500, name='luminosity_distance', latex_label='$D_L$', unit=None, boundary=None)
01:47 INFO    : inclination_EM=Sine(minimum=0.0, maximum=1.5707963267948966, name='inclination_EM', latex_label='$\\iota$', unit=None, boundary=None)
01:47 INFO    : timeshift=0.0
01:47 INFO    : luminosity_distance=LogUniform(minimum=1, maximum=500, name='luminosity_distance', latex_label='$D_L$', unit=None, boundary=None)
01:47 INFO    : timeshift=0.0
01:47 INFO    : luminosity_distance=LogUniform(minimum=1, maximum=500, name='luminosity_distance', latex_label='$D_L$', unit=None, boundary=None)
01:47 INFO    : timeshift=0.0
01:47 INFO    : inclination_EM=Sine(minimum=0.0, maximum=1.5707963267948966, name='inclination_EM', latex_label='$\\iota$', unit=None, boundary=None)
01:47 INFO    : luminosity_distance=LogUniform(minimum=1, maximum=500, name='luminosity_distance', latex_label='$D_L$', unit=None, boundary=None)
01:47 INFO    : luminosity_distance=LogUniform(minimum=1, maximum=500, name='luminosity_distance', latex_label='$D_L$', unit=None, boundary=None)
01:47 INFO    : Ebv=0.0
01:47 INFO    : inclination_EM=Sine(minimum=0.0, maximum=1.5707963267948966, name='inclination_EM', latex_label='$\\iota$', unit=None, boundary=None)
01:47 INFO    : inclination_EM=Sine(minimum=0.0, maximum=1.5707963267948966, name='inclination_EM', latex_label='$\\iota$', unit=None, boundary=None)
01:47 INFO    : timeshift=0.0
01:47 INFO    : luminosity_distance=LogUniform(minimum=1, maximum=500, name='luminosity_distance', latex_label='$D_L$', unit=None, boundary=None)
01:47 INFO    : timeshift=0.0
01:47 INFO    : em_syserr=1.0
01:47 INFO    : luminosity_distance=LogUniform(minimum=1, maximum=500, name='luminosity_distance', latex_label='$D_L$', unit=None, boundary=None)
01:47 INFO    : em_syserr=1.0
01:47 INFO    : timeshift=0.0
01:47 INFO    : inclination_EM=Sine(minimum=0.0, maximum=1.5707963267948966, name='inclination_EM', latex_label='$\\iota$', unit=None, boundary=None)
01:47 INFO    : em_syserr=1.0
01:47 INFO    : luminosity_distance=LogUniform(minimum=1, maximum=500, name='luminosity_distance', latex_label='$D_L$', unit=None, boundary=None)
01:47 INFO    : timeshift=0.0
01:47 INFO    : timeshift=0.0
01:47 INFO    : timeshift=0.0
01:47 INFO    : luminosity_distance=LogUniform(minimum=1, maximum=500, name='luminosity_distance', latex_label='$D_L$', unit=None, boundary=None)
01:47 INFO    : em_syserr=1.0
01:47 INFO    : Ebv=0.0
01:47 INFO    : Analysis likelihood class: <class 'nmma.em.likelihood.OpticalLightCurve'>
01:47 INFO    : inclination_EM=Sine(minimum=0.0, maximum=1.5707963267948966, name='inclination_EM', latex_label='$\\iota$', unit=None, boundary=None)
01:47 INFO    : luminosity_distance=LogUniform(minimum=1, maximum=500, name='luminosity_distance', latex_label='$D_L$', unit=None, boundary=None)
01:47 INFO    : em_syserr=1.0
01:47 INFO    : timeshift=0.0
01:47 INFO    : inclination_EM=Sine(minimum=0.0, maximum=1.5707963267948966, name='inclination_EM', latex_label='$\\iota$', unit=None, boundary=None)
01:47 INFO    : timeshift=0.0
01:47 INFO    : luminosity_distance=LogUniform(minimum=1, maximum=500, name='luminosity_distance', latex_label='$D_L$', unit=None, boundary=None)
01:47 INFO    : em_syserr=1.0
01:47 INFO    : log10_mej_dyn=Uniform(minimum=-3.0, maximum=-1.0, name='log10_mej_dyn', latex_label='$\\log_{10}M^{\\rm{dyn}}_{\\rm{ej}}$', unit=None, boundary='reflective')
01:47 INFO    : Analysis likelihood class: <class 'nmma.em.likelihood.OpticalLightCurve'>
01:47 INFO    : em_syserr=1.0
01:47 INFO    : Ebv=0.0
01:47 INFO    : luminosity_distance=LogUniform(minimum=1, maximum=500, name='luminosity_distance', latex_label='$D_L$', unit=None, boundary=None)
01:47 INFO    : timeshift=0.0
01:47 INFO    : inclination_EM=Sine(minimum=0.0, maximum=1.5707963267948966, name='inclination_EM', latex_label='$\\iota$', unit=None, boundary=None)
01:47 INFO    : inclination_EM=Sine(minimum=0.0, maximum=1.5707963267948966, name='inclination_EM', latex_label='$\\iota$', unit=None, boundary=None)
01:47 INFO    : timeshift=0.0
01:47 INFO    : Analysis likelihood noise evidence: 0.0
01:47 INFO    : luminosity_distance=LogUniform(minimum=1, maximum=500, name='luminosity_distance', latex_label='$D_L$', unit=None, boundary=None)
01:47 INFO    : Ebv=0.0
01:47 INFO    : em_syserr=1.0
01:47 INFO    : timeshift=0.0
01:47 INFO    : inclination_EM=Sine(minimum=0.0, maximum=1.5707963267948966, name='inclination_EM', latex_label='$\\iota$', unit=None, boundary=None)
01:47 INFO    : em_syserr=1.0
01:47 INFO    : timeshift=0.0
01:47 INFO    : Ebv=0.0
01:47 INFO    : luminosity_distance=LogUniform(minimum=1, maximum=500, name='luminosity_distance', latex_label='$D_L$', unit=None, boundary=None)
01:47 INFO    : em_syserr=1.0
01:47 INFO    : Ebv=0.0
01:47 INFO    : Analysis likelihood noise evidence: 0.0
01:47 INFO    : Analysis likelihood class: <class 'nmma.em.likelihood.OpticalLightCurve'>
01:47 INFO    : luminosity_distance=LogUniform(minimum=1, maximum=500, name='luminosity_distance', latex_label='$D_L$', unit=None, boundary=None)
01:47 INFO    : luminosity_distance=LogUniform(minimum=1, maximum=500, name='luminosity_distance', latex_label='$D_L$', unit=None, boundary=None)
01:47 INFO    : em_syserr=1.0
01:47 INFO    : luminosity_distance=LogUniform(minimum=1, maximum=500, name='luminosity_distance', latex_label='$D_L$', unit=None, boundary=None)
01:47 INFO    : timeshift=0.0
01:47 INFO    : Ebv=0.0
01:47 INFO    : Ebv=0.0
01:47 INFO    : Analysis likelihood class: <class 'nmma.em.likelihood.OpticalLightCurve'>
01:47 INFO    : em_syserr=1.0
01:47 INFO    : em_syserr=1.0
01:47 INFO    : timeshift=0.0
01:47 INFO    : luminosity_distance=LogUniform(minimum=1, maximum=500, name='luminosity_distance', latex_label='$D_L$', unit=None, boundary=None)
01:47 INFO    : Ebv=0.0
01:47 INFO    : em_syserr=1.0
01:47 INFO    : inclination_EM=Sine(minimum=0.0, maximum=1.5707963267948966, name='inclination_EM', latex_label='$\\iota$', unit=None, boundary=None)
01:47 INFO    : Analysis likelihood class: <class 'nmma.em.likelihood.OpticalLightCurve'>
01:47 INFO    : Ebv=0.0
01:47 INFO    : Analysis likelihood class: <class 'nmma.em.likelihood.OpticalLightCurve'>
01:47 INFO    : timeshift=0.0
01:47 INFO    : Ebv=0.0
01:47 INFO    : luminosity_distance=LogUniform(minimum=1, maximum=500, name='luminosity_distance', latex_label='$D_L$', unit=None, boundary=None)
01:47 INFO    : timeshift=0.0
01:47 INFO    : Analysis likelihood noise evidence: 0.0
01:47 INFO    : luminosity_distance=LogUniform(minimum=1, maximum=500, name='luminosity_distance', latex_label='$D_L$', unit=None, boundary=None)
01:47 INFO    : timeshift=0.0
01:47 INFO    : Analysis likelihood class: <class 'nmma.em.likelihood.OpticalLightCurve'>
01:47 INFO    : em_syserr=1.0
01:47 INFO    : log10_mej_wind=Uniform(minimum=-3.0, maximum=-0.5, name='log10_mej_wind', latex_label='$\\log_{10}M^{\\rm{wind}}_{\\rm{ej}}$', unit=None, boundary='reflective')
01:47 INFO    : timeshift=0.0
01:47 INFO    : Ebv=0.0
01:47 INFO    : Analysis likelihood class: <class 'nmma.em.likelihood.OpticalLightCurve'>
01:47 INFO    : Ebv=0.0
01:47 INFO    : Analysis likelihood noise evidence: 0.0
01:47 INFO    : em_syserr=1.0
01:47 INFO    : Analysis likelihood class: <class 'nmma.em.likelihood.OpticalLightCurve'>
01:47 INFO    : Ebv=0.0
01:47 INFO    : timeshift=0.0
01:47 INFO    : Analysis likelihood noise evidence: 0.0
01:47 INFO    : Analysis likelihood class: <class 'nmma.em.likelihood.OpticalLightCurve'>
01:47 INFO    : em_syserr=1.0
01:47 INFO    : Analysis likelihood noise evidence: 0.0
01:47 INFO    : Analysis likelihood class: <class 'nmma.em.likelihood.OpticalLightCurve'>
01:47 INFO    : luminosity_distance=LogUniform(minimum=1, maximum=500, name='luminosity_distance', latex_label='$D_L$', unit=None, boundary=None)
01:47 INFO    : em_syserr=1.0
01:47 INFO    : timeshift=0.0
01:47 INFO    : luminosity_distance=LogUniform(minimum=1, maximum=500, name='luminosity_distance', latex_label='$D_L$', unit=None, boundary=None)
01:47 INFO    : Ebv=0.0
01:47 INFO    : em_syserr=1.0
01:47 INFO    : timeshift=0.0
01:47 INFO    : Ebv=0.0
01:47 INFO    : Analysis likelihood noise evidence: 0.0
01:47 INFO    : em_syserr=1.0
01:47 INFO    : luminosity_distance=LogUniform(minimum=1, maximum=500, name='luminosity_distance', latex_label='$D_L$', unit=None, boundary=None)
01:47 INFO    : Analysis likelihood noise evidence: 0.0
01:47 INFO    : Analysis likelihood class: <class 'nmma.em.likelihood.OpticalLightCurve'>
01:47 INFO    : Ebv=0.0
01:47 INFO    : Analysis likelihood class: <class 'nmma.em.likelihood.OpticalLightCurve'>
01:47 INFO    : Analysis likelihood noise evidence: 0.0
01:47 INFO    : em_syserr=1.0
01:47 INFO    : Analysis likelihood class: <class 'nmma.em.likelihood.OpticalLightCurve'>
01:47 INFO    : em_syserr=1.0
01:47 INFO    : Ebv=0.0
01:47 INFO    : Analysis likelihood noise evidence: 0.0
01:47 INFO    : Ebv=0.0
01:47 INFO    : Analysis likelihood noise evidence: 0.0
01:47 INFO    : timeshift=0.0
01:47 INFO    : em_syserr=1.0
01:47 INFO    : timeshift=0.0
01:47 INFO    : luminosity_distance=LogUniform(minimum=1, maximum=500, name='luminosity_distance', latex_label='$D_L$', unit=None, boundary=None)
01:47 INFO    : Ebv=0.0
01:47 INFO    : em_syserr=1.0
01:47 INFO    : Analysis likelihood class: <class 'nmma.em.likelihood.OpticalLightCurve'>
01:47 INFO    : Analysis likelihood class: <class 'nmma.em.likelihood.OpticalLightCurve'>
01:47 INFO    : Ebv=0.0
01:47 INFO    : timeshift=0.0
01:47 INFO    : Analysis likelihood noise evidence: 0.0
01:47 INFO    : Analysis likelihood class: <class 'nmma.em.likelihood.OpticalLightCurve'>
01:47 INFO    : Analysis likelihood noise evidence: 0.0
01:47 INFO    : Ebv=0.0
01:47 INFO    : Analysis likelihood class: <class 'nmma.em.likelihood.OpticalLightCurve'>
01:47 INFO    : Ebv=0.0
01:47 INFO    : Analysis likelihood class: <class 'nmma.em.likelihood.OpticalLightCurve'>
01:47 INFO    : Analysis likelihood noise evidence: 0.0
01:47 INFO    : em_syserr=1.0
01:47 INFO    : Ebv=0.0
01:47 INFO    : inclination_EM=Sine(minimum=0.0, maximum=1.5707963267948966, name='inclination_EM', latex_label='$\\iota$', unit=None, boundary=None)
01:47 INFO    : em_syserr=1.0
01:47 INFO    : Ebv=0.0
01:47 INFO    : Analysis likelihood class: <class 'nmma.em.likelihood.OpticalLightCurve'>
01:47 INFO    : timeshift=0.0
01:47 INFO    : Analysis likelihood noise evidence: 0.0
01:47 INFO    : Analysis likelihood class: <class 'nmma.em.likelihood.OpticalLightCurve'>
01:47 INFO    : em_syserr=1.0
01:47 INFO    : Analysis likelihood noise evidence: 0.0
01:47 INFO    : Analysis likelihood class: <class 'nmma.em.likelihood.OpticalLightCurve'>
01:47 INFO    : Analysis likelihood noise evidence: 0.0
01:47 INFO    : Analysis likelihood noise evidence: 0.0
01:47 INFO    : Analysis likelihood noise evidence: 0.0
01:47 INFO    : Ebv=0.0
01:47 INFO    : Analysis likelihood class: <class 'nmma.em.likelihood.OpticalLightCurve'>
01:47 INFO    : Ebv=0.0
01:47 INFO    : Analysis likelihood class: <class 'nmma.em.likelihood.OpticalLightCurve'>
01:47 INFO    : Analysis likelihood class: <class 'nmma.em.likelihood.OpticalLightCurve'>
01:47 INFO    : em_syserr=1.0
01:47 INFO    : Analysis likelihood noise evidence: 0.0
01:47 INFO    : Ebv=0.0
01:47 INFO    : Analysis likelihood noise evidence: 0.0
01:47 INFO    : Analysis likelihood noise evidence: 0.0
01:47 INFO    : Analysis likelihood class: <class 'nmma.em.likelihood.OpticalLightCurve'>
01:47 INFO    : Analysis likelihood class: <class 'nmma.em.likelihood.OpticalLightCurve'>
01:47 INFO    : Analysis likelihood noise evidence: 0.0
01:47 INFO    : Analysis likelihood noise evidence: 0.0
01:47 INFO    : Ebv=0.0
01:47 INFO    : Analysis likelihood noise evidence: 0.0
01:47 INFO    : Analysis likelihood class: <class 'nmma.em.likelihood.OpticalLightCurve'>
01:47 INFO    : Analysis likelihood noise evidence: 0.0
01:47 INFO    : Analysis likelihood noise evidence: 0.0
01:47 INFO    : Analysis likelihood class: <class 'nmma.em.likelihood.OpticalLightCurve'>
01:47 INFO    : Analysis likelihood noise evidence: 0.0
01:47 INFO    : luminosity_distance=LogUniform(minimum=1, maximum=500, name='luminosity_distance', latex_label='$D_L$', unit=None, boundary=None)
01:47 INFO    : Analysis likelihood noise evidence: 0.0
01:47 INFO    : timeshift=0.0
01:47 INFO    : KNphi=Uniform(minimum=15.0, maximum=75.0, name='KNphi', latex_label='$\\Phi$', unit=None, boundary=None)
01:47 INFO    : log10_mej_dyn=Uniform(minimum=-3.0, maximum=-1.0, name='log10_mej_dyn', latex_label='$\\log_{10}M^{\\rm{dyn}}_{\\rm{ej}}$', unit=None, boundary='reflective')
01:47 INFO    : em_syserr=1.0
01:47 INFO    : Ebv=0.0
01:47 INFO    : Analysis likelihood class: <class 'nmma.em.likelihood.OpticalLightCurve'>
01:47 INFO    : log10_mej_wind=Uniform(minimum=-3.0, maximum=-0.5, name='log10_mej_wind', latex_label='$\\log_{10}M^{\\rm{wind}}_{\\rm{ej}}$', unit=None, boundary='reflective')
01:47 INFO    : Analysis likelihood noise evidence: 0.0
01:47 INFO    : inclination_EM=Sine(minimum=0.0, maximum=1.5707963267948966, name='inclination_EM', latex_label='$\\iota$', unit=None, boundary=None)
01:47 INFO    : luminosity_distance=LogUniform(minimum=1, maximum=500, name='luminosity_distance', latex_label='$D_L$', unit=None, boundary=None)
01:47 INFO    : timeshift=0.0
01:47 INFO    : em_syserr=1.0
01:47 INFO    : Ebv=0.0
01:47 INFO    : Analysis likelihood class: <class 'nmma.em.likelihood.OpticalLightCurve'>
01:47 INFO    : Analysis priors:
01:47 INFO    : Analysis likelihood noise evidence: 0.0
01:47 INFO    : KNphi=Uniform(minimum=15.0, maximum=75.0, name='KNphi', latex_label='$\\Phi$', unit=None, boundary=None)
01:47 INFO    : log10_mej_dyn=Uniform(minimum=-3.0, maximum=-1.0, name='log10_mej_dyn', latex_label='$\\log_{10}M^{\\rm{dyn}}_{\\rm{ej}}$', unit=None, boundary='reflective')
01:47 INFO    : log10_mej_wind=Uniform(minimum=-3.0, maximum=-0.5, name='log10_mej_wind', latex_label='$\\log_{10}M^{\\rm{wind}}_{\\rm{ej}}$', unit=None, boundary='reflective')
01:47 INFO    : inclination_EM=Sine(minimum=0.0, maximum=1.5707963267948966, name='inclination_EM', latex_label='$\\iota$', unit=None, boundary=None)
01:47 INFO    : luminosity_distance=LogUniform(minimum=1, maximum=500, name='luminosity_distance', latex_label='$D_L$', unit=None, boundary=None)
01:47 INFO    : timeshift=0.0
01:47 INFO    : em_syserr=1.0
01:47 INFO    : Ebv=0.0
01:47 INFO    : Analysis likelihood class: <class 'nmma.em.likelihood.OpticalLightCurve'>
01:47 INFO    : Analysis likelihood noise evidence: 0.0
01:47 INFO    : Single likelihood evaluation took 9.684e-02 s
01:47 INFO    : Single likelihood evaluation took 9.685e-02 s
01:47 WARNING : Supplied argument 'queue_size' not an argument of 'Pymultinest', removing.
01:47 WARNING : Supplied argument 'check_point_delta_t' not an argument of 'Pymultinest', removing.
01:47 WARNING : Supplied argument 'queue_size' not an argument of 'Pymultinest', removing.
01:47 WARNING : Supplied argument 'check_point_delta_t' not an argument of 'Pymultinest', removing.
01:47 INFO    : Using sampler Pymultinest with kwargs {'importance_nested_sampling': False, 'resume': True, 'verbose': True, 'sampling_efficiency': 'parameter', 'n_live_points': 2048, 'n_params': 5, 'n_clustering_params': None, 'wrapped_params': None, 'multimodal': True, 'const_efficiency_mode': False, 'evidence_tolerance': 0.5, 'n_iter_before_update': 100, 'null_log_evidence': -1e+90, 'max_modes': 100, 'mode_tolerance': -1e+90, 'seed': 42, 'context': 0, 'write_output': True, 'log_zero': -1e+100, 'max_iter': 0, 'init_MPI': False, 'dump_callback': <bound method Pymultinest._dump_callback of <bilby.core.sampler.pymultinest.Pymultinest object at 0x15553d017f70>>}
01:47 INFO    : Using sampler Pymultinest with kwargs {'importance_nested_sampling': False, 'resume': True, 'verbose': True, 'sampling_efficiency': 'parameter', 'n_live_points': 2048, 'n_params': 5, 'n_clustering_params': None, 'wrapped_params': None, 'multimodal': True, 'const_efficiency_mode': False, 'evidence_tolerance': 0.5, 'n_iter_before_update': 100, 'null_log_evidence': -1e+90, 'max_modes': 100, 'mode_tolerance': -1e+90, 'seed': 42, 'context': 0, 'write_output': True, 'log_zero': -1e+100, 'max_iter': 0, 'init_MPI': False, 'dump_callback': <bound method Pymultinest._dump_callback of <bilby.core.sampler.pymultinest.Pymultinest object at 0x15553d00fe80>>}
01:47 INFO    : Temporary directory incompatible with MPI, will run in original directory
01:47 INFO    : Temporary directory incompatible with MPI, will run in original directory
01:47 INFO    : Using output file outdirBNSBu32cores/pm_Simu2019lm/
01:47 INFO    : Using output file outdirBNSBu32cores/pm_Simu2019lm/
01:48 INFO    : Single likelihood evaluation took 3.399e-01 s
01:48 INFO    : Single likelihood evaluation took 3.401e-01 s
01:48 WARNING : Supplied argument 'queue_size' not an argument of 'Pymultinest', removing.
01:48 WARNING : Supplied argument 'check_point_delta_t' not an argument of 'Pymultinest', removing.
01:48 INFO    : Using sampler Pymultinest with kwargs {'importance_nested_sampling': False, 'resume': True, 'verbose': True, 'sampling_efficiency': 'parameter', 'n_live_points': 2048, 'n_params': 5, 'n_clustering_params': None, 'wrapped_params': None, 'multimodal': True, 'const_efficiency_mode': False, 'evidence_tolerance': 0.5, 'n_iter_before_update': 100, 'null_log_evidence': -1e+90, 'max_modes': 100, 'mode_tolerance': -1e+90, 'seed': 42, 'context': 0, 'write_output': True, 'log_zero': -1e+100, 'max_iter': 0, 'init_MPI': False, 'dump_callback': <bound method Pymultinest._dump_callback of <bilby.core.sampler.pymultinest.Pymultinest object at 0x155509fc7fa0>>}
01:48 INFO    : Temporary directory incompatible with MPI, will run in original directory
01:48 INFO    : Using output file outdirBNSBu32cores/pm_Simu2019lm/
01:48 WARNING : Supplied argument 'queue_size' not an argument of 'Pymultinest', removing.
01:48 WARNING : Supplied argument 'check_point_delta_t' not an argument of 'Pymultinest', removing.
01:48 INFO    : Using sampler Pymultinest with kwargs {'importance_nested_sampling': False, 'resume': True, 'verbose': True, 'sampling_efficiency': 'parameter', 'n_live_points': 2048, 'n_params': 5, 'n_clustering_params': None, 'wrapped_params': None, 'multimodal': True, 'const_efficiency_mode': False, 'evidence_tolerance': 0.5, 'n_iter_before_update': 100, 'null_log_evidence': -1e+90, 'max_modes': 100, 'mode_tolerance': -1e+90, 'seed': 42, 'context': 0, 'write_output': True, 'log_zero': -1e+100, 'max_iter': 0, 'init_MPI': False, 'dump_callback': <bound method Pymultinest._dump_callback of <bilby.core.sampler.pymultinest.Pymultinest object at 0x155509fc7ee0>>}
01:48 INFO    : Temporary directory incompatible with MPI, will run in original directory
01:48 INFO    : Using output file outdirBNSBu32cores/pm_Simu2019lm/
01:48 INFO    : Single likelihood evaluation took 3.420e-01 s
01:48 INFO    : Single likelihood evaluation took 3.431e-01 s
01:48 WARNING : Supplied argument 'queue_size' not an argument of 'Pymultinest', removing.
01:48 WARNING : Supplied argument 'check_point_delta_t' not an argument of 'Pymultinest', removing.
01:48 INFO    : Using sampler Pymultinest with kwargs {'importance_nested_sampling': False, 'resume': True, 'verbose': True, 'sampling_efficiency': 'parameter', 'n_live_points': 2048, 'n_params': 5, 'n_clustering_params': None, 'wrapped_params': None, 'multimodal': True, 'const_efficiency_mode': False, 'evidence_tolerance': 0.5, 'n_iter_before_update': 100, 'null_log_evidence': -1e+90, 'max_modes': 100, 'mode_tolerance': -1e+90, 'seed': 42, 'context': 0, 'write_output': True, 'log_zero': -1e+100, 'max_iter': 0, 'init_MPI': False, 'dump_callback': <bound method Pymultinest._dump_callback of <bilby.core.sampler.pymultinest.Pymultinest object at 0x155509ff7f10>>}
01:48 INFO    : Temporary directory incompatible with MPI, will run in original directory
01:48 INFO    : Using output file outdirBNSBu32cores/pm_Simu2019lm/
01:48 WARNING : Supplied argument 'queue_size' not an argument of 'Pymultinest', removing.
01:48 WARNING : Supplied argument 'check_point_delta_t' not an argument of 'Pymultinest', removing.
01:48 INFO    : Using sampler Pymultinest with kwargs {'importance_nested_sampling': False, 'resume': True, 'verbose': True, 'sampling_efficiency': 'parameter', 'n_live_points': 2048, 'n_params': 5, 'n_clustering_params': None, 'wrapped_params': None, 'multimodal': True, 'const_efficiency_mode': False, 'evidence_tolerance': 0.5, 'n_iter_before_update': 100, 'null_log_evidence': -1e+90, 'max_modes': 100, 'mode_tolerance': -1e+90, 'seed': 42, 'context': 0, 'write_output': True, 'log_zero': -1e+100, 'max_iter': 0, 'init_MPI': False, 'dump_callback': <bound method Pymultinest._dump_callback of <bilby.core.sampler.pymultinest.Pymultinest object at 0x155509fffeb0>>}
01:48 INFO    : Temporary directory incompatible with MPI, will run in original directory
01:48 INFO    : Using output file outdirBNSBu32cores/pm_Simu2019lm/
01:48 INFO    : Single likelihood evaluation took 3.446e-01 s
01:48 INFO    : Single likelihood evaluation took 3.452e-01 s
01:48 INFO    : Single likelihood evaluation took 3.453e-01 s
01:48 WARNING : Supplied argument 'queue_size' not an argument of 'Pymultinest', removing.
01:48 WARNING : Supplied argument 'check_point_delta_t' not an argument of 'Pymultinest', removing.
01:48 INFO    : Using sampler Pymultinest with kwargs {'importance_nested_sampling': False, 'resume': True, 'verbose': True, 'sampling_efficiency': 'parameter', 'n_live_points': 2048, 'n_params': 5, 'n_clustering_params': None, 'wrapped_params': None, 'multimodal': True, 'const_efficiency_mode': False, 'evidence_tolerance': 0.5, 'n_iter_before_update': 100, 'null_log_evidence': -1e+90, 'max_modes': 100, 'mode_tolerance': -1e+90, 'seed': 42, 'context': 0, 'write_output': True, 'log_zero': -1e+100, 'max_iter': 0, 'init_MPI': False, 'dump_callback': <bound method Pymultinest._dump_callback of <bilby.core.sampler.pymultinest.Pymultinest object at 0x155509fc7e50>>}
01:48 INFO    : Temporary directory incompatible with MPI, will run in original directory
01:48 INFO    : Using output file outdirBNSBu32cores/pm_Simu2019lm/
01:48 INFO    : Single likelihood evaluation took 3.465e-01 s
01:48 WARNING : Supplied argument 'queue_size' not an argument of 'Pymultinest', removing.
01:48 WARNING : Supplied argument 'check_point_delta_t' not an argument of 'Pymultinest', removing.
01:48 WARNING : Supplied argument 'queue_size' not an argument of 'Pymultinest', removing.
01:48 WARNING : Supplied argument 'check_point_delta_t' not an argument of 'Pymultinest', removing.
01:48 INFO    : Using sampler Pymultinest with kwargs {'importance_nested_sampling': False, 'resume': True, 'verbose': True, 'sampling_efficiency': 'parameter', 'n_live_points': 2048, 'n_params': 5, 'n_clustering_params': None, 'wrapped_params': None, 'multimodal': True, 'const_efficiency_mode': False, 'evidence_tolerance': 0.5, 'n_iter_before_update': 100, 'null_log_evidence': -1e+90, 'max_modes': 100, 'mode_tolerance': -1e+90, 'seed': 42, 'context': 0, 'write_output': True, 'log_zero': -1e+100, 'max_iter': 0, 'init_MPI': False, 'dump_callback': <bound method Pymultinest._dump_callback of <bilby.core.sampler.pymultinest.Pymultinest object at 0x155509ffbf10>>}
01:48 INFO    : Using sampler Pymultinest with kwargs {'importance_nested_sampling': False, 'resume': True, 'verbose': True, 'sampling_efficiency': 'parameter', 'n_live_points': 2048, 'n_params': 5, 'n_clustering_params': None, 'wrapped_params': None, 'multimodal': True, 'const_efficiency_mode': False, 'evidence_tolerance': 0.5, 'n_iter_before_update': 100, 'null_log_evidence': -1e+90, 'max_modes': 100, 'mode_tolerance': -1e+90, 'seed': 42, 'context': 0, 'write_output': True, 'log_zero': -1e+100, 'max_iter': 0, 'init_MPI': False, 'dump_callback': <bound method Pymultinest._dump_callback of <bilby.core.sampler.pymultinest.Pymultinest object at 0x155509ffbe50>>}
01:48 INFO    : Temporary directory incompatible with MPI, will run in original directory
01:48 INFO    : Temporary directory incompatible with MPI, will run in original directory
01:48 INFO    : Using output file outdirBNSBu32cores/pm_Simu2019lm/
01:48 INFO    : Using output file outdirBNSBu32cores/pm_Simu2019lm/
01:48 WARNING : Supplied argument 'queue_size' not an argument of 'Pymultinest', removing.
01:48 WARNING : Supplied argument 'check_point_delta_t' not an argument of 'Pymultinest', removing.
01:48 INFO    : Using sampler Pymultinest with kwargs {'importance_nested_sampling': False, 'resume': True, 'verbose': True, 'sampling_efficiency': 'parameter', 'n_live_points': 2048, 'n_params': 5, 'n_clustering_params': None, 'wrapped_params': None, 'multimodal': True, 'const_efficiency_mode': False, 'evidence_tolerance': 0.5, 'n_iter_before_update': 100, 'null_log_evidence': -1e+90, 'max_modes': 100, 'mode_tolerance': -1e+90, 'seed': 42, 'context': 0, 'write_output': True, 'log_zero': -1e+100, 'max_iter': 0, 'init_MPI': False, 'dump_callback': <bound method Pymultinest._dump_callback of <bilby.core.sampler.pymultinest.Pymultinest object at 0x155509ffbee0>>}
01:48 INFO    : Temporary directory incompatible with MPI, will run in original directory
01:48 INFO    : Using output file outdirBNSBu32cores/pm_Simu2019lm/
01:48 INFO    : Single likelihood evaluation took 3.509e-01 s
01:48 WARNING : Supplied argument 'queue_size' not an argument of 'Pymultinest', removing.
01:48 WARNING : Supplied argument 'check_point_delta_t' not an argument of 'Pymultinest', removing.
01:48 INFO    : Using sampler Pymultinest with kwargs {'importance_nested_sampling': False, 'resume': True, 'verbose': True, 'sampling_efficiency': 'parameter', 'n_live_points': 2048, 'n_params': 5, 'n_clustering_params': None, 'wrapped_params': None, 'multimodal': True, 'const_efficiency_mode': False, 'evidence_tolerance': 0.5, 'n_iter_before_update': 100, 'null_log_evidence': -1e+90, 'max_modes': 100, 'mode_tolerance': -1e+90, 'seed': 42, 'context': 0, 'write_output': True, 'log_zero': -1e+100, 'max_iter': 0, 'init_MPI': False, 'dump_callback': <bound method Pymultinest._dump_callback of <bilby.core.sampler.pymultinest.Pymultinest object at 0x155509fffe80>>}
01:48 INFO    : Temporary directory incompatible with MPI, will run in original directory
01:48 INFO    : Using output file outdirBNSBu32cores/pm_Simu2019lm/
01:48 INFO    : Single likelihood evaluation took 3.542e-01 s
01:48 INFO    : Single likelihood evaluation took 3.519e-01 s
01:48 WARNING : Supplied argument 'queue_size' not an argument of 'Pymultinest', removing.
01:48 WARNING : Supplied argument 'check_point_delta_t' not an argument of 'Pymultinest', removing.
01:48 INFO    : Using sampler Pymultinest with kwargs {'importance_nested_sampling': False, 'resume': True, 'verbose': True, 'sampling_efficiency': 'parameter', 'n_live_points': 2048, 'n_params': 5, 'n_clustering_params': None, 'wrapped_params': None, 'multimodal': True, 'const_efficiency_mode': False, 'evidence_tolerance': 0.5, 'n_iter_before_update': 100, 'null_log_evidence': -1e+90, 'max_modes': 100, 'mode_tolerance': -1e+90, 'seed': 42, 'context': 0, 'write_output': True, 'log_zero': -1e+100, 'max_iter': 0, 'init_MPI': False, 'dump_callback': <bound method Pymultinest._dump_callback of <bilby.core.sampler.pymultinest.Pymultinest object at 0x155509fc7eb0>>}
01:48 INFO    : Temporary directory incompatible with MPI, will run in original directory
01:48 INFO    : Using output file outdirBNSBu32cores/pm_Simu2019lm/
01:48 INFO    : Single likelihood evaluation took 3.558e-01 s
01:48 WARNING : Supplied argument 'queue_size' not an argument of 'Pymultinest', removing.
01:48 WARNING : Supplied argument 'check_point_delta_t' not an argument of 'Pymultinest', removing.
01:48 INFO    : Using sampler Pymultinest with kwargs {'importance_nested_sampling': False, 'resume': True, 'verbose': True, 'sampling_efficiency': 'parameter', 'n_live_points': 2048, 'n_params': 5, 'n_clustering_params': None, 'wrapped_params': None, 'multimodal': True, 'const_efficiency_mode': False, 'evidence_tolerance': 0.5, 'n_iter_before_update': 100, 'null_log_evidence': -1e+90, 'max_modes': 100, 'mode_tolerance': -1e+90, 'seed': 42, 'context': 0, 'write_output': True, 'log_zero': -1e+100, 'max_iter': 0, 'init_MPI': False, 'dump_callback': <bound method Pymultinest._dump_callback of <bilby.core.sampler.pymultinest.Pymultinest object at 0x155509fffee0>>}
01:48 INFO    : Temporary directory incompatible with MPI, will run in original directory
01:48 INFO    : Using output file outdirBNSBu32cores/pm_Simu2019lm/
01:48 INFO    : Single likelihood evaluation took 3.560e-01 s
01:48 INFO    : Single likelihood evaluation took 3.536e-01 s
01:48 WARNING : Supplied argument 'queue_size' not an argument of 'Pymultinest', removing.
01:48 WARNING : Supplied argument 'check_point_delta_t' not an argument of 'Pymultinest', removing.
01:48 INFO    : Using sampler Pymultinest with kwargs {'importance_nested_sampling': False, 'resume': True, 'verbose': True, 'sampling_efficiency': 'parameter', 'n_live_points': 2048, 'n_params': 5, 'n_clustering_params': None, 'wrapped_params': None, 'multimodal': True, 'const_efficiency_mode': False, 'evidence_tolerance': 0.5, 'n_iter_before_update': 100, 'null_log_evidence': -1e+90, 'max_modes': 100, 'mode_tolerance': -1e+90, 'seed': 42, 'context': 0, 'write_output': True, 'log_zero': -1e+100, 'max_iter': 0, 'init_MPI': False, 'dump_callback': <bound method Pymultinest._dump_callback of <bilby.core.sampler.pymultinest.Pymultinest object at 0x155509ffff40>>}
01:48 INFO    : Temporary directory incompatible with MPI, will run in original directory
01:48 INFO    : Using output file outdirBNSBu32cores/pm_Simu2019lm/
01:48 WARNING : Supplied argument 'queue_size' not an argument of 'Pymultinest', removing.
01:48 WARNING : Supplied argument 'check_point_delta_t' not an argument of 'Pymultinest', removing.
01:48 INFO    : Using sampler Pymultinest with kwargs {'importance_nested_sampling': False, 'resume': True, 'verbose': True, 'sampling_efficiency': 'parameter', 'n_live_points': 2048, 'n_params': 5, 'n_clustering_params': None, 'wrapped_params': None, 'multimodal': True, 'const_efficiency_mode': False, 'evidence_tolerance': 0.5, 'n_iter_before_update': 100, 'null_log_evidence': -1e+90, 'max_modes': 100, 'mode_tolerance': -1e+90, 'seed': 42, 'context': 0, 'write_output': True, 'log_zero': -1e+100, 'max_iter': 0, 'init_MPI': False, 'dump_callback': <bound method Pymultinest._dump_callback of <bilby.core.sampler.pymultinest.Pymultinest object at 0x155509ffbe80>>}
01:48 INFO    : Temporary directory incompatible with MPI, will run in original directory
01:48 INFO    : Using output file outdirBNSBu32cores/pm_Simu2019lm/
01:48 WARNING : Supplied argument 'queue_size' not an argument of 'Pymultinest', removing.
01:48 WARNING : Supplied argument 'check_point_delta_t' not an argument of 'Pymultinest', removing.
01:48 INFO    : Using sampler Pymultinest with kwargs {'importance_nested_sampling': False, 'resume': True, 'verbose': True, 'sampling_efficiency': 'parameter', 'n_live_points': 2048, 'n_params': 5, 'n_clustering_params': None, 'wrapped_params': None, 'multimodal': True, 'const_efficiency_mode': False, 'evidence_tolerance': 0.5, 'n_iter_before_update': 100, 'null_log_evidence': -1e+90, 'max_modes': 100, 'mode_tolerance': -1e+90, 'seed': 42, 'context': 0, 'write_output': True, 'log_zero': -1e+100, 'max_iter': 0, 'init_MPI': False, 'dump_callback': <bound method Pymultinest._dump_callback of <bilby.core.sampler.pymultinest.Pymultinest object at 0x155509ffbf10>>}
01:48 INFO    : Temporary directory incompatible with MPI, will run in original directory
01:48 INFO    : Using output file outdirBNSBu32cores/pm_Simu2019lm/
01:48 INFO    : Single likelihood evaluation took 3.672e-01 s
01:48 INFO    : Single likelihood evaluation took 3.683e-01 s
01:48 INFO    : Single likelihood evaluation took 3.693e-01 s
01:48 WARNING : Supplied argument 'queue_size' not an argument of 'Pymultinest', removing.
01:48 WARNING : Supplied argument 'check_point_delta_t' not an argument of 'Pymultinest', removing.
01:48 INFO    : Using sampler Pymultinest with kwargs {'importance_nested_sampling': False, 'resume': True, 'verbose': True, 'sampling_efficiency': 'parameter', 'n_live_points': 2048, 'n_params': 5, 'n_clustering_params': None, 'wrapped_params': None, 'multimodal': True, 'const_efficiency_mode': False, 'evidence_tolerance': 0.5, 'n_iter_before_update': 100, 'null_log_evidence': -1e+90, 'max_modes': 100, 'mode_tolerance': -1e+90, 'seed': 42, 'context': 0, 'write_output': True, 'log_zero': -1e+100, 'max_iter': 0, 'init_MPI': False, 'dump_callback': <bound method Pymultinest._dump_callback of <bilby.core.sampler.pymultinest.Pymultinest object at 0x1555017bbeb0>>}
01:48 INFO    : Temporary directory incompatible with MPI, will run in original directory
01:48 INFO    : Using output file outdirBNSBu32cores/pm_Simu2019lm/
01:48 INFO    : Single likelihood evaluation took 3.709e-01 s
01:48 WARNING : Supplied argument 'queue_size' not an argument of 'Pymultinest', removing.
01:48 WARNING : Supplied argument 'check_point_delta_t' not an argument of 'Pymultinest', removing.
01:48 INFO    : Using sampler Pymultinest with kwargs {'importance_nested_sampling': False, 'resume': True, 'verbose': True, 'sampling_efficiency': 'parameter', 'n_live_points': 2048, 'n_params': 5, 'n_clustering_params': None, 'wrapped_params': None, 'multimodal': True, 'const_efficiency_mode': False, 'evidence_tolerance': 0.5, 'n_iter_before_update': 100, 'null_log_evidence': -1e+90, 'max_modes': 100, 'mode_tolerance': -1e+90, 'seed': 42, 'context': 0, 'write_output': True, 'log_zero': -1e+100, 'max_iter': 0, 'init_MPI': False, 'dump_callback': <bound method Pymultinest._dump_callback of <bilby.core.sampler.pymultinest.Pymultinest object at 0x1555017bfee0>>}
01:48 INFO    : Temporary directory incompatible with MPI, will run in original directory
01:48 INFO    : Using output file outdirBNSBu32cores/pm_Simu2019lm/
01:48 WARNING : Supplied argument 'queue_size' not an argument of 'Pymultinest', removing.
01:48 WARNING : Supplied argument 'check_point_delta_t' not an argument of 'Pymultinest', removing.
01:48 INFO    : Using sampler Pymultinest with kwargs {'importance_nested_sampling': False, 'resume': True, 'verbose': True, 'sampling_efficiency': 'parameter', 'n_live_points': 2048, 'n_params': 5, 'n_clustering_params': None, 'wrapped_params': None, 'multimodal': True, 'const_efficiency_mode': False, 'evidence_tolerance': 0.5, 'n_iter_before_update': 100, 'null_log_evidence': -1e+90, 'max_modes': 100, 'mode_tolerance': -1e+90, 'seed': 42, 'context': 0, 'write_output': True, 'log_zero': -1e+100, 'max_iter': 0, 'init_MPI': False, 'dump_callback': <bound method Pymultinest._dump_callback of <bilby.core.sampler.pymultinest.Pymultinest object at 0x1555017bbf40>>}
01:48 INFO    : Temporary directory incompatible with MPI, will run in original directory
01:48 INFO    : Using output file outdirBNSBu32cores/pm_Simu2019lm/
01:48 WARNING : Supplied argument 'queue_size' not an argument of 'Pymultinest', removing.
01:48 WARNING : Supplied argument 'check_point_delta_t' not an argument of 'Pymultinest', removing.
01:48 INFO    : Using sampler Pymultinest with kwargs {'importance_nested_sampling': False, 'resume': True, 'verbose': True, 'sampling_efficiency': 'parameter', 'n_live_points': 2048, 'n_params': 5, 'n_clustering_params': None, 'wrapped_params': None, 'multimodal': True, 'const_efficiency_mode': False, 'evidence_tolerance': 0.5, 'n_iter_before_update': 100, 'null_log_evidence': -1e+90, 'max_modes': 100, 'mode_tolerance': -1e+90, 'seed': 42, 'context': 0, 'write_output': True, 'log_zero': -1e+100, 'max_iter': 0, 'init_MPI': False, 'dump_callback': <bound method Pymultinest._dump_callback of <bilby.core.sampler.pymultinest.Pymultinest object at 0x1555017bbf40>>}
01:48 INFO    : Temporary directory incompatible with MPI, will run in original directory
01:48 INFO    : Using output file outdirBNSBu32cores/pm_Simu2019lm/
01:48 INFO    : Single likelihood evaluation took 3.736e-01 s
01:48 INFO    : Single likelihood evaluation took 3.742e-01 s
01:48 INFO    : Single likelihood evaluation took 3.740e-01 s
01:48 INFO    : Single likelihood evaluation took 3.742e-01 s
01:48 WARNING : Supplied argument 'queue_size' not an argument of 'Pymultinest', removing.
01:48 WARNING : Supplied argument 'check_point_delta_t' not an argument of 'Pymultinest', removing.
01:48 WARNING : Supplied argument 'queue_size' not an argument of 'Pymultinest', removing.
01:48 WARNING : Supplied argument 'check_point_delta_t' not an argument of 'Pymultinest', removing.
01:48 INFO    : Using sampler Pymultinest with kwargs {'importance_nested_sampling': False, 'resume': True, 'verbose': True, 'sampling_efficiency': 'parameter', 'n_live_points': 2048, 'n_params': 5, 'n_clustering_params': None, 'wrapped_params': None, 'multimodal': True, 'const_efficiency_mode': False, 'evidence_tolerance': 0.5, 'n_iter_before_update': 100, 'null_log_evidence': -1e+90, 'max_modes': 100, 'mode_tolerance': -1e+90, 'seed': 42, 'context': 0, 'write_output': True, 'log_zero': -1e+100, 'max_iter': 0, 'init_MPI': False, 'dump_callback': <bound method Pymultinest._dump_callback of <bilby.core.sampler.pymultinest.Pymultinest object at 0x1555017b7eb0>>}
01:48 INFO    : Using sampler Pymultinest with kwargs {'importance_nested_sampling': False, 'resume': True, 'verbose': True, 'sampling_efficiency': 'parameter', 'n_live_points': 2048, 'n_params': 5, 'n_clustering_params': None, 'wrapped_params': None, 'multimodal': True, 'const_efficiency_mode': False, 'evidence_tolerance': 0.5, 'n_iter_before_update': 100, 'null_log_evidence': -1e+90, 'max_modes': 100, 'mode_tolerance': -1e+90, 'seed': 42, 'context': 0, 'write_output': True, 'log_zero': -1e+100, 'max_iter': 0, 'init_MPI': False, 'dump_callback': <bound method Pymultinest._dump_callback of <bilby.core.sampler.pymultinest.Pymultinest object at 0x1555017c3f40>>}
01:48 INFO    : Temporary directory incompatible with MPI, will run in original directory
01:48 INFO    : Temporary directory incompatible with MPI, will run in original directory
01:48 WARNING : Supplied argument 'queue_size' not an argument of 'Pymultinest', removing.
01:48 WARNING : Supplied argument 'check_point_delta_t' not an argument of 'Pymultinest', removing.
01:48 INFO    : Using sampler Pymultinest with kwargs {'importance_nested_sampling': False, 'resume': True, 'verbose': True, 'sampling_efficiency': 'parameter', 'n_live_points': 2048, 'n_params': 5, 'n_clustering_params': None, 'wrapped_params': None, 'multimodal': True, 'const_efficiency_mode': False, 'evidence_tolerance': 0.5, 'n_iter_before_update': 100, 'null_log_evidence': -1e+90, 'max_modes': 100, 'mode_tolerance': -1e+90, 'seed': 42, 'context': 0, 'write_output': True, 'log_zero': -1e+100, 'max_iter': 0, 'init_MPI': False, 'dump_callback': <bound method Pymultinest._dump_callback of <bilby.core.sampler.pymultinest.Pymultinest object at 0x1555017bffa0>>}
01:48 INFO    : Using output file outdirBNSBu32cores/pm_Simu2019lm/
01:48 INFO    : Using output file outdirBNSBu32cores/pm_Simu2019lm/
01:48 INFO    : Temporary directory incompatible with MPI, will run in original directory
01:48 INFO    : Using output file outdirBNSBu32cores/pm_Simu2019lm/
01:48 WARNING : Supplied argument 'queue_size' not an argument of 'Pymultinest', removing.
01:48 WARNING : Supplied argument 'check_point_delta_t' not an argument of 'Pymultinest', removing.
01:48 INFO    : Using sampler Pymultinest with kwargs {'importance_nested_sampling': False, 'resume': True, 'verbose': True, 'sampling_efficiency': 'parameter', 'n_live_points': 2048, 'n_params': 5, 'n_clustering_params': None, 'wrapped_params': None, 'multimodal': True, 'const_efficiency_mode': False, 'evidence_tolerance': 0.5, 'n_iter_before_update': 100, 'null_log_evidence': -1e+90, 'max_modes': 100, 'mode_tolerance': -1e+90, 'seed': 42, 'context': 0, 'write_output': True, 'log_zero': -1e+100, 'max_iter': 0, 'init_MPI': False, 'dump_callback': <bound method Pymultinest._dump_callback of <bilby.core.sampler.pymultinest.Pymultinest object at 0x1555017bbfa0>>}
01:48 INFO    : Temporary directory incompatible with MPI, will run in original directory
01:48 INFO    : Using output file outdirBNSBu32cores/pm_Simu2019lm/
01:48 INFO    : Single likelihood evaluation took 3.816e-01 s
01:48 INFO    : Single likelihood evaluation took 3.821e-01 s
01:48 WARNING : Supplied argument 'queue_size' not an argument of 'Pymultinest', removing.
01:48 WARNING : Supplied argument 'check_point_delta_t' not an argument of 'Pymultinest', removing.
01:48 INFO    : Using sampler Pymultinest with kwargs {'importance_nested_sampling': False, 'resume': True, 'verbose': True, 'sampling_efficiency': 'parameter', 'n_live_points': 2048, 'n_params': 5, 'n_clustering_params': None, 'wrapped_params': None, 'multimodal': True, 'const_efficiency_mode': False, 'evidence_tolerance': 0.5, 'n_iter_before_update': 100, 'null_log_evidence': -1e+90, 'max_modes': 100, 'mode_tolerance': -1e+90, 'seed': 42, 'context': 0, 'write_output': True, 'log_zero': -1e+100, 'max_iter': 0, 'init_MPI': False, 'dump_callback': <bound method Pymultinest._dump_callback of <bilby.core.sampler.pymultinest.Pymultinest object at 0x1555017bbee0>>}
01:48 INFO    : Temporary directory incompatible with MPI, will run in original directory
01:48 INFO    : Using output file outdirBNSBu32cores/pm_Simu2019lm/
01:48 INFO    : Single likelihood evaluation took 3.844e-01 s
01:48 WARNING : Supplied argument 'queue_size' not an argument of 'Pymultinest', removing.
01:48 WARNING : Supplied argument 'check_point_delta_t' not an argument of 'Pymultinest', removing.
01:48 INFO    : Using sampler Pymultinest with kwargs {'importance_nested_sampling': False, 'resume': True, 'verbose': True, 'sampling_efficiency': 'parameter', 'n_live_points': 2048, 'n_params': 5, 'n_clustering_params': None, 'wrapped_params': None, 'multimodal': True, 'const_efficiency_mode': False, 'evidence_tolerance': 0.5, 'n_iter_before_update': 100, 'null_log_evidence': -1e+90, 'max_modes': 100, 'mode_tolerance': -1e+90, 'seed': 42, 'context': 0, 'write_output': True, 'log_zero': -1e+100, 'max_iter': 0, 'init_MPI': False, 'dump_callback': <bound method Pymultinest._dump_callback of <bilby.core.sampler.pymultinest.Pymultinest object at 0x1555017bfeb0>>}
01:48 INFO    : Temporary directory incompatible with MPI, will run in original directory
01:48 INFO    : Using output file outdirBNSBu32cores/pm_Simu2019lm/
01:48 INFO    : Single likelihood evaluation took 3.849e-01 s
01:48 INFO    : Single likelihood evaluation took 3.855e-01 s
01:48 INFO    : Single likelihood evaluation took 3.856e-01 s
01:48 INFO    : Single likelihood evaluation took 3.862e-01 s
01:48 INFO    : Single likelihood evaluation took 3.863e-01 s
01:48 WARNING : Supplied argument 'queue_size' not an argument of 'Pymultinest', removing.
01:48 WARNING : Supplied argument 'check_point_delta_t' not an argument of 'Pymultinest', removing.
01:48 INFO    : Using sampler Pymultinest with kwargs {'importance_nested_sampling': False, 'resume': True, 'verbose': True, 'sampling_efficiency': 'parameter', 'n_live_points': 2048, 'n_params': 5, 'n_clustering_params': None, 'wrapped_params': None, 'multimodal': True, 'const_efficiency_mode': False, 'evidence_tolerance': 0.5, 'n_iter_before_update': 100, 'null_log_evidence': -1e+90, 'max_modes': 100, 'mode_tolerance': -1e+90, 'seed': 42, 'context': 0, 'write_output': True, 'log_zero': -1e+100, 'max_iter': 0, 'init_MPI': False, 'dump_callback': <bound method Pymultinest._dump_callback of <bilby.core.sampler.pymultinest.Pymultinest object at 0x1555017bff40>>}
01:48 INFO    : Temporary directory incompatible with MPI, will run in original directory
01:48 INFO    : Using output file outdirBNSBu32cores/pm_Simu2019lm/
01:48 WARNING : Supplied argument 'queue_size' not an argument of 'Pymultinest', removing.
01:48 WARNING : Supplied argument 'check_point_delta_t' not an argument of 'Pymultinest', removing.
01:48 INFO    : Using sampler Pymultinest with kwargs {'importance_nested_sampling': False, 'resume': True, 'verbose': True, 'sampling_efficiency': 'parameter', 'n_live_points': 2048, 'n_params': 5, 'n_clustering_params': None, 'wrapped_params': None, 'multimodal': True, 'const_efficiency_mode': False, 'evidence_tolerance': 0.5, 'n_iter_before_update': 100, 'null_log_evidence': -1e+90, 'max_modes': 100, 'mode_tolerance': -1e+90, 'seed': 42, 'context': 0, 'write_output': True, 'log_zero': -1e+100, 'max_iter': 0, 'init_MPI': False, 'dump_callback': <bound method Pymultinest._dump_callback of <bilby.core.sampler.pymultinest.Pymultinest object at 0x1555017bbee0>>}
01:48 INFO    : Temporary directory incompatible with MPI, will run in original directory
01:48 INFO    : Using output file outdirBNSBu32cores/pm_Simu2019lm/
01:48 WARNING : Supplied argument 'queue_size' not an argument of 'Pymultinest', removing.
01:48 WARNING : Supplied argument 'check_point_delta_t' not an argument of 'Pymultinest', removing.
01:48 WARNING : Supplied argument 'queue_size' not an argument of 'Pymultinest', removing.
01:48 WARNING : Supplied argument 'check_point_delta_t' not an argument of 'Pymultinest', removing.
01:48 INFO    : Using sampler Pymultinest with kwargs {'importance_nested_sampling': False, 'resume': True, 'verbose': True, 'sampling_efficiency': 'parameter', 'n_live_points': 2048, 'n_params': 5, 'n_clustering_params': None, 'wrapped_params': None, 'multimodal': True, 'const_efficiency_mode': False, 'evidence_tolerance': 0.5, 'n_iter_before_update': 100, 'null_log_evidence': -1e+90, 'max_modes': 100, 'mode_tolerance': -1e+90, 'seed': 42, 'context': 0, 'write_output': True, 'log_zero': -1e+100, 'max_iter': 0, 'init_MPI': False, 'dump_callback': <bound method Pymultinest._dump_callback of <bilby.core.sampler.pymultinest.Pymultinest object at 0x1555017c3f10>>}
01:48 INFO    : Using sampler Pymultinest with kwargs {'importance_nested_sampling': False, 'resume': True, 'verbose': True, 'sampling_efficiency': 'parameter', 'n_live_points': 2048, 'n_params': 5, 'n_clustering_params': None, 'wrapped_params': None, 'multimodal': True, 'const_efficiency_mode': False, 'evidence_tolerance': 0.5, 'n_iter_before_update': 100, 'null_log_evidence': -1e+90, 'max_modes': 100, 'mode_tolerance': -1e+90, 'seed': 42, 'context': 0, 'write_output': True, 'log_zero': -1e+100, 'max_iter': 0, 'init_MPI': False, 'dump_callback': <bound method Pymultinest._dump_callback of <bilby.core.sampler.pymultinest.Pymultinest object at 0x1555017bff10>>}
01:48 INFO    : Temporary directory incompatible with MPI, will run in original directory
01:48 INFO    : Temporary directory incompatible with MPI, will run in original directory
01:48 INFO    : Using output file outdirBNSBu32cores/pm_Simu2019lm/
01:48 INFO    : Using output file outdirBNSBu32cores/pm_Simu2019lm/
01:48 WARNING : Supplied argument 'queue_size' not an argument of 'Pymultinest', removing.
01:48 WARNING : Supplied argument 'check_point_delta_t' not an argument of 'Pymultinest', removing.
01:48 INFO    : Using sampler Pymultinest with kwargs {'importance_nested_sampling': False, 'resume': True, 'verbose': True, 'sampling_efficiency': 'parameter', 'n_live_points': 2048, 'n_params': 5, 'n_clustering_params': None, 'wrapped_params': None, 'multimodal': True, 'const_efficiency_mode': False, 'evidence_tolerance': 0.5, 'n_iter_before_update': 100, 'null_log_evidence': -1e+90, 'max_modes': 100, 'mode_tolerance': -1e+90, 'seed': 42, 'context': 0, 'write_output': True, 'log_zero': -1e+100, 'max_iter': 0, 'init_MPI': False, 'dump_callback': <bound method Pymultinest._dump_callback of <bilby.core.sampler.pymultinest.Pymultinest object at 0x1555017b7f70>>}
01:48 INFO    : Temporary directory incompatible with MPI, will run in original directory
01:48 INFO    : Using output file outdirBNSBu32cores/pm_Simu2019lm/
01:48 WARNING : Supplied argument 'queue_size' not an argument of 'Pymultinest', removing.
01:48 WARNING : Supplied argument 'check_point_delta_t' not an argument of 'Pymultinest', removing.
01:48 INFO    : Using sampler Pymultinest with kwargs {'importance_nested_sampling': False, 'resume': True, 'verbose': True, 'sampling_efficiency': 'parameter', 'n_live_points': 2048, 'n_params': 5, 'n_clustering_params': None, 'wrapped_params': None, 'multimodal': True, 'const_efficiency_mode': False, 'evidence_tolerance': 0.5, 'n_iter_before_update': 100, 'null_log_evidence': -1e+90, 'max_modes': 100, 'mode_tolerance': -1e+90, 'seed': 42, 'context': 0, 'write_output': True, 'log_zero': -1e+100, 'max_iter': 0, 'init_MPI': False, 'dump_callback': <bound method Pymultinest._dump_callback of <bilby.core.sampler.pymultinest.Pymultinest object at 0x1555017bbeb0>>}
01:48 INFO    : Temporary directory incompatible with MPI, will run in original directory
01:48 INFO    : Using output file outdirBNSBu32cores/pm_Simu2019lm/
02:09 INFO    : Sampling time: 0:21:34.012262
02:09 INFO    : Sampling time: 0:21:34.013255
02:09 INFO    : Sampling time: 0:21:07.658715
02:09 INFO    : Sampling time: 0:21:07.457392
02:09 INFO    : Sampling time: 0:21:08.642845
02:09 INFO    : Sampling time: 0:21:07.841690
02:09 INFO    : Sampling time: 0:21:08.570477
02:09 INFO    : Sampling time: 0:21:08.924827
02:09 INFO    : Sampling time: 0:21:08.295794
02:09 INFO    : Sampling time: 0:21:07.485010
02:09 INFO    : Sampling time: 0:21:08.996707
02:09 INFO    : Sampling time: 0:21:08.389077
02:09 INFO    : Sampling time: 0:21:07.590558
02:09 INFO    : Sampling time: 0:21:07.432876
02:09 INFO    : Sampling time: 0:21:08.296685
02:09 INFO    : Sampling time: 0:21:08.237728
02:09 INFO    : Sampling time: 0:21:05.987177
02:09 INFO    : Sampling time: 0:21:05.830710
02:09 INFO    : Sampling time: 0:21:05.778490
02:09 INFO    : Sampling time: 0:21:04.262455
02:09 INFO    : Sampling time: 0:21:04.590634
02:09 INFO    : Sampling time: 0:21:04.276325
02:09 INFO    : Sampling time: 0:21:05.511780
02:09 INFO    : Sampling time: 0:21:05.467783
02:09 INFO    : Sampling time: 0:21:05.511027
02:09 INFO    : Sampling time: 0:21:04.208950
02:09 INFO    : Sampling time: 0:21:04.351354
02:09 INFO    : Sampling time: 0:21:04.516072
02:09 INFO    : Sampling time: 0:21:04.263664
02:09 INFO    : Sampling time: 0:21:05.512016
02:09 INFO    : Sampling time: 0:21:05.913970
02:09 INFO    : Sampling time: 0:21:04.212447
02:09 ERROR   : 

Saving the data has failed with the following message:
[Errno 116] Stale file handle
Data has been dumped to outdirBNSBu32cores/Simu2019lm_result.pkl.


02:09 INFO    : Summary of results:
nsamples: 11422
ln_noise_evidence:  0.000
ln_evidence: -97.658 +/-  0.057
ln_bayes_factor: -97.658 +/-  0.057

02:09 INFO    : Summary of results:
nsamples: 11422
ln_noise_evidence:  0.000
ln_evidence: -97.658 +/-  0.057
ln_bayes_factor: -97.658 +/-  0.057

02:09 INFO    : Summary of results:
nsamples: 11422
ln_noise_evidence:  0.000
ln_evidence: -97.658 +/-  0.057
ln_bayes_factor: -97.658 +/-  0.057

02:09 INFO    : Writing samples file to /home/thussenot/kilonovae-H0/lcsimu/1perday6/grizyJHK/outdirBNSBu32cores/Simu2019lm_posterior_samples.dat
02:09 INFO    : Summary of results:
nsamples: 11422
ln_noise_evidence:  0.000
ln_evidence: -97.658 +/-  0.057
ln_bayes_factor: -97.658 +/-  0.057

02:09 INFO    : Summary of results:
nsamples: 11422
ln_noise_evidence:  0.000
ln_evidence: -97.658 +/-  0.057
ln_bayes_factor: -97.658 +/-  0.057

02:09 INFO    : Summary of results:
nsamples: 11422
ln_noise_evidence:  0.000
ln_evidence: -97.658 +/-  0.057
ln_bayes_factor: -97.658 +/-  0.057

02:09 INFO    : Summary of results:
nsamples: 11422
ln_noise_evidence:  0.000
ln_evidence: -97.658 +/-  0.057
ln_bayes_factor: -97.658 +/-  0.057

02:09 INFO    : Summary of results:
nsamples: 11422
ln_noise_evidence:  0.000
ln_evidence: -97.658 +/-  0.057
ln_bayes_factor: -97.658 +/-  0.057

02:09 INFO    : Summary of results:
nsamples: 11422
ln_noise_evidence:  0.000
ln_evidence: -97.658 +/-  0.057
ln_bayes_factor: -97.658 +/-  0.057

04:53 INFO    : Running for label 'Simu2019lm', output will be saved to 'outdirBNSBu32cores'
04:53 INFO    : Analysis priors:
04:53 INFO    : KNphi=Uniform(minimum=15.0, maximum=75.0, name='KNphi', latex_label='$\\Phi$', unit=None, boundary=None)
04:53 INFO    : log10_mej_dyn=Uniform(minimum=-3.0, maximum=-1.0, name='log10_mej_dyn', latex_label='$\\log_{10}M^{\\rm{dyn}}_{\\rm{ej}}$', unit=None, boundary='reflective')
04:53 INFO    : log10_mej_wind=Uniform(minimum=-3.0, maximum=-0.5, name='log10_mej_wind', latex_label='$\\log_{10}M^{\\rm{wind}}_{\\rm{ej}}$', unit=None, boundary='reflective')
04:53 INFO    : inclination_EM=Sine(minimum=0.0, maximum=1.5707963267948966, name='inclination_EM', latex_label='$\\iota$', unit=None, boundary=None)
04:53 INFO    : luminosity_distance=LogUniform(minimum=1, maximum=500, name='luminosity_distance', latex_label='$D_L$', unit=None, boundary=None)
04:53 INFO    : timeshift=0.0
04:53 INFO    : em_syserr=1.0
04:53 INFO    : Ebv=0.0
04:53 INFO    : Analysis likelihood class: <class 'nmma.em.likelihood.OpticalLightCurve'>
04:53 INFO    : Analysis likelihood noise evidence: 0.0
04:53 INFO    : Single likelihood evaluation took 5.992e-02 s
04:53 WARNING : Supplied argument 'queue_size' not an argument of 'Pymultinest', removing.
04:53 WARNING : Supplied argument 'check_point_delta_t' not an argument of 'Pymultinest', removing.
04:53 WARNING : Using cached result
04:53 INFO    : Summary of results:
nsamples: 11422
ln_noise_evidence:  0.000
ln_evidence: -97.658 +/-  0.057
ln_bayes_factor: -97.658 +/-  0.057

04:53 INFO    : Writing samples file to /home/thussenot/kilonovae-H0/lcsimu/1perday6/grizyJHK/outdirBNSBu32cores/Simu2019lm_posterior_samples.dat
