16:32 INFO    : Running for label 'AT170817', output will be saved to 'outdirBNSBu32cores'
16:32 INFO    : Running for label 'AT170817', output will be saved to 'outdirBNSBu32cores'
16:32 INFO    : Running for label 'AT170817', output will be saved to 'outdirBNSBu32cores'
16:32 INFO    : Running for label 'AT170817', output will be saved to 'outdirBNSBu32cores'
16:32 INFO    : Running for label 'AT170817', output will be saved to 'outdirBNSBu32cores'
16:32 INFO    : Running for label 'AT170817', output will be saved to 'outdirBNSBu32cores'
16:32 INFO    : Running for label 'AT170817', output will be saved to 'outdirBNSBu32cores'
16:32 INFO    : Running for label 'AT170817', output will be saved to 'outdirBNSBu32cores'
16:32 INFO    : Running for label 'AT170817', output will be saved to 'outdirBNSBu32cores'
16:32 INFO    : Running for label 'AT170817', output will be saved to 'outdirBNSBu32cores'
16:32 INFO    : Running for label 'AT170817', output will be saved to 'outdirBNSBu32cores'
16:32 INFO    : Running for label 'AT170817', output will be saved to 'outdirBNSBu32cores'
16:32 INFO    : Running for label 'AT170817', output will be saved to 'outdirBNSBu32cores'
16:32 INFO    : Running for label 'AT170817', output will be saved to 'outdirBNSBu32cores'
16:32 INFO    : Running for label 'AT170817', output will be saved to 'outdirBNSBu32cores'
16:32 INFO    : Running for label 'AT170817', output will be saved to 'outdirBNSBu32cores'
16:32 INFO    : Running for label 'AT170817', output will be saved to 'outdirBNSBu32cores'
16:32 INFO    : Running for label 'AT170817', output will be saved to 'outdirBNSBu32cores'
16:32 INFO    : Running for label 'AT170817', output will be saved to 'outdirBNSBu32cores'
16:32 INFO    : Running for label 'AT170817', output will be saved to 'outdirBNSBu32cores'
16:32 INFO    : Running for label 'AT170817', output will be saved to 'outdirBNSBu32cores'
16:32 INFO    : Running for label 'AT170817', output will be saved to 'outdirBNSBu32cores'
16:32 INFO    : Running for label 'AT170817', output will be saved to 'outdirBNSBu32cores'
16:32 INFO    : Running for label 'AT170817', output will be saved to 'outdirBNSBu32cores'
16:32 INFO    : Running for label 'AT170817', output will be saved to 'outdirBNSBu32cores'
16:32 INFO    : Running for label 'AT170817', output will be saved to 'outdirBNSBu32cores'
16:32 INFO    : Running for label 'AT170817', output will be saved to 'outdirBNSBu32cores'
16:32 INFO    : Running for label 'AT170817', output will be saved to 'outdirBNSBu32cores'
16:32 INFO    : Running for label 'AT170817', output will be saved to 'outdirBNSBu32cores'
16:32 INFO    : Running for label 'AT170817', output will be saved to 'outdirBNSBu32cores'
16:32 INFO    : Running for label 'AT170817', output will be saved to 'outdirBNSBu32cores'
16:32 INFO    : Running for label 'AT170817', output will be saved to 'outdirBNSBu32cores'
16:32 INFO    : Analysis priors:
16:32 INFO    : Analysis priors:
16:32 INFO    : Analysis priors:
16:32 INFO    : Analysis priors:
16:32 INFO    : Analysis priors:
16:32 INFO    : Analysis priors:
16:32 INFO    : Analysis priors:
16:32 INFO    : Analysis priors:
16:32 INFO    : Analysis priors:
16:32 INFO    : Analysis priors:
16:32 INFO    : Analysis priors:
16:32 INFO    : Analysis priors:
16:32 INFO    : log10_mej_dyn=Uniform(minimum=-3.0, maximum=-1.7, name='log10_mej_dyn', latex_label='$\\log_{10}M^{\\rm{dyn}}_{\\rm{ej}}$', unit=None, boundary=None)
16:32 INFO    : Analysis priors:
16:32 INFO    : Analysis priors:
16:32 INFO    : Analysis priors:
16:32 INFO    : Analysis priors:
16:32 INFO    : Analysis priors:
16:32 INFO    : Analysis priors:
16:32 INFO    : Analysis priors:
16:32 INFO    : Analysis priors:
16:32 INFO    : Analysis priors:
16:32 INFO    : Analysis priors:
16:32 INFO    : Analysis priors:
16:32 INFO    : Analysis priors:
16:32 INFO    : Analysis priors:
16:32 INFO    : Analysis priors:
16:32 INFO    : Analysis priors:
16:32 INFO    : Analysis priors:
16:32 INFO    : Analysis priors:
16:32 INFO    : vej_dyn=Uniform(minimum=0.12, maximum=0.25, name='vej_dyn', latex_label='$V^{\\rm{dyn}}_{\\rm{ej}}$', unit=None, boundary=None)
16:32 INFO    : log10_mej_dyn=Uniform(minimum=-3.0, maximum=-1.7, name='log10_mej_dyn', latex_label='$\\log_{10}M^{\\rm{dyn}}_{\\rm{ej}}$', unit=None, boundary=None)
16:32 INFO    : log10_mej_dyn=Uniform(minimum=-3.0, maximum=-1.7, name='log10_mej_dyn', latex_label='$\\log_{10}M^{\\rm{dyn}}_{\\rm{ej}}$', unit=None, boundary=None)
16:32 INFO    : log10_mej_dyn=Uniform(minimum=-3.0, maximum=-1.7, name='log10_mej_dyn', latex_label='$\\log_{10}M^{\\rm{dyn}}_{\\rm{ej}}$', unit=None, boundary=None)
16:32 INFO    : log10_mej_dyn=Uniform(minimum=-3.0, maximum=-1.7, name='log10_mej_dyn', latex_label='$\\log_{10}M^{\\rm{dyn}}_{\\rm{ej}}$', unit=None, boundary=None)
16:32 INFO    : log10_mej_dyn=Uniform(minimum=-3.0, maximum=-1.7, name='log10_mej_dyn', latex_label='$\\log_{10}M^{\\rm{dyn}}_{\\rm{ej}}$', unit=None, boundary=None)
16:32 INFO    : log10_mej_dyn=Uniform(minimum=-3.0, maximum=-1.7, name='log10_mej_dyn', latex_label='$\\log_{10}M^{\\rm{dyn}}_{\\rm{ej}}$', unit=None, boundary=None)
16:32 INFO    : log10_mej_dyn=Uniform(minimum=-3.0, maximum=-1.7, name='log10_mej_dyn', latex_label='$\\log_{10}M^{\\rm{dyn}}_{\\rm{ej}}$', unit=None, boundary=None)
16:32 INFO    : log10_mej_dyn=Uniform(minimum=-3.0, maximum=-1.7, name='log10_mej_dyn', latex_label='$\\log_{10}M^{\\rm{dyn}}_{\\rm{ej}}$', unit=None, boundary=None)
16:32 INFO    : log10_mej_dyn=Uniform(minimum=-3.0, maximum=-1.7, name='log10_mej_dyn', latex_label='$\\log_{10}M^{\\rm{dyn}}_{\\rm{ej}}$', unit=None, boundary=None)
16:32 INFO    : log10_mej_dyn=Uniform(minimum=-3.0, maximum=-1.7, name='log10_mej_dyn', latex_label='$\\log_{10}M^{\\rm{dyn}}_{\\rm{ej}}$', unit=None, boundary=None)
16:32 INFO    : log10_mej_dyn=Uniform(minimum=-3.0, maximum=-1.7, name='log10_mej_dyn', latex_label='$\\log_{10}M^{\\rm{dyn}}_{\\rm{ej}}$', unit=None, boundary=None)
16:32 INFO    : Yedyn=Uniform(minimum=0.15, maximum=0.3, name='Yedyn', latex_label='$Y_{\\rm{edyn}}$', unit=None, boundary=None)
16:32 INFO    : vej_dyn=Uniform(minimum=0.12, maximum=0.25, name='vej_dyn', latex_label='$V^{\\rm{dyn}}_{\\rm{ej}}$', unit=None, boundary=None)
16:32 INFO    : vej_dyn=Uniform(minimum=0.12, maximum=0.25, name='vej_dyn', latex_label='$V^{\\rm{dyn}}_{\\rm{ej}}$', unit=None, boundary=None)
16:32 INFO    : log10_mej_dyn=Uniform(minimum=-3.0, maximum=-1.7, name='log10_mej_dyn', latex_label='$\\log_{10}M^{\\rm{dyn}}_{\\rm{ej}}$', unit=None, boundary=None)
16:32 INFO    : log10_mej_dyn=Uniform(minimum=-3.0, maximum=-1.7, name='log10_mej_dyn', latex_label='$\\log_{10}M^{\\rm{dyn}}_{\\rm{ej}}$', unit=None, boundary=None)
16:32 INFO    : vej_dyn=Uniform(minimum=0.12, maximum=0.25, name='vej_dyn', latex_label='$V^{\\rm{dyn}}_{\\rm{ej}}$', unit=None, boundary=None)
16:32 INFO    : log10_mej_dyn=Uniform(minimum=-3.0, maximum=-1.7, name='log10_mej_dyn', latex_label='$\\log_{10}M^{\\rm{dyn}}_{\\rm{ej}}$', unit=None, boundary=None)
16:32 INFO    : log10_mej_dyn=Uniform(minimum=-3.0, maximum=-1.7, name='log10_mej_dyn', latex_label='$\\log_{10}M^{\\rm{dyn}}_{\\rm{ej}}$', unit=None, boundary=None)
16:32 INFO    : vej_dyn=Uniform(minimum=0.12, maximum=0.25, name='vej_dyn', latex_label='$V^{\\rm{dyn}}_{\\rm{ej}}$', unit=None, boundary=None)
16:32 INFO    : log10_mej_dyn=Uniform(minimum=-3.0, maximum=-1.7, name='log10_mej_dyn', latex_label='$\\log_{10}M^{\\rm{dyn}}_{\\rm{ej}}$', unit=None, boundary=None)
16:32 INFO    : log10_mej_dyn=Uniform(minimum=-3.0, maximum=-1.7, name='log10_mej_dyn', latex_label='$\\log_{10}M^{\\rm{dyn}}_{\\rm{ej}}$', unit=None, boundary=None)
16:32 INFO    : vej_dyn=Uniform(minimum=0.12, maximum=0.25, name='vej_dyn', latex_label='$V^{\\rm{dyn}}_{\\rm{ej}}$', unit=None, boundary=None)
16:32 INFO    : vej_dyn=Uniform(minimum=0.12, maximum=0.25, name='vej_dyn', latex_label='$V^{\\rm{dyn}}_{\\rm{ej}}$', unit=None, boundary=None)
16:32 INFO    : log10_mej_dyn=Uniform(minimum=-3.0, maximum=-1.7, name='log10_mej_dyn', latex_label='$\\log_{10}M^{\\rm{dyn}}_{\\rm{ej}}$', unit=None, boundary=None)
16:32 INFO    : log10_mej_dyn=Uniform(minimum=-3.0, maximum=-1.7, name='log10_mej_dyn', latex_label='$\\log_{10}M^{\\rm{dyn}}_{\\rm{ej}}$', unit=None, boundary=None)
16:32 INFO    : log10_mej_dyn=Uniform(minimum=-3.0, maximum=-1.7, name='log10_mej_dyn', latex_label='$\\log_{10}M^{\\rm{dyn}}_{\\rm{ej}}$', unit=None, boundary=None)
16:32 INFO    : vej_dyn=Uniform(minimum=0.12, maximum=0.25, name='vej_dyn', latex_label='$V^{\\rm{dyn}}_{\\rm{ej}}$', unit=None, boundary=None)
16:32 INFO    : vej_dyn=Uniform(minimum=0.12, maximum=0.25, name='vej_dyn', latex_label='$V^{\\rm{dyn}}_{\\rm{ej}}$', unit=None, boundary=None)
16:32 INFO    : vej_dyn=Uniform(minimum=0.12, maximum=0.25, name='vej_dyn', latex_label='$V^{\\rm{dyn}}_{\\rm{ej}}$', unit=None, boundary=None)
16:32 INFO    : vej_dyn=Uniform(minimum=0.12, maximum=0.25, name='vej_dyn', latex_label='$V^{\\rm{dyn}}_{\\rm{ej}}$', unit=None, boundary=None)
16:32 INFO    : vej_dyn=Uniform(minimum=0.12, maximum=0.25, name='vej_dyn', latex_label='$V^{\\rm{dyn}}_{\\rm{ej}}$', unit=None, boundary=None)
16:32 INFO    : log10_mej_dyn=Uniform(minimum=-3.0, maximum=-1.7, name='log10_mej_dyn', latex_label='$\\log_{10}M^{\\rm{dyn}}_{\\rm{ej}}$', unit=None, boundary=None)
16:32 INFO    : log10_mej_wind=Uniform(minimum=-2.0, maximum=-0.89, name='log10_mej_wind', latex_label='$\\log_{10}M^{\\rm{wind}}_{\\rm{ej}}$', unit=None, boundary=None)
16:32 INFO    : log10_mej_dyn=Uniform(minimum=-3.0, maximum=-1.7, name='log10_mej_dyn', latex_label='$\\log_{10}M^{\\rm{dyn}}_{\\rm{ej}}$', unit=None, boundary=None)
16:32 INFO    : log10_mej_dyn=Uniform(minimum=-3.0, maximum=-1.7, name='log10_mej_dyn', latex_label='$\\log_{10}M^{\\rm{dyn}}_{\\rm{ej}}$', unit=None, boundary=None)
16:32 INFO    : log10_mej_dyn=Uniform(minimum=-3.0, maximum=-1.7, name='log10_mej_dyn', latex_label='$\\log_{10}M^{\\rm{dyn}}_{\\rm{ej}}$', unit=None, boundary=None)
16:32 INFO    : log10_mej_dyn=Uniform(minimum=-3.0, maximum=-1.7, name='log10_mej_dyn', latex_label='$\\log_{10}M^{\\rm{dyn}}_{\\rm{ej}}$', unit=None, boundary=None)
16:32 INFO    : log10_mej_dyn=Uniform(minimum=-3.0, maximum=-1.7, name='log10_mej_dyn', latex_label='$\\log_{10}M^{\\rm{dyn}}_{\\rm{ej}}$', unit=None, boundary=None)
16:32 INFO    : log10_mej_dyn=Uniform(minimum=-3.0, maximum=-1.7, name='log10_mej_dyn', latex_label='$\\log_{10}M^{\\rm{dyn}}_{\\rm{ej}}$', unit=None, boundary=None)
16:32 INFO    : Yedyn=Uniform(minimum=0.15, maximum=0.3, name='Yedyn', latex_label='$Y_{\\rm{edyn}}$', unit=None, boundary=None)
16:32 INFO    : log10_mej_dyn=Uniform(minimum=-3.0, maximum=-1.7, name='log10_mej_dyn', latex_label='$\\log_{10}M^{\\rm{dyn}}_{\\rm{ej}}$', unit=None, boundary=None)
16:32 INFO    : Yedyn=Uniform(minimum=0.15, maximum=0.3, name='Yedyn', latex_label='$Y_{\\rm{edyn}}$', unit=None, boundary=None)
16:32 INFO    : Yedyn=Uniform(minimum=0.15, maximum=0.3, name='Yedyn', latex_label='$Y_{\\rm{edyn}}$', unit=None, boundary=None)
16:32 INFO    : Yedyn=Uniform(minimum=0.15, maximum=0.3, name='Yedyn', latex_label='$Y_{\\rm{edyn}}$', unit=None, boundary=None)
16:32 INFO    : Yedyn=Uniform(minimum=0.15, maximum=0.3, name='Yedyn', latex_label='$Y_{\\rm{edyn}}$', unit=None, boundary=None)
16:32 INFO    : vej_dyn=Uniform(minimum=0.12, maximum=0.25, name='vej_dyn', latex_label='$V^{\\rm{dyn}}_{\\rm{ej}}$', unit=None, boundary=None)
16:32 INFO    : vej_dyn=Uniform(minimum=0.12, maximum=0.25, name='vej_dyn', latex_label='$V^{\\rm{dyn}}_{\\rm{ej}}$', unit=None, boundary=None)
16:32 INFO    : Yedyn=Uniform(minimum=0.15, maximum=0.3, name='Yedyn', latex_label='$Y_{\\rm{edyn}}$', unit=None, boundary=None)
16:32 INFO    : vej_dyn=Uniform(minimum=0.12, maximum=0.25, name='vej_dyn', latex_label='$V^{\\rm{dyn}}_{\\rm{ej}}$', unit=None, boundary=None)
16:32 INFO    : vej_dyn=Uniform(minimum=0.12, maximum=0.25, name='vej_dyn', latex_label='$V^{\\rm{dyn}}_{\\rm{ej}}$', unit=None, boundary=None)
16:32 INFO    : vej_dyn=Uniform(minimum=0.12, maximum=0.25, name='vej_dyn', latex_label='$V^{\\rm{dyn}}_{\\rm{ej}}$', unit=None, boundary=None)
16:32 INFO    : vej_dyn=Uniform(minimum=0.12, maximum=0.25, name='vej_dyn', latex_label='$V^{\\rm{dyn}}_{\\rm{ej}}$', unit=None, boundary=None)
16:32 INFO    : Yedyn=Uniform(minimum=0.15, maximum=0.3, name='Yedyn', latex_label='$Y_{\\rm{edyn}}$', unit=None, boundary=None)
16:32 INFO    : Yedyn=Uniform(minimum=0.15, maximum=0.3, name='Yedyn', latex_label='$Y_{\\rm{edyn}}$', unit=None, boundary=None)
16:32 INFO    : vej_dyn=Uniform(minimum=0.12, maximum=0.25, name='vej_dyn', latex_label='$V^{\\rm{dyn}}_{\\rm{ej}}$', unit=None, boundary=None)
16:32 INFO    : Yedyn=Uniform(minimum=0.15, maximum=0.3, name='Yedyn', latex_label='$Y_{\\rm{edyn}}$', unit=None, boundary=None)
16:32 INFO    : vej_dyn=Uniform(minimum=0.12, maximum=0.25, name='vej_dyn', latex_label='$V^{\\rm{dyn}}_{\\rm{ej}}$', unit=None, boundary=None)
16:32 INFO    : vej_dyn=Uniform(minimum=0.12, maximum=0.25, name='vej_dyn', latex_label='$V^{\\rm{dyn}}_{\\rm{ej}}$', unit=None, boundary=None)
16:32 INFO    : Yedyn=Uniform(minimum=0.15, maximum=0.3, name='Yedyn', latex_label='$Y_{\\rm{edyn}}$', unit=None, boundary=None)
16:32 INFO    : Yedyn=Uniform(minimum=0.15, maximum=0.3, name='Yedyn', latex_label='$Y_{\\rm{edyn}}$', unit=None, boundary=None)
16:32 INFO    : vej_wind=Uniform(minimum=0.03, maximum=0.15, name='vej_wind', latex_label='$V^{\\rm{wind}}_{\\rm{ej}}$', unit=None, boundary=None)
16:32 INFO    : vej_dyn=Uniform(minimum=0.12, maximum=0.25, name='vej_dyn', latex_label='$V^{\\rm{dyn}}_{\\rm{ej}}$', unit=None, boundary=None)
16:32 INFO    : vej_dyn=Uniform(minimum=0.12, maximum=0.25, name='vej_dyn', latex_label='$V^{\\rm{dyn}}_{\\rm{ej}}$', unit=None, boundary=None)
16:32 INFO    : vej_dyn=Uniform(minimum=0.12, maximum=0.25, name='vej_dyn', latex_label='$V^{\\rm{dyn}}_{\\rm{ej}}$', unit=None, boundary=None)
16:32 INFO    : log10_mej_wind=Uniform(minimum=-2.0, maximum=-0.89, name='log10_mej_wind', latex_label='$\\log_{10}M^{\\rm{wind}}_{\\rm{ej}}$', unit=None, boundary=None)
16:32 INFO    : vej_dyn=Uniform(minimum=0.12, maximum=0.25, name='vej_dyn', latex_label='$V^{\\rm{dyn}}_{\\rm{ej}}$', unit=None, boundary=None)
16:32 INFO    : vej_dyn=Uniform(minimum=0.12, maximum=0.25, name='vej_dyn', latex_label='$V^{\\rm{dyn}}_{\\rm{ej}}$', unit=None, boundary=None)
16:32 INFO    : log10_mej_wind=Uniform(minimum=-2.0, maximum=-0.89, name='log10_mej_wind', latex_label='$\\log_{10}M^{\\rm{wind}}_{\\rm{ej}}$', unit=None, boundary=None)
16:32 INFO    : Yedyn=Uniform(minimum=0.15, maximum=0.3, name='Yedyn', latex_label='$Y_{\\rm{edyn}}$', unit=None, boundary=None)
16:32 INFO    : vej_dyn=Uniform(minimum=0.12, maximum=0.25, name='vej_dyn', latex_label='$V^{\\rm{dyn}}_{\\rm{ej}}$', unit=None, boundary=None)
16:32 INFO    : log10_mej_wind=Uniform(minimum=-2.0, maximum=-0.89, name='log10_mej_wind', latex_label='$\\log_{10}M^{\\rm{wind}}_{\\rm{ej}}$', unit=None, boundary=None)
16:32 INFO    : log10_mej_wind=Uniform(minimum=-2.0, maximum=-0.89, name='log10_mej_wind', latex_label='$\\log_{10}M^{\\rm{wind}}_{\\rm{ej}}$', unit=None, boundary=None)
16:32 INFO    : vej_dyn=Uniform(minimum=0.12, maximum=0.25, name='vej_dyn', latex_label='$V^{\\rm{dyn}}_{\\rm{ej}}$', unit=None, boundary=None)
16:32 INFO    : vej_dyn=Uniform(minimum=0.12, maximum=0.25, name='vej_dyn', latex_label='$V^{\\rm{dyn}}_{\\rm{ej}}$', unit=None, boundary=None)
16:32 INFO    : log10_mej_wind=Uniform(minimum=-2.0, maximum=-0.89, name='log10_mej_wind', latex_label='$\\log_{10}M^{\\rm{wind}}_{\\rm{ej}}$', unit=None, boundary=None)
16:32 INFO    : Yedyn=Uniform(minimum=0.15, maximum=0.3, name='Yedyn', latex_label='$Y_{\\rm{edyn}}$', unit=None, boundary=None)
16:32 INFO    : Yedyn=Uniform(minimum=0.15, maximum=0.3, name='Yedyn', latex_label='$Y_{\\rm{edyn}}$', unit=None, boundary=None)
16:32 INFO    : log10_mej_wind=Uniform(minimum=-2.0, maximum=-0.89, name='log10_mej_wind', latex_label='$\\log_{10}M^{\\rm{wind}}_{\\rm{ej}}$', unit=None, boundary=None)
16:32 INFO    : Yedyn=Uniform(minimum=0.15, maximum=0.3, name='Yedyn', latex_label='$Y_{\\rm{edyn}}$', unit=None, boundary=None)
16:32 INFO    : Yedyn=Uniform(minimum=0.15, maximum=0.3, name='Yedyn', latex_label='$Y_{\\rm{edyn}}$', unit=None, boundary=None)
16:32 INFO    : log10_mej_wind=Uniform(minimum=-2.0, maximum=-0.89, name='log10_mej_wind', latex_label='$\\log_{10}M^{\\rm{wind}}_{\\rm{ej}}$', unit=None, boundary=None)
16:32 INFO    : Yedyn=Uniform(minimum=0.15, maximum=0.3, name='Yedyn', latex_label='$Y_{\\rm{edyn}}$', unit=None, boundary=None)
16:32 INFO    : log10_mej_wind=Uniform(minimum=-2.0, maximum=-0.89, name='log10_mej_wind', latex_label='$\\log_{10}M^{\\rm{wind}}_{\\rm{ej}}$', unit=None, boundary=None)
16:32 INFO    : Yedyn=Uniform(minimum=0.15, maximum=0.3, name='Yedyn', latex_label='$Y_{\\rm{edyn}}$', unit=None, boundary=None)
16:32 INFO    : log10_mej_wind=Uniform(minimum=-2.0, maximum=-0.89, name='log10_mej_wind', latex_label='$\\log_{10}M^{\\rm{wind}}_{\\rm{ej}}$', unit=None, boundary=None)
16:32 INFO    : Yedyn=Uniform(minimum=0.15, maximum=0.3, name='Yedyn', latex_label='$Y_{\\rm{edyn}}$', unit=None, boundary=None)
16:32 INFO    : Yedyn=Uniform(minimum=0.15, maximum=0.3, name='Yedyn', latex_label='$Y_{\\rm{edyn}}$', unit=None, boundary=None)
16:32 INFO    : log10_mej_wind=Uniform(minimum=-2.0, maximum=-0.89, name='log10_mej_wind', latex_label='$\\log_{10}M^{\\rm{wind}}_{\\rm{ej}}$', unit=None, boundary=None)
16:32 INFO    : log10_mej_wind=Uniform(minimum=-2.0, maximum=-0.89, name='log10_mej_wind', latex_label='$\\log_{10}M^{\\rm{wind}}_{\\rm{ej}}$', unit=None, boundary=None)
16:32 INFO    : inclination_EM=Sine(minimum=0.0, maximum=1.5707963267948966, name='inclination_EM', latex_label='$\\iota$', unit=None, boundary=None)
16:32 INFO    : Yedyn=Uniform(minimum=0.15, maximum=0.3, name='Yedyn', latex_label='$Y_{\\rm{edyn}}$', unit=None, boundary=None)
16:32 INFO    : Yedyn=Uniform(minimum=0.15, maximum=0.3, name='Yedyn', latex_label='$Y_{\\rm{edyn}}$', unit=None, boundary=None)
16:32 INFO    : Yedyn=Uniform(minimum=0.15, maximum=0.3, name='Yedyn', latex_label='$Y_{\\rm{edyn}}$', unit=None, boundary=None)
16:32 INFO    : vej_wind=Uniform(minimum=0.03, maximum=0.15, name='vej_wind', latex_label='$V^{\\rm{wind}}_{\\rm{ej}}$', unit=None, boundary=None)
16:32 INFO    : Yedyn=Uniform(minimum=0.15, maximum=0.3, name='Yedyn', latex_label='$Y_{\\rm{edyn}}$', unit=None, boundary=None)
16:32 INFO    : vej_wind=Uniform(minimum=0.03, maximum=0.15, name='vej_wind', latex_label='$V^{\\rm{wind}}_{\\rm{ej}}$', unit=None, boundary=None)
16:32 INFO    : Yedyn=Uniform(minimum=0.15, maximum=0.3, name='Yedyn', latex_label='$Y_{\\rm{edyn}}$', unit=None, boundary=None)
16:32 INFO    : log10_mej_wind=Uniform(minimum=-2.0, maximum=-0.89, name='log10_mej_wind', latex_label='$\\log_{10}M^{\\rm{wind}}_{\\rm{ej}}$', unit=None, boundary=None)
16:32 INFO    : vej_wind=Uniform(minimum=0.03, maximum=0.15, name='vej_wind', latex_label='$V^{\\rm{wind}}_{\\rm{ej}}$', unit=None, boundary=None)
16:32 INFO    : vej_wind=Uniform(minimum=0.03, maximum=0.15, name='vej_wind', latex_label='$V^{\\rm{wind}}_{\\rm{ej}}$', unit=None, boundary=None)
16:32 INFO    : vej_wind=Uniform(minimum=0.03, maximum=0.15, name='vej_wind', latex_label='$V^{\\rm{wind}}_{\\rm{ej}}$', unit=None, boundary=None)
16:32 INFO    : Yedyn=Uniform(minimum=0.15, maximum=0.3, name='Yedyn', latex_label='$Y_{\\rm{edyn}}$', unit=None, boundary=None)
16:32 INFO    : Yedyn=Uniform(minimum=0.15, maximum=0.3, name='Yedyn', latex_label='$Y_{\\rm{edyn}}$', unit=None, boundary=None)
16:32 INFO    : vej_wind=Uniform(minimum=0.03, maximum=0.15, name='vej_wind', latex_label='$V^{\\rm{wind}}_{\\rm{ej}}$', unit=None, boundary=None)
16:32 INFO    : log10_mej_wind=Uniform(minimum=-2.0, maximum=-0.89, name='log10_mej_wind', latex_label='$\\log_{10}M^{\\rm{wind}}_{\\rm{ej}}$', unit=None, boundary=None)
16:32 INFO    : log10_mej_wind=Uniform(minimum=-2.0, maximum=-0.89, name='log10_mej_wind', latex_label='$\\log_{10}M^{\\rm{wind}}_{\\rm{ej}}$', unit=None, boundary=None)
16:32 INFO    : Yedyn=Uniform(minimum=0.15, maximum=0.3, name='Yedyn', latex_label='$Y_{\\rm{edyn}}$', unit=None, boundary=None)
16:32 INFO    : log10_mej_wind=Uniform(minimum=-2.0, maximum=-0.89, name='log10_mej_wind', latex_label='$\\log_{10}M^{\\rm{wind}}_{\\rm{ej}}$', unit=None, boundary=None)
16:32 INFO    : log10_mej_wind=Uniform(minimum=-2.0, maximum=-0.89, name='log10_mej_wind', latex_label='$\\log_{10}M^{\\rm{wind}}_{\\rm{ej}}$', unit=None, boundary=None)
16:32 INFO    : vej_wind=Uniform(minimum=0.03, maximum=0.15, name='vej_wind', latex_label='$V^{\\rm{wind}}_{\\rm{ej}}$', unit=None, boundary=None)
16:32 INFO    : vej_wind=Uniform(minimum=0.03, maximum=0.15, name='vej_wind', latex_label='$V^{\\rm{wind}}_{\\rm{ej}}$', unit=None, boundary=None)
16:32 INFO    : log10_mej_wind=Uniform(minimum=-2.0, maximum=-0.89, name='log10_mej_wind', latex_label='$\\log_{10}M^{\\rm{wind}}_{\\rm{ej}}$', unit=None, boundary=None)
16:32 INFO    : log10_mej_wind=Uniform(minimum=-2.0, maximum=-0.89, name='log10_mej_wind', latex_label='$\\log_{10}M^{\\rm{wind}}_{\\rm{ej}}$', unit=None, boundary=None)
16:32 INFO    : vej_wind=Uniform(minimum=0.03, maximum=0.15, name='vej_wind', latex_label='$V^{\\rm{wind}}_{\\rm{ej}}$', unit=None, boundary=None)
16:32 INFO    : log10_mej_wind=Uniform(minimum=-2.0, maximum=-0.89, name='log10_mej_wind', latex_label='$\\log_{10}M^{\\rm{wind}}_{\\rm{ej}}$', unit=None, boundary=None)
16:32 INFO    : log10_mej_wind=Uniform(minimum=-2.0, maximum=-0.89, name='log10_mej_wind', latex_label='$\\log_{10}M^{\\rm{wind}}_{\\rm{ej}}$', unit=None, boundary=None)
16:32 INFO    : vej_wind=Uniform(minimum=0.03, maximum=0.15, name='vej_wind', latex_label='$V^{\\rm{wind}}_{\\rm{ej}}$', unit=None, boundary=None)
16:32 INFO    : vej_wind=Uniform(minimum=0.03, maximum=0.15, name='vej_wind', latex_label='$V^{\\rm{wind}}_{\\rm{ej}}$', unit=None, boundary=None)
16:32 INFO    : log10_mej_wind=Uniform(minimum=-2.0, maximum=-0.89, name='log10_mej_wind', latex_label='$\\log_{10}M^{\\rm{wind}}_{\\rm{ej}}$', unit=None, boundary=None)
16:32 INFO    : log10_mej_wind=Uniform(minimum=-2.0, maximum=-0.89, name='log10_mej_wind', latex_label='$\\log_{10}M^{\\rm{wind}}_{\\rm{ej}}$', unit=None, boundary=None)
16:32 INFO    : log10_mej_wind=Uniform(minimum=-2.0, maximum=-0.89, name='log10_mej_wind', latex_label='$\\log_{10}M^{\\rm{wind}}_{\\rm{ej}}$', unit=None, boundary=None)
16:32 INFO    : inclination_EM=Sine(minimum=0.0, maximum=1.5707963267948966, name='inclination_EM', latex_label='$\\iota$', unit=None, boundary=None)
16:32 INFO    : log10_mej_wind=Uniform(minimum=-2.0, maximum=-0.89, name='log10_mej_wind', latex_label='$\\log_{10}M^{\\rm{wind}}_{\\rm{ej}}$', unit=None, boundary=None)
16:32 INFO    : vej_wind=Uniform(minimum=0.03, maximum=0.15, name='vej_wind', latex_label='$V^{\\rm{wind}}_{\\rm{ej}}$', unit=None, boundary=None)
16:32 INFO    : inclination_EM=Sine(minimum=0.0, maximum=1.5707963267948966, name='inclination_EM', latex_label='$\\iota$', unit=None, boundary=None)
16:32 INFO    : log10_mej_wind=Uniform(minimum=-2.0, maximum=-0.89, name='log10_mej_wind', latex_label='$\\log_{10}M^{\\rm{wind}}_{\\rm{ej}}$', unit=None, boundary=None)
16:32 INFO    : inclination_EM=Sine(minimum=0.0, maximum=1.5707963267948966, name='inclination_EM', latex_label='$\\iota$', unit=None, boundary=None)
16:32 INFO    : inclination_EM=Sine(minimum=0.0, maximum=1.5707963267948966, name='inclination_EM', latex_label='$\\iota$', unit=None, boundary=None)
16:32 INFO    : log10_mej_wind=Uniform(minimum=-2.0, maximum=-0.89, name='log10_mej_wind', latex_label='$\\log_{10}M^{\\rm{wind}}_{\\rm{ej}}$', unit=None, boundary=None)
16:32 INFO    : inclination_EM=Sine(minimum=0.0, maximum=1.5707963267948966, name='inclination_EM', latex_label='$\\iota$', unit=None, boundary=None)
16:32 INFO    : log10_mej_wind=Uniform(minimum=-2.0, maximum=-0.89, name='log10_mej_wind', latex_label='$\\log_{10}M^{\\rm{wind}}_{\\rm{ej}}$', unit=None, boundary=None)
16:32 INFO    : vej_wind=Uniform(minimum=0.03, maximum=0.15, name='vej_wind', latex_label='$V^{\\rm{wind}}_{\\rm{ej}}$', unit=None, boundary=None)
16:32 INFO    : vej_wind=Uniform(minimum=0.03, maximum=0.15, name='vej_wind', latex_label='$V^{\\rm{wind}}_{\\rm{ej}}$', unit=None, boundary=None)
16:32 INFO    : inclination_EM=Sine(minimum=0.0, maximum=1.5707963267948966, name='inclination_EM', latex_label='$\\iota$', unit=None, boundary=None)
16:32 INFO    : vej_wind=Uniform(minimum=0.03, maximum=0.15, name='vej_wind', latex_label='$V^{\\rm{wind}}_{\\rm{ej}}$', unit=None, boundary=None)
16:32 INFO    : log10_mej_wind=Uniform(minimum=-2.0, maximum=-0.89, name='log10_mej_wind', latex_label='$\\log_{10}M^{\\rm{wind}}_{\\rm{ej}}$', unit=None, boundary=None)
16:32 INFO    : inclination_EM=Sine(minimum=0.0, maximum=1.5707963267948966, name='inclination_EM', latex_label='$\\iota$', unit=None, boundary=None)
16:32 INFO    : inclination_EM=Sine(minimum=0.0, maximum=1.5707963267948966, name='inclination_EM', latex_label='$\\iota$', unit=None, boundary=None)
16:32 INFO    : luminosity_distance=Uniform(minimum=0.0, maximum=200.0, name='luminosity_distance', latex_label='$D_L$', unit=None, boundary=None)
16:32 INFO    : vej_wind=Uniform(minimum=0.03, maximum=0.15, name='vej_wind', latex_label='$V^{\\rm{wind}}_{\\rm{ej}}$', unit=None, boundary=None)
16:32 INFO    : vej_wind=Uniform(minimum=0.03, maximum=0.15, name='vej_wind', latex_label='$V^{\\rm{wind}}_{\\rm{ej}}$', unit=None, boundary=None)
16:32 INFO    : vej_wind=Uniform(minimum=0.03, maximum=0.15, name='vej_wind', latex_label='$V^{\\rm{wind}}_{\\rm{ej}}$', unit=None, boundary=None)
16:32 INFO    : vej_wind=Uniform(minimum=0.03, maximum=0.15, name='vej_wind', latex_label='$V^{\\rm{wind}}_{\\rm{ej}}$', unit=None, boundary=None)
16:32 INFO    : vej_wind=Uniform(minimum=0.03, maximum=0.15, name='vej_wind', latex_label='$V^{\\rm{wind}}_{\\rm{ej}}$', unit=None, boundary=None)
16:32 INFO    : inclination_EM=Sine(minimum=0.0, maximum=1.5707963267948966, name='inclination_EM', latex_label='$\\iota$', unit=None, boundary=None)
16:32 INFO    : vej_wind=Uniform(minimum=0.03, maximum=0.15, name='vej_wind', latex_label='$V^{\\rm{wind}}_{\\rm{ej}}$', unit=None, boundary=None)
16:32 INFO    : vej_wind=Uniform(minimum=0.03, maximum=0.15, name='vej_wind', latex_label='$V^{\\rm{wind}}_{\\rm{ej}}$', unit=None, boundary=None)
16:32 INFO    : vej_wind=Uniform(minimum=0.03, maximum=0.15, name='vej_wind', latex_label='$V^{\\rm{wind}}_{\\rm{ej}}$', unit=None, boundary=None)
16:32 INFO    : inclination_EM=Sine(minimum=0.0, maximum=1.5707963267948966, name='inclination_EM', latex_label='$\\iota$', unit=None, boundary=None)
16:32 INFO    : inclination_EM=Sine(minimum=0.0, maximum=1.5707963267948966, name='inclination_EM', latex_label='$\\iota$', unit=None, boundary=None)
16:32 INFO    : timeshift=0.0
16:32 INFO    : vej_wind=Uniform(minimum=0.03, maximum=0.15, name='vej_wind', latex_label='$V^{\\rm{wind}}_{\\rm{ej}}$', unit=None, boundary=None)
16:32 INFO    : vej_wind=Uniform(minimum=0.03, maximum=0.15, name='vej_wind', latex_label='$V^{\\rm{wind}}_{\\rm{ej}}$', unit=None, boundary=None)
16:32 INFO    : inclination_EM=Sine(minimum=0.0, maximum=1.5707963267948966, name='inclination_EM', latex_label='$\\iota$', unit=None, boundary=None)
16:32 INFO    : vej_wind=Uniform(minimum=0.03, maximum=0.15, name='vej_wind', latex_label='$V^{\\rm{wind}}_{\\rm{ej}}$', unit=None, boundary=None)
16:32 INFO    : em_syserr=0.25
16:32 INFO    : vej_wind=Uniform(minimum=0.03, maximum=0.15, name='vej_wind', latex_label='$V^{\\rm{wind}}_{\\rm{ej}}$', unit=None, boundary=None)
16:32 INFO    : inclination_EM=Sine(minimum=0.0, maximum=1.5707963267948966, name='inclination_EM', latex_label='$\\iota$', unit=None, boundary=None)
16:32 INFO    : inclination_EM=Sine(minimum=0.0, maximum=1.5707963267948966, name='inclination_EM', latex_label='$\\iota$', unit=None, boundary=None)
16:32 INFO    : inclination_EM=Sine(minimum=0.0, maximum=1.5707963267948966, name='inclination_EM', latex_label='$\\iota$', unit=None, boundary=None)
16:32 INFO    : vej_wind=Uniform(minimum=0.03, maximum=0.15, name='vej_wind', latex_label='$V^{\\rm{wind}}_{\\rm{ej}}$', unit=None, boundary=None)
16:32 INFO    : Ebv=0.0
16:32 INFO    : inclination_EM=Sine(minimum=0.0, maximum=1.5707963267948966, name='inclination_EM', latex_label='$\\iota$', unit=None, boundary=None)
16:32 INFO    : inclination_EM=Sine(minimum=0.0, maximum=1.5707963267948966, name='inclination_EM', latex_label='$\\iota$', unit=None, boundary=None)
16:32 INFO    : inclination_EM=Sine(minimum=0.0, maximum=1.5707963267948966, name='inclination_EM', latex_label='$\\iota$', unit=None, boundary=None)
16:32 INFO    : inclination_EM=Sine(minimum=0.0, maximum=1.5707963267948966, name='inclination_EM', latex_label='$\\iota$', unit=None, boundary=None)
16:32 INFO    : inclination_EM=Sine(minimum=0.0, maximum=1.5707963267948966, name='inclination_EM', latex_label='$\\iota$', unit=None, boundary=None)
16:32 INFO    : luminosity_distance=Uniform(minimum=0.0, maximum=200.0, name='luminosity_distance', latex_label='$D_L$', unit=None, boundary=None)
16:32 INFO    : Analysis likelihood class: <class 'nmma.em.likelihood.OpticalLightCurve'>
16:32 INFO    : luminosity_distance=Uniform(minimum=0.0, maximum=200.0, name='luminosity_distance', latex_label='$D_L$', unit=None, boundary=None)
16:32 INFO    : luminosity_distance=Uniform(minimum=0.0, maximum=200.0, name='luminosity_distance', latex_label='$D_L$', unit=None, boundary=None)
16:32 INFO    : inclination_EM=Sine(minimum=0.0, maximum=1.5707963267948966, name='inclination_EM', latex_label='$\\iota$', unit=None, boundary=None)
16:32 INFO    : inclination_EM=Sine(minimum=0.0, maximum=1.5707963267948966, name='inclination_EM', latex_label='$\\iota$', unit=None, boundary=None)
16:32 INFO    : inclination_EM=Sine(minimum=0.0, maximum=1.5707963267948966, name='inclination_EM', latex_label='$\\iota$', unit=None, boundary=None)
16:32 INFO    : luminosity_distance=Uniform(minimum=0.0, maximum=200.0, name='luminosity_distance', latex_label='$D_L$', unit=None, boundary=None)
16:32 INFO    : luminosity_distance=Uniform(minimum=0.0, maximum=200.0, name='luminosity_distance', latex_label='$D_L$', unit=None, boundary=None)
16:32 INFO    : luminosity_distance=Uniform(minimum=0.0, maximum=200.0, name='luminosity_distance', latex_label='$D_L$', unit=None, boundary=None)
16:32 INFO    : inclination_EM=Sine(minimum=0.0, maximum=1.5707963267948966, name='inclination_EM', latex_label='$\\iota$', unit=None, boundary=None)
16:32 INFO    : inclination_EM=Sine(minimum=0.0, maximum=1.5707963267948966, name='inclination_EM', latex_label='$\\iota$', unit=None, boundary=None)
16:32 INFO    : timeshift=0.0
16:32 INFO    : Analysis likelihood noise evidence: 0.0
16:32 INFO    : inclination_EM=Sine(minimum=0.0, maximum=1.5707963267948966, name='inclination_EM', latex_label='$\\iota$', unit=None, boundary=None)
16:32 INFO    : timeshift=0.0
16:32 INFO    : timeshift=0.0
16:32 INFO    : Analysis priors:
16:32 INFO    : inclination_EM=Sine(minimum=0.0, maximum=1.5707963267948966, name='inclination_EM', latex_label='$\\iota$', unit=None, boundary=None)
16:32 INFO    : timeshift=0.0
16:32 INFO    : timeshift=0.0
16:32 INFO    : luminosity_distance=Uniform(minimum=0.0, maximum=200.0, name='luminosity_distance', latex_label='$D_L$', unit=None, boundary=None)
16:32 INFO    : timeshift=0.0
16:32 INFO    : inclination_EM=Sine(minimum=0.0, maximum=1.5707963267948966, name='inclination_EM', latex_label='$\\iota$', unit=None, boundary=None)
16:32 INFO    : luminosity_distance=Uniform(minimum=0.0, maximum=200.0, name='luminosity_distance', latex_label='$D_L$', unit=None, boundary=None)
16:32 INFO    : luminosity_distance=Uniform(minimum=0.0, maximum=200.0, name='luminosity_distance', latex_label='$D_L$', unit=None, boundary=None)
16:32 INFO    : em_syserr=0.25
16:32 INFO    : luminosity_distance=Uniform(minimum=0.0, maximum=200.0, name='luminosity_distance', latex_label='$D_L$', unit=None, boundary=None)
16:32 INFO    : luminosity_distance=Uniform(minimum=0.0, maximum=200.0, name='luminosity_distance', latex_label='$D_L$', unit=None, boundary=None)
16:32 INFO    : em_syserr=0.25
16:32 INFO    : luminosity_distance=Uniform(minimum=0.0, maximum=200.0, name='luminosity_distance', latex_label='$D_L$', unit=None, boundary=None)
16:32 INFO    : em_syserr=0.25
16:32 INFO    : em_syserr=0.25
16:32 INFO    : em_syserr=0.25
16:32 INFO    : timeshift=0.0
16:32 INFO    : luminosity_distance=Uniform(minimum=0.0, maximum=200.0, name='luminosity_distance', latex_label='$D_L$', unit=None, boundary=None)
16:32 INFO    : luminosity_distance=Uniform(minimum=0.0, maximum=200.0, name='luminosity_distance', latex_label='$D_L$', unit=None, boundary=None)
16:32 INFO    : luminosity_distance=Uniform(minimum=0.0, maximum=200.0, name='luminosity_distance', latex_label='$D_L$', unit=None, boundary=None)
16:32 INFO    : em_syserr=0.25
16:32 INFO    : Ebv=0.0
16:32 INFO    : timeshift=0.0
16:32 INFO    : timeshift=0.0
16:32 INFO    : timeshift=0.0
16:32 INFO    : Ebv=0.0
16:32 INFO    : Ebv=0.0
16:32 INFO    : timeshift=0.0
16:32 INFO    : timeshift=0.0
16:32 INFO    : Ebv=0.0
16:32 INFO    : timeshift=0.0
16:32 INFO    : Ebv=0.0
16:32 INFO    : em_syserr=0.25
16:32 INFO    : luminosity_distance=Uniform(minimum=0.0, maximum=200.0, name='luminosity_distance', latex_label='$D_L$', unit=None, boundary=None)
16:32 INFO    : luminosity_distance=Uniform(minimum=0.0, maximum=200.0, name='luminosity_distance', latex_label='$D_L$', unit=None, boundary=None)
16:32 INFO    : luminosity_distance=Uniform(minimum=0.0, maximum=200.0, name='luminosity_distance', latex_label='$D_L$', unit=None, boundary=None)
16:32 INFO    : luminosity_distance=Uniform(minimum=0.0, maximum=200.0, name='luminosity_distance', latex_label='$D_L$', unit=None, boundary=None)
16:32 INFO    : luminosity_distance=Uniform(minimum=0.0, maximum=200.0, name='luminosity_distance', latex_label='$D_L$', unit=None, boundary=None)
16:32 INFO    : timeshift=0.0
16:32 INFO    : timeshift=0.0
16:32 INFO    : Ebv=0.0
16:32 INFO    : Analysis likelihood class: <class 'nmma.em.likelihood.OpticalLightCurve'>
16:32 INFO    : em_syserr=0.25
16:32 INFO    : em_syserr=0.25
16:32 INFO    : em_syserr=0.25
16:32 INFO    : Analysis likelihood class: <class 'nmma.em.likelihood.OpticalLightCurve'>
16:32 INFO    : Analysis likelihood class: <class 'nmma.em.likelihood.OpticalLightCurve'>
16:32 INFO    : em_syserr=0.25
16:32 INFO    : em_syserr=0.25
16:32 INFO    : Analysis likelihood class: <class 'nmma.em.likelihood.OpticalLightCurve'>
16:32 INFO    : em_syserr=0.25
16:32 INFO    : Analysis likelihood class: <class 'nmma.em.likelihood.OpticalLightCurve'>
16:32 INFO    : Ebv=0.0
16:32 INFO    : luminosity_distance=Uniform(minimum=0.0, maximum=200.0, name='luminosity_distance', latex_label='$D_L$', unit=None, boundary=None)
16:32 INFO    : luminosity_distance=Uniform(minimum=0.0, maximum=200.0, name='luminosity_distance', latex_label='$D_L$', unit=None, boundary=None)
16:32 INFO    : luminosity_distance=Uniform(minimum=0.0, maximum=200.0, name='luminosity_distance', latex_label='$D_L$', unit=None, boundary=None)
16:32 INFO    : Analysis likelihood noise evidence: 0.0
16:32 INFO    : luminosity_distance=Uniform(minimum=0.0, maximum=200.0, name='luminosity_distance', latex_label='$D_L$', unit=None, boundary=None)
16:32 INFO    : timeshift=0.0
16:32 INFO    : Analysis likelihood noise evidence: 0.0
16:32 INFO    : luminosity_distance=Uniform(minimum=0.0, maximum=200.0, name='luminosity_distance', latex_label='$D_L$', unit=None, boundary=None)
16:32 INFO    : timeshift=0.0
16:32 INFO    : timeshift=0.0
16:32 INFO    : em_syserr=0.25
16:32 INFO    : timeshift=0.0
16:32 INFO    : em_syserr=0.25
16:32 INFO    : timeshift=0.0
16:32 INFO    : Ebv=0.0
16:32 INFO    : Analysis likelihood class: <class 'nmma.em.likelihood.OpticalLightCurve'>
16:32 INFO    : timeshift=0.0
16:32 INFO    : luminosity_distance=Uniform(minimum=0.0, maximum=200.0, name='luminosity_distance', latex_label='$D_L$', unit=None, boundary=None)
16:32 INFO    : Ebv=0.0
16:32 INFO    : Ebv=0.0
16:32 INFO    : Analysis likelihood noise evidence: 0.0
16:32 INFO    : timeshift=0.0
16:32 INFO    : Ebv=0.0
16:32 INFO    : log10_mej_dyn=Uniform(minimum=-3.0, maximum=-1.7, name='log10_mej_dyn', latex_label='$\\log_{10}M^{\\rm{dyn}}_{\\rm{ej}}$', unit=None, boundary=None)
16:32 INFO    : luminosity_distance=Uniform(minimum=0.0, maximum=200.0, name='luminosity_distance', latex_label='$D_L$', unit=None, boundary=None)
16:32 INFO    : Ebv=0.0
16:32 INFO    : Ebv=0.0
16:32 INFO    : luminosity_distance=Uniform(minimum=0.0, maximum=200.0, name='luminosity_distance', latex_label='$D_L$', unit=None, boundary=None)
16:32 INFO    : timeshift=0.0
16:32 INFO    : Analysis likelihood class: <class 'nmma.em.likelihood.OpticalLightCurve'>
16:32 INFO    : Analysis likelihood noise evidence: 0.0
16:32 INFO    : Analysis likelihood noise evidence: 0.0
16:32 INFO    : timeshift=0.0
16:32 INFO    : timeshift=0.0
16:32 INFO    : em_syserr=0.25
16:32 INFO    : timeshift=0.0
16:32 INFO    : em_syserr=0.25
16:32 INFO    : em_syserr=0.25
16:32 INFO    : Ebv=0.0
16:32 INFO    : Ebv=0.0
16:32 INFO    : em_syserr=0.25
16:32 INFO    : em_syserr=0.25
16:32 INFO    : Analysis likelihood class: <class 'nmma.em.likelihood.OpticalLightCurve'>
16:32 INFO    : em_syserr=0.25
16:32 INFO    : Analysis likelihood noise evidence: 0.0
16:32 INFO    : em_syserr=0.25
16:32 INFO    : Analysis likelihood class: <class 'nmma.em.likelihood.OpticalLightCurve'>
16:32 INFO    : Analysis likelihood class: <class 'nmma.em.likelihood.OpticalLightCurve'>
16:32 INFO    : em_syserr=0.25
16:32 INFO    : Analysis likelihood class: <class 'nmma.em.likelihood.OpticalLightCurve'>
16:32 INFO    : timeshift=0.0
16:32 INFO    : Analysis likelihood class: <class 'nmma.em.likelihood.OpticalLightCurve'>
16:32 INFO    : Analysis likelihood class: <class 'nmma.em.likelihood.OpticalLightCurve'>
16:32 INFO    : em_syserr=0.25
16:32 INFO    : timeshift=0.0
16:32 INFO    : Analysis likelihood noise evidence: 0.0
16:32 INFO    : em_syserr=0.25
16:32 INFO    : Ebv=0.0
16:32 INFO    : Ebv=0.0
16:32 INFO    : em_syserr=0.25
16:32 INFO    : Ebv=0.0
16:32 INFO    : Analysis likelihood class: <class 'nmma.em.likelihood.OpticalLightCurve'>
16:32 INFO    : Analysis likelihood class: <class 'nmma.em.likelihood.OpticalLightCurve'>
16:32 INFO    : Ebv=0.0
16:32 INFO    : Ebv=0.0
16:32 INFO    : Ebv=0.0
16:32 INFO    : Ebv=0.0
16:32 INFO    : Analysis likelihood noise evidence: 0.0
16:32 INFO    : Ebv=0.0
16:32 INFO    : vej_dyn=Uniform(minimum=0.12, maximum=0.25, name='vej_dyn', latex_label='$V^{\\rm{dyn}}_{\\rm{ej}}$', unit=None, boundary=None)
16:32 INFO    : Analysis likelihood noise evidence: 0.0
16:32 INFO    : Ebv=0.0
16:32 INFO    : Analysis likelihood noise evidence: 0.0
16:32 INFO    : em_syserr=0.25
16:32 INFO    : Analysis likelihood noise evidence: 0.0
16:32 INFO    : Ebv=0.0
16:32 INFO    : Analysis likelihood noise evidence: 0.0
16:32 INFO    : em_syserr=0.25
16:32 INFO    : Analysis likelihood noise evidence: 0.0
16:32 INFO    : Analysis likelihood class: <class 'nmma.em.likelihood.OpticalLightCurve'>
16:32 INFO    : Ebv=0.0
16:32 INFO    : Analysis likelihood class: <class 'nmma.em.likelihood.OpticalLightCurve'>
16:32 INFO    : Analysis likelihood class: <class 'nmma.em.likelihood.OpticalLightCurve'>
16:32 INFO    : Analysis likelihood class: <class 'nmma.em.likelihood.OpticalLightCurve'>
16:32 INFO    : Analysis likelihood noise evidence: 0.0
16:32 INFO    : Analysis likelihood class: <class 'nmma.em.likelihood.OpticalLightCurve'>
16:32 INFO    : Analysis likelihood class: <class 'nmma.em.likelihood.OpticalLightCurve'>
16:32 INFO    : Analysis likelihood class: <class 'nmma.em.likelihood.OpticalLightCurve'>
16:32 INFO    : Analysis likelihood class: <class 'nmma.em.likelihood.OpticalLightCurve'>
16:32 INFO    : Analysis likelihood noise evidence: 0.0
16:32 INFO    : Analysis likelihood class: <class 'nmma.em.likelihood.OpticalLightCurve'>
16:32 INFO    : Ebv=0.0
16:32 INFO    : Analysis likelihood class: <class 'nmma.em.likelihood.OpticalLightCurve'>
16:32 INFO    : Ebv=0.0
16:32 INFO    : Analysis likelihood class: <class 'nmma.em.likelihood.OpticalLightCurve'>
16:32 INFO    : Analysis likelihood noise evidence: 0.0
16:32 INFO    : Analysis likelihood noise evidence: 0.0
16:32 INFO    : Analysis likelihood noise evidence: 0.0
16:32 INFO    : Analysis likelihood noise evidence: 0.0
16:32 INFO    : Analysis likelihood noise evidence: 0.0
16:32 INFO    : Analysis likelihood noise evidence: 0.0
16:32 INFO    : Analysis likelihood noise evidence: 0.0
16:32 INFO    : Analysis likelihood noise evidence: 0.0
16:32 INFO    : Analysis likelihood class: <class 'nmma.em.likelihood.OpticalLightCurve'>
16:32 INFO    : Analysis likelihood noise evidence: 0.0
16:32 INFO    : Analysis likelihood noise evidence: 0.0
16:32 INFO    : Analysis likelihood class: <class 'nmma.em.likelihood.OpticalLightCurve'>
16:32 INFO    : Analysis likelihood noise evidence: 0.0
16:32 INFO    : Yedyn=Uniform(minimum=0.15, maximum=0.3, name='Yedyn', latex_label='$Y_{\\rm{edyn}}$', unit=None, boundary=None)
16:32 INFO    : Analysis likelihood noise evidence: 0.0
16:32 INFO    : Analysis likelihood noise evidence: 0.0
16:32 INFO    : log10_mej_wind=Uniform(minimum=-2.0, maximum=-0.89, name='log10_mej_wind', latex_label='$\\log_{10}M^{\\rm{wind}}_{\\rm{ej}}$', unit=None, boundary=None)
16:32 INFO    : vej_wind=Uniform(minimum=0.03, maximum=0.15, name='vej_wind', latex_label='$V^{\\rm{wind}}_{\\rm{ej}}$', unit=None, boundary=None)
16:32 INFO    : inclination_EM=Sine(minimum=0.0, maximum=1.5707963267948966, name='inclination_EM', latex_label='$\\iota$', unit=None, boundary=None)
16:32 INFO    : Analysis priors:
16:32 INFO    : luminosity_distance=Uniform(minimum=0.0, maximum=200.0, name='luminosity_distance', latex_label='$D_L$', unit=None, boundary=None)
16:32 INFO    : timeshift=0.0
16:32 INFO    : em_syserr=0.25
16:32 INFO    : Ebv=0.0
16:32 INFO    : Analysis likelihood class: <class 'nmma.em.likelihood.OpticalLightCurve'>
16:32 INFO    : Analysis likelihood noise evidence: 0.0
16:32 INFO    : log10_mej_dyn=Uniform(minimum=-3.0, maximum=-1.7, name='log10_mej_dyn', latex_label='$\\log_{10}M^{\\rm{dyn}}_{\\rm{ej}}$', unit=None, boundary=None)
16:32 INFO    : vej_dyn=Uniform(minimum=0.12, maximum=0.25, name='vej_dyn', latex_label='$V^{\\rm{dyn}}_{\\rm{ej}}$', unit=None, boundary=None)
16:32 INFO    : Yedyn=Uniform(minimum=0.15, maximum=0.3, name='Yedyn', latex_label='$Y_{\\rm{edyn}}$', unit=None, boundary=None)
16:32 INFO    : log10_mej_wind=Uniform(minimum=-2.0, maximum=-0.89, name='log10_mej_wind', latex_label='$\\log_{10}M^{\\rm{wind}}_{\\rm{ej}}$', unit=None, boundary=None)
16:32 INFO    : vej_wind=Uniform(minimum=0.03, maximum=0.15, name='vej_wind', latex_label='$V^{\\rm{wind}}_{\\rm{ej}}$', unit=None, boundary=None)
16:32 INFO    : inclination_EM=Sine(minimum=0.0, maximum=1.5707963267948966, name='inclination_EM', latex_label='$\\iota$', unit=None, boundary=None)
16:32 INFO    : luminosity_distance=Uniform(minimum=0.0, maximum=200.0, name='luminosity_distance', latex_label='$D_L$', unit=None, boundary=None)
16:32 INFO    : timeshift=0.0
16:32 INFO    : em_syserr=0.25
16:32 INFO    : Ebv=0.0
16:32 INFO    : Analysis likelihood class: <class 'nmma.em.likelihood.OpticalLightCurve'>
16:32 INFO    : Analysis likelihood noise evidence: 0.0
16:32 INFO    : Analysis priors:
16:32 INFO    : log10_mej_dyn=Uniform(minimum=-3.0, maximum=-1.7, name='log10_mej_dyn', latex_label='$\\log_{10}M^{\\rm{dyn}}_{\\rm{ej}}$', unit=None, boundary=None)
16:32 INFO    : vej_dyn=Uniform(minimum=0.12, maximum=0.25, name='vej_dyn', latex_label='$V^{\\rm{dyn}}_{\\rm{ej}}$', unit=None, boundary=None)
16:32 INFO    : Yedyn=Uniform(minimum=0.15, maximum=0.3, name='Yedyn', latex_label='$Y_{\\rm{edyn}}$', unit=None, boundary=None)
16:32 INFO    : log10_mej_wind=Uniform(minimum=-2.0, maximum=-0.89, name='log10_mej_wind', latex_label='$\\log_{10}M^{\\rm{wind}}_{\\rm{ej}}$', unit=None, boundary=None)
16:32 INFO    : vej_wind=Uniform(minimum=0.03, maximum=0.15, name='vej_wind', latex_label='$V^{\\rm{wind}}_{\\rm{ej}}$', unit=None, boundary=None)
16:32 INFO    : inclination_EM=Sine(minimum=0.0, maximum=1.5707963267948966, name='inclination_EM', latex_label='$\\iota$', unit=None, boundary=None)
16:32 INFO    : luminosity_distance=Uniform(minimum=0.0, maximum=200.0, name='luminosity_distance', latex_label='$D_L$', unit=None, boundary=None)
16:32 INFO    : timeshift=0.0
16:32 INFO    : em_syserr=0.25
16:32 INFO    : Ebv=0.0
16:32 INFO    : Analysis likelihood class: <class 'nmma.em.likelihood.OpticalLightCurve'>
16:32 INFO    : Analysis likelihood noise evidence: 0.0
16:32 INFO    : Single likelihood evaluation took 1.630e-02 s
16:32 INFO    : Single likelihood evaluation took 1.632e-02 s
16:32 INFO    : Single likelihood evaluation took 1.641e-02 s
16:32 INFO    : Single likelihood evaluation took 1.642e-02 s
16:32 INFO    : Single likelihood evaluation took 1.643e-02 s
16:32 INFO    : Single likelihood evaluation took 1.644e-02 s
16:32 INFO    : Single likelihood evaluation took 1.645e-02 s
16:32 INFO    : Single likelihood evaluation took 1.645e-02 s
16:32 INFO    : Single likelihood evaluation took 1.645e-02 s
16:32 INFO    : Single likelihood evaluation took 1.646e-02 s
16:32 WARNING : Supplied argument 'queue_size' not an argument of 'Pymultinest', removing.
16:32 WARNING : Supplied argument 'check_point_delta_t' not an argument of 'Pymultinest', removing.
16:32 INFO    : Using sampler Pymultinest with kwargs {'importance_nested_sampling': False, 'resume': True, 'verbose': True, 'sampling_efficiency': 'parameter', 'n_live_points': 2048, 'n_params': 7, 'n_clustering_params': None, 'wrapped_params': None, 'multimodal': True, 'const_efficiency_mode': False, 'evidence_tolerance': 0.5, 'n_iter_before_update': 100, 'null_log_evidence': -1e+90, 'max_modes': 100, 'mode_tolerance': -1e+90, 'seed': 42, 'context': 0, 'write_output': True, 'log_zero': -1e+100, 'max_iter': 0, 'init_MPI': False, 'dump_callback': <bound method Pymultinest._dump_callback of <bilby.core.sampler.pymultinest.Pymultinest object at 0x1554f87e72b0>>}
16:32 INFO    : Temporary directory incompatible with MPI, will run in original directory
16:32 INFO    : Single likelihood evaluation took 1.648e-02 s
16:32 INFO    : Single likelihood evaluation took 1.648e-02 s
16:32 WARNING : Supplied argument 'queue_size' not an argument of 'Pymultinest', removing.
16:32 WARNING : Supplied argument 'check_point_delta_t' not an argument of 'Pymultinest', removing.
16:32 INFO    : Single likelihood evaluation took 1.652e-02 s
16:32 WARNING : Supplied argument 'queue_size' not an argument of 'Pymultinest', removing.
16:32 WARNING : Supplied argument 'check_point_delta_t' not an argument of 'Pymultinest', removing.
16:32 WARNING : Supplied argument 'queue_size' not an argument of 'Pymultinest', removing.
16:32 WARNING : Supplied argument 'check_point_delta_t' not an argument of 'Pymultinest', removing.
16:32 WARNING : Supplied argument 'queue_size' not an argument of 'Pymultinest', removing.
16:32 WARNING : Supplied argument 'check_point_delta_t' not an argument of 'Pymultinest', removing.
16:32 WARNING : Supplied argument 'queue_size' not an argument of 'Pymultinest', removing.
16:32 WARNING : Supplied argument 'check_point_delta_t' not an argument of 'Pymultinest', removing.
16:32 WARNING : Supplied argument 'queue_size' not an argument of 'Pymultinest', removing.
16:32 WARNING : Supplied argument 'check_point_delta_t' not an argument of 'Pymultinest', removing.
16:32 WARNING : Supplied argument 'queue_size' not an argument of 'Pymultinest', removing.
16:32 WARNING : Supplied argument 'queue_size' not an argument of 'Pymultinest', removing.
16:32 WARNING : Supplied argument 'check_point_delta_t' not an argument of 'Pymultinest', removing.
16:32 WARNING : Supplied argument 'check_point_delta_t' not an argument of 'Pymultinest', removing.
16:32 INFO    : Single likelihood evaluation took 1.662e-02 s
16:32 WARNING : Supplied argument 'queue_size' not an argument of 'Pymultinest', removing.
16:32 WARNING : Supplied argument 'check_point_delta_t' not an argument of 'Pymultinest', removing.
16:32 WARNING : Supplied argument 'queue_size' not an argument of 'Pymultinest', removing.
16:32 WARNING : Supplied argument 'check_point_delta_t' not an argument of 'Pymultinest', removing.
16:32 WARNING : Supplied argument 'queue_size' not an argument of 'Pymultinest', removing.
16:32 WARNING : Supplied argument 'check_point_delta_t' not an argument of 'Pymultinest', removing.
16:32 INFO    : Single likelihood evaluation took 1.666e-02 s
16:32 WARNING : Supplied argument 'queue_size' not an argument of 'Pymultinest', removing.
16:32 WARNING : Supplied argument 'check_point_delta_t' not an argument of 'Pymultinest', removing.
16:32 INFO    : Single likelihood evaluation took 1.669e-02 s
16:32 INFO    : Single likelihood evaluation took 1.676e-02 s
16:32 WARNING : Supplied argument 'queue_size' not an argument of 'Pymultinest', removing.
16:32 WARNING : Supplied argument 'check_point_delta_t' not an argument of 'Pymultinest', removing.
16:32 WARNING : Supplied argument 'queue_size' not an argument of 'Pymultinest', removing.
16:32 WARNING : Supplied argument 'check_point_delta_t' not an argument of 'Pymultinest', removing.
16:32 WARNING : Supplied argument 'queue_size' not an argument of 'Pymultinest', removing.
16:32 WARNING : Supplied argument 'check_point_delta_t' not an argument of 'Pymultinest', removing.
16:32 INFO    : Single likelihood evaluation took 1.687e-02 s
16:32 INFO    : Single likelihood evaluation took 1.689e-02 s
16:32 WARNING : Supplied argument 'queue_size' not an argument of 'Pymultinest', removing.
16:32 WARNING : Supplied argument 'check_point_delta_t' not an argument of 'Pymultinest', removing.
16:32 INFO    : Single likelihood evaluation took 1.698e-02 s
16:32 INFO    : Single likelihood evaluation took 1.695e-02 s
16:32 INFO    : Single likelihood evaluation took 1.704e-02 s
16:32 WARNING : Supplied argument 'queue_size' not an argument of 'Pymultinest', removing.
16:32 WARNING : Supplied argument 'check_point_delta_t' not an argument of 'Pymultinest', removing.
16:32 WARNING : Supplied argument 'queue_size' not an argument of 'Pymultinest', removing.
16:32 WARNING : Supplied argument 'check_point_delta_t' not an argument of 'Pymultinest', removing.
16:32 INFO    : Single likelihood evaluation took 1.707e-02 s
16:32 INFO    : Single likelihood evaluation took 1.708e-02 s
16:32 INFO    : Using output file outdirBNSBu32cores/pm_AT170817/
16:32 INFO    : Using sampler Pymultinest with kwargs {'importance_nested_sampling': False, 'resume': True, 'verbose': True, 'sampling_efficiency': 'parameter', 'n_live_points': 2048, 'n_params': 7, 'n_clustering_params': None, 'wrapped_params': None, 'multimodal': True, 'const_efficiency_mode': False, 'evidence_tolerance': 0.5, 'n_iter_before_update': 100, 'null_log_evidence': -1e+90, 'max_modes': 100, 'mode_tolerance': -1e+90, 'seed': 42, 'context': 0, 'write_output': True, 'log_zero': -1e+100, 'max_iter': 0, 'init_MPI': False, 'dump_callback': <bound method Pymultinest._dump_callback of <bilby.core.sampler.pymultinest.Pymultinest object at 0x1554f87e30a0>>}
16:32 INFO    : Using sampler Pymultinest with kwargs {'importance_nested_sampling': False, 'resume': True, 'verbose': True, 'sampling_efficiency': 'parameter', 'n_live_points': 2048, 'n_params': 7, 'n_clustering_params': None, 'wrapped_params': None, 'multimodal': True, 'const_efficiency_mode': False, 'evidence_tolerance': 0.5, 'n_iter_before_update': 100, 'null_log_evidence': -1e+90, 'max_modes': 100, 'mode_tolerance': -1e+90, 'seed': 42, 'context': 0, 'write_output': True, 'log_zero': -1e+100, 'max_iter': 0, 'init_MPI': False, 'dump_callback': <bound method Pymultinest._dump_callback of <bilby.core.sampler.pymultinest.Pymultinest object at 0x1554f87defb0>>}
16:32 INFO    : Using sampler Pymultinest with kwargs {'importance_nested_sampling': False, 'resume': True, 'verbose': True, 'sampling_efficiency': 'parameter', 'n_live_points': 2048, 'n_params': 7, 'n_clustering_params': None, 'wrapped_params': None, 'multimodal': True, 'const_efficiency_mode': False, 'evidence_tolerance': 0.5, 'n_iter_before_update': 100, 'null_log_evidence': -1e+90, 'max_modes': 100, 'mode_tolerance': -1e+90, 'seed': 42, 'context': 0, 'write_output': True, 'log_zero': -1e+100, 'max_iter': 0, 'init_MPI': False, 'dump_callback': <bound method Pymultinest._dump_callback of <bilby.core.sampler.pymultinest.Pymultinest object at 0x1554f87e36d0>>}
16:32 INFO    : Using sampler Pymultinest with kwargs {'importance_nested_sampling': False, 'resume': True, 'verbose': True, 'sampling_efficiency': 'parameter', 'n_live_points': 2048, 'n_params': 7, 'n_clustering_params': None, 'wrapped_params': None, 'multimodal': True, 'const_efficiency_mode': False, 'evidence_tolerance': 0.5, 'n_iter_before_update': 100, 'null_log_evidence': -1e+90, 'max_modes': 100, 'mode_tolerance': -1e+90, 'seed': 42, 'context': 0, 'write_output': True, 'log_zero': -1e+100, 'max_iter': 0, 'init_MPI': False, 'dump_callback': <bound method Pymultinest._dump_callback of <bilby.core.sampler.pymultinest.Pymultinest object at 0x1554f87def80>>}
16:32 INFO    : Using sampler Pymultinest with kwargs {'importance_nested_sampling': False, 'resume': True, 'verbose': True, 'sampling_efficiency': 'parameter', 'n_live_points': 2048, 'n_params': 7, 'n_clustering_params': None, 'wrapped_params': None, 'multimodal': True, 'const_efficiency_mode': False, 'evidence_tolerance': 0.5, 'n_iter_before_update': 100, 'null_log_evidence': -1e+90, 'max_modes': 100, 'mode_tolerance': -1e+90, 'seed': 42, 'context': 0, 'write_output': True, 'log_zero': -1e+100, 'max_iter': 0, 'init_MPI': False, 'dump_callback': <bound method Pymultinest._dump_callback of <bilby.core.sampler.pymultinest.Pymultinest object at 0x1554f87e36d0>>}
16:32 INFO    : Using sampler Pymultinest with kwargs {'importance_nested_sampling': False, 'resume': True, 'verbose': True, 'sampling_efficiency': 'parameter', 'n_live_points': 2048, 'n_params': 7, 'n_clustering_params': None, 'wrapped_params': None, 'multimodal': True, 'const_efficiency_mode': False, 'evidence_tolerance': 0.5, 'n_iter_before_update': 100, 'null_log_evidence': -1e+90, 'max_modes': 100, 'mode_tolerance': -1e+90, 'seed': 42, 'context': 0, 'write_output': True, 'log_zero': -1e+100, 'max_iter': 0, 'init_MPI': False, 'dump_callback': <bound method Pymultinest._dump_callback of <bilby.core.sampler.pymultinest.Pymultinest object at 0x1554f87e3610>>}
16:32 INFO    : Using sampler Pymultinest with kwargs {'importance_nested_sampling': False, 'resume': True, 'verbose': True, 'sampling_efficiency': 'parameter', 'n_live_points': 2048, 'n_params': 7, 'n_clustering_params': None, 'wrapped_params': None, 'multimodal': True, 'const_efficiency_mode': False, 'evidence_tolerance': 0.5, 'n_iter_before_update': 100, 'null_log_evidence': -1e+90, 'max_modes': 100, 'mode_tolerance': -1e+90, 'seed': 42, 'context': 0, 'write_output': True, 'log_zero': -1e+100, 'max_iter': 0, 'init_MPI': False, 'dump_callback': <bound method Pymultinest._dump_callback of <bilby.core.sampler.pymultinest.Pymultinest object at 0x1554f87e71c0>>}
16:32 INFO    : Using sampler Pymultinest with kwargs {'importance_nested_sampling': False, 'resume': True, 'verbose': True, 'sampling_efficiency': 'parameter', 'n_live_points': 2048, 'n_params': 7, 'n_clustering_params': None, 'wrapped_params': None, 'multimodal': True, 'const_efficiency_mode': False, 'evidence_tolerance': 0.5, 'n_iter_before_update': 100, 'null_log_evidence': -1e+90, 'max_modes': 100, 'mode_tolerance': -1e+90, 'seed': 42, 'context': 0, 'write_output': True, 'log_zero': -1e+100, 'max_iter': 0, 'init_MPI': False, 'dump_callback': <bound method Pymultinest._dump_callback of <bilby.core.sampler.pymultinest.Pymultinest object at 0x1554f87e76a0>>}
16:32 INFO    : Using sampler Pymultinest with kwargs {'importance_nested_sampling': False, 'resume': True, 'verbose': True, 'sampling_efficiency': 'parameter', 'n_live_points': 2048, 'n_params': 7, 'n_clustering_params': None, 'wrapped_params': None, 'multimodal': True, 'const_efficiency_mode': False, 'evidence_tolerance': 0.5, 'n_iter_before_update': 100, 'null_log_evidence': -1e+90, 'max_modes': 100, 'mode_tolerance': -1e+90, 'seed': 42, 'context': 0, 'write_output': True, 'log_zero': -1e+100, 'max_iter': 0, 'init_MPI': False, 'dump_callback': <bound method Pymultinest._dump_callback of <bilby.core.sampler.pymultinest.Pymultinest object at 0x1554f87e3a00>>}
16:32 INFO    : Using sampler Pymultinest with kwargs {'importance_nested_sampling': False, 'resume': True, 'verbose': True, 'sampling_efficiency': 'parameter', 'n_live_points': 2048, 'n_params': 7, 'n_clustering_params': None, 'wrapped_params': None, 'multimodal': True, 'const_efficiency_mode': False, 'evidence_tolerance': 0.5, 'n_iter_before_update': 100, 'null_log_evidence': -1e+90, 'max_modes': 100, 'mode_tolerance': -1e+90, 'seed': 42, 'context': 0, 'write_output': True, 'log_zero': -1e+100, 'max_iter': 0, 'init_MPI': False, 'dump_callback': <bound method Pymultinest._dump_callback of <bilby.core.sampler.pymultinest.Pymultinest object at 0x1554f87e30a0>>}
16:32 INFO    : Using sampler Pymultinest with kwargs {'importance_nested_sampling': False, 'resume': True, 'verbose': True, 'sampling_efficiency': 'parameter', 'n_live_points': 2048, 'n_params': 7, 'n_clustering_params': None, 'wrapped_params': None, 'multimodal': True, 'const_efficiency_mode': False, 'evidence_tolerance': 0.5, 'n_iter_before_update': 100, 'null_log_evidence': -1e+90, 'max_modes': 100, 'mode_tolerance': -1e+90, 'seed': 42, 'context': 0, 'write_output': True, 'log_zero': -1e+100, 'max_iter': 0, 'init_MPI': False, 'dump_callback': <bound method Pymultinest._dump_callback of <bilby.core.sampler.pymultinest.Pymultinest object at 0x1554f87e3010>>}
16:32 INFO    : Using sampler Pymultinest with kwargs {'importance_nested_sampling': False, 'resume': True, 'verbose': True, 'sampling_efficiency': 'parameter', 'n_live_points': 2048, 'n_params': 7, 'n_clustering_params': None, 'wrapped_params': None, 'multimodal': True, 'const_efficiency_mode': False, 'evidence_tolerance': 0.5, 'n_iter_before_update': 100, 'null_log_evidence': -1e+90, 'max_modes': 100, 'mode_tolerance': -1e+90, 'seed': 42, 'context': 0, 'write_output': True, 'log_zero': -1e+100, 'max_iter': 0, 'init_MPI': False, 'dump_callback': <bound method Pymultinest._dump_callback of <bilby.core.sampler.pymultinest.Pymultinest object at 0x1554f87e3790>>}
16:32 INFO    : Using sampler Pymultinest with kwargs {'importance_nested_sampling': False, 'resume': True, 'verbose': True, 'sampling_efficiency': 'parameter', 'n_live_points': 2048, 'n_params': 7, 'n_clustering_params': None, 'wrapped_params': None, 'multimodal': True, 'const_efficiency_mode': False, 'evidence_tolerance': 0.5, 'n_iter_before_update': 100, 'null_log_evidence': -1e+90, 'max_modes': 100, 'mode_tolerance': -1e+90, 'seed': 42, 'context': 0, 'write_output': True, 'log_zero': -1e+100, 'max_iter': 0, 'init_MPI': False, 'dump_callback': <bound method Pymultinest._dump_callback of <bilby.core.sampler.pymultinest.Pymultinest object at 0x1554f87df6d0>>}
16:32 INFO    : Using sampler Pymultinest with kwargs {'importance_nested_sampling': False, 'resume': True, 'verbose': True, 'sampling_efficiency': 'parameter', 'n_live_points': 2048, 'n_params': 7, 'n_clustering_params': None, 'wrapped_params': None, 'multimodal': True, 'const_efficiency_mode': False, 'evidence_tolerance': 0.5, 'n_iter_before_update': 100, 'null_log_evidence': -1e+90, 'max_modes': 100, 'mode_tolerance': -1e+90, 'seed': 42, 'context': 0, 'write_output': True, 'log_zero': -1e+100, 'max_iter': 0, 'init_MPI': False, 'dump_callback': <bound method Pymultinest._dump_callback of <bilby.core.sampler.pymultinest.Pymultinest object at 0x1554f87e76d0>>}
16:32 INFO    : Using sampler Pymultinest with kwargs {'importance_nested_sampling': False, 'resume': True, 'verbose': True, 'sampling_efficiency': 'parameter', 'n_live_points': 2048, 'n_params': 7, 'n_clustering_params': None, 'wrapped_params': None, 'multimodal': True, 'const_efficiency_mode': False, 'evidence_tolerance': 0.5, 'n_iter_before_update': 100, 'null_log_evidence': -1e+90, 'max_modes': 100, 'mode_tolerance': -1e+90, 'seed': 42, 'context': 0, 'write_output': True, 'log_zero': -1e+100, 'max_iter': 0, 'init_MPI': False, 'dump_callback': <bound method Pymultinest._dump_callback of <bilby.core.sampler.pymultinest.Pymultinest object at 0x1554f87e7820>>}
16:32 INFO    : Using sampler Pymultinest with kwargs {'importance_nested_sampling': False, 'resume': True, 'verbose': True, 'sampling_efficiency': 'parameter', 'n_live_points': 2048, 'n_params': 7, 'n_clustering_params': None, 'wrapped_params': None, 'multimodal': True, 'const_efficiency_mode': False, 'evidence_tolerance': 0.5, 'n_iter_before_update': 100, 'null_log_evidence': -1e+90, 'max_modes': 100, 'mode_tolerance': -1e+90, 'seed': 42, 'context': 0, 'write_output': True, 'log_zero': -1e+100, 'max_iter': 0, 'init_MPI': False, 'dump_callback': <bound method Pymultinest._dump_callback of <bilby.core.sampler.pymultinest.Pymultinest object at 0x1554f87e2fb0>>}
16:32 INFO    : Using sampler Pymultinest with kwargs {'importance_nested_sampling': False, 'resume': True, 'verbose': True, 'sampling_efficiency': 'parameter', 'n_live_points': 2048, 'n_params': 7, 'n_clustering_params': None, 'wrapped_params': None, 'multimodal': True, 'const_efficiency_mode': False, 'evidence_tolerance': 0.5, 'n_iter_before_update': 100, 'null_log_evidence': -1e+90, 'max_modes': 100, 'mode_tolerance': -1e+90, 'seed': 42, 'context': 0, 'write_output': True, 'log_zero': -1e+100, 'max_iter': 0, 'init_MPI': False, 'dump_callback': <bound method Pymultinest._dump_callback of <bilby.core.sampler.pymultinest.Pymultinest object at 0x1554f87e36d0>>}
16:32 INFO    : Using sampler Pymultinest with kwargs {'importance_nested_sampling': False, 'resume': True, 'verbose': True, 'sampling_efficiency': 'parameter', 'n_live_points': 2048, 'n_params': 7, 'n_clustering_params': None, 'wrapped_params': None, 'multimodal': True, 'const_efficiency_mode': False, 'evidence_tolerance': 0.5, 'n_iter_before_update': 100, 'null_log_evidence': -1e+90, 'max_modes': 100, 'mode_tolerance': -1e+90, 'seed': 42, 'context': 0, 'write_output': True, 'log_zero': -1e+100, 'max_iter': 0, 'init_MPI': False, 'dump_callback': <bound method Pymultinest._dump_callback of <bilby.core.sampler.pymultinest.Pymultinest object at 0x1554f87fcfa0>>}
16:32 INFO    : Temporary directory incompatible with MPI, will run in original directory
16:32 INFO    : Temporary directory incompatible with MPI, will run in original directory
16:32 INFO    : Temporary directory incompatible with MPI, will run in original directory
16:32 INFO    : Temporary directory incompatible with MPI, will run in original directory
16:32 INFO    : Temporary directory incompatible with MPI, will run in original directory
16:32 INFO    : Temporary directory incompatible with MPI, will run in original directory
16:32 INFO    : Temporary directory incompatible with MPI, will run in original directory
16:32 INFO    : Temporary directory incompatible with MPI, will run in original directory
16:32 INFO    : Temporary directory incompatible with MPI, will run in original directory
16:32 INFO    : Temporary directory incompatible with MPI, will run in original directory
16:32 INFO    : Temporary directory incompatible with MPI, will run in original directory
16:32 INFO    : Temporary directory incompatible with MPI, will run in original directory
16:32 INFO    : Temporary directory incompatible with MPI, will run in original directory
16:32 INFO    : Temporary directory incompatible with MPI, will run in original directory
16:32 INFO    : Temporary directory incompatible with MPI, will run in original directory
16:32 INFO    : Temporary directory incompatible with MPI, will run in original directory
16:32 INFO    : Temporary directory incompatible with MPI, will run in original directory
16:32 INFO    : Temporary directory incompatible with MPI, will run in original directory
16:32 INFO    : Using output file outdirBNSBu32cores/pm_AT170817/
16:32 INFO    : Using output file outdirBNSBu32cores/pm_AT170817/
16:32 INFO    : Using output file outdirBNSBu32cores/pm_AT170817/
16:32 INFO    : Using output file outdirBNSBu32cores/pm_AT170817/
16:32 INFO    : Using output file outdirBNSBu32cores/pm_AT170817/
16:32 INFO    : Using output file outdirBNSBu32cores/pm_AT170817/
16:32 INFO    : Using output file outdirBNSBu32cores/pm_AT170817/
16:32 INFO    : Using output file outdirBNSBu32cores/pm_AT170817/
16:32 INFO    : Using output file outdirBNSBu32cores/pm_AT170817/
16:32 INFO    : Using output file outdirBNSBu32cores/pm_AT170817/
16:32 INFO    : Using output file outdirBNSBu32cores/pm_AT170817/
16:32 INFO    : Using output file outdirBNSBu32cores/pm_AT170817/
16:32 INFO    : Using output file outdirBNSBu32cores/pm_AT170817/
16:32 INFO    : Using output file outdirBNSBu32cores/pm_AT170817/
16:32 INFO    : Using output file outdirBNSBu32cores/pm_AT170817/
16:32 INFO    : Using output file outdirBNSBu32cores/pm_AT170817/
16:32 INFO    : Using output file outdirBNSBu32cores/pm_AT170817/
16:32 INFO    : Using output file outdirBNSBu32cores/pm_AT170817/
16:32 INFO    : Single likelihood evaluation took 1.710e-02 s
16:32 INFO    : Single likelihood evaluation took 1.707e-02 s
16:32 INFO    : Single likelihood evaluation took 1.705e-02 s
16:32 WARNING : Supplied argument 'queue_size' not an argument of 'Pymultinest', removing.
16:32 WARNING : Supplied argument 'check_point_delta_t' not an argument of 'Pymultinest', removing.
16:32 INFO    : Using sampler Pymultinest with kwargs {'importance_nested_sampling': False, 'resume': True, 'verbose': True, 'sampling_efficiency': 'parameter', 'n_live_points': 2048, 'n_params': 7, 'n_clustering_params': None, 'wrapped_params': None, 'multimodal': True, 'const_efficiency_mode': False, 'evidence_tolerance': 0.5, 'n_iter_before_update': 100, 'null_log_evidence': -1e+90, 'max_modes': 100, 'mode_tolerance': -1e+90, 'seed': 42, 'context': 0, 'write_output': True, 'log_zero': -1e+100, 'max_iter': 0, 'init_MPI': False, 'dump_callback': <bound method Pymultinest._dump_callback of <bilby.core.sampler.pymultinest.Pymultinest object at 0x1554f87e76d0>>}
16:32 INFO    : Temporary directory incompatible with MPI, will run in original directory
16:32 INFO    : Using output file outdirBNSBu32cores/pm_AT170817/
16:32 INFO    : Single likelihood evaluation took 1.719e-02 s
16:32 WARNING : Supplied argument 'queue_size' not an argument of 'Pymultinest', removing.
16:32 WARNING : Supplied argument 'check_point_delta_t' not an argument of 'Pymultinest', removing.
16:32 INFO    : Using sampler Pymultinest with kwargs {'importance_nested_sampling': False, 'resume': True, 'verbose': True, 'sampling_efficiency': 'parameter', 'n_live_points': 2048, 'n_params': 7, 'n_clustering_params': None, 'wrapped_params': None, 'multimodal': True, 'const_efficiency_mode': False, 'evidence_tolerance': 0.5, 'n_iter_before_update': 100, 'null_log_evidence': -1e+90, 'max_modes': 100, 'mode_tolerance': -1e+90, 'seed': 42, 'context': 0, 'write_output': True, 'log_zero': -1e+100, 'max_iter': 0, 'init_MPI': False, 'dump_callback': <bound method Pymultinest._dump_callback of <bilby.core.sampler.pymultinest.Pymultinest object at 0x1554e273b670>>}
16:32 INFO    : Temporary directory incompatible with MPI, will run in original directory
16:32 INFO    : Using output file outdirBNSBu32cores/pm_AT170817/
16:32 WARNING : Supplied argument 'queue_size' not an argument of 'Pymultinest', removing.
16:32 WARNING : Supplied argument 'check_point_delta_t' not an argument of 'Pymultinest', removing.
16:32 INFO    : Using sampler Pymultinest with kwargs {'importance_nested_sampling': False, 'resume': True, 'verbose': True, 'sampling_efficiency': 'parameter', 'n_live_points': 2048, 'n_params': 7, 'n_clustering_params': None, 'wrapped_params': None, 'multimodal': True, 'const_efficiency_mode': False, 'evidence_tolerance': 0.5, 'n_iter_before_update': 100, 'null_log_evidence': -1e+90, 'max_modes': 100, 'mode_tolerance': -1e+90, 'seed': 42, 'context': 0, 'write_output': True, 'log_zero': -1e+100, 'max_iter': 0, 'init_MPI': False, 'dump_callback': <bound method Pymultinest._dump_callback of <bilby.core.sampler.pymultinest.Pymultinest object at 0x1554f87df190>>}
16:32 INFO    : Temporary directory incompatible with MPI, will run in original directory
16:32 WARNING : Supplied argument 'queue_size' not an argument of 'Pymultinest', removing.
16:32 INFO    : Using output file outdirBNSBu32cores/pm_AT170817/
16:32 WARNING : Supplied argument 'check_point_delta_t' not an argument of 'Pymultinest', removing.
16:32 INFO    : Using sampler Pymultinest with kwargs {'importance_nested_sampling': False, 'resume': True, 'verbose': True, 'sampling_efficiency': 'parameter', 'n_live_points': 2048, 'n_params': 7, 'n_clustering_params': None, 'wrapped_params': None, 'multimodal': True, 'const_efficiency_mode': False, 'evidence_tolerance': 0.5, 'n_iter_before_update': 100, 'null_log_evidence': -1e+90, 'max_modes': 100, 'mode_tolerance': -1e+90, 'seed': 42, 'context': 0, 'write_output': True, 'log_zero': -1e+100, 'max_iter': 0, 'init_MPI': False, 'dump_callback': <bound method Pymultinest._dump_callback of <bilby.core.sampler.pymultinest.Pymultinest object at 0x1554da7377c0>>}
16:32 WARNING : Supplied argument 'queue_size' not an argument of 'Pymultinest', removing.
16:32 WARNING : Supplied argument 'check_point_delta_t' not an argument of 'Pymultinest', removing.
16:32 INFO    : Using sampler Pymultinest with kwargs {'importance_nested_sampling': False, 'resume': True, 'verbose': True, 'sampling_efficiency': 'parameter', 'n_live_points': 2048, 'n_params': 7, 'n_clustering_params': None, 'wrapped_params': None, 'multimodal': True, 'const_efficiency_mode': False, 'evidence_tolerance': 0.5, 'n_iter_before_update': 100, 'null_log_evidence': -1e+90, 'max_modes': 100, 'mode_tolerance': -1e+90, 'seed': 42, 'context': 0, 'write_output': True, 'log_zero': -1e+100, 'max_iter': 0, 'init_MPI': False, 'dump_callback': <bound method Pymultinest._dump_callback of <bilby.core.sampler.pymultinest.Pymultinest object at 0x1554f87e3700>>}
16:32 INFO    : Temporary directory incompatible with MPI, will run in original directory
16:32 INFO    : Temporary directory incompatible with MPI, will run in original directory
16:32 INFO    : Using output file outdirBNSBu32cores/pm_AT170817/
16:32 INFO    : Using output file outdirBNSBu32cores/pm_AT170817/
16:32 WARNING : Supplied argument 'queue_size' not an argument of 'Pymultinest', removing.
16:32 WARNING : Supplied argument 'check_point_delta_t' not an argument of 'Pymultinest', removing.
16:32 INFO    : Using sampler Pymultinest with kwargs {'importance_nested_sampling': False, 'resume': True, 'verbose': True, 'sampling_efficiency': 'parameter', 'n_live_points': 2048, 'n_params': 7, 'n_clustering_params': None, 'wrapped_params': None, 'multimodal': True, 'const_efficiency_mode': False, 'evidence_tolerance': 0.5, 'n_iter_before_update': 100, 'null_log_evidence': -1e+90, 'max_modes': 100, 'mode_tolerance': -1e+90, 'seed': 42, 'context': 0, 'write_output': True, 'log_zero': -1e+100, 'max_iter': 0, 'init_MPI': False, 'dump_callback': <bound method Pymultinest._dump_callback of <bilby.core.sampler.pymultinest.Pymultinest object at 0x1554da73f730>>}
16:32 INFO    : Temporary directory incompatible with MPI, will run in original directory
16:32 INFO    : Using output file outdirBNSBu32cores/pm_AT170817/
16:32 WARNING : Supplied argument 'queue_size' not an argument of 'Pymultinest', removing.
16:32 WARNING : Supplied argument 'check_point_delta_t' not an argument of 'Pymultinest', removing.
16:32 INFO    : Using sampler Pymultinest with kwargs {'importance_nested_sampling': False, 'resume': True, 'verbose': True, 'sampling_efficiency': 'parameter', 'n_live_points': 2048, 'n_params': 7, 'n_clustering_params': None, 'wrapped_params': None, 'multimodal': True, 'const_efficiency_mode': False, 'evidence_tolerance': 0.5, 'n_iter_before_update': 100, 'null_log_evidence': -1e+90, 'max_modes': 100, 'mode_tolerance': -1e+90, 'seed': 42, 'context': 0, 'write_output': True, 'log_zero': -1e+100, 'max_iter': 0, 'init_MPI': False, 'dump_callback': <bound method Pymultinest._dump_callback of <bilby.core.sampler.pymultinest.Pymultinest object at 0x1554f87e7790>>}
16:32 INFO    : Temporary directory incompatible with MPI, will run in original directory
16:32 WARNING : Supplied argument 'queue_size' not an argument of 'Pymultinest', removing.
16:32 WARNING : Supplied argument 'check_point_delta_t' not an argument of 'Pymultinest', removing.
16:32 INFO    : Using output file outdirBNSBu32cores/pm_AT170817/
16:32 INFO    : Using sampler Pymultinest with kwargs {'importance_nested_sampling': False, 'resume': True, 'verbose': True, 'sampling_efficiency': 'parameter', 'n_live_points': 2048, 'n_params': 7, 'n_clustering_params': None, 'wrapped_params': None, 'multimodal': True, 'const_efficiency_mode': False, 'evidence_tolerance': 0.5, 'n_iter_before_update': 100, 'null_log_evidence': -1e+90, 'max_modes': 100, 'mode_tolerance': -1e+90, 'seed': 42, 'context': 0, 'write_output': True, 'log_zero': -1e+100, 'max_iter': 0, 'init_MPI': False, 'dump_callback': <bound method Pymultinest._dump_callback of <bilby.core.sampler.pymultinest.Pymultinest object at 0x1554f87fcf40>>}
16:32 INFO    : Temporary directory incompatible with MPI, will run in original directory
16:32 INFO    : Using output file outdirBNSBu32cores/pm_AT170817/
16:32 WARNING : Supplied argument 'queue_size' not an argument of 'Pymultinest', removing.
16:32 WARNING : Supplied argument 'check_point_delta_t' not an argument of 'Pymultinest', removing.
16:32 INFO    : Using sampler Pymultinest with kwargs {'importance_nested_sampling': False, 'resume': True, 'verbose': True, 'sampling_efficiency': 'parameter', 'n_live_points': 2048, 'n_params': 7, 'n_clustering_params': None, 'wrapped_params': None, 'multimodal': True, 'const_efficiency_mode': False, 'evidence_tolerance': 0.5, 'n_iter_before_update': 100, 'null_log_evidence': -1e+90, 'max_modes': 100, 'mode_tolerance': -1e+90, 'seed': 42, 'context': 0, 'write_output': True, 'log_zero': -1e+100, 'max_iter': 0, 'init_MPI': False, 'dump_callback': <bound method Pymultinest._dump_callback of <bilby.core.sampler.pymultinest.Pymultinest object at 0x1554db5477c0>>}
16:32 INFO    : Temporary directory incompatible with MPI, will run in original directory
16:32 INFO    : Using output file outdirBNSBu32cores/pm_AT170817/
16:32 INFO    : Single likelihood evaluation took 1.804e-02 s
16:32 INFO    : Single likelihood evaluation took 1.805e-02 s
16:32 INFO    : Single likelihood evaluation took 1.804e-02 s
16:32 INFO    : Single likelihood evaluation took 1.821e-02 s
16:32 WARNING : Supplied argument 'queue_size' not an argument of 'Pymultinest', removing.
16:32 WARNING : Supplied argument 'check_point_delta_t' not an argument of 'Pymultinest', removing.
16:32 INFO    : Using sampler Pymultinest with kwargs {'importance_nested_sampling': False, 'resume': True, 'verbose': True, 'sampling_efficiency': 'parameter', 'n_live_points': 2048, 'n_params': 7, 'n_clustering_params': None, 'wrapped_params': None, 'multimodal': True, 'const_efficiency_mode': False, 'evidence_tolerance': 0.5, 'n_iter_before_update': 100, 'null_log_evidence': -1e+90, 'max_modes': 100, 'mode_tolerance': -1e+90, 'seed': 42, 'context': 0, 'write_output': True, 'log_zero': -1e+100, 'max_iter': 0, 'init_MPI': False, 'dump_callback': <bound method Pymultinest._dump_callback of <bilby.core.sampler.pymultinest.Pymultinest object at 0x1554da73b1c0>>}
16:32 INFO    : Temporary directory incompatible with MPI, will run in original directory
16:32 INFO    : Using output file outdirBNSBu32cores/pm_AT170817/
16:32 WARNING : Supplied argument 'queue_size' not an argument of 'Pymultinest', removing.
16:32 WARNING : Supplied argument 'check_point_delta_t' not an argument of 'Pymultinest', removing.
16:32 INFO    : Using sampler Pymultinest with kwargs {'importance_nested_sampling': False, 'resume': True, 'verbose': True, 'sampling_efficiency': 'parameter', 'n_live_points': 2048, 'n_params': 7, 'n_clustering_params': None, 'wrapped_params': None, 'multimodal': True, 'const_efficiency_mode': False, 'evidence_tolerance': 0.5, 'n_iter_before_update': 100, 'null_log_evidence': -1e+90, 'max_modes': 100, 'mode_tolerance': -1e+90, 'seed': 42, 'context': 0, 'write_output': True, 'log_zero': -1e+100, 'max_iter': 0, 'init_MPI': False, 'dump_callback': <bound method Pymultinest._dump_callback of <bilby.core.sampler.pymultinest.Pymultinest object at 0x1554e27370d0>>}
16:32 INFO    : Temporary directory incompatible with MPI, will run in original directory
16:32 INFO    : Using output file outdirBNSBu32cores/pm_AT170817/
16:32 WARNING : Supplied argument 'queue_size' not an argument of 'Pymultinest', removing.
16:32 WARNING : Supplied argument 'check_point_delta_t' not an argument of 'Pymultinest', removing.
16:32 INFO    : Using sampler Pymultinest with kwargs {'importance_nested_sampling': False, 'resume': True, 'verbose': True, 'sampling_efficiency': 'parameter', 'n_live_points': 2048, 'n_params': 7, 'n_clustering_params': None, 'wrapped_params': None, 'multimodal': True, 'const_efficiency_mode': False, 'evidence_tolerance': 0.5, 'n_iter_before_update': 100, 'null_log_evidence': -1e+90, 'max_modes': 100, 'mode_tolerance': -1e+90, 'seed': 42, 'context': 0, 'write_output': True, 'log_zero': -1e+100, 'max_iter': 0, 'init_MPI': False, 'dump_callback': <bound method Pymultinest._dump_callback of <bilby.core.sampler.pymultinest.Pymultinest object at 0x1554da73b6d0>>}
16:32 INFO    : Temporary directory incompatible with MPI, will run in original directory
16:32 INFO    : Using output file outdirBNSBu32cores/pm_AT170817/
16:32 WARNING : Supplied argument 'queue_size' not an argument of 'Pymultinest', removing.
16:32 WARNING : Supplied argument 'check_point_delta_t' not an argument of 'Pymultinest', removing.
16:32 INFO    : Using sampler Pymultinest with kwargs {'importance_nested_sampling': False, 'resume': True, 'verbose': True, 'sampling_efficiency': 'parameter', 'n_live_points': 2048, 'n_params': 7, 'n_clustering_params': None, 'wrapped_params': None, 'multimodal': True, 'const_efficiency_mode': False, 'evidence_tolerance': 0.5, 'n_iter_before_update': 100, 'null_log_evidence': -1e+90, 'max_modes': 100, 'mode_tolerance': -1e+90, 'seed': 42, 'context': 0, 'write_output': True, 'log_zero': -1e+100, 'max_iter': 0, 'init_MPI': False, 'dump_callback': <bound method Pymultinest._dump_callback of <bilby.core.sampler.pymultinest.Pymultinest object at 0x1554e273b700>>}
16:32 INFO    : Temporary directory incompatible with MPI, will run in original directory
16:32 INFO    : Using output file outdirBNSBu32cores/pm_AT170817/
16:38 INFO    : Sampling time: 0:05:26.649157
16:38 INFO    : Sampling time: 0:05:26.657480
16:38 INFO    : Sampling time: 0:05:26.656612
16:38 INFO    : Sampling time: 0:05:26.651794
16:38 INFO    : Sampling time: 0:05:26.678358
16:38 INFO    : Sampling time: 0:05:26.650245
16:38 INFO    : Sampling time: 0:05:26.661570
16:38 INFO    : Sampling time: 0:05:26.666709
16:38 INFO    : Sampling time: 0:05:26.658944
16:38 INFO    : Sampling time: 0:05:26.724329
16:38 INFO    : Sampling time: 0:05:26.727401
16:38 INFO    : Sampling time: 0:05:26.728985
16:38 INFO    : Sampling time: 0:05:26.729316
16:38 INFO    : Sampling time: 0:05:26.651074
16:38 INFO    : Sampling time: 0:05:26.728151
16:38 INFO    : Sampling time: 0:05:26.724520
16:38 INFO    : Sampling time: 0:05:26.736301
16:38 INFO    : Sampling time: 0:05:26.748268
16:38 INFO    : Sampling time: 0:05:26.730016
16:38 INFO    : Sampling time: 0:05:26.748217
16:38 INFO    : Sampling time: 0:05:26.749104
16:38 INFO    : Sampling time: 0:05:26.749276
16:38 INFO    : Sampling time: 0:05:26.676783
16:38 INFO    : Sampling time: 0:05:26.759773
16:38 INFO    : Sampling time: 0:05:26.757851
16:38 INFO    : Sampling time: 0:05:26.678103
16:38 INFO    : Sampling time: 0:05:26.649581
16:38 INFO    : Sampling time: 0:05:26.629405
16:38 INFO    : Sampling time: 0:05:26.645938
16:38 INFO    : Sampling time: 0:05:26.673126
16:38 INFO    : Sampling time: 0:05:26.759553
16:38 INFO    : Sampling time: 0:05:26.752531
16:38 ERROR   : 

Saving the data has failed with the following message:
[Errno 116] Stale file handle
Data has been dumped to outdirBNSBu32cores/AT170817_result.pkl.


16:38 INFO    : Summary of results:
nsamples: 15553
ln_noise_evidence:  0.000
ln_evidence: -98.062 +/-  0.099
ln_bayes_factor: -98.062 +/-  0.099

16:38 INFO    : Writing samples file to /home/thussenot/kilonovae-H0/170817/Bu2022Ye/KN025magDLloose/outdirBNSBu32cores/AT170817_posterior_samples.dat
16:38 INFO    : Summary of results:
nsamples: 15553
ln_noise_evidence:  0.000
ln_evidence: -98.062 +/-  0.099
ln_bayes_factor: -98.062 +/-  0.099

16:38 INFO    : Writing samples file to /home/thussenot/kilonovae-H0/170817/Bu2022Ye/KN025magDLloose/outdirBNSBu32cores/AT170817_posterior_samples.dat
16:38 INFO    : Summary of results:
nsamples: 15553
ln_noise_evidence:  0.000
ln_evidence: -98.062 +/-  0.099
ln_bayes_factor: -98.062 +/-  0.099

16:38 INFO    : Writing samples file to /home/thussenot/kilonovae-H0/170817/Bu2022Ye/KN025magDLloose/outdirBNSBu32cores/AT170817_posterior_samples.dat
16:38 INFO    : Summary of results:
nsamples: 15553
ln_noise_evidence:  0.000
ln_evidence: -98.062 +/-  0.099
ln_bayes_factor: -98.062 +/-  0.099

16:38 INFO    : Writing samples file to /home/thussenot/kilonovae-H0/170817/Bu2022Ye/KN025magDLloose/outdirBNSBu32cores/AT170817_posterior_samples.dat
16:38 INFO    : Summary of results:
nsamples: 15553
ln_noise_evidence:  0.000
ln_evidence: -98.062 +/-  0.099
ln_bayes_factor: -98.062 +/-  0.099

16:38 INFO    : Writing samples file to /home/thussenot/kilonovae-H0/170817/Bu2022Ye/KN025magDLloose/outdirBNSBu32cores/AT170817_posterior_samples.dat
16:38 INFO    : Summary of results:
nsamples: 15553
ln_noise_evidence:  0.000
ln_evidence: -98.062 +/-  0.099
ln_bayes_factor: -98.062 +/-  0.099

16:38 INFO    : Summary of results:
nsamples: 15553
ln_noise_evidence:  0.000
ln_evidence: -98.062 +/-  0.099
ln_bayes_factor: -98.062 +/-  0.099

16:38 INFO    : Writing samples file to /home/thussenot/kilonovae-H0/170817/Bu2022Ye/KN025magDLloose/outdirBNSBu32cores/AT170817_posterior_samples.dat
16:38 INFO    : Writing samples file to /home/thussenot/kilonovae-H0/170817/Bu2022Ye/KN025magDLloose/outdirBNSBu32cores/AT170817_posterior_samples.dat
16:38 INFO    : Summary of results:
nsamples: 15553
ln_noise_evidence:  0.000
ln_evidence: -98.062 +/-  0.099
ln_bayes_factor: -98.062 +/-  0.099

16:38 INFO    : Writing samples file to /home/thussenot/kilonovae-H0/170817/Bu2022Ye/KN025magDLloose/outdirBNSBu32cores/AT170817_posterior_samples.dat
16:38 INFO    : Summary of results:
nsamples: 15553
ln_noise_evidence:  0.000
ln_evidence: -98.062 +/-  0.099
ln_bayes_factor: -98.062 +/-  0.099

16:38 INFO    : Writing samples file to /home/thussenot/kilonovae-H0/170817/Bu2022Ye/KN025magDLloose/outdirBNSBu32cores/AT170817_posterior_samples.dat
00:55 INFO    : Running for label 'AT170817', output will be saved to 'outdirBNSBu32cores'
00:55 INFO    : Analysis priors:
00:55 INFO    : log10_mej_dyn=Uniform(minimum=-3.0, maximum=-1.7, name='log10_mej_dyn', latex_label='$\\log_{10}M^{\\rm{dyn}}_{\\rm{ej}}$', unit=None, boundary=None)
00:55 INFO    : vej_dyn=Uniform(minimum=0.12, maximum=0.25, name='vej_dyn', latex_label='$V^{\\rm{dyn}}_{\\rm{ej}}$', unit=None, boundary=None)
00:55 INFO    : Yedyn=Uniform(minimum=0.15, maximum=0.3, name='Yedyn', latex_label='$Y_{\\rm{edyn}}$', unit=None, boundary=None)
00:55 INFO    : log10_mej_wind=Uniform(minimum=-2.0, maximum=-0.89, name='log10_mej_wind', latex_label='$\\log_{10}M^{\\rm{wind}}_{\\rm{ej}}$', unit=None, boundary=None)
00:55 INFO    : vej_wind=Uniform(minimum=0.03, maximum=0.15, name='vej_wind', latex_label='$V^{\\rm{wind}}_{\\rm{ej}}$', unit=None, boundary=None)
00:55 INFO    : inclination_EM=Sine(minimum=0.0, maximum=1.5707963267948966, name='inclination_EM', latex_label='$\\iota$', unit=None, boundary=None)
00:55 INFO    : luminosity_distance=Uniform(minimum=0.0, maximum=200.0, name='luminosity_distance', latex_label='$D_L$', unit=None, boundary=None)
00:55 INFO    : timeshift=0.0
00:55 INFO    : em_syserr=0.25
00:55 INFO    : Ebv=0.0
00:55 INFO    : Analysis likelihood class: <class 'nmma.em.likelihood.OpticalLightCurve'>
00:55 INFO    : Analysis likelihood noise evidence: 0.0
00:55 INFO    : Single likelihood evaluation took 1.742e-02 s
00:55 WARNING : Supplied argument 'queue_size' not an argument of 'Pymultinest', removing.
00:55 WARNING : Supplied argument 'check_point_delta_t' not an argument of 'Pymultinest', removing.
00:55 WARNING : Using cached result
00:55 INFO    : Summary of results:
nsamples: 15553
ln_noise_evidence:  0.000
ln_evidence: -98.062 +/-  0.099
ln_bayes_factor: -98.062 +/-  0.099

00:55 INFO    : Writing samples file to /home/thussenot/kilonovae-H0/170817/Bu2022Ye/KN025magDLloose/outdirBNSBu32cores/AT170817_posterior_samples.dat
