01:50 INFO    : Running for label 'Simu2019lm', output will be saved to 'outdirBNSBu32cores'
01:50 INFO    : Running for label 'Simu2019lm', output will be saved to 'outdirBNSBu32cores'
01:50 INFO    : Running for label 'Simu2019lm', output will be saved to 'outdirBNSBu32cores'
01:50 INFO    : Running for label 'Simu2019lm', output will be saved to 'outdirBNSBu32cores'
01:50 INFO    : Running for label 'Simu2019lm', output will be saved to 'outdirBNSBu32cores'
01:50 INFO    : Running for label 'Simu2019lm', output will be saved to 'outdirBNSBu32cores'
01:50 INFO    : Running for label 'Simu2019lm', output will be saved to 'outdirBNSBu32cores'
01:50 INFO    : Running for label 'Simu2019lm', output will be saved to 'outdirBNSBu32cores'
01:50 INFO    : Running for label 'Simu2019lm', output will be saved to 'outdirBNSBu32cores'
01:50 INFO    : Running for label 'Simu2019lm', output will be saved to 'outdirBNSBu32cores'
01:50 INFO    : Running for label 'Simu2019lm', output will be saved to 'outdirBNSBu32cores'
01:50 INFO    : Running for label 'Simu2019lm', output will be saved to 'outdirBNSBu32cores'
01:50 INFO    : Running for label 'Simu2019lm', output will be saved to 'outdirBNSBu32cores'
01:50 INFO    : Running for label 'Simu2019lm', output will be saved to 'outdirBNSBu32cores'
01:50 INFO    : Running for label 'Simu2019lm', output will be saved to 'outdirBNSBu32cores'
01:50 INFO    : Running for label 'Simu2019lm', output will be saved to 'outdirBNSBu32cores'
01:50 INFO    : Running for label 'Simu2019lm', output will be saved to 'outdirBNSBu32cores'
01:50 INFO    : Running for label 'Simu2019lm', output will be saved to 'outdirBNSBu32cores'
01:50 INFO    : Running for label 'Simu2019lm', output will be saved to 'outdirBNSBu32cores'
01:50 INFO    : Running for label 'Simu2019lm', output will be saved to 'outdirBNSBu32cores'
01:50 INFO    : Running for label 'Simu2019lm', output will be saved to 'outdirBNSBu32cores'
01:50 INFO    : Running for label 'Simu2019lm', output will be saved to 'outdirBNSBu32cores'
01:50 INFO    : Running for label 'Simu2019lm', output will be saved to 'outdirBNSBu32cores'
01:50 INFO    : Running for label 'Simu2019lm', output will be saved to 'outdirBNSBu32cores'
01:50 INFO    : Running for label 'Simu2019lm', output will be saved to 'outdirBNSBu32cores'
01:50 INFO    : Running for label 'Simu2019lm', output will be saved to 'outdirBNSBu32cores'
01:50 INFO    : Running for label 'Simu2019lm', output will be saved to 'outdirBNSBu32cores'
01:50 INFO    : Running for label 'Simu2019lm', output will be saved to 'outdirBNSBu32cores'
01:50 INFO    : Running for label 'Simu2019lm', output will be saved to 'outdirBNSBu32cores'
01:50 INFO    : Running for label 'Simu2019lm', output will be saved to 'outdirBNSBu32cores'
01:50 INFO    : Running for label 'Simu2019lm', output will be saved to 'outdirBNSBu32cores'
01:50 INFO    : Running for label 'Simu2019lm', output will be saved to 'outdirBNSBu32cores'
01:50 INFO    : Analysis priors:
01:50 INFO    : Analysis priors:
01:50 INFO    : Analysis priors:
01:50 INFO    : Analysis priors:
01:50 INFO    : Analysis priors:
01:50 INFO    : Analysis priors:
01:50 INFO    : Analysis priors:
01:50 INFO    : Analysis priors:
01:50 INFO    : Analysis priors:
01:50 INFO    : Analysis priors:
01:50 INFO    : Analysis priors:
01:50 INFO    : Analysis priors:
01:50 INFO    : Analysis priors:
01:50 INFO    : Analysis priors:
01:50 INFO    : Analysis priors:
01:50 INFO    : Analysis priors:
01:50 INFO    : Analysis priors:
01:50 INFO    : KNphi=Uniform(minimum=15.0, maximum=75.0, name='KNphi', latex_label='$\\Phi$', unit=None, boundary=None)
01:50 INFO    : KNphi=Uniform(minimum=15.0, maximum=75.0, name='KNphi', latex_label='$\\Phi$', unit=None, boundary=None)
01:50 INFO    : KNphi=Uniform(minimum=15.0, maximum=75.0, name='KNphi', latex_label='$\\Phi$', unit=None, boundary=None)
01:50 INFO    : Analysis priors:
01:50 INFO    : Analysis priors:
01:50 INFO    : Analysis priors:
01:50 INFO    : KNphi=Uniform(minimum=15.0, maximum=75.0, name='KNphi', latex_label='$\\Phi$', unit=None, boundary=None)
01:50 INFO    : KNphi=Uniform(minimum=15.0, maximum=75.0, name='KNphi', latex_label='$\\Phi$', unit=None, boundary=None)
01:50 INFO    : KNphi=Uniform(minimum=15.0, maximum=75.0, name='KNphi', latex_label='$\\Phi$', unit=None, boundary=None)
01:50 INFO    : KNphi=Uniform(minimum=15.0, maximum=75.0, name='KNphi', latex_label='$\\Phi$', unit=None, boundary=None)
01:50 INFO    : log10_mej_dyn=Uniform(minimum=-3.0, maximum=-1.0, name='log10_mej_dyn', latex_label='$\\log_{10}M^{\\rm{dyn}}_{\\rm{ej}}$', unit=None, boundary='reflective')
01:50 INFO    : log10_mej_dyn=Uniform(minimum=-3.0, maximum=-1.0, name='log10_mej_dyn', latex_label='$\\log_{10}M^{\\rm{dyn}}_{\\rm{ej}}$', unit=None, boundary='reflective')
01:50 INFO    : Analysis priors:
01:50 INFO    : Analysis priors:
01:50 INFO    : Analysis priors:
01:50 INFO    : Analysis priors:
01:50 INFO    : Analysis priors:
01:50 INFO    : Analysis priors:
01:50 INFO    : Analysis priors:
01:50 INFO    : Analysis priors:
01:50 INFO    : Analysis priors:
01:50 INFO    : log10_mej_dyn=Uniform(minimum=-3.0, maximum=-1.0, name='log10_mej_dyn', latex_label='$\\log_{10}M^{\\rm{dyn}}_{\\rm{ej}}$', unit=None, boundary='reflective')
01:50 INFO    : KNphi=Uniform(minimum=15.0, maximum=75.0, name='KNphi', latex_label='$\\Phi$', unit=None, boundary=None)
01:50 INFO    : KNphi=Uniform(minimum=15.0, maximum=75.0, name='KNphi', latex_label='$\\Phi$', unit=None, boundary=None)
01:50 INFO    : KNphi=Uniform(minimum=15.0, maximum=75.0, name='KNphi', latex_label='$\\Phi$', unit=None, boundary=None)
01:50 INFO    : KNphi=Uniform(minimum=15.0, maximum=75.0, name='KNphi', latex_label='$\\Phi$', unit=None, boundary=None)
01:50 INFO    : KNphi=Uniform(minimum=15.0, maximum=75.0, name='KNphi', latex_label='$\\Phi$', unit=None, boundary=None)
01:50 INFO    : Analysis priors:
01:50 INFO    : Analysis priors:
01:50 INFO    : KNphi=Uniform(minimum=15.0, maximum=75.0, name='KNphi', latex_label='$\\Phi$', unit=None, boundary=None)
01:50 INFO    : KNphi=Uniform(minimum=15.0, maximum=75.0, name='KNphi', latex_label='$\\Phi$', unit=None, boundary=None)
01:50 INFO    : KNphi=Uniform(minimum=15.0, maximum=75.0, name='KNphi', latex_label='$\\Phi$', unit=None, boundary=None)
01:50 INFO    : KNphi=Uniform(minimum=15.0, maximum=75.0, name='KNphi', latex_label='$\\Phi$', unit=None, boundary=None)
01:50 INFO    : log10_mej_dyn=Uniform(minimum=-3.0, maximum=-1.0, name='log10_mej_dyn', latex_label='$\\log_{10}M^{\\rm{dyn}}_{\\rm{ej}}$', unit=None, boundary='reflective')
01:50 INFO    : KNphi=Uniform(minimum=15.0, maximum=75.0, name='KNphi', latex_label='$\\Phi$', unit=None, boundary=None)
01:50 INFO    : log10_mej_dyn=Uniform(minimum=-3.0, maximum=-1.0, name='log10_mej_dyn', latex_label='$\\log_{10}M^{\\rm{dyn}}_{\\rm{ej}}$', unit=None, boundary='reflective')
01:50 INFO    : log10_mej_dyn=Uniform(minimum=-3.0, maximum=-1.0, name='log10_mej_dyn', latex_label='$\\log_{10}M^{\\rm{dyn}}_{\\rm{ej}}$', unit=None, boundary='reflective')
01:50 INFO    : log10_mej_dyn=Uniform(minimum=-3.0, maximum=-1.0, name='log10_mej_dyn', latex_label='$\\log_{10}M^{\\rm{dyn}}_{\\rm{ej}}$', unit=None, boundary='reflective')
01:50 INFO    : KNphi=Uniform(minimum=15.0, maximum=75.0, name='KNphi', latex_label='$\\Phi$', unit=None, boundary=None)
01:50 INFO    : KNphi=Uniform(minimum=15.0, maximum=75.0, name='KNphi', latex_label='$\\Phi$', unit=None, boundary=None)
01:50 INFO    : log10_mej_wind=Uniform(minimum=-3.0, maximum=-0.5, name='log10_mej_wind', latex_label='$\\log_{10}M^{\\rm{wind}}_{\\rm{ej}}$', unit=None, boundary='reflective')
01:50 INFO    : KNphi=Uniform(minimum=15.0, maximum=75.0, name='KNphi', latex_label='$\\Phi$', unit=None, boundary=None)
01:50 INFO    : log10_mej_wind=Uniform(minimum=-3.0, maximum=-0.5, name='log10_mej_wind', latex_label='$\\log_{10}M^{\\rm{wind}}_{\\rm{ej}}$', unit=None, boundary='reflective')
01:50 INFO    : log10_mej_dyn=Uniform(minimum=-3.0, maximum=-1.0, name='log10_mej_dyn', latex_label='$\\log_{10}M^{\\rm{dyn}}_{\\rm{ej}}$', unit=None, boundary='reflective')
01:50 INFO    : log10_mej_wind=Uniform(minimum=-3.0, maximum=-0.5, name='log10_mej_wind', latex_label='$\\log_{10}M^{\\rm{wind}}_{\\rm{ej}}$', unit=None, boundary='reflective')
01:50 INFO    : log10_mej_dyn=Uniform(minimum=-3.0, maximum=-1.0, name='log10_mej_dyn', latex_label='$\\log_{10}M^{\\rm{dyn}}_{\\rm{ej}}$', unit=None, boundary='reflective')
01:50 INFO    : log10_mej_dyn=Uniform(minimum=-3.0, maximum=-1.0, name='log10_mej_dyn', latex_label='$\\log_{10}M^{\\rm{dyn}}_{\\rm{ej}}$', unit=None, boundary='reflective')
01:50 INFO    : log10_mej_dyn=Uniform(minimum=-3.0, maximum=-1.0, name='log10_mej_dyn', latex_label='$\\log_{10}M^{\\rm{dyn}}_{\\rm{ej}}$', unit=None, boundary='reflective')
01:50 INFO    : log10_mej_dyn=Uniform(minimum=-3.0, maximum=-1.0, name='log10_mej_dyn', latex_label='$\\log_{10}M^{\\rm{dyn}}_{\\rm{ej}}$', unit=None, boundary='reflective')
01:50 INFO    : log10_mej_dyn=Uniform(minimum=-3.0, maximum=-1.0, name='log10_mej_dyn', latex_label='$\\log_{10}M^{\\rm{dyn}}_{\\rm{ej}}$', unit=None, boundary='reflective')
01:50 INFO    : log10_mej_dyn=Uniform(minimum=-3.0, maximum=-1.0, name='log10_mej_dyn', latex_label='$\\log_{10}M^{\\rm{dyn}}_{\\rm{ej}}$', unit=None, boundary='reflective')
01:50 INFO    : log10_mej_wind=Uniform(minimum=-3.0, maximum=-0.5, name='log10_mej_wind', latex_label='$\\log_{10}M^{\\rm{wind}}_{\\rm{ej}}$', unit=None, boundary='reflective')
01:50 INFO    : log10_mej_dyn=Uniform(minimum=-3.0, maximum=-1.0, name='log10_mej_dyn', latex_label='$\\log_{10}M^{\\rm{dyn}}_{\\rm{ej}}$', unit=None, boundary='reflective')
01:50 INFO    : log10_mej_dyn=Uniform(minimum=-3.0, maximum=-1.0, name='log10_mej_dyn', latex_label='$\\log_{10}M^{\\rm{dyn}}_{\\rm{ej}}$', unit=None, boundary='reflective')
01:50 INFO    : log10_mej_wind=Uniform(minimum=-3.0, maximum=-0.5, name='log10_mej_wind', latex_label='$\\log_{10}M^{\\rm{wind}}_{\\rm{ej}}$', unit=None, boundary='reflective')
01:50 INFO    : log10_mej_wind=Uniform(minimum=-3.0, maximum=-0.5, name='log10_mej_wind', latex_label='$\\log_{10}M^{\\rm{wind}}_{\\rm{ej}}$', unit=None, boundary='reflective')
01:50 INFO    : log10_mej_wind=Uniform(minimum=-3.0, maximum=-0.5, name='log10_mej_wind', latex_label='$\\log_{10}M^{\\rm{wind}}_{\\rm{ej}}$', unit=None, boundary='reflective')
01:50 INFO    : log10_mej_dyn=Uniform(minimum=-3.0, maximum=-1.0, name='log10_mej_dyn', latex_label='$\\log_{10}M^{\\rm{dyn}}_{\\rm{ej}}$', unit=None, boundary='reflective')
01:50 INFO    : KNphi=Uniform(minimum=15.0, maximum=75.0, name='KNphi', latex_label='$\\Phi$', unit=None, boundary=None)
01:50 INFO    : KNphi=Uniform(minimum=15.0, maximum=75.0, name='KNphi', latex_label='$\\Phi$', unit=None, boundary=None)
01:50 INFO    : KNphi=Uniform(minimum=15.0, maximum=75.0, name='KNphi', latex_label='$\\Phi$', unit=None, boundary=None)
01:50 INFO    : KNphi=Uniform(minimum=15.0, maximum=75.0, name='KNphi', latex_label='$\\Phi$', unit=None, boundary=None)
01:50 INFO    : log10_mej_dyn=Uniform(minimum=-3.0, maximum=-1.0, name='log10_mej_dyn', latex_label='$\\log_{10}M^{\\rm{dyn}}_{\\rm{ej}}$', unit=None, boundary='reflective')
01:50 INFO    : log10_mej_dyn=Uniform(minimum=-3.0, maximum=-1.0, name='log10_mej_dyn', latex_label='$\\log_{10}M^{\\rm{dyn}}_{\\rm{ej}}$', unit=None, boundary='reflective')
01:50 INFO    : KNphi=Uniform(minimum=15.0, maximum=75.0, name='KNphi', latex_label='$\\Phi$', unit=None, boundary=None)
01:50 INFO    : KNphi=Uniform(minimum=15.0, maximum=75.0, name='KNphi', latex_label='$\\Phi$', unit=None, boundary=None)
01:50 INFO    : KNphi=Uniform(minimum=15.0, maximum=75.0, name='KNphi', latex_label='$\\Phi$', unit=None, boundary=None)
01:50 INFO    : KNphi=Uniform(minimum=15.0, maximum=75.0, name='KNphi', latex_label='$\\Phi$', unit=None, boundary=None)
01:50 INFO    : log10_mej_dyn=Uniform(minimum=-3.0, maximum=-1.0, name='log10_mej_dyn', latex_label='$\\log_{10}M^{\\rm{dyn}}_{\\rm{ej}}$', unit=None, boundary='reflective')
01:50 INFO    : KNphi=Uniform(minimum=15.0, maximum=75.0, name='KNphi', latex_label='$\\Phi$', unit=None, boundary=None)
01:50 INFO    : log10_mej_wind=Uniform(minimum=-3.0, maximum=-0.5, name='log10_mej_wind', latex_label='$\\log_{10}M^{\\rm{wind}}_{\\rm{ej}}$', unit=None, boundary='reflective')
01:50 INFO    : inclination_EM=Sine(minimum=0.0, maximum=1.5707963267948966, name='inclination_EM', latex_label='$\\iota$', unit=None, boundary=None)
01:50 INFO    : KNphi=Uniform(minimum=15.0, maximum=75.0, name='KNphi', latex_label='$\\Phi$', unit=None, boundary=None)
01:50 INFO    : inclination_EM=Sine(minimum=0.0, maximum=1.5707963267948966, name='inclination_EM', latex_label='$\\iota$', unit=None, boundary=None)
01:50 INFO    : KNphi=Uniform(minimum=15.0, maximum=75.0, name='KNphi', latex_label='$\\Phi$', unit=None, boundary=None)
01:50 INFO    : log10_mej_wind=Uniform(minimum=-3.0, maximum=-0.5, name='log10_mej_wind', latex_label='$\\log_{10}M^{\\rm{wind}}_{\\rm{ej}}$', unit=None, boundary='reflective')
01:50 INFO    : log10_mej_wind=Uniform(minimum=-3.0, maximum=-0.5, name='log10_mej_wind', latex_label='$\\log_{10}M^{\\rm{wind}}_{\\rm{ej}}$', unit=None, boundary='reflective')
01:50 INFO    : log10_mej_wind=Uniform(minimum=-3.0, maximum=-0.5, name='log10_mej_wind', latex_label='$\\log_{10}M^{\\rm{wind}}_{\\rm{ej}}$', unit=None, boundary='reflective')
01:50 INFO    : log10_mej_wind=Uniform(minimum=-3.0, maximum=-0.5, name='log10_mej_wind', latex_label='$\\log_{10}M^{\\rm{wind}}_{\\rm{ej}}$', unit=None, boundary='reflective')
01:50 INFO    : inclination_EM=Sine(minimum=0.0, maximum=1.5707963267948966, name='inclination_EM', latex_label='$\\iota$', unit=None, boundary=None)
01:50 INFO    : log10_mej_wind=Uniform(minimum=-3.0, maximum=-0.5, name='log10_mej_wind', latex_label='$\\log_{10}M^{\\rm{wind}}_{\\rm{ej}}$', unit=None, boundary='reflective')
01:50 INFO    : log10_mej_wind=Uniform(minimum=-3.0, maximum=-0.5, name='log10_mej_wind', latex_label='$\\log_{10}M^{\\rm{wind}}_{\\rm{ej}}$', unit=None, boundary='reflective')
01:50 INFO    : log10_mej_wind=Uniform(minimum=-3.0, maximum=-0.5, name='log10_mej_wind', latex_label='$\\log_{10}M^{\\rm{wind}}_{\\rm{ej}}$', unit=None, boundary='reflective')
01:50 INFO    : inclination_EM=Sine(minimum=0.0, maximum=1.5707963267948966, name='inclination_EM', latex_label='$\\iota$', unit=None, boundary=None)
01:50 INFO    : log10_mej_wind=Uniform(minimum=-3.0, maximum=-0.5, name='log10_mej_wind', latex_label='$\\log_{10}M^{\\rm{wind}}_{\\rm{ej}}$', unit=None, boundary='reflective')
01:50 INFO    : inclination_EM=Sine(minimum=0.0, maximum=1.5707963267948966, name='inclination_EM', latex_label='$\\iota$', unit=None, boundary=None)
01:50 INFO    : log10_mej_wind=Uniform(minimum=-3.0, maximum=-0.5, name='log10_mej_wind', latex_label='$\\log_{10}M^{\\rm{wind}}_{\\rm{ej}}$', unit=None, boundary='reflective')
01:50 INFO    : inclination_EM=Sine(minimum=0.0, maximum=1.5707963267948966, name='inclination_EM', latex_label='$\\iota$', unit=None, boundary=None)
01:50 INFO    : inclination_EM=Sine(minimum=0.0, maximum=1.5707963267948966, name='inclination_EM', latex_label='$\\iota$', unit=None, boundary=None)
01:50 INFO    : log10_mej_wind=Uniform(minimum=-3.0, maximum=-0.5, name='log10_mej_wind', latex_label='$\\log_{10}M^{\\rm{wind}}_{\\rm{ej}}$', unit=None, boundary='reflective')
01:50 INFO    : log10_mej_dyn=Uniform(minimum=-3.0, maximum=-1.0, name='log10_mej_dyn', latex_label='$\\log_{10}M^{\\rm{dyn}}_{\\rm{ej}}$', unit=None, boundary='reflective')
01:50 INFO    : log10_mej_dyn=Uniform(minimum=-3.0, maximum=-1.0, name='log10_mej_dyn', latex_label='$\\log_{10}M^{\\rm{dyn}}_{\\rm{ej}}$', unit=None, boundary='reflective')
01:50 INFO    : log10_mej_wind=Uniform(minimum=-3.0, maximum=-0.5, name='log10_mej_wind', latex_label='$\\log_{10}M^{\\rm{wind}}_{\\rm{ej}}$', unit=None, boundary='reflective')
01:50 INFO    : log10_mej_dyn=Uniform(minimum=-3.0, maximum=-1.0, name='log10_mej_dyn', latex_label='$\\log_{10}M^{\\rm{dyn}}_{\\rm{ej}}$', unit=None, boundary='reflective')
01:50 INFO    : log10_mej_dyn=Uniform(minimum=-3.0, maximum=-1.0, name='log10_mej_dyn', latex_label='$\\log_{10}M^{\\rm{dyn}}_{\\rm{ej}}$', unit=None, boundary='reflective')
01:50 INFO    : log10_mej_wind=Uniform(minimum=-3.0, maximum=-0.5, name='log10_mej_wind', latex_label='$\\log_{10}M^{\\rm{wind}}_{\\rm{ej}}$', unit=None, boundary='reflective')
01:50 INFO    : log10_mej_dyn=Uniform(minimum=-3.0, maximum=-1.0, name='log10_mej_dyn', latex_label='$\\log_{10}M^{\\rm{dyn}}_{\\rm{ej}}$', unit=None, boundary='reflective')
01:50 INFO    : log10_mej_dyn=Uniform(minimum=-3.0, maximum=-1.0, name='log10_mej_dyn', latex_label='$\\log_{10}M^{\\rm{dyn}}_{\\rm{ej}}$', unit=None, boundary='reflective')
01:50 INFO    : log10_mej_dyn=Uniform(minimum=-3.0, maximum=-1.0, name='log10_mej_dyn', latex_label='$\\log_{10}M^{\\rm{dyn}}_{\\rm{ej}}$', unit=None, boundary='reflective')
01:50 INFO    : log10_mej_dyn=Uniform(minimum=-3.0, maximum=-1.0, name='log10_mej_dyn', latex_label='$\\log_{10}M^{\\rm{dyn}}_{\\rm{ej}}$', unit=None, boundary='reflective')
01:50 INFO    : log10_mej_dyn=Uniform(minimum=-3.0, maximum=-1.0, name='log10_mej_dyn', latex_label='$\\log_{10}M^{\\rm{dyn}}_{\\rm{ej}}$', unit=None, boundary='reflective')
01:50 INFO    : inclination_EM=Sine(minimum=0.0, maximum=1.5707963267948966, name='inclination_EM', latex_label='$\\iota$', unit=None, boundary=None)
01:50 INFO    : log10_mej_dyn=Uniform(minimum=-3.0, maximum=-1.0, name='log10_mej_dyn', latex_label='$\\log_{10}M^{\\rm{dyn}}_{\\rm{ej}}$', unit=None, boundary='reflective')
01:50 INFO    : log10_mej_dyn=Uniform(minimum=-3.0, maximum=-1.0, name='log10_mej_dyn', latex_label='$\\log_{10}M^{\\rm{dyn}}_{\\rm{ej}}$', unit=None, boundary='reflective')
01:50 INFO    : inclination_EM=Sine(minimum=0.0, maximum=1.5707963267948966, name='inclination_EM', latex_label='$\\iota$', unit=None, boundary=None)
01:50 INFO    : inclination_EM=Sine(minimum=0.0, maximum=1.5707963267948966, name='inclination_EM', latex_label='$\\iota$', unit=None, boundary=None)
01:50 INFO    : inclination_EM=Sine(minimum=0.0, maximum=1.5707963267948966, name='inclination_EM', latex_label='$\\iota$', unit=None, boundary=None)
01:50 INFO    : luminosity_distance=LogUniform(minimum=1, maximum=500, name='luminosity_distance', latex_label='$D_L$', unit=None, boundary=None)
01:50 INFO    : luminosity_distance=LogUniform(minimum=1, maximum=500, name='luminosity_distance', latex_label='$D_L$', unit=None, boundary=None)
01:50 INFO    : inclination_EM=Sine(minimum=0.0, maximum=1.5707963267948966, name='inclination_EM', latex_label='$\\iota$', unit=None, boundary=None)
01:50 INFO    : luminosity_distance=LogUniform(minimum=1, maximum=500, name='luminosity_distance', latex_label='$D_L$', unit=None, boundary=None)
01:50 INFO    : inclination_EM=Sine(minimum=0.0, maximum=1.5707963267948966, name='inclination_EM', latex_label='$\\iota$', unit=None, boundary=None)
01:50 INFO    : luminosity_distance=LogUniform(minimum=1, maximum=500, name='luminosity_distance', latex_label='$D_L$', unit=None, boundary=None)
01:50 INFO    : inclination_EM=Sine(minimum=0.0, maximum=1.5707963267948966, name='inclination_EM', latex_label='$\\iota$', unit=None, boundary=None)
01:50 INFO    : inclination_EM=Sine(minimum=0.0, maximum=1.5707963267948966, name='inclination_EM', latex_label='$\\iota$', unit=None, boundary=None)
01:50 INFO    : inclination_EM=Sine(minimum=0.0, maximum=1.5707963267948966, name='inclination_EM', latex_label='$\\iota$', unit=None, boundary=None)
01:50 INFO    : luminosity_distance=LogUniform(minimum=1, maximum=500, name='luminosity_distance', latex_label='$D_L$', unit=None, boundary=None)
01:50 INFO    : luminosity_distance=LogUniform(minimum=1, maximum=500, name='luminosity_distance', latex_label='$D_L$', unit=None, boundary=None)
01:50 INFO    : luminosity_distance=LogUniform(minimum=1, maximum=500, name='luminosity_distance', latex_label='$D_L$', unit=None, boundary=None)
01:50 INFO    : timeshift=0.0
01:50 INFO    : inclination_EM=Sine(minimum=0.0, maximum=1.5707963267948966, name='inclination_EM', latex_label='$\\iota$', unit=None, boundary=None)
01:50 INFO    : timeshift=0.0
01:50 INFO    : log10_mej_wind=Uniform(minimum=-3.0, maximum=-0.5, name='log10_mej_wind', latex_label='$\\log_{10}M^{\\rm{wind}}_{\\rm{ej}}$', unit=None, boundary='reflective')
01:50 INFO    : log10_mej_wind=Uniform(minimum=-3.0, maximum=-0.5, name='log10_mej_wind', latex_label='$\\log_{10}M^{\\rm{wind}}_{\\rm{ej}}$', unit=None, boundary='reflective')
01:50 INFO    : log10_mej_wind=Uniform(minimum=-3.0, maximum=-0.5, name='log10_mej_wind', latex_label='$\\log_{10}M^{\\rm{wind}}_{\\rm{ej}}$', unit=None, boundary='reflective')
01:50 INFO    : timeshift=0.0
01:50 INFO    : inclination_EM=Sine(minimum=0.0, maximum=1.5707963267948966, name='inclination_EM', latex_label='$\\iota$', unit=None, boundary=None)
01:50 INFO    : timeshift=0.0
01:50 INFO    : inclination_EM=Sine(minimum=0.0, maximum=1.5707963267948966, name='inclination_EM', latex_label='$\\iota$', unit=None, boundary=None)
01:50 INFO    : log10_mej_wind=Uniform(minimum=-3.0, maximum=-0.5, name='log10_mej_wind', latex_label='$\\log_{10}M^{\\rm{wind}}_{\\rm{ej}}$', unit=None, boundary='reflective')
01:50 INFO    : timeshift=0.0
01:50 INFO    : log10_mej_wind=Uniform(minimum=-3.0, maximum=-0.5, name='log10_mej_wind', latex_label='$\\log_{10}M^{\\rm{wind}}_{\\rm{ej}}$', unit=None, boundary='reflective')
01:50 INFO    : em_syserr=1.0
01:50 INFO    : timeshift=0.0
01:50 INFO    : em_syserr=1.0
01:50 INFO    : log10_mej_wind=Uniform(minimum=-3.0, maximum=-0.5, name='log10_mej_wind', latex_label='$\\log_{10}M^{\\rm{wind}}_{\\rm{ej}}$', unit=None, boundary='reflective')
01:50 INFO    : timeshift=0.0
01:50 INFO    : log10_mej_wind=Uniform(minimum=-3.0, maximum=-0.5, name='log10_mej_wind', latex_label='$\\log_{10}M^{\\rm{wind}}_{\\rm{ej}}$', unit=None, boundary='reflective')
01:50 INFO    : log10_mej_wind=Uniform(minimum=-3.0, maximum=-0.5, name='log10_mej_wind', latex_label='$\\log_{10}M^{\\rm{wind}}_{\\rm{ej}}$', unit=None, boundary='reflective')
01:50 INFO    : em_syserr=1.0
01:50 INFO    : inclination_EM=Sine(minimum=0.0, maximum=1.5707963267948966, name='inclination_EM', latex_label='$\\iota$', unit=None, boundary=None)
01:50 INFO    : log10_mej_wind=Uniform(minimum=-3.0, maximum=-0.5, name='log10_mej_wind', latex_label='$\\log_{10}M^{\\rm{wind}}_{\\rm{ej}}$', unit=None, boundary='reflective')
01:50 INFO    : luminosity_distance=LogUniform(minimum=1, maximum=500, name='luminosity_distance', latex_label='$D_L$', unit=None, boundary=None)
01:50 INFO    : log10_mej_wind=Uniform(minimum=-3.0, maximum=-0.5, name='log10_mej_wind', latex_label='$\\log_{10}M^{\\rm{wind}}_{\\rm{ej}}$', unit=None, boundary='reflective')
01:50 INFO    : log10_mej_wind=Uniform(minimum=-3.0, maximum=-0.5, name='log10_mej_wind', latex_label='$\\log_{10}M^{\\rm{wind}}_{\\rm{ej}}$', unit=None, boundary='reflective')
01:50 INFO    : em_syserr=1.0
01:50 INFO    : em_syserr=1.0
01:50 INFO    : luminosity_distance=LogUniform(minimum=1, maximum=500, name='luminosity_distance', latex_label='$D_L$', unit=None, boundary=None)
01:50 INFO    : luminosity_distance=LogUniform(minimum=1, maximum=500, name='luminosity_distance', latex_label='$D_L$', unit=None, boundary=None)
01:50 INFO    : luminosity_distance=LogUniform(minimum=1, maximum=500, name='luminosity_distance', latex_label='$D_L$', unit=None, boundary=None)
01:50 INFO    : em_syserr=1.0
01:50 INFO    : Ebv=0.0
01:50 INFO    : Ebv=0.0
01:50 INFO    : em_syserr=1.0
01:50 INFO    : Ebv=0.0
01:50 INFO    : luminosity_distance=LogUniform(minimum=1, maximum=500, name='luminosity_distance', latex_label='$D_L$', unit=None, boundary=None)
01:50 INFO    : timeshift=0.0
01:50 INFO    : Ebv=0.0
01:50 INFO    : Ebv=0.0
01:50 INFO    : luminosity_distance=LogUniform(minimum=1, maximum=500, name='luminosity_distance', latex_label='$D_L$', unit=None, boundary=None)
01:50 INFO    : Ebv=0.0
01:50 INFO    : timeshift=0.0
01:50 INFO    : Ebv=0.0
01:50 INFO    : timeshift=0.0
01:50 INFO    : timeshift=0.0
01:50 INFO    : luminosity_distance=LogUniform(minimum=1, maximum=500, name='luminosity_distance', latex_label='$D_L$', unit=None, boundary=None)
01:50 INFO    : Analysis likelihood class: <class 'nmma.em.likelihood.OpticalLightCurve'>
01:50 INFO    : Analysis likelihood class: <class 'nmma.em.likelihood.OpticalLightCurve'>
01:50 INFO    : luminosity_distance=LogUniform(minimum=1, maximum=500, name='luminosity_distance', latex_label='$D_L$', unit=None, boundary=None)
01:50 INFO    : Analysis likelihood class: <class 'nmma.em.likelihood.OpticalLightCurve'>
01:50 INFO    : luminosity_distance=LogUniform(minimum=1, maximum=500, name='luminosity_distance', latex_label='$D_L$', unit=None, boundary=None)
01:50 INFO    : luminosity_distance=LogUniform(minimum=1, maximum=500, name='luminosity_distance', latex_label='$D_L$', unit=None, boundary=None)
01:50 INFO    : timeshift=0.0
01:50 INFO    : em_syserr=1.0
01:50 INFO    : Analysis likelihood class: <class 'nmma.em.likelihood.OpticalLightCurve'>
01:50 INFO    : inclination_EM=Sine(minimum=0.0, maximum=1.5707963267948966, name='inclination_EM', latex_label='$\\iota$', unit=None, boundary=None)
01:50 INFO    : em_syserr=1.0
01:50 INFO    : Analysis likelihood class: <class 'nmma.em.likelihood.OpticalLightCurve'>
01:50 INFO    : Analysis likelihood class: <class 'nmma.em.likelihood.OpticalLightCurve'>
01:50 INFO    : inclination_EM=Sine(minimum=0.0, maximum=1.5707963267948966, name='inclination_EM', latex_label='$\\iota$', unit=None, boundary=None)
01:50 INFO    : inclination_EM=Sine(minimum=0.0, maximum=1.5707963267948966, name='inclination_EM', latex_label='$\\iota$', unit=None, boundary=None)
01:50 INFO    : Analysis likelihood class: <class 'nmma.em.likelihood.OpticalLightCurve'>
01:50 INFO    : timeshift=0.0
01:50 INFO    : inclination_EM=Sine(minimum=0.0, maximum=1.5707963267948966, name='inclination_EM', latex_label='$\\iota$', unit=None, boundary=None)
01:50 INFO    : em_syserr=1.0
01:50 INFO    : luminosity_distance=LogUniform(minimum=1, maximum=500, name='luminosity_distance', latex_label='$D_L$', unit=None, boundary=None)
01:50 INFO    : em_syserr=1.0
01:50 INFO    : Analysis likelihood noise evidence: 0.0
01:50 INFO    : inclination_EM=Sine(minimum=0.0, maximum=1.5707963267948966, name='inclination_EM', latex_label='$\\iota$', unit=None, boundary=None)
01:50 INFO    : Analysis likelihood noise evidence: 0.0
01:50 INFO    : Ebv=0.0
01:50 INFO    : timeshift=0.0
01:50 INFO    : Analysis likelihood noise evidence: 0.0
01:50 INFO    : luminosity_distance=LogUniform(minimum=1, maximum=500, name='luminosity_distance', latex_label='$D_L$', unit=None, boundary=None)
01:50 INFO    : timeshift=0.0
01:50 INFO    : inclination_EM=Sine(minimum=0.0, maximum=1.5707963267948966, name='inclination_EM', latex_label='$\\iota$', unit=None, boundary=None)
01:50 INFO    : em_syserr=1.0
01:50 INFO    : timeshift=0.0
01:50 INFO    : timeshift=0.0
01:50 INFO    : inclination_EM=Sine(minimum=0.0, maximum=1.5707963267948966, name='inclination_EM', latex_label='$\\iota$', unit=None, boundary=None)
01:50 INFO    : inclination_EM=Sine(minimum=0.0, maximum=1.5707963267948966, name='inclination_EM', latex_label='$\\iota$', unit=None, boundary=None)
01:50 INFO    : em_syserr=1.0
01:50 INFO    : Ebv=0.0
01:50 INFO    : Ebv=0.0
01:50 INFO    : Analysis likelihood noise evidence: 0.0
01:50 INFO    : luminosity_distance=LogUniform(minimum=1, maximum=500, name='luminosity_distance', latex_label='$D_L$', unit=None, boundary=None)
01:50 INFO    : Analysis likelihood noise evidence: 0.0
01:50 INFO    : inclination_EM=Sine(minimum=0.0, maximum=1.5707963267948966, name='inclination_EM', latex_label='$\\iota$', unit=None, boundary=None)
01:50 INFO    : Analysis likelihood noise evidence: 0.0
01:50 INFO    : Analysis likelihood noise evidence: 0.0
01:50 INFO    : inclination_EM=Sine(minimum=0.0, maximum=1.5707963267948966, name='inclination_EM', latex_label='$\\iota$', unit=None, boundary=None)
01:50 INFO    : Ebv=0.0
01:50 INFO    : inclination_EM=Sine(minimum=0.0, maximum=1.5707963267948966, name='inclination_EM', latex_label='$\\iota$', unit=None, boundary=None)
01:50 INFO    : timeshift=0.0
01:50 INFO    : Analysis likelihood class: <class 'nmma.em.likelihood.OpticalLightCurve'>
01:50 INFO    : em_syserr=1.0
01:50 INFO    : Ebv=0.0
01:50 INFO    : em_syserr=1.0
01:50 INFO    : em_syserr=1.0
01:50 INFO    : Ebv=0.0
01:50 INFO    : timeshift=0.0
01:50 INFO    : em_syserr=1.0
01:50 INFO    : Analysis likelihood class: <class 'nmma.em.likelihood.OpticalLightCurve'>
01:50 INFO    : Analysis likelihood class: <class 'nmma.em.likelihood.OpticalLightCurve'>
01:50 INFO    : timeshift=0.0
01:50 INFO    : em_syserr=1.0
01:50 INFO    : Analysis likelihood class: <class 'nmma.em.likelihood.OpticalLightCurve'>
01:50 INFO    : Analysis likelihood noise evidence: 0.0
01:50 INFO    : Analysis likelihood class: <class 'nmma.em.likelihood.OpticalLightCurve'>
01:50 INFO    : Ebv=0.0
01:50 INFO    : Ebv=0.0
01:50 INFO    : Ebv=0.0
01:50 INFO    : Analysis likelihood class: <class 'nmma.em.likelihood.OpticalLightCurve'>
01:50 INFO    : Ebv=0.0
01:50 INFO    : em_syserr=1.0
01:50 INFO    : Analysis likelihood noise evidence: 0.0
01:50 INFO    : Analysis likelihood noise evidence: 0.0
01:50 INFO    : em_syserr=1.0
01:50 INFO    : luminosity_distance=LogUniform(minimum=1, maximum=500, name='luminosity_distance', latex_label='$D_L$', unit=None, boundary=None)
01:50 INFO    : Ebv=0.0
01:50 INFO    : luminosity_distance=LogUniform(minimum=1, maximum=500, name='luminosity_distance', latex_label='$D_L$', unit=None, boundary=None)
01:50 INFO    : Analysis likelihood noise evidence: 0.0
01:50 INFO    : Analysis likelihood noise evidence: 0.0
01:50 INFO    : luminosity_distance=LogUniform(minimum=1, maximum=500, name='luminosity_distance', latex_label='$D_L$', unit=None, boundary=None)
01:50 INFO    : Analysis likelihood class: <class 'nmma.em.likelihood.OpticalLightCurve'>
01:50 INFO    : Analysis likelihood class: <class 'nmma.em.likelihood.OpticalLightCurve'>
01:50 INFO    : Analysis likelihood class: <class 'nmma.em.likelihood.OpticalLightCurve'>
01:50 INFO    : Analysis likelihood noise evidence: 0.0
01:50 INFO    : luminosity_distance=LogUniform(minimum=1, maximum=500, name='luminosity_distance', latex_label='$D_L$', unit=None, boundary=None)
01:50 INFO    : Analysis likelihood class: <class 'nmma.em.likelihood.OpticalLightCurve'>
01:50 INFO    : luminosity_distance=LogUniform(minimum=1, maximum=500, name='luminosity_distance', latex_label='$D_L$', unit=None, boundary=None)
01:50 INFO    : Ebv=0.0
01:50 INFO    : Ebv=0.0
01:50 INFO    : luminosity_distance=LogUniform(minimum=1, maximum=500, name='luminosity_distance', latex_label='$D_L$', unit=None, boundary=None)
01:50 INFO    : timeshift=0.0
01:50 INFO    : Analysis likelihood class: <class 'nmma.em.likelihood.OpticalLightCurve'>
01:50 INFO    : timeshift=0.0
01:50 INFO    : luminosity_distance=LogUniform(minimum=1, maximum=500, name='luminosity_distance', latex_label='$D_L$', unit=None, boundary=None)
01:50 INFO    : Analysis likelihood noise evidence: 0.0
01:50 INFO    : luminosity_distance=LogUniform(minimum=1, maximum=500, name='luminosity_distance', latex_label='$D_L$', unit=None, boundary=None)
01:50 INFO    : timeshift=0.0
01:50 INFO    : Analysis likelihood noise evidence: 0.0
01:50 INFO    : Analysis likelihood noise evidence: 0.0
01:50 INFO    : luminosity_distance=LogUniform(minimum=1, maximum=500, name='luminosity_distance', latex_label='$D_L$', unit=None, boundary=None)
01:50 INFO    : Analysis likelihood noise evidence: 0.0
01:50 INFO    : timeshift=0.0
01:50 INFO    : Analysis likelihood class: <class 'nmma.em.likelihood.OpticalLightCurve'>
01:50 INFO    : Analysis likelihood class: <class 'nmma.em.likelihood.OpticalLightCurve'>
01:50 INFO    : timeshift=0.0
01:50 INFO    : luminosity_distance=LogUniform(minimum=1, maximum=500, name='luminosity_distance', latex_label='$D_L$', unit=None, boundary=None)
01:50 INFO    : em_syserr=1.0
01:50 INFO    : luminosity_distance=LogUniform(minimum=1, maximum=500, name='luminosity_distance', latex_label='$D_L$', unit=None, boundary=None)
01:50 INFO    : Analysis likelihood noise evidence: 0.0
01:50 INFO    : em_syserr=1.0
01:50 INFO    : timeshift=0.0
01:50 INFO    : em_syserr=1.0
01:50 INFO    : timeshift=0.0
01:50 INFO    : timeshift=0.0
01:50 INFO    : timeshift=0.0
01:50 INFO    : em_syserr=1.0
01:50 INFO    : Analysis likelihood noise evidence: 0.0
01:50 INFO    : em_syserr=1.0
01:50 INFO    : Ebv=0.0
01:50 INFO    : timeshift=0.0
01:50 INFO    : Analysis likelihood noise evidence: 0.0
01:50 INFO    : Ebv=0.0
01:50 INFO    : em_syserr=1.0
01:50 INFO    : timeshift=0.0
01:50 INFO    : Ebv=0.0
01:50 INFO    : em_syserr=1.0
01:50 INFO    : em_syserr=1.0
01:50 INFO    : Ebv=0.0
01:50 INFO    : em_syserr=1.0
01:50 INFO    : Analysis likelihood class: <class 'nmma.em.likelihood.OpticalLightCurve'>
01:50 INFO    : Ebv=0.0
01:50 INFO    : Ebv=0.0
01:50 INFO    : Analysis likelihood class: <class 'nmma.em.likelihood.OpticalLightCurve'>
01:50 INFO    : em_syserr=1.0
01:50 INFO    : em_syserr=1.0
01:50 INFO    : Analysis likelihood class: <class 'nmma.em.likelihood.OpticalLightCurve'>
01:50 INFO    : Ebv=0.0
01:50 INFO    : Ebv=0.0
01:50 INFO    : Analysis likelihood class: <class 'nmma.em.likelihood.OpticalLightCurve'>
01:50 INFO    : Ebv=0.0
01:50 INFO    : Analysis likelihood noise evidence: 0.0
01:50 INFO    : Analysis likelihood class: <class 'nmma.em.likelihood.OpticalLightCurve'>
01:50 INFO    : Analysis likelihood noise evidence: 0.0
01:50 INFO    : Analysis likelihood class: <class 'nmma.em.likelihood.OpticalLightCurve'>
01:50 INFO    : Ebv=0.0
01:50 INFO    : Ebv=0.0
01:50 INFO    : Analysis likelihood noise evidence: 0.0
01:50 INFO    : Analysis likelihood class: <class 'nmma.em.likelihood.OpticalLightCurve'>
01:50 INFO    : Analysis likelihood noise evidence: 0.0
01:50 INFO    : Analysis likelihood class: <class 'nmma.em.likelihood.OpticalLightCurve'>
01:50 INFO    : Analysis likelihood class: <class 'nmma.em.likelihood.OpticalLightCurve'>
01:50 INFO    : Analysis likelihood noise evidence: 0.0
01:50 INFO    : Analysis likelihood class: <class 'nmma.em.likelihood.OpticalLightCurve'>
01:50 INFO    : Analysis likelihood class: <class 'nmma.em.likelihood.OpticalLightCurve'>
01:50 INFO    : Analysis likelihood noise evidence: 0.0
01:50 INFO    : Analysis likelihood noise evidence: 0.0
01:50 INFO    : Analysis likelihood noise evidence: 0.0
01:50 INFO    : Analysis likelihood noise evidence: 0.0
01:50 INFO    : Analysis likelihood noise evidence: 0.0
01:50 INFO    : Analysis likelihood noise evidence: 0.0
01:50 INFO    : Analysis priors:
01:50 INFO    : KNphi=Uniform(minimum=15.0, maximum=75.0, name='KNphi', latex_label='$\\Phi$', unit=None, boundary=None)
01:50 INFO    : log10_mej_dyn=Uniform(minimum=-3.0, maximum=-1.0, name='log10_mej_dyn', latex_label='$\\log_{10}M^{\\rm{dyn}}_{\\rm{ej}}$', unit=None, boundary='reflective')
01:50 INFO    : log10_mej_wind=Uniform(minimum=-3.0, maximum=-0.5, name='log10_mej_wind', latex_label='$\\log_{10}M^{\\rm{wind}}_{\\rm{ej}}$', unit=None, boundary='reflective')
01:50 INFO    : inclination_EM=Sine(minimum=0.0, maximum=1.5707963267948966, name='inclination_EM', latex_label='$\\iota$', unit=None, boundary=None)
01:50 INFO    : luminosity_distance=LogUniform(minimum=1, maximum=500, name='luminosity_distance', latex_label='$D_L$', unit=None, boundary=None)
01:50 INFO    : timeshift=0.0
01:50 INFO    : em_syserr=1.0
01:50 INFO    : Ebv=0.0
01:50 INFO    : Analysis likelihood class: <class 'nmma.em.likelihood.OpticalLightCurve'>
01:50 INFO    : Analysis likelihood noise evidence: 0.0
01:51 INFO    : Single likelihood evaluation took 3.641e-01 s
01:51 INFO    : Single likelihood evaluation took 3.650e-01 s
01:51 INFO    : Single likelihood evaluation took 3.661e-01 s
01:51 INFO    : Single likelihood evaluation took 3.661e-01 s
01:51 WARNING : Supplied argument 'queue_size' not an argument of 'Pymultinest', removing.
01:51 WARNING : Supplied argument 'check_point_delta_t' not an argument of 'Pymultinest', removing.
01:51 INFO    : Using sampler Pymultinest with kwargs {'importance_nested_sampling': False, 'resume': True, 'verbose': True, 'sampling_efficiency': 'parameter', 'n_live_points': 2048, 'n_params': 5, 'n_clustering_params': None, 'wrapped_params': None, 'multimodal': True, 'const_efficiency_mode': False, 'evidence_tolerance': 0.5, 'n_iter_before_update': 100, 'null_log_evidence': -1e+90, 'max_modes': 100, 'mode_tolerance': -1e+90, 'seed': 42, 'context': 0, 'write_output': True, 'log_zero': -1e+100, 'max_iter': 0, 'init_MPI': False, 'dump_callback': <bound method Pymultinest._dump_callback of <bilby.core.sampler.pymultinest.Pymultinest object at 0x1555017bbe50>>}
01:51 INFO    : Temporary directory incompatible with MPI, will run in original directory
01:51 INFO    : Using output file outdirBNSBu32cores/pm_Simu2019lm/
01:51 WARNING : Supplied argument 'queue_size' not an argument of 'Pymultinest', removing.
01:51 WARNING : Supplied argument 'check_point_delta_t' not an argument of 'Pymultinest', removing.
01:51 INFO    : Using sampler Pymultinest with kwargs {'importance_nested_sampling': False, 'resume': True, 'verbose': True, 'sampling_efficiency': 'parameter', 'n_live_points': 2048, 'n_params': 5, 'n_clustering_params': None, 'wrapped_params': None, 'multimodal': True, 'const_efficiency_mode': False, 'evidence_tolerance': 0.5, 'n_iter_before_update': 100, 'null_log_evidence': -1e+90, 'max_modes': 100, 'mode_tolerance': -1e+90, 'seed': 42, 'context': 0, 'write_output': True, 'log_zero': -1e+100, 'max_iter': 0, 'init_MPI': False, 'dump_callback': <bound method Pymultinest._dump_callback of <bilby.core.sampler.pymultinest.Pymultinest object at 0x1555017bfe80>>}
01:51 INFO    : Temporary directory incompatible with MPI, will run in original directory
01:51 INFO    : Using output file outdirBNSBu32cores/pm_Simu2019lm/
01:51 WARNING : Supplied argument 'queue_size' not an argument of 'Pymultinest', removing.
01:51 WARNING : Supplied argument 'check_point_delta_t' not an argument of 'Pymultinest', removing.
01:51 WARNING : Supplied argument 'queue_size' not an argument of 'Pymultinest', removing.
01:51 WARNING : Supplied argument 'check_point_delta_t' not an argument of 'Pymultinest', removing.
01:51 INFO    : Using sampler Pymultinest with kwargs {'importance_nested_sampling': False, 'resume': True, 'verbose': True, 'sampling_efficiency': 'parameter', 'n_live_points': 2048, 'n_params': 5, 'n_clustering_params': None, 'wrapped_params': None, 'multimodal': True, 'const_efficiency_mode': False, 'evidence_tolerance': 0.5, 'n_iter_before_update': 100, 'null_log_evidence': -1e+90, 'max_modes': 100, 'mode_tolerance': -1e+90, 'seed': 42, 'context': 0, 'write_output': True, 'log_zero': -1e+100, 'max_iter': 0, 'init_MPI': False, 'dump_callback': <bound method Pymultinest._dump_callback of <bilby.core.sampler.pymultinest.Pymultinest object at 0x1555017bfeb0>>}
01:51 INFO    : Using sampler Pymultinest with kwargs {'importance_nested_sampling': False, 'resume': True, 'verbose': True, 'sampling_efficiency': 'parameter', 'n_live_points': 2048, 'n_params': 5, 'n_clustering_params': None, 'wrapped_params': None, 'multimodal': True, 'const_efficiency_mode': False, 'evidence_tolerance': 0.5, 'n_iter_before_update': 100, 'null_log_evidence': -1e+90, 'max_modes': 100, 'mode_tolerance': -1e+90, 'seed': 42, 'context': 0, 'write_output': True, 'log_zero': -1e+100, 'max_iter': 0, 'init_MPI': False, 'dump_callback': <bound method Pymultinest._dump_callback of <bilby.core.sampler.pymultinest.Pymultinest object at 0x1555017bbf40>>}
01:51 INFO    : Temporary directory incompatible with MPI, will run in original directory
01:51 INFO    : Temporary directory incompatible with MPI, will run in original directory
01:51 INFO    : Using output file outdirBNSBu32cores/pm_Simu2019lm/
01:51 INFO    : Using output file outdirBNSBu32cores/pm_Simu2019lm/
01:51 INFO    : Single likelihood evaluation took 3.695e-01 s
01:51 INFO    : Single likelihood evaluation took 3.700e-01 s
01:51 INFO    : Single likelihood evaluation took 3.707e-01 s
01:51 INFO    : Single likelihood evaluation took 3.714e-01 s
01:51 INFO    : Single likelihood evaluation took 3.717e-01 s
01:51 INFO    : Single likelihood evaluation took 3.718e-01 s
01:51 INFO    : Single likelihood evaluation took 3.721e-01 s
01:51 INFO    : Single likelihood evaluation took 3.725e-01 s
01:51 INFO    : Single likelihood evaluation took 3.727e-01 s
01:51 INFO    : Single likelihood evaluation took 3.727e-01 s
01:51 INFO    : Single likelihood evaluation took 3.727e-01 s
01:51 INFO    : Single likelihood evaluation took 3.727e-01 s
01:51 INFO    : Single likelihood evaluation took 3.730e-01 s
01:51 WARNING : Supplied argument 'queue_size' not an argument of 'Pymultinest', removing.
01:51 WARNING : Supplied argument 'check_point_delta_t' not an argument of 'Pymultinest', removing.
01:51 INFO    : Using sampler Pymultinest with kwargs {'importance_nested_sampling': False, 'resume': True, 'verbose': True, 'sampling_efficiency': 'parameter', 'n_live_points': 2048, 'n_params': 5, 'n_clustering_params': None, 'wrapped_params': None, 'multimodal': True, 'const_efficiency_mode': False, 'evidence_tolerance': 0.5, 'n_iter_before_update': 100, 'null_log_evidence': -1e+90, 'max_modes': 100, 'mode_tolerance': -1e+90, 'seed': 42, 'context': 0, 'write_output': True, 'log_zero': -1e+100, 'max_iter': 0, 'init_MPI': False, 'dump_callback': <bound method Pymultinest._dump_callback of <bilby.core.sampler.pymultinest.Pymultinest object at 0x1555017bffd0>>}
01:51 INFO    : Temporary directory incompatible with MPI, will run in original directory
01:51 INFO    : Using output file outdirBNSBu32cores/pm_Simu2019lm/
01:51 WARNING : Supplied argument 'queue_size' not an argument of 'Pymultinest', removing.
01:51 WARNING : Supplied argument 'check_point_delta_t' not an argument of 'Pymultinest', removing.
01:51 INFO    : Using sampler Pymultinest with kwargs {'importance_nested_sampling': False, 'resume': True, 'verbose': True, 'sampling_efficiency': 'parameter', 'n_live_points': 2048, 'n_params': 5, 'n_clustering_params': None, 'wrapped_params': None, 'multimodal': True, 'const_efficiency_mode': False, 'evidence_tolerance': 0.5, 'n_iter_before_update': 100, 'null_log_evidence': -1e+90, 'max_modes': 100, 'mode_tolerance': -1e+90, 'seed': 42, 'context': 0, 'write_output': True, 'log_zero': -1e+100, 'max_iter': 0, 'init_MPI': False, 'dump_callback': <bound method Pymultinest._dump_callback of <bilby.core.sampler.pymultinest.Pymultinest object at 0x1555017bfee0>>}
01:51 INFO    : Temporary directory incompatible with MPI, will run in original directory
01:51 INFO    : Using output file outdirBNSBu32cores/pm_Simu2019lm/
01:51 WARNING : Supplied argument 'queue_size' not an argument of 'Pymultinest', removing.
01:51 WARNING : Supplied argument 'check_point_delta_t' not an argument of 'Pymultinest', removing.
01:51 INFO    : Using sampler Pymultinest with kwargs {'importance_nested_sampling': False, 'resume': True, 'verbose': True, 'sampling_efficiency': 'parameter', 'n_live_points': 2048, 'n_params': 5, 'n_clustering_params': None, 'wrapped_params': None, 'multimodal': True, 'const_efficiency_mode': False, 'evidence_tolerance': 0.5, 'n_iter_before_update': 100, 'null_log_evidence': -1e+90, 'max_modes': 100, 'mode_tolerance': -1e+90, 'seed': 42, 'context': 0, 'write_output': True, 'log_zero': -1e+100, 'max_iter': 0, 'init_MPI': False, 'dump_callback': <bound method Pymultinest._dump_callback of <bilby.core.sampler.pymultinest.Pymultinest object at 0x1555017c3f10>>}
01:51 INFO    : Temporary directory incompatible with MPI, will run in original directory
01:51 INFO    : Using output file outdirBNSBu32cores/pm_Simu2019lm/
01:51 WARNING : Supplied argument 'queue_size' not an argument of 'Pymultinest', removing.
01:51 WARNING : Supplied argument 'check_point_delta_t' not an argument of 'Pymultinest', removing.
01:51 INFO    : Using sampler Pymultinest with kwargs {'importance_nested_sampling': False, 'resume': True, 'verbose': True, 'sampling_efficiency': 'parameter', 'n_live_points': 2048, 'n_params': 5, 'n_clustering_params': None, 'wrapped_params': None, 'multimodal': True, 'const_efficiency_mode': False, 'evidence_tolerance': 0.5, 'n_iter_before_update': 100, 'null_log_evidence': -1e+90, 'max_modes': 100, 'mode_tolerance': -1e+90, 'seed': 42, 'context': 0, 'write_output': True, 'log_zero': -1e+100, 'max_iter': 0, 'init_MPI': False, 'dump_callback': <bound method Pymultinest._dump_callback of <bilby.core.sampler.pymultinest.Pymultinest object at 0x1555017bfee0>>}
01:51 INFO    : Temporary directory incompatible with MPI, will run in original directory
01:51 INFO    : Using output file outdirBNSBu32cores/pm_Simu2019lm/
01:51 WARNING : Supplied argument 'queue_size' not an argument of 'Pymultinest', removing.
01:51 WARNING : Supplied argument 'check_point_delta_t' not an argument of 'Pymultinest', removing.
01:51 INFO    : Using sampler Pymultinest with kwargs {'importance_nested_sampling': False, 'resume': True, 'verbose': True, 'sampling_efficiency': 'parameter', 'n_live_points': 2048, 'n_params': 5, 'n_clustering_params': None, 'wrapped_params': None, 'multimodal': True, 'const_efficiency_mode': False, 'evidence_tolerance': 0.5, 'n_iter_before_update': 100, 'null_log_evidence': -1e+90, 'max_modes': 100, 'mode_tolerance': -1e+90, 'seed': 42, 'context': 0, 'write_output': True, 'log_zero': -1e+100, 'max_iter': 0, 'init_MPI': False, 'dump_callback': <bound method Pymultinest._dump_callback of <bilby.core.sampler.pymultinest.Pymultinest object at 0x1555017bfe80>>}
01:51 INFO    : Temporary directory incompatible with MPI, will run in original directory
01:51 INFO    : Using output file outdirBNSBu32cores/pm_Simu2019lm/
01:51 WARNING : Supplied argument 'queue_size' not an argument of 'Pymultinest', removing.
01:51 WARNING : Supplied argument 'check_point_delta_t' not an argument of 'Pymultinest', removing.
01:51 INFO    : Using sampler Pymultinest with kwargs {'importance_nested_sampling': False, 'resume': True, 'verbose': True, 'sampling_efficiency': 'parameter', 'n_live_points': 2048, 'n_params': 5, 'n_clustering_params': None, 'wrapped_params': None, 'multimodal': True, 'const_efficiency_mode': False, 'evidence_tolerance': 0.5, 'n_iter_before_update': 100, 'null_log_evidence': -1e+90, 'max_modes': 100, 'mode_tolerance': -1e+90, 'seed': 42, 'context': 0, 'write_output': True, 'log_zero': -1e+100, 'max_iter': 0, 'init_MPI': False, 'dump_callback': <bound method Pymultinest._dump_callback of <bilby.core.sampler.pymultinest.Pymultinest object at 0x1555017effa0>>}
01:51 INFO    : Temporary directory incompatible with MPI, will run in original directory
01:51 INFO    : Using output file outdirBNSBu32cores/pm_Simu2019lm/
01:51 WARNING : Supplied argument 'queue_size' not an argument of 'Pymultinest', removing.
01:51 WARNING : Supplied argument 'check_point_delta_t' not an argument of 'Pymultinest', removing.
01:51 WARNING : Supplied argument 'queue_size' not an argument of 'Pymultinest', removing.
01:51 WARNING : Supplied argument 'queue_size' not an argument of 'Pymultinest', removing.
01:51 WARNING : Supplied argument 'check_point_delta_t' not an argument of 'Pymultinest', removing.
01:51 INFO    : Using sampler Pymultinest with kwargs {'importance_nested_sampling': False, 'resume': True, 'verbose': True, 'sampling_efficiency': 'parameter', 'n_live_points': 2048, 'n_params': 5, 'n_clustering_params': None, 'wrapped_params': None, 'multimodal': True, 'const_efficiency_mode': False, 'evidence_tolerance': 0.5, 'n_iter_before_update': 100, 'null_log_evidence': -1e+90, 'max_modes': 100, 'mode_tolerance': -1e+90, 'seed': 42, 'context': 0, 'write_output': True, 'log_zero': -1e+100, 'max_iter': 0, 'init_MPI': False, 'dump_callback': <bound method Pymultinest._dump_callback of <bilby.core.sampler.pymultinest.Pymultinest object at 0x1555017bbeb0>>}
01:51 WARNING : Supplied argument 'check_point_delta_t' not an argument of 'Pymultinest', removing.
01:51 INFO    : Using sampler Pymultinest with kwargs {'importance_nested_sampling': False, 'resume': True, 'verbose': True, 'sampling_efficiency': 'parameter', 'n_live_points': 2048, 'n_params': 5, 'n_clustering_params': None, 'wrapped_params': None, 'multimodal': True, 'const_efficiency_mode': False, 'evidence_tolerance': 0.5, 'n_iter_before_update': 100, 'null_log_evidence': -1e+90, 'max_modes': 100, 'mode_tolerance': -1e+90, 'seed': 42, 'context': 0, 'write_output': True, 'log_zero': -1e+100, 'max_iter': 0, 'init_MPI': False, 'dump_callback': <bound method Pymultinest._dump_callback of <bilby.core.sampler.pymultinest.Pymultinest object at 0x1555017bfee0>>}
01:51 INFO    : Using sampler Pymultinest with kwargs {'importance_nested_sampling': False, 'resume': True, 'verbose': True, 'sampling_efficiency': 'parameter', 'n_live_points': 2048, 'n_params': 5, 'n_clustering_params': None, 'wrapped_params': None, 'multimodal': True, 'const_efficiency_mode': False, 'evidence_tolerance': 0.5, 'n_iter_before_update': 100, 'null_log_evidence': -1e+90, 'max_modes': 100, 'mode_tolerance': -1e+90, 'seed': 42, 'context': 0, 'write_output': True, 'log_zero': -1e+100, 'max_iter': 0, 'init_MPI': False, 'dump_callback': <bound method Pymultinest._dump_callback of <bilby.core.sampler.pymultinest.Pymultinest object at 0x1555017bbf10>>}
01:51 INFO    : Temporary directory incompatible with MPI, will run in original directory
01:51 INFO    : Temporary directory incompatible with MPI, will run in original directory
01:51 INFO    : Temporary directory incompatible with MPI, will run in original directory
01:51 INFO    : Using output file outdirBNSBu32cores/pm_Simu2019lm/
01:51 INFO    : Using output file outdirBNSBu32cores/pm_Simu2019lm/
01:51 INFO    : Using output file outdirBNSBu32cores/pm_Simu2019lm/
01:51 WARNING : Supplied argument 'queue_size' not an argument of 'Pymultinest', removing.
01:51 WARNING : Supplied argument 'check_point_delta_t' not an argument of 'Pymultinest', removing.
01:51 INFO    : Using sampler Pymultinest with kwargs {'importance_nested_sampling': False, 'resume': True, 'verbose': True, 'sampling_efficiency': 'parameter', 'n_live_points': 2048, 'n_params': 5, 'n_clustering_params': None, 'wrapped_params': None, 'multimodal': True, 'const_efficiency_mode': False, 'evidence_tolerance': 0.5, 'n_iter_before_update': 100, 'null_log_evidence': -1e+90, 'max_modes': 100, 'mode_tolerance': -1e+90, 'seed': 42, 'context': 0, 'write_output': True, 'log_zero': -1e+100, 'max_iter': 0, 'init_MPI': False, 'dump_callback': <bound method Pymultinest._dump_callback of <bilby.core.sampler.pymultinest.Pymultinest object at 0x1555017bbee0>>}
01:51 INFO    : Temporary directory incompatible with MPI, will run in original directory
01:51 INFO    : Using output file outdirBNSBu32cores/pm_Simu2019lm/
01:51 WARNING : Supplied argument 'queue_size' not an argument of 'Pymultinest', removing.
01:51 WARNING : Supplied argument 'check_point_delta_t' not an argument of 'Pymultinest', removing.
01:51 INFO    : Using sampler Pymultinest with kwargs {'importance_nested_sampling': False, 'resume': True, 'verbose': True, 'sampling_efficiency': 'parameter', 'n_live_points': 2048, 'n_params': 5, 'n_clustering_params': None, 'wrapped_params': None, 'multimodal': True, 'const_efficiency_mode': False, 'evidence_tolerance': 0.5, 'n_iter_before_update': 100, 'null_log_evidence': -1e+90, 'max_modes': 100, 'mode_tolerance': -1e+90, 'seed': 42, 'context': 0, 'write_output': True, 'log_zero': -1e+100, 'max_iter': 0, 'init_MPI': False, 'dump_callback': <bound method Pymultinest._dump_callback of <bilby.core.sampler.pymultinest.Pymultinest object at 0x1555017c3f40>>}
01:51 INFO    : Temporary directory incompatible with MPI, will run in original directory
01:51 INFO    : Using output file outdirBNSBu32cores/pm_Simu2019lm/
01:51 WARNING : Supplied argument 'queue_size' not an argument of 'Pymultinest', removing.
01:51 WARNING : Supplied argument 'check_point_delta_t' not an argument of 'Pymultinest', removing.
01:51 INFO    : Using sampler Pymultinest with kwargs {'importance_nested_sampling': False, 'resume': True, 'verbose': True, 'sampling_efficiency': 'parameter', 'n_live_points': 2048, 'n_params': 5, 'n_clustering_params': None, 'wrapped_params': None, 'multimodal': True, 'const_efficiency_mode': False, 'evidence_tolerance': 0.5, 'n_iter_before_update': 100, 'null_log_evidence': -1e+90, 'max_modes': 100, 'mode_tolerance': -1e+90, 'seed': 42, 'context': 0, 'write_output': True, 'log_zero': -1e+100, 'max_iter': 0, 'init_MPI': False, 'dump_callback': <bound method Pymultinest._dump_callback of <bilby.core.sampler.pymultinest.Pymultinest object at 0x1555017eff40>>}
01:51 INFO    : Temporary directory incompatible with MPI, will run in original directory
01:51 INFO    : Using output file outdirBNSBu32cores/pm_Simu2019lm/
01:51 WARNING : Supplied argument 'queue_size' not an argument of 'Pymultinest', removing.
01:51 WARNING : Supplied argument 'check_point_delta_t' not an argument of 'Pymultinest', removing.
01:51 INFO    : Using sampler Pymultinest with kwargs {'importance_nested_sampling': False, 'resume': True, 'verbose': True, 'sampling_efficiency': 'parameter', 'n_live_points': 2048, 'n_params': 5, 'n_clustering_params': None, 'wrapped_params': None, 'multimodal': True, 'const_efficiency_mode': False, 'evidence_tolerance': 0.5, 'n_iter_before_update': 100, 'null_log_evidence': -1e+90, 'max_modes': 100, 'mode_tolerance': -1e+90, 'seed': 42, 'context': 0, 'write_output': True, 'log_zero': -1e+100, 'max_iter': 0, 'init_MPI': False, 'dump_callback': <bound method Pymultinest._dump_callback of <bilby.core.sampler.pymultinest.Pymultinest object at 0x1555017bbf10>>}
01:51 INFO    : Single likelihood evaluation took 3.755e-01 s
01:51 INFO    : Single likelihood evaluation took 3.755e-01 s
01:51 INFO    : Single likelihood evaluation took 3.755e-01 s
01:51 INFO    : Temporary directory incompatible with MPI, will run in original directory
01:51 INFO    : Using output file outdirBNSBu32cores/pm_Simu2019lm/
01:51 INFO    : Single likelihood evaluation took 3.766e-01 s
01:51 WARNING : Supplied argument 'queue_size' not an argument of 'Pymultinest', removing.
01:51 WARNING : Supplied argument 'check_point_delta_t' not an argument of 'Pymultinest', removing.
01:51 WARNING : Supplied argument 'queue_size' not an argument of 'Pymultinest', removing.
01:51 WARNING : Supplied argument 'queue_size' not an argument of 'Pymultinest', removing.
01:51 WARNING : Supplied argument 'check_point_delta_t' not an argument of 'Pymultinest', removing.
01:51 WARNING : Supplied argument 'check_point_delta_t' not an argument of 'Pymultinest', removing.
01:51 INFO    : Using sampler Pymultinest with kwargs {'importance_nested_sampling': False, 'resume': True, 'verbose': True, 'sampling_efficiency': 'parameter', 'n_live_points': 2048, 'n_params': 5, 'n_clustering_params': None, 'wrapped_params': None, 'multimodal': True, 'const_efficiency_mode': False, 'evidence_tolerance': 0.5, 'n_iter_before_update': 100, 'null_log_evidence': -1e+90, 'max_modes': 100, 'mode_tolerance': -1e+90, 'seed': 42, 'context': 0, 'write_output': True, 'log_zero': -1e+100, 'max_iter': 0, 'init_MPI': False, 'dump_callback': <bound method Pymultinest._dump_callback of <bilby.core.sampler.pymultinest.Pymultinest object at 0x1555017bbf10>>}
01:51 INFO    : Using sampler Pymultinest with kwargs {'importance_nested_sampling': False, 'resume': True, 'verbose': True, 'sampling_efficiency': 'parameter', 'n_live_points': 2048, 'n_params': 5, 'n_clustering_params': None, 'wrapped_params': None, 'multimodal': True, 'const_efficiency_mode': False, 'evidence_tolerance': 0.5, 'n_iter_before_update': 100, 'null_log_evidence': -1e+90, 'max_modes': 100, 'mode_tolerance': -1e+90, 'seed': 42, 'context': 0, 'write_output': True, 'log_zero': -1e+100, 'max_iter': 0, 'init_MPI': False, 'dump_callback': <bound method Pymultinest._dump_callback of <bilby.core.sampler.pymultinest.Pymultinest object at 0x1555017bff10>>}
01:51 INFO    : Using sampler Pymultinest with kwargs {'importance_nested_sampling': False, 'resume': True, 'verbose': True, 'sampling_efficiency': 'parameter', 'n_live_points': 2048, 'n_params': 5, 'n_clustering_params': None, 'wrapped_params': None, 'multimodal': True, 'const_efficiency_mode': False, 'evidence_tolerance': 0.5, 'n_iter_before_update': 100, 'null_log_evidence': -1e+90, 'max_modes': 100, 'mode_tolerance': -1e+90, 'seed': 42, 'context': 0, 'write_output': True, 'log_zero': -1e+100, 'max_iter': 0, 'init_MPI': False, 'dump_callback': <bound method Pymultinest._dump_callback of <bilby.core.sampler.pymultinest.Pymultinest object at 0x1555017bff10>>}
01:51 INFO    : Temporary directory incompatible with MPI, will run in original directory
01:51 INFO    : Temporary directory incompatible with MPI, will run in original directory
01:51 INFO    : Temporary directory incompatible with MPI, will run in original directory
01:51 INFO    : Single likelihood evaluation took 3.767e-01 s
01:51 INFO    : Using output file outdirBNSBu32cores/pm_Simu2019lm/
01:51 INFO    : Using output file outdirBNSBu32cores/pm_Simu2019lm/
01:51 INFO    : Using output file outdirBNSBu32cores/pm_Simu2019lm/
01:51 INFO    : Single likelihood evaluation took 3.772e-01 s
01:51 INFO    : Single likelihood evaluation took 3.772e-01 s
01:51 INFO    : Single likelihood evaluation took 3.774e-01 s
01:51 WARNING : Supplied argument 'queue_size' not an argument of 'Pymultinest', removing.
01:51 WARNING : Supplied argument 'check_point_delta_t' not an argument of 'Pymultinest', removing.
01:51 INFO    : Using sampler Pymultinest with kwargs {'importance_nested_sampling': False, 'resume': True, 'verbose': True, 'sampling_efficiency': 'parameter', 'n_live_points': 2048, 'n_params': 5, 'n_clustering_params': None, 'wrapped_params': None, 'multimodal': True, 'const_efficiency_mode': False, 'evidence_tolerance': 0.5, 'n_iter_before_update': 100, 'null_log_evidence': -1e+90, 'max_modes': 100, 'mode_tolerance': -1e+90, 'seed': 42, 'context': 0, 'write_output': True, 'log_zero': -1e+100, 'max_iter': 0, 'init_MPI': False, 'dump_callback': <bound method Pymultinest._dump_callback of <bilby.core.sampler.pymultinest.Pymultinest object at 0x1555017bbf10>>}
01:51 INFO    : Temporary directory incompatible with MPI, will run in original directory
01:51 INFO    : Using output file outdirBNSBu32cores/pm_Simu2019lm/
01:51 INFO    : Single likelihood evaluation took 3.789e-01 s
01:51 INFO    : Single likelihood evaluation took 3.791e-01 s
01:51 WARNING : Supplied argument 'queue_size' not an argument of 'Pymultinest', removing.
01:51 WARNING : Supplied argument 'queue_size' not an argument of 'Pymultinest', removing.
01:51 WARNING : Supplied argument 'check_point_delta_t' not an argument of 'Pymultinest', removing.
01:51 WARNING : Supplied argument 'check_point_delta_t' not an argument of 'Pymultinest', removing.
01:51 INFO    : Using sampler Pymultinest with kwargs {'importance_nested_sampling': False, 'resume': True, 'verbose': True, 'sampling_efficiency': 'parameter', 'n_live_points': 2048, 'n_params': 5, 'n_clustering_params': None, 'wrapped_params': None, 'multimodal': True, 'const_efficiency_mode': False, 'evidence_tolerance': 0.5, 'n_iter_before_update': 100, 'null_log_evidence': -1e+90, 'max_modes': 100, 'mode_tolerance': -1e+90, 'seed': 42, 'context': 0, 'write_output': True, 'log_zero': -1e+100, 'max_iter': 0, 'init_MPI': False, 'dump_callback': <bound method Pymultinest._dump_callback of <bilby.core.sampler.pymultinest.Pymultinest object at 0x1555017c3ee0>>}
01:51 INFO    : Using sampler Pymultinest with kwargs {'importance_nested_sampling': False, 'resume': True, 'verbose': True, 'sampling_efficiency': 'parameter', 'n_live_points': 2048, 'n_params': 5, 'n_clustering_params': None, 'wrapped_params': None, 'multimodal': True, 'const_efficiency_mode': False, 'evidence_tolerance': 0.5, 'n_iter_before_update': 100, 'null_log_evidence': -1e+90, 'max_modes': 100, 'mode_tolerance': -1e+90, 'seed': 42, 'context': 0, 'write_output': True, 'log_zero': -1e+100, 'max_iter': 0, 'init_MPI': False, 'dump_callback': <bound method Pymultinest._dump_callback of <bilby.core.sampler.pymultinest.Pymultinest object at 0x1555017bbe80>>}
01:51 INFO    : Temporary directory incompatible with MPI, will run in original directory
01:51 INFO    : Temporary directory incompatible with MPI, will run in original directory
01:51 INFO    : Using output file outdirBNSBu32cores/pm_Simu2019lm/
01:51 INFO    : Using output file outdirBNSBu32cores/pm_Simu2019lm/
01:51 WARNING : Supplied argument 'queue_size' not an argument of 'Pymultinest', removing.
01:51 WARNING : Supplied argument 'check_point_delta_t' not an argument of 'Pymultinest', removing.
01:51 INFO    : Using sampler Pymultinest with kwargs {'importance_nested_sampling': False, 'resume': True, 'verbose': True, 'sampling_efficiency': 'parameter', 'n_live_points': 2048, 'n_params': 5, 'n_clustering_params': None, 'wrapped_params': None, 'multimodal': True, 'const_efficiency_mode': False, 'evidence_tolerance': 0.5, 'n_iter_before_update': 100, 'null_log_evidence': -1e+90, 'max_modes': 100, 'mode_tolerance': -1e+90, 'seed': 42, 'context': 0, 'write_output': True, 'log_zero': -1e+100, 'max_iter': 0, 'init_MPI': False, 'dump_callback': <bound method Pymultinest._dump_callback of <bilby.core.sampler.pymultinest.Pymultinest object at 0x1555017bffd0>>}
01:51 INFO    : Temporary directory incompatible with MPI, will run in original directory
01:51 INFO    : Using output file outdirBNSBu32cores/pm_Simu2019lm/
01:51 INFO    : Single likelihood evaluation took 3.794e-01 s
01:51 INFO    : Single likelihood evaluation took 3.795e-01 s
01:51 INFO    : Single likelihood evaluation took 3.795e-01 s
01:51 INFO    : Single likelihood evaluation took 3.795e-01 s
01:51 WARNING : Supplied argument 'queue_size' not an argument of 'Pymultinest', removing.
01:51 WARNING : Supplied argument 'check_point_delta_t' not an argument of 'Pymultinest', removing.
01:51 INFO    : Using sampler Pymultinest with kwargs {'importance_nested_sampling': False, 'resume': True, 'verbose': True, 'sampling_efficiency': 'parameter', 'n_live_points': 2048, 'n_params': 5, 'n_clustering_params': None, 'wrapped_params': None, 'multimodal': True, 'const_efficiency_mode': False, 'evidence_tolerance': 0.5, 'n_iter_before_update': 100, 'null_log_evidence': -1e+90, 'max_modes': 100, 'mode_tolerance': -1e+90, 'seed': 42, 'context': 0, 'write_output': True, 'log_zero': -1e+100, 'max_iter': 0, 'init_MPI': False, 'dump_callback': <bound method Pymultinest._dump_callback of <bilby.core.sampler.pymultinest.Pymultinest object at 0x1555017bfeb0>>}
01:51 INFO    : Temporary directory incompatible with MPI, will run in original directory
01:51 INFO    : Using output file outdirBNSBu32cores/pm_Simu2019lm/
01:51 INFO    : Single likelihood evaluation took 3.801e-01 s
01:51 WARNING : Supplied argument 'queue_size' not an argument of 'Pymultinest', removing.
01:51 WARNING : Supplied argument 'check_point_delta_t' not an argument of 'Pymultinest', removing.
01:51 INFO    : Using sampler Pymultinest with kwargs {'importance_nested_sampling': False, 'resume': True, 'verbose': True, 'sampling_efficiency': 'parameter', 'n_live_points': 2048, 'n_params': 5, 'n_clustering_params': None, 'wrapped_params': None, 'multimodal': True, 'const_efficiency_mode': False, 'evidence_tolerance': 0.5, 'n_iter_before_update': 100, 'null_log_evidence': -1e+90, 'max_modes': 100, 'mode_tolerance': -1e+90, 'seed': 42, 'context': 0, 'write_output': True, 'log_zero': -1e+100, 'max_iter': 0, 'init_MPI': False, 'dump_callback': <bound method Pymultinest._dump_callback of <bilby.core.sampler.pymultinest.Pymultinest object at 0x1555017bff40>>}
01:51 INFO    : Temporary directory incompatible with MPI, will run in original directory
01:51 INFO    : Using output file outdirBNSBu32cores/pm_Simu2019lm/
01:51 WARNING : Supplied argument 'queue_size' not an argument of 'Pymultinest', removing.
01:51 WARNING : Supplied argument 'check_point_delta_t' not an argument of 'Pymultinest', removing.
01:51 INFO    : Using sampler Pymultinest with kwargs {'importance_nested_sampling': False, 'resume': True, 'verbose': True, 'sampling_efficiency': 'parameter', 'n_live_points': 2048, 'n_params': 5, 'n_clustering_params': None, 'wrapped_params': None, 'multimodal': True, 'const_efficiency_mode': False, 'evidence_tolerance': 0.5, 'n_iter_before_update': 100, 'null_log_evidence': -1e+90, 'max_modes': 100, 'mode_tolerance': -1e+90, 'seed': 42, 'context': 0, 'write_output': True, 'log_zero': -1e+100, 'max_iter': 0, 'init_MPI': False, 'dump_callback': <bound method Pymultinest._dump_callback of <bilby.core.sampler.pymultinest.Pymultinest object at 0x1555017bbeb0>>}
01:51 INFO    : Temporary directory incompatible with MPI, will run in original directory
01:51 INFO    : Using output file outdirBNSBu32cores/pm_Simu2019lm/
01:51 WARNING : Supplied argument 'queue_size' not an argument of 'Pymultinest', removing.
01:51 WARNING : Supplied argument 'check_point_delta_t' not an argument of 'Pymultinest', removing.
01:51 INFO    : Using sampler Pymultinest with kwargs {'importance_nested_sampling': False, 'resume': True, 'verbose': True, 'sampling_efficiency': 'parameter', 'n_live_points': 2048, 'n_params': 5, 'n_clustering_params': None, 'wrapped_params': None, 'multimodal': True, 'const_efficiency_mode': False, 'evidence_tolerance': 0.5, 'n_iter_before_update': 100, 'null_log_evidence': -1e+90, 'max_modes': 100, 'mode_tolerance': -1e+90, 'seed': 42, 'context': 0, 'write_output': True, 'log_zero': -1e+100, 'max_iter': 0, 'init_MPI': False, 'dump_callback': <bound method Pymultinest._dump_callback of <bilby.core.sampler.pymultinest.Pymultinest object at 0x1555017bbe80>>}
01:51 INFO    : Temporary directory incompatible with MPI, will run in original directory
01:51 INFO    : Using output file outdirBNSBu32cores/pm_Simu2019lm/
01:51 WARNING : Supplied argument 'queue_size' not an argument of 'Pymultinest', removing.
01:51 WARNING : Supplied argument 'check_point_delta_t' not an argument of 'Pymultinest', removing.
01:51 INFO    : Using sampler Pymultinest with kwargs {'importance_nested_sampling': False, 'resume': True, 'verbose': True, 'sampling_efficiency': 'parameter', 'n_live_points': 2048, 'n_params': 5, 'n_clustering_params': None, 'wrapped_params': None, 'multimodal': True, 'const_efficiency_mode': False, 'evidence_tolerance': 0.5, 'n_iter_before_update': 100, 'null_log_evidence': -1e+90, 'max_modes': 100, 'mode_tolerance': -1e+90, 'seed': 42, 'context': 0, 'write_output': True, 'log_zero': -1e+100, 'max_iter': 0, 'init_MPI': False, 'dump_callback': <bound method Pymultinest._dump_callback of <bilby.core.sampler.pymultinest.Pymultinest object at 0x1555017bfeb0>>}
01:51 INFO    : Temporary directory incompatible with MPI, will run in original directory
01:51 INFO    : Using output file outdirBNSBu32cores/pm_Simu2019lm/
01:51 WARNING : Supplied argument 'queue_size' not an argument of 'Pymultinest', removing.
01:51 WARNING : Supplied argument 'queue_size' not an argument of 'Pymultinest', removing.
01:51 WARNING : Supplied argument 'check_point_delta_t' not an argument of 'Pymultinest', removing.
01:51 WARNING : Supplied argument 'check_point_delta_t' not an argument of 'Pymultinest', removing.
01:51 INFO    : Using sampler Pymultinest with kwargs {'importance_nested_sampling': False, 'resume': True, 'verbose': True, 'sampling_efficiency': 'parameter', 'n_live_points': 2048, 'n_params': 5, 'n_clustering_params': None, 'wrapped_params': None, 'multimodal': True, 'const_efficiency_mode': False, 'evidence_tolerance': 0.5, 'n_iter_before_update': 100, 'null_log_evidence': -1e+90, 'max_modes': 100, 'mode_tolerance': -1e+90, 'seed': 42, 'context': 0, 'write_output': True, 'log_zero': -1e+100, 'max_iter': 0, 'init_MPI': False, 'dump_callback': <bound method Pymultinest._dump_callback of <bilby.core.sampler.pymultinest.Pymultinest object at 0x1555017b7f10>>}
01:51 INFO    : Using sampler Pymultinest with kwargs {'importance_nested_sampling': False, 'resume': True, 'verbose': True, 'sampling_efficiency': 'parameter', 'n_live_points': 2048, 'n_params': 5, 'n_clustering_params': None, 'wrapped_params': None, 'multimodal': True, 'const_efficiency_mode': False, 'evidence_tolerance': 0.5, 'n_iter_before_update': 100, 'null_log_evidence': -1e+90, 'max_modes': 100, 'mode_tolerance': -1e+90, 'seed': 42, 'context': 0, 'write_output': True, 'log_zero': -1e+100, 'max_iter': 0, 'init_MPI': False, 'dump_callback': <bound method Pymultinest._dump_callback of <bilby.core.sampler.pymultinest.Pymultinest object at 0x1555017bbe80>>}
01:51 INFO    : Temporary directory incompatible with MPI, will run in original directory
01:51 INFO    : Temporary directory incompatible with MPI, will run in original directory
01:51 INFO    : Using output file outdirBNSBu32cores/pm_Simu2019lm/
01:51 INFO    : Using output file outdirBNSBu32cores/pm_Simu2019lm/
01:51 WARNING : Supplied argument 'queue_size' not an argument of 'Pymultinest', removing.
01:51 WARNING : Supplied argument 'check_point_delta_t' not an argument of 'Pymultinest', removing.
01:51 INFO    : Using sampler Pymultinest with kwargs {'importance_nested_sampling': False, 'resume': True, 'verbose': True, 'sampling_efficiency': 'parameter', 'n_live_points': 2048, 'n_params': 5, 'n_clustering_params': None, 'wrapped_params': None, 'multimodal': True, 'const_efficiency_mode': False, 'evidence_tolerance': 0.5, 'n_iter_before_update': 100, 'null_log_evidence': -1e+90, 'max_modes': 100, 'mode_tolerance': -1e+90, 'seed': 42, 'context': 0, 'write_output': True, 'log_zero': -1e+100, 'max_iter': 0, 'init_MPI': False, 'dump_callback': <bound method Pymultinest._dump_callback of <bilby.core.sampler.pymultinest.Pymultinest object at 0x1555017bfeb0>>}
01:51 INFO    : Temporary directory incompatible with MPI, will run in original directory
01:51 INFO    : Using output file outdirBNSBu32cores/pm_Simu2019lm/
02:01 INFO    : Sampling time: 0:09:43.813220
02:01 INFO    : Sampling time: 0:09:43.644935
02:01 INFO    : Sampling time: 0:09:43.185477
02:01 INFO    : Sampling time: 0:09:43.184065
02:01 INFO    : Sampling time: 0:09:43.819768
02:01 INFO    : Sampling time: 0:09:43.333712
02:01 INFO    : Sampling time: 0:09:43.204009
02:01 INFO    : Sampling time: 0:09:43.839203
02:01 INFO    : Sampling time: 0:09:44.400090
02:01 INFO    : Sampling time: 0:09:43.797934
02:01 INFO    : Sampling time: 0:09:44.499902
02:01 INFO    : Sampling time: 0:09:43.853974
02:01 INFO    : Sampling time: 0:09:43.907426
02:01 INFO    : Sampling time: 0:09:43.825899
02:01 INFO    : Sampling time: 0:09:43.381948
02:01 INFO    : Sampling time: 0:09:44.461609
02:01 INFO    : Sampling time: 0:09:43.945445
02:01 INFO    : Sampling time: 0:09:43.983711
02:01 INFO    : Sampling time: 0:09:43.826910
02:01 INFO    : Sampling time: 0:09:43.832250
02:01 INFO    : Sampling time: 0:09:43.392405
02:01 INFO    : Sampling time: 0:09:43.435766
02:01 INFO    : Sampling time: 0:09:43.150073
02:01 INFO    : Sampling time: 0:09:44.401950
02:01 INFO    : Sampling time: 0:09:43.826685
02:01 INFO    : Sampling time: 0:09:43.164050
02:01 INFO    : Sampling time: 0:09:43.163843
02:01 INFO    : Sampling time: 0:09:43.758945
02:01 INFO    : Sampling time: 0:09:43.191215
02:01 INFO    : Sampling time: 0:09:43.393034
02:01 INFO    : Sampling time: 0:09:43.644798
02:01 INFO    : Sampling time: 0:09:43.644475
02:01 ERROR   : 

Saving the data has failed with the following message:
[Errno 116] Stale file handle
Data has been dumped to outdirBNSBu32cores/Simu2019lm_result.pkl.


02:01 INFO    : Summary of results:
nsamples: 9327
ln_noise_evidence:  0.000
ln_evidence: -36.555 +/-  0.050
ln_bayes_factor: -36.555 +/-  0.050

02:01 INFO    : Summary of results:
nsamples: 9327
ln_noise_evidence:  0.000
ln_evidence: -36.555 +/-  0.050
ln_bayes_factor: -36.555 +/-  0.050

02:01 INFO    : Summary of results:
nsamples: 9327
ln_noise_evidence:  0.000
ln_evidence: -36.555 +/-  0.050
ln_bayes_factor: -36.555 +/-  0.050

02:01 INFO    : Summary of results:
nsamples: 9327
ln_noise_evidence:  0.000
ln_evidence: -36.555 +/-  0.050
ln_bayes_factor: -36.555 +/-  0.050

02:01 INFO    : Summary of results:
nsamples: 9327
ln_noise_evidence:  0.000
ln_evidence: -36.555 +/-  0.050
ln_bayes_factor: -36.555 +/-  0.050

02:01 INFO    : Summary of results:
nsamples: 9327
ln_noise_evidence:  0.000
ln_evidence: -36.555 +/-  0.050
ln_bayes_factor: -36.555 +/-  0.050

02:01 INFO    : Summary of results:
nsamples: 9327
ln_noise_evidence:  0.000
ln_evidence: -36.555 +/-  0.050
ln_bayes_factor: -36.555 +/-  0.050

02:01 INFO    : Summary of results:
nsamples: 9327
ln_noise_evidence:  0.000
ln_evidence: -36.555 +/-  0.050
ln_bayes_factor: -36.555 +/-  0.050

05:01 INFO    : Running for label 'Simu2019lm', output will be saved to 'outdirBNSBu32cores'
05:01 INFO    : Analysis priors:
05:01 INFO    : KNphi=Uniform(minimum=15.0, maximum=75.0, name='KNphi', latex_label='$\\Phi$', unit=None, boundary=None)
05:01 INFO    : log10_mej_dyn=Uniform(minimum=-3.0, maximum=-1.0, name='log10_mej_dyn', latex_label='$\\log_{10}M^{\\rm{dyn}}_{\\rm{ej}}$', unit=None, boundary='reflective')
05:01 INFO    : log10_mej_wind=Uniform(minimum=-3.0, maximum=-0.5, name='log10_mej_wind', latex_label='$\\log_{10}M^{\\rm{wind}}_{\\rm{ej}}$', unit=None, boundary='reflective')
05:01 INFO    : inclination_EM=Sine(minimum=0.0, maximum=1.5707963267948966, name='inclination_EM', latex_label='$\\iota$', unit=None, boundary=None)
05:01 INFO    : luminosity_distance=LogUniform(minimum=1, maximum=500, name='luminosity_distance', latex_label='$D_L$', unit=None, boundary=None)
05:01 INFO    : timeshift=0.0
05:01 INFO    : em_syserr=1.0
05:01 INFO    : Ebv=0.0
05:01 INFO    : Analysis likelihood class: <class 'nmma.em.likelihood.OpticalLightCurve'>
05:01 INFO    : Analysis likelihood noise evidence: 0.0
05:01 INFO    : Single likelihood evaluation took 5.999e-02 s
05:01 WARNING : Supplied argument 'queue_size' not an argument of 'Pymultinest', removing.
05:01 WARNING : Supplied argument 'check_point_delta_t' not an argument of 'Pymultinest', removing.
05:01 WARNING : Using cached result
05:01 INFO    : Summary of results:
nsamples: 9327
ln_noise_evidence:  0.000
ln_evidence: -36.555 +/-  0.050
ln_bayes_factor: -36.555 +/-  0.050

05:01 INFO    : Writing samples file to /home/thussenot/kilonovae-H0/lcsimu/033perday4/grizyJHK/outdirBNSBu32cores/Simu2019lm_posterior_samples.dat
