Install afterglowpy if you want to simulate afterglows.
Install afterglowpy if you want to simulate afterglows.
Install afterglowpy if you want to simulate afterglows.
Install afterglowpy if you want to simulate afterglows.
Install afterglowpy if you want to simulate afterglows.
Install afterglowpy if you want to simulate afterglows.
Install afterglowpy if you want to simulate afterglows.
Install afterglowpy if you want to simulate afterglows.
Install afterglowpy if you want to simulate afterglows.
Install afterglowpy if you want to simulate afterglows.
Install afterglowpy if you want to simulate afterglows.
Install afterglowpy if you want to simulate afterglows.
Install afterglowpy if you want to simulate afterglows.
Install afterglowpy if you want to simulate afterglows.
Install afterglowpy if you want to simulate afterglows.
Install afterglowpy if you want to simulate afterglows.
Install afterglowpy if you want to simulate afterglows.
Install afterglowpy if you want to simulate afterglows.
Install afterglowpy if you want to simulate afterglows.
Install afterglowpy if you want to simulate afterglows.
Install afterglowpy if you want to simulate afterglows.
Install afterglowpy if you want to simulate afterglows.
Install afterglowpy if you want to simulate afterglows.
Install afterglowpy if you want to simulate afterglows.
Install afterglowpy if you want to simulate afterglows.
Install afterglowpy if you want to simulate afterglows.
Install afterglowpy if you want to simulate afterglows.
Install afterglowpy if you want to simulate afterglows.
Install afterglowpy if you want to simulate afterglows.
Install afterglowpy if you want to simulate afterglows.
Install wrapt_timeout_decorator if you want timeout simulations.
Install wrapt_timeout_decorator if you want timeout simulations.
Install wrapt_timeout_decorator if you want timeout simulations.
Install wrapt_timeout_decorator if you want timeout simulations.
Install wrapt_timeout_decorator if you want timeout simulations.
Install afterglowpy if you want to simulate afterglows.
Install wrapt_timeout_decorator if you want timeout simulations.
Install wrapt_timeout_decorator if you want timeout simulations.
Install wrapt_timeout_decorator if you want timeout simulations.
Install wrapt_timeout_decorator if you want timeout simulations.
Install wrapt_timeout_decorator if you want timeout simulations.
Install wrapt_timeout_decorator if you want timeout simulations.
Install wrapt_timeout_decorator if you want timeout simulations.
Install wrapt_timeout_decorator if you want timeout simulations.
Install wrapt_timeout_decorator if you want timeout simulations.
Install wrapt_timeout_decorator if you want timeout simulations.
Install wrapt_timeout_decorator if you want timeout simulations.
Install wrapt_timeout_decorator if you want timeout simulations.
Install wrapt_timeout_decorator if you want timeout simulations.
Install wrapt_timeout_decorator if you want timeout simulations.
Install wrapt_timeout_decorator if you want timeout simulations.
Install wrapt_timeout_decorator if you want timeout simulations.
Install wrapt_timeout_decorator if you want timeout simulations.
Install wrapt_timeout_decorator if you want timeout simulations.
Install wrapt_timeout_decorator if you want timeout simulations.
Install wrapt_timeout_decorator if you want timeout simulations.
Install afterglowpy if you want to simulate afterglows.
Install wrapt_timeout_decorator if you want timeout simulations.
Install wrapt_timeout_decorator if you want timeout simulations.
Install wrapt_timeout_decorator if you want timeout simulations.
Install wrapt_timeout_decorator if you want timeout simulations.
Install wrapt_timeout_decorator if you want timeout simulations.
Install wrapt_timeout_decorator if you want timeout simulations.
Install wrapt_timeout_decorator if you want timeout simulations.
Creating light curve model for inference
Creating light curve model for inference
Creating light curve model for inference
Creating light curve model for inference
Creating light curve model for inference
Creating light curve model for inference
Creating light curve model for inference
Creating light curve model for inference
Creating light curve model for inference
Creating light curve model for inference
Creating light curve model for inference
Creating light curve model for inference
Creating light curve model for inference
Creating light curve model for inference
Creating light curve model for inference
Creating light curve model for inference
Creating light curve model for inference
Creating light curve model for inference
Creating light curve model for inference
Creating light curve model for inference
Creating light curve model for inference
Creating light curve model for inference
Creating light curve model for inference
Creating light curve model for inference
Creating light curve model for inference
Creating light curve model for inference
Creating light curve model for inference
Creating light curve model for inference
Creating light curve model for inference
Creating light curve model for inference
Creating light curve model for inference
Creating light curve model for inference
Running with filters ['ps1__g', 'ps1__r', 'ps1__i', 'ps1__z', 'ps1__y']
Running with filters ['ps1__g', 'ps1__r', 'ps1__i', 'ps1__z', 'ps1__y']
Running with filters ['ps1__g', 'ps1__r', 'ps1__i', 'ps1__z', 'ps1__y']
Running with filters ['ps1__g', 'ps1__r', 'ps1__i', 'ps1__z', 'ps1__y']
Running with filters ['ps1__g', 'ps1__r', 'ps1__i', 'ps1__z', 'ps1__y']
Running with filters ['ps1__g', 'ps1__r', 'ps1__i', 'ps1__z', 'ps1__y']
Running with filters ['ps1__g', 'ps1__r', 'ps1__i', 'ps1__z', 'ps1__y']
Running with filters ['ps1__g', 'ps1__r', 'ps1__i', 'ps1__z', 'ps1__y']
Running with filters ['ps1__g', 'ps1__r', 'ps1__i', 'ps1__z', 'ps1__y']
Running with filters ['ps1__g', 'ps1__r', 'ps1__i', 'ps1__z', 'ps1__y']
Running with filters ['ps1__g', 'ps1__r', 'ps1__i', 'ps1__z', 'ps1__y']
Running with filters ['ps1__g', 'ps1__r', 'ps1__i', 'ps1__z', 'ps1__y']
Running with filters ['ps1__g', 'ps1__r', 'ps1__i', 'ps1__z', 'ps1__y']
Running with filters ['ps1__g', 'ps1__r', 'ps1__i', 'ps1__z', 'ps1__y']
Running with filters ['ps1__g', 'ps1__r', 'ps1__i', 'ps1__z', 'ps1__y']
Running with filters ['ps1__g', 'ps1__r', 'ps1__i', 'ps1__z', 'ps1__y']
Running with filters ['ps1__g', 'ps1__r', 'ps1__i', 'ps1__z', 'ps1__y']
Running with filters ['ps1__g', 'ps1__r', 'ps1__i', 'ps1__z', 'ps1__y']
Running with filters ['ps1__g', 'ps1__r', 'ps1__i', 'ps1__z', 'ps1__y']
Running with filters ['ps1__g', 'ps1__r', 'ps1__i', 'ps1__z', 'ps1__y']
Running with filters ['ps1__g', 'ps1__r', 'ps1__i', 'ps1__z', 'ps1__y']
Running with filters ['ps1__g', 'ps1__r', 'ps1__i', 'ps1__z', 'ps1__y']
Running with filters ['ps1__g', 'ps1__r', 'ps1__i', 'ps1__z', 'ps1__y']
Running with filters ['ps1__g', 'ps1__r', 'ps1__i', 'ps1__z', 'ps1__y']
Running with filters ['ps1__g', 'ps1__r', 'ps1__i', 'ps1__z', 'ps1__y']
Running with filters ['ps1__g', 'ps1__r', 'ps1__i', 'ps1__z', 'ps1__y']
Running with filters ['ps1__g', 'ps1__r', 'ps1__i', 'ps1__z', 'ps1__y']
Running with filters ['ps1__g', 'ps1__r', 'ps1__i', 'ps1__z', 'ps1__y']
Running with filters ['ps1__g', 'ps1__r', 'ps1__i', 'ps1__z', 'ps1__y']
Running with filters ['ps1__g', 'ps1__r', 'ps1__i', 'ps1__z', 'ps1__y']
Running with filters ['ps1__g', 'ps1__r', 'ps1__i', 'ps1__z', 'ps1__y']
Running with filters ['ps1__g', 'ps1__r', 'ps1__i', 'ps1__z', 'ps1__y']
Loaded filter ps1__g
Loaded filter ps1__g
Loaded filter ps1__g
Loaded filter ps1__g
Loaded filter ps1__g
Loaded filter ps1__g
Loaded filter ps1__g
Loaded filter ps1__g
Loaded filter ps1__g
Loaded filter ps1__g
Loaded filter ps1__g
Loaded filter ps1__g
Loaded filter ps1__g
Loaded filter ps1__g
Loaded filter ps1__g
Loaded filter ps1__g
Loaded filter ps1__g
Loaded filter ps1__g
Loaded filter ps1__g
Loaded filter ps1__g
Loaded filter ps1__g
Loaded filter ps1__g
Loaded filter ps1__g
Loaded filter ps1__g
Loaded filter ps1__g
Loaded filter ps1__g
Loaded filter ps1__g
Loaded filter ps1__g
Loaded filter ps1__g
Loaded filter ps1__g
Loaded filter ps1__g
Loaded filter ps1__g
Loaded filter ps1__r
Loaded filter ps1__r
Loaded filter ps1__r
Loaded filter ps1__r
Loaded filter ps1__r
Loaded filter ps1__r
Loaded filter ps1__r
Loaded filter ps1__r
Loaded filter ps1__r
Loaded filter ps1__r
Loaded filter ps1__r
Loaded filter ps1__r
Loaded filter ps1__r
Loaded filter ps1__r
Loaded filter ps1__r
Loaded filter ps1__r
Loaded filter ps1__r
Loaded filter ps1__r
Loaded filter ps1__r
Loaded filter ps1__r
Loaded filter ps1__r
Loaded filter ps1__r
Loaded filter ps1__r
Loaded filter ps1__r
Loaded filter ps1__r
Loaded filter ps1__r
Loaded filter ps1__r
Loaded filter ps1__r
Loaded filter ps1__r
Loaded filter ps1__r
Loaded filter ps1__r
Loaded filter ps1__r
Loaded filter ps1__i
Loaded filter ps1__i
Loaded filter ps1__i
Loaded filter ps1__i
Loaded filter ps1__i
Loaded filter ps1__i
Loaded filter ps1__i
Loaded filter ps1__i
Loaded filter ps1__i
Loaded filter ps1__i
Loaded filter ps1__i
Loaded filter ps1__i
Loaded filter ps1__i
Loaded filter ps1__i
Loaded filter ps1__i
Loaded filter ps1__i
Loaded filter ps1__i
Loaded filter ps1__i
Loaded filter ps1__i
Loaded filter ps1__i
Loaded filter ps1__i
Loaded filter ps1__i
Loaded filter ps1__i
Loaded filter ps1__i
Loaded filter ps1__i
Loaded filter ps1__i
Loaded filter ps1__i
Loaded filter ps1__i
Loaded filter ps1__i
Loaded filter ps1__i
Loaded filter ps1__i
Loaded filter ps1__i
Loaded filter ps1__z
Loaded filter ps1__z
Loaded filter ps1__z
Loaded filter ps1__z
Loaded filter ps1__z
Loaded filter ps1__z
Loaded filter ps1__z
Loaded filter ps1__z
Loaded filter ps1__z
Loaded filter ps1__z
Loaded filter ps1__z
Loaded filter ps1__z
Loaded filter ps1__z
Loaded filter ps1__z
Loaded filter ps1__z
Loaded filter ps1__z
Loaded filter ps1__z
Loaded filter ps1__z
Loaded filter ps1__z
Loaded filter ps1__z
Loaded filter ps1__z
Loaded filter ps1__z
Loaded filter ps1__z
Loaded filter ps1__z
Loaded filter ps1__z
Loaded filter ps1__z
Loaded filter ps1__z
Loaded filter ps1__z
Loaded filter ps1__z
Loaded filter ps1__z
Loaded filter ps1__z
Loaded filter ps1__z
Loaded filter ps1__y
Loaded filter ps1__y
Loaded filter ps1__y
Loaded filter ps1__y
Loaded filter ps1__y
Loaded filter ps1__y
Loaded filter ps1__y
Loaded filter ps1__y
Loaded filter ps1__y
Loaded filter ps1__y
Loaded filter ps1__y
Loaded filter ps1__y
Loaded filter ps1__y
Loaded filter ps1__y
Loaded filter ps1__y
Loaded filter ps1__y
Loaded filter ps1__y
Loaded filter ps1__y
Loaded filter ps1__y
Loaded filter ps1__y
Loaded filter ps1__y
Loaded filter ps1__y
Loaded filter ps1__y
Loaded filter ps1__y
Loaded filter ps1__y
Loaded filter ps1__y
Loaded filter ps1__y
Loaded filter ps1__y
Loaded filter ps1__y
Loaded filter ps1__y
Loaded filter ps1__y
Loaded filter ps1__y
Running with the following additional sampler_kwargs:
{}
Running with the following additional sampler_kwargs:
{}
Running with the following additional sampler_kwargs:
{}
Running with the following additional sampler_kwargs:
{}
Running with the following additional sampler_kwargs:
{}
Running with the following additional sampler_kwargs:
{}
Running with the following additional sampler_kwargs:
{}
Running with the following additional sampler_kwargs:
{}
Running with the following additional sampler_kwargs:
{}
Running with the following additional sampler_kwargs:
{}
Running with the following additional sampler_kwargs:
{}
Running with the following additional sampler_kwargs:
{}
Running with the following additional sampler_kwargs:
{}
Running with the following additional sampler_kwargs:
{}
Running with the following additional sampler_kwargs:
{}
Running with the following additional sampler_kwargs:
{}
Running with the following additional sampler_kwargs:
{}
Running with the following additional sampler_kwargs:
{}
Running with the following additional sampler_kwargs:
{}
Running with the following additional sampler_kwargs:
{}
Running with the following additional sampler_kwargs:
{}
Running with the following additional sampler_kwargs:
{}
Running with the following additional sampler_kwargs:
Running with the following additional sampler_kwargs:
{}
Running with the following additional sampler_kwargs:
{}
{}
Running with the following additional sampler_kwargs:
{}
Running with the following additional sampler_kwargs:
{}
Running with the following additional sampler_kwargs:
{}
Running with the following additional sampler_kwargs:
{}
Running with the following additional sampler_kwargs:
{}
Running with the following additional sampler_kwargs:
{}
Running with the following additional sampler_kwargs:
{}
 MultiNest Warning: no resume file found, starting from scratch
 *****************************************************
 MultiNest v3.10
 Copyright Farhan Feroz & Mike Hobson
 Release Jul 2015

 no. of live points = 2048
 dimensionality =    5
 *****************************************************
 Starting MultiNest
 generating live points
 live points generated, starting sampling
Acceptance Rate:                        0.999524
Replacements:                               2098
Total Samples:                              2099
Nested Sampling ln(Z):              -2793.932671
Acceptance Rate:                        0.998605
Replacements:                               2148
Total Samples:                              2151
Nested Sampling ln(Z):              -2320.735004
Acceptance Rate:                        0.997278
Replacements:                               2198
Total Samples:                              2204
Nested Sampling ln(Z):              -2054.035392
Acceptance Rate:                        0.993811
Replacements:                               2248
Total Samples:                              2262
Nested Sampling ln(Z):              -1923.532349
Acceptance Rate:                        0.992228
Replacements:                               2298
Total Samples:                              2316
Nested Sampling ln(Z):              -1797.677151
Acceptance Rate:                        0.991136
Replacements:                               2348
Total Samples:                              2369
Nested Sampling ln(Z):              -1680.326801
Acceptance Rate:                        0.990091
Replacements:                               2398
Total Samples:                              2422
Nested Sampling ln(Z):              -1592.281272
Acceptance Rate:                        0.987097
Replacements:                               2448
Total Samples:                              2480
Nested Sampling ln(Z):              -1511.239925
Acceptance Rate:                        0.982691
Replacements:                               2498
Total Samples:                              2542
Nested Sampling ln(Z):              -1416.785419
Acceptance Rate:                        0.976245
Replacements:                               2548
Total Samples:                              2610
Nested Sampling ln(Z):              -1344.831835
Acceptance Rate:                        0.970852
Replacements:                               2598
Total Samples:                              2676
Nested Sampling ln(Z):              -1281.021885
Acceptance Rate:                        0.964663
Replacements:                               2648
Total Samples:                              2745
Nested Sampling ln(Z):              -1226.567022
Acceptance Rate:                        0.959801
Replacements:                               2698
Total Samples:                              2811
Nested Sampling ln(Z):              -1157.266405
Acceptance Rate:                        0.955162
Replacements:                               2748
Total Samples:                              2877
Nested Sampling ln(Z):              -1100.145029
Acceptance Rate:                        0.950085
Replacements:                               2798
Total Samples:                              2945
Nested Sampling ln(Z):              -1047.566752
Acceptance Rate:                        0.942422
Replacements:                               2848
Total Samples:                              3022
Nested Sampling ln(Z):              -1005.579725
Acceptance Rate:                        0.933033
Replacements:                               2898
Total Samples:                              3106
Nested Sampling ln(Z):               -957.666740
Acceptance Rate:                        0.925589
Replacements:                               2948
Total Samples:                              3185
Nested Sampling ln(Z):               -913.804529
Acceptance Rate:                        0.919914
Replacements:                               2998
Total Samples:                              3259
Nested Sampling ln(Z):               -874.192859
Acceptance Rate:                        0.913943
Replacements:                               3048
Total Samples:                              3335
Nested Sampling ln(Z):               -833.968609
Acceptance Rate:                        0.909038
Replacements:                               3098
Total Samples:                              3408
Nested Sampling ln(Z):               -799.658558
Acceptance Rate:                        0.904858
Replacements:                               3148
Total Samples:                              3479
Nested Sampling ln(Z):               -766.704811
Acceptance Rate:                        0.902116
Replacements:                               3198
Total Samples:                              3545
Nested Sampling ln(Z):               -739.941906
Acceptance Rate:                        0.894766
Replacements:                               3248
Total Samples:                              3630
Nested Sampling ln(Z):               -705.177666
Acceptance Rate:                        0.889908
Replacements:                               3298
Total Samples:                              3706
Nested Sampling ln(Z):               -677.152534
Acceptance Rate:                        0.887122
Replacements:                               3348
Total Samples:                              3774
Nested Sampling ln(Z):               -644.347143
Acceptance Rate:                        0.882368
Replacements:                               3398
Total Samples:                              3851
Nested Sampling ln(Z):               -621.733924
Acceptance Rate:                        0.878919
Replacements:                               3448
Total Samples:                              3923
Nested Sampling ln(Z):               -603.176797
Acceptance Rate:                        0.871884
Replacements:                               3498
Total Samples:                              4012
Nested Sampling ln(Z):               -582.727010
Acceptance Rate:                        0.867694
Replacements:                               3548
Total Samples:                              4089
Nested Sampling ln(Z):               -562.966180
Acceptance Rate:                        0.863658
Replacements:                               3598
Total Samples:                              4166
Nested Sampling ln(Z):               -546.793136
Acceptance Rate:                        0.861393
Replacements:                               3648
Total Samples:                              4235
Nested Sampling ln(Z):               -525.841097
Acceptance Rate:                        0.860600
Replacements:                               3698
Total Samples:                              4297
Nested Sampling ln(Z):               -506.341345
Acceptance Rate:                        0.857862
Replacements:                               3748
Total Samples:                              4369
Nested Sampling ln(Z):               -479.461539
Acceptance Rate:                        0.855791
Replacements:                               3798
Total Samples:                              4438
Nested Sampling ln(Z):               -455.936170
Acceptance Rate:                        0.853404
Replacements:                               3848
Total Samples:                              4509
Nested Sampling ln(Z):               -435.871959
Acceptance Rate:                        0.851650
Replacements:                               3898
Total Samples:                              4577
Nested Sampling ln(Z):               -420.309757
Acceptance Rate:                        0.850312
Replacements:                               3948
Total Samples:                              4643
Nested Sampling ln(Z):               -403.455704
Acceptance Rate:                        0.847573
Replacements:                               3998
Total Samples:                              4717
Nested Sampling ln(Z):               -390.796210
Acceptance Rate:                        0.844565
Replacements:                               4048
Total Samples:                              4793
Nested Sampling ln(Z):               -379.280621
Acceptance Rate:                        0.840098
Replacements:                               4098
Total Samples:                              4878
Nested Sampling ln(Z):               -364.751382
Acceptance Rate:                        0.836965
Replacements:                               4148
Total Samples:                              4956
Nested Sampling ln(Z):               -350.324312
Acceptance Rate:                        0.832441
Replacements:                               4198
Total Samples:                              5043
Nested Sampling ln(Z):               -339.995969
Acceptance Rate:                        0.830499
Replacements:                               4248
Total Samples:                              5115
Nested Sampling ln(Z):               -330.357155
Acceptance Rate:                        0.826856
Replacements:                               4298
Total Samples:                              5198
Nested Sampling ln(Z):               -320.104973
Acceptance Rate:                        0.824109
Replacements:                               4348
Total Samples:                              5276
Nested Sampling ln(Z):               -309.855084
Acceptance Rate:                        0.821135
Replacements:                               4398
Total Samples:                              5356
Nested Sampling ln(Z):               -301.543562
Acceptance Rate:                        0.818249
Replacements:                               4448
Total Samples:                              5436
Nested Sampling ln(Z):               -294.125970
Acceptance Rate:                        0.814707
Replacements:                               4498
Total Samples:                              5521
Nested Sampling ln(Z):               -286.234333
Acceptance Rate:                        0.810262
Replacements:                               4548
Total Samples:                              5613
Nested Sampling ln(Z):               -276.794092
Acceptance Rate:                        0.806101
Replacements:                               4598
Total Samples:                              5704
Nested Sampling ln(Z):               -268.748328
Acceptance Rate:                        0.804152
Replacements:                               4648
Total Samples:                              5780
Nested Sampling ln(Z):               -261.344707
Acceptance Rate:                        0.801980
Replacements:                               4698
Total Samples:                              5858
Nested Sampling ln(Z):               -254.457346
Acceptance Rate:                        0.797715
Replacements:                               4748
Total Samples:                              5952
Nested Sampling ln(Z):               -248.563568
Acceptance Rate:                        0.793451
Replacements:                               4798
Total Samples:                              6047
Nested Sampling ln(Z):               -241.031774
Acceptance Rate:                        0.790607
Replacements:                               4848
Total Samples:                              6132
Nested Sampling ln(Z):               -236.761014
Acceptance Rate:                        0.787460
Replacements:                               4898
Total Samples:                              6220
Nested Sampling ln(Z):               -232.176823
Acceptance Rate:                        0.782540
Replacements:                               4948
Total Samples:                              6323
Nested Sampling ln(Z):               -227.215901
Acceptance Rate:                        0.781793
Replacements:                               4998
Total Samples:                              6393
Nested Sampling ln(Z):               -222.110645
Acceptance Rate:                        0.778292
Replacements:                               5048
Total Samples:                              6486
Nested Sampling ln(Z):               -217.389273
Acceptance Rate:                        0.775833
Replacements:                               5098
Total Samples:                              6571
Nested Sampling ln(Z):               -213.660813
Acceptance Rate:                        0.773438
Replacements:                               5148
Total Samples:                              6656
Nested Sampling ln(Z):               -209.898269
Acceptance Rate:                        0.770873
Replacements:                               5198
Total Samples:                              6743
Nested Sampling ln(Z):               -205.641259
Acceptance Rate:                        0.768037
Replacements:                               5248
Total Samples:                              6833
Nested Sampling ln(Z):               -202.048285
Acceptance Rate:                        0.768271
Replacements:                               5298
Total Samples:                              6896
Nested Sampling ln(Z):               -198.978112
Acceptance Rate:                        0.765750
Replacements:                               5348
Total Samples:                              6984
Nested Sampling ln(Z):               -196.388562
Acceptance Rate:                        0.765348
Replacements:                               5398
Total Samples:                              7053
Nested Sampling ln(Z):               -193.304046
Acceptance Rate:                        0.763560
Replacements:                               5448
Total Samples:                              7135
Nested Sampling ln(Z):               -190.661539
Acceptance Rate:                        0.762235
Replacements:                               5498
Total Samples:                              7213
Nested Sampling ln(Z):               -187.996364
Acceptance Rate:                        0.759272
Replacements:                               5548
Total Samples:                              7307
Nested Sampling ln(Z):               -185.403042
Acceptance Rate:                        0.756282
Replacements:                               5598
Total Samples:                              7402
Nested Sampling ln(Z):               -182.839482
Acceptance Rate:                        0.754777
Replacements:                               5648
Total Samples:                              7483
Nested Sampling ln(Z):               -180.477061
Acceptance Rate:                        0.753006
Replacements:                               5698
Total Samples:                              7567
Nested Sampling ln(Z):               -178.104911
Acceptance Rate:                        0.752553
Replacements:                               5748
Total Samples:                              7638
Nested Sampling ln(Z):               -176.152351
Acceptance Rate:                        0.750356
Replacements:                               5798
Total Samples:                              7727
Nested Sampling ln(Z):               -174.398308
Acceptance Rate:                        0.749744
Replacements:                               5848
Total Samples:                              7800
Nested Sampling ln(Z):               -172.466103
Acceptance Rate:                        0.747908
Replacements:                               5898
Total Samples:                              7886
Nested Sampling ln(Z):               -171.006288
Acceptance Rate:                        0.745831
Replacements:                               5948
Total Samples:                              7975
Nested Sampling ln(Z):               -169.322212
Acceptance Rate:                        0.745464
Replacements:                               5998
Total Samples:                              8046
Nested Sampling ln(Z):               -167.794290
Acceptance Rate:                        0.743728
Replacements:                               6048
Total Samples:                              8132
Nested Sampling ln(Z):               -166.227936
Acceptance Rate:                        0.739779
Replacements:                               6098
Total Samples:                              8243
Nested Sampling ln(Z):               -164.902026
Acceptance Rate:                        0.738854
Replacements:                               6148
Total Samples:                              8321
Nested Sampling ln(Z):               -163.713152
Acceptance Rate:                        0.735842
Replacements:                               6198
Total Samples:                              8423
Nested Sampling ln(Z):               -162.524459
Acceptance Rate:                        0.734799
Replacements:                               6248
Total Samples:                              8503
Nested Sampling ln(Z):               -161.298868
Acceptance Rate:                        0.732240
Replacements:                               6298
Total Samples:                              8601
Nested Sampling ln(Z):               -159.854617
Acceptance Rate:                        0.729404
Replacements:                               6348
Total Samples:                              8703
Nested Sampling ln(Z):               -158.588811
Acceptance Rate:                        0.726385
Replacements:                               6398
Total Samples:                              8808
Nested Sampling ln(Z):               -157.469334
Acceptance Rate:                        0.725065
Replacements:                               6448
Total Samples:                              8893
Nested Sampling ln(Z):               -156.431576
Acceptance Rate:                        0.724415
Replacements:                               6498
Total Samples:                              8970
Nested Sampling ln(Z):               -155.385336
Acceptance Rate:                        0.723456
Replacements:                               6548
Total Samples:                              9051
Nested Sampling ln(Z):               -154.380821
Acceptance Rate:                        0.720148
Replacements:                               6598
Total Samples:                              9162
Nested Sampling ln(Z):               -153.277396
Acceptance Rate:                        0.718858
Replacements:                               6648
Total Samples:                              9248
Nested Sampling ln(Z):               -152.298502
Acceptance Rate:                        0.716747
Replacements:                               6698
Total Samples:                              9345
Nested Sampling ln(Z):               -151.291613
Acceptance Rate:                        0.715892
Replacements:                               6748
Total Samples:                              9426
Nested Sampling ln(Z):               -150.433306
Acceptance Rate:                        0.715278
Replacements:                               6798
Total Samples:                              9504
Nested Sampling ln(Z):               -149.558686
Acceptance Rate:                        0.714748
Replacements:                               6848
Total Samples:                              9581
Nested Sampling ln(Z):               -148.661638
Acceptance Rate:                        0.714005
Replacements:                               6898
Total Samples:                              9661
Nested Sampling ln(Z):               -147.763090
Acceptance Rate:                        0.713127
Replacements:                               6948
Total Samples:                              9743
Nested Sampling ln(Z):               -146.874833
Acceptance Rate:                        0.711251
Replacements:                               6998
Total Samples:                              9839
Nested Sampling ln(Z):               -145.927399
Acceptance Rate:                        0.710484
Replacements:                               7048
Total Samples:                              9920
Nested Sampling ln(Z):               -145.016671
Acceptance Rate:                        0.708030
Replacements:                               7098
Total Samples:                             10025
Nested Sampling ln(Z):               -143.982184
Acceptance Rate:                        0.708424
Replacements:                               7148
Total Samples:                             10090
Nested Sampling ln(Z):               -142.957189
Acceptance Rate:                        0.708395
Replacements:                               7198
Total Samples:                             10161
Nested Sampling ln(Z):               -141.974697
Acceptance Rate:                        0.706433
Replacements:                               7248
Total Samples:                             10260
Nested Sampling ln(Z):               -140.960541
Acceptance Rate:                        0.707102
Replacements:                               7298
Total Samples:                             10321
Nested Sampling ln(Z):               -139.950216
Acceptance Rate:                        0.706538
Replacements:                               7348
Total Samples:                             10400
Nested Sampling ln(Z):               -139.024906
Acceptance Rate:                        0.704437
Replacements:                               7398
Total Samples:                             10502
Nested Sampling ln(Z):               -138.161589
Acceptance Rate:                        0.702973
Replacements:                               7448
Total Samples:                             10595
Nested Sampling ln(Z):               -137.376925
Acceptance Rate:                        0.700486
Replacements:                               7498
Total Samples:                             10704
Nested Sampling ln(Z):               -136.552217
Acceptance Rate:                        0.699537
Replacements:                               7548
Total Samples:                             10790
Nested Sampling ln(Z):               -135.852583
Acceptance Rate:                        0.699181
Replacements:                               7598
Total Samples:                             10867
Nested Sampling ln(Z):               -135.179194
Acceptance Rate:                        0.698767
Replacements:                               7648
Total Samples:                             10945
Nested Sampling ln(Z):               -134.532714
Acceptance Rate:                        0.696274
Replacements:                               7698
Total Samples:                             11056
Nested Sampling ln(Z):               -133.834617
Acceptance Rate:                        0.695200
Replacements:                               7748
Total Samples:                             11145
Nested Sampling ln(Z):               -133.196920
Acceptance Rate:                        0.692786
Replacements:                               7798
Total Samples:                             11256
Nested Sampling ln(Z):               -132.522966
Acceptance Rate:                        0.692308
Replacements:                               7848
Total Samples:                             11336
Nested Sampling ln(Z):               -131.834508
Acceptance Rate:                        0.692321
Replacements:                               7898
Total Samples:                             11408
Nested Sampling ln(Z):               -131.205996
Acceptance Rate:                        0.692154
Replacements:                               7948
Total Samples:                             11483
Nested Sampling ln(Z):               -130.584252
Acceptance Rate:                        0.691569
Replacements:                               7998
Total Samples:                             11565
Nested Sampling ln(Z):               -129.912469
Acceptance Rate:                        0.691409
Replacements:                               8048
Total Samples:                             11640
Nested Sampling ln(Z):               -129.284274
Acceptance Rate:                        0.691074
Replacements:                               8098
Total Samples:                             11718
Nested Sampling ln(Z):               -128.650016
Acceptance Rate:                        0.689807
Replacements:                               8148
Total Samples:                             11812
Nested Sampling ln(Z):               -128.028095
Acceptance Rate:                        0.689023
Replacements:                               8198
Total Samples:                             11898
Nested Sampling ln(Z):               -127.445512
Acceptance Rate:                        0.686818
Replacements:                               8248
Total Samples:                             12009
Nested Sampling ln(Z):               -126.816454
Acceptance Rate:                        0.684710
Replacements:                               8298
Total Samples:                             12119
Nested Sampling ln(Z):               -126.184154
Acceptance Rate:                        0.684655
Replacements:                               8348
Total Samples:                             12193
Nested Sampling ln(Z):               -125.596321
Acceptance Rate:                        0.684266
Replacements:                               8398
Total Samples:                             12273
Nested Sampling ln(Z):               -125.009387
Acceptance Rate:                        0.683606
Replacements:                               8448
Total Samples:                             12358
Nested Sampling ln(Z):               -124.424152
Acceptance Rate:                        0.681312
Replacements:                               8498
Total Samples:                             12473
Nested Sampling ln(Z):               -123.866922
Acceptance Rate:                        0.680519
Replacements:                               8548
Total Samples:                             12561
Nested Sampling ln(Z):               -123.312375
Acceptance Rate:                        0.680437
Replacements:                               8598
Total Samples:                             12636
Nested Sampling ln(Z):               -122.713821
Acceptance Rate:                        0.679554
Replacements:                               8648
Total Samples:                             12726
Nested Sampling ln(Z):               -122.165903
Acceptance Rate:                        0.678312
Replacements:                               8698
Total Samples:                             12823
Nested Sampling ln(Z):               -121.643886
Acceptance Rate:                        0.677667
Replacements:                               8748
Total Samples:                             12909
Nested Sampling ln(Z):               -121.151777
Acceptance Rate:                        0.676457
Replacements:                               8798
Total Samples:                             13006
Nested Sampling ln(Z):               -120.673910
Acceptance Rate:                        0.675987
Replacements:                               8848
Total Samples:                             13089
Nested Sampling ln(Z):               -120.213134
Acceptance Rate:                        0.675063
Replacements:                               8898
Total Samples:                             13181
Nested Sampling ln(Z):               -119.770706
Acceptance Rate:                        0.673592
Replacements:                               8948
Total Samples:                             13284
Nested Sampling ln(Z):               -119.329762
Acceptance Rate:                        0.671493
Replacements:                               8998
Total Samples:                             13400
Nested Sampling ln(Z):               -118.892217
Acceptance Rate:                        0.670620
Replacements:                               9048
Total Samples:                             13492
Nested Sampling ln(Z):               -118.446478
Acceptance Rate:                        0.670252
Replacements:                               9098
Total Samples:                             13574
Nested Sampling ln(Z):               -118.030045
Acceptance Rate:                        0.668713
Replacements:                               9148
Total Samples:                             13680
Nested Sampling ln(Z):               -117.625070
Acceptance Rate:                        0.668022
Replacements:                               9198
Total Samples:                             13769
Nested Sampling ln(Z):               -117.242307
Acceptance Rate:                        0.666619
Replacements:                               9248
Total Samples:                             13873
Nested Sampling ln(Z):               -116.866427
Acceptance Rate:                        0.665474
Replacements:                               9298
Total Samples:                             13972
Nested Sampling ln(Z):               -116.495071
Acceptance Rate:                        0.664629
Replacements:                               9348
Total Samples:                             14065
Nested Sampling ln(Z):               -116.138301
Acceptance Rate:                        0.663045
Replacements:                               9398
Total Samples:                             14174
Nested Sampling ln(Z):               -115.796982
Acceptance Rate:                        0.662320
Replacements:                               9448
Total Samples:                             14265
Nested Sampling ln(Z):               -115.465257
Acceptance Rate:                        0.662205
Replacements:                               9498
Total Samples:                             14343
Nested Sampling ln(Z):               -115.152491
Acceptance Rate:                        0.661585
Replacements:                               9548
Total Samples:                             14432
Nested Sampling ln(Z):               -114.853622
Acceptance Rate:                        0.660065
Replacements:                               9598
Total Samples:                             14541
Nested Sampling ln(Z):               -114.563095
Acceptance Rate:                        0.659918
Replacements:                               9648
Total Samples:                             14620
Nested Sampling ln(Z):               -114.268159
Acceptance Rate:                        0.659952
Replacements:                               9698
Total Samples:                             14695
Nested Sampling ln(Z):               -113.968695
Acceptance Rate:                        0.659272
Replacements:                               9748
Total Samples:                             14786
Nested Sampling ln(Z):               -113.671787
Acceptance Rate:                        0.659177
Replacements:                               9798
Total Samples:                             14864
Nested Sampling ln(Z):               -113.378615
Acceptance Rate:                        0.658773
Replacements:                               9848
Total Samples:                             14949
Nested Sampling ln(Z):               -113.098943
Acceptance Rate:                        0.658550
Replacements:                               9898
Total Samples:                             15030
Nested Sampling ln(Z):               -112.814864
Acceptance Rate:                        0.658328
Replacements:                               9948
Total Samples:                             15111
Nested Sampling ln(Z):               -112.544256
Acceptance Rate:                        0.656942
Replacements:                               9998
Total Samples:                             15219
Nested Sampling ln(Z):               -112.284079
Acceptance Rate:                        0.656646
Replacements:                              10048
Total Samples:                             15302
Nested Sampling ln(Z):               -112.040488
Acceptance Rate:                        0.656524
Replacements:                              10098
Total Samples:                             15381
Nested Sampling ln(Z):               -111.798366
Acceptance Rate:                        0.655217
Replacements:                              10148
Total Samples:                             15488
Nested Sampling ln(Z):               -111.552897
Acceptance Rate:                        0.653844
Replacements:                              10198
Total Samples:                             15597
Nested Sampling ln(Z):               -111.319218
Acceptance Rate:                        0.653155
Replacements:                              10248
Total Samples:                             15690
Nested Sampling ln(Z):               -111.086864
Acceptance Rate:                        0.653178
Replacements:                              10298
Total Samples:                             15766
Nested Sampling ln(Z):               -110.855710
Acceptance Rate:                        0.651555
Replacements:                              10348
Total Samples:                             15882
Nested Sampling ln(Z):               -110.627098
Acceptance Rate:                        0.651177
Replacements:                              10398
Total Samples:                             15968
Nested Sampling ln(Z):               -110.408485
Acceptance Rate:                        0.650682
Replacements:                              10448
Total Samples:                             16057
Nested Sampling ln(Z):               -110.194115
Acceptance Rate:                        0.649870
Replacements:                              10498
Total Samples:                             16154
Nested Sampling ln(Z):               -109.983304
Acceptance Rate:                        0.648908
Replacements:                              10548
Total Samples:                             16255
Nested Sampling ln(Z):               -109.778284
Acceptance Rate:                        0.647602
Replacements:                              10598
Total Samples:                             16365
Nested Sampling ln(Z):               -109.573591
Acceptance Rate:                        0.647374
Replacements:                              10648
Total Samples:                             16448
Nested Sampling ln(Z):               -109.375073
Acceptance Rate:                        0.645819
Replacements:                              10698
Total Samples:                             16565
Nested Sampling ln(Z):               -109.181255
Acceptance Rate:                        0.643477
Replacements:                              10748
Total Samples:                             16703
Nested Sampling ln(Z):               -108.996559
Acceptance Rate:                        0.641974
Replacements:                              10798
Total Samples:                             16820
Nested Sampling ln(Z):               -108.815129
Acceptance Rate:                        0.640870
Replacements:                              10848
Total Samples:                             16927
Nested Sampling ln(Z):               -108.636519
Acceptance Rate:                        0.640343
Replacements:                              10898
Total Samples:                             17019
Nested Sampling ln(Z):               -108.463629
Acceptance Rate:                        0.638107
Replacements:                              10948
Total Samples:                             17157
Nested Sampling ln(Z):               -108.297023
Acceptance Rate:                        0.637639
Replacements:                              10998
Total Samples:                             17248
Nested Sampling ln(Z):               -108.134938
Acceptance Rate:                        0.636222
Replacements:                              11048
Total Samples:                             17365
Nested Sampling ln(Z):               -107.981299
Acceptance Rate:                        0.635479
Replacements:                              11098
Total Samples:                             17464
Nested Sampling ln(Z):               -107.830545
Acceptance Rate:                        0.634454
Replacements:                              11148
Total Samples:                             17571
Nested Sampling ln(Z):               -107.681317
Acceptance Rate:                        0.634448
Replacements:                              11198
Total Samples:                             17650
Nested Sampling ln(Z):               -107.534194
Acceptance Rate:                        0.633512
Replacements:                              11248
Total Samples:                             17755
Nested Sampling ln(Z):               -107.394838
Acceptance Rate:                        0.633189
Replacements:                              11298
Total Samples:                             17843
Nested Sampling ln(Z):               -107.259549
Acceptance Rate:                        0.632694
Replacements:                              11348
Total Samples:                             17936
Nested Sampling ln(Z):               -107.125404
Acceptance Rate:                        0.630909
Replacements:                              11398
Total Samples:                             18066
Nested Sampling ln(Z):               -106.995824
Acceptance Rate:                        0.629738
Replacements:                              11448
Total Samples:                             18179
Nested Sampling ln(Z):               -106.869935
Acceptance Rate:                        0.628959
Replacements:                              11498
Total Samples:                             18281
Nested Sampling ln(Z):               -106.746125
Acceptance Rate:                        0.628531
Replacements:                              11548
Total Samples:                             18373
Nested Sampling ln(Z):               -106.622686
Acceptance Rate:                        0.627971
Replacements:                              11598
Total Samples:                             18469
Nested Sampling ln(Z):               -106.502384
Acceptance Rate:                        0.626641
Replacements:                              11648
Total Samples:                             18588
Nested Sampling ln(Z):               -106.382617
Acceptance Rate:                        0.625829
Replacements:                              11698
Total Samples:                             18692
Nested Sampling ln(Z):               -106.264468
Acceptance Rate:                        0.625592
Replacements:                              11748
Total Samples:                             18779
Nested Sampling ln(Z):               -106.151546
Acceptance Rate:                        0.625291
Replacements:                              11798
Total Samples:                             18868
Nested Sampling ln(Z):               -106.041755
Acceptance Rate:                        0.624039
Replacements:                              11848
Total Samples:                             18986
Nested Sampling ln(Z):               -105.931089
Acceptance Rate:                        0.623585
Replacements:                              11898
Total Samples:                             19080
Nested Sampling ln(Z):               -105.821218
Acceptance Rate:                        0.622941
Replacements:                              11948
Total Samples:                             19180
Nested Sampling ln(Z):               -105.712862
Acceptance Rate:                        0.621916
Replacements:                              11998
Total Samples:                             19292
Nested Sampling ln(Z):               -105.607493
Acceptance Rate:                        0.620775
Replacements:                              12048
Total Samples:                             19408
Nested Sampling ln(Z):               -105.506379
Acceptance Rate:                        0.620410
Replacements:                              12098
Total Samples:                             19500
Nested Sampling ln(Z):               -105.408313
Acceptance Rate:                        0.619638
Replacements:                              12148
Total Samples:                             19605
Nested Sampling ln(Z):               -105.311913
Acceptance Rate:                        0.618685
Replacements:                              12198
Total Samples:                             19716
Nested Sampling ln(Z):               -105.219174
Acceptance Rate:                        0.618367
Replacements:                              12248
Total Samples:                             19807
Nested Sampling ln(Z):               -105.126921
Acceptance Rate:                        0.618425
Replacements:                              12298
Total Samples:                             19886
Nested Sampling ln(Z):               -105.036601
Acceptance Rate:                        0.617616
Replacements:                              12348
Total Samples:                             19993
Nested Sampling ln(Z):               -104.947344
Acceptance Rate:                        0.617062
Replacements:                              12398
Total Samples:                             20092
Nested Sampling ln(Z):               -104.860972
Acceptance Rate:                        0.616543
Replacements:                              12448
Total Samples:                             20190
Nested Sampling ln(Z):               -104.777424
Acceptance Rate:                        0.616242
Replacements:                              12498
Total Samples:                             20281
Nested Sampling ln(Z):               -104.695525
Acceptance Rate:                        0.615702
Replacements:                              12548
Total Samples:                             20380
Nested Sampling ln(Z):               -104.615615
Acceptance Rate:                        0.615588
Replacements:                              12598
Total Samples:                             20465
Nested Sampling ln(Z):               -104.537794
Acceptance Rate:                        0.614876
Replacements:                              12648
Total Samples:                             20570
Nested Sampling ln(Z):               -104.461689
Acceptance Rate:                        0.614409
Replacements:                              12698
Total Samples:                             20667
Nested Sampling ln(Z):               -104.387307
Acceptance Rate:                        0.613593
Replacements:                              12748
Total Samples:                             20776
Nested Sampling ln(Z):               -104.314395
Acceptance Rate:                        0.611847
Replacements:                              12798
Total Samples:                             20917
Nested Sampling ln(Z):               -104.243181
Acceptance Rate:                        0.611751
Replacements:                              12848
Total Samples:                             21002
Nested Sampling ln(Z):               -104.173725
Acceptance Rate:                        0.610672
Replacements:                              12898
Total Samples:                             21121
Nested Sampling ln(Z):               -104.104693
Acceptance Rate:                        0.610380
Replacements:                              12948
Total Samples:                             21213
Nested Sampling ln(Z):               -104.037015
Acceptance Rate:                        0.610177
Replacements:                              12998
Total Samples:                             21302
Nested Sampling ln(Z):               -103.970333
Acceptance Rate:                        0.609577
Replacements:                              13048
Total Samples:                             21405
Nested Sampling ln(Z):               -103.904479
Acceptance Rate:                        0.608841
Replacements:                              13098
Total Samples:                             21513
Nested Sampling ln(Z):               -103.840760
Acceptance Rate:                        0.607719
Replacements:                              13148
Total Samples:                             21635
Nested Sampling ln(Z):               -103.778859
Acceptance Rate:                        0.606498
Replacements:                              13198
Total Samples:                             21761
Nested Sampling ln(Z):               -103.718550
Acceptance Rate:                        0.606122
Replacements:                              13248
Total Samples:                             21857
Nested Sampling ln(Z):               -103.659601
Acceptance Rate:                        0.605638
Replacements:                              13298
Total Samples:                             21957
Nested Sampling ln(Z):               -103.601710
Acceptance Rate:                        0.604748
Replacements:                              13348
Total Samples:                             22072
Nested Sampling ln(Z):               -103.544705
Acceptance Rate:                        0.604603
Replacements:                              13398
Total Samples:                             22160
Nested Sampling ln(Z):               -103.488966
Acceptance Rate:                        0.603889
Replacements:                              13448
Total Samples:                             22269
Nested Sampling ln(Z):               -103.434805
Acceptance Rate:                        0.602966
Replacements:                              13498
Total Samples:                             22386
Nested Sampling ln(Z):               -103.382167
Acceptance Rate:                        0.601599
Replacements:                              13548
Total Samples:                             22520
Nested Sampling ln(Z):               -103.330865
Acceptance Rate:                        0.601070
Replacements:                              13598
Total Samples:                             22623
Nested Sampling ln(Z):               -103.280879
Acceptance Rate:                        0.601048
Replacements:                              13648
Total Samples:                             22707
Nested Sampling ln(Z):               -103.232163
Acceptance Rate:                        0.599816
Replacements:                              13698
Total Samples:                             22837
Nested Sampling ln(Z):               -103.184284
Acceptance Rate:                        0.598285
Replacements:                              13748
Total Samples:                             22979
Nested Sampling ln(Z):               -103.137968
Acceptance Rate:                        0.598119
Replacements:                              13798
Total Samples:                             23069
Nested Sampling ln(Z):               -103.092642
Acceptance Rate:                        0.596948
Replacements:                              13848
Total Samples:                             23198
Nested Sampling ln(Z):               -103.047997
Acceptance Rate:                        0.596071
Replacements:                              13898
Total Samples:                             23316
Nested Sampling ln(Z):               -103.004124
Acceptance Rate:                        0.595737
Replacements:                              13948
Total Samples:                             23413
Nested Sampling ln(Z):               -102.960856
Acceptance Rate:                        0.595305
Replacements:                              13998
Total Samples:                             23514
Nested Sampling ln(Z):               -102.918379
Acceptance Rate:                        0.594826
Replacements:                              14048
Total Samples:                             23617
Nested Sampling ln(Z):               -102.876660
Acceptance Rate:                        0.594426
Replacements:                              14098
Total Samples:                             23717
Nested Sampling ln(Z):               -102.835886
Acceptance Rate:                        0.593855
Replacements:                              14148
Total Samples:                             23824
Nested Sampling ln(Z):               -102.796026
Acceptance Rate:                        0.593562
Replacements:                              14198
Total Samples:                             23920
Nested Sampling ln(Z):               -102.756732
Acceptance Rate:                        0.592359
Replacements:                              14248
Total Samples:                             24053
Nested Sampling ln(Z):               -102.718328
Acceptance Rate:                        0.591364
Replacements:                              14298
Total Samples:                             24178
Nested Sampling ln(Z):               -102.681063
Acceptance Rate:                        0.590866
Replacements:                              14348
Total Samples:                             24283
Nested Sampling ln(Z):               -102.644629
Acceptance Rate:                        0.590469
Replacements:                              14398
Total Samples:                             24384
Nested Sampling ln(Z):               -102.608752
Acceptance Rate:                        0.589979
Replacements:                              14448
Total Samples:                             24489
Nested Sampling ln(Z):               -102.573782
Acceptance Rate:                        0.589302
Replacements:                              14498
Total Samples:                             24602
Nested Sampling ln(Z):               -102.539571
Acceptance Rate:                        0.588726
Replacements:                              14548
Total Samples:                             24711
Nested Sampling ln(Z):               -102.505872
Acceptance Rate:                        0.588415
Replacements:                              14598
Total Samples:                             24809
Nested Sampling ln(Z):               -102.472772
Acceptance Rate:                        0.587990
Replacements:                              14648
Total Samples:                             24912
Nested Sampling ln(Z):               -102.440388
Acceptance Rate:                        0.587614
Replacements:                              14698
Total Samples:                             25013
Nested Sampling ln(Z):               -102.408660
Acceptance Rate:                        0.586915
Replacements:                              14748
Total Samples:                             25128
Nested Sampling ln(Z):               -102.377314
Acceptance Rate:                        0.586733
Replacements:                              14798
Total Samples:                             25221
Nested Sampling ln(Z):               -102.346561
Acceptance Rate:                        0.586414
Replacements:                              14848
Total Samples:                             25320
Nested Sampling ln(Z):               -102.316395
Acceptance Rate:                        0.585936
Replacements:                              14898
Total Samples:                             25426
Nested Sampling ln(Z):               -102.286815
Acceptance Rate:                        0.585186
Replacements:                              14948
Total Samples:                             25544
Nested Sampling ln(Z):               -102.257930
Acceptance Rate:                        0.584489
Replacements:                              14998
Total Samples:                             25660
Nested Sampling ln(Z):               -102.229559
Acceptance Rate:                        0.584275
Replacements:                              15048
Total Samples:                             25755
Nested Sampling ln(Z):               -102.201436
Acceptance Rate:                        0.583678
Replacements:                              15098
Total Samples:                             25867
Nested Sampling ln(Z):               -102.173849
Acceptance Rate:                        0.583221
Replacements:                              15148
Total Samples:                             25973
Nested Sampling ln(Z):               -102.146954
Acceptance Rate:                        0.582656
Replacements:                              15198
Total Samples:                             26084
Nested Sampling ln(Z):               -102.120704
Acceptance Rate:                        0.581874
Replacements:                              15248
Total Samples:                             26205
Nested Sampling ln(Z):               -102.095031
Acceptance Rate:                        0.580657
Replacements:                              15298
Total Samples:                             26346
Nested Sampling ln(Z):               -102.069875
Acceptance Rate:                        0.580265
Replacements:                              15348
Total Samples:                             26450
Nested Sampling ln(Z):               -102.045215
Acceptance Rate:                        0.579722
Replacements:                              15398
Total Samples:                             26561
Nested Sampling ln(Z):               -102.021046
Acceptance Rate:                        0.579228
Replacements:                              15448
Total Samples:                             26670
Nested Sampling ln(Z):               -101.997364
Acceptance Rate:                        0.579126
Replacements:                              15498
Total Samples:                             26761
Nested Sampling ln(Z):               -101.974220
Acceptance Rate:                        0.578616
Replacements:                              15548
Total Samples:                             26871
Nested Sampling ln(Z):               -101.951492
Acceptance Rate:                        0.578153
Replacements:                              15598
Total Samples:                             26979
Nested Sampling ln(Z):               -101.929287
Acceptance Rate:                        0.578078
Replacements:                              15648
Total Samples:                             27069
Nested Sampling ln(Z):               -101.907586
Acceptance Rate:                        0.577515
Replacements:                              15698
Total Samples:                             27182
Nested Sampling ln(Z):               -101.886267
Acceptance Rate:                        0.577315
Replacements:                              15748
Total Samples:                             27278
Nested Sampling ln(Z):               -101.865343
Acceptance Rate:                        0.577391
Replacements:                              15798
Total Samples:                             27361
Nested Sampling ln(Z):               -101.844766
Acceptance Rate:                        0.577109
Replacements:                              15848
Total Samples:                             27461
Nested Sampling ln(Z):               -101.824514
Acceptance Rate:                        0.576495
Replacements:                              15898
Total Samples:                             27577
Nested Sampling ln(Z):               -101.804670
Acceptance Rate:                        0.575990
Replacements:                              15948
Total Samples:                             27688
Nested Sampling ln(Z):               -101.785173
Acceptance Rate:                        0.575302
Replacements:                              15998
Total Samples:                             27808
Nested Sampling ln(Z):               -101.766017
Acceptance Rate:                        0.575362
Replacements:                              16048
Total Samples:                             27892
Nested Sampling ln(Z):               -101.747266
Acceptance Rate:                        0.575052
Replacements:                              16098
Total Samples:                             27994
Nested Sampling ln(Z):               -101.728924
Acceptance Rate:                        0.574580
Replacements:                              16148
Total Samples:                             28104
Nested Sampling ln(Z):               -101.710943
Acceptance Rate:                        0.574275
Replacements:                              16198
Total Samples:                             28206
Nested Sampling ln(Z):               -101.693331
Acceptance Rate:                        0.574013
Replacements:                              16248
Total Samples:                             28306
Nested Sampling ln(Z):               -101.676084
Acceptance Rate:                        0.574055
Replacements:                              16298
Total Samples:                             28391
Nested Sampling ln(Z):               -101.659208
Acceptance Rate:                        0.573353
Replacements:                              16348
Total Samples:                             28513
Nested Sampling ln(Z):               -101.642684
Acceptance Rate:                        0.573076
Replacements:                              16398
Total Samples:                             28614
Nested Sampling ln(Z):               -101.626491
Acceptance Rate:                        0.572523
Replacements:                              16448
Total Samples:                             28729
Nested Sampling ln(Z):               -101.610609
Acceptance Rate:                        0.571993
Replacements:                              16498
Total Samples:                             28843
Nested Sampling ln(Z):               -101.594990
Acceptance Rate:                        0.571784
Replacements:                              16548
Total Samples:                             28941
Nested Sampling ln(Z):               -101.579703
Acceptance Rate:                        0.571085
Replacements:                              16598
Total Samples:                             29064
Nested Sampling ln(Z):               -101.564703
Acceptance Rate:                        0.570528
Replacements:                              16648
Total Samples:                             29180
Nested Sampling ln(Z):               -101.550006
Acceptance Rate:                        0.570151
Replacements:                              16698
Total Samples:                             29287
Nested Sampling ln(Z):               -101.535604
Acceptance Rate:                        0.569292
Replacements:                              16748
Total Samples:                             29419
Nested Sampling ln(Z):               -101.521441
Acceptance Rate:                        0.569019
Replacements:                              16798
Total Samples:                             29521
Nested Sampling ln(Z):               -101.507565
Acceptance Rate:                        0.568325
Replacements:                              16848
Total Samples:                             29645
Nested Sampling ln(Z):               -101.493975
Acceptance Rate:                        0.568076
Replacements:                              16898
Total Samples:                             29746
Nested Sampling ln(Z):               -101.480652
Acceptance Rate:                        0.566993
Replacements:                              16948
Total Samples:                             29891
Nested Sampling ln(Z):               -101.467601
Acceptance Rate:                        0.566657
Replacements:                              16998
Total Samples:                             29997
Nested Sampling ln(Z):               -101.454828
Acceptance Rate:                        0.566153
Replacements:                              17048
Total Samples:                             30112
Nested Sampling ln(Z):               -101.442309
Acceptance Rate:                        0.565972
Replacements:                              17098
Total Samples:                             30210
Nested Sampling ln(Z):               -101.430048
Acceptance Rate:                        0.565455
Replacements:                              17148
Total Samples:                             30326
Nested Sampling ln(Z):               -101.418018
Acceptance Rate:                        0.565073
Replacements:                              17198
Total Samples:                             30435
Nested Sampling ln(Z):               -101.406221
Acceptance Rate:                        0.564306
Replacements:                              17248
Total Samples:                             30565
Nested Sampling ln(Z):               -101.394637
Acceptance Rate:                        0.563655
Replacements:                              17298
Total Samples:                             30689
Nested Sampling ln(Z):               -101.383235
Acceptance Rate:                        0.562808
Replacements:                              17348
Total Samples:                             30824
Nested Sampling ln(Z):               -101.372051
Acceptance Rate:                        0.561661
Replacements:                              17398
Total Samples:                             30976
Nested Sampling ln(Z):               -101.361059
Acceptance Rate:                        0.560722
Replacements:                              17448
Total Samples:                             31117
Nested Sampling ln(Z):               -101.350297
Acceptance Rate:                        0.560241
Replacements:                              17498
Total Samples:                             31233
Nested Sampling ln(Z):               -101.339756
Acceptance Rate:                        0.559834
Replacements:                              17548
Total Samples:                             31345
Nested Sampling ln(Z):               -101.329443
Acceptance Rate:                        0.559466
Replacements:                              17598
Total Samples:                             31455
Nested Sampling ln(Z):               -101.319356
Acceptance Rate:                        0.558959
Replacements:                              17648
Total Samples:                             31573
Nested Sampling ln(Z):               -101.309450
Acceptance Rate:                        0.558790
Replacements:                              17698
Total Samples:                             31672
Nested Sampling ln(Z):               -101.299741
Acceptance Rate:                        0.557833
Replacements:                              17748
Total Samples:                             31816
Nested Sampling ln(Z):               -101.290233
Acceptance Rate:                        0.557756
Replacements:                              17798
Total Samples:                             31910
Nested Sampling ln(Z):               -101.280909
Acceptance Rate:                        0.557628
Replacements:                              17848
Total Samples:                             32007
Nested Sampling ln(Z):               -101.271764
Acceptance Rate:                        0.556876
Replacements:                              17898
Total Samples:                             32140
Nested Sampling ln(Z):               -101.262775
Acceptance Rate:                        0.555958
Replacements:                              17948
Total Samples:                             32283
Nested Sampling ln(Z):               -101.253939
Acceptance Rate:                        0.555340
Replacements:                              17998
Total Samples:                             32409
Nested Sampling ln(Z):               -101.245263
Acceptance Rate:                        0.554538
Replacements:                              18048
Total Samples:                             32546
Nested Sampling ln(Z):               -101.236757
Acceptance Rate:                        0.553947
Replacements:                              18098
Total Samples:                             32671
Nested Sampling ln(Z):               -101.228435
Acceptance Rate:                        0.553664
Replacements:                              18148
Total Samples:                             32778
Nested Sampling ln(Z):               -101.220302
Acceptance Rate:                        0.552828
Replacements:                              18198
Total Samples:                             32918
Nested Sampling ln(Z):               -101.212336
Acceptance Rate:                        0.552585
Replacements:                              18248
Total Samples:                             33023
Nested Sampling ln(Z):               -101.204517
Acceptance Rate:                        0.551876
Replacements:                              18298
Total Samples:                             33156
Nested Sampling ln(Z):               -101.196849
Acceptance Rate:                        0.551438
Replacements:                              18348
Total Samples:                             33273
Nested Sampling ln(Z):               -101.189320
Acceptance Rate:                        0.551036
Replacements:                              18398
Total Samples:                             33388
Nested Sampling ln(Z):               -101.181944
Acceptance Rate:                        0.550539
Replacements:                              18448
Total Samples:                             33509
Nested Sampling ln(Z):               -101.174722
Acceptance Rate:                        0.549930
Replacements:                              18498
Total Samples:                             33637
Nested Sampling ln(Z):               -101.167646
Acceptance Rate:                        0.549619
Replacements:                              18548
Total Samples:                             33747
Nested Sampling ln(Z):               -101.160709
Acceptance Rate:                        0.549181
Replacements:                              18598
Total Samples:                             33865
Nested Sampling ln(Z):               -101.153909
Acceptance Rate:                        0.548519
Replacements:                              18648
Total Samples:                             33997
Nested Sampling ln(Z):               -101.147243
Acceptance Rate:                        0.547718
Replacements:                              18698
Total Samples:                             34138
Nested Sampling ln(Z):               -101.140711
Acceptance Rate:                        0.546892
Replacements:                              18748
Total Samples:                             34281
Nested Sampling ln(Z):               -101.134312
Acceptance Rate:                        0.546342
Replacements:                              18798
Total Samples:                             34407
Nested Sampling ln(Z):               -101.128039
Acceptance Rate:                        0.545876
Replacements:                              18848
Total Samples:                             34528
Nested Sampling ln(Z):               -101.121892
Acceptance Rate:                        0.544752
Replacements:                              18898
Total Samples:                             34691
Nested Sampling ln(Z):               -101.115869
Acceptance Rate:                        0.543998
Replacements:                              18948
Total Samples:                             34831
Nested Sampling ln(Z):               -101.109972
Acceptance Rate:                        0.543857
Replacements:                              18998
Total Samples:                             34932
Nested Sampling ln(Z):               -101.104192
Acceptance Rate:                        0.542740
Replacements:                              19048
Total Samples:                             35096
Nested Sampling ln(Z):               -101.098532
Acceptance Rate:                        0.541741
Replacements:                              19124
Total Samples:                             35301
Nested Sampling ln(Z):               -101.090164
Acceptance Rate:                        0.540516
Replacements:                              19224
Total Samples:                             35566
Nested Sampling ln(Z):               -101.079516
Acceptance Rate:                        0.540260
Replacements:                              19277
Total Samples:                             35681
Nested Sampling ln(Z):               -101.074059
Acceptance Rate:                        0.539438
Replacements:                              19327
Total Samples:                             35828
Nested Sampling ln(Z):               -101.069088
Acceptance Rate:                        0.538804
Replacements:                              19377
Total Samples:                             35963
Nested Sampling ln(Z):               -101.064280
Acceptance Rate:                        0.538532
Replacements:                              19427
Total Samples:                             36074
Nested Sampling ln(Z):               -101.059628
Acceptance Rate:                        0.538410
Replacements:                              19442
Total Samples:                             36110
Nested Sampling ln(Z):               -101.058264
 ln(ev)=  -100.83185577357082      +/-   5.2543191338852178E-002
 Total Likelihood Evaluations:        36110
 Sampling finished. Exiting MultiNest
  analysing data from outdirBNSBu32cores/pm_AT170817/.txt
  analysing data from outdirBNSBu32cores/pm_AT170817/.txt
  analysing data from outdirBNSBu32cores/pm_AT170817/.txt
  analysing data from outdirBNSBu32cores/pm_AT170817/.txt
  analysing data from outdirBNSBu32cores/pm_AT170817/.txt
  analysing data from outdirBNSBu32cores/pm_AT170817/.txt
  analysing data from outdirBNSBu32cores/pm_AT170817/.txt
  analysing data from outdirBNSBu32cores/pm_AT170817/.txt
  analysing data from outdirBNSBu32cores/pm_AT170817/.txt
  analysing data from outdirBNSBu32cores/pm_AT170817/.txt
  analysing data from outdirBNSBu32cores/pm_AT170817/.txt
  analysing data from outdirBNSBu32cores/pm_AT170817/.txt
  analysing data from outdirBNSBu32cores/pm_AT170817/.txt
  analysing data from outdirBNSBu32cores/pm_AT170817/.txt
  analysing data from outdirBNSBu32cores/pm_AT170817/.txt
  analysing data from outdirBNSBu32cores/pm_AT170817/.txt
  analysing data from outdirBNSBu32cores/pm_AT170817/.txt
  analysing data from outdirBNSBu32cores/pm_AT170817/.txt
  analysing data from outdirBNSBu32cores/pm_AT170817/.txt
  analysing data from outdirBNSBu32cores/pm_AT170817/.txt
  analysing data from outdirBNSBu32cores/pm_AT170817/.txt
  analysing data from outdirBNSBu32cores/pm_AT170817/.txt
  analysing data from outdirBNSBu32cores/pm_AT170817/.txt
  analysing data from outdirBNSBu32cores/pm_AT170817/.txt
  analysing data from outdirBNSBu32cores/pm_AT170817/.txt
  analysing data from outdirBNSBu32cores/pm_AT170817/.txt
  analysing data from outdirBNSBu32cores/pm_AT170817/.txt
  analysing data from outdirBNSBu32cores/pm_AT170817/.txt
  analysing data from outdirBNSBu32cores/pm_AT170817/.txt
  analysing data from outdirBNSBu32cores/pm_AT170817/.txt
  analysing data from outdirBNSBu32cores/pm_AT170817/.txt
  analysing data from outdirBNSBu32cores/pm_AT170817/.txt
Best fit parameters: {'KNphi': 60.4141870679568, 'log10_mej_dyn': -1.706934913806035, 'log10_mej_wind': -1.0536161842425693, 'inclination_EM': 0.4159933025658824, 'luminosity_distance': 52.11840547750487, 'timeshift': 0.0, 'em_syserr': 1.0, 'Ebv': 0.0, 'log_likelihood': -93.16952218138658, 'log_prior': -13.083446556910095}
Best fit index: 8025
Saved bestfit parameters and magnitudes to outdirBNSBu32cores/AT170817_bestfit_params.json
