16:35 INFO    : Running for label 'AT170817', output will be saved to 'outdirBNSBu32cores'
16:35 INFO    : Running for label 'AT170817', output will be saved to 'outdirBNSBu32cores'
16:35 INFO    : Running for label 'AT170817', output will be saved to 'outdirBNSBu32cores'
16:35 INFO    : Running for label 'AT170817', output will be saved to 'outdirBNSBu32cores'
16:35 INFO    : Running for label 'AT170817', output will be saved to 'outdirBNSBu32cores'
16:35 INFO    : Running for label 'AT170817', output will be saved to 'outdirBNSBu32cores'
16:35 INFO    : Running for label 'AT170817', output will be saved to 'outdirBNSBu32cores'
16:35 INFO    : Running for label 'AT170817', output will be saved to 'outdirBNSBu32cores'
16:35 INFO    : Running for label 'AT170817', output will be saved to 'outdirBNSBu32cores'
16:35 INFO    : Running for label 'AT170817', output will be saved to 'outdirBNSBu32cores'
16:35 INFO    : Running for label 'AT170817', output will be saved to 'outdirBNSBu32cores'
16:35 INFO    : Running for label 'AT170817', output will be saved to 'outdirBNSBu32cores'
16:35 INFO    : Running for label 'AT170817', output will be saved to 'outdirBNSBu32cores'
16:35 INFO    : Running for label 'AT170817', output will be saved to 'outdirBNSBu32cores'
16:35 INFO    : Running for label 'AT170817', output will be saved to 'outdirBNSBu32cores'
16:35 INFO    : Running for label 'AT170817', output will be saved to 'outdirBNSBu32cores'
16:35 INFO    : Running for label 'AT170817', output will be saved to 'outdirBNSBu32cores'
16:35 INFO    : Running for label 'AT170817', output will be saved to 'outdirBNSBu32cores'
16:35 INFO    : Running for label 'AT170817', output will be saved to 'outdirBNSBu32cores'
16:35 INFO    : Running for label 'AT170817', output will be saved to 'outdirBNSBu32cores'
16:35 INFO    : Running for label 'AT170817', output will be saved to 'outdirBNSBu32cores'
16:35 INFO    : Running for label 'AT170817', output will be saved to 'outdirBNSBu32cores'
16:35 INFO    : Running for label 'AT170817', output will be saved to 'outdirBNSBu32cores'
16:35 INFO    : Running for label 'AT170817', output will be saved to 'outdirBNSBu32cores'
16:35 INFO    : Running for label 'AT170817', output will be saved to 'outdirBNSBu32cores'
16:35 INFO    : Running for label 'AT170817', output will be saved to 'outdirBNSBu32cores'
16:35 INFO    : Running for label 'AT170817', output will be saved to 'outdirBNSBu32cores'
16:35 INFO    : Running for label 'AT170817', output will be saved to 'outdirBNSBu32cores'
16:35 INFO    : Running for label 'AT170817', output will be saved to 'outdirBNSBu32cores'
16:35 INFO    : Running for label 'AT170817', output will be saved to 'outdirBNSBu32cores'
16:35 INFO    : Running for label 'AT170817', output will be saved to 'outdirBNSBu32cores'
16:35 INFO    : Running for label 'AT170817', output will be saved to 'outdirBNSBu32cores'
16:35 INFO    : Analysis priors:
16:35 INFO    : Analysis priors:
16:35 INFO    : Analysis priors:
16:35 INFO    : Analysis priors:
16:35 INFO    : Analysis priors:
16:35 INFO    : Analysis priors:
16:35 INFO    : Analysis priors:
16:35 INFO    : Analysis priors:
16:35 INFO    : Analysis priors:
16:35 INFO    : Analysis priors:
16:35 INFO    : Analysis priors:
16:35 INFO    : Analysis priors:
16:35 INFO    : Analysis priors:
16:35 INFO    : Analysis priors:
16:35 INFO    : KNphi=Uniform(minimum=15.0, maximum=75.0, name='KNphi', latex_label='$\\Phi$', unit=None, boundary=None)
16:35 INFO    : KNphi=Uniform(minimum=15.0, maximum=75.0, name='KNphi', latex_label='$\\Phi$', unit=None, boundary=None)
16:35 INFO    : Analysis priors:
16:35 INFO    : KNphi=Uniform(minimum=15.0, maximum=75.0, name='KNphi', latex_label='$\\Phi$', unit=None, boundary=None)
16:35 INFO    : Analysis priors:
16:35 INFO    : Analysis priors:
16:35 INFO    : Analysis priors:
16:35 INFO    : KNphi=Uniform(minimum=15.0, maximum=75.0, name='KNphi', latex_label='$\\Phi$', unit=None, boundary=None)
16:35 INFO    : KNphi=Uniform(minimum=15.0, maximum=75.0, name='KNphi', latex_label='$\\Phi$', unit=None, boundary=None)
16:35 INFO    : KNphi=Uniform(minimum=15.0, maximum=75.0, name='KNphi', latex_label='$\\Phi$', unit=None, boundary=None)
16:35 INFO    : Analysis priors:
16:35 INFO    : Analysis priors:
16:35 INFO    : KNphi=Uniform(minimum=15.0, maximum=75.0, name='KNphi', latex_label='$\\Phi$', unit=None, boundary=None)
16:35 INFO    : KNphi=Uniform(minimum=15.0, maximum=75.0, name='KNphi', latex_label='$\\Phi$', unit=None, boundary=None)
16:35 INFO    : Analysis priors:
16:35 INFO    : log10_mej_dyn=Uniform(minimum=-3.0, maximum=-1.0, name='log10_mej_dyn', latex_label='$\\log_{10}M^{\\rm{dyn}}_{\\rm{ej}}$', unit=None, boundary='reflective')
16:35 INFO    : log10_mej_dyn=Uniform(minimum=-3.0, maximum=-1.0, name='log10_mej_dyn', latex_label='$\\log_{10}M^{\\rm{dyn}}_{\\rm{ej}}$', unit=None, boundary='reflective')
16:35 INFO    : log10_mej_dyn=Uniform(minimum=-3.0, maximum=-1.0, name='log10_mej_dyn', latex_label='$\\log_{10}M^{\\rm{dyn}}_{\\rm{ej}}$', unit=None, boundary='reflective')
16:35 INFO    : Analysis priors:
16:35 INFO    : KNphi=Uniform(minimum=15.0, maximum=75.0, name='KNphi', latex_label='$\\Phi$', unit=None, boundary=None)
16:35 INFO    : Analysis priors:
16:35 INFO    : KNphi=Uniform(minimum=15.0, maximum=75.0, name='KNphi', latex_label='$\\Phi$', unit=None, boundary=None)
16:35 INFO    : Analysis priors:
16:35 INFO    : Analysis priors:
16:35 INFO    : Analysis priors:
16:35 INFO    : Analysis priors:
16:35 INFO    : Analysis priors:
16:35 INFO    : KNphi=Uniform(minimum=15.0, maximum=75.0, name='KNphi', latex_label='$\\Phi$', unit=None, boundary=None)
16:35 INFO    : KNphi=Uniform(minimum=15.0, maximum=75.0, name='KNphi', latex_label='$\\Phi$', unit=None, boundary=None)
16:35 INFO    : Analysis priors:
16:35 INFO    : Analysis priors:
16:35 INFO    : KNphi=Uniform(minimum=15.0, maximum=75.0, name='KNphi', latex_label='$\\Phi$', unit=None, boundary=None)
16:35 INFO    : KNphi=Uniform(minimum=15.0, maximum=75.0, name='KNphi', latex_label='$\\Phi$', unit=None, boundary=None)
16:35 INFO    : log10_mej_dyn=Uniform(minimum=-3.0, maximum=-1.0, name='log10_mej_dyn', latex_label='$\\log_{10}M^{\\rm{dyn}}_{\\rm{ej}}$', unit=None, boundary='reflective')
16:35 INFO    : Analysis priors:
16:35 INFO    : KNphi=Uniform(minimum=15.0, maximum=75.0, name='KNphi', latex_label='$\\Phi$', unit=None, boundary=None)
16:35 INFO    : KNphi=Uniform(minimum=15.0, maximum=75.0, name='KNphi', latex_label='$\\Phi$', unit=None, boundary=None)
16:35 INFO    : KNphi=Uniform(minimum=15.0, maximum=75.0, name='KNphi', latex_label='$\\Phi$', unit=None, boundary=None)
16:35 INFO    : log10_mej_dyn=Uniform(minimum=-3.0, maximum=-1.0, name='log10_mej_dyn', latex_label='$\\log_{10}M^{\\rm{dyn}}_{\\rm{ej}}$', unit=None, boundary='reflective')
16:35 INFO    : log10_mej_wind=Uniform(minimum=-3.0, maximum=-0.5, name='log10_mej_wind', latex_label='$\\log_{10}M^{\\rm{wind}}_{\\rm{ej}}$', unit=None, boundary='reflective')
16:35 INFO    : log10_mej_dyn=Uniform(minimum=-3.0, maximum=-1.0, name='log10_mej_dyn', latex_label='$\\log_{10}M^{\\rm{dyn}}_{\\rm{ej}}$', unit=None, boundary='reflective')
16:35 INFO    : log10_mej_wind=Uniform(minimum=-3.0, maximum=-0.5, name='log10_mej_wind', latex_label='$\\log_{10}M^{\\rm{wind}}_{\\rm{ej}}$', unit=None, boundary='reflective')
16:35 INFO    : log10_mej_wind=Uniform(minimum=-3.0, maximum=-0.5, name='log10_mej_wind', latex_label='$\\log_{10}M^{\\rm{wind}}_{\\rm{ej}}$', unit=None, boundary='reflective')
16:35 INFO    : log10_mej_dyn=Uniform(minimum=-3.0, maximum=-1.0, name='log10_mej_dyn', latex_label='$\\log_{10}M^{\\rm{dyn}}_{\\rm{ej}}$', unit=None, boundary='reflective')
16:35 INFO    : KNphi=Uniform(minimum=15.0, maximum=75.0, name='KNphi', latex_label='$\\Phi$', unit=None, boundary=None)
16:35 INFO    : log10_mej_dyn=Uniform(minimum=-3.0, maximum=-1.0, name='log10_mej_dyn', latex_label='$\\log_{10}M^{\\rm{dyn}}_{\\rm{ej}}$', unit=None, boundary='reflective')
16:35 INFO    : log10_mej_dyn=Uniform(minimum=-3.0, maximum=-1.0, name='log10_mej_dyn', latex_label='$\\log_{10}M^{\\rm{dyn}}_{\\rm{ej}}$', unit=None, boundary='reflective')
16:35 INFO    : KNphi=Uniform(minimum=15.0, maximum=75.0, name='KNphi', latex_label='$\\Phi$', unit=None, boundary=None)
16:35 INFO    : log10_mej_dyn=Uniform(minimum=-3.0, maximum=-1.0, name='log10_mej_dyn', latex_label='$\\log_{10}M^{\\rm{dyn}}_{\\rm{ej}}$', unit=None, boundary='reflective')
16:35 INFO    : KNphi=Uniform(minimum=15.0, maximum=75.0, name='KNphi', latex_label='$\\Phi$', unit=None, boundary=None)
16:35 INFO    : log10_mej_dyn=Uniform(minimum=-3.0, maximum=-1.0, name='log10_mej_dyn', latex_label='$\\log_{10}M^{\\rm{dyn}}_{\\rm{ej}}$', unit=None, boundary='reflective')
16:35 INFO    : KNphi=Uniform(minimum=15.0, maximum=75.0, name='KNphi', latex_label='$\\Phi$', unit=None, boundary=None)
16:35 INFO    : log10_mej_dyn=Uniform(minimum=-3.0, maximum=-1.0, name='log10_mej_dyn', latex_label='$\\log_{10}M^{\\rm{dyn}}_{\\rm{ej}}$', unit=None, boundary='reflective')
16:35 INFO    : log10_mej_dyn=Uniform(minimum=-3.0, maximum=-1.0, name='log10_mej_dyn', latex_label='$\\log_{10}M^{\\rm{dyn}}_{\\rm{ej}}$', unit=None, boundary='reflective')
16:35 INFO    : log10_mej_wind=Uniform(minimum=-3.0, maximum=-0.5, name='log10_mej_wind', latex_label='$\\log_{10}M^{\\rm{wind}}_{\\rm{ej}}$', unit=None, boundary='reflective')
16:35 INFO    : log10_mej_dyn=Uniform(minimum=-3.0, maximum=-1.0, name='log10_mej_dyn', latex_label='$\\log_{10}M^{\\rm{dyn}}_{\\rm{ej}}$', unit=None, boundary='reflective')
16:35 INFO    : log10_mej_dyn=Uniform(minimum=-3.0, maximum=-1.0, name='log10_mej_dyn', latex_label='$\\log_{10}M^{\\rm{dyn}}_{\\rm{ej}}$', unit=None, boundary='reflective')
16:35 INFO    : inclination_EM=Sine(minimum=0.0, maximum=1.5707963267948966, name='inclination_EM', latex_label='$\\iota$', unit=None, boundary=None)
16:35 INFO    : KNphi=Uniform(minimum=15.0, maximum=75.0, name='KNphi', latex_label='$\\Phi$', unit=None, boundary=None)
16:35 INFO    : inclination_EM=Sine(minimum=0.0, maximum=1.5707963267948966, name='inclination_EM', latex_label='$\\iota$', unit=None, boundary=None)
16:35 INFO    : inclination_EM=Sine(minimum=0.0, maximum=1.5707963267948966, name='inclination_EM', latex_label='$\\iota$', unit=None, boundary=None)
16:35 INFO    : KNphi=Uniform(minimum=15.0, maximum=75.0, name='KNphi', latex_label='$\\Phi$', unit=None, boundary=None)
16:35 INFO    : log10_mej_dyn=Uniform(minimum=-3.0, maximum=-1.0, name='log10_mej_dyn', latex_label='$\\log_{10}M^{\\rm{dyn}}_{\\rm{ej}}$', unit=None, boundary='reflective')
16:35 INFO    : log10_mej_wind=Uniform(minimum=-3.0, maximum=-0.5, name='log10_mej_wind', latex_label='$\\log_{10}M^{\\rm{wind}}_{\\rm{ej}}$', unit=None, boundary='reflective')
16:35 INFO    : log10_mej_wind=Uniform(minimum=-3.0, maximum=-0.5, name='log10_mej_wind', latex_label='$\\log_{10}M^{\\rm{wind}}_{\\rm{ej}}$', unit=None, boundary='reflective')
16:35 INFO    : KNphi=Uniform(minimum=15.0, maximum=75.0, name='KNphi', latex_label='$\\Phi$', unit=None, boundary=None)
16:35 INFO    : KNphi=Uniform(minimum=15.0, maximum=75.0, name='KNphi', latex_label='$\\Phi$', unit=None, boundary=None)
16:35 INFO    : KNphi=Uniform(minimum=15.0, maximum=75.0, name='KNphi', latex_label='$\\Phi$', unit=None, boundary=None)
16:35 INFO    : KNphi=Uniform(minimum=15.0, maximum=75.0, name='KNphi', latex_label='$\\Phi$', unit=None, boundary=None)
16:35 INFO    : log10_mej_dyn=Uniform(minimum=-3.0, maximum=-1.0, name='log10_mej_dyn', latex_label='$\\log_{10}M^{\\rm{dyn}}_{\\rm{ej}}$', unit=None, boundary='reflective')
16:35 INFO    : log10_mej_wind=Uniform(minimum=-3.0, maximum=-0.5, name='log10_mej_wind', latex_label='$\\log_{10}M^{\\rm{wind}}_{\\rm{ej}}$', unit=None, boundary='reflective')
16:35 INFO    : log10_mej_wind=Uniform(minimum=-3.0, maximum=-0.5, name='log10_mej_wind', latex_label='$\\log_{10}M^{\\rm{wind}}_{\\rm{ej}}$', unit=None, boundary='reflective')
16:35 INFO    : luminosity_distance=40.0
16:35 INFO    : luminosity_distance=40.0
16:35 INFO    : KNphi=Uniform(minimum=15.0, maximum=75.0, name='KNphi', latex_label='$\\Phi$', unit=None, boundary=None)
16:35 INFO    : luminosity_distance=40.0
16:35 INFO    : KNphi=Uniform(minimum=15.0, maximum=75.0, name='KNphi', latex_label='$\\Phi$', unit=None, boundary=None)
16:35 INFO    : log10_mej_wind=Uniform(minimum=-3.0, maximum=-0.5, name='log10_mej_wind', latex_label='$\\log_{10}M^{\\rm{wind}}_{\\rm{ej}}$', unit=None, boundary='reflective')
16:35 INFO    : log10_mej_dyn=Uniform(minimum=-3.0, maximum=-1.0, name='log10_mej_dyn', latex_label='$\\log_{10}M^{\\rm{dyn}}_{\\rm{ej}}$', unit=None, boundary='reflective')
16:35 INFO    : KNphi=Uniform(minimum=15.0, maximum=75.0, name='KNphi', latex_label='$\\Phi$', unit=None, boundary=None)
16:35 INFO    : KNphi=Uniform(minimum=15.0, maximum=75.0, name='KNphi', latex_label='$\\Phi$', unit=None, boundary=None)
16:35 INFO    : log10_mej_wind=Uniform(minimum=-3.0, maximum=-0.5, name='log10_mej_wind', latex_label='$\\log_{10}M^{\\rm{wind}}_{\\rm{ej}}$', unit=None, boundary='reflective')
16:35 INFO    : log10_mej_dyn=Uniform(minimum=-3.0, maximum=-1.0, name='log10_mej_dyn', latex_label='$\\log_{10}M^{\\rm{dyn}}_{\\rm{ej}}$', unit=None, boundary='reflective')
16:35 INFO    : timeshift=0.0
16:35 INFO    : timeshift=0.0
16:35 INFO    : timeshift=0.0
16:35 INFO    : log10_mej_wind=Uniform(minimum=-3.0, maximum=-0.5, name='log10_mej_wind', latex_label='$\\log_{10}M^{\\rm{wind}}_{\\rm{ej}}$', unit=None, boundary='reflective')
16:35 INFO    : log10_mej_wind=Uniform(minimum=-3.0, maximum=-0.5, name='log10_mej_wind', latex_label='$\\log_{10}M^{\\rm{wind}}_{\\rm{ej}}$', unit=None, boundary='reflective')
16:35 INFO    : log10_mej_wind=Uniform(minimum=-3.0, maximum=-0.5, name='log10_mej_wind', latex_label='$\\log_{10}M^{\\rm{wind}}_{\\rm{ej}}$', unit=None, boundary='reflective')
16:35 INFO    : log10_mej_wind=Uniform(minimum=-3.0, maximum=-0.5, name='log10_mej_wind', latex_label='$\\log_{10}M^{\\rm{wind}}_{\\rm{ej}}$', unit=None, boundary='reflective')
16:35 INFO    : log10_mej_wind=Uniform(minimum=-3.0, maximum=-0.5, name='log10_mej_wind', latex_label='$\\log_{10}M^{\\rm{wind}}_{\\rm{ej}}$', unit=None, boundary='reflective')
16:35 INFO    : log10_mej_dyn=Uniform(minimum=-3.0, maximum=-1.0, name='log10_mej_dyn', latex_label='$\\log_{10}M^{\\rm{dyn}}_{\\rm{ej}}$', unit=None, boundary='reflective')
16:35 INFO    : inclination_EM=Sine(minimum=0.0, maximum=1.5707963267948966, name='inclination_EM', latex_label='$\\iota$', unit=None, boundary=None)
16:35 INFO    : log10_mej_dyn=Uniform(minimum=-3.0, maximum=-1.0, name='log10_mej_dyn', latex_label='$\\log_{10}M^{\\rm{dyn}}_{\\rm{ej}}$', unit=None, boundary='reflective')
16:35 INFO    : log10_mej_wind=Uniform(minimum=-3.0, maximum=-0.5, name='log10_mej_wind', latex_label='$\\log_{10}M^{\\rm{wind}}_{\\rm{ej}}$', unit=None, boundary='reflective')
16:35 INFO    : em_syserr=0.1
16:35 INFO    : em_syserr=0.1
16:35 INFO    : em_syserr=0.1
16:35 INFO    : log10_mej_dyn=Uniform(minimum=-3.0, maximum=-1.0, name='log10_mej_dyn', latex_label='$\\log_{10}M^{\\rm{dyn}}_{\\rm{ej}}$', unit=None, boundary='reflective')
16:35 INFO    : inclination_EM=Sine(minimum=0.0, maximum=1.5707963267948966, name='inclination_EM', latex_label='$\\iota$', unit=None, boundary=None)
16:35 INFO    : log10_mej_wind=Uniform(minimum=-3.0, maximum=-0.5, name='log10_mej_wind', latex_label='$\\log_{10}M^{\\rm{wind}}_{\\rm{ej}}$', unit=None, boundary='reflective')
16:35 INFO    : log10_mej_dyn=Uniform(minimum=-3.0, maximum=-1.0, name='log10_mej_dyn', latex_label='$\\log_{10}M^{\\rm{dyn}}_{\\rm{ej}}$', unit=None, boundary='reflective')
16:35 INFO    : log10_mej_dyn=Uniform(minimum=-3.0, maximum=-1.0, name='log10_mej_dyn', latex_label='$\\log_{10}M^{\\rm{dyn}}_{\\rm{ej}}$', unit=None, boundary='reflective')
16:35 INFO    : log10_mej_dyn=Uniform(minimum=-3.0, maximum=-1.0, name='log10_mej_dyn', latex_label='$\\log_{10}M^{\\rm{dyn}}_{\\rm{ej}}$', unit=None, boundary='reflective')
16:35 INFO    : log10_mej_dyn=Uniform(minimum=-3.0, maximum=-1.0, name='log10_mej_dyn', latex_label='$\\log_{10}M^{\\rm{dyn}}_{\\rm{ej}}$', unit=None, boundary='reflective')
16:35 INFO    : inclination_EM=Sine(minimum=0.0, maximum=1.5707963267948966, name='inclination_EM', latex_label='$\\iota$', unit=None, boundary=None)
16:35 INFO    : Ebv=0.0
16:35 INFO    : Ebv=0.0
16:35 INFO    : Ebv=0.0
16:35 INFO    : luminosity_distance=40.0
16:35 INFO    : inclination_EM=Sine(minimum=0.0, maximum=1.5707963267948966, name='inclination_EM', latex_label='$\\iota$', unit=None, boundary=None)
16:35 INFO    : log10_mej_wind=Uniform(minimum=-3.0, maximum=-0.5, name='log10_mej_wind', latex_label='$\\log_{10}M^{\\rm{wind}}_{\\rm{ej}}$', unit=None, boundary='reflective')
16:35 INFO    : log10_mej_dyn=Uniform(minimum=-3.0, maximum=-1.0, name='log10_mej_dyn', latex_label='$\\log_{10}M^{\\rm{dyn}}_{\\rm{ej}}$', unit=None, boundary='reflective')
16:35 INFO    : log10_mej_dyn=Uniform(minimum=-3.0, maximum=-1.0, name='log10_mej_dyn', latex_label='$\\log_{10}M^{\\rm{dyn}}_{\\rm{ej}}$', unit=None, boundary='reflective')
16:35 INFO    : inclination_EM=Sine(minimum=0.0, maximum=1.5707963267948966, name='inclination_EM', latex_label='$\\iota$', unit=None, boundary=None)
16:35 INFO    : luminosity_distance=40.0
16:35 INFO    : luminosity_distance=40.0
16:35 INFO    : log10_mej_dyn=Uniform(minimum=-3.0, maximum=-1.0, name='log10_mej_dyn', latex_label='$\\log_{10}M^{\\rm{dyn}}_{\\rm{ej}}$', unit=None, boundary='reflective')
16:35 INFO    : Analysis likelihood class: <class 'nmma.em.likelihood.OpticalLightCurve'>
16:35 INFO    : inclination_EM=Sine(minimum=0.0, maximum=1.5707963267948966, name='inclination_EM', latex_label='$\\iota$', unit=None, boundary=None)
16:35 INFO    : inclination_EM=Sine(minimum=0.0, maximum=1.5707963267948966, name='inclination_EM', latex_label='$\\iota$', unit=None, boundary=None)
16:35 INFO    : log10_mej_wind=Uniform(minimum=-3.0, maximum=-0.5, name='log10_mej_wind', latex_label='$\\log_{10}M^{\\rm{wind}}_{\\rm{ej}}$', unit=None, boundary='reflective')
16:35 INFO    : log10_mej_dyn=Uniform(minimum=-3.0, maximum=-1.0, name='log10_mej_dyn', latex_label='$\\log_{10}M^{\\rm{dyn}}_{\\rm{ej}}$', unit=None, boundary='reflective')
16:35 INFO    : Analysis likelihood class: <class 'nmma.em.likelihood.OpticalLightCurve'>
16:35 INFO    : Analysis likelihood class: <class 'nmma.em.likelihood.OpticalLightCurve'>
16:35 INFO    : inclination_EM=Sine(minimum=0.0, maximum=1.5707963267948966, name='inclination_EM', latex_label='$\\iota$', unit=None, boundary=None)
16:35 INFO    : timeshift=0.0
16:35 INFO    : inclination_EM=Sine(minimum=0.0, maximum=1.5707963267948966, name='inclination_EM', latex_label='$\\iota$', unit=None, boundary=None)
16:35 INFO    : luminosity_distance=40.0
16:35 INFO    : inclination_EM=Sine(minimum=0.0, maximum=1.5707963267948966, name='inclination_EM', latex_label='$\\iota$', unit=None, boundary=None)
16:35 INFO    : log10_mej_wind=Uniform(minimum=-3.0, maximum=-0.5, name='log10_mej_wind', latex_label='$\\log_{10}M^{\\rm{wind}}_{\\rm{ej}}$', unit=None, boundary='reflective')
16:35 INFO    : inclination_EM=Sine(minimum=0.0, maximum=1.5707963267948966, name='inclination_EM', latex_label='$\\iota$', unit=None, boundary=None)
16:35 INFO    : inclination_EM=Sine(minimum=0.0, maximum=1.5707963267948966, name='inclination_EM', latex_label='$\\iota$', unit=None, boundary=None)
16:35 INFO    : inclination_EM=Sine(minimum=0.0, maximum=1.5707963267948966, name='inclination_EM', latex_label='$\\iota$', unit=None, boundary=None)
16:35 INFO    : log10_mej_wind=Uniform(minimum=-3.0, maximum=-0.5, name='log10_mej_wind', latex_label='$\\log_{10}M^{\\rm{wind}}_{\\rm{ej}}$', unit=None, boundary='reflective')
16:35 INFO    : timeshift=0.0
16:35 INFO    : luminosity_distance=40.0
16:35 INFO    : timeshift=0.0
16:35 INFO    : Analysis likelihood noise evidence: 0.0
16:35 INFO    : log10_mej_wind=Uniform(minimum=-3.0, maximum=-0.5, name='log10_mej_wind', latex_label='$\\log_{10}M^{\\rm{wind}}_{\\rm{ej}}$', unit=None, boundary='reflective')
16:35 INFO    : log10_mej_wind=Uniform(minimum=-3.0, maximum=-0.5, name='log10_mej_wind', latex_label='$\\log_{10}M^{\\rm{wind}}_{\\rm{ej}}$', unit=None, boundary='reflective')
16:35 INFO    : em_syserr=0.1
16:35 INFO    : log10_mej_wind=Uniform(minimum=-3.0, maximum=-0.5, name='log10_mej_wind', latex_label='$\\log_{10}M^{\\rm{wind}}_{\\rm{ej}}$', unit=None, boundary='reflective')
16:35 INFO    : Analysis likelihood noise evidence: 0.0
16:35 INFO    : luminosity_distance=40.0
16:35 INFO    : inclination_EM=Sine(minimum=0.0, maximum=1.5707963267948966, name='inclination_EM', latex_label='$\\iota$', unit=None, boundary=None)
16:35 INFO    : Analysis priors:
16:35 INFO    : luminosity_distance=40.0
16:35 INFO    : log10_mej_wind=Uniform(minimum=-3.0, maximum=-0.5, name='log10_mej_wind', latex_label='$\\log_{10}M^{\\rm{wind}}_{\\rm{ej}}$', unit=None, boundary='reflective')
16:35 INFO    : Analysis likelihood noise evidence: 0.0
16:35 INFO    : log10_mej_wind=Uniform(minimum=-3.0, maximum=-0.5, name='log10_mej_wind', latex_label='$\\log_{10}M^{\\rm{wind}}_{\\rm{ej}}$', unit=None, boundary='reflective')
16:35 INFO    : luminosity_distance=40.0
16:35 INFO    : luminosity_distance=40.0
16:35 INFO    : timeshift=0.0
16:35 INFO    : luminosity_distance=40.0
16:35 INFO    : luminosity_distance=40.0
16:35 INFO    : luminosity_distance=40.0
16:35 INFO    : em_syserr=0.1
16:35 INFO    : luminosity_distance=40.0
16:35 INFO    : timeshift=0.0
16:35 INFO    : em_syserr=0.1
16:35 INFO    : inclination_EM=Sine(minimum=0.0, maximum=1.5707963267948966, name='inclination_EM', latex_label='$\\iota$', unit=None, boundary=None)
16:35 INFO    : log10_mej_wind=Uniform(minimum=-3.0, maximum=-0.5, name='log10_mej_wind', latex_label='$\\log_{10}M^{\\rm{wind}}_{\\rm{ej}}$', unit=None, boundary='reflective')
16:35 INFO    : log10_mej_wind=Uniform(minimum=-3.0, maximum=-0.5, name='log10_mej_wind', latex_label='$\\log_{10}M^{\\rm{wind}}_{\\rm{ej}}$', unit=None, boundary='reflective')
16:35 INFO    : timeshift=0.0
16:35 INFO    : timeshift=0.0
16:35 INFO    : Ebv=0.0
16:35 INFO    : log10_mej_wind=Uniform(minimum=-3.0, maximum=-0.5, name='log10_mej_wind', latex_label='$\\log_{10}M^{\\rm{wind}}_{\\rm{ej}}$', unit=None, boundary='reflective')
16:35 INFO    : timeshift=0.0
16:35 INFO    : luminosity_distance=40.0
16:35 INFO    : timeshift=0.0
16:35 INFO    : inclination_EM=Sine(minimum=0.0, maximum=1.5707963267948966, name='inclination_EM', latex_label='$\\iota$', unit=None, boundary=None)
16:35 INFO    : log10_mej_wind=Uniform(minimum=-3.0, maximum=-0.5, name='log10_mej_wind', latex_label='$\\log_{10}M^{\\rm{wind}}_{\\rm{ej}}$', unit=None, boundary='reflective')
16:35 INFO    : em_syserr=0.1
16:35 INFO    : em_syserr=0.1
16:35 INFO    : timeshift=0.0
16:35 INFO    : luminosity_distance=40.0
16:35 INFO    : timeshift=0.0
16:35 INFO    : timeshift=0.0
16:35 INFO    : Ebv=0.0
16:35 INFO    : inclination_EM=Sine(minimum=0.0, maximum=1.5707963267948966, name='inclination_EM', latex_label='$\\iota$', unit=None, boundary=None)
16:35 INFO    : timeshift=0.0
16:35 INFO    : Ebv=0.0
16:35 INFO    : em_syserr=0.1
16:35 INFO    : inclination_EM=Sine(minimum=0.0, maximum=1.5707963267948966, name='inclination_EM', latex_label='$\\iota$', unit=None, boundary=None)
16:35 INFO    : em_syserr=0.1
16:35 INFO    : em_syserr=0.1
16:35 INFO    : Analysis likelihood class: <class 'nmma.em.likelihood.OpticalLightCurve'>
16:35 INFO    : timeshift=0.0
16:35 INFO    : inclination_EM=Sine(minimum=0.0, maximum=1.5707963267948966, name='inclination_EM', latex_label='$\\iota$', unit=None, boundary=None)
16:35 INFO    : inclination_EM=Sine(minimum=0.0, maximum=1.5707963267948966, name='inclination_EM', latex_label='$\\iota$', unit=None, boundary=None)
16:35 INFO    : em_syserr=0.1
16:35 INFO    : luminosity_distance=40.0
16:35 INFO    : inclination_EM=Sine(minimum=0.0, maximum=1.5707963267948966, name='inclination_EM', latex_label='$\\iota$', unit=None, boundary=None)
16:35 INFO    : Ebv=0.0
16:35 INFO    : em_syserr=0.1
16:35 INFO    : Ebv=0.0
16:35 INFO    : em_syserr=0.1
16:35 INFO    : Ebv=0.0
16:35 INFO    : timeshift=0.0
16:35 INFO    : em_syserr=0.1
16:35 INFO    : Analysis likelihood class: <class 'nmma.em.likelihood.OpticalLightCurve'>
16:35 INFO    : em_syserr=0.1
16:35 INFO    : Ebv=0.0
16:35 INFO    : Analysis likelihood class: <class 'nmma.em.likelihood.OpticalLightCurve'>
16:35 INFO    : luminosity_distance=40.0
16:35 INFO    : timeshift=0.0
16:35 INFO    : Ebv=0.0
16:35 INFO    : luminosity_distance=40.0
16:35 INFO    : inclination_EM=Sine(minimum=0.0, maximum=1.5707963267948966, name='inclination_EM', latex_label='$\\iota$', unit=None, boundary=None)
16:35 INFO    : Analysis likelihood noise evidence: 0.0
16:35 INFO    : em_syserr=0.1
16:35 INFO    : inclination_EM=Sine(minimum=0.0, maximum=1.5707963267948966, name='inclination_EM', latex_label='$\\iota$', unit=None, boundary=None)
16:35 INFO    : Analysis likelihood class: <class 'nmma.em.likelihood.OpticalLightCurve'>
16:35 INFO    : luminosity_distance=40.0
16:35 INFO    : Ebv=0.0
16:35 INFO    : luminosity_distance=40.0
16:35 INFO    : Ebv=0.0
16:35 INFO    : Analysis likelihood class: <class 'nmma.em.likelihood.OpticalLightCurve'>
16:35 INFO    : em_syserr=0.1
16:35 INFO    : luminosity_distance=40.0
16:35 INFO    : Analysis likelihood class: <class 'nmma.em.likelihood.OpticalLightCurve'>
16:35 INFO    : inclination_EM=Sine(minimum=0.0, maximum=1.5707963267948966, name='inclination_EM', latex_label='$\\iota$', unit=None, boundary=None)
16:35 INFO    : Ebv=0.0
16:35 INFO    : Analysis likelihood class: <class 'nmma.em.likelihood.OpticalLightCurve'>
16:35 INFO    : inclination_EM=Sine(minimum=0.0, maximum=1.5707963267948966, name='inclination_EM', latex_label='$\\iota$', unit=None, boundary=None)
16:35 INFO    : Analysis likelihood class: <class 'nmma.em.likelihood.OpticalLightCurve'>
16:35 INFO    : inclination_EM=Sine(minimum=0.0, maximum=1.5707963267948966, name='inclination_EM', latex_label='$\\iota$', unit=None, boundary=None)
16:35 INFO    : Ebv=0.0
16:35 INFO    : luminosity_distance=40.0
16:35 INFO    : em_syserr=0.1
16:35 INFO    : inclination_EM=Sine(minimum=0.0, maximum=1.5707963267948966, name='inclination_EM', latex_label='$\\iota$', unit=None, boundary=None)
16:35 INFO    : Ebv=0.0
16:35 INFO    : Analysis likelihood noise evidence: 0.0
16:35 INFO    : Analysis likelihood noise evidence: 0.0
16:35 INFO    : timeshift=0.0
16:35 INFO    : timeshift=0.0
16:35 INFO    : Ebv=0.0
16:35 INFO    : luminosity_distance=40.0
16:35 INFO    : KNphi=Uniform(minimum=15.0, maximum=75.0, name='KNphi', latex_label='$\\Phi$', unit=None, boundary=None)
16:35 INFO    : Analysis likelihood noise evidence: 0.0
16:35 INFO    : Analysis likelihood noise evidence: 0.0
16:35 INFO    : timeshift=0.0
16:35 INFO    : Analysis likelihood class: <class 'nmma.em.likelihood.OpticalLightCurve'>
16:35 INFO    : Analysis likelihood class: <class 'nmma.em.likelihood.OpticalLightCurve'>
16:35 INFO    : Analysis likelihood noise evidence: 0.0
16:35 INFO    : timeshift=0.0
16:35 INFO    : luminosity_distance=40.0
16:35 INFO    : Ebv=0.0
16:35 INFO    : timeshift=0.0
16:35 INFO    : Analysis likelihood class: <class 'nmma.em.likelihood.OpticalLightCurve'>
16:35 INFO    : Analysis likelihood noise evidence: 0.0
16:35 INFO    : Analysis likelihood class: <class 'nmma.em.likelihood.OpticalLightCurve'>
16:35 INFO    : luminosity_distance=40.0
16:35 INFO    : luminosity_distance=40.0
16:35 INFO    : Analysis likelihood noise evidence: 0.0
16:35 INFO    : Analysis likelihood class: <class 'nmma.em.likelihood.OpticalLightCurve'>
16:35 INFO    : Ebv=0.0
16:35 INFO    : luminosity_distance=40.0
16:35 INFO    : timeshift=0.0
16:35 INFO    : em_syserr=0.1
16:35 INFO    : em_syserr=0.1
16:35 INFO    : Analysis likelihood class: <class 'nmma.em.likelihood.OpticalLightCurve'>
16:35 INFO    : timeshift=0.0
16:35 INFO    : em_syserr=0.1
16:35 INFO    : Analysis likelihood noise evidence: 0.0
16:35 INFO    : Analysis likelihood class: <class 'nmma.em.likelihood.OpticalLightCurve'>
16:35 INFO    : Analysis likelihood noise evidence: 0.0
16:35 INFO    : timeshift=0.0
16:35 INFO    : em_syserr=0.1
16:35 INFO    : em_syserr=0.1
16:35 INFO    : Analysis likelihood noise evidence: 0.0
16:35 INFO    : Analysis likelihood noise evidence: 0.0
16:35 INFO    : timeshift=0.0
16:35 INFO    : timeshift=0.0
16:35 INFO    : Analysis likelihood noise evidence: 0.0
16:35 INFO    : timeshift=0.0
16:35 INFO    : Analysis likelihood class: <class 'nmma.em.likelihood.OpticalLightCurve'>
16:35 INFO    : em_syserr=0.1
16:35 INFO    : Analysis likelihood noise evidence: 0.0
16:35 INFO    : Ebv=0.0
16:35 INFO    : Ebv=0.0
16:35 INFO    : Ebv=0.0
16:35 INFO    : em_syserr=0.1
16:35 INFO    : em_syserr=0.1
16:35 INFO    : Analysis likelihood noise evidence: 0.0
16:35 INFO    : Ebv=0.0
16:35 INFO    : Ebv=0.0
16:35 INFO    : em_syserr=0.1
16:35 INFO    : em_syserr=0.1
16:35 INFO    : em_syserr=0.1
16:35 INFO    : log10_mej_dyn=Uniform(minimum=-3.0, maximum=-1.0, name='log10_mej_dyn', latex_label='$\\log_{10}M^{\\rm{dyn}}_{\\rm{ej}}$', unit=None, boundary='reflective')
16:35 INFO    : Ebv=0.0
16:35 INFO    : Analysis likelihood noise evidence: 0.0
16:35 INFO    : Analysis likelihood class: <class 'nmma.em.likelihood.OpticalLightCurve'>
16:35 INFO    : Analysis likelihood class: <class 'nmma.em.likelihood.OpticalLightCurve'>
16:35 INFO    : Analysis likelihood class: <class 'nmma.em.likelihood.OpticalLightCurve'>
16:35 INFO    : Ebv=0.0
16:35 INFO    : Ebv=0.0
16:35 INFO    : Analysis likelihood class: <class 'nmma.em.likelihood.OpticalLightCurve'>
16:35 INFO    : Ebv=0.0
16:35 INFO    : Ebv=0.0
16:35 INFO    : Analysis likelihood class: <class 'nmma.em.likelihood.OpticalLightCurve'>
16:35 INFO    : Ebv=0.0
16:35 INFO    : Analysis likelihood class: <class 'nmma.em.likelihood.OpticalLightCurve'>
16:35 INFO    : Analysis likelihood noise evidence: 0.0
16:35 INFO    : Analysis likelihood noise evidence: 0.0
16:35 INFO    : Analysis likelihood noise evidence: 0.0
16:35 INFO    : Analysis likelihood class: <class 'nmma.em.likelihood.OpticalLightCurve'>
16:35 INFO    : Analysis likelihood class: <class 'nmma.em.likelihood.OpticalLightCurve'>
16:35 INFO    : Analysis likelihood noise evidence: 0.0
16:35 INFO    : Analysis likelihood class: <class 'nmma.em.likelihood.OpticalLightCurve'>
16:35 INFO    : Analysis likelihood class: <class 'nmma.em.likelihood.OpticalLightCurve'>
16:35 INFO    : Analysis likelihood noise evidence: 0.0
16:35 INFO    : Analysis likelihood class: <class 'nmma.em.likelihood.OpticalLightCurve'>
16:35 INFO    : Analysis likelihood noise evidence: 0.0
16:35 INFO    : Analysis likelihood noise evidence: 0.0
16:35 INFO    : Analysis likelihood noise evidence: 0.0
16:35 INFO    : Analysis likelihood noise evidence: 0.0
16:35 INFO    : Analysis likelihood noise evidence: 0.0
16:35 INFO    : Analysis likelihood noise evidence: 0.0
16:35 INFO    : log10_mej_wind=Uniform(minimum=-3.0, maximum=-0.5, name='log10_mej_wind', latex_label='$\\log_{10}M^{\\rm{wind}}_{\\rm{ej}}$', unit=None, boundary='reflective')
16:35 INFO    : log10_mej_dyn=Uniform(minimum=-3.0, maximum=-1.0, name='log10_mej_dyn', latex_label='$\\log_{10}M^{\\rm{dyn}}_{\\rm{ej}}$', unit=None, boundary='reflective')
16:35 INFO    : inclination_EM=Sine(minimum=0.0, maximum=1.5707963267948966, name='inclination_EM', latex_label='$\\iota$', unit=None, boundary=None)
16:35 INFO    : luminosity_distance=40.0
16:35 INFO    : timeshift=0.0
16:35 INFO    : em_syserr=0.1
16:35 INFO    : Ebv=0.0
16:35 INFO    : Analysis likelihood class: <class 'nmma.em.likelihood.OpticalLightCurve'>
16:35 INFO    : Analysis likelihood noise evidence: 0.0
16:35 INFO    : log10_mej_wind=Uniform(minimum=-3.0, maximum=-0.5, name='log10_mej_wind', latex_label='$\\log_{10}M^{\\rm{wind}}_{\\rm{ej}}$', unit=None, boundary='reflective')
16:35 INFO    : inclination_EM=Sine(minimum=0.0, maximum=1.5707963267948966, name='inclination_EM', latex_label='$\\iota$', unit=None, boundary=None)
16:35 INFO    : luminosity_distance=40.0
16:35 INFO    : timeshift=0.0
16:35 INFO    : em_syserr=0.1
16:35 INFO    : Ebv=0.0
16:35 INFO    : Analysis likelihood class: <class 'nmma.em.likelihood.OpticalLightCurve'>
16:35 INFO    : Analysis likelihood noise evidence: 0.0
16:35 INFO    : Single likelihood evaluation took 9.799e-02 s
16:35 WARNING : Supplied argument 'queue_size' not an argument of 'Pymultinest', removing.
16:35 WARNING : Supplied argument 'check_point_delta_t' not an argument of 'Pymultinest', removing.
16:35 INFO    : Using sampler Pymultinest with kwargs {'importance_nested_sampling': False, 'resume': True, 'verbose': True, 'sampling_efficiency': 'parameter', 'n_live_points': 2048, 'n_params': 4, 'n_clustering_params': None, 'wrapped_params': None, 'multimodal': True, 'const_efficiency_mode': False, 'evidence_tolerance': 0.5, 'n_iter_before_update': 100, 'null_log_evidence': -1e+90, 'max_modes': 100, 'mode_tolerance': -1e+90, 'seed': 42, 'context': 0, 'write_output': True, 'log_zero': -1e+100, 'max_iter': 0, 'init_MPI': False, 'dump_callback': <bound method Pymultinest._dump_callback of <bilby.core.sampler.pymultinest.Pymultinest object at 0x1554e6db9ed0>>}
16:35 INFO    : Temporary directory incompatible with MPI, will run in original directory
16:35 INFO    : Using output file outdirBNSBu32cores/pm_AT170817/
16:35 INFO    : Single likelihood evaluation took 1.122e-01 s
16:35 INFO    : Single likelihood evaluation took 1.122e-01 s
16:35 WARNING : Supplied argument 'queue_size' not an argument of 'Pymultinest', removing.
16:35 WARNING : Supplied argument 'check_point_delta_t' not an argument of 'Pymultinest', removing.
16:35 WARNING : Supplied argument 'queue_size' not an argument of 'Pymultinest', removing.
16:35 WARNING : Supplied argument 'check_point_delta_t' not an argument of 'Pymultinest', removing.
16:35 INFO    : Using sampler Pymultinest with kwargs {'importance_nested_sampling': False, 'resume': True, 'verbose': True, 'sampling_efficiency': 'parameter', 'n_live_points': 2048, 'n_params': 4, 'n_clustering_params': None, 'wrapped_params': None, 'multimodal': True, 'const_efficiency_mode': False, 'evidence_tolerance': 0.5, 'n_iter_before_update': 100, 'null_log_evidence': -1e+90, 'max_modes': 100, 'mode_tolerance': -1e+90, 'seed': 42, 'context': 0, 'write_output': True, 'log_zero': -1e+100, 'max_iter': 0, 'init_MPI': False, 'dump_callback': <bound method Pymultinest._dump_callback of <bilby.core.sampler.pymultinest.Pymultinest object at 0x1555180ddb40>>}
16:35 INFO    : Using sampler Pymultinest with kwargs {'importance_nested_sampling': False, 'resume': True, 'verbose': True, 'sampling_efficiency': 'parameter', 'n_live_points': 2048, 'n_params': 4, 'n_clustering_params': None, 'wrapped_params': None, 'multimodal': True, 'const_efficiency_mode': False, 'evidence_tolerance': 0.5, 'n_iter_before_update': 100, 'null_log_evidence': -1e+90, 'max_modes': 100, 'mode_tolerance': -1e+90, 'seed': 42, 'context': 0, 'write_output': True, 'log_zero': -1e+100, 'max_iter': 0, 'init_MPI': False, 'dump_callback': <bound method Pymultinest._dump_callback of <bilby.core.sampler.pymultinest.Pymultinest object at 0x1555180dd930>>}
16:35 INFO    : Temporary directory incompatible with MPI, will run in original directory
16:35 INFO    : Temporary directory incompatible with MPI, will run in original directory
16:35 INFO    : Using output file outdirBNSBu32cores/pm_AT170817/
16:35 INFO    : Using output file outdirBNSBu32cores/pm_AT170817/
16:35 INFO    : Single likelihood evaluation took 1.179e-01 s
16:35 WARNING : Supplied argument 'queue_size' not an argument of 'Pymultinest', removing.
16:35 WARNING : Supplied argument 'check_point_delta_t' not an argument of 'Pymultinest', removing.
16:35 INFO    : Using sampler Pymultinest with kwargs {'importance_nested_sampling': False, 'resume': True, 'verbose': True, 'sampling_efficiency': 'parameter', 'n_live_points': 2048, 'n_params': 4, 'n_clustering_params': None, 'wrapped_params': None, 'multimodal': True, 'const_efficiency_mode': False, 'evidence_tolerance': 0.5, 'n_iter_before_update': 100, 'null_log_evidence': -1e+90, 'max_modes': 100, 'mode_tolerance': -1e+90, 'seed': 42, 'context': 0, 'write_output': True, 'log_zero': -1e+100, 'max_iter': 0, 'init_MPI': False, 'dump_callback': <bound method Pymultinest._dump_callback of <bilby.core.sampler.pymultinest.Pymultinest object at 0x1554e6dba0b0>>}
16:35 INFO    : Temporary directory incompatible with MPI, will run in original directory
16:35 INFO    : Using output file outdirBNSBu32cores/pm_AT170817/
16:35 INFO    : Single likelihood evaluation took 1.362e-01 s
16:35 INFO    : Single likelihood evaluation took 1.373e-01 s
16:35 WARNING : Supplied argument 'queue_size' not an argument of 'Pymultinest', removing.
16:35 WARNING : Supplied argument 'check_point_delta_t' not an argument of 'Pymultinest', removing.
16:35 INFO    : Using sampler Pymultinest with kwargs {'importance_nested_sampling': False, 'resume': True, 'verbose': True, 'sampling_efficiency': 'parameter', 'n_live_points': 2048, 'n_params': 4, 'n_clustering_params': None, 'wrapped_params': None, 'multimodal': True, 'const_efficiency_mode': False, 'evidence_tolerance': 0.5, 'n_iter_before_update': 100, 'null_log_evidence': -1e+90, 'max_modes': 100, 'mode_tolerance': -1e+90, 'seed': 42, 'context': 0, 'write_output': True, 'log_zero': -1e+100, 'max_iter': 0, 'init_MPI': False, 'dump_callback': <bound method Pymultinest._dump_callback of <bilby.core.sampler.pymultinest.Pymultinest object at 0x1555159f5fc0>>}
16:35 INFO    : Temporary directory incompatible with MPI, will run in original directory
16:35 INFO    : Using output file outdirBNSBu32cores/pm_AT170817/
16:35 WARNING : Supplied argument 'queue_size' not an argument of 'Pymultinest', removing.
16:35 WARNING : Supplied argument 'check_point_delta_t' not an argument of 'Pymultinest', removing.
16:35 INFO    : Using sampler Pymultinest with kwargs {'importance_nested_sampling': False, 'resume': True, 'verbose': True, 'sampling_efficiency': 'parameter', 'n_live_points': 2048, 'n_params': 4, 'n_clustering_params': None, 'wrapped_params': None, 'multimodal': True, 'const_efficiency_mode': False, 'evidence_tolerance': 0.5, 'n_iter_before_update': 100, 'null_log_evidence': -1e+90, 'max_modes': 100, 'mode_tolerance': -1e+90, 'seed': 42, 'context': 0, 'write_output': True, 'log_zero': -1e+100, 'max_iter': 0, 'init_MPI': False, 'dump_callback': <bound method Pymultinest._dump_callback of <bilby.core.sampler.pymultinest.Pymultinest object at 0x1555159f5db0>>}
16:35 INFO    : Temporary directory incompatible with MPI, will run in original directory
16:35 INFO    : Using output file outdirBNSBu32cores/pm_AT170817/
16:35 INFO    : Single likelihood evaluation took 1.567e-01 s
16:35 WARNING : Supplied argument 'queue_size' not an argument of 'Pymultinest', removing.
16:35 WARNING : Supplied argument 'check_point_delta_t' not an argument of 'Pymultinest', removing.
16:35 INFO    : Using sampler Pymultinest with kwargs {'importance_nested_sampling': False, 'resume': True, 'verbose': True, 'sampling_efficiency': 'parameter', 'n_live_points': 2048, 'n_params': 4, 'n_clustering_params': None, 'wrapped_params': None, 'multimodal': True, 'const_efficiency_mode': False, 'evidence_tolerance': 0.5, 'n_iter_before_update': 100, 'null_log_evidence': -1e+90, 'max_modes': 100, 'mode_tolerance': -1e+90, 'seed': 42, 'context': 0, 'write_output': True, 'log_zero': -1e+100, 'max_iter': 0, 'init_MPI': False, 'dump_callback': <bound method Pymultinest._dump_callback of <bilby.core.sampler.pymultinest.Pymultinest object at 0x1554f39e60b0>>}
16:35 INFO    : Temporary directory incompatible with MPI, will run in original directory
16:35 INFO    : Using output file outdirBNSBu32cores/pm_AT170817/
16:35 INFO    : Single likelihood evaluation took 1.653e-01 s
16:35 WARNING : Supplied argument 'queue_size' not an argument of 'Pymultinest', removing.
16:35 WARNING : Supplied argument 'check_point_delta_t' not an argument of 'Pymultinest', removing.
16:35 INFO    : Using sampler Pymultinest with kwargs {'importance_nested_sampling': False, 'resume': True, 'verbose': True, 'sampling_efficiency': 'parameter', 'n_live_points': 2048, 'n_params': 4, 'n_clustering_params': None, 'wrapped_params': None, 'multimodal': True, 'const_efficiency_mode': False, 'evidence_tolerance': 0.5, 'n_iter_before_update': 100, 'null_log_evidence': -1e+90, 'max_modes': 100, 'mode_tolerance': -1e+90, 'seed': 42, 'context': 0, 'write_output': True, 'log_zero': -1e+100, 'max_iter': 0, 'init_MPI': False, 'dump_callback': <bound method Pymultinest._dump_callback of <bilby.core.sampler.pymultinest.Pymultinest object at 0x1554eec21ed0>>}
16:35 INFO    : Temporary directory incompatible with MPI, will run in original directory
16:35 INFO    : Using output file outdirBNSBu32cores/pm_AT170817/
16:35 INFO    : Single likelihood evaluation took 2.129e-01 s
16:35 WARNING : Supplied argument 'queue_size' not an argument of 'Pymultinest', removing.
16:35 WARNING : Supplied argument 'check_point_delta_t' not an argument of 'Pymultinest', removing.
16:35 INFO    : Using sampler Pymultinest with kwargs {'importance_nested_sampling': False, 'resume': True, 'verbose': True, 'sampling_efficiency': 'parameter', 'n_live_points': 2048, 'n_params': 4, 'n_clustering_params': None, 'wrapped_params': None, 'multimodal': True, 'const_efficiency_mode': False, 'evidence_tolerance': 0.5, 'n_iter_before_update': 100, 'null_log_evidence': -1e+90, 'max_modes': 100, 'mode_tolerance': -1e+90, 'seed': 42, 'context': 0, 'write_output': True, 'log_zero': -1e+100, 'max_iter': 0, 'init_MPI': False, 'dump_callback': <bound method Pymultinest._dump_callback of <bilby.core.sampler.pymultinest.Pymultinest object at 0x1554e6dae470>>}
16:35 INFO    : Temporary directory incompatible with MPI, will run in original directory
16:35 INFO    : Using output file outdirBNSBu32cores/pm_AT170817/
16:36 INFO    : Single likelihood evaluation took 2.591e-01 s
16:36 WARNING : Supplied argument 'queue_size' not an argument of 'Pymultinest', removing.
16:36 WARNING : Supplied argument 'check_point_delta_t' not an argument of 'Pymultinest', removing.
16:36 INFO    : Using sampler Pymultinest with kwargs {'importance_nested_sampling': False, 'resume': True, 'verbose': True, 'sampling_efficiency': 'parameter', 'n_live_points': 2048, 'n_params': 4, 'n_clustering_params': None, 'wrapped_params': None, 'multimodal': True, 'const_efficiency_mode': False, 'evidence_tolerance': 0.5, 'n_iter_before_update': 100, 'null_log_evidence': -1e+90, 'max_modes': 100, 'mode_tolerance': -1e+90, 'seed': 42, 'context': 0, 'write_output': True, 'log_zero': -1e+100, 'max_iter': 0, 'init_MPI': False, 'dump_callback': <bound method Pymultinest._dump_callback of <bilby.core.sampler.pymultinest.Pymultinest object at 0x1554e6dbdab0>>}
16:36 INFO    : Temporary directory incompatible with MPI, will run in original directory
16:36 INFO    : Using output file outdirBNSBu32cores/pm_AT170817/
16:36 INFO    : Single likelihood evaluation took 2.871e-01 s
16:36 INFO    : Single likelihood evaluation took 2.872e-01 s
16:36 INFO    : Single likelihood evaluation took 2.891e-01 s
16:36 WARNING : Supplied argument 'queue_size' not an argument of 'Pymultinest', removing.
16:36 WARNING : Supplied argument 'check_point_delta_t' not an argument of 'Pymultinest', removing.
16:36 INFO    : Using sampler Pymultinest with kwargs {'importance_nested_sampling': False, 'resume': True, 'verbose': True, 'sampling_efficiency': 'parameter', 'n_live_points': 2048, 'n_params': 4, 'n_clustering_params': None, 'wrapped_params': None, 'multimodal': True, 'const_efficiency_mode': False, 'evidence_tolerance': 0.5, 'n_iter_before_update': 100, 'null_log_evidence': -1e+90, 'max_modes': 100, 'mode_tolerance': -1e+90, 'seed': 42, 'context': 0, 'write_output': True, 'log_zero': -1e+100, 'max_iter': 0, 'init_MPI': False, 'dump_callback': <bound method Pymultinest._dump_callback of <bilby.core.sampler.pymultinest.Pymultinest object at 0x1554e6dba0b0>>}
16:36 INFO    : Temporary directory incompatible with MPI, will run in original directory
16:36 INFO    : Using output file outdirBNSBu32cores/pm_AT170817/
16:36 WARNING : Supplied argument 'queue_size' not an argument of 'Pymultinest', removing.
16:36 WARNING : Supplied argument 'check_point_delta_t' not an argument of 'Pymultinest', removing.
16:36 INFO    : Using sampler Pymultinest with kwargs {'importance_nested_sampling': False, 'resume': True, 'verbose': True, 'sampling_efficiency': 'parameter', 'n_live_points': 2048, 'n_params': 4, 'n_clustering_params': None, 'wrapped_params': None, 'multimodal': True, 'const_efficiency_mode': False, 'evidence_tolerance': 0.5, 'n_iter_before_update': 100, 'null_log_evidence': -1e+90, 'max_modes': 100, 'mode_tolerance': -1e+90, 'seed': 42, 'context': 0, 'write_output': True, 'log_zero': -1e+100, 'max_iter': 0, 'init_MPI': False, 'dump_callback': <bound method Pymultinest._dump_callback of <bilby.core.sampler.pymultinest.Pymultinest object at 0x1554e6db9e40>>}
16:36 INFO    : Temporary directory incompatible with MPI, will run in original directory
16:36 INFO    : Using output file outdirBNSBu32cores/pm_AT170817/
16:36 WARNING : Supplied argument 'queue_size' not an argument of 'Pymultinest', removing.
16:36 WARNING : Supplied argument 'check_point_delta_t' not an argument of 'Pymultinest', removing.
16:36 INFO    : Using sampler Pymultinest with kwargs {'importance_nested_sampling': False, 'resume': True, 'verbose': True, 'sampling_efficiency': 'parameter', 'n_live_points': 2048, 'n_params': 4, 'n_clustering_params': None, 'wrapped_params': None, 'multimodal': True, 'const_efficiency_mode': False, 'evidence_tolerance': 0.5, 'n_iter_before_update': 100, 'null_log_evidence': -1e+90, 'max_modes': 100, 'mode_tolerance': -1e+90, 'seed': 42, 'context': 0, 'write_output': True, 'log_zero': -1e+100, 'max_iter': 0, 'init_MPI': False, 'dump_callback': <bound method Pymultinest._dump_callback of <bilby.core.sampler.pymultinest.Pymultinest object at 0x1554e6db9cf0>>}
16:36 INFO    : Temporary directory incompatible with MPI, will run in original directory
16:36 INFO    : Using output file outdirBNSBu32cores/pm_AT170817/
16:36 INFO    : Single likelihood evaluation took 2.968e-01 s
16:36 INFO    : Single likelihood evaluation took 2.972e-01 s
16:36 WARNING : Supplied argument 'queue_size' not an argument of 'Pymultinest', removing.
16:36 WARNING : Supplied argument 'check_point_delta_t' not an argument of 'Pymultinest', removing.
16:36 INFO    : Using sampler Pymultinest with kwargs {'importance_nested_sampling': False, 'resume': True, 'verbose': True, 'sampling_efficiency': 'parameter', 'n_live_points': 2048, 'n_params': 4, 'n_clustering_params': None, 'wrapped_params': None, 'multimodal': True, 'const_efficiency_mode': False, 'evidence_tolerance': 0.5, 'n_iter_before_update': 100, 'null_log_evidence': -1e+90, 'max_modes': 100, 'mode_tolerance': -1e+90, 'seed': 42, 'context': 0, 'write_output': True, 'log_zero': -1e+100, 'max_iter': 0, 'init_MPI': False, 'dump_callback': <bound method Pymultinest._dump_callback of <bilby.core.sampler.pymultinest.Pymultinest object at 0x1554e6dba110>>}
16:36 INFO    : Temporary directory incompatible with MPI, will run in original directory
16:36 INFO    : Using output file outdirBNSBu32cores/pm_AT170817/
16:36 WARNING : Supplied argument 'queue_size' not an argument of 'Pymultinest', removing.
16:36 WARNING : Supplied argument 'check_point_delta_t' not an argument of 'Pymultinest', removing.
16:36 INFO    : Using sampler Pymultinest with kwargs {'importance_nested_sampling': False, 'resume': True, 'verbose': True, 'sampling_efficiency': 'parameter', 'n_live_points': 2048, 'n_params': 4, 'n_clustering_params': None, 'wrapped_params': None, 'multimodal': True, 'const_efficiency_mode': False, 'evidence_tolerance': 0.5, 'n_iter_before_update': 100, 'null_log_evidence': -1e+90, 'max_modes': 100, 'mode_tolerance': -1e+90, 'seed': 42, 'context': 0, 'write_output': True, 'log_zero': -1e+100, 'max_iter': 0, 'init_MPI': False, 'dump_callback': <bound method Pymultinest._dump_callback of <bilby.core.sampler.pymultinest.Pymultinest object at 0x1554e6dae740>>}
16:36 INFO    : Temporary directory incompatible with MPI, will run in original directory
16:36 INFO    : Using output file outdirBNSBu32cores/pm_AT170817/
16:36 INFO    : Single likelihood evaluation took 2.985e-01 s
16:36 WARNING : Supplied argument 'queue_size' not an argument of 'Pymultinest', removing.
16:36 WARNING : Supplied argument 'check_point_delta_t' not an argument of 'Pymultinest', removing.
16:36 INFO    : Using sampler Pymultinest with kwargs {'importance_nested_sampling': False, 'resume': True, 'verbose': True, 'sampling_efficiency': 'parameter', 'n_live_points': 2048, 'n_params': 4, 'n_clustering_params': None, 'wrapped_params': None, 'multimodal': True, 'const_efficiency_mode': False, 'evidence_tolerance': 0.5, 'n_iter_before_update': 100, 'null_log_evidence': -1e+90, 'max_modes': 100, 'mode_tolerance': -1e+90, 'seed': 42, 'context': 0, 'write_output': True, 'log_zero': -1e+100, 'max_iter': 0, 'init_MPI': False, 'dump_callback': <bound method Pymultinest._dump_callback of <bilby.core.sampler.pymultinest.Pymultinest object at 0x1554e6db23b0>>}
16:36 INFO    : Temporary directory incompatible with MPI, will run in original directory
16:36 INFO    : Using output file outdirBNSBu32cores/pm_AT170817/
16:36 INFO    : Single likelihood evaluation took 3.004e-01 s
16:36 INFO    : Single likelihood evaluation took 3.008e-01 s
16:36 INFO    : Single likelihood evaluation took 3.010e-01 s
16:36 WARNING : Supplied argument 'queue_size' not an argument of 'Pymultinest', removing.
16:36 WARNING : Supplied argument 'check_point_delta_t' not an argument of 'Pymultinest', removing.
16:36 INFO    : Using sampler Pymultinest with kwargs {'importance_nested_sampling': False, 'resume': True, 'verbose': True, 'sampling_efficiency': 'parameter', 'n_live_points': 2048, 'n_params': 4, 'n_clustering_params': None, 'wrapped_params': None, 'multimodal': True, 'const_efficiency_mode': False, 'evidence_tolerance': 0.5, 'n_iter_before_update': 100, 'null_log_evidence': -1e+90, 'max_modes': 100, 'mode_tolerance': -1e+90, 'seed': 42, 'context': 0, 'write_output': True, 'log_zero': -1e+100, 'max_iter': 0, 'init_MPI': False, 'dump_callback': <bound method Pymultinest._dump_callback of <bilby.core.sampler.pymultinest.Pymultinest object at 0x1554e6db22c0>>}
16:36 INFO    : Temporary directory incompatible with MPI, will run in original directory
16:36 INFO    : Using output file outdirBNSBu32cores/pm_AT170817/
16:36 WARNING : Supplied argument 'queue_size' not an argument of 'Pymultinest', removing.
16:36 WARNING : Supplied argument 'check_point_delta_t' not an argument of 'Pymultinest', removing.
16:36 INFO    : Using sampler Pymultinest with kwargs {'importance_nested_sampling': False, 'resume': True, 'verbose': True, 'sampling_efficiency': 'parameter', 'n_live_points': 2048, 'n_params': 4, 'n_clustering_params': None, 'wrapped_params': None, 'multimodal': True, 'const_efficiency_mode': False, 'evidence_tolerance': 0.5, 'n_iter_before_update': 100, 'null_log_evidence': -1e+90, 'max_modes': 100, 'mode_tolerance': -1e+90, 'seed': 42, 'context': 0, 'write_output': True, 'log_zero': -1e+100, 'max_iter': 0, 'init_MPI': False, 'dump_callback': <bound method Pymultinest._dump_callback of <bilby.core.sampler.pymultinest.Pymultinest object at 0x1554e6dae530>>}
16:36 INFO    : Temporary directory incompatible with MPI, will run in original directory
16:36 INFO    : Using output file outdirBNSBu32cores/pm_AT170817/
16:36 WARNING : Supplied argument 'queue_size' not an argument of 'Pymultinest', removing.
16:36 WARNING : Supplied argument 'check_point_delta_t' not an argument of 'Pymultinest', removing.
16:36 INFO    : Using sampler Pymultinest with kwargs {'importance_nested_sampling': False, 'resume': True, 'verbose': True, 'sampling_efficiency': 'parameter', 'n_live_points': 2048, 'n_params': 4, 'n_clustering_params': None, 'wrapped_params': None, 'multimodal': True, 'const_efficiency_mode': False, 'evidence_tolerance': 0.5, 'n_iter_before_update': 100, 'null_log_evidence': -1e+90, 'max_modes': 100, 'mode_tolerance': -1e+90, 'seed': 42, 'context': 0, 'write_output': True, 'log_zero': -1e+100, 'max_iter': 0, 'init_MPI': False, 'dump_callback': <bound method Pymultinest._dump_callback of <bilby.core.sampler.pymultinest.Pymultinest object at 0x1554e6db9ea0>>}
16:36 INFO    : Temporary directory incompatible with MPI, will run in original directory
16:36 INFO    : Using output file outdirBNSBu32cores/pm_AT170817/
16:36 INFO    : Single likelihood evaluation took 3.038e-01 s
16:36 INFO    : Single likelihood evaluation took 3.059e-01 s
16:36 WARNING : Supplied argument 'queue_size' not an argument of 'Pymultinest', removing.
16:36 WARNING : Supplied argument 'check_point_delta_t' not an argument of 'Pymultinest', removing.
16:36 INFO    : Using sampler Pymultinest with kwargs {'importance_nested_sampling': False, 'resume': True, 'verbose': True, 'sampling_efficiency': 'parameter', 'n_live_points': 2048, 'n_params': 4, 'n_clustering_params': None, 'wrapped_params': None, 'multimodal': True, 'const_efficiency_mode': False, 'evidence_tolerance': 0.5, 'n_iter_before_update': 100, 'null_log_evidence': -1e+90, 'max_modes': 100, 'mode_tolerance': -1e+90, 'seed': 42, 'context': 0, 'write_output': True, 'log_zero': -1e+100, 'max_iter': 0, 'init_MPI': False, 'dump_callback': <bound method Pymultinest._dump_callback of <bilby.core.sampler.pymultinest.Pymultinest object at 0x1554e6dae860>>}
16:36 INFO    : Temporary directory incompatible with MPI, will run in original directory
16:36 INFO    : Using output file outdirBNSBu32cores/pm_AT170817/
16:36 WARNING : Supplied argument 'queue_size' not an argument of 'Pymultinest', removing.
16:36 WARNING : Supplied argument 'check_point_delta_t' not an argument of 'Pymultinest', removing.
16:36 INFO    : Using sampler Pymultinest with kwargs {'importance_nested_sampling': False, 'resume': True, 'verbose': True, 'sampling_efficiency': 'parameter', 'n_live_points': 2048, 'n_params': 4, 'n_clustering_params': None, 'wrapped_params': None, 'multimodal': True, 'const_efficiency_mode': False, 'evidence_tolerance': 0.5, 'n_iter_before_update': 100, 'null_log_evidence': -1e+90, 'max_modes': 100, 'mode_tolerance': -1e+90, 'seed': 42, 'context': 0, 'write_output': True, 'log_zero': -1e+100, 'max_iter': 0, 'init_MPI': False, 'dump_callback': <bound method Pymultinest._dump_callback of <bilby.core.sampler.pymultinest.Pymultinest object at 0x1554f60c9d20>>}
16:36 INFO    : Temporary directory incompatible with MPI, will run in original directory
16:36 INFO    : Using output file outdirBNSBu32cores/pm_AT170817/
16:36 INFO    : Single likelihood evaluation took 3.113e-01 s
16:36 INFO    : Single likelihood evaluation took 3.113e-01 s
16:36 INFO    : Single likelihood evaluation took 3.113e-01 s
16:36 INFO    : Single likelihood evaluation took 3.113e-01 s
16:36 WARNING : Supplied argument 'queue_size' not an argument of 'Pymultinest', removing.
16:36 WARNING : Supplied argument 'check_point_delta_t' not an argument of 'Pymultinest', removing.
16:36 INFO    : Using sampler Pymultinest with kwargs {'importance_nested_sampling': False, 'resume': True, 'verbose': True, 'sampling_efficiency': 'parameter', 'n_live_points': 2048, 'n_params': 4, 'n_clustering_params': None, 'wrapped_params': None, 'multimodal': True, 'const_efficiency_mode': False, 'evidence_tolerance': 0.5, 'n_iter_before_update': 100, 'null_log_evidence': -1e+90, 'max_modes': 100, 'mode_tolerance': -1e+90, 'seed': 42, 'context': 0, 'write_output': True, 'log_zero': -1e+100, 'max_iter': 0, 'init_MPI': False, 'dump_callback': <bound method Pymultinest._dump_callback of <bilby.core.sampler.pymultinest.Pymultinest object at 0x1554e6db9e70>>}
16:36 WARNING : Supplied argument 'queue_size' not an argument of 'Pymultinest', removing.
16:36 INFO    : Temporary directory incompatible with MPI, will run in original directory
16:36 WARNING : Supplied argument 'queue_size' not an argument of 'Pymultinest', removing.
16:36 WARNING : Supplied argument 'check_point_delta_t' not an argument of 'Pymultinest', removing.
16:36 WARNING : Supplied argument 'check_point_delta_t' not an argument of 'Pymultinest', removing.
16:36 INFO    : Using sampler Pymultinest with kwargs {'importance_nested_sampling': False, 'resume': True, 'verbose': True, 'sampling_efficiency': 'parameter', 'n_live_points': 2048, 'n_params': 4, 'n_clustering_params': None, 'wrapped_params': None, 'multimodal': True, 'const_efficiency_mode': False, 'evidence_tolerance': 0.5, 'n_iter_before_update': 100, 'null_log_evidence': -1e+90, 'max_modes': 100, 'mode_tolerance': -1e+90, 'seed': 42, 'context': 0, 'write_output': True, 'log_zero': -1e+100, 'max_iter': 0, 'init_MPI': False, 'dump_callback': <bound method Pymultinest._dump_callback of <bilby.core.sampler.pymultinest.Pymultinest object at 0x1554e6dae6b0>>}
16:36 INFO    : Using output file outdirBNSBu32cores/pm_AT170817/
16:36 INFO    : Using sampler Pymultinest with kwargs {'importance_nested_sampling': False, 'resume': True, 'verbose': True, 'sampling_efficiency': 'parameter', 'n_live_points': 2048, 'n_params': 4, 'n_clustering_params': None, 'wrapped_params': None, 'multimodal': True, 'const_efficiency_mode': False, 'evidence_tolerance': 0.5, 'n_iter_before_update': 100, 'null_log_evidence': -1e+90, 'max_modes': 100, 'mode_tolerance': -1e+90, 'seed': 42, 'context': 0, 'write_output': True, 'log_zero': -1e+100, 'max_iter': 0, 'init_MPI': False, 'dump_callback': <bound method Pymultinest._dump_callback of <bilby.core.sampler.pymultinest.Pymultinest object at 0x1554e6dae770>>}
16:36 INFO    : Temporary directory incompatible with MPI, will run in original directory
16:36 INFO    : Temporary directory incompatible with MPI, will run in original directory
16:36 WARNING : Supplied argument 'queue_size' not an argument of 'Pymultinest', removing.
16:36 WARNING : Supplied argument 'check_point_delta_t' not an argument of 'Pymultinest', removing.
16:36 INFO    : Using output file outdirBNSBu32cores/pm_AT170817/
16:36 INFO    : Using output file outdirBNSBu32cores/pm_AT170817/
16:36 INFO    : Using sampler Pymultinest with kwargs {'importance_nested_sampling': False, 'resume': True, 'verbose': True, 'sampling_efficiency': 'parameter', 'n_live_points': 2048, 'n_params': 4, 'n_clustering_params': None, 'wrapped_params': None, 'multimodal': True, 'const_efficiency_mode': False, 'evidence_tolerance': 0.5, 'n_iter_before_update': 100, 'null_log_evidence': -1e+90, 'max_modes': 100, 'mode_tolerance': -1e+90, 'seed': 42, 'context': 0, 'write_output': True, 'log_zero': -1e+100, 'max_iter': 0, 'init_MPI': False, 'dump_callback': <bound method Pymultinest._dump_callback of <bilby.core.sampler.pymultinest.Pymultinest object at 0x1554e6db9f00>>}
16:36 INFO    : Temporary directory incompatible with MPI, will run in original directory
16:36 INFO    : Using output file outdirBNSBu32cores/pm_AT170817/
16:36 INFO    : Single likelihood evaluation took 3.251e-01 s
16:36 INFO    : Single likelihood evaluation took 3.255e-01 s
16:36 INFO    : Single likelihood evaluation took 3.271e-01 s
16:36 WARNING : Supplied argument 'queue_size' not an argument of 'Pymultinest', removing.
16:36 WARNING : Supplied argument 'check_point_delta_t' not an argument of 'Pymultinest', removing.
16:36 INFO    : Using sampler Pymultinest with kwargs {'importance_nested_sampling': False, 'resume': True, 'verbose': True, 'sampling_efficiency': 'parameter', 'n_live_points': 2048, 'n_params': 4, 'n_clustering_params': None, 'wrapped_params': None, 'multimodal': True, 'const_efficiency_mode': False, 'evidence_tolerance': 0.5, 'n_iter_before_update': 100, 'null_log_evidence': -1e+90, 'max_modes': 100, 'mode_tolerance': -1e+90, 'seed': 42, 'context': 0, 'write_output': True, 'log_zero': -1e+100, 'max_iter': 0, 'init_MPI': False, 'dump_callback': <bound method Pymultinest._dump_callback of <bilby.core.sampler.pymultinest.Pymultinest object at 0x1554f39e6110>>}
16:36 INFO    : Temporary directory incompatible with MPI, will run in original directory
16:36 INFO    : Using output file outdirBNSBu32cores/pm_AT170817/
16:36 WARNING : Supplied argument 'queue_size' not an argument of 'Pymultinest', removing.
16:36 WARNING : Supplied argument 'check_point_delta_t' not an argument of 'Pymultinest', removing.
16:36 INFO    : Using sampler Pymultinest with kwargs {'importance_nested_sampling': False, 'resume': True, 'verbose': True, 'sampling_efficiency': 'parameter', 'n_live_points': 2048, 'n_params': 4, 'n_clustering_params': None, 'wrapped_params': None, 'multimodal': True, 'const_efficiency_mode': False, 'evidence_tolerance': 0.5, 'n_iter_before_update': 100, 'null_log_evidence': -1e+90, 'max_modes': 100, 'mode_tolerance': -1e+90, 'seed': 42, 'context': 0, 'write_output': True, 'log_zero': -1e+100, 'max_iter': 0, 'init_MPI': False, 'dump_callback': <bound method Pymultinest._dump_callback of <bilby.core.sampler.pymultinest.Pymultinest object at 0x1554f39da5c0>>}
16:36 INFO    : Temporary directory incompatible with MPI, will run in original directory
16:36 INFO    : Using output file outdirBNSBu32cores/pm_AT170817/
16:36 WARNING : Supplied argument 'queue_size' not an argument of 'Pymultinest', removing.
16:36 WARNING : Supplied argument 'check_point_delta_t' not an argument of 'Pymultinest', removing.
16:36 INFO    : Using sampler Pymultinest with kwargs {'importance_nested_sampling': False, 'resume': True, 'verbose': True, 'sampling_efficiency': 'parameter', 'n_live_points': 2048, 'n_params': 4, 'n_clustering_params': None, 'wrapped_params': None, 'multimodal': True, 'const_efficiency_mode': False, 'evidence_tolerance': 0.5, 'n_iter_before_update': 100, 'null_log_evidence': -1e+90, 'max_modes': 100, 'mode_tolerance': -1e+90, 'seed': 42, 'context': 0, 'write_output': True, 'log_zero': -1e+100, 'max_iter': 0, 'init_MPI': False, 'dump_callback': <bound method Pymultinest._dump_callback of <bilby.core.sampler.pymultinest.Pymultinest object at 0x1554f39de320>>}
16:36 INFO    : Temporary directory incompatible with MPI, will run in original directory
16:36 INFO    : Using output file outdirBNSBu32cores/pm_AT170817/
16:36 INFO    : Single likelihood evaluation took 3.308e-01 s
16:36 INFO    : Single likelihood evaluation took 3.311e-01 s
16:36 INFO    : Single likelihood evaluation took 3.324e-01 s
16:36 WARNING : Supplied argument 'queue_size' not an argument of 'Pymultinest', removing.
16:36 WARNING : Supplied argument 'check_point_delta_t' not an argument of 'Pymultinest', removing.
16:36 INFO    : Using sampler Pymultinest with kwargs {'importance_nested_sampling': False, 'resume': True, 'verbose': True, 'sampling_efficiency': 'parameter', 'n_live_points': 2048, 'n_params': 4, 'n_clustering_params': None, 'wrapped_params': None, 'multimodal': True, 'const_efficiency_mode': False, 'evidence_tolerance': 0.5, 'n_iter_before_update': 100, 'null_log_evidence': -1e+90, 'max_modes': 100, 'mode_tolerance': -1e+90, 'seed': 42, 'context': 0, 'write_output': True, 'log_zero': -1e+100, 'max_iter': 0, 'init_MPI': False, 'dump_callback': <bound method Pymultinest._dump_callback of <bilby.core.sampler.pymultinest.Pymultinest object at 0x1554f39de2f0>>}
16:36 INFO    : Temporary directory incompatible with MPI, will run in original directory
16:36 INFO    : Using output file outdirBNSBu32cores/pm_AT170817/
16:36 INFO    : Single likelihood evaluation took 3.326e-01 s
16:36 WARNING : Supplied argument 'queue_size' not an argument of 'Pymultinest', removing.
16:36 WARNING : Supplied argument 'check_point_delta_t' not an argument of 'Pymultinest', removing.
16:36 INFO    : Using sampler Pymultinest with kwargs {'importance_nested_sampling': False, 'resume': True, 'verbose': True, 'sampling_efficiency': 'parameter', 'n_live_points': 2048, 'n_params': 4, 'n_clustering_params': None, 'wrapped_params': None, 'multimodal': True, 'const_efficiency_mode': False, 'evidence_tolerance': 0.5, 'n_iter_before_update': 100, 'null_log_evidence': -1e+90, 'max_modes': 100, 'mode_tolerance': -1e+90, 'seed': 42, 'context': 0, 'write_output': True, 'log_zero': -1e+100, 'max_iter': 0, 'init_MPI': False, 'dump_callback': <bound method Pymultinest._dump_callback of <bilby.core.sampler.pymultinest.Pymultinest object at 0x1554f60ca020>>}
16:36 INFO    : Temporary directory incompatible with MPI, will run in original directory
16:36 INFO    : Using output file outdirBNSBu32cores/pm_AT170817/
16:36 WARNING : Supplied argument 'queue_size' not an argument of 'Pymultinest', removing.
16:36 WARNING : Supplied argument 'check_point_delta_t' not an argument of 'Pymultinest', removing.
16:36 INFO    : Using sampler Pymultinest with kwargs {'importance_nested_sampling': False, 'resume': True, 'verbose': True, 'sampling_efficiency': 'parameter', 'n_live_points': 2048, 'n_params': 4, 'n_clustering_params': None, 'wrapped_params': None, 'multimodal': True, 'const_efficiency_mode': False, 'evidence_tolerance': 0.5, 'n_iter_before_update': 100, 'null_log_evidence': -1e+90, 'max_modes': 100, 'mode_tolerance': -1e+90, 'seed': 42, 'context': 0, 'write_output': True, 'log_zero': -1e+100, 'max_iter': 0, 'init_MPI': False, 'dump_callback': <bound method Pymultinest._dump_callback of <bilby.core.sampler.pymultinest.Pymultinest object at 0x1554f39e5f30>>}
16:36 INFO    : Temporary directory incompatible with MPI, will run in original directory
16:36 INFO    : Using output file outdirBNSBu32cores/pm_AT170817/
16:36 WARNING : Supplied argument 'queue_size' not an argument of 'Pymultinest', removing.
16:36 WARNING : Supplied argument 'check_point_delta_t' not an argument of 'Pymultinest', removing.
16:36 INFO    : Using sampler Pymultinest with kwargs {'importance_nested_sampling': False, 'resume': True, 'verbose': True, 'sampling_efficiency': 'parameter', 'n_live_points': 2048, 'n_params': 4, 'n_clustering_params': None, 'wrapped_params': None, 'multimodal': True, 'const_efficiency_mode': False, 'evidence_tolerance': 0.5, 'n_iter_before_update': 100, 'null_log_evidence': -1e+90, 'max_modes': 100, 'mode_tolerance': -1e+90, 'seed': 42, 'context': 0, 'write_output': True, 'log_zero': -1e+100, 'max_iter': 0, 'init_MPI': False, 'dump_callback': <bound method Pymultinest._dump_callback of <bilby.core.sampler.pymultinest.Pymultinest object at 0x1554f39e5ff0>>}
16:36 INFO    : Temporary directory incompatible with MPI, will run in original directory
16:36 INFO    : Using output file outdirBNSBu32cores/pm_AT170817/
16:52 INFO    : Sampling time: 0:16:04.517690
16:52 INFO    : Sampling time: 0:16:23.912199
16:52 INFO    : Sampling time: 0:16:23.912084
16:52 INFO    : Sampling time: 0:16:06.076551
16:52 INFO    : Sampling time: 0:16:04.645813
16:52 INFO    : Sampling time: 0:16:04.635866
16:52 INFO    : Sampling time: 0:16:04.676154
16:52 INFO    : Sampling time: 0:16:25.335826
16:52 INFO    : Sampling time: 0:16:03.696150
16:52 INFO    : Sampling time: 0:16:03.694626
16:52 INFO    : Sampling time: 0:16:03.695536
16:52 INFO    : Sampling time: 0:16:03.695600
16:52 INFO    : Sampling time: 0:16:19.378496
16:52 INFO    : Sampling time: 0:16:13.612272
16:52 INFO    : Sampling time: 0:16:05.192648
16:52 INFO    : Sampling time: 0:16:18.330893
16:52 INFO    : Sampling time: 0:16:05.086052
16:52 INFO    : Sampling time: 0:16:05.159617
16:52 INFO    : Sampling time: 0:16:09.094419
16:52 INFO    : Sampling time: 0:16:21.493172
16:52 INFO    : Sampling time: 0:16:21.416562
16:52 INFO    : Sampling time: 0:16:05.989164
16:52 INFO    : Sampling time: 0:16:06.066040
16:52 INFO    : Sampling time: 0:16:23.104421
16:52 INFO    : Sampling time: 0:16:02.198699
16:52 INFO    : Sampling time: 0:16:02.131287
16:52 INFO    : Sampling time: 0:16:01.616559
16:52 INFO    : Sampling time: 0:16:01.710564
16:52 INFO    : Sampling time: 0:16:01.629717
16:52 INFO    : Sampling time: 0:16:01.728669
16:52 INFO    : Sampling time: 0:16:04.324193
16:52 INFO    : Sampling time: 0:16:02.231261
16:52 ERROR   : 

Saving the data has failed with the following message:
[Errno 116] Stale file handle
Data has been dumped to outdirBNSBu32cores/AT170817_result.pkl.


16:52 INFO    : Summary of results:
nsamples: 10209
ln_noise_evidence:  0.000
ln_evidence: -260.692 +/-  0.080
ln_bayes_factor: -260.692 +/-  0.080

16:52 INFO    : Writing samples file to /home/thussenot/kilonovae-H0/170817/Bu2019_40Mpc/01mag/outdirBNSBu32cores/AT170817_posterior_samples.dat
16:52 INFO    : Summary of results:
nsamples: 10209
ln_noise_evidence:  0.000
ln_evidence: -260.692 +/-  0.080
ln_bayes_factor: -260.692 +/-  0.080

16:52 INFO    : Writing samples file to /home/thussenot/kilonovae-H0/170817/Bu2019_40Mpc/01mag/outdirBNSBu32cores/AT170817_posterior_samples.dat
16:52 INFO    : Summary of results:
nsamples: 10209
ln_noise_evidence:  0.000
ln_evidence: -260.692 +/-  0.080
ln_bayes_factor: -260.692 +/-  0.080

16:52 INFO    : Writing samples file to /home/thussenot/kilonovae-H0/170817/Bu2019_40Mpc/01mag/outdirBNSBu32cores/AT170817_posterior_samples.dat
16:52 INFO    : Summary of results:
nsamples: 10209
ln_noise_evidence:  0.000
ln_evidence: -260.692 +/-  0.080
ln_bayes_factor: -260.692 +/-  0.080

16:52 INFO    : Writing samples file to /home/thussenot/kilonovae-H0/170817/Bu2019_40Mpc/01mag/outdirBNSBu32cores/AT170817_posterior_samples.dat
16:52 INFO    : Summary of results:
nsamples: 10209
ln_noise_evidence:  0.000
ln_evidence: -260.692 +/-  0.080
ln_bayes_factor: -260.692 +/-  0.080

16:52 INFO    : Writing samples file to /home/thussenot/kilonovae-H0/170817/Bu2019_40Mpc/01mag/outdirBNSBu32cores/AT170817_posterior_samples.dat
16:52 INFO    : Summary of results:
nsamples: 10209
ln_noise_evidence:  0.000
ln_evidence: -260.692 +/-  0.080
ln_bayes_factor: -260.692 +/-  0.080

16:52 INFO    : Writing samples file to /home/thussenot/kilonovae-H0/170817/Bu2019_40Mpc/01mag/outdirBNSBu32cores/AT170817_posterior_samples.dat
16:52 INFO    : Summary of results:
nsamples: 10209
ln_noise_evidence:  0.000
ln_evidence: -260.692 +/-  0.080
ln_bayes_factor: -260.692 +/-  0.080

16:52 INFO    : Writing samples file to /home/thussenot/kilonovae-H0/170817/Bu2019_40Mpc/01mag/outdirBNSBu32cores/AT170817_posterior_samples.dat
16:52 INFO    : Summary of results:
nsamples: 10209
ln_noise_evidence:  0.000
ln_evidence: -260.692 +/-  0.080
ln_bayes_factor: -260.692 +/-  0.080

16:52 INFO    : Writing samples file to /home/thussenot/kilonovae-H0/170817/Bu2019_40Mpc/01mag/outdirBNSBu32cores/AT170817_posterior_samples.dat
16:52 INFO    : Summary of results:
nsamples: 10209
ln_noise_evidence:  0.000
ln_evidence: -260.692 +/-  0.080
ln_bayes_factor: -260.692 +/-  0.080

16:52 INFO    : Writing samples file to /home/thussenot/kilonovae-H0/170817/Bu2019_40Mpc/01mag/outdirBNSBu32cores/AT170817_posterior_samples.dat
16:52 INFO    : Summary of results:
nsamples: 10209
ln_noise_evidence:  0.000
ln_evidence: -260.692 +/-  0.080
ln_bayes_factor: -260.692 +/-  0.080

16:52 INFO    : Writing samples file to /home/thussenot/kilonovae-H0/170817/Bu2019_40Mpc/01mag/outdirBNSBu32cores/AT170817_posterior_samples.dat
16:52 INFO    : Summary of results:
nsamples: 10209
ln_noise_evidence:  0.000
ln_evidence: -260.692 +/-  0.080
ln_bayes_factor: -260.692 +/-  0.080

16:52 INFO    : Writing samples file to /home/thussenot/kilonovae-H0/170817/Bu2019_40Mpc/01mag/outdirBNSBu32cores/AT170817_posterior_samples.dat
16:52 INFO    : Summary of results:
nsamples: 10209
ln_noise_evidence:  0.000
ln_evidence: -260.692 +/-  0.080
ln_bayes_factor: -260.692 +/-  0.080

16:52 INFO    : Writing samples file to /home/thussenot/kilonovae-H0/170817/Bu2019_40Mpc/01mag/outdirBNSBu32cores/AT170817_posterior_samples.dat
01:02 INFO    : Running for label 'AT170817', output will be saved to 'outdirBNSBu32cores'
01:02 INFO    : Analysis priors:
01:02 INFO    : KNphi=Uniform(minimum=15.0, maximum=75.0, name='KNphi', latex_label='$\\Phi$', unit=None, boundary=None)
01:02 INFO    : log10_mej_dyn=Uniform(minimum=-3.0, maximum=-1.0, name='log10_mej_dyn', latex_label='$\\log_{10}M^{\\rm{dyn}}_{\\rm{ej}}$', unit=None, boundary='reflective')
01:02 INFO    : log10_mej_wind=Uniform(minimum=-3.0, maximum=-0.5, name='log10_mej_wind', latex_label='$\\log_{10}M^{\\rm{wind}}_{\\rm{ej}}$', unit=None, boundary='reflective')
01:02 INFO    : inclination_EM=Sine(minimum=0.0, maximum=1.5707963267948966, name='inclination_EM', latex_label='$\\iota$', unit=None, boundary=None)
01:02 INFO    : luminosity_distance=40.0
01:02 INFO    : timeshift=0.0
01:02 INFO    : em_syserr=0.1
01:02 INFO    : Ebv=0.0
01:02 INFO    : Analysis likelihood class: <class 'nmma.em.likelihood.OpticalLightCurve'>
01:02 INFO    : Analysis likelihood noise evidence: 0.0
01:02 INFO    : Single likelihood evaluation took 8.143e-02 s
01:02 WARNING : Supplied argument 'queue_size' not an argument of 'Pymultinest', removing.
01:02 WARNING : Supplied argument 'check_point_delta_t' not an argument of 'Pymultinest', removing.
01:02 WARNING : Using cached result
01:02 INFO    : Summary of results:
nsamples: 10209
ln_noise_evidence:  0.000
ln_evidence: -260.692 +/-  0.080
ln_bayes_factor: -260.692 +/-  0.080

01:02 INFO    : Writing samples file to /home/thussenot/kilonovae-H0/170817/Bu2019_40Mpc/01mag/outdirBNSBu32cores/AT170817_posterior_samples.dat
