03:57 INFO    : Running for label 'InjectionRecoveryIterations', output will be saved to 'outdirBNSBu32cores'
03:57 INFO    : Running for label 'InjectionRecoveryIterations', output will be saved to 'outdirBNSBu32cores'
03:57 INFO    : Running for label 'InjectionRecoveryIterations', output will be saved to 'outdirBNSBu32cores'
03:57 INFO    : Running for label 'InjectionRecoveryIterations', output will be saved to 'outdirBNSBu32cores'
03:57 INFO    : Running for label 'InjectionRecoveryIterations', output will be saved to 'outdirBNSBu32cores'
03:57 INFO    : Running for label 'InjectionRecoveryIterations', output will be saved to 'outdirBNSBu32cores'
03:57 INFO    : Running for label 'InjectionRecoveryIterations', output will be saved to 'outdirBNSBu32cores'
03:57 INFO    : Running for label 'InjectionRecoveryIterations', output will be saved to 'outdirBNSBu32cores'
03:57 INFO    : Running for label 'InjectionRecoveryIterations', output will be saved to 'outdirBNSBu32cores'
03:57 INFO    : Running for label 'InjectionRecoveryIterations', output will be saved to 'outdirBNSBu32cores'
03:57 INFO    : Running for label 'InjectionRecoveryIterations', output will be saved to 'outdirBNSBu32cores'
03:57 INFO    : Running for label 'InjectionRecoveryIterations', output will be saved to 'outdirBNSBu32cores'
03:57 INFO    : Running for label 'InjectionRecoveryIterations', output will be saved to 'outdirBNSBu32cores'
03:57 INFO    : Running for label 'InjectionRecoveryIterations', output will be saved to 'outdirBNSBu32cores'
03:57 INFO    : Running for label 'InjectionRecoveryIterations', output will be saved to 'outdirBNSBu32cores'
03:57 INFO    : Running for label 'InjectionRecoveryIterations', output will be saved to 'outdirBNSBu32cores'
03:57 INFO    : Running for label 'InjectionRecoveryIterations', output will be saved to 'outdirBNSBu32cores'
03:57 INFO    : Running for label 'InjectionRecoveryIterations', output will be saved to 'outdirBNSBu32cores'
03:57 INFO    : Running for label 'InjectionRecoveryIterations', output will be saved to 'outdirBNSBu32cores'
03:57 INFO    : Running for label 'InjectionRecoveryIterations', output will be saved to 'outdirBNSBu32cores'
03:57 INFO    : Running for label 'InjectionRecoveryIterations', output will be saved to 'outdirBNSBu32cores'
03:57 INFO    : Running for label 'InjectionRecoveryIterations', output will be saved to 'outdirBNSBu32cores'
03:57 INFO    : Running for label 'InjectionRecoveryIterations', output will be saved to 'outdirBNSBu32cores'
03:57 INFO    : Running for label 'InjectionRecoveryIterations', output will be saved to 'outdirBNSBu32cores'
03:57 INFO    : Running for label 'InjectionRecoveryIterations', output will be saved to 'outdirBNSBu32cores'
03:57 INFO    : Running for label 'InjectionRecoveryIterations', output will be saved to 'outdirBNSBu32cores'
03:57 INFO    : Running for label 'InjectionRecoveryIterations', output will be saved to 'outdirBNSBu32cores'
03:57 INFO    : Running for label 'InjectionRecoveryIterations', output will be saved to 'outdirBNSBu32cores'
03:57 INFO    : Running for label 'InjectionRecoveryIterations', output will be saved to 'outdirBNSBu32cores'
03:57 INFO    : Running for label 'InjectionRecoveryIterations', output will be saved to 'outdirBNSBu32cores'
03:57 INFO    : Running for label 'InjectionRecoveryIterations', output will be saved to 'outdirBNSBu32cores'
03:57 INFO    : Running for label 'InjectionRecoveryIterations', output will be saved to 'outdirBNSBu32cores'
03:57 INFO    : Analysis priors:
03:57 INFO    : Analysis priors:
03:57 INFO    : Analysis priors:
03:57 INFO    : Analysis priors:
03:57 INFO    : Analysis priors:
03:57 INFO    : Analysis priors:
03:57 INFO    : Analysis priors:
03:57 INFO    : Analysis priors:
03:57 INFO    : Analysis priors:
03:57 INFO    : Analysis priors:
03:57 INFO    : Analysis priors:
03:57 INFO    : KNphi=Uniform(minimum=15.0, maximum=75.0, name='KNphi', latex_label='$\\Phi$', unit=None, boundary=None)
03:57 INFO    : Analysis priors:
03:57 INFO    : Analysis priors:
03:57 INFO    : Analysis priors:
03:57 INFO    : Analysis priors:
03:57 INFO    : Analysis priors:
03:57 INFO    : Analysis priors:
03:57 INFO    : Analysis priors:
03:57 INFO    : Analysis priors:
03:57 INFO    : Analysis priors:
03:57 INFO    : Analysis priors:
03:57 INFO    : KNphi=Uniform(minimum=15.0, maximum=75.0, name='KNphi', latex_label='$\\Phi$', unit=None, boundary=None)
03:57 INFO    : KNphi=Uniform(minimum=15.0, maximum=75.0, name='KNphi', latex_label='$\\Phi$', unit=None, boundary=None)
03:57 INFO    : KNphi=Uniform(minimum=15.0, maximum=75.0, name='KNphi', latex_label='$\\Phi$', unit=None, boundary=None)
03:57 INFO    : Analysis priors:
03:57 INFO    : KNphi=Uniform(minimum=15.0, maximum=75.0, name='KNphi', latex_label='$\\Phi$', unit=None, boundary=None)
03:57 INFO    : KNphi=Uniform(minimum=15.0, maximum=75.0, name='KNphi', latex_label='$\\Phi$', unit=None, boundary=None)
03:57 INFO    : KNphi=Uniform(minimum=15.0, maximum=75.0, name='KNphi', latex_label='$\\Phi$', unit=None, boundary=None)
03:57 INFO    : KNphi=Uniform(minimum=15.0, maximum=75.0, name='KNphi', latex_label='$\\Phi$', unit=None, boundary=None)
03:57 INFO    : Analysis priors:
03:57 INFO    : Analysis priors:
03:57 INFO    : Analysis priors:
03:57 INFO    : KNphi=Uniform(minimum=15.0, maximum=75.0, name='KNphi', latex_label='$\\Phi$', unit=None, boundary=None)
03:57 INFO    : log10_mej_dyn=Uniform(minimum=-3.0, maximum=-1.0, name='log10_mej_dyn', latex_label='$\\log_{10}M^{\\rm{dyn}}_{\\rm{ej}}$', unit=None, boundary='reflective')
03:57 INFO    : Analysis priors:
03:57 INFO    : Analysis priors:
03:57 INFO    : Analysis priors:
03:57 INFO    : Analysis priors:
03:57 INFO    : Analysis priors:
03:57 INFO    : log10_mej_dyn=Uniform(minimum=-3.0, maximum=-1.0, name='log10_mej_dyn', latex_label='$\\log_{10}M^{\\rm{dyn}}_{\\rm{ej}}$', unit=None, boundary='reflective')
03:57 INFO    : log10_mej_dyn=Uniform(minimum=-3.0, maximum=-1.0, name='log10_mej_dyn', latex_label='$\\log_{10}M^{\\rm{dyn}}_{\\rm{ej}}$', unit=None, boundary='reflective')
03:57 INFO    : KNphi=Uniform(minimum=15.0, maximum=75.0, name='KNphi', latex_label='$\\Phi$', unit=None, boundary=None)
03:57 INFO    : KNphi=Uniform(minimum=15.0, maximum=75.0, name='KNphi', latex_label='$\\Phi$', unit=None, boundary=None)
03:57 INFO    : KNphi=Uniform(minimum=15.0, maximum=75.0, name='KNphi', latex_label='$\\Phi$', unit=None, boundary=None)
03:57 INFO    : log10_mej_dyn=Uniform(minimum=-3.0, maximum=-1.0, name='log10_mej_dyn', latex_label='$\\log_{10}M^{\\rm{dyn}}_{\\rm{ej}}$', unit=None, boundary='reflective')
03:57 INFO    : KNphi=Uniform(minimum=15.0, maximum=75.0, name='KNphi', latex_label='$\\Phi$', unit=None, boundary=None)
03:57 INFO    : log10_mej_dyn=Uniform(minimum=-3.0, maximum=-1.0, name='log10_mej_dyn', latex_label='$\\log_{10}M^{\\rm{dyn}}_{\\rm{ej}}$', unit=None, boundary='reflective')
03:57 INFO    : log10_mej_dyn=Uniform(minimum=-3.0, maximum=-1.0, name='log10_mej_dyn', latex_label='$\\log_{10}M^{\\rm{dyn}}_{\\rm{ej}}$', unit=None, boundary='reflective')
03:57 INFO    : log10_mej_dyn=Uniform(minimum=-3.0, maximum=-1.0, name='log10_mej_dyn', latex_label='$\\log_{10}M^{\\rm{dyn}}_{\\rm{ej}}$', unit=None, boundary='reflective')
03:57 INFO    : KNphi=Uniform(minimum=15.0, maximum=75.0, name='KNphi', latex_label='$\\Phi$', unit=None, boundary=None)
03:57 INFO    : log10_mej_dyn=Uniform(minimum=-3.0, maximum=-1.0, name='log10_mej_dyn', latex_label='$\\log_{10}M^{\\rm{dyn}}_{\\rm{ej}}$', unit=None, boundary='reflective')
03:57 INFO    : KNphi=Uniform(minimum=15.0, maximum=75.0, name='KNphi', latex_label='$\\Phi$', unit=None, boundary=None)
03:57 INFO    : KNphi=Uniform(minimum=15.0, maximum=75.0, name='KNphi', latex_label='$\\Phi$', unit=None, boundary=None)
03:57 INFO    : log10_mej_wind=Uniform(minimum=-3.0, maximum=-0.5, name='log10_mej_wind', latex_label='$\\log_{10}M^{\\rm{wind}}_{\\rm{ej}}$', unit=None, boundary='reflective')
03:57 INFO    : log10_mej_wind=Uniform(minimum=-3.0, maximum=-0.5, name='log10_mej_wind', latex_label='$\\log_{10}M^{\\rm{wind}}_{\\rm{ej}}$', unit=None, boundary='reflective')
03:57 INFO    : log10_mej_dyn=Uniform(minimum=-3.0, maximum=-1.0, name='log10_mej_dyn', latex_label='$\\log_{10}M^{\\rm{dyn}}_{\\rm{ej}}$', unit=None, boundary='reflective')
03:57 INFO    : log10_mej_wind=Uniform(minimum=-3.0, maximum=-0.5, name='log10_mej_wind', latex_label='$\\log_{10}M^{\\rm{wind}}_{\\rm{ej}}$', unit=None, boundary='reflective')
03:57 INFO    : log10_mej_dyn=Uniform(minimum=-3.0, maximum=-1.0, name='log10_mej_dyn', latex_label='$\\log_{10}M^{\\rm{dyn}}_{\\rm{ej}}$', unit=None, boundary='reflective')
03:57 INFO    : log10_mej_dyn=Uniform(minimum=-3.0, maximum=-1.0, name='log10_mej_dyn', latex_label='$\\log_{10}M^{\\rm{dyn}}_{\\rm{ej}}$', unit=None, boundary='reflective')
03:57 INFO    : log10_mej_wind=Uniform(minimum=-3.0, maximum=-0.5, name='log10_mej_wind', latex_label='$\\log_{10}M^{\\rm{wind}}_{\\rm{ej}}$', unit=None, boundary='reflective')
03:57 INFO    : log10_mej_wind=Uniform(minimum=-3.0, maximum=-0.5, name='log10_mej_wind', latex_label='$\\log_{10}M^{\\rm{wind}}_{\\rm{ej}}$', unit=None, boundary='reflective')
03:57 INFO    : log10_mej_dyn=Uniform(minimum=-3.0, maximum=-1.0, name='log10_mej_dyn', latex_label='$\\log_{10}M^{\\rm{dyn}}_{\\rm{ej}}$', unit=None, boundary='reflective')
03:57 INFO    : log10_mej_wind=Uniform(minimum=-3.0, maximum=-0.5, name='log10_mej_wind', latex_label='$\\log_{10}M^{\\rm{wind}}_{\\rm{ej}}$', unit=None, boundary='reflective')
03:57 INFO    : log10_mej_dyn=Uniform(minimum=-3.0, maximum=-1.0, name='log10_mej_dyn', latex_label='$\\log_{10}M^{\\rm{dyn}}_{\\rm{ej}}$', unit=None, boundary='reflective')
03:57 INFO    : log10_mej_wind=Uniform(minimum=-3.0, maximum=-0.5, name='log10_mej_wind', latex_label='$\\log_{10}M^{\\rm{wind}}_{\\rm{ej}}$', unit=None, boundary='reflective')
03:57 INFO    : log10_mej_dyn=Uniform(minimum=-3.0, maximum=-1.0, name='log10_mej_dyn', latex_label='$\\log_{10}M^{\\rm{dyn}}_{\\rm{ej}}$', unit=None, boundary='reflective')
03:57 INFO    : log10_mej_dyn=Uniform(minimum=-3.0, maximum=-1.0, name='log10_mej_dyn', latex_label='$\\log_{10}M^{\\rm{dyn}}_{\\rm{ej}}$', unit=None, boundary='reflective')
03:57 INFO    : KNphi=Uniform(minimum=15.0, maximum=75.0, name='KNphi', latex_label='$\\Phi$', unit=None, boundary=None)
03:57 INFO    : KNphi=Uniform(minimum=15.0, maximum=75.0, name='KNphi', latex_label='$\\Phi$', unit=None, boundary=None)
03:57 INFO    : inclination_EM=Sine(minimum=0.0, maximum=1.5707963267948966, name='inclination_EM', latex_label='$\\iota$', unit=None, boundary=None)
03:57 INFO    : inclination_EM=Sine(minimum=0.0, maximum=1.5707963267948966, name='inclination_EM', latex_label='$\\iota$', unit=None, boundary=None)
03:57 INFO    : log10_mej_wind=Uniform(minimum=-3.0, maximum=-0.5, name='log10_mej_wind', latex_label='$\\log_{10}M^{\\rm{wind}}_{\\rm{ej}}$', unit=None, boundary='reflective')
03:57 INFO    : log10_mej_wind=Uniform(minimum=-3.0, maximum=-0.5, name='log10_mej_wind', latex_label='$\\log_{10}M^{\\rm{wind}}_{\\rm{ej}}$', unit=None, boundary='reflective')
03:57 INFO    : log10_mej_wind=Uniform(minimum=-3.0, maximum=-0.5, name='log10_mej_wind', latex_label='$\\log_{10}M^{\\rm{wind}}_{\\rm{ej}}$', unit=None, boundary='reflective')
03:57 INFO    : inclination_EM=Sine(minimum=0.0, maximum=1.5707963267948966, name='inclination_EM', latex_label='$\\iota$', unit=None, boundary=None)
03:57 INFO    : log10_mej_wind=Uniform(minimum=-3.0, maximum=-0.5, name='log10_mej_wind', latex_label='$\\log_{10}M^{\\rm{wind}}_{\\rm{ej}}$', unit=None, boundary='reflective')
03:57 INFO    : inclination_EM=Sine(minimum=0.0, maximum=1.5707963267948966, name='inclination_EM', latex_label='$\\iota$', unit=None, boundary=None)
03:57 INFO    : inclination_EM=Sine(minimum=0.0, maximum=1.5707963267948966, name='inclination_EM', latex_label='$\\iota$', unit=None, boundary=None)
03:57 INFO    : inclination_EM=Sine(minimum=0.0, maximum=1.5707963267948966, name='inclination_EM', latex_label='$\\iota$', unit=None, boundary=None)
03:57 INFO    : log10_mej_wind=Uniform(minimum=-3.0, maximum=-0.5, name='log10_mej_wind', latex_label='$\\log_{10}M^{\\rm{wind}}_{\\rm{ej}}$', unit=None, boundary='reflective')
03:57 INFO    : log10_mej_wind=Uniform(minimum=-3.0, maximum=-0.5, name='log10_mej_wind', latex_label='$\\log_{10}M^{\\rm{wind}}_{\\rm{ej}}$', unit=None, boundary='reflective')
03:57 INFO    : inclination_EM=Sine(minimum=0.0, maximum=1.5707963267948966, name='inclination_EM', latex_label='$\\iota$', unit=None, boundary=None)
03:57 INFO    : log10_mej_wind=Uniform(minimum=-3.0, maximum=-0.5, name='log10_mej_wind', latex_label='$\\log_{10}M^{\\rm{wind}}_{\\rm{ej}}$', unit=None, boundary='reflective')
03:57 INFO    : log10_mej_dyn=Uniform(minimum=-3.0, maximum=-1.0, name='log10_mej_dyn', latex_label='$\\log_{10}M^{\\rm{dyn}}_{\\rm{ej}}$', unit=None, boundary='reflective')
03:57 INFO    : log10_mej_dyn=Uniform(minimum=-3.0, maximum=-1.0, name='log10_mej_dyn', latex_label='$\\log_{10}M^{\\rm{dyn}}_{\\rm{ej}}$', unit=None, boundary='reflective')
03:57 INFO    : luminosity_distance=LogUniform(minimum=1, maximum=500, name='luminosity_distance', latex_label='$D_L$', unit=None, boundary=None)
03:57 INFO    : luminosity_distance=LogUniform(minimum=1, maximum=500, name='luminosity_distance', latex_label='$D_L$', unit=None, boundary=None)
03:57 INFO    : inclination_EM=Sine(minimum=0.0, maximum=1.5707963267948966, name='inclination_EM', latex_label='$\\iota$', unit=None, boundary=None)
03:57 INFO    : luminosity_distance=LogUniform(minimum=1, maximum=500, name='luminosity_distance', latex_label='$D_L$', unit=None, boundary=None)
03:57 INFO    : inclination_EM=Sine(minimum=0.0, maximum=1.5707963267948966, name='inclination_EM', latex_label='$\\iota$', unit=None, boundary=None)
03:57 INFO    : inclination_EM=Sine(minimum=0.0, maximum=1.5707963267948966, name='inclination_EM', latex_label='$\\iota$', unit=None, boundary=None)
03:57 INFO    : inclination_EM=Sine(minimum=0.0, maximum=1.5707963267948966, name='inclination_EM', latex_label='$\\iota$', unit=None, boundary=None)
03:57 INFO    : luminosity_distance=LogUniform(minimum=1, maximum=500, name='luminosity_distance', latex_label='$D_L$', unit=None, boundary=None)
03:57 INFO    : luminosity_distance=LogUniform(minimum=1, maximum=500, name='luminosity_distance', latex_label='$D_L$', unit=None, boundary=None)
03:57 INFO    : luminosity_distance=LogUniform(minimum=1, maximum=500, name='luminosity_distance', latex_label='$D_L$', unit=None, boundary=None)
03:57 INFO    : timeshift=0.0
03:57 INFO    : timeshift=0.0
03:57 INFO    : inclination_EM=Sine(minimum=0.0, maximum=1.5707963267948966, name='inclination_EM', latex_label='$\\iota$', unit=None, boundary=None)
03:57 INFO    : inclination_EM=Sine(minimum=0.0, maximum=1.5707963267948966, name='inclination_EM', latex_label='$\\iota$', unit=None, boundary=None)
03:57 INFO    : luminosity_distance=LogUniform(minimum=1, maximum=500, name='luminosity_distance', latex_label='$D_L$', unit=None, boundary=None)
03:57 INFO    : timeshift=0.0
03:57 INFO    : inclination_EM=Sine(minimum=0.0, maximum=1.5707963267948966, name='inclination_EM', latex_label='$\\iota$', unit=None, boundary=None)
03:57 INFO    : timeshift=0.0
03:57 INFO    : timeshift=0.0
03:57 INFO    : em_syserr=1.0
03:57 INFO    : em_syserr=1.0
03:57 INFO    : timeshift=0.0
03:57 INFO    : em_syserr=1.0
03:57 INFO    : timeshift=0.0
03:57 INFO    : log10_mej_wind=Uniform(minimum=-3.0, maximum=-0.5, name='log10_mej_wind', latex_label='$\\log_{10}M^{\\rm{wind}}_{\\rm{ej}}$', unit=None, boundary='reflective')
03:57 INFO    : log10_mej_wind=Uniform(minimum=-3.0, maximum=-0.5, name='log10_mej_wind', latex_label='$\\log_{10}M^{\\rm{wind}}_{\\rm{ej}}$', unit=None, boundary='reflective')
03:57 INFO    : em_syserr=1.0
03:57 INFO    : Ebv=0.0
03:57 INFO    : em_syserr=1.0
03:57 INFO    : Ebv=0.0
03:57 INFO    : em_syserr=1.0
03:57 INFO    : Ebv=0.0
03:57 INFO    : em_syserr=1.0
03:57 INFO    : Ebv=0.0
03:57 INFO    : luminosity_distance=LogUniform(minimum=1, maximum=500, name='luminosity_distance', latex_label='$D_L$', unit=None, boundary=None)
03:57 INFO    : Ebv=0.0
03:57 INFO    : Analysis likelihood class: <class 'nmma.em.likelihood.OpticalLightCurve'>
03:57 INFO    : Analysis likelihood class: <class 'nmma.em.likelihood.OpticalLightCurve'>
03:57 INFO    : Ebv=0.0
03:57 INFO    : luminosity_distance=LogUniform(minimum=1, maximum=500, name='luminosity_distance', latex_label='$D_L$', unit=None, boundary=None)
03:57 INFO    : luminosity_distance=LogUniform(minimum=1, maximum=500, name='luminosity_distance', latex_label='$D_L$', unit=None, boundary=None)
03:57 INFO    : Analysis likelihood class: <class 'nmma.em.likelihood.OpticalLightCurve'>
03:57 INFO    : luminosity_distance=LogUniform(minimum=1, maximum=500, name='luminosity_distance', latex_label='$D_L$', unit=None, boundary=None)
03:57 INFO    : Ebv=0.0
03:57 INFO    : Analysis likelihood class: <class 'nmma.em.likelihood.OpticalLightCurve'>
03:57 INFO    : Analysis likelihood class: <class 'nmma.em.likelihood.OpticalLightCurve'>
03:57 INFO    : Analysis likelihood noise evidence: 0.0
03:57 INFO    : luminosity_distance=LogUniform(minimum=1, maximum=500, name='luminosity_distance', latex_label='$D_L$', unit=None, boundary=None)
03:57 INFO    : luminosity_distance=LogUniform(minimum=1, maximum=500, name='luminosity_distance', latex_label='$D_L$', unit=None, boundary=None)
03:57 INFO    : timeshift=0.0
03:57 INFO    : Analysis likelihood class: <class 'nmma.em.likelihood.OpticalLightCurve'>
03:57 INFO    : Analysis likelihood noise evidence: 0.0
03:57 INFO    : luminosity_distance=LogUniform(minimum=1, maximum=500, name='luminosity_distance', latex_label='$D_L$', unit=None, boundary=None)
03:57 INFO    : timeshift=0.0
03:57 INFO    : Analysis likelihood noise evidence: 0.0
03:57 INFO    : Analysis likelihood class: <class 'nmma.em.likelihood.OpticalLightCurve'>
03:57 INFO    : timeshift=0.0
03:57 INFO    : Analysis likelihood noise evidence: 0.0
03:57 INFO    : timeshift=0.0
03:57 INFO    : Analysis likelihood noise evidence: 0.0
03:57 INFO    : em_syserr=1.0
03:57 INFO    : timeshift=0.0
03:57 INFO    : timeshift=0.0
03:57 INFO    : Analysis likelihood noise evidence: 0.0
03:57 INFO    : inclination_EM=Sine(minimum=0.0, maximum=1.5707963267948966, name='inclination_EM', latex_label='$\\iota$', unit=None, boundary=None)
03:57 INFO    : inclination_EM=Sine(minimum=0.0, maximum=1.5707963267948966, name='inclination_EM', latex_label='$\\iota$', unit=None, boundary=None)
03:57 INFO    : em_syserr=1.0
03:57 INFO    : timeshift=0.0
03:57 INFO    : em_syserr=1.0
03:57 INFO    : Analysis likelihood noise evidence: 0.0
03:57 INFO    : em_syserr=1.0
03:57 INFO    : Ebv=0.0
03:57 INFO    : em_syserr=1.0
03:57 INFO    : em_syserr=1.0
03:57 INFO    : Ebv=0.0
03:57 INFO    : em_syserr=1.0
03:57 INFO    : Ebv=0.0
03:57 INFO    : Ebv=0.0
03:57 INFO    : Analysis likelihood class: <class 'nmma.em.likelihood.OpticalLightCurve'>
03:57 INFO    : Ebv=0.0
03:57 INFO    : Ebv=0.0
03:57 INFO    : Ebv=0.0
03:57 INFO    : Analysis likelihood class: <class 'nmma.em.likelihood.OpticalLightCurve'>
03:57 INFO    : Analysis likelihood class: <class 'nmma.em.likelihood.OpticalLightCurve'>
03:57 INFO    : Analysis likelihood class: <class 'nmma.em.likelihood.OpticalLightCurve'>
03:57 INFO    : Analysis likelihood noise evidence: 0.0
03:57 INFO    : Analysis likelihood class: <class 'nmma.em.likelihood.OpticalLightCurve'>
03:57 INFO    : Analysis likelihood class: <class 'nmma.em.likelihood.OpticalLightCurve'>
03:57 INFO    : Analysis likelihood class: <class 'nmma.em.likelihood.OpticalLightCurve'>
03:57 INFO    : Analysis likelihood noise evidence: 0.0
03:57 INFO    : Analysis likelihood noise evidence: 0.0
03:57 INFO    : Analysis likelihood noise evidence: 0.0
03:57 INFO    : luminosity_distance=LogUniform(minimum=1, maximum=500, name='luminosity_distance', latex_label='$D_L$', unit=None, boundary=None)
03:57 INFO    : Analysis likelihood noise evidence: 0.0
03:57 INFO    : luminosity_distance=LogUniform(minimum=1, maximum=500, name='luminosity_distance', latex_label='$D_L$', unit=None, boundary=None)
03:57 INFO    : Analysis likelihood noise evidence: 0.0
03:57 INFO    : Analysis likelihood noise evidence: 0.0
03:57 INFO    : timeshift=0.0
03:57 INFO    : timeshift=0.0
03:57 INFO    : em_syserr=1.0
03:57 INFO    : em_syserr=1.0
03:57 INFO    : Ebv=0.0
03:57 INFO    : Ebv=0.0
03:57 INFO    : Analysis likelihood class: <class 'nmma.em.likelihood.OpticalLightCurve'>
03:57 INFO    : Analysis likelihood class: <class 'nmma.em.likelihood.OpticalLightCurve'>
03:57 INFO    : Analysis likelihood noise evidence: 0.0
03:57 INFO    : Analysis likelihood noise evidence: 0.0
03:57 INFO    : Analysis priors:
03:57 INFO    : KNphi=Uniform(minimum=15.0, maximum=75.0, name='KNphi', latex_label='$\\Phi$', unit=None, boundary=None)
03:57 INFO    : log10_mej_wind=Uniform(minimum=-3.0, maximum=-0.5, name='log10_mej_wind', latex_label='$\\log_{10}M^{\\rm{wind}}_{\\rm{ej}}$', unit=None, boundary='reflective')
03:57 INFO    : log10_mej_dyn=Uniform(minimum=-3.0, maximum=-1.0, name='log10_mej_dyn', latex_label='$\\log_{10}M^{\\rm{dyn}}_{\\rm{ej}}$', unit=None, boundary='reflective')
03:57 INFO    : KNphi=Uniform(minimum=15.0, maximum=75.0, name='KNphi', latex_label='$\\Phi$', unit=None, boundary=None)
03:57 INFO    : KNphi=Uniform(minimum=15.0, maximum=75.0, name='KNphi', latex_label='$\\Phi$', unit=None, boundary=None)
03:57 INFO    : KNphi=Uniform(minimum=15.0, maximum=75.0, name='KNphi', latex_label='$\\Phi$', unit=None, boundary=None)
03:57 INFO    : KNphi=Uniform(minimum=15.0, maximum=75.0, name='KNphi', latex_label='$\\Phi$', unit=None, boundary=None)
03:57 INFO    : KNphi=Uniform(minimum=15.0, maximum=75.0, name='KNphi', latex_label='$\\Phi$', unit=None, boundary=None)
03:57 INFO    : KNphi=Uniform(minimum=15.0, maximum=75.0, name='KNphi', latex_label='$\\Phi$', unit=None, boundary=None)
03:57 INFO    : KNphi=Uniform(minimum=15.0, maximum=75.0, name='KNphi', latex_label='$\\Phi$', unit=None, boundary=None)
03:57 INFO    : KNphi=Uniform(minimum=15.0, maximum=75.0, name='KNphi', latex_label='$\\Phi$', unit=None, boundary=None)
03:57 INFO    : KNphi=Uniform(minimum=15.0, maximum=75.0, name='KNphi', latex_label='$\\Phi$', unit=None, boundary=None)
03:57 INFO    : KNphi=Uniform(minimum=15.0, maximum=75.0, name='KNphi', latex_label='$\\Phi$', unit=None, boundary=None)
03:57 INFO    : log10_mej_dyn=Uniform(minimum=-3.0, maximum=-1.0, name='log10_mej_dyn', latex_label='$\\log_{10}M^{\\rm{dyn}}_{\\rm{ej}}$', unit=None, boundary='reflective')
03:57 INFO    : inclination_EM=Sine(minimum=0.0, maximum=1.5707963267948966, name='inclination_EM', latex_label='$\\iota$', unit=None, boundary=None)
03:57 INFO    : log10_mej_dyn=Uniform(minimum=-3.0, maximum=-1.0, name='log10_mej_dyn', latex_label='$\\log_{10}M^{\\rm{dyn}}_{\\rm{ej}}$', unit=None, boundary='reflective')
03:57 INFO    : log10_mej_dyn=Uniform(minimum=-3.0, maximum=-1.0, name='log10_mej_dyn', latex_label='$\\log_{10}M^{\\rm{dyn}}_{\\rm{ej}}$', unit=None, boundary='reflective')
03:57 INFO    : log10_mej_dyn=Uniform(minimum=-3.0, maximum=-1.0, name='log10_mej_dyn', latex_label='$\\log_{10}M^{\\rm{dyn}}_{\\rm{ej}}$', unit=None, boundary='reflective')
03:57 INFO    : log10_mej_dyn=Uniform(minimum=-3.0, maximum=-1.0, name='log10_mej_dyn', latex_label='$\\log_{10}M^{\\rm{dyn}}_{\\rm{ej}}$', unit=None, boundary='reflective')
03:57 INFO    : log10_mej_dyn=Uniform(minimum=-3.0, maximum=-1.0, name='log10_mej_dyn', latex_label='$\\log_{10}M^{\\rm{dyn}}_{\\rm{ej}}$', unit=None, boundary='reflective')
03:57 INFO    : log10_mej_dyn=Uniform(minimum=-3.0, maximum=-1.0, name='log10_mej_dyn', latex_label='$\\log_{10}M^{\\rm{dyn}}_{\\rm{ej}}$', unit=None, boundary='reflective')
03:57 INFO    : log10_mej_dyn=Uniform(minimum=-3.0, maximum=-1.0, name='log10_mej_dyn', latex_label='$\\log_{10}M^{\\rm{dyn}}_{\\rm{ej}}$', unit=None, boundary='reflective')
03:57 INFO    : log10_mej_dyn=Uniform(minimum=-3.0, maximum=-1.0, name='log10_mej_dyn', latex_label='$\\log_{10}M^{\\rm{dyn}}_{\\rm{ej}}$', unit=None, boundary='reflective')
03:57 INFO    : log10_mej_dyn=Uniform(minimum=-3.0, maximum=-1.0, name='log10_mej_dyn', latex_label='$\\log_{10}M^{\\rm{dyn}}_{\\rm{ej}}$', unit=None, boundary='reflective')
03:57 INFO    : log10_mej_dyn=Uniform(minimum=-3.0, maximum=-1.0, name='log10_mej_dyn', latex_label='$\\log_{10}M^{\\rm{dyn}}_{\\rm{ej}}$', unit=None, boundary='reflective')
03:57 INFO    : KNphi=Uniform(minimum=15.0, maximum=75.0, name='KNphi', latex_label='$\\Phi$', unit=None, boundary=None)
03:57 INFO    : log10_mej_wind=Uniform(minimum=-3.0, maximum=-0.5, name='log10_mej_wind', latex_label='$\\log_{10}M^{\\rm{wind}}_{\\rm{ej}}$', unit=None, boundary='reflective')
03:57 INFO    : log10_mej_wind=Uniform(minimum=-3.0, maximum=-0.5, name='log10_mej_wind', latex_label='$\\log_{10}M^{\\rm{wind}}_{\\rm{ej}}$', unit=None, boundary='reflective')
03:57 INFO    : log10_mej_wind=Uniform(minimum=-3.0, maximum=-0.5, name='log10_mej_wind', latex_label='$\\log_{10}M^{\\rm{wind}}_{\\rm{ej}}$', unit=None, boundary='reflective')
03:57 INFO    : luminosity_distance=LogUniform(minimum=1, maximum=500, name='luminosity_distance', latex_label='$D_L$', unit=None, boundary=None)
03:57 INFO    : log10_mej_wind=Uniform(minimum=-3.0, maximum=-0.5, name='log10_mej_wind', latex_label='$\\log_{10}M^{\\rm{wind}}_{\\rm{ej}}$', unit=None, boundary='reflective')
03:57 INFO    : log10_mej_wind=Uniform(minimum=-3.0, maximum=-0.5, name='log10_mej_wind', latex_label='$\\log_{10}M^{\\rm{wind}}_{\\rm{ej}}$', unit=None, boundary='reflective')
03:57 INFO    : log10_mej_wind=Uniform(minimum=-3.0, maximum=-0.5, name='log10_mej_wind', latex_label='$\\log_{10}M^{\\rm{wind}}_{\\rm{ej}}$', unit=None, boundary='reflective')
03:57 INFO    : log10_mej_wind=Uniform(minimum=-3.0, maximum=-0.5, name='log10_mej_wind', latex_label='$\\log_{10}M^{\\rm{wind}}_{\\rm{ej}}$', unit=None, boundary='reflective')
03:57 INFO    : timeshift=0.0
03:57 INFO    : log10_mej_wind=Uniform(minimum=-3.0, maximum=-0.5, name='log10_mej_wind', latex_label='$\\log_{10}M^{\\rm{wind}}_{\\rm{ej}}$', unit=None, boundary='reflective')
03:57 INFO    : log10_mej_wind=Uniform(minimum=-3.0, maximum=-0.5, name='log10_mej_wind', latex_label='$\\log_{10}M^{\\rm{wind}}_{\\rm{ej}}$', unit=None, boundary='reflective')
03:57 INFO    : log10_mej_wind=Uniform(minimum=-3.0, maximum=-0.5, name='log10_mej_wind', latex_label='$\\log_{10}M^{\\rm{wind}}_{\\rm{ej}}$', unit=None, boundary='reflective')
03:57 INFO    : em_syserr=1.0
03:57 INFO    : log10_mej_wind=Uniform(minimum=-3.0, maximum=-0.5, name='log10_mej_wind', latex_label='$\\log_{10}M^{\\rm{wind}}_{\\rm{ej}}$', unit=None, boundary='reflective')
03:57 INFO    : log10_mej_dyn=Uniform(minimum=-3.0, maximum=-1.0, name='log10_mej_dyn', latex_label='$\\log_{10}M^{\\rm{dyn}}_{\\rm{ej}}$', unit=None, boundary='reflective')
03:57 INFO    : inclination_EM=Sine(minimum=0.0, maximum=1.5707963267948966, name='inclination_EM', latex_label='$\\iota$', unit=None, boundary=None)
03:57 INFO    : Ebv=0.0
03:57 INFO    : inclination_EM=Sine(minimum=0.0, maximum=1.5707963267948966, name='inclination_EM', latex_label='$\\iota$', unit=None, boundary=None)
03:57 INFO    : inclination_EM=Sine(minimum=0.0, maximum=1.5707963267948966, name='inclination_EM', latex_label='$\\iota$', unit=None, boundary=None)
03:57 INFO    : inclination_EM=Sine(minimum=0.0, maximum=1.5707963267948966, name='inclination_EM', latex_label='$\\iota$', unit=None, boundary=None)
03:57 INFO    : Analysis likelihood class: <class 'nmma.em.likelihood.OpticalLightCurve'>
03:57 INFO    : inclination_EM=Sine(minimum=0.0, maximum=1.5707963267948966, name='inclination_EM', latex_label='$\\iota$', unit=None, boundary=None)
03:57 INFO    : inclination_EM=Sine(minimum=0.0, maximum=1.5707963267948966, name='inclination_EM', latex_label='$\\iota$', unit=None, boundary=None)
03:57 INFO    : Analysis likelihood noise evidence: 0.0
03:57 INFO    : inclination_EM=Sine(minimum=0.0, maximum=1.5707963267948966, name='inclination_EM', latex_label='$\\iota$', unit=None, boundary=None)
03:57 INFO    : inclination_EM=Sine(minimum=0.0, maximum=1.5707963267948966, name='inclination_EM', latex_label='$\\iota$', unit=None, boundary=None)
03:57 INFO    : inclination_EM=Sine(minimum=0.0, maximum=1.5707963267948966, name='inclination_EM', latex_label='$\\iota$', unit=None, boundary=None)
03:57 INFO    : inclination_EM=Sine(minimum=0.0, maximum=1.5707963267948966, name='inclination_EM', latex_label='$\\iota$', unit=None, boundary=None)
03:57 INFO    : log10_mej_wind=Uniform(minimum=-3.0, maximum=-0.5, name='log10_mej_wind', latex_label='$\\log_{10}M^{\\rm{wind}}_{\\rm{ej}}$', unit=None, boundary='reflective')
03:57 INFO    : inclination_EM=Sine(minimum=0.0, maximum=1.5707963267948966, name='inclination_EM', latex_label='$\\iota$', unit=None, boundary=None)
03:57 INFO    : luminosity_distance=LogUniform(minimum=1, maximum=500, name='luminosity_distance', latex_label='$D_L$', unit=None, boundary=None)
03:57 INFO    : luminosity_distance=LogUniform(minimum=1, maximum=500, name='luminosity_distance', latex_label='$D_L$', unit=None, boundary=None)
03:57 INFO    : luminosity_distance=LogUniform(minimum=1, maximum=500, name='luminosity_distance', latex_label='$D_L$', unit=None, boundary=None)
03:57 INFO    : luminosity_distance=LogUniform(minimum=1, maximum=500, name='luminosity_distance', latex_label='$D_L$', unit=None, boundary=None)
03:57 INFO    : timeshift=0.0
03:57 INFO    : luminosity_distance=LogUniform(minimum=1, maximum=500, name='luminosity_distance', latex_label='$D_L$', unit=None, boundary=None)
03:57 INFO    : luminosity_distance=LogUniform(minimum=1, maximum=500, name='luminosity_distance', latex_label='$D_L$', unit=None, boundary=None)
03:57 INFO    : em_syserr=1.0
03:57 INFO    : luminosity_distance=LogUniform(minimum=1, maximum=500, name='luminosity_distance', latex_label='$D_L$', unit=None, boundary=None)
03:57 INFO    : timeshift=0.0
03:57 INFO    : luminosity_distance=LogUniform(minimum=1, maximum=500, name='luminosity_distance', latex_label='$D_L$', unit=None, boundary=None)
03:57 INFO    : luminosity_distance=LogUniform(minimum=1, maximum=500, name='luminosity_distance', latex_label='$D_L$', unit=None, boundary=None)
03:57 INFO    : timeshift=0.0
03:57 INFO    : timeshift=0.0
03:57 INFO    : luminosity_distance=LogUniform(minimum=1, maximum=500, name='luminosity_distance', latex_label='$D_L$', unit=None, boundary=None)
03:57 INFO    : timeshift=0.0
03:57 INFO    : timeshift=0.0
03:57 INFO    : Ebv=0.0
03:57 INFO    : inclination_EM=Sine(minimum=0.0, maximum=1.5707963267948966, name='inclination_EM', latex_label='$\\iota$', unit=None, boundary=None)
03:57 INFO    : em_syserr=1.0
03:57 INFO    : luminosity_distance=LogUniform(minimum=1, maximum=500, name='luminosity_distance', latex_label='$D_L$', unit=None, boundary=None)
03:57 INFO    : timeshift=0.0
03:57 INFO    : em_syserr=1.0
03:57 INFO    : em_syserr=1.0
03:57 INFO    : timeshift=0.0
03:57 INFO    : timeshift=0.0
03:57 INFO    : timeshift=0.0
03:57 INFO    : em_syserr=1.0
03:57 INFO    : em_syserr=1.0
03:57 INFO    : Analysis likelihood class: <class 'nmma.em.likelihood.OpticalLightCurve'>
03:57 INFO    : Ebv=0.0
03:57 INFO    : em_syserr=1.0
03:57 INFO    : Ebv=0.0
03:57 INFO    : Ebv=0.0
03:57 INFO    : em_syserr=1.0
03:57 INFO    : em_syserr=1.0
03:57 INFO    : em_syserr=1.0
03:57 INFO    : timeshift=0.0
03:57 INFO    : Ebv=0.0
03:57 INFO    : Ebv=0.0
03:57 INFO    : Analysis likelihood noise evidence: 0.0
03:57 INFO    : Analysis likelihood class: <class 'nmma.em.likelihood.OpticalLightCurve'>
03:57 INFO    : Analysis likelihood class: <class 'nmma.em.likelihood.OpticalLightCurve'>
03:57 INFO    : Ebv=0.0
03:57 INFO    : Ebv=0.0
03:57 INFO    : Analysis likelihood class: <class 'nmma.em.likelihood.OpticalLightCurve'>
03:57 INFO    : Ebv=0.0
03:57 INFO    : Ebv=0.0
03:57 INFO    : Analysis likelihood class: <class 'nmma.em.likelihood.OpticalLightCurve'>
03:57 INFO    : em_syserr=1.0
03:57 INFO    : Analysis likelihood class: <class 'nmma.em.likelihood.OpticalLightCurve'>
03:57 INFO    : Analysis likelihood noise evidence: 0.0
03:57 INFO    : Analysis likelihood class: <class 'nmma.em.likelihood.OpticalLightCurve'>
03:57 INFO    : Analysis likelihood class: <class 'nmma.em.likelihood.OpticalLightCurve'>
03:57 INFO    : luminosity_distance=LogUniform(minimum=1, maximum=500, name='luminosity_distance', latex_label='$D_L$', unit=None, boundary=None)
03:57 INFO    : Analysis likelihood noise evidence: 0.0
03:57 INFO    : Analysis likelihood class: <class 'nmma.em.likelihood.OpticalLightCurve'>
03:57 INFO    : Analysis likelihood class: <class 'nmma.em.likelihood.OpticalLightCurve'>
03:57 INFO    : Ebv=0.0
03:57 INFO    : Analysis likelihood noise evidence: 0.0
03:57 INFO    : Analysis likelihood noise evidence: 0.0
03:57 INFO    : Analysis likelihood noise evidence: 0.0
03:57 INFO    : Analysis likelihood noise evidence: 0.0
03:57 INFO    : Analysis likelihood noise evidence: 0.0
03:57 INFO    : timeshift=0.0
03:57 INFO    : Analysis likelihood noise evidence: 0.0
03:57 INFO    : Analysis likelihood noise evidence: 0.0
03:57 INFO    : Analysis likelihood class: <class 'nmma.em.likelihood.OpticalLightCurve'>
03:57 INFO    : em_syserr=1.0
03:57 INFO    : Analysis likelihood noise evidence: 0.0
03:57 INFO    : Ebv=0.0
03:57 INFO    : Analysis likelihood class: <class 'nmma.em.likelihood.OpticalLightCurve'>
03:57 INFO    : log10_mej_wind=Uniform(minimum=-3.0, maximum=-0.5, name='log10_mej_wind', latex_label='$\\log_{10}M^{\\rm{wind}}_{\\rm{ej}}$', unit=None, boundary='reflective')
03:57 INFO    : inclination_EM=Sine(minimum=0.0, maximum=1.5707963267948966, name='inclination_EM', latex_label='$\\iota$', unit=None, boundary=None)
03:57 INFO    : Analysis priors:
03:57 INFO    : KNphi=Uniform(minimum=15.0, maximum=75.0, name='KNphi', latex_label='$\\Phi$', unit=None, boundary=None)
03:57 INFO    : log10_mej_dyn=Uniform(minimum=-3.0, maximum=-1.0, name='log10_mej_dyn', latex_label='$\\log_{10}M^{\\rm{dyn}}_{\\rm{ej}}$', unit=None, boundary='reflective')
03:57 INFO    : luminosity_distance=LogUniform(minimum=1, maximum=500, name='luminosity_distance', latex_label='$D_L$', unit=None, boundary=None)
03:57 INFO    : KNphi=Uniform(minimum=15.0, maximum=75.0, name='KNphi', latex_label='$\\Phi$', unit=None, boundary=None)
03:57 INFO    : log10_mej_wind=Uniform(minimum=-3.0, maximum=-0.5, name='log10_mej_wind', latex_label='$\\log_{10}M^{\\rm{wind}}_{\\rm{ej}}$', unit=None, boundary='reflective')
03:57 INFO    : timeshift=0.0
03:57 INFO    : log10_mej_dyn=Uniform(minimum=-3.0, maximum=-1.0, name='log10_mej_dyn', latex_label='$\\log_{10}M^{\\rm{dyn}}_{\\rm{ej}}$', unit=None, boundary='reflective')
03:57 INFO    : inclination_EM=Sine(minimum=0.0, maximum=1.5707963267948966, name='inclination_EM', latex_label='$\\iota$', unit=None, boundary=None)
03:57 INFO    : em_syserr=1.0
03:57 INFO    : log10_mej_wind=Uniform(minimum=-3.0, maximum=-0.5, name='log10_mej_wind', latex_label='$\\log_{10}M^{\\rm{wind}}_{\\rm{ej}}$', unit=None, boundary='reflective')
03:57 INFO    : luminosity_distance=LogUniform(minimum=1, maximum=500, name='luminosity_distance', latex_label='$D_L$', unit=None, boundary=None)
03:57 INFO    : Ebv=0.0
03:57 INFO    : timeshift=0.0
03:57 INFO    : em_syserr=1.0
03:57 INFO    : inclination_EM=Sine(minimum=0.0, maximum=1.5707963267948966, name='inclination_EM', latex_label='$\\iota$', unit=None, boundary=None)
03:57 INFO    : Ebv=0.0
03:57 INFO    : Analysis likelihood class: <class 'nmma.em.likelihood.OpticalLightCurve'>
03:57 INFO    : Analysis likelihood noise evidence: 0.0
03:57 INFO    : Analysis likelihood class: <class 'nmma.em.likelihood.OpticalLightCurve'>
03:57 INFO    : luminosity_distance=LogUniform(minimum=1, maximum=500, name='luminosity_distance', latex_label='$D_L$', unit=None, boundary=None)
03:57 INFO    : timeshift=0.0
03:57 INFO    : em_syserr=1.0
03:57 INFO    : Ebv=0.0
03:57 INFO    : Analysis likelihood class: <class 'nmma.em.likelihood.OpticalLightCurve'>
03:57 INFO    : Analysis likelihood noise evidence: 0.0
03:57 INFO    : Analysis likelihood noise evidence: 0.0
03:57 INFO    : Analysis likelihood noise evidence: 0.0
03:58 INFO    : Single likelihood evaluation took 3.971e-01 s
03:58 WARNING : Supplied argument 'queue_size' not an argument of 'Pymultinest', removing.
03:58 WARNING : Supplied argument 'check_point_delta_t' not an argument of 'Pymultinest', removing.
03:58 INFO    : Using sampler Pymultinest with kwargs {'importance_nested_sampling': False, 'resume': True, 'verbose': True, 'sampling_efficiency': 'parameter', 'n_live_points': 2048, 'n_params': 5, 'n_clustering_params': None, 'wrapped_params': None, 'multimodal': True, 'const_efficiency_mode': False, 'evidence_tolerance': 0.5, 'n_iter_before_update': 100, 'null_log_evidence': -1e+90, 'max_modes': 100, 'mode_tolerance': -1e+90, 'seed': 42, 'context': 0, 'write_output': True, 'log_zero': -1e+100, 'max_iter': 0, 'init_MPI': False, 'dump_callback': <bound method Pymultinest._dump_callback of <bilby.core.sampler.pymultinest.Pymultinest object at 0x155500fdbac0>>}
03:58 INFO    : Temporary directory incompatible with MPI, will run in original directory
03:58 INFO    : Using output file outdirBNSBu32cores/pm_InjectionRecoveryIterations/
03:58 INFO    : Single likelihood evaluation took 4.032e-01 s
03:58 INFO    : Single likelihood evaluation took 4.033e-01 s
03:58 INFO    : Single likelihood evaluation took 4.035e-01 s
03:58 INFO    : Single likelihood evaluation took 4.040e-01 s
03:58 INFO    : Single likelihood evaluation took 4.039e-01 s
03:58 WARNING : Supplied argument 'queue_size' not an argument of 'Pymultinest', removing.
03:58 WARNING : Supplied argument 'check_point_delta_t' not an argument of 'Pymultinest', removing.
03:58 INFO    : Using sampler Pymultinest with kwargs {'importance_nested_sampling': False, 'resume': True, 'verbose': True, 'sampling_efficiency': 'parameter', 'n_live_points': 2048, 'n_params': 5, 'n_clustering_params': None, 'wrapped_params': None, 'multimodal': True, 'const_efficiency_mode': False, 'evidence_tolerance': 0.5, 'n_iter_before_update': 100, 'null_log_evidence': -1e+90, 'max_modes': 100, 'mode_tolerance': -1e+90, 'seed': 42, 'context': 0, 'write_output': True, 'log_zero': -1e+100, 'max_iter': 0, 'init_MPI': False, 'dump_callback': <bound method Pymultinest._dump_callback of <bilby.core.sampler.pymultinest.Pymultinest object at 0x155500fe38b0>>}
03:58 INFO    : Temporary directory incompatible with MPI, will run in original directory
03:58 INFO    : Using output file outdirBNSBu32cores/pm_InjectionRecoveryIterations/
03:58 WARNING : Supplied argument 'queue_size' not an argument of 'Pymultinest', removing.
03:58 WARNING : Supplied argument 'check_point_delta_t' not an argument of 'Pymultinest', removing.
03:58 INFO    : Using sampler Pymultinest with kwargs {'importance_nested_sampling': False, 'resume': True, 'verbose': True, 'sampling_efficiency': 'parameter', 'n_live_points': 2048, 'n_params': 5, 'n_clustering_params': None, 'wrapped_params': None, 'multimodal': True, 'const_efficiency_mode': False, 'evidence_tolerance': 0.5, 'n_iter_before_update': 100, 'null_log_evidence': -1e+90, 'max_modes': 100, 'mode_tolerance': -1e+90, 'seed': 42, 'context': 0, 'write_output': True, 'log_zero': -1e+100, 'max_iter': 0, 'init_MPI': False, 'dump_callback': <bound method Pymultinest._dump_callback of <bilby.core.sampler.pymultinest.Pymultinest object at 0x155500fdf970>>}
03:58 INFO    : Temporary directory incompatible with MPI, will run in original directory
03:58 WARNING : Supplied argument 'queue_size' not an argument of 'Pymultinest', removing.
03:58 WARNING : Supplied argument 'check_point_delta_t' not an argument of 'Pymultinest', removing.
03:58 INFO    : Using output file outdirBNSBu32cores/pm_InjectionRecoveryIterations/
03:58 INFO    : Using sampler Pymultinest with kwargs {'importance_nested_sampling': False, 'resume': True, 'verbose': True, 'sampling_efficiency': 'parameter', 'n_live_points': 2048, 'n_params': 5, 'n_clustering_params': None, 'wrapped_params': None, 'multimodal': True, 'const_efficiency_mode': False, 'evidence_tolerance': 0.5, 'n_iter_before_update': 100, 'null_log_evidence': -1e+90, 'max_modes': 100, 'mode_tolerance': -1e+90, 'seed': 42, 'context': 0, 'write_output': True, 'log_zero': -1e+100, 'max_iter': 0, 'init_MPI': False, 'dump_callback': <bound method Pymultinest._dump_callback of <bilby.core.sampler.pymultinest.Pymultinest object at 0x155500fe7760>>}
03:58 INFO    : Temporary directory incompatible with MPI, will run in original directory
03:58 INFO    : Using output file outdirBNSBu32cores/pm_InjectionRecoveryIterations/
03:58 WARNING : Supplied argument 'queue_size' not an argument of 'Pymultinest', removing.
03:58 WARNING : Supplied argument 'check_point_delta_t' not an argument of 'Pymultinest', removing.
03:58 WARNING : Supplied argument 'queue_size' not an argument of 'Pymultinest', removing.
03:58 WARNING : Supplied argument 'check_point_delta_t' not an argument of 'Pymultinest', removing.
03:58 INFO    : Using sampler Pymultinest with kwargs {'importance_nested_sampling': False, 'resume': True, 'verbose': True, 'sampling_efficiency': 'parameter', 'n_live_points': 2048, 'n_params': 5, 'n_clustering_params': None, 'wrapped_params': None, 'multimodal': True, 'const_efficiency_mode': False, 'evidence_tolerance': 0.5, 'n_iter_before_update': 100, 'null_log_evidence': -1e+90, 'max_modes': 100, 'mode_tolerance': -1e+90, 'seed': 42, 'context': 0, 'write_output': True, 'log_zero': -1e+100, 'max_iter': 0, 'init_MPI': False, 'dump_callback': <bound method Pymultinest._dump_callback of <bilby.core.sampler.pymultinest.Pymultinest object at 0x155500fdf880>>}
03:58 INFO    : Using sampler Pymultinest with kwargs {'importance_nested_sampling': False, 'resume': True, 'verbose': True, 'sampling_efficiency': 'parameter', 'n_live_points': 2048, 'n_params': 5, 'n_clustering_params': None, 'wrapped_params': None, 'multimodal': True, 'const_efficiency_mode': False, 'evidence_tolerance': 0.5, 'n_iter_before_update': 100, 'null_log_evidence': -1e+90, 'max_modes': 100, 'mode_tolerance': -1e+90, 'seed': 42, 'context': 0, 'write_output': True, 'log_zero': -1e+100, 'max_iter': 0, 'init_MPI': False, 'dump_callback': <bound method Pymultinest._dump_callback of <bilby.core.sampler.pymultinest.Pymultinest object at 0x155500fdf850>>}
03:58 INFO    : Temporary directory incompatible with MPI, will run in original directory
03:58 INFO    : Temporary directory incompatible with MPI, will run in original directory
03:58 INFO    : Using output file outdirBNSBu32cores/pm_InjectionRecoveryIterations/
03:58 INFO    : Using output file outdirBNSBu32cores/pm_InjectionRecoveryIterations/
03:58 INFO    : Single likelihood evaluation took 4.088e-01 s
03:58 INFO    : Single likelihood evaluation took 4.090e-01 s
03:58 INFO    : Single likelihood evaluation took 4.091e-01 s
03:58 INFO    : Single likelihood evaluation took 4.100e-01 s
03:58 INFO    : Single likelihood evaluation took 4.099e-01 s
03:58 INFO    : Single likelihood evaluation took 4.101e-01 s
03:58 INFO    : Single likelihood evaluation took 4.102e-01 s
03:58 INFO    : Single likelihood evaluation took 4.104e-01 s
03:58 INFO    : Single likelihood evaluation took 4.104e-01 s
03:58 INFO    : Single likelihood evaluation took 4.102e-01 s
03:58 WARNING : Supplied argument 'queue_size' not an argument of 'Pymultinest', removing.
03:58 WARNING : Supplied argument 'check_point_delta_t' not an argument of 'Pymultinest', removing.
03:58 INFO    : Using sampler Pymultinest with kwargs {'importance_nested_sampling': False, 'resume': True, 'verbose': True, 'sampling_efficiency': 'parameter', 'n_live_points': 2048, 'n_params': 5, 'n_clustering_params': None, 'wrapped_params': None, 'multimodal': True, 'const_efficiency_mode': False, 'evidence_tolerance': 0.5, 'n_iter_before_update': 100, 'null_log_evidence': -1e+90, 'max_modes': 100, 'mode_tolerance': -1e+90, 'seed': 42, 'context': 0, 'write_output': True, 'log_zero': -1e+100, 'max_iter': 0, 'init_MPI': False, 'dump_callback': <bound method Pymultinest._dump_callback of <bilby.core.sampler.pymultinest.Pymultinest object at 0x155500fe39a0>>}
03:58 INFO    : Temporary directory incompatible with MPI, will run in original directory
03:58 INFO    : Using output file outdirBNSBu32cores/pm_InjectionRecoveryIterations/
03:58 WARNING : Supplied argument 'queue_size' not an argument of 'Pymultinest', removing.
03:58 WARNING : Supplied argument 'check_point_delta_t' not an argument of 'Pymultinest', removing.
03:58 INFO    : Using sampler Pymultinest with kwargs {'importance_nested_sampling': False, 'resume': True, 'verbose': True, 'sampling_efficiency': 'parameter', 'n_live_points': 2048, 'n_params': 5, 'n_clustering_params': None, 'wrapped_params': None, 'multimodal': True, 'const_efficiency_mode': False, 'evidence_tolerance': 0.5, 'n_iter_before_update': 100, 'null_log_evidence': -1e+90, 'max_modes': 100, 'mode_tolerance': -1e+90, 'seed': 42, 'context': 0, 'write_output': True, 'log_zero': -1e+100, 'max_iter': 0, 'init_MPI': False, 'dump_callback': <bound method Pymultinest._dump_callback of <bilby.core.sampler.pymultinest.Pymultinest object at 0x155500fdfa90>>}
03:58 INFO    : Temporary directory incompatible with MPI, will run in original directory
03:58 INFO    : Using output file outdirBNSBu32cores/pm_InjectionRecoveryIterations/
03:58 WARNING : Supplied argument 'queue_size' not an argument of 'Pymultinest', removing.
03:58 WARNING : Supplied argument 'check_point_delta_t' not an argument of 'Pymultinest', removing.
03:58 INFO    : Using sampler Pymultinest with kwargs {'importance_nested_sampling': False, 'resume': True, 'verbose': True, 'sampling_efficiency': 'parameter', 'n_live_points': 2048, 'n_params': 5, 'n_clustering_params': None, 'wrapped_params': None, 'multimodal': True, 'const_efficiency_mode': False, 'evidence_tolerance': 0.5, 'n_iter_before_update': 100, 'null_log_evidence': -1e+90, 'max_modes': 100, 'mode_tolerance': -1e+90, 'seed': 42, 'context': 0, 'write_output': True, 'log_zero': -1e+100, 'max_iter': 0, 'init_MPI': False, 'dump_callback': <bound method Pymultinest._dump_callback of <bilby.core.sampler.pymultinest.Pymultinest object at 0x155500fdbb80>>}
03:58 INFO    : Temporary directory incompatible with MPI, will run in original directory
03:58 INFO    : Using output file outdirBNSBu32cores/pm_InjectionRecoveryIterations/
03:58 WARNING : Supplied argument 'queue_size' not an argument of 'Pymultinest', removing.
03:58 WARNING : Supplied argument 'queue_size' not an argument of 'Pymultinest', removing.
03:58 WARNING : Supplied argument 'check_point_delta_t' not an argument of 'Pymultinest', removing.
03:58 WARNING : Supplied argument 'check_point_delta_t' not an argument of 'Pymultinest', removing.
03:58 INFO    : Using sampler Pymultinest with kwargs {'importance_nested_sampling': False, 'resume': True, 'verbose': True, 'sampling_efficiency': 'parameter', 'n_live_points': 2048, 'n_params': 5, 'n_clustering_params': None, 'wrapped_params': None, 'multimodal': True, 'const_efficiency_mode': False, 'evidence_tolerance': 0.5, 'n_iter_before_update': 100, 'null_log_evidence': -1e+90, 'max_modes': 100, 'mode_tolerance': -1e+90, 'seed': 42, 'context': 0, 'write_output': True, 'log_zero': -1e+100, 'max_iter': 0, 'init_MPI': False, 'dump_callback': <bound method Pymultinest._dump_callback of <bilby.core.sampler.pymultinest.Pymultinest object at 0x155500fe3820>>}
03:58 INFO    : Using sampler Pymultinest with kwargs {'importance_nested_sampling': False, 'resume': True, 'verbose': True, 'sampling_efficiency': 'parameter', 'n_live_points': 2048, 'n_params': 5, 'n_clustering_params': None, 'wrapped_params': None, 'multimodal': True, 'const_efficiency_mode': False, 'evidence_tolerance': 0.5, 'n_iter_before_update': 100, 'null_log_evidence': -1e+90, 'max_modes': 100, 'mode_tolerance': -1e+90, 'seed': 42, 'context': 0, 'write_output': True, 'log_zero': -1e+100, 'max_iter': 0, 'init_MPI': False, 'dump_callback': <bound method Pymultinest._dump_callback of <bilby.core.sampler.pymultinest.Pymultinest object at 0x155500fe3b80>>}
03:58 INFO    : Temporary directory incompatible with MPI, will run in original directory
03:58 INFO    : Temporary directory incompatible with MPI, will run in original directory
03:58 INFO    : Using output file outdirBNSBu32cores/pm_InjectionRecoveryIterations/
03:58 INFO    : Using output file outdirBNSBu32cores/pm_InjectionRecoveryIterations/
03:58 WARNING : Supplied argument 'queue_size' not an argument of 'Pymultinest', removing.
03:58 WARNING : Supplied argument 'check_point_delta_t' not an argument of 'Pymultinest', removing.
03:58 INFO    : Using sampler Pymultinest with kwargs {'importance_nested_sampling': False, 'resume': True, 'verbose': True, 'sampling_efficiency': 'parameter', 'n_live_points': 2048, 'n_params': 5, 'n_clustering_params': None, 'wrapped_params': None, 'multimodal': True, 'const_efficiency_mode': False, 'evidence_tolerance': 0.5, 'n_iter_before_update': 100, 'null_log_evidence': -1e+90, 'max_modes': 100, 'mode_tolerance': -1e+90, 'seed': 42, 'context': 0, 'write_output': True, 'log_zero': -1e+100, 'max_iter': 0, 'init_MPI': False, 'dump_callback': <bound method Pymultinest._dump_callback of <bilby.core.sampler.pymultinest.Pymultinest object at 0x155500fdf4f0>>}
03:58 INFO    : Temporary directory incompatible with MPI, will run in original directory
03:58 INFO    : Using output file outdirBNSBu32cores/pm_InjectionRecoveryIterations/
03:58 WARNING : Supplied argument 'queue_size' not an argument of 'Pymultinest', removing.
03:58 WARNING : Supplied argument 'check_point_delta_t' not an argument of 'Pymultinest', removing.
03:58 INFO    : Using sampler Pymultinest with kwargs {'importance_nested_sampling': False, 'resume': True, 'verbose': True, 'sampling_efficiency': 'parameter', 'n_live_points': 2048, 'n_params': 5, 'n_clustering_params': None, 'wrapped_params': None, 'multimodal': True, 'const_efficiency_mode': False, 'evidence_tolerance': 0.5, 'n_iter_before_update': 100, 'null_log_evidence': -1e+90, 'max_modes': 100, 'mode_tolerance': -1e+90, 'seed': 42, 'context': 0, 'write_output': True, 'log_zero': -1e+100, 'max_iter': 0, 'init_MPI': False, 'dump_callback': <bound method Pymultinest._dump_callback of <bilby.core.sampler.pymultinest.Pymultinest object at 0x155500fdfbb0>>}
03:58 WARNING : Supplied argument 'queue_size' not an argument of 'Pymultinest', removing.
03:58 WARNING : Supplied argument 'check_point_delta_t' not an argument of 'Pymultinest', removing.
03:58 INFO    : Using sampler Pymultinest with kwargs {'importance_nested_sampling': False, 'resume': True, 'verbose': True, 'sampling_efficiency': 'parameter', 'n_live_points': 2048, 'n_params': 5, 'n_clustering_params': None, 'wrapped_params': None, 'multimodal': True, 'const_efficiency_mode': False, 'evidence_tolerance': 0.5, 'n_iter_before_update': 100, 'null_log_evidence': -1e+90, 'max_modes': 100, 'mode_tolerance': -1e+90, 'seed': 42, 'context': 0, 'write_output': True, 'log_zero': -1e+100, 'max_iter': 0, 'init_MPI': False, 'dump_callback': <bound method Pymultinest._dump_callback of <bilby.core.sampler.pymultinest.Pymultinest object at 0x155500fdbac0>>}
03:58 INFO    : Temporary directory incompatible with MPI, will run in original directory
03:58 INFO    : Temporary directory incompatible with MPI, will run in original directory
03:58 INFO    : Using output file outdirBNSBu32cores/pm_InjectionRecoveryIterations/
03:58 INFO    : Using output file outdirBNSBu32cores/pm_InjectionRecoveryIterations/
03:58 WARNING : Supplied argument 'queue_size' not an argument of 'Pymultinest', removing.
03:58 WARNING : Supplied argument 'check_point_delta_t' not an argument of 'Pymultinest', removing.
03:58 INFO    : Using sampler Pymultinest with kwargs {'importance_nested_sampling': False, 'resume': True, 'verbose': True, 'sampling_efficiency': 'parameter', 'n_live_points': 2048, 'n_params': 5, 'n_clustering_params': None, 'wrapped_params': None, 'multimodal': True, 'const_efficiency_mode': False, 'evidence_tolerance': 0.5, 'n_iter_before_update': 100, 'null_log_evidence': -1e+90, 'max_modes': 100, 'mode_tolerance': -1e+90, 'seed': 42, 'context': 0, 'write_output': True, 'log_zero': -1e+100, 'max_iter': 0, 'init_MPI': False, 'dump_callback': <bound method Pymultinest._dump_callback of <bilby.core.sampler.pymultinest.Pymultinest object at 0x155500fdf430>>}
03:58 INFO    : Temporary directory incompatible with MPI, will run in original directory
03:58 INFO    : Using output file outdirBNSBu32cores/pm_InjectionRecoveryIterations/
03:58 WARNING : Supplied argument 'queue_size' not an argument of 'Pymultinest', removing.
03:58 WARNING : Supplied argument 'check_point_delta_t' not an argument of 'Pymultinest', removing.
03:58 INFO    : Using sampler Pymultinest with kwargs {'importance_nested_sampling': False, 'resume': True, 'verbose': True, 'sampling_efficiency': 'parameter', 'n_live_points': 2048, 'n_params': 5, 'n_clustering_params': None, 'wrapped_params': None, 'multimodal': True, 'const_efficiency_mode': False, 'evidence_tolerance': 0.5, 'n_iter_before_update': 100, 'null_log_evidence': -1e+90, 'max_modes': 100, 'mode_tolerance': -1e+90, 'seed': 42, 'context': 0, 'write_output': True, 'log_zero': -1e+100, 'max_iter': 0, 'init_MPI': False, 'dump_callback': <bound method Pymultinest._dump_callback of <bilby.core.sampler.pymultinest.Pymultinest object at 0x155500fdfac0>>}
03:58 INFO    : Temporary directory incompatible with MPI, will run in original directory
03:58 INFO    : Using output file outdirBNSBu32cores/pm_InjectionRecoveryIterations/
03:58 INFO    : Single likelihood evaluation took 4.430e-01 s
03:58 INFO    : Single likelihood evaluation took 4.435e-01 s
03:58 INFO    : Single likelihood evaluation took 4.470e-01 s
03:58 INFO    : Single likelihood evaluation took 4.470e-01 s
03:58 WARNING : Supplied argument 'queue_size' not an argument of 'Pymultinest', removing.
03:58 WARNING : Supplied argument 'check_point_delta_t' not an argument of 'Pymultinest', removing.
03:58 INFO    : Using sampler Pymultinest with kwargs {'importance_nested_sampling': False, 'resume': True, 'verbose': True, 'sampling_efficiency': 'parameter', 'n_live_points': 2048, 'n_params': 5, 'n_clustering_params': None, 'wrapped_params': None, 'multimodal': True, 'const_efficiency_mode': False, 'evidence_tolerance': 0.5, 'n_iter_before_update': 100, 'null_log_evidence': -1e+90, 'max_modes': 100, 'mode_tolerance': -1e+90, 'seed': 42, 'context': 0, 'write_output': True, 'log_zero': -1e+100, 'max_iter': 0, 'init_MPI': False, 'dump_callback': <bound method Pymultinest._dump_callback of <bilby.core.sampler.pymultinest.Pymultinest object at 0x155500fe3790>>}
03:58 INFO    : Temporary directory incompatible with MPI, will run in original directory
03:58 INFO    : Using output file outdirBNSBu32cores/pm_InjectionRecoveryIterations/
03:58 WARNING : Supplied argument 'queue_size' not an argument of 'Pymultinest', removing.
03:58 WARNING : Supplied argument 'check_point_delta_t' not an argument of 'Pymultinest', removing.
03:58 INFO    : Using sampler Pymultinest with kwargs {'importance_nested_sampling': False, 'resume': True, 'verbose': True, 'sampling_efficiency': 'parameter', 'n_live_points': 2048, 'n_params': 5, 'n_clustering_params': None, 'wrapped_params': None, 'multimodal': True, 'const_efficiency_mode': False, 'evidence_tolerance': 0.5, 'n_iter_before_update': 100, 'null_log_evidence': -1e+90, 'max_modes': 100, 'mode_tolerance': -1e+90, 'seed': 42, 'context': 0, 'write_output': True, 'log_zero': -1e+100, 'max_iter': 0, 'init_MPI': False, 'dump_callback': <bound method Pymultinest._dump_callback of <bilby.core.sampler.pymultinest.Pymultinest object at 0x155500fdb6d0>>}
03:58 INFO    : Temporary directory incompatible with MPI, will run in original directory
03:58 INFO    : Using output file outdirBNSBu32cores/pm_InjectionRecoveryIterations/
03:58 INFO    : Single likelihood evaluation took 4.481e-01 s
03:58 INFO    : Single likelihood evaluation took 4.484e-01 s
03:58 INFO    : Single likelihood evaluation took 4.491e-01 s
03:58 INFO    : Single likelihood evaluation took 4.493e-01 s
03:58 INFO    : Single likelihood evaluation took 4.493e-01 s
03:58 INFO    : Single likelihood evaluation took 4.494e-01 s
03:58 WARNING : Supplied argument 'queue_size' not an argument of 'Pymultinest', removing.
03:58 WARNING : Supplied argument 'check_point_delta_t' not an argument of 'Pymultinest', removing.
03:58 INFO    : Using sampler Pymultinest with kwargs {'importance_nested_sampling': False, 'resume': True, 'verbose': True, 'sampling_efficiency': 'parameter', 'n_live_points': 2048, 'n_params': 5, 'n_clustering_params': None, 'wrapped_params': None, 'multimodal': True, 'const_efficiency_mode': False, 'evidence_tolerance': 0.5, 'n_iter_before_update': 100, 'null_log_evidence': -1e+90, 'max_modes': 100, 'mode_tolerance': -1e+90, 'seed': 42, 'context': 0, 'write_output': True, 'log_zero': -1e+100, 'max_iter': 0, 'init_MPI': False, 'dump_callback': <bound method Pymultinest._dump_callback of <bilby.core.sampler.pymultinest.Pymultinest object at 0x155500fdbaf0>>}
03:58 INFO    : Temporary directory incompatible with MPI, will run in original directory
03:58 WARNING : Supplied argument 'queue_size' not an argument of 'Pymultinest', removing.
03:58 WARNING : Supplied argument 'check_point_delta_t' not an argument of 'Pymultinest', removing.
03:58 INFO    : Using sampler Pymultinest with kwargs {'importance_nested_sampling': False, 'resume': True, 'verbose': True, 'sampling_efficiency': 'parameter', 'n_live_points': 2048, 'n_params': 5, 'n_clustering_params': None, 'wrapped_params': None, 'multimodal': True, 'const_efficiency_mode': False, 'evidence_tolerance': 0.5, 'n_iter_before_update': 100, 'null_log_evidence': -1e+90, 'max_modes': 100, 'mode_tolerance': -1e+90, 'seed': 42, 'context': 0, 'write_output': True, 'log_zero': -1e+100, 'max_iter': 0, 'init_MPI': False, 'dump_callback': <bound method Pymultinest._dump_callback of <bilby.core.sampler.pymultinest.Pymultinest object at 0x155500fdbb80>>}
03:58 INFO    : Using output file outdirBNSBu32cores/pm_InjectionRecoveryIterations/
03:58 INFO    : Temporary directory incompatible with MPI, will run in original directory
03:58 INFO    : Using output file outdirBNSBu32cores/pm_InjectionRecoveryIterations/
03:58 INFO    : Single likelihood evaluation took 4.494e-01 s
03:58 INFO    : Single likelihood evaluation took 4.502e-01 s
03:58 WARNING : Supplied argument 'queue_size' not an argument of 'Pymultinest', removing.
03:58 WARNING : Supplied argument 'check_point_delta_t' not an argument of 'Pymultinest', removing.
03:58 INFO    : Using sampler Pymultinest with kwargs {'importance_nested_sampling': False, 'resume': True, 'verbose': True, 'sampling_efficiency': 'parameter', 'n_live_points': 2048, 'n_params': 5, 'n_clustering_params': None, 'wrapped_params': None, 'multimodal': True, 'const_efficiency_mode': False, 'evidence_tolerance': 0.5, 'n_iter_before_update': 100, 'null_log_evidence': -1e+90, 'max_modes': 100, 'mode_tolerance': -1e+90, 'seed': 42, 'context': 0, 'write_output': True, 'log_zero': -1e+100, 'max_iter': 0, 'init_MPI': False, 'dump_callback': <bound method Pymultinest._dump_callback of <bilby.core.sampler.pymultinest.Pymultinest object at 0x155500fe3940>>}
03:58 INFO    : Temporary directory incompatible with MPI, will run in original directory
03:58 INFO    : Using output file outdirBNSBu32cores/pm_InjectionRecoveryIterations/
03:58 WARNING : Supplied argument 'queue_size' not an argument of 'Pymultinest', removing.
03:58 WARNING : Supplied argument 'check_point_delta_t' not an argument of 'Pymultinest', removing.
03:58 INFO    : Using sampler Pymultinest with kwargs {'importance_nested_sampling': False, 'resume': True, 'verbose': True, 'sampling_efficiency': 'parameter', 'n_live_points': 2048, 'n_params': 5, 'n_clustering_params': None, 'wrapped_params': None, 'multimodal': True, 'const_efficiency_mode': False, 'evidence_tolerance': 0.5, 'n_iter_before_update': 100, 'null_log_evidence': -1e+90, 'max_modes': 100, 'mode_tolerance': -1e+90, 'seed': 42, 'context': 0, 'write_output': True, 'log_zero': -1e+100, 'max_iter': 0, 'init_MPI': False, 'dump_callback': <bound method Pymultinest._dump_callback of <bilby.core.sampler.pymultinest.Pymultinest object at 0x155500fdf610>>}
03:58 INFO    : Temporary directory incompatible with MPI, will run in original directory
03:58 INFO    : Using output file outdirBNSBu32cores/pm_InjectionRecoveryIterations/
03:58 WARNING : Supplied argument 'queue_size' not an argument of 'Pymultinest', removing.
03:58 WARNING : Supplied argument 'check_point_delta_t' not an argument of 'Pymultinest', removing.
03:58 INFO    : Using sampler Pymultinest with kwargs {'importance_nested_sampling': False, 'resume': True, 'verbose': True, 'sampling_efficiency': 'parameter', 'n_live_points': 2048, 'n_params': 5, 'n_clustering_params': None, 'wrapped_params': None, 'multimodal': True, 'const_efficiency_mode': False, 'evidence_tolerance': 0.5, 'n_iter_before_update': 100, 'null_log_evidence': -1e+90, 'max_modes': 100, 'mode_tolerance': -1e+90, 'seed': 42, 'context': 0, 'write_output': True, 'log_zero': -1e+100, 'max_iter': 0, 'init_MPI': False, 'dump_callback': <bound method Pymultinest._dump_callback of <bilby.core.sampler.pymultinest.Pymultinest object at 0x155500fdfa90>>}
03:58 INFO    : Temporary directory incompatible with MPI, will run in original directory
03:58 INFO    : Using output file outdirBNSBu32cores/pm_InjectionRecoveryIterations/
03:58 WARNING : Supplied argument 'queue_size' not an argument of 'Pymultinest', removing.
03:58 WARNING : Supplied argument 'check_point_delta_t' not an argument of 'Pymultinest', removing.
03:58 INFO    : Using sampler Pymultinest with kwargs {'importance_nested_sampling': False, 'resume': True, 'verbose': True, 'sampling_efficiency': 'parameter', 'n_live_points': 2048, 'n_params': 5, 'n_clustering_params': None, 'wrapped_params': None, 'multimodal': True, 'const_efficiency_mode': False, 'evidence_tolerance': 0.5, 'n_iter_before_update': 100, 'null_log_evidence': -1e+90, 'max_modes': 100, 'mode_tolerance': -1e+90, 'seed': 42, 'context': 0, 'write_output': True, 'log_zero': -1e+100, 'max_iter': 0, 'init_MPI': False, 'dump_callback': <bound method Pymultinest._dump_callback of <bilby.core.sampler.pymultinest.Pymultinest object at 0x155500fdbb20>>}
03:58 INFO    : Temporary directory incompatible with MPI, will run in original directory
03:58 INFO    : Using output file outdirBNSBu32cores/pm_InjectionRecoveryIterations/
03:58 INFO    : Single likelihood evaluation took 4.516e-01 s
03:58 INFO    : Single likelihood evaluation took 4.516e-01 s
03:58 INFO    : Single likelihood evaluation took 4.518e-01 s
03:58 INFO    : Single likelihood evaluation took 4.518e-01 s
03:58 WARNING : Supplied argument 'queue_size' not an argument of 'Pymultinest', removing.
03:58 WARNING : Supplied argument 'check_point_delta_t' not an argument of 'Pymultinest', removing.
03:58 INFO    : Using sampler Pymultinest with kwargs {'importance_nested_sampling': False, 'resume': True, 'verbose': True, 'sampling_efficiency': 'parameter', 'n_live_points': 2048, 'n_params': 5, 'n_clustering_params': None, 'wrapped_params': None, 'multimodal': True, 'const_efficiency_mode': False, 'evidence_tolerance': 0.5, 'n_iter_before_update': 100, 'null_log_evidence': -1e+90, 'max_modes': 100, 'mode_tolerance': -1e+90, 'seed': 42, 'context': 0, 'write_output': True, 'log_zero': -1e+100, 'max_iter': 0, 'init_MPI': False, 'dump_callback': <bound method Pymultinest._dump_callback of <bilby.core.sampler.pymultinest.Pymultinest object at 0x155500fe2fe0>>}
03:58 INFO    : Temporary directory incompatible with MPI, will run in original directory
03:58 INFO    : Using output file outdirBNSBu32cores/pm_InjectionRecoveryIterations/
03:58 WARNING : Supplied argument 'queue_size' not an argument of 'Pymultinest', removing.
03:58 WARNING : Supplied argument 'check_point_delta_t' not an argument of 'Pymultinest', removing.
03:58 INFO    : Using sampler Pymultinest with kwargs {'importance_nested_sampling': False, 'resume': True, 'verbose': True, 'sampling_efficiency': 'parameter', 'n_live_points': 2048, 'n_params': 5, 'n_clustering_params': None, 'wrapped_params': None, 'multimodal': True, 'const_efficiency_mode': False, 'evidence_tolerance': 0.5, 'n_iter_before_update': 100, 'null_log_evidence': -1e+90, 'max_modes': 100, 'mode_tolerance': -1e+90, 'seed': 42, 'context': 0, 'write_output': True, 'log_zero': -1e+100, 'max_iter': 0, 'init_MPI': False, 'dump_callback': <bound method Pymultinest._dump_callback of <bilby.core.sampler.pymultinest.Pymultinest object at 0x155500fdf550>>}
03:58 WARNING : Supplied argument 'queue_size' not an argument of 'Pymultinest', removing.
03:58 INFO    : Temporary directory incompatible with MPI, will run in original directory
03:58 WARNING : Supplied argument 'check_point_delta_t' not an argument of 'Pymultinest', removing.
03:58 INFO    : Using sampler Pymultinest with kwargs {'importance_nested_sampling': False, 'resume': True, 'verbose': True, 'sampling_efficiency': 'parameter', 'n_live_points': 2048, 'n_params': 5, 'n_clustering_params': None, 'wrapped_params': None, 'multimodal': True, 'const_efficiency_mode': False, 'evidence_tolerance': 0.5, 'n_iter_before_update': 100, 'null_log_evidence': -1e+90, 'max_modes': 100, 'mode_tolerance': -1e+90, 'seed': 42, 'context': 0, 'write_output': True, 'log_zero': -1e+100, 'max_iter': 0, 'init_MPI': False, 'dump_callback': <bound method Pymultinest._dump_callback of <bilby.core.sampler.pymultinest.Pymultinest object at 0x155500fdbc10>>}
03:58 INFO    : Using output file outdirBNSBu32cores/pm_InjectionRecoveryIterations/
03:58 INFO    : Temporary directory incompatible with MPI, will run in original directory
03:58 INFO    : Using output file outdirBNSBu32cores/pm_InjectionRecoveryIterations/
03:58 WARNING : Supplied argument 'queue_size' not an argument of 'Pymultinest', removing.
03:58 WARNING : Supplied argument 'check_point_delta_t' not an argument of 'Pymultinest', removing.
03:58 INFO    : Using sampler Pymultinest with kwargs {'importance_nested_sampling': False, 'resume': True, 'verbose': True, 'sampling_efficiency': 'parameter', 'n_live_points': 2048, 'n_params': 5, 'n_clustering_params': None, 'wrapped_params': None, 'multimodal': True, 'const_efficiency_mode': False, 'evidence_tolerance': 0.5, 'n_iter_before_update': 100, 'null_log_evidence': -1e+90, 'max_modes': 100, 'mode_tolerance': -1e+90, 'seed': 42, 'context': 0, 'write_output': True, 'log_zero': -1e+100, 'max_iter': 0, 'init_MPI': False, 'dump_callback': <bound method Pymultinest._dump_callback of <bilby.core.sampler.pymultinest.Pymultinest object at 0x155500fe35e0>>}
03:58 INFO    : Temporary directory incompatible with MPI, will run in original directory
03:58 INFO    : Using output file outdirBNSBu32cores/pm_InjectionRecoveryIterations/
03:58 WARNING : Supplied argument 'queue_size' not an argument of 'Pymultinest', removing.
03:58 WARNING : Supplied argument 'check_point_delta_t' not an argument of 'Pymultinest', removing.
03:58 WARNING : Supplied argument 'queue_size' not an argument of 'Pymultinest', removing.
03:58 WARNING : Supplied argument 'check_point_delta_t' not an argument of 'Pymultinest', removing.
03:58 INFO    : Using sampler Pymultinest with kwargs {'importance_nested_sampling': False, 'resume': True, 'verbose': True, 'sampling_efficiency': 'parameter', 'n_live_points': 2048, 'n_params': 5, 'n_clustering_params': None, 'wrapped_params': None, 'multimodal': True, 'const_efficiency_mode': False, 'evidence_tolerance': 0.5, 'n_iter_before_update': 100, 'null_log_evidence': -1e+90, 'max_modes': 100, 'mode_tolerance': -1e+90, 'seed': 42, 'context': 0, 'write_output': True, 'log_zero': -1e+100, 'max_iter': 0, 'init_MPI': False, 'dump_callback': <bound method Pymultinest._dump_callback of <bilby.core.sampler.pymultinest.Pymultinest object at 0x155500fdf550>>}
03:58 INFO    : Using sampler Pymultinest with kwargs {'importance_nested_sampling': False, 'resume': True, 'verbose': True, 'sampling_efficiency': 'parameter', 'n_live_points': 2048, 'n_params': 5, 'n_clustering_params': None, 'wrapped_params': None, 'multimodal': True, 'const_efficiency_mode': False, 'evidence_tolerance': 0.5, 'n_iter_before_update': 100, 'null_log_evidence': -1e+90, 'max_modes': 100, 'mode_tolerance': -1e+90, 'seed': 42, 'context': 0, 'write_output': True, 'log_zero': -1e+100, 'max_iter': 0, 'init_MPI': False, 'dump_callback': <bound method Pymultinest._dump_callback of <bilby.core.sampler.pymultinest.Pymultinest object at 0x155500fe3520>>}
03:58 INFO    : Temporary directory incompatible with MPI, will run in original directory
03:58 INFO    : Temporary directory incompatible with MPI, will run in original directory
03:58 INFO    : Using output file outdirBNSBu32cores/pm_InjectionRecoveryIterations/
03:58 INFO    : Using output file outdirBNSBu32cores/pm_InjectionRecoveryIterations/
03:58 WARNING : Supplied argument 'queue_size' not an argument of 'Pymultinest', removing.
03:58 WARNING : Supplied argument 'queue_size' not an argument of 'Pymultinest', removing.
03:58 WARNING : Supplied argument 'check_point_delta_t' not an argument of 'Pymultinest', removing.
03:58 WARNING : Supplied argument 'check_point_delta_t' not an argument of 'Pymultinest', removing.
03:58 INFO    : Using sampler Pymultinest with kwargs {'importance_nested_sampling': False, 'resume': True, 'verbose': True, 'sampling_efficiency': 'parameter', 'n_live_points': 2048, 'n_params': 5, 'n_clustering_params': None, 'wrapped_params': None, 'multimodal': True, 'const_efficiency_mode': False, 'evidence_tolerance': 0.5, 'n_iter_before_update': 100, 'null_log_evidence': -1e+90, 'max_modes': 100, 'mode_tolerance': -1e+90, 'seed': 42, 'context': 0, 'write_output': True, 'log_zero': -1e+100, 'max_iter': 0, 'init_MPI': False, 'dump_callback': <bound method Pymultinest._dump_callback of <bilby.core.sampler.pymultinest.Pymultinest object at 0x155500fdf970>>}
03:58 INFO    : Using sampler Pymultinest with kwargs {'importance_nested_sampling': False, 'resume': True, 'verbose': True, 'sampling_efficiency': 'parameter', 'n_live_points': 2048, 'n_params': 5, 'n_clustering_params': None, 'wrapped_params': None, 'multimodal': True, 'const_efficiency_mode': False, 'evidence_tolerance': 0.5, 'n_iter_before_update': 100, 'null_log_evidence': -1e+90, 'max_modes': 100, 'mode_tolerance': -1e+90, 'seed': 42, 'context': 0, 'write_output': True, 'log_zero': -1e+100, 'max_iter': 0, 'init_MPI': False, 'dump_callback': <bound method Pymultinest._dump_callback of <bilby.core.sampler.pymultinest.Pymultinest object at 0x155500fdf550>>}
03:58 INFO    : Temporary directory incompatible with MPI, will run in original directory
03:58 INFO    : Temporary directory incompatible with MPI, will run in original directory
03:58 INFO    : Using output file outdirBNSBu32cores/pm_InjectionRecoveryIterations/
03:58 INFO    : Using output file outdirBNSBu32cores/pm_InjectionRecoveryIterations/
04:14 INFO    : Sampling time: 0:15:51.705806
04:14 INFO    : Sampling time: 0:15:47.623172
04:14 INFO    : Sampling time: 0:15:47.718078
04:14 INFO    : Sampling time: 0:15:47.623060
04:14 INFO    : Sampling time: 0:15:47.621343
04:14 INFO    : Sampling time: 0:15:47.621034
04:14 INFO    : Sampling time: 0:15:47.720438
04:14 INFO    : Sampling time: 0:15:47.832491
04:14 INFO    : Sampling time: 0:15:47.681086
04:14 INFO    : Sampling time: 0:15:47.771874
04:14 INFO    : Sampling time: 0:15:48.025551
04:14 INFO    : Sampling time: 0:15:48.259327
04:14 INFO    : Sampling time: 0:15:47.839622
04:14 INFO    : Sampling time: 0:15:47.884570
04:14 INFO    : Sampling time: 0:15:47.817920
04:14 INFO    : Sampling time: 0:15:48.024838
04:14 INFO    : Sampling time: 0:15:48.207376
04:14 INFO    : Sampling time: 0:15:51.756861
04:14 INFO    : Sampling time: 0:15:52.314208
04:14 INFO    : Sampling time: 0:15:52.313158
04:14 INFO    : Sampling time: 0:15:51.751552
04:14 INFO    : Sampling time: 0:15:51.840960
04:14 INFO    : Sampling time: 0:15:52.316010
04:14 INFO    : Sampling time: 0:15:51.756970
04:14 INFO    : Sampling time: 0:15:52.849575
04:14 INFO    : Sampling time: 0:15:51.705437
04:14 INFO    : Sampling time: 0:15:52.169312
04:14 INFO    : Sampling time: 0:15:52.169201
04:14 INFO    : Sampling time: 0:15:51.851620
04:14 INFO    : Sampling time: 0:15:51.877091
04:14 INFO    : Sampling time: 0:15:51.705383
04:14 INFO    : Sampling time: 0:15:51.705599
04:14 ERROR   : 

Saving the data has failed with the following message:
[Errno 116] Stale file handle
Data has been dumped to outdirBNSBu32cores/InjectionRecoveryIterations_result.pkl.


04:14 INFO    : Summary of results:
nsamples: 11632
ln_noise_evidence:  0.000
ln_evidence: -110.938 +/-  0.058
ln_bayes_factor: -110.938 +/-  0.058

04:14 INFO    : Summary of results:
nsamples: 11632
ln_noise_evidence:  0.000
ln_evidence: -110.938 +/-  0.058
ln_bayes_factor: -110.938 +/-  0.058

04:14 INFO    : Summary of results:
nsamples: 11632
ln_noise_evidence:  0.000
ln_evidence: -110.938 +/-  0.058
ln_bayes_factor: -110.938 +/-  0.058

04:14 INFO    : Summary of results:
nsamples: 11632
ln_noise_evidence:  0.000
ln_evidence: -110.938 +/-  0.058
ln_bayes_factor: -110.938 +/-  0.058

04:14 INFO    : Summary of results:
nsamples: 11632
ln_noise_evidence:  0.000
ln_evidence: -110.938 +/-  0.058
ln_bayes_factor: -110.938 +/-  0.058

04:14 INFO    : Summary of results:
nsamples: 11632
ln_noise_evidence:  0.000
ln_evidence: -110.938 +/-  0.058
ln_bayes_factor: -110.938 +/-  0.058

04:14 INFO    : Summary of results:
nsamples: 11632
ln_noise_evidence:  0.000
ln_evidence: -110.938 +/-  0.058
ln_bayes_factor: -110.938 +/-  0.058

04:14 INFO    : Summary of results:
nsamples: 11632
ln_noise_evidence:  0.000
ln_evidence: -110.938 +/-  0.058
ln_bayes_factor: -110.938 +/-  0.058

04:14 INFO    : Summary of results:
nsamples: 11632
ln_noise_evidence:  0.000
ln_evidence: -110.938 +/-  0.058
ln_bayes_factor: -110.938 +/-  0.058

04:14 INFO    : Summary of results:
nsamples: 11632
ln_noise_evidence:  0.000
ln_evidence: -110.938 +/-  0.058
ln_bayes_factor: -110.938 +/-  0.058

04:14 INFO    : Summary of results:
nsamples: 11632
ln_noise_evidence:  0.000
ln_evidence: -110.938 +/-  0.058
ln_bayes_factor: -110.938 +/-  0.058

04:14 INFO    : Summary of results:
nsamples: 11632
ln_noise_evidence:  0.000
ln_evidence: -110.938 +/-  0.058
ln_bayes_factor: -110.938 +/-  0.058

04:14 INFO    : Summary of results:
nsamples: 11632
ln_noise_evidence:  0.000
ln_evidence: -110.938 +/-  0.058
ln_bayes_factor: -110.938 +/-  0.058

04:14 INFO    : Writing samples file to /home/thussenot/kilonovae-H0/Injection_Recovery_IterationsVariation/InjectionBaseLightcurve1/1perday_9/grizyJHK/outdirBNSBu32cores/InjectionRecoveryIterations_posterior_samples.dat
04:14 INFO    : Summary of results:
nsamples: 11632
ln_noise_evidence:  0.000
ln_evidence: -110.938 +/-  0.058
ln_bayes_factor: -110.938 +/-  0.058

04:14 INFO    : Summary of results:
nsamples: 11632
ln_noise_evidence:  0.000
ln_evidence: -110.938 +/-  0.058
ln_bayes_factor: -110.938 +/-  0.058

04:47 INFO    : Running for label 'InjectionRecoveryIterations', output will be saved to 'outdirBNSBu32cores'
04:47 INFO    : Analysis priors:
04:47 INFO    : KNphi=Uniform(minimum=15.0, maximum=75.0, name='KNphi', latex_label='$\\Phi$', unit=None, boundary=None)
04:47 INFO    : log10_mej_dyn=Uniform(minimum=-3.0, maximum=-1.0, name='log10_mej_dyn', latex_label='$\\log_{10}M^{\\rm{dyn}}_{\\rm{ej}}$', unit=None, boundary='reflective')
04:47 INFO    : log10_mej_wind=Uniform(minimum=-3.0, maximum=-0.5, name='log10_mej_wind', latex_label='$\\log_{10}M^{\\rm{wind}}_{\\rm{ej}}$', unit=None, boundary='reflective')
04:47 INFO    : inclination_EM=Sine(minimum=0.0, maximum=1.5707963267948966, name='inclination_EM', latex_label='$\\iota$', unit=None, boundary=None)
04:47 INFO    : luminosity_distance=LogUniform(minimum=1, maximum=500, name='luminosity_distance', latex_label='$D_L$', unit=None, boundary=None)
04:47 INFO    : timeshift=0.0
04:47 INFO    : em_syserr=1.0
04:47 INFO    : Ebv=0.0
04:47 INFO    : Analysis likelihood class: <class 'nmma.em.likelihood.OpticalLightCurve'>
04:47 INFO    : Analysis likelihood noise evidence: 0.0
04:47 INFO    : Single likelihood evaluation took 6.962e-02 s
04:47 WARNING : Supplied argument 'queue_size' not an argument of 'Pymultinest', removing.
04:47 WARNING : Supplied argument 'check_point_delta_t' not an argument of 'Pymultinest', removing.
04:47 WARNING : Using cached result
04:47 INFO    : Summary of results:
nsamples: 11632
ln_noise_evidence:  0.000
ln_evidence: -110.938 +/-  0.058
ln_bayes_factor: -110.938 +/-  0.058

04:47 INFO    : Writing samples file to /home/thussenot/kilonovae-H0/Injection_Recovery_IterationsVariation/InjectionBaseLightcurve1/1perday_9/grizyJHK/outdirBNSBu32cores/InjectionRecoveryIterations_posterior_samples.dat
