04:03 INFO    : Running for label 'Simu2019lm', output will be saved to 'outdirBNSBu32cores'
04:03 INFO    : Running for label 'Simu2019lm', output will be saved to 'outdirBNSBu32cores'
04:03 INFO    : Running for label 'Simu2019lm', output will be saved to 'outdirBNSBu32cores'
04:03 INFO    : Running for label 'Simu2019lm', output will be saved to 'outdirBNSBu32cores'
04:03 INFO    : Running for label 'Simu2019lm', output will be saved to 'outdirBNSBu32cores'
04:03 INFO    : Running for label 'Simu2019lm', output will be saved to 'outdirBNSBu32cores'
04:03 INFO    : Running for label 'Simu2019lm', output will be saved to 'outdirBNSBu32cores'
04:03 INFO    : Running for label 'Simu2019lm', output will be saved to 'outdirBNSBu32cores'
04:03 INFO    : Running for label 'Simu2019lm', output will be saved to 'outdirBNSBu32cores'
04:03 INFO    : Running for label 'Simu2019lm', output will be saved to 'outdirBNSBu32cores'
04:03 INFO    : Running for label 'Simu2019lm', output will be saved to 'outdirBNSBu32cores'
04:03 INFO    : Running for label 'Simu2019lm', output will be saved to 'outdirBNSBu32cores'
04:03 INFO    : Running for label 'Simu2019lm', output will be saved to 'outdirBNSBu32cores'
04:03 INFO    : Running for label 'Simu2019lm', output will be saved to 'outdirBNSBu32cores'
04:03 INFO    : Running for label 'Simu2019lm', output will be saved to 'outdirBNSBu32cores'
04:03 INFO    : Running for label 'Simu2019lm', output will be saved to 'outdirBNSBu32cores'
04:03 INFO    : Running for label 'Simu2019lm', output will be saved to 'outdirBNSBu32cores'
04:03 INFO    : Running for label 'Simu2019lm', output will be saved to 'outdirBNSBu32cores'
04:03 INFO    : Running for label 'Simu2019lm', output will be saved to 'outdirBNSBu32cores'
04:03 INFO    : Running for label 'Simu2019lm', output will be saved to 'outdirBNSBu32cores'
04:03 INFO    : Running for label 'Simu2019lm', output will be saved to 'outdirBNSBu32cores'
04:03 INFO    : Running for label 'Simu2019lm', output will be saved to 'outdirBNSBu32cores'
04:03 INFO    : Running for label 'Simu2019lm', output will be saved to 'outdirBNSBu32cores'
04:03 INFO    : Running for label 'Simu2019lm', output will be saved to 'outdirBNSBu32cores'
04:03 INFO    : Running for label 'Simu2019lm', output will be saved to 'outdirBNSBu32cores'
04:03 INFO    : Running for label 'Simu2019lm', output will be saved to 'outdirBNSBu32cores'
04:03 INFO    : Running for label 'Simu2019lm', output will be saved to 'outdirBNSBu32cores'
04:03 INFO    : Running for label 'Simu2019lm', output will be saved to 'outdirBNSBu32cores'
04:03 INFO    : Running for label 'Simu2019lm', output will be saved to 'outdirBNSBu32cores'
04:03 INFO    : Running for label 'Simu2019lm', output will be saved to 'outdirBNSBu32cores'
04:03 INFO    : Running for label 'Simu2019lm', output will be saved to 'outdirBNSBu32cores'
04:03 INFO    : Running for label 'Simu2019lm', output will be saved to 'outdirBNSBu32cores'
04:03 INFO    : Analysis priors:
04:03 INFO    : Analysis priors:
04:03 INFO    : Analysis priors:
04:03 INFO    : Analysis priors:
04:03 INFO    : Analysis priors:
04:03 INFO    : Analysis priors:
04:03 INFO    : Analysis priors:
04:03 INFO    : Analysis priors:
04:03 INFO    : Analysis priors:
04:03 INFO    : Analysis priors:
04:03 INFO    : Analysis priors:
04:03 INFO    : Analysis priors:
04:03 INFO    : KNphi=Uniform(minimum=15.0, maximum=75.0, name='KNphi', latex_label='$\\Phi$', unit=None, boundary=None)
04:03 INFO    : KNphi=Uniform(minimum=15.0, maximum=75.0, name='KNphi', latex_label='$\\Phi$', unit=None, boundary=None)
04:03 INFO    : Analysis priors:
04:03 INFO    : Analysis priors:
04:03 INFO    : Analysis priors:
04:03 INFO    : KNphi=Uniform(minimum=15.0, maximum=75.0, name='KNphi', latex_label='$\\Phi$', unit=None, boundary=None)
04:03 INFO    : Analysis priors:
04:03 INFO    : log10_mej_dyn=Uniform(minimum=-3.0, maximum=-1.0, name='log10_mej_dyn', latex_label='$\\log_{10}M^{\\rm{dyn}}_{\\rm{ej}}$', unit=None, boundary='reflective')
04:03 INFO    : KNphi=Uniform(minimum=15.0, maximum=75.0, name='KNphi', latex_label='$\\Phi$', unit=None, boundary=None)
04:03 INFO    : log10_mej_dyn=Uniform(minimum=-3.0, maximum=-1.0, name='log10_mej_dyn', latex_label='$\\log_{10}M^{\\rm{dyn}}_{\\rm{ej}}$', unit=None, boundary='reflective')
04:03 INFO    : Analysis priors:
04:03 INFO    : KNphi=Uniform(minimum=15.0, maximum=75.0, name='KNphi', latex_label='$\\Phi$', unit=None, boundary=None)
04:03 INFO    : KNphi=Uniform(minimum=15.0, maximum=75.0, name='KNphi', latex_label='$\\Phi$', unit=None, boundary=None)
04:03 INFO    : Analysis priors:
04:03 INFO    : KNphi=Uniform(minimum=15.0, maximum=75.0, name='KNphi', latex_label='$\\Phi$', unit=None, boundary=None)
04:03 INFO    : KNphi=Uniform(minimum=15.0, maximum=75.0, name='KNphi', latex_label='$\\Phi$', unit=None, boundary=None)
04:03 INFO    : KNphi=Uniform(minimum=15.0, maximum=75.0, name='KNphi', latex_label='$\\Phi$', unit=None, boundary=None)
04:03 INFO    : KNphi=Uniform(minimum=15.0, maximum=75.0, name='KNphi', latex_label='$\\Phi$', unit=None, boundary=None)
04:03 INFO    : KNphi=Uniform(minimum=15.0, maximum=75.0, name='KNphi', latex_label='$\\Phi$', unit=None, boundary=None)
04:03 INFO    : KNphi=Uniform(minimum=15.0, maximum=75.0, name='KNphi', latex_label='$\\Phi$', unit=None, boundary=None)
04:03 INFO    : log10_mej_dyn=Uniform(minimum=-3.0, maximum=-1.0, name='log10_mej_dyn', latex_label='$\\log_{10}M^{\\rm{dyn}}_{\\rm{ej}}$', unit=None, boundary='reflective')
04:03 INFO    : Analysis priors:
04:03 INFO    : log10_mej_wind=Uniform(minimum=-3.0, maximum=-0.5, name='log10_mej_wind', latex_label='$\\log_{10}M^{\\rm{wind}}_{\\rm{ej}}$', unit=None, boundary='reflective')
04:03 INFO    : KNphi=Uniform(minimum=15.0, maximum=75.0, name='KNphi', latex_label='$\\Phi$', unit=None, boundary=None)
04:03 INFO    : log10_mej_wind=Uniform(minimum=-3.0, maximum=-0.5, name='log10_mej_wind', latex_label='$\\log_{10}M^{\\rm{wind}}_{\\rm{ej}}$', unit=None, boundary='reflective')
04:03 INFO    : KNphi=Uniform(minimum=15.0, maximum=75.0, name='KNphi', latex_label='$\\Phi$', unit=None, boundary=None)
04:03 INFO    : log10_mej_dyn=Uniform(minimum=-3.0, maximum=-1.0, name='log10_mej_dyn', latex_label='$\\log_{10}M^{\\rm{dyn}}_{\\rm{ej}}$', unit=None, boundary='reflective')
04:03 INFO    : Analysis priors:
04:03 INFO    : log10_mej_dyn=Uniform(minimum=-3.0, maximum=-1.0, name='log10_mej_dyn', latex_label='$\\log_{10}M^{\\rm{dyn}}_{\\rm{ej}}$', unit=None, boundary='reflective')
04:03 INFO    : log10_mej_dyn=Uniform(minimum=-3.0, maximum=-1.0, name='log10_mej_dyn', latex_label='$\\log_{10}M^{\\rm{dyn}}_{\\rm{ej}}$', unit=None, boundary='reflective')
04:03 INFO    : log10_mej_dyn=Uniform(minimum=-3.0, maximum=-1.0, name='log10_mej_dyn', latex_label='$\\log_{10}M^{\\rm{dyn}}_{\\rm{ej}}$', unit=None, boundary='reflective')
04:03 INFO    : log10_mej_dyn=Uniform(minimum=-3.0, maximum=-1.0, name='log10_mej_dyn', latex_label='$\\log_{10}M^{\\rm{dyn}}_{\\rm{ej}}$', unit=None, boundary='reflective')
04:03 INFO    : log10_mej_dyn=Uniform(minimum=-3.0, maximum=-1.0, name='log10_mej_dyn', latex_label='$\\log_{10}M^{\\rm{dyn}}_{\\rm{ej}}$', unit=None, boundary='reflective')
04:03 INFO    : log10_mej_dyn=Uniform(minimum=-3.0, maximum=-1.0, name='log10_mej_dyn', latex_label='$\\log_{10}M^{\\rm{dyn}}_{\\rm{ej}}$', unit=None, boundary='reflective')
04:03 INFO    : log10_mej_dyn=Uniform(minimum=-3.0, maximum=-1.0, name='log10_mej_dyn', latex_label='$\\log_{10}M^{\\rm{dyn}}_{\\rm{ej}}$', unit=None, boundary='reflective')
04:03 INFO    : log10_mej_dyn=Uniform(minimum=-3.0, maximum=-1.0, name='log10_mej_dyn', latex_label='$\\log_{10}M^{\\rm{dyn}}_{\\rm{ej}}$', unit=None, boundary='reflective')
04:03 INFO    : KNphi=Uniform(minimum=15.0, maximum=75.0, name='KNphi', latex_label='$\\Phi$', unit=None, boundary=None)
04:03 INFO    : KNphi=Uniform(minimum=15.0, maximum=75.0, name='KNphi', latex_label='$\\Phi$', unit=None, boundary=None)
04:03 INFO    : log10_mej_wind=Uniform(minimum=-3.0, maximum=-0.5, name='log10_mej_wind', latex_label='$\\log_{10}M^{\\rm{wind}}_{\\rm{ej}}$', unit=None, boundary='reflective')
04:03 INFO    : inclination_EM=Sine(minimum=0.0, maximum=1.5707963267948966, name='inclination_EM', latex_label='$\\iota$', unit=None, boundary=None)
04:03 INFO    : log10_mej_dyn=Uniform(minimum=-3.0, maximum=-1.0, name='log10_mej_dyn', latex_label='$\\log_{10}M^{\\rm{dyn}}_{\\rm{ej}}$', unit=None, boundary='reflective')
04:03 INFO    : log10_mej_wind=Uniform(minimum=-3.0, maximum=-0.5, name='log10_mej_wind', latex_label='$\\log_{10}M^{\\rm{wind}}_{\\rm{ej}}$', unit=None, boundary='reflective')
04:03 INFO    : inclination_EM=Sine(minimum=0.0, maximum=1.5707963267948966, name='inclination_EM', latex_label='$\\iota$', unit=None, boundary=None)
04:03 INFO    : log10_mej_dyn=Uniform(minimum=-3.0, maximum=-1.0, name='log10_mej_dyn', latex_label='$\\log_{10}M^{\\rm{dyn}}_{\\rm{ej}}$', unit=None, boundary='reflective')
04:03 INFO    : KNphi=Uniform(minimum=15.0, maximum=75.0, name='KNphi', latex_label='$\\Phi$', unit=None, boundary=None)
04:03 INFO    : log10_mej_wind=Uniform(minimum=-3.0, maximum=-0.5, name='log10_mej_wind', latex_label='$\\log_{10}M^{\\rm{wind}}_{\\rm{ej}}$', unit=None, boundary='reflective')
04:03 INFO    : log10_mej_wind=Uniform(minimum=-3.0, maximum=-0.5, name='log10_mej_wind', latex_label='$\\log_{10}M^{\\rm{wind}}_{\\rm{ej}}$', unit=None, boundary='reflective')
04:03 INFO    : log10_mej_wind=Uniform(minimum=-3.0, maximum=-0.5, name='log10_mej_wind', latex_label='$\\log_{10}M^{\\rm{wind}}_{\\rm{ej}}$', unit=None, boundary='reflective')
04:03 INFO    : KNphi=Uniform(minimum=15.0, maximum=75.0, name='KNphi', latex_label='$\\Phi$', unit=None, boundary=None)
04:03 INFO    : Analysis priors:
04:03 INFO    : log10_mej_wind=Uniform(minimum=-3.0, maximum=-0.5, name='log10_mej_wind', latex_label='$\\log_{10}M^{\\rm{wind}}_{\\rm{ej}}$', unit=None, boundary='reflective')
04:03 INFO    : log10_mej_wind=Uniform(minimum=-3.0, maximum=-0.5, name='log10_mej_wind', latex_label='$\\log_{10}M^{\\rm{wind}}_{\\rm{ej}}$', unit=None, boundary='reflective')
04:03 INFO    : log10_mej_wind=Uniform(minimum=-3.0, maximum=-0.5, name='log10_mej_wind', latex_label='$\\log_{10}M^{\\rm{wind}}_{\\rm{ej}}$', unit=None, boundary='reflective')
04:03 INFO    : log10_mej_wind=Uniform(minimum=-3.0, maximum=-0.5, name='log10_mej_wind', latex_label='$\\log_{10}M^{\\rm{wind}}_{\\rm{ej}}$', unit=None, boundary='reflective')
04:03 INFO    : log10_mej_wind=Uniform(minimum=-3.0, maximum=-0.5, name='log10_mej_wind', latex_label='$\\log_{10}M^{\\rm{wind}}_{\\rm{ej}}$', unit=None, boundary='reflective')
04:03 INFO    : log10_mej_dyn=Uniform(minimum=-3.0, maximum=-1.0, name='log10_mej_dyn', latex_label='$\\log_{10}M^{\\rm{dyn}}_{\\rm{ej}}$', unit=None, boundary='reflective')
04:03 INFO    : inclination_EM=Sine(minimum=0.0, maximum=1.5707963267948966, name='inclination_EM', latex_label='$\\iota$', unit=None, boundary=None)
04:03 INFO    : log10_mej_dyn=Uniform(minimum=-3.0, maximum=-1.0, name='log10_mej_dyn', latex_label='$\\log_{10}M^{\\rm{dyn}}_{\\rm{ej}}$', unit=None, boundary='reflective')
04:03 INFO    : KNphi=Uniform(minimum=15.0, maximum=75.0, name='KNphi', latex_label='$\\Phi$', unit=None, boundary=None)
04:03 INFO    : Analysis priors:
04:03 INFO    : log10_mej_wind=Uniform(minimum=-3.0, maximum=-0.5, name='log10_mej_wind', latex_label='$\\log_{10}M^{\\rm{wind}}_{\\rm{ej}}$', unit=None, boundary='reflective')
04:03 INFO    : luminosity_distance=LogUniform(minimum=1, maximum=500, name='luminosity_distance', latex_label='$D_L$', unit=None, boundary=None)
04:03 INFO    : log10_mej_wind=Uniform(minimum=-3.0, maximum=-0.5, name='log10_mej_wind', latex_label='$\\log_{10}M^{\\rm{wind}}_{\\rm{ej}}$', unit=None, boundary='reflective')
04:03 INFO    : inclination_EM=Sine(minimum=0.0, maximum=1.5707963267948966, name='inclination_EM', latex_label='$\\iota$', unit=None, boundary=None)
04:03 INFO    : log10_mej_dyn=Uniform(minimum=-3.0, maximum=-1.0, name='log10_mej_dyn', latex_label='$\\log_{10}M^{\\rm{dyn}}_{\\rm{ej}}$', unit=None, boundary='reflective')
04:03 INFO    : luminosity_distance=LogUniform(minimum=1, maximum=500, name='luminosity_distance', latex_label='$D_L$', unit=None, boundary=None)
04:03 INFO    : KNphi=Uniform(minimum=15.0, maximum=75.0, name='KNphi', latex_label='$\\Phi$', unit=None, boundary=None)
04:03 INFO    : inclination_EM=Sine(minimum=0.0, maximum=1.5707963267948966, name='inclination_EM', latex_label='$\\iota$', unit=None, boundary=None)
04:03 INFO    : Analysis priors:
04:03 INFO    : Analysis priors:
04:03 INFO    : Analysis priors:
04:03 INFO    : inclination_EM=Sine(minimum=0.0, maximum=1.5707963267948966, name='inclination_EM', latex_label='$\\iota$', unit=None, boundary=None)
04:03 INFO    : timeshift=0.0
04:03 INFO    : log10_mej_dyn=Uniform(minimum=-3.0, maximum=-1.0, name='log10_mej_dyn', latex_label='$\\log_{10}M^{\\rm{dyn}}_{\\rm{ej}}$', unit=None, boundary='reflective')
04:03 INFO    : inclination_EM=Sine(minimum=0.0, maximum=1.5707963267948966, name='inclination_EM', latex_label='$\\iota$', unit=None, boundary=None)
04:03 INFO    : inclination_EM=Sine(minimum=0.0, maximum=1.5707963267948966, name='inclination_EM', latex_label='$\\iota$', unit=None, boundary=None)
04:03 INFO    : inclination_EM=Sine(minimum=0.0, maximum=1.5707963267948966, name='inclination_EM', latex_label='$\\iota$', unit=None, boundary=None)
04:03 INFO    : inclination_EM=Sine(minimum=0.0, maximum=1.5707963267948966, name='inclination_EM', latex_label='$\\iota$', unit=None, boundary=None)
04:03 INFO    : inclination_EM=Sine(minimum=0.0, maximum=1.5707963267948966, name='inclination_EM', latex_label='$\\iota$', unit=None, boundary=None)
04:03 INFO    : inclination_EM=Sine(minimum=0.0, maximum=1.5707963267948966, name='inclination_EM', latex_label='$\\iota$', unit=None, boundary=None)
04:03 INFO    : log10_mej_wind=Uniform(minimum=-3.0, maximum=-0.5, name='log10_mej_wind', latex_label='$\\log_{10}M^{\\rm{wind}}_{\\rm{ej}}$', unit=None, boundary='reflective')
04:03 INFO    : timeshift=0.0
04:03 INFO    : em_syserr=1.0
04:03 INFO    : luminosity_distance=LogUniform(minimum=1, maximum=500, name='luminosity_distance', latex_label='$D_L$', unit=None, boundary=None)
04:03 INFO    : log10_mej_wind=Uniform(minimum=-3.0, maximum=-0.5, name='log10_mej_wind', latex_label='$\\log_{10}M^{\\rm{wind}}_{\\rm{ej}}$', unit=None, boundary='reflective')
04:03 INFO    : log10_mej_dyn=Uniform(minimum=-3.0, maximum=-1.0, name='log10_mej_dyn', latex_label='$\\log_{10}M^{\\rm{dyn}}_{\\rm{ej}}$', unit=None, boundary='reflective')
04:03 INFO    : em_syserr=1.0
04:03 INFO    : Ebv=0.0
04:03 INFO    : inclination_EM=Sine(minimum=0.0, maximum=1.5707963267948966, name='inclination_EM', latex_label='$\\iota$', unit=None, boundary=None)
04:03 INFO    : timeshift=0.0
04:03 INFO    : inclination_EM=Sine(minimum=0.0, maximum=1.5707963267948966, name='inclination_EM', latex_label='$\\iota$', unit=None, boundary=None)
04:03 INFO    : log10_mej_wind=Uniform(minimum=-3.0, maximum=-0.5, name='log10_mej_wind', latex_label='$\\log_{10}M^{\\rm{wind}}_{\\rm{ej}}$', unit=None, boundary='reflective')
04:03 INFO    : Ebv=0.0
04:03 INFO    : luminosity_distance=LogUniform(minimum=1, maximum=500, name='luminosity_distance', latex_label='$D_L$', unit=None, boundary=None)
04:03 INFO    : Analysis likelihood class: <class 'nmma.em.likelihood.OpticalLightCurve'>
04:03 INFO    : KNphi=Uniform(minimum=15.0, maximum=75.0, name='KNphi', latex_label='$\\Phi$', unit=None, boundary=None)
04:03 INFO    : log10_mej_dyn=Uniform(minimum=-3.0, maximum=-1.0, name='log10_mej_dyn', latex_label='$\\log_{10}M^{\\rm{dyn}}_{\\rm{ej}}$', unit=None, boundary='reflective')
04:03 INFO    : luminosity_distance=LogUniform(minimum=1, maximum=500, name='luminosity_distance', latex_label='$D_L$', unit=None, boundary=None)
04:03 INFO    : em_syserr=1.0
04:03 INFO    : Analysis likelihood class: <class 'nmma.em.likelihood.OpticalLightCurve'>
04:03 INFO    : log10_mej_wind=Uniform(minimum=-3.0, maximum=-0.5, name='log10_mej_wind', latex_label='$\\log_{10}M^{\\rm{wind}}_{\\rm{ej}}$', unit=None, boundary='reflective')
04:03 INFO    : luminosity_distance=LogUniform(minimum=1, maximum=500, name='luminosity_distance', latex_label='$D_L$', unit=None, boundary=None)
04:03 INFO    : timeshift=0.0
04:03 INFO    : Analysis likelihood noise evidence: 0.0
04:03 INFO    : luminosity_distance=LogUniform(minimum=1, maximum=500, name='luminosity_distance', latex_label='$D_L$', unit=None, boundary=None)
04:03 INFO    : luminosity_distance=LogUniform(minimum=1, maximum=500, name='luminosity_distance', latex_label='$D_L$', unit=None, boundary=None)
04:03 INFO    : Ebv=0.0
04:03 INFO    : luminosity_distance=LogUniform(minimum=1, maximum=500, name='luminosity_distance', latex_label='$D_L$', unit=None, boundary=None)
04:03 INFO    : luminosity_distance=LogUniform(minimum=1, maximum=500, name='luminosity_distance', latex_label='$D_L$', unit=None, boundary=None)
04:03 INFO    : luminosity_distance=LogUniform(minimum=1, maximum=500, name='luminosity_distance', latex_label='$D_L$', unit=None, boundary=None)
04:03 INFO    : timeshift=0.0
04:03 INFO    : luminosity_distance=LogUniform(minimum=1, maximum=500, name='luminosity_distance', latex_label='$D_L$', unit=None, boundary=None)
04:03 INFO    : inclination_EM=Sine(minimum=0.0, maximum=1.5707963267948966, name='inclination_EM', latex_label='$\\iota$', unit=None, boundary=None)
04:03 INFO    : Analysis likelihood noise evidence: 0.0
04:03 INFO    : KNphi=Uniform(minimum=15.0, maximum=75.0, name='KNphi', latex_label='$\\Phi$', unit=None, boundary=None)
04:03 INFO    : em_syserr=1.0
04:03 INFO    : inclination_EM=Sine(minimum=0.0, maximum=1.5707963267948966, name='inclination_EM', latex_label='$\\iota$', unit=None, boundary=None)
04:03 INFO    : timeshift=0.0
04:03 INFO    : log10_mej_wind=Uniform(minimum=-3.0, maximum=-0.5, name='log10_mej_wind', latex_label='$\\log_{10}M^{\\rm{wind}}_{\\rm{ej}}$', unit=None, boundary='reflective')
04:03 INFO    : Analysis likelihood class: <class 'nmma.em.likelihood.OpticalLightCurve'>
04:03 INFO    : timeshift=0.0
04:03 INFO    : timeshift=0.0
04:03 INFO    : Analysis priors:
04:03 INFO    : timeshift=0.0
04:03 INFO    : em_syserr=1.0
04:03 INFO    : timeshift=0.0
04:03 INFO    : timeshift=0.0
04:03 INFO    : timeshift=0.0
04:03 INFO    : luminosity_distance=LogUniform(minimum=1, maximum=500, name='luminosity_distance', latex_label='$D_L$', unit=None, boundary=None)
04:03 INFO    : Ebv=0.0
04:03 INFO    : em_syserr=1.0
04:03 INFO    : inclination_EM=Sine(minimum=0.0, maximum=1.5707963267948966, name='inclination_EM', latex_label='$\\iota$', unit=None, boundary=None)
04:03 INFO    : luminosity_distance=LogUniform(minimum=1, maximum=500, name='luminosity_distance', latex_label='$D_L$', unit=None, boundary=None)
04:03 INFO    : em_syserr=1.0
04:03 INFO    : Analysis likelihood noise evidence: 0.0
04:03 INFO    : em_syserr=1.0
04:03 INFO    : log10_mej_wind=Uniform(minimum=-3.0, maximum=-0.5, name='log10_mej_wind', latex_label='$\\log_{10}M^{\\rm{wind}}_{\\rm{ej}}$', unit=None, boundary='reflective')
04:03 INFO    : KNphi=Uniform(minimum=15.0, maximum=75.0, name='KNphi', latex_label='$\\Phi$', unit=None, boundary=None)
04:03 INFO    : KNphi=Uniform(minimum=15.0, maximum=75.0, name='KNphi', latex_label='$\\Phi$', unit=None, boundary=None)
04:03 INFO    : em_syserr=1.0
04:03 INFO    : log10_mej_dyn=Uniform(minimum=-3.0, maximum=-1.0, name='log10_mej_dyn', latex_label='$\\log_{10}M^{\\rm{dyn}}_{\\rm{ej}}$', unit=None, boundary='reflective')
04:03 INFO    : Ebv=0.0
04:03 INFO    : KNphi=Uniform(minimum=15.0, maximum=75.0, name='KNphi', latex_label='$\\Phi$', unit=None, boundary=None)
04:03 INFO    : em_syserr=1.0
04:03 INFO    : em_syserr=1.0
04:03 INFO    : em_syserr=1.0
04:03 INFO    : Ebv=0.0
04:03 INFO    : Analysis likelihood class: <class 'nmma.em.likelihood.OpticalLightCurve'>
04:03 INFO    : timeshift=0.0
04:03 INFO    : timeshift=0.0
04:03 INFO    : Ebv=0.0
04:03 INFO    : Ebv=0.0
04:03 INFO    : inclination_EM=Sine(minimum=0.0, maximum=1.5707963267948966, name='inclination_EM', latex_label='$\\iota$', unit=None, boundary=None)
04:03 INFO    : Ebv=0.0
04:03 INFO    : Analysis likelihood class: <class 'nmma.em.likelihood.OpticalLightCurve'>
04:03 INFO    : Ebv=0.0
04:03 INFO    : Ebv=0.0
04:03 INFO    : Ebv=0.0
04:03 INFO    : Analysis likelihood class: <class 'nmma.em.likelihood.OpticalLightCurve'>
04:03 INFO    : em_syserr=1.0
04:03 INFO    : em_syserr=1.0
04:03 INFO    : Analysis likelihood class: <class 'nmma.em.likelihood.OpticalLightCurve'>
04:03 INFO    : Analysis likelihood noise evidence: 0.0
04:03 INFO    : luminosity_distance=LogUniform(minimum=1, maximum=500, name='luminosity_distance', latex_label='$D_L$', unit=None, boundary=None)
04:03 INFO    : Analysis likelihood class: <class 'nmma.em.likelihood.OpticalLightCurve'>
04:03 INFO    : log10_mej_dyn=Uniform(minimum=-3.0, maximum=-1.0, name='log10_mej_dyn', latex_label='$\\log_{10}M^{\\rm{dyn}}_{\\rm{ej}}$', unit=None, boundary='reflective')
04:03 INFO    : Analysis likelihood class: <class 'nmma.em.likelihood.OpticalLightCurve'>
04:03 INFO    : Analysis likelihood class: <class 'nmma.em.likelihood.OpticalLightCurve'>
04:03 INFO    : Analysis likelihood noise evidence: 0.0
04:03 INFO    : Analysis likelihood class: <class 'nmma.em.likelihood.OpticalLightCurve'>
04:03 INFO    : luminosity_distance=LogUniform(minimum=1, maximum=500, name='luminosity_distance', latex_label='$D_L$', unit=None, boundary=None)
04:03 INFO    : inclination_EM=Sine(minimum=0.0, maximum=1.5707963267948966, name='inclination_EM', latex_label='$\\iota$', unit=None, boundary=None)
04:03 INFO    : Analysis likelihood class: <class 'nmma.em.likelihood.OpticalLightCurve'>
04:03 INFO    : Analysis priors:
04:03 INFO    : Analysis likelihood noise evidence: 0.0
04:03 INFO    : Ebv=0.0
04:03 INFO    : Ebv=0.0
04:03 INFO    : luminosity_distance=LogUniform(minimum=1, maximum=500, name='luminosity_distance', latex_label='$D_L$', unit=None, boundary=None)
04:03 INFO    : Analysis likelihood noise evidence: 0.0
04:03 INFO    : timeshift=0.0
04:03 INFO    : Analysis likelihood noise evidence: 0.0
04:03 INFO    : Analysis likelihood noise evidence: 0.0
04:03 INFO    : Analysis likelihood noise evidence: 0.0
04:03 INFO    : log10_mej_wind=Uniform(minimum=-3.0, maximum=-0.5, name='log10_mej_wind', latex_label='$\\log_{10}M^{\\rm{wind}}_{\\rm{ej}}$', unit=None, boundary='reflective')
04:03 INFO    : Analysis likelihood noise evidence: 0.0
04:03 INFO    : inclination_EM=Sine(minimum=0.0, maximum=1.5707963267948966, name='inclination_EM', latex_label='$\\iota$', unit=None, boundary=None)
04:03 INFO    : timeshift=0.0
04:03 INFO    : log10_mej_dyn=Uniform(minimum=-3.0, maximum=-1.0, name='log10_mej_dyn', latex_label='$\\log_{10}M^{\\rm{dyn}}_{\\rm{ej}}$', unit=None, boundary='reflective')
04:03 INFO    : Analysis likelihood class: <class 'nmma.em.likelihood.OpticalLightCurve'>
04:03 INFO    : log10_mej_dyn=Uniform(minimum=-3.0, maximum=-1.0, name='log10_mej_dyn', latex_label='$\\log_{10}M^{\\rm{dyn}}_{\\rm{ej}}$', unit=None, boundary='reflective')
04:03 INFO    : Analysis likelihood noise evidence: 0.0
04:03 INFO    : Analysis likelihood class: <class 'nmma.em.likelihood.OpticalLightCurve'>
04:03 INFO    : timeshift=0.0
04:03 INFO    : log10_mej_dyn=Uniform(minimum=-3.0, maximum=-1.0, name='log10_mej_dyn', latex_label='$\\log_{10}M^{\\rm{dyn}}_{\\rm{ej}}$', unit=None, boundary='reflective')
04:03 INFO    : em_syserr=1.0
04:03 INFO    : luminosity_distance=LogUniform(minimum=1, maximum=500, name='luminosity_distance', latex_label='$D_L$', unit=None, boundary=None)
04:03 INFO    : em_syserr=1.0
04:03 INFO    : Analysis likelihood noise evidence: 0.0
04:03 INFO    : em_syserr=1.0
04:03 INFO    : Ebv=0.0
04:03 INFO    : Analysis likelihood noise evidence: 0.0
04:03 INFO    : KNphi=Uniform(minimum=15.0, maximum=75.0, name='KNphi', latex_label='$\\Phi$', unit=None, boundary=None)
04:03 INFO    : Ebv=0.0
04:03 INFO    : log10_mej_wind=Uniform(minimum=-3.0, maximum=-0.5, name='log10_mej_wind', latex_label='$\\log_{10}M^{\\rm{wind}}_{\\rm{ej}}$', unit=None, boundary='reflective')
04:03 INFO    : timeshift=0.0
04:03 INFO    : Ebv=0.0
04:03 INFO    : Analysis likelihood class: <class 'nmma.em.likelihood.OpticalLightCurve'>
04:03 INFO    : luminosity_distance=LogUniform(minimum=1, maximum=500, name='luminosity_distance', latex_label='$D_L$', unit=None, boundary=None)
04:03 INFO    : em_syserr=1.0
04:03 INFO    : Analysis likelihood class: <class 'nmma.em.likelihood.OpticalLightCurve'>
04:03 INFO    : Analysis likelihood class: <class 'nmma.em.likelihood.OpticalLightCurve'>
04:03 INFO    : Analysis likelihood noise evidence: 0.0
04:03 INFO    : luminosity_distance=LogUniform(minimum=1, maximum=500, name='luminosity_distance', latex_label='$D_L$', unit=None, boundary=None)
04:03 INFO    : log10_mej_wind=Uniform(minimum=-3.0, maximum=-0.5, name='log10_mej_wind', latex_label='$\\log_{10}M^{\\rm{wind}}_{\\rm{ej}}$', unit=None, boundary='reflective')
04:03 INFO    : inclination_EM=Sine(minimum=0.0, maximum=1.5707963267948966, name='inclination_EM', latex_label='$\\iota$', unit=None, boundary=None)
04:03 INFO    : log10_mej_wind=Uniform(minimum=-3.0, maximum=-0.5, name='log10_mej_wind', latex_label='$\\log_{10}M^{\\rm{wind}}_{\\rm{ej}}$', unit=None, boundary='reflective')
04:03 INFO    : Analysis priors:
04:03 INFO    : log10_mej_wind=Uniform(minimum=-3.0, maximum=-0.5, name='log10_mej_wind', latex_label='$\\log_{10}M^{\\rm{wind}}_{\\rm{ej}}$', unit=None, boundary='reflective')
04:03 INFO    : Ebv=0.0
04:03 INFO    : Analysis likelihood noise evidence: 0.0
04:03 INFO    : timeshift=0.0
04:03 INFO    : Analysis likelihood noise evidence: 0.0
04:03 INFO    : timeshift=0.0
04:03 INFO    : log10_mej_dyn=Uniform(minimum=-3.0, maximum=-1.0, name='log10_mej_dyn', latex_label='$\\log_{10}M^{\\rm{dyn}}_{\\rm{ej}}$', unit=None, boundary='reflective')
04:03 INFO    : Analysis likelihood class: <class 'nmma.em.likelihood.OpticalLightCurve'>
04:03 INFO    : KNphi=Uniform(minimum=15.0, maximum=75.0, name='KNphi', latex_label='$\\Phi$', unit=None, boundary=None)
04:03 INFO    : em_syserr=1.0
04:03 INFO    : em_syserr=1.0
04:03 INFO    : inclination_EM=Sine(minimum=0.0, maximum=1.5707963267948966, name='inclination_EM', latex_label='$\\iota$', unit=None, boundary=None)
04:03 INFO    : Analysis likelihood noise evidence: 0.0
04:03 INFO    : Ebv=0.0
04:03 INFO    : Ebv=0.0
04:03 INFO    : Analysis likelihood class: <class 'nmma.em.likelihood.OpticalLightCurve'>
04:03 INFO    : Analysis likelihood class: <class 'nmma.em.likelihood.OpticalLightCurve'>
04:03 INFO    : inclination_EM=Sine(minimum=0.0, maximum=1.5707963267948966, name='inclination_EM', latex_label='$\\iota$', unit=None, boundary=None)
04:03 INFO    : luminosity_distance=LogUniform(minimum=1, maximum=500, name='luminosity_distance', latex_label='$D_L$', unit=None, boundary=None)
04:03 INFO    : inclination_EM=Sine(minimum=0.0, maximum=1.5707963267948966, name='inclination_EM', latex_label='$\\iota$', unit=None, boundary=None)
04:03 INFO    : inclination_EM=Sine(minimum=0.0, maximum=1.5707963267948966, name='inclination_EM', latex_label='$\\iota$', unit=None, boundary=None)
04:03 INFO    : log10_mej_wind=Uniform(minimum=-3.0, maximum=-0.5, name='log10_mej_wind', latex_label='$\\log_{10}M^{\\rm{wind}}_{\\rm{ej}}$', unit=None, boundary='reflective')
04:03 INFO    : Analysis priors:
04:03 INFO    : Analysis likelihood noise evidence: 0.0
04:03 INFO    : Analysis likelihood noise evidence: 0.0
04:03 INFO    : log10_mej_dyn=Uniform(minimum=-3.0, maximum=-1.0, name='log10_mej_dyn', latex_label='$\\log_{10}M^{\\rm{dyn}}_{\\rm{ej}}$', unit=None, boundary='reflective')
04:03 INFO    : timeshift=0.0
04:03 INFO    : luminosity_distance=LogUniform(minimum=1, maximum=500, name='luminosity_distance', latex_label='$D_L$', unit=None, boundary=None)
04:03 INFO    : em_syserr=1.0
04:03 INFO    : KNphi=Uniform(minimum=15.0, maximum=75.0, name='KNphi', latex_label='$\\Phi$', unit=None, boundary=None)
04:03 INFO    : timeshift=0.0
04:03 INFO    : Ebv=0.0
04:03 INFO    : luminosity_distance=LogUniform(minimum=1, maximum=500, name='luminosity_distance', latex_label='$D_L$', unit=None, boundary=None)
04:03 INFO    : luminosity_distance=LogUniform(minimum=1, maximum=500, name='luminosity_distance', latex_label='$D_L$', unit=None, boundary=None)
04:03 INFO    : em_syserr=1.0
04:03 INFO    : luminosity_distance=LogUniform(minimum=1, maximum=500, name='luminosity_distance', latex_label='$D_L$', unit=None, boundary=None)
04:03 INFO    : Analysis likelihood class: <class 'nmma.em.likelihood.OpticalLightCurve'>
04:03 INFO    : log10_mej_wind=Uniform(minimum=-3.0, maximum=-0.5, name='log10_mej_wind', latex_label='$\\log_{10}M^{\\rm{wind}}_{\\rm{ej}}$', unit=None, boundary='reflective')
04:03 INFO    : inclination_EM=Sine(minimum=0.0, maximum=1.5707963267948966, name='inclination_EM', latex_label='$\\iota$', unit=None, boundary=None)
04:03 INFO    : Ebv=0.0
04:03 INFO    : timeshift=0.0
04:03 INFO    : timeshift=0.0
04:03 INFO    : Analysis likelihood noise evidence: 0.0
04:03 INFO    : timeshift=0.0
04:03 INFO    : Analysis likelihood class: <class 'nmma.em.likelihood.OpticalLightCurve'>
04:03 INFO    : em_syserr=1.0
04:03 INFO    : em_syserr=1.0
04:03 INFO    : em_syserr=1.0
04:03 INFO    : log10_mej_dyn=Uniform(minimum=-3.0, maximum=-1.0, name='log10_mej_dyn', latex_label='$\\log_{10}M^{\\rm{dyn}}_{\\rm{ej}}$', unit=None, boundary='reflective')
04:03 INFO    : Analysis likelihood noise evidence: 0.0
04:03 INFO    : Ebv=0.0
04:03 INFO    : Ebv=0.0
04:03 INFO    : KNphi=Uniform(minimum=15.0, maximum=75.0, name='KNphi', latex_label='$\\Phi$', unit=None, boundary=None)
04:03 INFO    : Ebv=0.0
04:03 INFO    : Analysis likelihood class: <class 'nmma.em.likelihood.OpticalLightCurve'>
04:03 INFO    : luminosity_distance=LogUniform(minimum=1, maximum=500, name='luminosity_distance', latex_label='$D_L$', unit=None, boundary=None)
04:03 INFO    : Analysis likelihood class: <class 'nmma.em.likelihood.OpticalLightCurve'>
04:03 INFO    : inclination_EM=Sine(minimum=0.0, maximum=1.5707963267948966, name='inclination_EM', latex_label='$\\iota$', unit=None, boundary=None)
04:03 INFO    : Analysis likelihood class: <class 'nmma.em.likelihood.OpticalLightCurve'>
04:03 INFO    : Analysis likelihood noise evidence: 0.0
04:03 INFO    : timeshift=0.0
04:03 INFO    : Analysis likelihood noise evidence: 0.0
04:03 INFO    : Analysis likelihood noise evidence: 0.0
04:03 INFO    : em_syserr=1.0
04:03 INFO    : log10_mej_wind=Uniform(minimum=-3.0, maximum=-0.5, name='log10_mej_wind', latex_label='$\\log_{10}M^{\\rm{wind}}_{\\rm{ej}}$', unit=None, boundary='reflective')
04:03 INFO    : log10_mej_dyn=Uniform(minimum=-3.0, maximum=-1.0, name='log10_mej_dyn', latex_label='$\\log_{10}M^{\\rm{dyn}}_{\\rm{ej}}$', unit=None, boundary='reflective')
04:03 INFO    : Ebv=0.0
04:03 INFO    : Analysis likelihood class: <class 'nmma.em.likelihood.OpticalLightCurve'>
04:03 INFO    : luminosity_distance=LogUniform(minimum=1, maximum=500, name='luminosity_distance', latex_label='$D_L$', unit=None, boundary=None)
04:03 INFO    : Analysis likelihood noise evidence: 0.0
04:03 INFO    : timeshift=0.0
04:03 INFO    : inclination_EM=Sine(minimum=0.0, maximum=1.5707963267948966, name='inclination_EM', latex_label='$\\iota$', unit=None, boundary=None)
04:03 INFO    : log10_mej_wind=Uniform(minimum=-3.0, maximum=-0.5, name='log10_mej_wind', latex_label='$\\log_{10}M^{\\rm{wind}}_{\\rm{ej}}$', unit=None, boundary='reflective')
04:03 INFO    : em_syserr=1.0
04:03 INFO    : Ebv=0.0
04:03 INFO    : Analysis likelihood class: <class 'nmma.em.likelihood.OpticalLightCurve'>
04:03 INFO    : Analysis likelihood noise evidence: 0.0
04:03 INFO    : luminosity_distance=LogUniform(minimum=1, maximum=500, name='luminosity_distance', latex_label='$D_L$', unit=None, boundary=None)
04:03 INFO    : inclination_EM=Sine(minimum=0.0, maximum=1.5707963267948966, name='inclination_EM', latex_label='$\\iota$', unit=None, boundary=None)
04:03 INFO    : timeshift=0.0
04:03 INFO    : em_syserr=1.0
04:03 INFO    : Ebv=0.0
04:03 INFO    : luminosity_distance=LogUniform(minimum=1, maximum=500, name='luminosity_distance', latex_label='$D_L$', unit=None, boundary=None)
04:03 INFO    : Analysis likelihood class: <class 'nmma.em.likelihood.OpticalLightCurve'>
04:03 INFO    : timeshift=0.0
04:03 INFO    : Analysis likelihood noise evidence: 0.0
04:03 INFO    : em_syserr=1.0
04:03 INFO    : Ebv=0.0
04:03 INFO    : Analysis likelihood class: <class 'nmma.em.likelihood.OpticalLightCurve'>
04:03 INFO    : Analysis likelihood noise evidence: 0.0
04:03 INFO    : Analysis priors:
04:03 INFO    : KNphi=Uniform(minimum=15.0, maximum=75.0, name='KNphi', latex_label='$\\Phi$', unit=None, boundary=None)
04:03 INFO    : log10_mej_dyn=Uniform(minimum=-3.0, maximum=-1.0, name='log10_mej_dyn', latex_label='$\\log_{10}M^{\\rm{dyn}}_{\\rm{ej}}$', unit=None, boundary='reflective')
04:03 INFO    : log10_mej_wind=Uniform(minimum=-3.0, maximum=-0.5, name='log10_mej_wind', latex_label='$\\log_{10}M^{\\rm{wind}}_{\\rm{ej}}$', unit=None, boundary='reflective')
04:03 INFO    : inclination_EM=Sine(minimum=0.0, maximum=1.5707963267948966, name='inclination_EM', latex_label='$\\iota$', unit=None, boundary=None)
04:03 INFO    : luminosity_distance=LogUniform(minimum=1, maximum=500, name='luminosity_distance', latex_label='$D_L$', unit=None, boundary=None)
04:03 INFO    : timeshift=0.0
04:03 INFO    : em_syserr=1.0
04:03 INFO    : Ebv=0.0
04:03 INFO    : Analysis likelihood class: <class 'nmma.em.likelihood.OpticalLightCurve'>
04:03 INFO    : Analysis likelihood noise evidence: 0.0
04:03 INFO    : Analysis priors:
04:03 INFO    : KNphi=Uniform(minimum=15.0, maximum=75.0, name='KNphi', latex_label='$\\Phi$', unit=None, boundary=None)
04:03 INFO    : Analysis priors:
04:03 INFO    : log10_mej_dyn=Uniform(minimum=-3.0, maximum=-1.0, name='log10_mej_dyn', latex_label='$\\log_{10}M^{\\rm{dyn}}_{\\rm{ej}}$', unit=None, boundary='reflective')
04:03 INFO    : KNphi=Uniform(minimum=15.0, maximum=75.0, name='KNphi', latex_label='$\\Phi$', unit=None, boundary=None)
04:03 INFO    : log10_mej_dyn=Uniform(minimum=-3.0, maximum=-1.0, name='log10_mej_dyn', latex_label='$\\log_{10}M^{\\rm{dyn}}_{\\rm{ej}}$', unit=None, boundary='reflective')
04:03 INFO    : log10_mej_wind=Uniform(minimum=-3.0, maximum=-0.5, name='log10_mej_wind', latex_label='$\\log_{10}M^{\\rm{wind}}_{\\rm{ej}}$', unit=None, boundary='reflective')
04:03 INFO    : log10_mej_wind=Uniform(minimum=-3.0, maximum=-0.5, name='log10_mej_wind', latex_label='$\\log_{10}M^{\\rm{wind}}_{\\rm{ej}}$', unit=None, boundary='reflective')
04:03 INFO    : inclination_EM=Sine(minimum=0.0, maximum=1.5707963267948966, name='inclination_EM', latex_label='$\\iota$', unit=None, boundary=None)
04:03 INFO    : inclination_EM=Sine(minimum=0.0, maximum=1.5707963267948966, name='inclination_EM', latex_label='$\\iota$', unit=None, boundary=None)
04:03 INFO    : luminosity_distance=LogUniform(minimum=1, maximum=500, name='luminosity_distance', latex_label='$D_L$', unit=None, boundary=None)
04:03 INFO    : timeshift=0.0
04:03 INFO    : em_syserr=1.0
04:03 INFO    : Ebv=0.0
04:03 INFO    : luminosity_distance=LogUniform(minimum=1, maximum=500, name='luminosity_distance', latex_label='$D_L$', unit=None, boundary=None)
04:03 INFO    : Analysis likelihood class: <class 'nmma.em.likelihood.OpticalLightCurve'>
04:03 INFO    : timeshift=0.0
04:03 INFO    : em_syserr=1.0
04:03 INFO    : Analysis likelihood noise evidence: 0.0
04:03 INFO    : Ebv=0.0
04:03 INFO    : Analysis likelihood class: <class 'nmma.em.likelihood.OpticalLightCurve'>
04:03 INFO    : Analysis likelihood noise evidence: 0.0
04:04 INFO    : Single likelihood evaluation took 1.581e-01 s
04:04 INFO    : Single likelihood evaluation took 1.578e-01 s
04:04 INFO    : Single likelihood evaluation took 1.594e-01 s
04:04 INFO    : Single likelihood evaluation took 1.595e-01 s
04:04 INFO    : Single likelihood evaluation took 1.594e-01 s
04:04 INFO    : Single likelihood evaluation took 1.600e-01 s
04:04 INFO    : Single likelihood evaluation took 1.600e-01 s
04:04 INFO    : Single likelihood evaluation took 1.599e-01 s
04:04 WARNING : Supplied argument 'queue_size' not an argument of 'Pymultinest', removing.
04:04 WARNING : Supplied argument 'check_point_delta_t' not an argument of 'Pymultinest', removing.
04:04 INFO    : Using sampler Pymultinest with kwargs {'importance_nested_sampling': False, 'resume': True, 'verbose': True, 'sampling_efficiency': 'parameter', 'n_live_points': 2048, 'n_params': 5, 'n_clustering_params': None, 'wrapped_params': None, 'multimodal': True, 'const_efficiency_mode': False, 'evidence_tolerance': 0.5, 'n_iter_before_update': 100, 'null_log_evidence': -1e+90, 'max_modes': 100, 'mode_tolerance': -1e+90, 'seed': 42, 'context': 0, 'write_output': True, 'log_zero': -1e+100, 'max_iter': 0, 'init_MPI': False, 'dump_callback': <bound method Pymultinest._dump_callback of <bilby.core.sampler.pymultinest.Pymultinest object at 0x155500fc32e0>>}
04:04 INFO    : Temporary directory incompatible with MPI, will run in original directory
04:04 INFO    : Single likelihood evaluation took 1.598e-01 s
04:04 INFO    : Single likelihood evaluation took 1.597e-01 s
04:04 WARNING : Supplied argument 'queue_size' not an argument of 'Pymultinest', removing.
04:04 WARNING : Supplied argument 'check_point_delta_t' not an argument of 'Pymultinest', removing.
04:04 INFO    : Single likelihood evaluation took 1.598e-01 s
04:04 INFO    : Single likelihood evaluation took 1.599e-01 s
04:04 INFO    : Single likelihood evaluation took 1.601e-01 s
04:04 INFO    : Single likelihood evaluation took 1.601e-01 s
04:04 INFO    : Single likelihood evaluation took 1.606e-01 s
04:04 INFO    : Single likelihood evaluation took 1.604e-01 s
04:04 INFO    : Single likelihood evaluation took 1.607e-01 s
04:04 WARNING : Supplied argument 'queue_size' not an argument of 'Pymultinest', removing.
04:04 WARNING : Supplied argument 'check_point_delta_t' not an argument of 'Pymultinest', removing.
04:04 WARNING : Supplied argument 'queue_size' not an argument of 'Pymultinest', removing.
04:04 WARNING : Supplied argument 'check_point_delta_t' not an argument of 'Pymultinest', removing.
04:04 WARNING : Supplied argument 'queue_size' not an argument of 'Pymultinest', removing.
04:04 WARNING : Supplied argument 'check_point_delta_t' not an argument of 'Pymultinest', removing.
04:04 INFO    : Single likelihood evaluation took 1.614e-01 s
04:04 WARNING : Supplied argument 'queue_size' not an argument of 'Pymultinest', removing.
04:04 WARNING : Supplied argument 'check_point_delta_t' not an argument of 'Pymultinest', removing.
04:04 INFO    : Single likelihood evaluation took 1.604e-01 s
04:04 INFO    : Single likelihood evaluation took 1.590e-01 s
04:04 WARNING : Supplied argument 'queue_size' not an argument of 'Pymultinest', removing.
04:04 WARNING : Supplied argument 'check_point_delta_t' not an argument of 'Pymultinest', removing.
04:04 WARNING : Supplied argument 'queue_size' not an argument of 'Pymultinest', removing.
04:04 WARNING : Supplied argument 'check_point_delta_t' not an argument of 'Pymultinest', removing.
04:04 INFO    : Single likelihood evaluation took 1.615e-01 s
04:04 WARNING : Supplied argument 'queue_size' not an argument of 'Pymultinest', removing.
04:04 WARNING : Supplied argument 'check_point_delta_t' not an argument of 'Pymultinest', removing.
04:04 WARNING : Supplied argument 'queue_size' not an argument of 'Pymultinest', removing.
04:04 WARNING : Supplied argument 'check_point_delta_t' not an argument of 'Pymultinest', removing.
04:04 WARNING : Supplied argument 'queue_size' not an argument of 'Pymultinest', removing.
04:04 WARNING : Supplied argument 'check_point_delta_t' not an argument of 'Pymultinest', removing.
04:04 WARNING : Supplied argument 'queue_size' not an argument of 'Pymultinest', removing.
04:04 WARNING : Supplied argument 'check_point_delta_t' not an argument of 'Pymultinest', removing.
04:04 WARNING : Supplied argument 'queue_size' not an argument of 'Pymultinest', removing.
04:04 WARNING : Supplied argument 'check_point_delta_t' not an argument of 'Pymultinest', removing.
04:04 WARNING : Supplied argument 'queue_size' not an argument of 'Pymultinest', removing.
04:04 WARNING : Supplied argument 'check_point_delta_t' not an argument of 'Pymultinest', removing.
04:04 WARNING : Supplied argument 'queue_size' not an argument of 'Pymultinest', removing.
04:04 WARNING : Supplied argument 'check_point_delta_t' not an argument of 'Pymultinest', removing.
04:04 WARNING : Supplied argument 'queue_size' not an argument of 'Pymultinest', removing.
04:04 WARNING : Supplied argument 'check_point_delta_t' not an argument of 'Pymultinest', removing.
04:04 WARNING : Supplied argument 'queue_size' not an argument of 'Pymultinest', removing.
04:04 WARNING : Supplied argument 'check_point_delta_t' not an argument of 'Pymultinest', removing.
04:04 WARNING : Supplied argument 'queue_size' not an argument of 'Pymultinest', removing.
04:04 WARNING : Supplied argument 'check_point_delta_t' not an argument of 'Pymultinest', removing.
04:04 WARNING : Supplied argument 'queue_size' not an argument of 'Pymultinest', removing.
04:04 WARNING : Supplied argument 'check_point_delta_t' not an argument of 'Pymultinest', removing.
04:04 WARNING : Supplied argument 'queue_size' not an argument of 'Pymultinest', removing.
04:04 WARNING : Supplied argument 'check_point_delta_t' not an argument of 'Pymultinest', removing.
04:04 INFO    : Single likelihood evaluation took 1.621e-01 s
04:04 INFO    : Single likelihood evaluation took 1.615e-01 s
04:04 WARNING : Supplied argument 'queue_size' not an argument of 'Pymultinest', removing.
04:04 WARNING : Supplied argument 'check_point_delta_t' not an argument of 'Pymultinest', removing.
04:04 INFO    : Single likelihood evaluation took 1.628e-01 s
04:04 INFO    : Single likelihood evaluation took 1.621e-01 s
04:04 INFO    : Single likelihood evaluation took 1.628e-01 s
04:04 INFO    : Single likelihood evaluation took 1.627e-01 s
04:04 INFO    : Single likelihood evaluation took 1.624e-01 s
04:04 INFO    : Single likelihood evaluation took 1.628e-01 s
04:04 INFO    : Single likelihood evaluation took 1.627e-01 s
04:04 INFO    : Single likelihood evaluation took 1.628e-01 s
04:04 INFO    : Single likelihood evaluation took 1.626e-01 s
04:04 WARNING : Supplied argument 'queue_size' not an argument of 'Pymultinest', removing.
04:04 WARNING : Supplied argument 'check_point_delta_t' not an argument of 'Pymultinest', removing.
04:04 WARNING : Supplied argument 'queue_size' not an argument of 'Pymultinest', removing.
04:04 WARNING : Supplied argument 'check_point_delta_t' not an argument of 'Pymultinest', removing.
04:04 WARNING : Supplied argument 'queue_size' not an argument of 'Pymultinest', removing.
04:04 WARNING : Supplied argument 'check_point_delta_t' not an argument of 'Pymultinest', removing.
04:04 WARNING : Supplied argument 'queue_size' not an argument of 'Pymultinest', removing.
04:04 WARNING : Supplied argument 'check_point_delta_t' not an argument of 'Pymultinest', removing.
04:04 WARNING : Supplied argument 'queue_size' not an argument of 'Pymultinest', removing.
04:04 WARNING : Supplied argument 'check_point_delta_t' not an argument of 'Pymultinest', removing.
04:04 WARNING : Supplied argument 'queue_size' not an argument of 'Pymultinest', removing.
04:04 WARNING : Supplied argument 'check_point_delta_t' not an argument of 'Pymultinest', removing.
04:04 WARNING : Supplied argument 'queue_size' not an argument of 'Pymultinest', removing.
04:04 WARNING : Supplied argument 'check_point_delta_t' not an argument of 'Pymultinest', removing.
04:04 WARNING : Supplied argument 'queue_size' not an argument of 'Pymultinest', removing.
04:04 WARNING : Supplied argument 'check_point_delta_t' not an argument of 'Pymultinest', removing.
04:04 WARNING : Supplied argument 'queue_size' not an argument of 'Pymultinest', removing.
04:04 WARNING : Supplied argument 'check_point_delta_t' not an argument of 'Pymultinest', removing.
04:04 WARNING : Supplied argument 'queue_size' not an argument of 'Pymultinest', removing.
04:04 WARNING : Supplied argument 'check_point_delta_t' not an argument of 'Pymultinest', removing.
04:04 WARNING : Supplied argument 'queue_size' not an argument of 'Pymultinest', removing.
04:04 WARNING : Supplied argument 'check_point_delta_t' not an argument of 'Pymultinest', removing.
04:04 INFO    : Using output file outdirBNSBu32cores/pm_Simu2019lm/
04:04 INFO    : Using sampler Pymultinest with kwargs {'importance_nested_sampling': False, 'resume': True, 'verbose': True, 'sampling_efficiency': 'parameter', 'n_live_points': 2048, 'n_params': 5, 'n_clustering_params': None, 'wrapped_params': None, 'multimodal': True, 'const_efficiency_mode': False, 'evidence_tolerance': 0.5, 'n_iter_before_update': 100, 'null_log_evidence': -1e+90, 'max_modes': 100, 'mode_tolerance': -1e+90, 'seed': 42, 'context': 0, 'write_output': True, 'log_zero': -1e+100, 'max_iter': 0, 'init_MPI': False, 'dump_callback': <bound method Pymultinest._dump_callback of <bilby.core.sampler.pymultinest.Pymultinest object at 0x155500fc2fb0>>}
04:04 INFO    : Using sampler Pymultinest with kwargs {'importance_nested_sampling': False, 'resume': True, 'verbose': True, 'sampling_efficiency': 'parameter', 'n_live_points': 2048, 'n_params': 5, 'n_clustering_params': None, 'wrapped_params': None, 'multimodal': True, 'const_efficiency_mode': False, 'evidence_tolerance': 0.5, 'n_iter_before_update': 100, 'null_log_evidence': -1e+90, 'max_modes': 100, 'mode_tolerance': -1e+90, 'seed': 42, 'context': 0, 'write_output': True, 'log_zero': -1e+100, 'max_iter': 0, 'init_MPI': False, 'dump_callback': <bound method Pymultinest._dump_callback of <bilby.core.sampler.pymultinest.Pymultinest object at 0x155500fbec80>>}
04:04 INFO    : Using sampler Pymultinest with kwargs {'importance_nested_sampling': False, 'resume': True, 'verbose': True, 'sampling_efficiency': 'parameter', 'n_live_points': 2048, 'n_params': 5, 'n_clustering_params': None, 'wrapped_params': None, 'multimodal': True, 'const_efficiency_mode': False, 'evidence_tolerance': 0.5, 'n_iter_before_update': 100, 'null_log_evidence': -1e+90, 'max_modes': 100, 'mode_tolerance': -1e+90, 'seed': 42, 'context': 0, 'write_output': True, 'log_zero': -1e+100, 'max_iter': 0, 'init_MPI': False, 'dump_callback': <bound method Pymultinest._dump_callback of <bilby.core.sampler.pymultinest.Pymultinest object at 0x155500fc6e90>>}
04:04 INFO    : Using sampler Pymultinest with kwargs {'importance_nested_sampling': False, 'resume': True, 'verbose': True, 'sampling_efficiency': 'parameter', 'n_live_points': 2048, 'n_params': 5, 'n_clustering_params': None, 'wrapped_params': None, 'multimodal': True, 'const_efficiency_mode': False, 'evidence_tolerance': 0.5, 'n_iter_before_update': 100, 'null_log_evidence': -1e+90, 'max_modes': 100, 'mode_tolerance': -1e+90, 'seed': 42, 'context': 0, 'write_output': True, 'log_zero': -1e+100, 'max_iter': 0, 'init_MPI': False, 'dump_callback': <bound method Pymultinest._dump_callback of <bilby.core.sampler.pymultinest.Pymultinest object at 0x155500fc3010>>}
04:04 INFO    : Using sampler Pymultinest with kwargs {'importance_nested_sampling': False, 'resume': True, 'verbose': True, 'sampling_efficiency': 'parameter', 'n_live_points': 2048, 'n_params': 5, 'n_clustering_params': None, 'wrapped_params': None, 'multimodal': True, 'const_efficiency_mode': False, 'evidence_tolerance': 0.5, 'n_iter_before_update': 100, 'null_log_evidence': -1e+90, 'max_modes': 100, 'mode_tolerance': -1e+90, 'seed': 42, 'context': 0, 'write_output': True, 'log_zero': -1e+100, 'max_iter': 0, 'init_MPI': False, 'dump_callback': <bound method Pymultinest._dump_callback of <bilby.core.sampler.pymultinest.Pymultinest object at 0x155500fc2d40>>}
04:04 INFO    : Using sampler Pymultinest with kwargs {'importance_nested_sampling': False, 'resume': True, 'verbose': True, 'sampling_efficiency': 'parameter', 'n_live_points': 2048, 'n_params': 5, 'n_clustering_params': None, 'wrapped_params': None, 'multimodal': True, 'const_efficiency_mode': False, 'evidence_tolerance': 0.5, 'n_iter_before_update': 100, 'null_log_evidence': -1e+90, 'max_modes': 100, 'mode_tolerance': -1e+90, 'seed': 42, 'context': 0, 'write_output': True, 'log_zero': -1e+100, 'max_iter': 0, 'init_MPI': False, 'dump_callback': <bound method Pymultinest._dump_callback of <bilby.core.sampler.pymultinest.Pymultinest object at 0x155500fc3100>>}
04:04 INFO    : Using sampler Pymultinest with kwargs {'importance_nested_sampling': False, 'resume': True, 'verbose': True, 'sampling_efficiency': 'parameter', 'n_live_points': 2048, 'n_params': 5, 'n_clustering_params': None, 'wrapped_params': None, 'multimodal': True, 'const_efficiency_mode': False, 'evidence_tolerance': 0.5, 'n_iter_before_update': 100, 'null_log_evidence': -1e+90, 'max_modes': 100, 'mode_tolerance': -1e+90, 'seed': 42, 'context': 0, 'write_output': True, 'log_zero': -1e+100, 'max_iter': 0, 'init_MPI': False, 'dump_callback': <bound method Pymultinest._dump_callback of <bilby.core.sampler.pymultinest.Pymultinest object at 0x155500fc2ce0>>}
04:04 INFO    : Using sampler Pymultinest with kwargs {'importance_nested_sampling': False, 'resume': True, 'verbose': True, 'sampling_efficiency': 'parameter', 'n_live_points': 2048, 'n_params': 5, 'n_clustering_params': None, 'wrapped_params': None, 'multimodal': True, 'const_efficiency_mode': False, 'evidence_tolerance': 0.5, 'n_iter_before_update': 100, 'null_log_evidence': -1e+90, 'max_modes': 100, 'mode_tolerance': -1e+90, 'seed': 42, 'context': 0, 'write_output': True, 'log_zero': -1e+100, 'max_iter': 0, 'init_MPI': False, 'dump_callback': <bound method Pymultinest._dump_callback of <bilby.core.sampler.pymultinest.Pymultinest object at 0x155500fbece0>>}
04:04 INFO    : Using sampler Pymultinest with kwargs {'importance_nested_sampling': False, 'resume': True, 'verbose': True, 'sampling_efficiency': 'parameter', 'n_live_points': 2048, 'n_params': 5, 'n_clustering_params': None, 'wrapped_params': None, 'multimodal': True, 'const_efficiency_mode': False, 'evidence_tolerance': 0.5, 'n_iter_before_update': 100, 'null_log_evidence': -1e+90, 'max_modes': 100, 'mode_tolerance': -1e+90, 'seed': 42, 'context': 0, 'write_output': True, 'log_zero': -1e+100, 'max_iter': 0, 'init_MPI': False, 'dump_callback': <bound method Pymultinest._dump_callback of <bilby.core.sampler.pymultinest.Pymultinest object at 0x155500fc3010>>}
04:04 INFO    : Using sampler Pymultinest with kwargs {'importance_nested_sampling': False, 'resume': True, 'verbose': True, 'sampling_efficiency': 'parameter', 'n_live_points': 2048, 'n_params': 5, 'n_clustering_params': None, 'wrapped_params': None, 'multimodal': True, 'const_efficiency_mode': False, 'evidence_tolerance': 0.5, 'n_iter_before_update': 100, 'null_log_evidence': -1e+90, 'max_modes': 100, 'mode_tolerance': -1e+90, 'seed': 42, 'context': 0, 'write_output': True, 'log_zero': -1e+100, 'max_iter': 0, 'init_MPI': False, 'dump_callback': <bound method Pymultinest._dump_callback of <bilby.core.sampler.pymultinest.Pymultinest object at 0x155500fc2c50>>}
04:04 INFO    : Using sampler Pymultinest with kwargs {'importance_nested_sampling': False, 'resume': True, 'verbose': True, 'sampling_efficiency': 'parameter', 'n_live_points': 2048, 'n_params': 5, 'n_clustering_params': None, 'wrapped_params': None, 'multimodal': True, 'const_efficiency_mode': False, 'evidence_tolerance': 0.5, 'n_iter_before_update': 100, 'null_log_evidence': -1e+90, 'max_modes': 100, 'mode_tolerance': -1e+90, 'seed': 42, 'context': 0, 'write_output': True, 'log_zero': -1e+100, 'max_iter': 0, 'init_MPI': False, 'dump_callback': <bound method Pymultinest._dump_callback of <bilby.core.sampler.pymultinest.Pymultinest object at 0x155500fc33d0>>}
04:04 INFO    : Using sampler Pymultinest with kwargs {'importance_nested_sampling': False, 'resume': True, 'verbose': True, 'sampling_efficiency': 'parameter', 'n_live_points': 2048, 'n_params': 5, 'n_clustering_params': None, 'wrapped_params': None, 'multimodal': True, 'const_efficiency_mode': False, 'evidence_tolerance': 0.5, 'n_iter_before_update': 100, 'null_log_evidence': -1e+90, 'max_modes': 100, 'mode_tolerance': -1e+90, 'seed': 42, 'context': 0, 'write_output': True, 'log_zero': -1e+100, 'max_iter': 0, 'init_MPI': False, 'dump_callback': <bound method Pymultinest._dump_callback of <bilby.core.sampler.pymultinest.Pymultinest object at 0x155500fc2d40>>}
04:04 INFO    : Using sampler Pymultinest with kwargs {'importance_nested_sampling': False, 'resume': True, 'verbose': True, 'sampling_efficiency': 'parameter', 'n_live_points': 2048, 'n_params': 5, 'n_clustering_params': None, 'wrapped_params': None, 'multimodal': True, 'const_efficiency_mode': False, 'evidence_tolerance': 0.5, 'n_iter_before_update': 100, 'null_log_evidence': -1e+90, 'max_modes': 100, 'mode_tolerance': -1e+90, 'seed': 42, 'context': 0, 'write_output': True, 'log_zero': -1e+100, 'max_iter': 0, 'init_MPI': False, 'dump_callback': <bound method Pymultinest._dump_callback of <bilby.core.sampler.pymultinest.Pymultinest object at 0x155500fc31c0>>}
04:04 INFO    : Using sampler Pymultinest with kwargs {'importance_nested_sampling': False, 'resume': True, 'verbose': True, 'sampling_efficiency': 'parameter', 'n_live_points': 2048, 'n_params': 5, 'n_clustering_params': None, 'wrapped_params': None, 'multimodal': True, 'const_efficiency_mode': False, 'evidence_tolerance': 0.5, 'n_iter_before_update': 100, 'null_log_evidence': -1e+90, 'max_modes': 100, 'mode_tolerance': -1e+90, 'seed': 42, 'context': 0, 'write_output': True, 'log_zero': -1e+100, 'max_iter': 0, 'init_MPI': False, 'dump_callback': <bound method Pymultinest._dump_callback of <bilby.core.sampler.pymultinest.Pymultinest object at 0x155500fc3190>>}
04:04 INFO    : Using sampler Pymultinest with kwargs {'importance_nested_sampling': False, 'resume': True, 'verbose': True, 'sampling_efficiency': 'parameter', 'n_live_points': 2048, 'n_params': 5, 'n_clustering_params': None, 'wrapped_params': None, 'multimodal': True, 'const_efficiency_mode': False, 'evidence_tolerance': 0.5, 'n_iter_before_update': 100, 'null_log_evidence': -1e+90, 'max_modes': 100, 'mode_tolerance': -1e+90, 'seed': 42, 'context': 0, 'write_output': True, 'log_zero': -1e+100, 'max_iter': 0, 'init_MPI': False, 'dump_callback': <bound method Pymultinest._dump_callback of <bilby.core.sampler.pymultinest.Pymultinest object at 0x155500fc6fe0>>}
04:04 INFO    : Using sampler Pymultinest with kwargs {'importance_nested_sampling': False, 'resume': True, 'verbose': True, 'sampling_efficiency': 'parameter', 'n_live_points': 2048, 'n_params': 5, 'n_clustering_params': None, 'wrapped_params': None, 'multimodal': True, 'const_efficiency_mode': False, 'evidence_tolerance': 0.5, 'n_iter_before_update': 100, 'null_log_evidence': -1e+90, 'max_modes': 100, 'mode_tolerance': -1e+90, 'seed': 42, 'context': 0, 'write_output': True, 'log_zero': -1e+100, 'max_iter': 0, 'init_MPI': False, 'dump_callback': <bound method Pymultinest._dump_callback of <bilby.core.sampler.pymultinest.Pymultinest object at 0x155500fc3460>>}
04:04 INFO    : Using sampler Pymultinest with kwargs {'importance_nested_sampling': False, 'resume': True, 'verbose': True, 'sampling_efficiency': 'parameter', 'n_live_points': 2048, 'n_params': 5, 'n_clustering_params': None, 'wrapped_params': None, 'multimodal': True, 'const_efficiency_mode': False, 'evidence_tolerance': 0.5, 'n_iter_before_update': 100, 'null_log_evidence': -1e+90, 'max_modes': 100, 'mode_tolerance': -1e+90, 'seed': 42, 'context': 0, 'write_output': True, 'log_zero': -1e+100, 'max_iter': 0, 'init_MPI': False, 'dump_callback': <bound method Pymultinest._dump_callback of <bilby.core.sampler.pymultinest.Pymultinest object at 0x155500fc6a70>>}
04:04 INFO    : Using sampler Pymultinest with kwargs {'importance_nested_sampling': False, 'resume': True, 'verbose': True, 'sampling_efficiency': 'parameter', 'n_live_points': 2048, 'n_params': 5, 'n_clustering_params': None, 'wrapped_params': None, 'multimodal': True, 'const_efficiency_mode': False, 'evidence_tolerance': 0.5, 'n_iter_before_update': 100, 'null_log_evidence': -1e+90, 'max_modes': 100, 'mode_tolerance': -1e+90, 'seed': 42, 'context': 0, 'write_output': True, 'log_zero': -1e+100, 'max_iter': 0, 'init_MPI': False, 'dump_callback': <bound method Pymultinest._dump_callback of <bilby.core.sampler.pymultinest.Pymultinest object at 0x155500fc6da0>>}
04:04 INFO    : Using sampler Pymultinest with kwargs {'importance_nested_sampling': False, 'resume': True, 'verbose': True, 'sampling_efficiency': 'parameter', 'n_live_points': 2048, 'n_params': 5, 'n_clustering_params': None, 'wrapped_params': None, 'multimodal': True, 'const_efficiency_mode': False, 'evidence_tolerance': 0.5, 'n_iter_before_update': 100, 'null_log_evidence': -1e+90, 'max_modes': 100, 'mode_tolerance': -1e+90, 'seed': 42, 'context': 0, 'write_output': True, 'log_zero': -1e+100, 'max_iter': 0, 'init_MPI': False, 'dump_callback': <bound method Pymultinest._dump_callback of <bilby.core.sampler.pymultinest.Pymultinest object at 0x155500fc6e60>>}
04:04 INFO    : Using sampler Pymultinest with kwargs {'importance_nested_sampling': False, 'resume': True, 'verbose': True, 'sampling_efficiency': 'parameter', 'n_live_points': 2048, 'n_params': 5, 'n_clustering_params': None, 'wrapped_params': None, 'multimodal': True, 'const_efficiency_mode': False, 'evidence_tolerance': 0.5, 'n_iter_before_update': 100, 'null_log_evidence': -1e+90, 'max_modes': 100, 'mode_tolerance': -1e+90, 'seed': 42, 'context': 0, 'write_output': True, 'log_zero': -1e+100, 'max_iter': 0, 'init_MPI': False, 'dump_callback': <bound method Pymultinest._dump_callback of <bilby.core.sampler.pymultinest.Pymultinest object at 0x1554ffc4ec50>>}
04:04 INFO    : Using sampler Pymultinest with kwargs {'importance_nested_sampling': False, 'resume': True, 'verbose': True, 'sampling_efficiency': 'parameter', 'n_live_points': 2048, 'n_params': 5, 'n_clustering_params': None, 'wrapped_params': None, 'multimodal': True, 'const_efficiency_mode': False, 'evidence_tolerance': 0.5, 'n_iter_before_update': 100, 'null_log_evidence': -1e+90, 'max_modes': 100, 'mode_tolerance': -1e+90, 'seed': 42, 'context': 0, 'write_output': True, 'log_zero': -1e+100, 'max_iter': 0, 'init_MPI': False, 'dump_callback': <bound method Pymultinest._dump_callback of <bilby.core.sampler.pymultinest.Pymultinest object at 0x155500fc32b0>>}
04:04 INFO    : Using sampler Pymultinest with kwargs {'importance_nested_sampling': False, 'resume': True, 'verbose': True, 'sampling_efficiency': 'parameter', 'n_live_points': 2048, 'n_params': 5, 'n_clustering_params': None, 'wrapped_params': None, 'multimodal': True, 'const_efficiency_mode': False, 'evidence_tolerance': 0.5, 'n_iter_before_update': 100, 'null_log_evidence': -1e+90, 'max_modes': 100, 'mode_tolerance': -1e+90, 'seed': 42, 'context': 0, 'write_output': True, 'log_zero': -1e+100, 'max_iter': 0, 'init_MPI': False, 'dump_callback': <bound method Pymultinest._dump_callback of <bilby.core.sampler.pymultinest.Pymultinest object at 0x155500fc2ec0>>}
04:04 INFO    : Using sampler Pymultinest with kwargs {'importance_nested_sampling': False, 'resume': True, 'verbose': True, 'sampling_efficiency': 'parameter', 'n_live_points': 2048, 'n_params': 5, 'n_clustering_params': None, 'wrapped_params': None, 'multimodal': True, 'const_efficiency_mode': False, 'evidence_tolerance': 0.5, 'n_iter_before_update': 100, 'null_log_evidence': -1e+90, 'max_modes': 100, 'mode_tolerance': -1e+90, 'seed': 42, 'context': 0, 'write_output': True, 'log_zero': -1e+100, 'max_iter': 0, 'init_MPI': False, 'dump_callback': <bound method Pymultinest._dump_callback of <bilby.core.sampler.pymultinest.Pymultinest object at 0x155500fc69e0>>}
04:04 INFO    : Using sampler Pymultinest with kwargs {'importance_nested_sampling': False, 'resume': True, 'verbose': True, 'sampling_efficiency': 'parameter', 'n_live_points': 2048, 'n_params': 5, 'n_clustering_params': None, 'wrapped_params': None, 'multimodal': True, 'const_efficiency_mode': False, 'evidence_tolerance': 0.5, 'n_iter_before_update': 100, 'null_log_evidence': -1e+90, 'max_modes': 100, 'mode_tolerance': -1e+90, 'seed': 42, 'context': 0, 'write_output': True, 'log_zero': -1e+100, 'max_iter': 0, 'init_MPI': False, 'dump_callback': <bound method Pymultinest._dump_callback of <bilby.core.sampler.pymultinest.Pymultinest object at 0x1554ffc52a40>>}
04:04 INFO    : Using sampler Pymultinest with kwargs {'importance_nested_sampling': False, 'resume': True, 'verbose': True, 'sampling_efficiency': 'parameter', 'n_live_points': 2048, 'n_params': 5, 'n_clustering_params': None, 'wrapped_params': None, 'multimodal': True, 'const_efficiency_mode': False, 'evidence_tolerance': 0.5, 'n_iter_before_update': 100, 'null_log_evidence': -1e+90, 'max_modes': 100, 'mode_tolerance': -1e+90, 'seed': 42, 'context': 0, 'write_output': True, 'log_zero': -1e+100, 'max_iter': 0, 'init_MPI': False, 'dump_callback': <bound method Pymultinest._dump_callback of <bilby.core.sampler.pymultinest.Pymultinest object at 0x155500fc3040>>}
04:04 INFO    : Using sampler Pymultinest with kwargs {'importance_nested_sampling': False, 'resume': True, 'verbose': True, 'sampling_efficiency': 'parameter', 'n_live_points': 2048, 'n_params': 5, 'n_clustering_params': None, 'wrapped_params': None, 'multimodal': True, 'const_efficiency_mode': False, 'evidence_tolerance': 0.5, 'n_iter_before_update': 100, 'null_log_evidence': -1e+90, 'max_modes': 100, 'mode_tolerance': -1e+90, 'seed': 42, 'context': 0, 'write_output': True, 'log_zero': -1e+100, 'max_iter': 0, 'init_MPI': False, 'dump_callback': <bound method Pymultinest._dump_callback of <bilby.core.sampler.pymultinest.Pymultinest object at 0x1554ffc527d0>>}
04:04 INFO    : Using sampler Pymultinest with kwargs {'importance_nested_sampling': False, 'resume': True, 'verbose': True, 'sampling_efficiency': 'parameter', 'n_live_points': 2048, 'n_params': 5, 'n_clustering_params': None, 'wrapped_params': None, 'multimodal': True, 'const_efficiency_mode': False, 'evidence_tolerance': 0.5, 'n_iter_before_update': 100, 'null_log_evidence': -1e+90, 'max_modes': 100, 'mode_tolerance': -1e+90, 'seed': 42, 'context': 0, 'write_output': True, 'log_zero': -1e+100, 'max_iter': 0, 'init_MPI': False, 'dump_callback': <bound method Pymultinest._dump_callback of <bilby.core.sampler.pymultinest.Pymultinest object at 0x155500fc6cb0>>}
04:04 INFO    : Temporary directory incompatible with MPI, will run in original directory
04:04 INFO    : Temporary directory incompatible with MPI, will run in original directory
04:04 INFO    : Temporary directory incompatible with MPI, will run in original directory
04:04 INFO    : Temporary directory incompatible with MPI, will run in original directory
04:04 INFO    : Temporary directory incompatible with MPI, will run in original directory
04:04 INFO    : Temporary directory incompatible with MPI, will run in original directory
04:04 INFO    : Temporary directory incompatible with MPI, will run in original directory
04:04 INFO    : Temporary directory incompatible with MPI, will run in original directory
04:04 INFO    : Temporary directory incompatible with MPI, will run in original directory
04:04 INFO    : Temporary directory incompatible with MPI, will run in original directory
04:04 INFO    : Temporary directory incompatible with MPI, will run in original directory
04:04 INFO    : Temporary directory incompatible with MPI, will run in original directory
04:04 INFO    : Temporary directory incompatible with MPI, will run in original directory
04:04 INFO    : Temporary directory incompatible with MPI, will run in original directory
04:04 INFO    : Temporary directory incompatible with MPI, will run in original directory
04:04 INFO    : Temporary directory incompatible with MPI, will run in original directory
04:04 INFO    : Temporary directory incompatible with MPI, will run in original directory
04:04 INFO    : Temporary directory incompatible with MPI, will run in original directory
04:04 INFO    : Using sampler Pymultinest with kwargs {'importance_nested_sampling': False, 'resume': True, 'verbose': True, 'sampling_efficiency': 'parameter', 'n_live_points': 2048, 'n_params': 5, 'n_clustering_params': None, 'wrapped_params': None, 'multimodal': True, 'const_efficiency_mode': False, 'evidence_tolerance': 0.5, 'n_iter_before_update': 100, 'null_log_evidence': -1e+90, 'max_modes': 100, 'mode_tolerance': -1e+90, 'seed': 42, 'context': 0, 'write_output': True, 'log_zero': -1e+100, 'max_iter': 0, 'init_MPI': False, 'dump_callback': <bound method Pymultinest._dump_callback of <bilby.core.sampler.pymultinest.Pymultinest object at 0x155500fc6dd0>>}
04:04 INFO    : Temporary directory incompatible with MPI, will run in original directory
04:04 INFO    : Using output file outdirBNSBu32cores/pm_Simu2019lm/
04:04 INFO    : Temporary directory incompatible with MPI, will run in original directory
04:04 INFO    : Temporary directory incompatible with MPI, will run in original directory
04:04 INFO    : Temporary directory incompatible with MPI, will run in original directory
04:04 INFO    : Temporary directory incompatible with MPI, will run in original directory
04:04 INFO    : Temporary directory incompatible with MPI, will run in original directory
04:04 INFO    : Temporary directory incompatible with MPI, will run in original directory
04:04 INFO    : Temporary directory incompatible with MPI, will run in original directory
04:04 INFO    : Using sampler Pymultinest with kwargs {'importance_nested_sampling': False, 'resume': True, 'verbose': True, 'sampling_efficiency': 'parameter', 'n_live_points': 2048, 'n_params': 5, 'n_clustering_params': None, 'wrapped_params': None, 'multimodal': True, 'const_efficiency_mode': False, 'evidence_tolerance': 0.5, 'n_iter_before_update': 100, 'null_log_evidence': -1e+90, 'max_modes': 100, 'mode_tolerance': -1e+90, 'seed': 42, 'context': 0, 'write_output': True, 'log_zero': -1e+100, 'max_iter': 0, 'init_MPI': False, 'dump_callback': <bound method Pymultinest._dump_callback of <bilby.core.sampler.pymultinest.Pymultinest object at 0x155500fc7010>>}
04:04 INFO    : Using sampler Pymultinest with kwargs {'importance_nested_sampling': False, 'resume': True, 'verbose': True, 'sampling_efficiency': 'parameter', 'n_live_points': 2048, 'n_params': 5, 'n_clustering_params': None, 'wrapped_params': None, 'multimodal': True, 'const_efficiency_mode': False, 'evidence_tolerance': 0.5, 'n_iter_before_update': 100, 'null_log_evidence': -1e+90, 'max_modes': 100, 'mode_tolerance': -1e+90, 'seed': 42, 'context': 0, 'write_output': True, 'log_zero': -1e+100, 'max_iter': 0, 'init_MPI': False, 'dump_callback': <bound method Pymultinest._dump_callback of <bilby.core.sampler.pymultinest.Pymultinest object at 0x155500fc32b0>>}
04:04 INFO    : Using sampler Pymultinest with kwargs {'importance_nested_sampling': False, 'resume': True, 'verbose': True, 'sampling_efficiency': 'parameter', 'n_live_points': 2048, 'n_params': 5, 'n_clustering_params': None, 'wrapped_params': None, 'multimodal': True, 'const_efficiency_mode': False, 'evidence_tolerance': 0.5, 'n_iter_before_update': 100, 'null_log_evidence': -1e+90, 'max_modes': 100, 'mode_tolerance': -1e+90, 'seed': 42, 'context': 0, 'write_output': True, 'log_zero': -1e+100, 'max_iter': 0, 'init_MPI': False, 'dump_callback': <bound method Pymultinest._dump_callback of <bilby.core.sampler.pymultinest.Pymultinest object at 0x155500fc2e60>>}
04:04 INFO    : Temporary directory incompatible with MPI, will run in original directory
04:04 INFO    : Using output file outdirBNSBu32cores/pm_Simu2019lm/
04:04 INFO    : Using output file outdirBNSBu32cores/pm_Simu2019lm/
04:04 INFO    : Using output file outdirBNSBu32cores/pm_Simu2019lm/
04:04 INFO    : Using output file outdirBNSBu32cores/pm_Simu2019lm/
04:04 INFO    : Temporary directory incompatible with MPI, will run in original directory
04:04 INFO    : Using output file outdirBNSBu32cores/pm_Simu2019lm/
04:04 INFO    : Temporary directory incompatible with MPI, will run in original directory
04:04 INFO    : Temporary directory incompatible with MPI, will run in original directory
04:04 INFO    : Using output file outdirBNSBu32cores/pm_Simu2019lm/
04:04 INFO    : Using output file outdirBNSBu32cores/pm_Simu2019lm/
04:04 INFO    : Using output file outdirBNSBu32cores/pm_Simu2019lm/
04:04 INFO    : Using output file outdirBNSBu32cores/pm_Simu2019lm/
04:04 INFO    : Temporary directory incompatible with MPI, will run in original directory
04:04 INFO    : Using output file outdirBNSBu32cores/pm_Simu2019lm/
04:04 INFO    : Using output file outdirBNSBu32cores/pm_Simu2019lm/
04:04 INFO    : Using output file outdirBNSBu32cores/pm_Simu2019lm/
04:04 INFO    : Using output file outdirBNSBu32cores/pm_Simu2019lm/
04:04 INFO    : Using output file outdirBNSBu32cores/pm_Simu2019lm/
04:04 INFO    : Using output file outdirBNSBu32cores/pm_Simu2019lm/
04:04 INFO    : Using output file outdirBNSBu32cores/pm_Simu2019lm/
04:04 INFO    : Using output file outdirBNSBu32cores/pm_Simu2019lm/
04:04 INFO    : Using output file outdirBNSBu32cores/pm_Simu2019lm/
04:04 INFO    : Using output file outdirBNSBu32cores/pm_Simu2019lm/
04:04 INFO    : Using output file outdirBNSBu32cores/pm_Simu2019lm/
04:04 INFO    : Using output file outdirBNSBu32cores/pm_Simu2019lm/
04:04 INFO    : Using output file outdirBNSBu32cores/pm_Simu2019lm/
04:04 INFO    : Using output file outdirBNSBu32cores/pm_Simu2019lm/
04:04 INFO    : Using output file outdirBNSBu32cores/pm_Simu2019lm/
04:04 INFO    : Using output file outdirBNSBu32cores/pm_Simu2019lm/
04:04 INFO    : Using output file outdirBNSBu32cores/pm_Simu2019lm/
04:04 INFO    : Using output file outdirBNSBu32cores/pm_Simu2019lm/
04:04 INFO    : Using output file outdirBNSBu32cores/pm_Simu2019lm/
04:04 INFO    : Using output file outdirBNSBu32cores/pm_Simu2019lm/
04:04 INFO    : Using output file outdirBNSBu32cores/pm_Simu2019lm/
04:10 INFO    : Sampling time: 0:05:48.957855
04:10 INFO    : Sampling time: 0:05:48.956621
04:10 INFO    : Sampling time: 0:05:48.956709
04:10 INFO    : Sampling time: 0:05:48.955931
04:10 INFO    : Sampling time: 0:05:48.955122
04:10 INFO    : Sampling time: 0:05:48.956568
04:10 INFO    : Sampling time: 0:05:48.956661
04:10 INFO    : Sampling time: 0:05:48.956456
04:10 INFO    : Sampling time: 0:05:48.956282
04:10 INFO    : Sampling time: 0:05:48.959166
04:10 INFO    : Sampling time: 0:05:48.958170
04:10 INFO    : Sampling time: 0:05:48.956595
04:10 INFO    : Sampling time: 0:05:48.958750
04:10 INFO    : Sampling time: 0:05:48.958460
04:10 INFO    : Sampling time: 0:05:48.956651
04:10 INFO    : Sampling time: 0:05:48.958674
04:10 INFO    : Sampling time: 0:05:48.958265
04:10 INFO    : Sampling time: 0:05:48.959260
04:10 INFO    : Sampling time: 0:05:48.958769
04:10 INFO    : Sampling time: 0:05:48.958288
04:10 INFO    : Sampling time: 0:05:48.954104
04:10 INFO    : Sampling time: 0:05:48.958961
04:10 INFO    : Sampling time: 0:05:48.958334
04:10 INFO    : Sampling time: 0:05:48.957839
04:10 INFO    : Sampling time: 0:05:48.958132
04:10 INFO    : Sampling time: 0:05:48.957368
04:10 INFO    : Sampling time: 0:05:48.957220
04:10 INFO    : Sampling time: 0:05:48.957673
04:10 INFO    : Sampling time: 0:05:48.959482
04:10 INFO    : Sampling time: 0:05:48.958101
04:10 INFO    : Sampling time: 0:05:48.958181
04:10 INFO    : Sampling time: 0:05:48.959404
04:10 ERROR   : 

Saving the data has failed with the following message:
[Errno 116] Stale file handle
Data has been dumped to outdirBNSBu32cores/Simu2019lm_result.pkl.


04:10 INFO    : Summary of results:
nsamples: 9450
ln_noise_evidence:  0.000
ln_evidence: -86.361 +/-  0.054
ln_bayes_factor: -86.361 +/-  0.054

04:10 INFO    : Summary of results:
nsamples: 9450
ln_noise_evidence:  0.000
ln_evidence: -86.361 +/-  0.054
ln_bayes_factor: -86.361 +/-  0.054

04:10 INFO    : Summary of results:
nsamples: 9450
ln_noise_evidence:  0.000
ln_evidence: -86.361 +/-  0.054
ln_bayes_factor: -86.361 +/-  0.054

04:10 INFO    : Summary of results:
nsamples: 9450
ln_noise_evidence:  0.000
ln_evidence: -86.361 +/-  0.054
ln_bayes_factor: -86.361 +/-  0.054

04:10 INFO    : Summary of results:
nsamples: 9450
ln_noise_evidence:  0.000
ln_evidence: -86.361 +/-  0.054
ln_bayes_factor: -86.361 +/-  0.054

04:10 INFO    : Summary of results:
nsamples: 9450
ln_noise_evidence:  0.000
ln_evidence: -86.361 +/-  0.054
ln_bayes_factor: -86.361 +/-  0.054

04:10 INFO    : Summary of results:
nsamples: 9450
ln_noise_evidence:  0.000
ln_evidence: -86.361 +/-  0.054
ln_bayes_factor: -86.361 +/-  0.054

04:10 INFO    : Summary of results:
nsamples: 9450
ln_noise_evidence:  0.000
ln_evidence: -86.361 +/-  0.054
ln_bayes_factor: -86.361 +/-  0.054

04:10 INFO    : Summary of results:
nsamples: 9450
ln_noise_evidence:  0.000
ln_evidence: -86.361 +/-  0.054
ln_bayes_factor: -86.361 +/-  0.054

04:10 INFO    : Summary of results:
nsamples: 9450
ln_noise_evidence:  0.000
ln_evidence: -86.361 +/-  0.054
ln_bayes_factor: -86.361 +/-  0.054

04:10 INFO    : Summary of results:
nsamples: 9450
ln_noise_evidence:  0.000
ln_evidence: -86.361 +/-  0.054
ln_bayes_factor: -86.361 +/-  0.054

04:10 INFO    : Summary of results:
nsamples: 9450
ln_noise_evidence:  0.000
ln_evidence: -86.361 +/-  0.054
ln_bayes_factor: -86.361 +/-  0.054

06:35 INFO    : Running for label 'Simu2019lm', output will be saved to 'outdirBNSBu32cores'
06:35 INFO    : Analysis priors:
06:35 INFO    : KNphi=Uniform(minimum=15.0, maximum=75.0, name='KNphi', latex_label='$\\Phi$', unit=None, boundary=None)
06:35 INFO    : log10_mej_dyn=Uniform(minimum=-3.0, maximum=-1.0, name='log10_mej_dyn', latex_label='$\\log_{10}M^{\\rm{dyn}}_{\\rm{ej}}$', unit=None, boundary='reflective')
06:35 INFO    : log10_mej_wind=Uniform(minimum=-3.0, maximum=-0.5, name='log10_mej_wind', latex_label='$\\log_{10}M^{\\rm{wind}}_{\\rm{ej}}$', unit=None, boundary='reflective')
06:35 INFO    : inclination_EM=Sine(minimum=0.0, maximum=1.5707963267948966, name='inclination_EM', latex_label='$\\iota$', unit=None, boundary=None)
06:35 INFO    : luminosity_distance=LogUniform(minimum=1, maximum=500, name='luminosity_distance', latex_label='$D_L$', unit=None, boundary=None)
06:35 INFO    : timeshift=0.0
06:35 INFO    : em_syserr=1.0
06:35 INFO    : Ebv=0.0
06:35 INFO    : Analysis likelihood class: <class 'nmma.em.likelihood.OpticalLightCurve'>
06:35 INFO    : Analysis likelihood noise evidence: 0.0
06:35 INFO    : Single likelihood evaluation took 3.097e-02 s
06:35 WARNING : Supplied argument 'queue_size' not an argument of 'Pymultinest', removing.
06:35 WARNING : Supplied argument 'check_point_delta_t' not an argument of 'Pymultinest', removing.
06:35 WARNING : Using cached result
06:35 INFO    : Summary of results:
nsamples: 9450
ln_noise_evidence:  0.000
ln_evidence: -86.361 +/-  0.054
ln_bayes_factor: -86.361 +/-  0.054

06:35 INFO    : Writing samples file to /home/thussenot/kilonovae-H0/Simu2019lm/1err_JHK/outdirBNSBu32cores/Simu2019lm_posterior_samples.dat
