04:22 INFO    : Running for label 'Constraints170817', output will be saved to 'outdirBNSBu32cores'
04:22 INFO    : Running for label 'Constraints170817', output will be saved to 'outdirBNSBu32cores'
04:22 INFO    : Running for label 'Constraints170817', output will be saved to 'outdirBNSBu32cores'
04:22 INFO    : Running for label 'Constraints170817', output will be saved to 'outdirBNSBu32cores'
04:22 INFO    : Running for label 'Constraints170817', output will be saved to 'outdirBNSBu32cores'
04:22 INFO    : Running for label 'Constraints170817', output will be saved to 'outdirBNSBu32cores'
04:22 INFO    : Running for label 'Constraints170817', output will be saved to 'outdirBNSBu32cores'
04:22 INFO    : Running for label 'Constraints170817', output will be saved to 'outdirBNSBu32cores'
04:22 INFO    : Running for label 'Constraints170817', output will be saved to 'outdirBNSBu32cores'
04:22 INFO    : Running for label 'Constraints170817', output will be saved to 'outdirBNSBu32cores'
04:22 INFO    : Running for label 'Constraints170817', output will be saved to 'outdirBNSBu32cores'
04:22 INFO    : Running for label 'Constraints170817', output will be saved to 'outdirBNSBu32cores'
04:22 INFO    : Running for label 'Constraints170817', output will be saved to 'outdirBNSBu32cores'
04:22 INFO    : Running for label 'Constraints170817', output will be saved to 'outdirBNSBu32cores'
04:22 INFO    : Running for label 'Constraints170817', output will be saved to 'outdirBNSBu32cores'
04:22 INFO    : Running for label 'Constraints170817', output will be saved to 'outdirBNSBu32cores'
04:22 INFO    : Running for label 'Constraints170817', output will be saved to 'outdirBNSBu32cores'
04:22 INFO    : Running for label 'Constraints170817', output will be saved to 'outdirBNSBu32cores'
04:22 INFO    : Running for label 'Constraints170817', output will be saved to 'outdirBNSBu32cores'
04:22 INFO    : Running for label 'Constraints170817', output will be saved to 'outdirBNSBu32cores'
04:22 INFO    : Running for label 'Constraints170817', output will be saved to 'outdirBNSBu32cores'
04:22 INFO    : Running for label 'Constraints170817', output will be saved to 'outdirBNSBu32cores'
04:22 INFO    : Running for label 'Constraints170817', output will be saved to 'outdirBNSBu32cores'
04:22 INFO    : Running for label 'Constraints170817', output will be saved to 'outdirBNSBu32cores'
04:22 INFO    : Running for label 'Constraints170817', output will be saved to 'outdirBNSBu32cores'
04:22 INFO    : Running for label 'Constraints170817', output will be saved to 'outdirBNSBu32cores'
04:22 INFO    : Running for label 'Constraints170817', output will be saved to 'outdirBNSBu32cores'
04:22 INFO    : Running for label 'Constraints170817', output will be saved to 'outdirBNSBu32cores'
04:22 INFO    : Running for label 'Constraints170817', output will be saved to 'outdirBNSBu32cores'
04:22 INFO    : Running for label 'Constraints170817', output will be saved to 'outdirBNSBu32cores'
04:22 INFO    : Running for label 'Constraints170817', output will be saved to 'outdirBNSBu32cores'
04:22 INFO    : Running for label 'Constraints170817', output will be saved to 'outdirBNSBu32cores'
04:22 INFO    : Analysis priors:
04:22 INFO    : Analysis priors:
04:22 INFO    : Analysis priors:
04:22 INFO    : Analysis priors:
04:22 INFO    : Analysis priors:
04:22 INFO    : KNphi=Uniform(minimum=15.0, maximum=75.0, name='KNphi', latex_label='$\\Phi$', unit=None, boundary=None)
04:22 INFO    : KNphi=Uniform(minimum=15.0, maximum=75.0, name='KNphi', latex_label='$\\Phi$', unit=None, boundary=None)
04:22 INFO    : KNphi=Uniform(minimum=15.0, maximum=75.0, name='KNphi', latex_label='$\\Phi$', unit=None, boundary=None)
04:22 INFO    : KNphi=Uniform(minimum=15.0, maximum=75.0, name='KNphi', latex_label='$\\Phi$', unit=None, boundary=None)
04:22 INFO    : log10_mej_dyn=Uniform(minimum=-3.0, maximum=-1.0, name='log10_mej_dyn', latex_label='$\\log_{10}M^{\\rm{dyn}}_{\\rm{ej}}$', unit=None, boundary='reflective')
04:22 INFO    : log10_mej_dyn=Uniform(minimum=-3.0, maximum=-1.0, name='log10_mej_dyn', latex_label='$\\log_{10}M^{\\rm{dyn}}_{\\rm{ej}}$', unit=None, boundary='reflective')
04:22 INFO    : log10_mej_dyn=Uniform(minimum=-3.0, maximum=-1.0, name='log10_mej_dyn', latex_label='$\\log_{10}M^{\\rm{dyn}}_{\\rm{ej}}$', unit=None, boundary='reflective')
04:22 INFO    : KNphi=Uniform(minimum=15.0, maximum=75.0, name='KNphi', latex_label='$\\Phi$', unit=None, boundary=None)
04:22 INFO    : log10_mej_wind=Uniform(minimum=-3.0, maximum=-0.5, name='log10_mej_wind', latex_label='$\\log_{10}M^{\\rm{wind}}_{\\rm{ej}}$', unit=None, boundary='reflective')
04:22 INFO    : log10_mej_dyn=Uniform(minimum=-3.0, maximum=-1.0, name='log10_mej_dyn', latex_label='$\\log_{10}M^{\\rm{dyn}}_{\\rm{ej}}$', unit=None, boundary='reflective')
04:22 INFO    : log10_mej_wind=Uniform(minimum=-3.0, maximum=-0.5, name='log10_mej_wind', latex_label='$\\log_{10}M^{\\rm{wind}}_{\\rm{ej}}$', unit=None, boundary='reflective')
04:22 INFO    : log10_mej_wind=Uniform(minimum=-3.0, maximum=-0.5, name='log10_mej_wind', latex_label='$\\log_{10}M^{\\rm{wind}}_{\\rm{ej}}$', unit=None, boundary='reflective')
04:22 INFO    : log10_mej_wind=Uniform(minimum=-3.0, maximum=-0.5, name='log10_mej_wind', latex_label='$\\log_{10}M^{\\rm{wind}}_{\\rm{ej}}$', unit=None, boundary='reflective')
04:22 INFO    : log10_mej_dyn=Uniform(minimum=-3.0, maximum=-1.0, name='log10_mej_dyn', latex_label='$\\log_{10}M^{\\rm{dyn}}_{\\rm{ej}}$', unit=None, boundary='reflective')
04:22 INFO    : inclination_EM=Sine(minimum=0.33, maximum=0.42, name='inclination_EM', latex_label='$\\iota$', unit=None, boundary=None)
04:22 INFO    : inclination_EM=Sine(minimum=0.33, maximum=0.42, name='inclination_EM', latex_label='$\\iota$', unit=None, boundary=None)
04:22 INFO    : inclination_EM=Sine(minimum=0.33, maximum=0.42, name='inclination_EM', latex_label='$\\iota$', unit=None, boundary=None)
04:22 INFO    : Analysis priors:
04:22 INFO    : Analysis priors:
04:22 INFO    : Analysis priors:
04:22 INFO    : log10_mej_wind=Uniform(minimum=-3.0, maximum=-0.5, name='log10_mej_wind', latex_label='$\\log_{10}M^{\\rm{wind}}_{\\rm{ej}}$', unit=None, boundary='reflective')
04:22 INFO    : Analysis priors:
04:22 INFO    : Analysis priors:
04:22 INFO    : inclination_EM=Sine(minimum=0.33, maximum=0.42, name='inclination_EM', latex_label='$\\iota$', unit=None, boundary=None)
04:22 INFO    : Analysis priors:
04:22 INFO    : Analysis priors:
04:22 INFO    : luminosity_distance=LogUniform(minimum=38, maximum=48, name='luminosity_distance', latex_label='$D_L$', unit=None, boundary=None)
04:22 INFO    : Analysis priors:
04:22 INFO    : Analysis priors:
04:22 INFO    : Analysis priors:
04:22 INFO    : Analysis priors:
04:22 INFO    : luminosity_distance=LogUniform(minimum=38, maximum=48, name='luminosity_distance', latex_label='$D_L$', unit=None, boundary=None)
04:22 INFO    : Analysis priors:
04:22 INFO    : luminosity_distance=LogUniform(minimum=38, maximum=48, name='luminosity_distance', latex_label='$D_L$', unit=None, boundary=None)
04:22 INFO    : Analysis priors:
04:22 INFO    : Analysis priors:
04:22 INFO    : Analysis priors:
04:22 INFO    : inclination_EM=Sine(minimum=0.33, maximum=0.42, name='inclination_EM', latex_label='$\\iota$', unit=None, boundary=None)
04:22 INFO    : em_syserr=LogUniform(minimum=0.1, maximum=2.0, name='em_syserr', latex_label='$\\sigma$', unit=None, boundary=None)
04:22 INFO    : luminosity_distance=LogUniform(minimum=38, maximum=48, name='luminosity_distance', latex_label='$D_L$', unit=None, boundary=None)
04:22 INFO    : em_syserr=LogUniform(minimum=0.1, maximum=2.0, name='em_syserr', latex_label='$\\sigma$', unit=None, boundary=None)
04:22 INFO    : em_syserr=LogUniform(minimum=0.1, maximum=2.0, name='em_syserr', latex_label='$\\sigma$', unit=None, boundary=None)
04:22 INFO    : Analysis priors:
04:22 INFO    : Analysis priors:
04:22 INFO    : Analysis priors:
04:22 INFO    : timeshift=0.0
04:22 INFO    : Analysis priors:
04:22 INFO    : timeshift=0.0
04:22 INFO    : timeshift=0.0
04:22 INFO    : Ebv=0.0
04:22 INFO    : KNphi=Uniform(minimum=15.0, maximum=75.0, name='KNphi', latex_label='$\\Phi$', unit=None, boundary=None)
04:22 INFO    : Ebv=0.0
04:22 INFO    : Analysis priors:
04:22 INFO    : Ebv=0.0
04:22 INFO    : Analysis priors:
04:22 INFO    : Analysis likelihood class: <class 'nmma.em.likelihood.OpticalLightCurve'>
04:22 INFO    : KNphi=Uniform(minimum=15.0, maximum=75.0, name='KNphi', latex_label='$\\Phi$', unit=None, boundary=None)
04:22 INFO    : KNphi=Uniform(minimum=15.0, maximum=75.0, name='KNphi', latex_label='$\\Phi$', unit=None, boundary=None)
04:22 INFO    : KNphi=Uniform(minimum=15.0, maximum=75.0, name='KNphi', latex_label='$\\Phi$', unit=None, boundary=None)
04:22 INFO    : KNphi=Uniform(minimum=15.0, maximum=75.0, name='KNphi', latex_label='$\\Phi$', unit=None, boundary=None)
04:22 INFO    : luminosity_distance=LogUniform(minimum=38, maximum=48, name='luminosity_distance', latex_label='$D_L$', unit=None, boundary=None)
04:22 INFO    : em_syserr=LogUniform(minimum=0.1, maximum=2.0, name='em_syserr', latex_label='$\\sigma$', unit=None, boundary=None)
04:22 INFO    : Analysis likelihood class: <class 'nmma.em.likelihood.OpticalLightCurve'>
04:22 INFO    : KNphi=Uniform(minimum=15.0, maximum=75.0, name='KNphi', latex_label='$\\Phi$', unit=None, boundary=None)
04:22 INFO    : Analysis likelihood class: <class 'nmma.em.likelihood.OpticalLightCurve'>
04:22 INFO    : KNphi=Uniform(minimum=15.0, maximum=75.0, name='KNphi', latex_label='$\\Phi$', unit=None, boundary=None)
04:22 INFO    : KNphi=Uniform(minimum=15.0, maximum=75.0, name='KNphi', latex_label='$\\Phi$', unit=None, boundary=None)
04:22 INFO    : KNphi=Uniform(minimum=15.0, maximum=75.0, name='KNphi', latex_label='$\\Phi$', unit=None, boundary=None)
04:22 INFO    : KNphi=Uniform(minimum=15.0, maximum=75.0, name='KNphi', latex_label='$\\Phi$', unit=None, boundary=None)
04:22 INFO    : KNphi=Uniform(minimum=15.0, maximum=75.0, name='KNphi', latex_label='$\\Phi$', unit=None, boundary=None)
04:22 INFO    : KNphi=Uniform(minimum=15.0, maximum=75.0, name='KNphi', latex_label='$\\Phi$', unit=None, boundary=None)
04:22 INFO    : Analysis likelihood noise evidence: 0.0
04:22 INFO    : Analysis likelihood noise evidence: 0.0
04:22 INFO    : KNphi=Uniform(minimum=15.0, maximum=75.0, name='KNphi', latex_label='$\\Phi$', unit=None, boundary=None)
04:22 INFO    : Analysis likelihood noise evidence: 0.0
04:22 INFO    : timeshift=0.0
04:22 INFO    : KNphi=Uniform(minimum=15.0, maximum=75.0, name='KNphi', latex_label='$\\Phi$', unit=None, boundary=None)
04:22 INFO    : KNphi=Uniform(minimum=15.0, maximum=75.0, name='KNphi', latex_label='$\\Phi$', unit=None, boundary=None)
04:22 INFO    : Analysis priors:
04:22 INFO    : Analysis priors:
04:22 INFO    : Analysis priors:
04:22 INFO    : Ebv=0.0
04:22 INFO    : log10_mej_dyn=Uniform(minimum=-3.0, maximum=-1.0, name='log10_mej_dyn', latex_label='$\\log_{10}M^{\\rm{dyn}}_{\\rm{ej}}$', unit=None, boundary='reflective')
04:22 INFO    : em_syserr=LogUniform(minimum=0.1, maximum=2.0, name='em_syserr', latex_label='$\\sigma$', unit=None, boundary=None)
04:22 INFO    : log10_mej_dyn=Uniform(minimum=-3.0, maximum=-1.0, name='log10_mej_dyn', latex_label='$\\log_{10}M^{\\rm{dyn}}_{\\rm{ej}}$', unit=None, boundary='reflective')
04:22 INFO    : Analysis priors:
04:22 INFO    : log10_mej_dyn=Uniform(minimum=-3.0, maximum=-1.0, name='log10_mej_dyn', latex_label='$\\log_{10}M^{\\rm{dyn}}_{\\rm{ej}}$', unit=None, boundary='reflective')
04:22 INFO    : log10_mej_dyn=Uniform(minimum=-3.0, maximum=-1.0, name='log10_mej_dyn', latex_label='$\\log_{10}M^{\\rm{dyn}}_{\\rm{ej}}$', unit=None, boundary='reflective')
04:22 INFO    : Analysis likelihood class: <class 'nmma.em.likelihood.OpticalLightCurve'>
04:22 INFO    : log10_mej_dyn=Uniform(minimum=-3.0, maximum=-1.0, name='log10_mej_dyn', latex_label='$\\log_{10}M^{\\rm{dyn}}_{\\rm{ej}}$', unit=None, boundary='reflective')
04:22 INFO    : log10_mej_dyn=Uniform(minimum=-3.0, maximum=-1.0, name='log10_mej_dyn', latex_label='$\\log_{10}M^{\\rm{dyn}}_{\\rm{ej}}$', unit=None, boundary='reflective')
04:22 INFO    : log10_mej_dyn=Uniform(minimum=-3.0, maximum=-1.0, name='log10_mej_dyn', latex_label='$\\log_{10}M^{\\rm{dyn}}_{\\rm{ej}}$', unit=None, boundary='reflective')
04:22 INFO    : log10_mej_dyn=Uniform(minimum=-3.0, maximum=-1.0, name='log10_mej_dyn', latex_label='$\\log_{10}M^{\\rm{dyn}}_{\\rm{ej}}$', unit=None, boundary='reflective')
04:22 INFO    : log10_mej_dyn=Uniform(minimum=-3.0, maximum=-1.0, name='log10_mej_dyn', latex_label='$\\log_{10}M^{\\rm{dyn}}_{\\rm{ej}}$', unit=None, boundary='reflective')
04:22 INFO    : log10_mej_dyn=Uniform(minimum=-3.0, maximum=-1.0, name='log10_mej_dyn', latex_label='$\\log_{10}M^{\\rm{dyn}}_{\\rm{ej}}$', unit=None, boundary='reflective')
04:22 INFO    : KNphi=Uniform(minimum=15.0, maximum=75.0, name='KNphi', latex_label='$\\Phi$', unit=None, boundary=None)
04:22 INFO    : log10_mej_dyn=Uniform(minimum=-3.0, maximum=-1.0, name='log10_mej_dyn', latex_label='$\\log_{10}M^{\\rm{dyn}}_{\\rm{ej}}$', unit=None, boundary='reflective')
04:22 INFO    : timeshift=0.0
04:22 INFO    : KNphi=Uniform(minimum=15.0, maximum=75.0, name='KNphi', latex_label='$\\Phi$', unit=None, boundary=None)
04:22 INFO    : KNphi=Uniform(minimum=15.0, maximum=75.0, name='KNphi', latex_label='$\\Phi$', unit=None, boundary=None)
04:22 INFO    : KNphi=Uniform(minimum=15.0, maximum=75.0, name='KNphi', latex_label='$\\Phi$', unit=None, boundary=None)
04:22 INFO    : log10_mej_dyn=Uniform(minimum=-3.0, maximum=-1.0, name='log10_mej_dyn', latex_label='$\\log_{10}M^{\\rm{dyn}}_{\\rm{ej}}$', unit=None, boundary='reflective')
04:22 INFO    : Analysis likelihood noise evidence: 0.0
04:22 INFO    : log10_mej_dyn=Uniform(minimum=-3.0, maximum=-1.0, name='log10_mej_dyn', latex_label='$\\log_{10}M^{\\rm{dyn}}_{\\rm{ej}}$', unit=None, boundary='reflective')
04:22 INFO    : log10_mej_dyn=Uniform(minimum=-3.0, maximum=-1.0, name='log10_mej_dyn', latex_label='$\\log_{10}M^{\\rm{dyn}}_{\\rm{ej}}$', unit=None, boundary='reflective')
04:22 INFO    : log10_mej_dyn=Uniform(minimum=-3.0, maximum=-1.0, name='log10_mej_dyn', latex_label='$\\log_{10}M^{\\rm{dyn}}_{\\rm{ej}}$', unit=None, boundary='reflective')
04:22 INFO    : Ebv=0.0
04:22 INFO    : KNphi=Uniform(minimum=15.0, maximum=75.0, name='KNphi', latex_label='$\\Phi$', unit=None, boundary=None)
04:22 INFO    : log10_mej_wind=Uniform(minimum=-3.0, maximum=-0.5, name='log10_mej_wind', latex_label='$\\log_{10}M^{\\rm{wind}}_{\\rm{ej}}$', unit=None, boundary='reflective')
04:22 INFO    : KNphi=Uniform(minimum=15.0, maximum=75.0, name='KNphi', latex_label='$\\Phi$', unit=None, boundary=None)
04:22 INFO    : Analysis likelihood class: <class 'nmma.em.likelihood.OpticalLightCurve'>
04:22 INFO    : log10_mej_wind=Uniform(minimum=-3.0, maximum=-0.5, name='log10_mej_wind', latex_label='$\\log_{10}M^{\\rm{wind}}_{\\rm{ej}}$', unit=None, boundary='reflective')
04:22 INFO    : log10_mej_wind=Uniform(minimum=-3.0, maximum=-0.5, name='log10_mej_wind', latex_label='$\\log_{10}M^{\\rm{wind}}_{\\rm{ej}}$', unit=None, boundary='reflective')
04:22 INFO    : log10_mej_wind=Uniform(minimum=-3.0, maximum=-0.5, name='log10_mej_wind', latex_label='$\\log_{10}M^{\\rm{wind}}_{\\rm{ej}}$', unit=None, boundary='reflective')
04:22 INFO    : log10_mej_wind=Uniform(minimum=-3.0, maximum=-0.5, name='log10_mej_wind', latex_label='$\\log_{10}M^{\\rm{wind}}_{\\rm{ej}}$', unit=None, boundary='reflective')
04:22 INFO    : log10_mej_wind=Uniform(minimum=-3.0, maximum=-0.5, name='log10_mej_wind', latex_label='$\\log_{10}M^{\\rm{wind}}_{\\rm{ej}}$', unit=None, boundary='reflective')
04:22 INFO    : log10_mej_wind=Uniform(minimum=-3.0, maximum=-0.5, name='log10_mej_wind', latex_label='$\\log_{10}M^{\\rm{wind}}_{\\rm{ej}}$', unit=None, boundary='reflective')
04:22 INFO    : log10_mej_wind=Uniform(minimum=-3.0, maximum=-0.5, name='log10_mej_wind', latex_label='$\\log_{10}M^{\\rm{wind}}_{\\rm{ej}}$', unit=None, boundary='reflective')
04:22 INFO    : Analysis likelihood noise evidence: 0.0
04:22 INFO    : log10_mej_wind=Uniform(minimum=-3.0, maximum=-0.5, name='log10_mej_wind', latex_label='$\\log_{10}M^{\\rm{wind}}_{\\rm{ej}}$', unit=None, boundary='reflective')
04:22 INFO    : log10_mej_wind=Uniform(minimum=-3.0, maximum=-0.5, name='log10_mej_wind', latex_label='$\\log_{10}M^{\\rm{wind}}_{\\rm{ej}}$', unit=None, boundary='reflective')
04:22 INFO    : log10_mej_wind=Uniform(minimum=-3.0, maximum=-0.5, name='log10_mej_wind', latex_label='$\\log_{10}M^{\\rm{wind}}_{\\rm{ej}}$', unit=None, boundary='reflective')
04:22 INFO    : log10_mej_dyn=Uniform(minimum=-3.0, maximum=-1.0, name='log10_mej_dyn', latex_label='$\\log_{10}M^{\\rm{dyn}}_{\\rm{ej}}$', unit=None, boundary='reflective')
04:22 INFO    : log10_mej_wind=Uniform(minimum=-3.0, maximum=-0.5, name='log10_mej_wind', latex_label='$\\log_{10}M^{\\rm{wind}}_{\\rm{ej}}$', unit=None, boundary='reflective')
04:22 INFO    : log10_mej_dyn=Uniform(minimum=-3.0, maximum=-1.0, name='log10_mej_dyn', latex_label='$\\log_{10}M^{\\rm{dyn}}_{\\rm{ej}}$', unit=None, boundary='reflective')
04:22 INFO    : log10_mej_wind=Uniform(minimum=-3.0, maximum=-0.5, name='log10_mej_wind', latex_label='$\\log_{10}M^{\\rm{wind}}_{\\rm{ej}}$', unit=None, boundary='reflective')
04:22 INFO    : log10_mej_wind=Uniform(minimum=-3.0, maximum=-0.5, name='log10_mej_wind', latex_label='$\\log_{10}M^{\\rm{wind}}_{\\rm{ej}}$', unit=None, boundary='reflective')
04:22 INFO    : log10_mej_wind=Uniform(minimum=-3.0, maximum=-0.5, name='log10_mej_wind', latex_label='$\\log_{10}M^{\\rm{wind}}_{\\rm{ej}}$', unit=None, boundary='reflective')
04:22 INFO    : log10_mej_dyn=Uniform(minimum=-3.0, maximum=-1.0, name='log10_mej_dyn', latex_label='$\\log_{10}M^{\\rm{dyn}}_{\\rm{ej}}$', unit=None, boundary='reflective')
04:22 INFO    : log10_mej_dyn=Uniform(minimum=-3.0, maximum=-1.0, name='log10_mej_dyn', latex_label='$\\log_{10}M^{\\rm{dyn}}_{\\rm{ej}}$', unit=None, boundary='reflective')
04:22 INFO    : KNphi=Uniform(minimum=15.0, maximum=75.0, name='KNphi', latex_label='$\\Phi$', unit=None, boundary=None)
04:22 INFO    : KNphi=Uniform(minimum=15.0, maximum=75.0, name='KNphi', latex_label='$\\Phi$', unit=None, boundary=None)
04:22 INFO    : KNphi=Uniform(minimum=15.0, maximum=75.0, name='KNphi', latex_label='$\\Phi$', unit=None, boundary=None)
04:22 INFO    : log10_mej_dyn=Uniform(minimum=-3.0, maximum=-1.0, name='log10_mej_dyn', latex_label='$\\log_{10}M^{\\rm{dyn}}_{\\rm{ej}}$', unit=None, boundary='reflective')
04:22 INFO    : inclination_EM=Sine(minimum=0.33, maximum=0.42, name='inclination_EM', latex_label='$\\iota$', unit=None, boundary=None)
04:22 INFO    : log10_mej_dyn=Uniform(minimum=-3.0, maximum=-1.0, name='log10_mej_dyn', latex_label='$\\log_{10}M^{\\rm{dyn}}_{\\rm{ej}}$', unit=None, boundary='reflective')
04:22 INFO    : KNphi=Uniform(minimum=15.0, maximum=75.0, name='KNphi', latex_label='$\\Phi$', unit=None, boundary=None)
04:22 INFO    : inclination_EM=Sine(minimum=0.33, maximum=0.42, name='inclination_EM', latex_label='$\\iota$', unit=None, boundary=None)
04:22 INFO    : inclination_EM=Sine(minimum=0.33, maximum=0.42, name='inclination_EM', latex_label='$\\iota$', unit=None, boundary=None)
04:22 INFO    : inclination_EM=Sine(minimum=0.33, maximum=0.42, name='inclination_EM', latex_label='$\\iota$', unit=None, boundary=None)
04:22 INFO    : inclination_EM=Sine(minimum=0.33, maximum=0.42, name='inclination_EM', latex_label='$\\iota$', unit=None, boundary=None)
04:22 INFO    : inclination_EM=Sine(minimum=0.33, maximum=0.42, name='inclination_EM', latex_label='$\\iota$', unit=None, boundary=None)
04:22 INFO    : inclination_EM=Sine(minimum=0.33, maximum=0.42, name='inclination_EM', latex_label='$\\iota$', unit=None, boundary=None)
04:22 INFO    : inclination_EM=Sine(minimum=0.33, maximum=0.42, name='inclination_EM', latex_label='$\\iota$', unit=None, boundary=None)
04:22 INFO    : inclination_EM=Sine(minimum=0.33, maximum=0.42, name='inclination_EM', latex_label='$\\iota$', unit=None, boundary=None)
04:22 INFO    : log10_mej_wind=Uniform(minimum=-3.0, maximum=-0.5, name='log10_mej_wind', latex_label='$\\log_{10}M^{\\rm{wind}}_{\\rm{ej}}$', unit=None, boundary='reflective')
04:22 INFO    : inclination_EM=Sine(minimum=0.33, maximum=0.42, name='inclination_EM', latex_label='$\\iota$', unit=None, boundary=None)
04:22 INFO    : log10_mej_wind=Uniform(minimum=-3.0, maximum=-0.5, name='log10_mej_wind', latex_label='$\\log_{10}M^{\\rm{wind}}_{\\rm{ej}}$', unit=None, boundary='reflective')
04:22 INFO    : inclination_EM=Sine(minimum=0.33, maximum=0.42, name='inclination_EM', latex_label='$\\iota$', unit=None, boundary=None)
04:22 INFO    : inclination_EM=Sine(minimum=0.33, maximum=0.42, name='inclination_EM', latex_label='$\\iota$', unit=None, boundary=None)
04:22 INFO    : log10_mej_wind=Uniform(minimum=-3.0, maximum=-0.5, name='log10_mej_wind', latex_label='$\\log_{10}M^{\\rm{wind}}_{\\rm{ej}}$', unit=None, boundary='reflective')
04:22 INFO    : log10_mej_wind=Uniform(minimum=-3.0, maximum=-0.5, name='log10_mej_wind', latex_label='$\\log_{10}M^{\\rm{wind}}_{\\rm{ej}}$', unit=None, boundary='reflective')
04:22 INFO    : inclination_EM=Sine(minimum=0.33, maximum=0.42, name='inclination_EM', latex_label='$\\iota$', unit=None, boundary=None)
04:22 INFO    : inclination_EM=Sine(minimum=0.33, maximum=0.42, name='inclination_EM', latex_label='$\\iota$', unit=None, boundary=None)
04:22 INFO    : inclination_EM=Sine(minimum=0.33, maximum=0.42, name='inclination_EM', latex_label='$\\iota$', unit=None, boundary=None)
04:22 INFO    : log10_mej_dyn=Uniform(minimum=-3.0, maximum=-1.0, name='log10_mej_dyn', latex_label='$\\log_{10}M^{\\rm{dyn}}_{\\rm{ej}}$', unit=None, boundary='reflective')
04:22 INFO    : log10_mej_wind=Uniform(minimum=-3.0, maximum=-0.5, name='log10_mej_wind', latex_label='$\\log_{10}M^{\\rm{wind}}_{\\rm{ej}}$', unit=None, boundary='reflective')
04:22 INFO    : log10_mej_dyn=Uniform(minimum=-3.0, maximum=-1.0, name='log10_mej_dyn', latex_label='$\\log_{10}M^{\\rm{dyn}}_{\\rm{ej}}$', unit=None, boundary='reflective')
04:22 INFO    : log10_mej_dyn=Uniform(minimum=-3.0, maximum=-1.0, name='log10_mej_dyn', latex_label='$\\log_{10}M^{\\rm{dyn}}_{\\rm{ej}}$', unit=None, boundary='reflective')
04:22 INFO    : luminosity_distance=LogUniform(minimum=38, maximum=48, name='luminosity_distance', latex_label='$D_L$', unit=None, boundary=None)
04:22 INFO    : log10_mej_wind=Uniform(minimum=-3.0, maximum=-0.5, name='log10_mej_wind', latex_label='$\\log_{10}M^{\\rm{wind}}_{\\rm{ej}}$', unit=None, boundary='reflective')
04:22 INFO    : log10_mej_dyn=Uniform(minimum=-3.0, maximum=-1.0, name='log10_mej_dyn', latex_label='$\\log_{10}M^{\\rm{dyn}}_{\\rm{ej}}$', unit=None, boundary='reflective')
04:22 INFO    : luminosity_distance=LogUniform(minimum=38, maximum=48, name='luminosity_distance', latex_label='$D_L$', unit=None, boundary=None)
04:22 INFO    : luminosity_distance=LogUniform(minimum=38, maximum=48, name='luminosity_distance', latex_label='$D_L$', unit=None, boundary=None)
04:22 INFO    : luminosity_distance=LogUniform(minimum=38, maximum=48, name='luminosity_distance', latex_label='$D_L$', unit=None, boundary=None)
04:22 INFO    : luminosity_distance=LogUniform(minimum=38, maximum=48, name='luminosity_distance', latex_label='$D_L$', unit=None, boundary=None)
04:22 INFO    : luminosity_distance=LogUniform(minimum=38, maximum=48, name='luminosity_distance', latex_label='$D_L$', unit=None, boundary=None)
04:22 INFO    : inclination_EM=Sine(minimum=0.33, maximum=0.42, name='inclination_EM', latex_label='$\\iota$', unit=None, boundary=None)
04:22 INFO    : luminosity_distance=LogUniform(minimum=38, maximum=48, name='luminosity_distance', latex_label='$D_L$', unit=None, boundary=None)
04:22 INFO    : luminosity_distance=LogUniform(minimum=38, maximum=48, name='luminosity_distance', latex_label='$D_L$', unit=None, boundary=None)
04:22 INFO    : luminosity_distance=LogUniform(minimum=38, maximum=48, name='luminosity_distance', latex_label='$D_L$', unit=None, boundary=None)
04:22 INFO    : inclination_EM=Sine(minimum=0.33, maximum=0.42, name='inclination_EM', latex_label='$\\iota$', unit=None, boundary=None)
04:22 INFO    : luminosity_distance=LogUniform(minimum=38, maximum=48, name='luminosity_distance', latex_label='$D_L$', unit=None, boundary=None)
04:22 INFO    : inclination_EM=Sine(minimum=0.33, maximum=0.42, name='inclination_EM', latex_label='$\\iota$', unit=None, boundary=None)
04:22 INFO    : luminosity_distance=LogUniform(minimum=38, maximum=48, name='luminosity_distance', latex_label='$D_L$', unit=None, boundary=None)
04:22 INFO    : luminosity_distance=LogUniform(minimum=38, maximum=48, name='luminosity_distance', latex_label='$D_L$', unit=None, boundary=None)
04:22 INFO    : inclination_EM=Sine(minimum=0.33, maximum=0.42, name='inclination_EM', latex_label='$\\iota$', unit=None, boundary=None)
04:22 INFO    : em_syserr=LogUniform(minimum=0.1, maximum=2.0, name='em_syserr', latex_label='$\\sigma$', unit=None, boundary=None)
04:22 INFO    : luminosity_distance=LogUniform(minimum=38, maximum=48, name='luminosity_distance', latex_label='$D_L$', unit=None, boundary=None)
04:22 INFO    : log10_mej_wind=Uniform(minimum=-3.0, maximum=-0.5, name='log10_mej_wind', latex_label='$\\log_{10}M^{\\rm{wind}}_{\\rm{ej}}$', unit=None, boundary='reflective')
04:22 INFO    : luminosity_distance=LogUniform(minimum=38, maximum=48, name='luminosity_distance', latex_label='$D_L$', unit=None, boundary=None)
04:22 INFO    : log10_mej_wind=Uniform(minimum=-3.0, maximum=-0.5, name='log10_mej_wind', latex_label='$\\log_{10}M^{\\rm{wind}}_{\\rm{ej}}$', unit=None, boundary='reflective')
04:22 INFO    : log10_mej_wind=Uniform(minimum=-3.0, maximum=-0.5, name='log10_mej_wind', latex_label='$\\log_{10}M^{\\rm{wind}}_{\\rm{ej}}$', unit=None, boundary='reflective')
04:22 INFO    : inclination_EM=Sine(minimum=0.33, maximum=0.42, name='inclination_EM', latex_label='$\\iota$', unit=None, boundary=None)
04:22 INFO    : luminosity_distance=LogUniform(minimum=38, maximum=48, name='luminosity_distance', latex_label='$D_L$', unit=None, boundary=None)
04:22 INFO    : inclination_EM=Sine(minimum=0.33, maximum=0.42, name='inclination_EM', latex_label='$\\iota$', unit=None, boundary=None)
04:22 INFO    : em_syserr=LogUniform(minimum=0.1, maximum=2.0, name='em_syserr', latex_label='$\\sigma$', unit=None, boundary=None)
04:22 INFO    : log10_mej_wind=Uniform(minimum=-3.0, maximum=-0.5, name='log10_mej_wind', latex_label='$\\log_{10}M^{\\rm{wind}}_{\\rm{ej}}$', unit=None, boundary='reflective')
04:22 INFO    : em_syserr=LogUniform(minimum=0.1, maximum=2.0, name='em_syserr', latex_label='$\\sigma$', unit=None, boundary=None)
04:22 INFO    : timeshift=0.0
04:22 INFO    : em_syserr=LogUniform(minimum=0.1, maximum=2.0, name='em_syserr', latex_label='$\\sigma$', unit=None, boundary=None)
04:22 INFO    : em_syserr=LogUniform(minimum=0.1, maximum=2.0, name='em_syserr', latex_label='$\\sigma$', unit=None, boundary=None)
04:22 INFO    : em_syserr=LogUniform(minimum=0.1, maximum=2.0, name='em_syserr', latex_label='$\\sigma$', unit=None, boundary=None)
04:22 INFO    : em_syserr=LogUniform(minimum=0.1, maximum=2.0, name='em_syserr', latex_label='$\\sigma$', unit=None, boundary=None)
04:22 INFO    : timeshift=0.0
04:22 INFO    : em_syserr=LogUniform(minimum=0.1, maximum=2.0, name='em_syserr', latex_label='$\\sigma$', unit=None, boundary=None)
04:22 INFO    : Ebv=0.0
04:22 INFO    : em_syserr=LogUniform(minimum=0.1, maximum=2.0, name='em_syserr', latex_label='$\\sigma$', unit=None, boundary=None)
04:22 INFO    : timeshift=0.0
04:22 INFO    : em_syserr=LogUniform(minimum=0.1, maximum=2.0, name='em_syserr', latex_label='$\\sigma$', unit=None, boundary=None)
04:22 INFO    : luminosity_distance=LogUniform(minimum=38, maximum=48, name='luminosity_distance', latex_label='$D_L$', unit=None, boundary=None)
04:22 INFO    : timeshift=0.0
04:22 INFO    : luminosity_distance=LogUniform(minimum=38, maximum=48, name='luminosity_distance', latex_label='$D_L$', unit=None, boundary=None)
04:22 INFO    : em_syserr=LogUniform(minimum=0.1, maximum=2.0, name='em_syserr', latex_label='$\\sigma$', unit=None, boundary=None)
04:22 INFO    : timeshift=0.0
04:22 INFO    : Ebv=0.0
04:22 INFO    : luminosity_distance=LogUniform(minimum=38, maximum=48, name='luminosity_distance', latex_label='$D_L$', unit=None, boundary=None)
04:22 INFO    : timeshift=0.0
04:22 INFO    : em_syserr=LogUniform(minimum=0.1, maximum=2.0, name='em_syserr', latex_label='$\\sigma$', unit=None, boundary=None)
04:22 INFO    : timeshift=0.0
04:22 INFO    : Analysis likelihood class: <class 'nmma.em.likelihood.OpticalLightCurve'>
04:22 INFO    : timeshift=0.0
04:22 INFO    : em_syserr=LogUniform(minimum=0.1, maximum=2.0, name='em_syserr', latex_label='$\\sigma$', unit=None, boundary=None)
04:22 INFO    : Ebv=0.0
04:22 INFO    : timeshift=0.0
04:22 INFO    : Ebv=0.0
04:22 INFO    : em_syserr=LogUniform(minimum=0.1, maximum=2.0, name='em_syserr', latex_label='$\\sigma$', unit=None, boundary=None)
04:22 INFO    : timeshift=0.0
04:22 INFO    : luminosity_distance=LogUniform(minimum=38, maximum=48, name='luminosity_distance', latex_label='$D_L$', unit=None, boundary=None)
04:22 INFO    : Ebv=0.0
04:22 INFO    : Analysis likelihood class: <class 'nmma.em.likelihood.OpticalLightCurve'>
04:22 INFO    : timeshift=0.0
04:22 INFO    : inclination_EM=Sine(minimum=0.33, maximum=0.42, name='inclination_EM', latex_label='$\\iota$', unit=None, boundary=None)
04:22 INFO    : em_syserr=LogUniform(minimum=0.1, maximum=2.0, name='em_syserr', latex_label='$\\sigma$', unit=None, boundary=None)
04:22 INFO    : inclination_EM=Sine(minimum=0.33, maximum=0.42, name='inclination_EM', latex_label='$\\iota$', unit=None, boundary=None)
04:22 INFO    : Ebv=0.0
04:22 INFO    : luminosity_distance=LogUniform(minimum=38, maximum=48, name='luminosity_distance', latex_label='$D_L$', unit=None, boundary=None)
04:22 INFO    : inclination_EM=Sine(minimum=0.33, maximum=0.42, name='inclination_EM', latex_label='$\\iota$', unit=None, boundary=None)
04:22 INFO    : luminosity_distance=LogUniform(minimum=38, maximum=48, name='luminosity_distance', latex_label='$D_L$', unit=None, boundary=None)
04:22 INFO    : Ebv=0.0
04:22 INFO    : Ebv=0.0
04:22 INFO    : Ebv=0.0
04:22 INFO    : timeshift=0.0
04:22 INFO    : Analysis likelihood noise evidence: 0.0
04:22 INFO    : inclination_EM=Sine(minimum=0.33, maximum=0.42, name='inclination_EM', latex_label='$\\iota$', unit=None, boundary=None)
04:22 INFO    : Analysis likelihood class: <class 'nmma.em.likelihood.OpticalLightCurve'>
04:22 INFO    : timeshift=0.0
04:22 INFO    : Analysis likelihood class: <class 'nmma.em.likelihood.OpticalLightCurve'>
04:22 INFO    : Ebv=0.0
04:22 INFO    : timeshift=0.0
04:22 INFO    : Ebv=0.0
04:22 INFO    : Analysis likelihood class: <class 'nmma.em.likelihood.OpticalLightCurve'>
04:22 INFO    : Analysis likelihood noise evidence: 0.0
04:22 INFO    : em_syserr=LogUniform(minimum=0.1, maximum=2.0, name='em_syserr', latex_label='$\\sigma$', unit=None, boundary=None)
04:22 INFO    : Analysis likelihood class: <class 'nmma.em.likelihood.OpticalLightCurve'>
04:22 INFO    : timeshift=0.0
04:22 INFO    : Analysis likelihood class: <class 'nmma.em.likelihood.OpticalLightCurve'>
04:22 INFO    : em_syserr=LogUniform(minimum=0.1, maximum=2.0, name='em_syserr', latex_label='$\\sigma$', unit=None, boundary=None)
04:22 INFO    : Analysis likelihood class: <class 'nmma.em.likelihood.OpticalLightCurve'>
04:22 INFO    : Ebv=0.0
04:22 INFO    : Analysis likelihood class: <class 'nmma.em.likelihood.OpticalLightCurve'>
04:22 INFO    : Ebv=0.0
04:22 INFO    : em_syserr=LogUniform(minimum=0.1, maximum=2.0, name='em_syserr', latex_label='$\\sigma$', unit=None, boundary=None)
04:22 INFO    : Analysis likelihood noise evidence: 0.0
04:22 INFO    : Analysis likelihood noise evidence: 0.0
04:22 INFO    : Analysis likelihood class: <class 'nmma.em.likelihood.OpticalLightCurve'>
04:22 INFO    : Ebv=0.0
04:22 INFO    : Analysis likelihood class: <class 'nmma.em.likelihood.OpticalLightCurve'>
04:22 INFO    : Analysis likelihood noise evidence: 0.0
04:22 INFO    : Ebv=0.0
04:22 INFO    : timeshift=0.0
04:22 INFO    : Analysis likelihood noise evidence: 0.0
04:22 INFO    : Analysis likelihood noise evidence: 0.0
04:22 INFO    : Analysis likelihood class: <class 'nmma.em.likelihood.OpticalLightCurve'>
04:22 INFO    : timeshift=0.0
04:22 INFO    : Analysis likelihood noise evidence: 0.0
04:22 INFO    : Analysis likelihood class: <class 'nmma.em.likelihood.OpticalLightCurve'>
04:22 INFO    : Analysis likelihood noise evidence: 0.0
04:22 INFO    : timeshift=0.0
04:22 INFO    : Analysis likelihood class: <class 'nmma.em.likelihood.OpticalLightCurve'>
04:22 INFO    : em_syserr=LogUniform(minimum=0.1, maximum=2.0, name='em_syserr', latex_label='$\\sigma$', unit=None, boundary=None)
04:22 INFO    : Analysis likelihood noise evidence: 0.0
04:22 INFO    : Analysis likelihood noise evidence: 0.0
04:22 INFO    : Ebv=0.0
04:22 INFO    : Analysis likelihood class: <class 'nmma.em.likelihood.OpticalLightCurve'>
04:22 INFO    : luminosity_distance=LogUniform(minimum=38, maximum=48, name='luminosity_distance', latex_label='$D_L$', unit=None, boundary=None)
04:22 INFO    : em_syserr=LogUniform(minimum=0.1, maximum=2.0, name='em_syserr', latex_label='$\\sigma$', unit=None, boundary=None)
04:22 INFO    : Ebv=0.0
04:22 INFO    : Analysis likelihood noise evidence: 0.0
04:22 INFO    : em_syserr=LogUniform(minimum=0.1, maximum=2.0, name='em_syserr', latex_label='$\\sigma$', unit=None, boundary=None)
04:22 INFO    : luminosity_distance=LogUniform(minimum=38, maximum=48, name='luminosity_distance', latex_label='$D_L$', unit=None, boundary=None)
04:22 INFO    : Analysis likelihood noise evidence: 0.0
04:22 INFO    : Ebv=0.0
04:22 INFO    : luminosity_distance=LogUniform(minimum=38, maximum=48, name='luminosity_distance', latex_label='$D_L$', unit=None, boundary=None)
04:22 INFO    : Analysis likelihood noise evidence: 0.0
04:22 INFO    : Analysis likelihood class: <class 'nmma.em.likelihood.OpticalLightCurve'>
04:22 INFO    : luminosity_distance=LogUniform(minimum=38, maximum=48, name='luminosity_distance', latex_label='$D_L$', unit=None, boundary=None)
04:22 INFO    : timeshift=0.0
04:22 INFO    : Analysis likelihood noise evidence: 0.0
04:22 INFO    : Analysis likelihood class: <class 'nmma.em.likelihood.OpticalLightCurve'>
04:22 INFO    : timeshift=0.0
04:22 INFO    : timeshift=0.0
04:22 INFO    : Analysis likelihood class: <class 'nmma.em.likelihood.OpticalLightCurve'>
04:22 INFO    : Analysis likelihood noise evidence: 0.0
04:22 INFO    : Ebv=0.0
04:22 INFO    : Ebv=0.0
04:22 INFO    : Analysis likelihood noise evidence: 0.0
04:22 INFO    : Ebv=0.0
04:22 INFO    : Analysis likelihood noise evidence: 0.0
04:22 INFO    : Analysis likelihood class: <class 'nmma.em.likelihood.OpticalLightCurve'>
04:22 INFO    : em_syserr=LogUniform(minimum=0.1, maximum=2.0, name='em_syserr', latex_label='$\\sigma$', unit=None, boundary=None)
04:22 INFO    : Analysis likelihood class: <class 'nmma.em.likelihood.OpticalLightCurve'>
04:22 INFO    : Analysis likelihood class: <class 'nmma.em.likelihood.OpticalLightCurve'>
04:22 INFO    : em_syserr=LogUniform(minimum=0.1, maximum=2.0, name='em_syserr', latex_label='$\\sigma$', unit=None, boundary=None)
04:22 INFO    : em_syserr=LogUniform(minimum=0.1, maximum=2.0, name='em_syserr', latex_label='$\\sigma$', unit=None, boundary=None)
04:22 INFO    : Analysis likelihood noise evidence: 0.0
04:22 INFO    : em_syserr=LogUniform(minimum=0.1, maximum=2.0, name='em_syserr', latex_label='$\\sigma$', unit=None, boundary=None)
04:22 INFO    : timeshift=0.0
04:22 INFO    : Analysis likelihood noise evidence: 0.0
04:22 INFO    : Analysis likelihood noise evidence: 0.0
04:22 INFO    : timeshift=0.0
04:22 INFO    : timeshift=0.0
04:22 INFO    : Ebv=0.0
04:22 INFO    : timeshift=0.0
04:22 INFO    : Ebv=0.0
04:22 INFO    : Ebv=0.0
04:22 INFO    : Analysis likelihood class: <class 'nmma.em.likelihood.OpticalLightCurve'>
04:22 INFO    : Ebv=0.0
04:22 INFO    : Analysis likelihood class: <class 'nmma.em.likelihood.OpticalLightCurve'>
04:22 INFO    : Analysis likelihood class: <class 'nmma.em.likelihood.OpticalLightCurve'>
04:22 INFO    : Analysis likelihood noise evidence: 0.0
04:22 INFO    : Analysis likelihood class: <class 'nmma.em.likelihood.OpticalLightCurve'>
04:22 INFO    : Analysis likelihood noise evidence: 0.0
04:22 INFO    : Analysis likelihood noise evidence: 0.0
04:22 INFO    : Analysis likelihood noise evidence: 0.0
04:22 INFO    : Analysis priors:
04:22 INFO    : Analysis priors:
04:22 INFO    : KNphi=Uniform(minimum=15.0, maximum=75.0, name='KNphi', latex_label='$\\Phi$', unit=None, boundary=None)
04:22 INFO    : KNphi=Uniform(minimum=15.0, maximum=75.0, name='KNphi', latex_label='$\\Phi$', unit=None, boundary=None)
04:22 INFO    : log10_mej_dyn=Uniform(minimum=-3.0, maximum=-1.0, name='log10_mej_dyn', latex_label='$\\log_{10}M^{\\rm{dyn}}_{\\rm{ej}}$', unit=None, boundary='reflective')
04:22 INFO    : log10_mej_dyn=Uniform(minimum=-3.0, maximum=-1.0, name='log10_mej_dyn', latex_label='$\\log_{10}M^{\\rm{dyn}}_{\\rm{ej}}$', unit=None, boundary='reflective')
04:22 INFO    : log10_mej_wind=Uniform(minimum=-3.0, maximum=-0.5, name='log10_mej_wind', latex_label='$\\log_{10}M^{\\rm{wind}}_{\\rm{ej}}$', unit=None, boundary='reflective')
04:22 INFO    : log10_mej_wind=Uniform(minimum=-3.0, maximum=-0.5, name='log10_mej_wind', latex_label='$\\log_{10}M^{\\rm{wind}}_{\\rm{ej}}$', unit=None, boundary='reflective')
04:22 INFO    : inclination_EM=Sine(minimum=0.33, maximum=0.42, name='inclination_EM', latex_label='$\\iota$', unit=None, boundary=None)
04:22 INFO    : inclination_EM=Sine(minimum=0.33, maximum=0.42, name='inclination_EM', latex_label='$\\iota$', unit=None, boundary=None)
04:22 INFO    : luminosity_distance=LogUniform(minimum=38, maximum=48, name='luminosity_distance', latex_label='$D_L$', unit=None, boundary=None)
04:22 INFO    : luminosity_distance=LogUniform(minimum=38, maximum=48, name='luminosity_distance', latex_label='$D_L$', unit=None, boundary=None)
04:22 INFO    : em_syserr=LogUniform(minimum=0.1, maximum=2.0, name='em_syserr', latex_label='$\\sigma$', unit=None, boundary=None)
04:22 INFO    : timeshift=0.0
04:22 INFO    : Ebv=0.0
04:22 INFO    : em_syserr=LogUniform(minimum=0.1, maximum=2.0, name='em_syserr', latex_label='$\\sigma$', unit=None, boundary=None)
04:22 INFO    : Analysis likelihood class: <class 'nmma.em.likelihood.OpticalLightCurve'>
04:22 INFO    : timeshift=0.0
04:22 INFO    : Analysis likelihood noise evidence: 0.0
04:22 INFO    : Ebv=0.0
04:22 INFO    : Analysis likelihood class: <class 'nmma.em.likelihood.OpticalLightCurve'>
04:22 INFO    : Analysis likelihood noise evidence: 0.0
04:23 INFO    : Single likelihood evaluation took 4.470e-01 s
04:23 INFO    : Single likelihood evaluation took 4.472e-01 s
04:23 INFO    : Single likelihood evaluation took 4.510e-01 s
04:23 WARNING : Supplied argument 'queue_size' not an argument of 'Pymultinest', removing.
04:23 WARNING : Supplied argument 'check_point_delta_t' not an argument of 'Pymultinest', removing.
04:23 INFO    : Using sampler Pymultinest with kwargs {'importance_nested_sampling': False, 'resume': True, 'verbose': True, 'sampling_efficiency': 'parameter', 'n_live_points': 2048, 'n_params': 6, 'n_clustering_params': None, 'wrapped_params': None, 'multimodal': True, 'const_efficiency_mode': False, 'evidence_tolerance': 0.5, 'n_iter_before_update': 100, 'null_log_evidence': -1e+90, 'max_modes': 100, 'mode_tolerance': -1e+90, 'seed': 42, 'context': 0, 'write_output': True, 'log_zero': -1e+100, 'max_iter': 0, 'init_MPI': False, 'dump_callback': <bound method Pymultinest._dump_callback of <bilby.core.sampler.pymultinest.Pymultinest object at 0x155500fe2aa0>>}
04:23 INFO    : Single likelihood evaluation took 4.512e-01 s
04:23 INFO    : Temporary directory incompatible with MPI, will run in original directory
04:23 INFO    : Using output file outdirBNSBu32cores/pm_Constraints170817/
04:23 WARNING : Supplied argument 'queue_size' not an argument of 'Pymultinest', removing.
04:23 WARNING : Supplied argument 'check_point_delta_t' not an argument of 'Pymultinest', removing.
04:23 INFO    : Using sampler Pymultinest with kwargs {'importance_nested_sampling': False, 'resume': True, 'verbose': True, 'sampling_efficiency': 'parameter', 'n_live_points': 2048, 'n_params': 6, 'n_clustering_params': None, 'wrapped_params': None, 'multimodal': True, 'const_efficiency_mode': False, 'evidence_tolerance': 0.5, 'n_iter_before_update': 100, 'null_log_evidence': -1e+90, 'max_modes': 100, 'mode_tolerance': -1e+90, 'seed': 42, 'context': 0, 'write_output': True, 'log_zero': -1e+100, 'max_iter': 0, 'init_MPI': False, 'dump_callback': <bound method Pymultinest._dump_callback of <bilby.core.sampler.pymultinest.Pymultinest object at 0x155500fe3ac0>>}
04:23 INFO    : Single likelihood evaluation took 4.519e-01 s
04:23 INFO    : Temporary directory incompatible with MPI, will run in original directory
04:23 INFO    : Using output file outdirBNSBu32cores/pm_Constraints170817/
04:23 WARNING : Supplied argument 'queue_size' not an argument of 'Pymultinest', removing.
04:23 WARNING : Supplied argument 'check_point_delta_t' not an argument of 'Pymultinest', removing.
04:23 INFO    : Using sampler Pymultinest with kwargs {'importance_nested_sampling': False, 'resume': True, 'verbose': True, 'sampling_efficiency': 'parameter', 'n_live_points': 2048, 'n_params': 6, 'n_clustering_params': None, 'wrapped_params': None, 'multimodal': True, 'const_efficiency_mode': False, 'evidence_tolerance': 0.5, 'n_iter_before_update': 100, 'null_log_evidence': -1e+90, 'max_modes': 100, 'mode_tolerance': -1e+90, 'seed': 42, 'context': 0, 'write_output': True, 'log_zero': -1e+100, 'max_iter': 0, 'init_MPI': False, 'dump_callback': <bound method Pymultinest._dump_callback of <bilby.core.sampler.pymultinest.Pymultinest object at 0x155500fde920>>}
04:23 INFO    : Temporary directory incompatible with MPI, will run in original directory
04:23 INFO    : Using output file outdirBNSBu32cores/pm_Constraints170817/
04:23 WARNING : Supplied argument 'queue_size' not an argument of 'Pymultinest', removing.
04:23 WARNING : Supplied argument 'check_point_delta_t' not an argument of 'Pymultinest', removing.
04:23 INFO    : Using sampler Pymultinest with kwargs {'importance_nested_sampling': False, 'resume': True, 'verbose': True, 'sampling_efficiency': 'parameter', 'n_live_points': 2048, 'n_params': 6, 'n_clustering_params': None, 'wrapped_params': None, 'multimodal': True, 'const_efficiency_mode': False, 'evidence_tolerance': 0.5, 'n_iter_before_update': 100, 'null_log_evidence': -1e+90, 'max_modes': 100, 'mode_tolerance': -1e+90, 'seed': 42, 'context': 0, 'write_output': True, 'log_zero': -1e+100, 'max_iter': 0, 'init_MPI': False, 'dump_callback': <bound method Pymultinest._dump_callback of <bilby.core.sampler.pymultinest.Pymultinest object at 0x155500fda2f0>>}
04:23 INFO    : Temporary directory incompatible with MPI, will run in original directory
04:23 INFO    : Using output file outdirBNSBu32cores/pm_Constraints170817/
04:23 INFO    : Single likelihood evaluation took 4.541e-01 s
04:23 INFO    : Single likelihood evaluation took 4.545e-01 s
04:23 INFO    : Single likelihood evaluation took 4.547e-01 s
04:23 WARNING : Supplied argument 'queue_size' not an argument of 'Pymultinest', removing.
04:23 WARNING : Supplied argument 'check_point_delta_t' not an argument of 'Pymultinest', removing.
04:23 INFO    : Using sampler Pymultinest with kwargs {'importance_nested_sampling': False, 'resume': True, 'verbose': True, 'sampling_efficiency': 'parameter', 'n_live_points': 2048, 'n_params': 6, 'n_clustering_params': None, 'wrapped_params': None, 'multimodal': True, 'const_efficiency_mode': False, 'evidence_tolerance': 0.5, 'n_iter_before_update': 100, 'null_log_evidence': -1e+90, 'max_modes': 100, 'mode_tolerance': -1e+90, 'seed': 42, 'context': 0, 'write_output': True, 'log_zero': -1e+100, 'max_iter': 0, 'init_MPI': False, 'dump_callback': <bound method Pymultinest._dump_callback of <bilby.core.sampler.pymultinest.Pymultinest object at 0x155500fde350>>}
04:23 INFO    : Temporary directory incompatible with MPI, will run in original directory
04:23 INFO    : Using output file outdirBNSBu32cores/pm_Constraints170817/
04:23 WARNING : Supplied argument 'queue_size' not an argument of 'Pymultinest', removing.
04:23 WARNING : Supplied argument 'check_point_delta_t' not an argument of 'Pymultinest', removing.
04:23 INFO    : Using sampler Pymultinest with kwargs {'importance_nested_sampling': False, 'resume': True, 'verbose': True, 'sampling_efficiency': 'parameter', 'n_live_points': 2048, 'n_params': 6, 'n_clustering_params': None, 'wrapped_params': None, 'multimodal': True, 'const_efficiency_mode': False, 'evidence_tolerance': 0.5, 'n_iter_before_update': 100, 'null_log_evidence': -1e+90, 'max_modes': 100, 'mode_tolerance': -1e+90, 'seed': 42, 'context': 0, 'write_output': True, 'log_zero': -1e+100, 'max_iter': 0, 'init_MPI': False, 'dump_callback': <bound method Pymultinest._dump_callback of <bilby.core.sampler.pymultinest.Pymultinest object at 0x155500fde8c0>>}
04:23 INFO    : Temporary directory incompatible with MPI, will run in original directory
04:23 INFO    : Using output file outdirBNSBu32cores/pm_Constraints170817/
04:23 WARNING : Supplied argument 'queue_size' not an argument of 'Pymultinest', removing.
04:23 WARNING : Supplied argument 'check_point_delta_t' not an argument of 'Pymultinest', removing.
04:23 INFO    : Using sampler Pymultinest with kwargs {'importance_nested_sampling': False, 'resume': True, 'verbose': True, 'sampling_efficiency': 'parameter', 'n_live_points': 2048, 'n_params': 6, 'n_clustering_params': None, 'wrapped_params': None, 'multimodal': True, 'const_efficiency_mode': False, 'evidence_tolerance': 0.5, 'n_iter_before_update': 100, 'null_log_evidence': -1e+90, 'max_modes': 100, 'mode_tolerance': -1e+90, 'seed': 42, 'context': 0, 'write_output': True, 'log_zero': -1e+100, 'max_iter': 0, 'init_MPI': False, 'dump_callback': <bound method Pymultinest._dump_callback of <bilby.core.sampler.pymultinest.Pymultinest object at 0x155500fe2890>>}
04:23 INFO    : Temporary directory incompatible with MPI, will run in original directory
04:23 WARNING : Supplied argument 'queue_size' not an argument of 'Pymultinest', removing.
04:23 WARNING : Supplied argument 'check_point_delta_t' not an argument of 'Pymultinest', removing.
04:23 INFO    : Using sampler Pymultinest with kwargs {'importance_nested_sampling': False, 'resume': True, 'verbose': True, 'sampling_efficiency': 'parameter', 'n_live_points': 2048, 'n_params': 6, 'n_clustering_params': None, 'wrapped_params': None, 'multimodal': True, 'const_efficiency_mode': False, 'evidence_tolerance': 0.5, 'n_iter_before_update': 100, 'null_log_evidence': -1e+90, 'max_modes': 100, 'mode_tolerance': -1e+90, 'seed': 42, 'context': 0, 'write_output': True, 'log_zero': -1e+100, 'max_iter': 0, 'init_MPI': False, 'dump_callback': <bound method Pymultinest._dump_callback of <bilby.core.sampler.pymultinest.Pymultinest object at 0x155500fda680>>}
04:23 INFO    : Using output file outdirBNSBu32cores/pm_Constraints170817/
04:23 INFO    : Temporary directory incompatible with MPI, will run in original directory
04:23 INFO    : Using output file outdirBNSBu32cores/pm_Constraints170817/
04:23 INFO    : Single likelihood evaluation took 4.600e-01 s
04:23 WARNING : Supplied argument 'queue_size' not an argument of 'Pymultinest', removing.
04:23 WARNING : Supplied argument 'check_point_delta_t' not an argument of 'Pymultinest', removing.
04:23 INFO    : Using sampler Pymultinest with kwargs {'importance_nested_sampling': False, 'resume': True, 'verbose': True, 'sampling_efficiency': 'parameter', 'n_live_points': 2048, 'n_params': 6, 'n_clustering_params': None, 'wrapped_params': None, 'multimodal': True, 'const_efficiency_mode': False, 'evidence_tolerance': 0.5, 'n_iter_before_update': 100, 'null_log_evidence': -1e+90, 'max_modes': 100, 'mode_tolerance': -1e+90, 'seed': 42, 'context': 0, 'write_output': True, 'log_zero': -1e+100, 'max_iter': 0, 'init_MPI': False, 'dump_callback': <bound method Pymultinest._dump_callback of <bilby.core.sampler.pymultinest.Pymultinest object at 0x155500fdbac0>>}
04:23 INFO    : Temporary directory incompatible with MPI, will run in original directory
04:23 INFO    : Single likelihood evaluation took 4.628e-01 s
04:23 INFO    : Single likelihood evaluation took 4.628e-01 s
04:23 INFO    : Single likelihood evaluation took 4.628e-01 s
04:23 INFO    : Using output file outdirBNSBu32cores/pm_Constraints170817/
04:23 INFO    : Single likelihood evaluation took 4.638e-01 s
04:23 INFO    : Single likelihood evaluation took 4.640e-01 s
04:23 INFO    : Single likelihood evaluation took 4.640e-01 s
04:23 INFO    : Single likelihood evaluation took 4.640e-01 s
04:23 WARNING : Supplied argument 'queue_size' not an argument of 'Pymultinest', removing.
04:23 WARNING : Supplied argument 'check_point_delta_t' not an argument of 'Pymultinest', removing.
04:23 WARNING : Supplied argument 'queue_size' not an argument of 'Pymultinest', removing.
04:23 WARNING : Supplied argument 'queue_size' not an argument of 'Pymultinest', removing.
04:23 WARNING : Supplied argument 'check_point_delta_t' not an argument of 'Pymultinest', removing.
04:23 INFO    : Using sampler Pymultinest with kwargs {'importance_nested_sampling': False, 'resume': True, 'verbose': True, 'sampling_efficiency': 'parameter', 'n_live_points': 2048, 'n_params': 6, 'n_clustering_params': None, 'wrapped_params': None, 'multimodal': True, 'const_efficiency_mode': False, 'evidence_tolerance': 0.5, 'n_iter_before_update': 100, 'null_log_evidence': -1e+90, 'max_modes': 100, 'mode_tolerance': -1e+90, 'seed': 42, 'context': 0, 'write_output': True, 'log_zero': -1e+100, 'max_iter': 0, 'init_MPI': False, 'dump_callback': <bound method Pymultinest._dump_callback of <bilby.core.sampler.pymultinest.Pymultinest object at 0x155500fe3b20>>}
04:23 WARNING : Supplied argument 'check_point_delta_t' not an argument of 'Pymultinest', removing.
04:23 INFO    : Using sampler Pymultinest with kwargs {'importance_nested_sampling': False, 'resume': True, 'verbose': True, 'sampling_efficiency': 'parameter', 'n_live_points': 2048, 'n_params': 6, 'n_clustering_params': None, 'wrapped_params': None, 'multimodal': True, 'const_efficiency_mode': False, 'evidence_tolerance': 0.5, 'n_iter_before_update': 100, 'null_log_evidence': -1e+90, 'max_modes': 100, 'mode_tolerance': -1e+90, 'seed': 42, 'context': 0, 'write_output': True, 'log_zero': -1e+100, 'max_iter': 0, 'init_MPI': False, 'dump_callback': <bound method Pymultinest._dump_callback of <bilby.core.sampler.pymultinest.Pymultinest object at 0x155500fd5060>>}
04:23 INFO    : Using sampler Pymultinest with kwargs {'importance_nested_sampling': False, 'resume': True, 'verbose': True, 'sampling_efficiency': 'parameter', 'n_live_points': 2048, 'n_params': 6, 'n_clustering_params': None, 'wrapped_params': None, 'multimodal': True, 'const_efficiency_mode': False, 'evidence_tolerance': 0.5, 'n_iter_before_update': 100, 'null_log_evidence': -1e+90, 'max_modes': 100, 'mode_tolerance': -1e+90, 'seed': 42, 'context': 0, 'write_output': True, 'log_zero': -1e+100, 'max_iter': 0, 'init_MPI': False, 'dump_callback': <bound method Pymultinest._dump_callback of <bilby.core.sampler.pymultinest.Pymultinest object at 0x155500fe3b50>>}
04:23 INFO    : Temporary directory incompatible with MPI, will run in original directory
04:23 INFO    : Temporary directory incompatible with MPI, will run in original directory
04:23 INFO    : Temporary directory incompatible with MPI, will run in original directory
04:23 INFO    : Using output file outdirBNSBu32cores/pm_Constraints170817/
04:23 INFO    : Using output file outdirBNSBu32cores/pm_Constraints170817/
04:23 INFO    : Using output file outdirBNSBu32cores/pm_Constraints170817/
04:23 WARNING : Supplied argument 'queue_size' not an argument of 'Pymultinest', removing.
04:23 WARNING : Supplied argument 'check_point_delta_t' not an argument of 'Pymultinest', removing.
04:23 INFO    : Using sampler Pymultinest with kwargs {'importance_nested_sampling': False, 'resume': True, 'verbose': True, 'sampling_efficiency': 'parameter', 'n_live_points': 2048, 'n_params': 6, 'n_clustering_params': None, 'wrapped_params': None, 'multimodal': True, 'const_efficiency_mode': False, 'evidence_tolerance': 0.5, 'n_iter_before_update': 100, 'null_log_evidence': -1e+90, 'max_modes': 100, 'mode_tolerance': -1e+90, 'seed': 42, 'context': 0, 'write_output': True, 'log_zero': -1e+100, 'max_iter': 0, 'init_MPI': False, 'dump_callback': <bound method Pymultinest._dump_callback of <bilby.core.sampler.pymultinest.Pymultinest object at 0x155500fdfb20>>}
04:23 INFO    : Temporary directory incompatible with MPI, will run in original directory
04:23 INFO    : Using output file outdirBNSBu32cores/pm_Constraints170817/
04:23 WARNING : Supplied argument 'queue_size' not an argument of 'Pymultinest', removing.
04:23 WARNING : Supplied argument 'check_point_delta_t' not an argument of 'Pymultinest', removing.
04:23 WARNING : Supplied argument 'queue_size' not an argument of 'Pymultinest', removing.
04:23 WARNING : Supplied argument 'queue_size' not an argument of 'Pymultinest', removing.
04:23 WARNING : Supplied argument 'check_point_delta_t' not an argument of 'Pymultinest', removing.
04:23 WARNING : Supplied argument 'check_point_delta_t' not an argument of 'Pymultinest', removing.
04:23 INFO    : Using sampler Pymultinest with kwargs {'importance_nested_sampling': False, 'resume': True, 'verbose': True, 'sampling_efficiency': 'parameter', 'n_live_points': 2048, 'n_params': 6, 'n_clustering_params': None, 'wrapped_params': None, 'multimodal': True, 'const_efficiency_mode': False, 'evidence_tolerance': 0.5, 'n_iter_before_update': 100, 'null_log_evidence': -1e+90, 'max_modes': 100, 'mode_tolerance': -1e+90, 'seed': 42, 'context': 0, 'write_output': True, 'log_zero': -1e+100, 'max_iter': 0, 'init_MPI': False, 'dump_callback': <bound method Pymultinest._dump_callback of <bilby.core.sampler.pymultinest.Pymultinest object at 0x155500fe7b80>>}
04:23 INFO    : Using sampler Pymultinest with kwargs {'importance_nested_sampling': False, 'resume': True, 'verbose': True, 'sampling_efficiency': 'parameter', 'n_live_points': 2048, 'n_params': 6, 'n_clustering_params': None, 'wrapped_params': None, 'multimodal': True, 'const_efficiency_mode': False, 'evidence_tolerance': 0.5, 'n_iter_before_update': 100, 'null_log_evidence': -1e+90, 'max_modes': 100, 'mode_tolerance': -1e+90, 'seed': 42, 'context': 0, 'write_output': True, 'log_zero': -1e+100, 'max_iter': 0, 'init_MPI': False, 'dump_callback': <bound method Pymultinest._dump_callback of <bilby.core.sampler.pymultinest.Pymultinest object at 0x155500fdfac0>>}
04:23 INFO    : Using sampler Pymultinest with kwargs {'importance_nested_sampling': False, 'resume': True, 'verbose': True, 'sampling_efficiency': 'parameter', 'n_live_points': 2048, 'n_params': 6, 'n_clustering_params': None, 'wrapped_params': None, 'multimodal': True, 'const_efficiency_mode': False, 'evidence_tolerance': 0.5, 'n_iter_before_update': 100, 'null_log_evidence': -1e+90, 'max_modes': 100, 'mode_tolerance': -1e+90, 'seed': 42, 'context': 0, 'write_output': True, 'log_zero': -1e+100, 'max_iter': 0, 'init_MPI': False, 'dump_callback': <bound method Pymultinest._dump_callback of <bilby.core.sampler.pymultinest.Pymultinest object at 0x155500fda590>>}
04:23 INFO    : Temporary directory incompatible with MPI, will run in original directory
04:23 INFO    : Temporary directory incompatible with MPI, will run in original directory
04:23 INFO    : Temporary directory incompatible with MPI, will run in original directory
04:23 INFO    : Using output file outdirBNSBu32cores/pm_Constraints170817/
04:23 INFO    : Using output file outdirBNSBu32cores/pm_Constraints170817/
04:23 INFO    : Using output file outdirBNSBu32cores/pm_Constraints170817/
04:23 INFO    : Single likelihood evaluation took 4.811e-01 s
04:23 INFO    : Single likelihood evaluation took 4.845e-01 s
04:23 INFO    : Single likelihood evaluation took 4.857e-01 s
04:23 WARNING : Supplied argument 'queue_size' not an argument of 'Pymultinest', removing.
04:23 WARNING : Supplied argument 'check_point_delta_t' not an argument of 'Pymultinest', removing.
04:23 INFO    : Using sampler Pymultinest with kwargs {'importance_nested_sampling': False, 'resume': True, 'verbose': True, 'sampling_efficiency': 'parameter', 'n_live_points': 2048, 'n_params': 6, 'n_clustering_params': None, 'wrapped_params': None, 'multimodal': True, 'const_efficiency_mode': False, 'evidence_tolerance': 0.5, 'n_iter_before_update': 100, 'null_log_evidence': -1e+90, 'max_modes': 100, 'mode_tolerance': -1e+90, 'seed': 42, 'context': 0, 'write_output': True, 'log_zero': -1e+100, 'max_iter': 0, 'init_MPI': False, 'dump_callback': <bound method Pymultinest._dump_callback of <bilby.core.sampler.pymultinest.Pymultinest object at 0x155500fd4b80>>}
04:23 INFO    : Temporary directory incompatible with MPI, will run in original directory
04:23 INFO    : Using output file outdirBNSBu32cores/pm_Constraints170817/
04:23 INFO    : Single likelihood evaluation took 4.890e-01 s
04:23 WARNING : Supplied argument 'queue_size' not an argument of 'Pymultinest', removing.
04:23 WARNING : Supplied argument 'check_point_delta_t' not an argument of 'Pymultinest', removing.
04:23 INFO    : Using sampler Pymultinest with kwargs {'importance_nested_sampling': False, 'resume': True, 'verbose': True, 'sampling_efficiency': 'parameter', 'n_live_points': 2048, 'n_params': 6, 'n_clustering_params': None, 'wrapped_params': None, 'multimodal': True, 'const_efficiency_mode': False, 'evidence_tolerance': 0.5, 'n_iter_before_update': 100, 'null_log_evidence': -1e+90, 'max_modes': 100, 'mode_tolerance': -1e+90, 'seed': 42, 'context': 0, 'write_output': True, 'log_zero': -1e+100, 'max_iter': 0, 'init_MPI': False, 'dump_callback': <bound method Pymultinest._dump_callback of <bilby.core.sampler.pymultinest.Pymultinest object at 0x155500fdfb80>>}
04:23 INFO    : Single likelihood evaluation took 4.888e-01 s
04:23 INFO    : Temporary directory incompatible with MPI, will run in original directory
04:23 INFO    : Using output file outdirBNSBu32cores/pm_Constraints170817/
04:23 INFO    : Single likelihood evaluation took 4.885e-01 s
04:23 INFO    : Single likelihood evaluation took 4.897e-01 s
04:23 WARNING : Supplied argument 'queue_size' not an argument of 'Pymultinest', removing.
04:23 WARNING : Supplied argument 'check_point_delta_t' not an argument of 'Pymultinest', removing.
04:23 INFO    : Using sampler Pymultinest with kwargs {'importance_nested_sampling': False, 'resume': True, 'verbose': True, 'sampling_efficiency': 'parameter', 'n_live_points': 2048, 'n_params': 6, 'n_clustering_params': None, 'wrapped_params': None, 'multimodal': True, 'const_efficiency_mode': False, 'evidence_tolerance': 0.5, 'n_iter_before_update': 100, 'null_log_evidence': -1e+90, 'max_modes': 100, 'mode_tolerance': -1e+90, 'seed': 42, 'context': 0, 'write_output': True, 'log_zero': -1e+100, 'max_iter': 0, 'init_MPI': False, 'dump_callback': <bound method Pymultinest._dump_callback of <bilby.core.sampler.pymultinest.Pymultinest object at 0x155500fdbaf0>>}
04:23 INFO    : Temporary directory incompatible with MPI, will run in original directory
04:23 INFO    : Using output file outdirBNSBu32cores/pm_Constraints170817/
04:23 INFO    : Single likelihood evaluation took 4.898e-01 s
04:23 INFO    : Single likelihood evaluation took 4.913e-01 s
04:23 INFO    : Single likelihood evaluation took 4.924e-01 s
04:23 WARNING : Supplied argument 'queue_size' not an argument of 'Pymultinest', removing.
04:23 WARNING : Supplied argument 'check_point_delta_t' not an argument of 'Pymultinest', removing.
04:23 INFO    : Using sampler Pymultinest with kwargs {'importance_nested_sampling': False, 'resume': True, 'verbose': True, 'sampling_efficiency': 'parameter', 'n_live_points': 2048, 'n_params': 6, 'n_clustering_params': None, 'wrapped_params': None, 'multimodal': True, 'const_efficiency_mode': False, 'evidence_tolerance': 0.5, 'n_iter_before_update': 100, 'null_log_evidence': -1e+90, 'max_modes': 100, 'mode_tolerance': -1e+90, 'seed': 42, 'context': 0, 'write_output': True, 'log_zero': -1e+100, 'max_iter': 0, 'init_MPI': False, 'dump_callback': <bound method Pymultinest._dump_callback of <bilby.core.sampler.pymultinest.Pymultinest object at 0x155500fde350>>}
04:23 INFO    : Temporary directory incompatible with MPI, will run in original directory
04:23 INFO    : Using output file outdirBNSBu32cores/pm_Constraints170817/
04:23 INFO    : Single likelihood evaluation took 4.926e-01 s
04:23 WARNING : Supplied argument 'queue_size' not an argument of 'Pymultinest', removing.
04:23 WARNING : Supplied argument 'check_point_delta_t' not an argument of 'Pymultinest', removing.
04:23 INFO    : Using sampler Pymultinest with kwargs {'importance_nested_sampling': False, 'resume': True, 'verbose': True, 'sampling_efficiency': 'parameter', 'n_live_points': 2048, 'n_params': 6, 'n_clustering_params': None, 'wrapped_params': None, 'multimodal': True, 'const_efficiency_mode': False, 'evidence_tolerance': 0.5, 'n_iter_before_update': 100, 'null_log_evidence': -1e+90, 'max_modes': 100, 'mode_tolerance': -1e+90, 'seed': 42, 'context': 0, 'write_output': True, 'log_zero': -1e+100, 'max_iter': 0, 'init_MPI': False, 'dump_callback': <bound method Pymultinest._dump_callback of <bilby.core.sampler.pymultinest.Pymultinest object at 0x155500fd51b0>>}
04:23 INFO    : Temporary directory incompatible with MPI, will run in original directory
04:23 INFO    : Using output file outdirBNSBu32cores/pm_Constraints170817/
04:23 WARNING : Supplied argument 'queue_size' not an argument of 'Pymultinest', removing.
04:23 WARNING : Supplied argument 'check_point_delta_t' not an argument of 'Pymultinest', removing.
04:23 INFO    : Using sampler Pymultinest with kwargs {'importance_nested_sampling': False, 'resume': True, 'verbose': True, 'sampling_efficiency': 'parameter', 'n_live_points': 2048, 'n_params': 6, 'n_clustering_params': None, 'wrapped_params': None, 'multimodal': True, 'const_efficiency_mode': False, 'evidence_tolerance': 0.5, 'n_iter_before_update': 100, 'null_log_evidence': -1e+90, 'max_modes': 100, 'mode_tolerance': -1e+90, 'seed': 42, 'context': 0, 'write_output': True, 'log_zero': -1e+100, 'max_iter': 0, 'init_MPI': False, 'dump_callback': <bound method Pymultinest._dump_callback of <bilby.core.sampler.pymultinest.Pymultinest object at 0x155500fdfaf0>>}
04:23 WARNING : Supplied argument 'queue_size' not an argument of 'Pymultinest', removing.
04:23 WARNING : Supplied argument 'check_point_delta_t' not an argument of 'Pymultinest', removing.
04:23 INFO    : Using sampler Pymultinest with kwargs {'importance_nested_sampling': False, 'resume': True, 'verbose': True, 'sampling_efficiency': 'parameter', 'n_live_points': 2048, 'n_params': 6, 'n_clustering_params': None, 'wrapped_params': None, 'multimodal': True, 'const_efficiency_mode': False, 'evidence_tolerance': 0.5, 'n_iter_before_update': 100, 'null_log_evidence': -1e+90, 'max_modes': 100, 'mode_tolerance': -1e+90, 'seed': 42, 'context': 0, 'write_output': True, 'log_zero': -1e+100, 'max_iter': 0, 'init_MPI': False, 'dump_callback': <bound method Pymultinest._dump_callback of <bilby.core.sampler.pymultinest.Pymultinest object at 0x155500fde710>>}
04:23 INFO    : Temporary directory incompatible with MPI, will run in original directory
04:23 INFO    : Temporary directory incompatible with MPI, will run in original directory
04:23 INFO    : Single likelihood evaluation took 4.934e-01 s
04:23 INFO    : Single likelihood evaluation took 4.935e-01 s
04:23 INFO    : Using output file outdirBNSBu32cores/pm_Constraints170817/
04:23 INFO    : Using output file outdirBNSBu32cores/pm_Constraints170817/
04:23 INFO    : Single likelihood evaluation took 4.930e-01 s
04:23 WARNING : Supplied argument 'queue_size' not an argument of 'Pymultinest', removing.
04:23 WARNING : Supplied argument 'check_point_delta_t' not an argument of 'Pymultinest', removing.
04:23 INFO    : Using sampler Pymultinest with kwargs {'importance_nested_sampling': False, 'resume': True, 'verbose': True, 'sampling_efficiency': 'parameter', 'n_live_points': 2048, 'n_params': 6, 'n_clustering_params': None, 'wrapped_params': None, 'multimodal': True, 'const_efficiency_mode': False, 'evidence_tolerance': 0.5, 'n_iter_before_update': 100, 'null_log_evidence': -1e+90, 'max_modes': 100, 'mode_tolerance': -1e+90, 'seed': 42, 'context': 0, 'write_output': True, 'log_zero': -1e+100, 'max_iter': 0, 'init_MPI': False, 'dump_callback': <bound method Pymultinest._dump_callback of <bilby.core.sampler.pymultinest.Pymultinest object at 0x155500fe3b20>>}
04:23 INFO    : Temporary directory incompatible with MPI, will run in original directory
04:23 INFO    : Using output file outdirBNSBu32cores/pm_Constraints170817/
04:23 INFO    : Single likelihood evaluation took 4.932e-01 s
04:23 WARNING : Supplied argument 'queue_size' not an argument of 'Pymultinest', removing.
04:23 WARNING : Supplied argument 'check_point_delta_t' not an argument of 'Pymultinest', removing.
04:23 INFO    : Using sampler Pymultinest with kwargs {'importance_nested_sampling': False, 'resume': True, 'verbose': True, 'sampling_efficiency': 'parameter', 'n_live_points': 2048, 'n_params': 6, 'n_clustering_params': None, 'wrapped_params': None, 'multimodal': True, 'const_efficiency_mode': False, 'evidence_tolerance': 0.5, 'n_iter_before_update': 100, 'null_log_evidence': -1e+90, 'max_modes': 100, 'mode_tolerance': -1e+90, 'seed': 42, 'context': 0, 'write_output': True, 'log_zero': -1e+100, 'max_iter': 0, 'init_MPI': False, 'dump_callback': <bound method Pymultinest._dump_callback of <bilby.core.sampler.pymultinest.Pymultinest object at 0x155500fd8b80>>}
04:23 INFO    : Temporary directory incompatible with MPI, will run in original directory
04:23 INFO    : Using output file outdirBNSBu32cores/pm_Constraints170817/
04:23 INFO    : Single likelihood evaluation took 4.943e-01 s
04:23 WARNING : Supplied argument 'queue_size' not an argument of 'Pymultinest', removing.
04:23 WARNING : Supplied argument 'check_point_delta_t' not an argument of 'Pymultinest', removing.
04:23 INFO    : Using sampler Pymultinest with kwargs {'importance_nested_sampling': False, 'resume': True, 'verbose': True, 'sampling_efficiency': 'parameter', 'n_live_points': 2048, 'n_params': 6, 'n_clustering_params': None, 'wrapped_params': None, 'multimodal': True, 'const_efficiency_mode': False, 'evidence_tolerance': 0.5, 'n_iter_before_update': 100, 'null_log_evidence': -1e+90, 'max_modes': 100, 'mode_tolerance': -1e+90, 'seed': 42, 'context': 0, 'write_output': True, 'log_zero': -1e+100, 'max_iter': 0, 'init_MPI': False, 'dump_callback': <bound method Pymultinest._dump_callback of <bilby.core.sampler.pymultinest.Pymultinest object at 0x155500fde6e0>>}
04:23 INFO    : Temporary directory incompatible with MPI, will run in original directory
04:23 INFO    : Using output file outdirBNSBu32cores/pm_Constraints170817/
04:23 WARNING : Supplied argument 'queue_size' not an argument of 'Pymultinest', removing.
04:23 WARNING : Supplied argument 'check_point_delta_t' not an argument of 'Pymultinest', removing.
04:23 INFO    : Using sampler Pymultinest with kwargs {'importance_nested_sampling': False, 'resume': True, 'verbose': True, 'sampling_efficiency': 'parameter', 'n_live_points': 2048, 'n_params': 6, 'n_clustering_params': None, 'wrapped_params': None, 'multimodal': True, 'const_efficiency_mode': False, 'evidence_tolerance': 0.5, 'n_iter_before_update': 100, 'null_log_evidence': -1e+90, 'max_modes': 100, 'mode_tolerance': -1e+90, 'seed': 42, 'context': 0, 'write_output': True, 'log_zero': -1e+100, 'max_iter': 0, 'init_MPI': False, 'dump_callback': <bound method Pymultinest._dump_callback of <bilby.core.sampler.pymultinest.Pymultinest object at 0x155500fdfb20>>}
04:23 INFO    : Temporary directory incompatible with MPI, will run in original directory
04:23 INFO    : Using output file outdirBNSBu32cores/pm_Constraints170817/
04:23 WARNING : Supplied argument 'queue_size' not an argument of 'Pymultinest', removing.
04:23 WARNING : Supplied argument 'check_point_delta_t' not an argument of 'Pymultinest', removing.
04:23 INFO    : Using sampler Pymultinest with kwargs {'importance_nested_sampling': False, 'resume': True, 'verbose': True, 'sampling_efficiency': 'parameter', 'n_live_points': 2048, 'n_params': 6, 'n_clustering_params': None, 'wrapped_params': None, 'multimodal': True, 'const_efficiency_mode': False, 'evidence_tolerance': 0.5, 'n_iter_before_update': 100, 'null_log_evidence': -1e+90, 'max_modes': 100, 'mode_tolerance': -1e+90, 'seed': 42, 'context': 0, 'write_output': True, 'log_zero': -1e+100, 'max_iter': 0, 'init_MPI': False, 'dump_callback': <bound method Pymultinest._dump_callback of <bilby.core.sampler.pymultinest.Pymultinest object at 0x155500fdba90>>}
04:23 INFO    : Temporary directory incompatible with MPI, will run in original directory
04:23 INFO    : Using output file outdirBNSBu32cores/pm_Constraints170817/
04:23 WARNING : Supplied argument 'queue_size' not an argument of 'Pymultinest', removing.
04:23 WARNING : Supplied argument 'check_point_delta_t' not an argument of 'Pymultinest', removing.
04:23 INFO    : Using sampler Pymultinest with kwargs {'importance_nested_sampling': False, 'resume': True, 'verbose': True, 'sampling_efficiency': 'parameter', 'n_live_points': 2048, 'n_params': 6, 'n_clustering_params': None, 'wrapped_params': None, 'multimodal': True, 'const_efficiency_mode': False, 'evidence_tolerance': 0.5, 'n_iter_before_update': 100, 'null_log_evidence': -1e+90, 'max_modes': 100, 'mode_tolerance': -1e+90, 'seed': 42, 'context': 0, 'write_output': True, 'log_zero': -1e+100, 'max_iter': 0, 'init_MPI': False, 'dump_callback': <bound method Pymultinest._dump_callback of <bilby.core.sampler.pymultinest.Pymultinest object at 0x155500fe3b50>>}
04:23 INFO    : Temporary directory incompatible with MPI, will run in original directory
04:23 INFO    : Using output file outdirBNSBu32cores/pm_Constraints170817/
04:23 WARNING : Supplied argument 'queue_size' not an argument of 'Pymultinest', removing.
04:23 WARNING : Supplied argument 'queue_size' not an argument of 'Pymultinest', removing.
04:23 WARNING : Supplied argument 'check_point_delta_t' not an argument of 'Pymultinest', removing.
04:23 WARNING : Supplied argument 'check_point_delta_t' not an argument of 'Pymultinest', removing.
04:23 INFO    : Using sampler Pymultinest with kwargs {'importance_nested_sampling': False, 'resume': True, 'verbose': True, 'sampling_efficiency': 'parameter', 'n_live_points': 2048, 'n_params': 6, 'n_clustering_params': None, 'wrapped_params': None, 'multimodal': True, 'const_efficiency_mode': False, 'evidence_tolerance': 0.5, 'n_iter_before_update': 100, 'null_log_evidence': -1e+90, 'max_modes': 100, 'mode_tolerance': -1e+90, 'seed': 42, 'context': 0, 'write_output': True, 'log_zero': -1e+100, 'max_iter': 0, 'init_MPI': False, 'dump_callback': <bound method Pymultinest._dump_callback of <bilby.core.sampler.pymultinest.Pymultinest object at 0x155500fdbac0>>}
04:23 INFO    : Using sampler Pymultinest with kwargs {'importance_nested_sampling': False, 'resume': True, 'verbose': True, 'sampling_efficiency': 'parameter', 'n_live_points': 2048, 'n_params': 6, 'n_clustering_params': None, 'wrapped_params': None, 'multimodal': True, 'const_efficiency_mode': False, 'evidence_tolerance': 0.5, 'n_iter_before_update': 100, 'null_log_evidence': -1e+90, 'max_modes': 100, 'mode_tolerance': -1e+90, 'seed': 42, 'context': 0, 'write_output': True, 'log_zero': -1e+100, 'max_iter': 0, 'init_MPI': False, 'dump_callback': <bound method Pymultinest._dump_callback of <bilby.core.sampler.pymultinest.Pymultinest object at 0x155500fe2830>>}
04:23 INFO    : Temporary directory incompatible with MPI, will run in original directory
04:23 INFO    : Temporary directory incompatible with MPI, will run in original directory
04:23 INFO    : Using output file outdirBNSBu32cores/pm_Constraints170817/
04:23 INFO    : Using output file outdirBNSBu32cores/pm_Constraints170817/
04:23 WARNING : Supplied argument 'queue_size' not an argument of 'Pymultinest', removing.
04:23 WARNING : Supplied argument 'check_point_delta_t' not an argument of 'Pymultinest', removing.
04:23 INFO    : Using sampler Pymultinest with kwargs {'importance_nested_sampling': False, 'resume': True, 'verbose': True, 'sampling_efficiency': 'parameter', 'n_live_points': 2048, 'n_params': 6, 'n_clustering_params': None, 'wrapped_params': None, 'multimodal': True, 'const_efficiency_mode': False, 'evidence_tolerance': 0.5, 'n_iter_before_update': 100, 'null_log_evidence': -1e+90, 'max_modes': 100, 'mode_tolerance': -1e+90, 'seed': 42, 'context': 0, 'write_output': True, 'log_zero': -1e+100, 'max_iter': 0, 'init_MPI': False, 'dump_callback': <bound method Pymultinest._dump_callback of <bilby.core.sampler.pymultinest.Pymultinest object at 0x155500fda620>>}
04:23 INFO    : Temporary directory incompatible with MPI, will run in original directory
04:23 INFO    : Using output file outdirBNSBu32cores/pm_Constraints170817/
04:46 INFO    : Sampling time: 0:23:29.898010
04:46 INFO    : Sampling time: 0:23:30.586112
04:46 INFO    : Sampling time: 0:23:30.034015
04:46 INFO    : Sampling time: 0:23:29.840515
04:46 INFO    : Sampling time: 0:23:30.307820
04:46 INFO    : Sampling time: 0:23:29.666765
04:46 INFO    : Sampling time: 0:23:29.982845
04:46 INFO    : Sampling time: 0:23:29.664735
04:46 INFO    : Sampling time: 0:23:29.820603
04:46 INFO    : Sampling time: 0:23:29.716033
04:46 INFO    : Sampling time: 0:23:29.913329
04:46 INFO    : Sampling time: 0:23:29.902756
04:46 INFO    : Sampling time: 0:23:29.668561
04:46 INFO    : Sampling time: 0:23:29.778851
04:46 INFO    : Sampling time: 0:23:32.729409
04:46 INFO    : Sampling time: 0:23:32.730338
04:46 INFO    : Sampling time: 0:23:32.973122
04:46 INFO    : Sampling time: 0:23:32.728100
04:46 INFO    : Sampling time: 0:23:29.769723
04:46 INFO    : Sampling time: 0:23:33.878211
04:46 INFO    : Sampling time: 0:23:32.613325
04:46 INFO    : Sampling time: 0:23:33.628289
04:46 INFO    : Sampling time: 0:23:33.768145
04:46 INFO    : Sampling time: 0:23:32.613477
04:46 INFO    : Sampling time: 0:23:32.613865
04:46 INFO    : Sampling time: 0:23:33.589524
04:46 INFO    : Sampling time: 0:23:30.430707
04:46 INFO    : Sampling time: 0:23:33.591375
04:46 INFO    : Sampling time: 0:23:33.890099
04:46 INFO    : Sampling time: 0:23:34.117840
04:46 INFO    : Sampling time: 0:23:32.639655
04:46 INFO    : Sampling time: 0:23:34.097962
04:46 ERROR   : 

Saving the data has failed with the following message:
[Errno 116] Stale file handle
Data has been dumped to outdirBNSBu32cores/Constraints170817_result.pkl.


04:46 INFO    : Summary of results:
nsamples: 11498
ln_noise_evidence:  0.000
ln_evidence: -140.389 +/-  0.069
ln_bayes_factor: -140.389 +/-  0.069

04:46 INFO    : Summary of results:
nsamples: 11498
ln_noise_evidence:  0.000
ln_evidence: -140.389 +/-  0.069
ln_bayes_factor: -140.389 +/-  0.069

04:46 INFO    : Summary of results:
nsamples: 11498
ln_noise_evidence:  0.000
ln_evidence: -140.389 +/-  0.069
ln_bayes_factor: -140.389 +/-  0.069

04:46 INFO    : Summary of results:
nsamples: 11498
ln_noise_evidence:  0.000
ln_evidence: -140.389 +/-  0.069
ln_bayes_factor: -140.389 +/-  0.069

04:46 INFO    : Summary of results:
nsamples: 11498
ln_noise_evidence:  0.000
ln_evidence: -140.389 +/-  0.069
ln_bayes_factor: -140.389 +/-  0.069

04:46 INFO    : Summary of results:
nsamples: 11498
ln_noise_evidence:  0.000
ln_evidence: -140.389 +/-  0.069
ln_bayes_factor: -140.389 +/-  0.069

04:46 INFO    : Summary of results:
nsamples: 11498
ln_noise_evidence:  0.000
ln_evidence: -140.389 +/-  0.069
ln_bayes_factor: -140.389 +/-  0.069

04:46 INFO    : Summary of results:
nsamples: 11498
ln_noise_evidence:  0.000
ln_evidence: -140.389 +/-  0.069
ln_bayes_factor: -140.389 +/-  0.069

04:46 INFO    : Summary of results:
nsamples: 11498
ln_noise_evidence:  0.000
ln_evidence: -140.389 +/-  0.069
ln_bayes_factor: -140.389 +/-  0.069

04:46 INFO    : Summary of results:
nsamples: 11498
ln_noise_evidence:  0.000
ln_evidence: -140.389 +/-  0.069
ln_bayes_factor: -140.389 +/-  0.069

04:46 INFO    : Summary of results:
nsamples: 11498
ln_noise_evidence:  0.000
ln_evidence: -140.389 +/-  0.069
ln_bayes_factor: -140.389 +/-  0.069

04:46 INFO    : Summary of results:
nsamples: 11498
ln_noise_evidence:  0.000
ln_evidence: -140.389 +/-  0.069
ln_bayes_factor: -140.389 +/-  0.069

04:47 INFO    : Summary of results:
nsamples: 11498
ln_noise_evidence:  0.000
ln_evidence: -140.389 +/-  0.069
ln_bayes_factor: -140.389 +/-  0.069

05:48 INFO    : Running for label 'Constraints170817', output will be saved to 'outdirBNSBu32cores'
05:48 INFO    : Analysis priors:
05:48 INFO    : KNphi=Uniform(minimum=15.0, maximum=75.0, name='KNphi', latex_label='$\\Phi$', unit=None, boundary=None)
05:48 INFO    : log10_mej_dyn=Uniform(minimum=-3.0, maximum=-1.0, name='log10_mej_dyn', latex_label='$\\log_{10}M^{\\rm{dyn}}_{\\rm{ej}}$', unit=None, boundary='reflective')
05:48 INFO    : log10_mej_wind=Uniform(minimum=-3.0, maximum=-0.5, name='log10_mej_wind', latex_label='$\\log_{10}M^{\\rm{wind}}_{\\rm{ej}}$', unit=None, boundary='reflective')
05:48 INFO    : inclination_EM=Sine(minimum=0.33, maximum=0.42, name='inclination_EM', latex_label='$\\iota$', unit=None, boundary=None)
05:48 INFO    : luminosity_distance=LogUniform(minimum=38, maximum=48, name='luminosity_distance', latex_label='$D_L$', unit=None, boundary=None)
05:48 INFO    : em_syserr=LogUniform(minimum=0.1, maximum=2.0, name='em_syserr', latex_label='$\\sigma$', unit=None, boundary=None)
05:48 INFO    : timeshift=0.0
05:48 INFO    : Ebv=0.0
05:48 INFO    : Analysis likelihood class: <class 'nmma.em.likelihood.OpticalLightCurve'>
05:48 INFO    : Analysis likelihood noise evidence: 0.0
05:49 INFO    : Single likelihood evaluation took 1.027e-01 s
05:49 WARNING : Supplied argument 'queue_size' not an argument of 'Pymultinest', removing.
05:49 WARNING : Supplied argument 'check_point_delta_t' not an argument of 'Pymultinest', removing.
05:49 WARNING : Using cached result
05:49 INFO    : Summary of results:
nsamples: 11498
ln_noise_evidence:  0.000
ln_evidence: -140.389 +/-  0.069
ln_bayes_factor: -140.389 +/-  0.069

05:49 INFO    : Writing samples file to /home/thussenot/kilonovae-H0/170817/Errsys+constraints/AngleradioDistancez/outdirBNSBu32cores/Constraints170817_posterior_samples.dat
