04:17 INFO    : Running for label 'InjectionRecoveryIterations', output will be saved to 'outdirBNSBu32cores'
04:17 INFO    : Running for label 'InjectionRecoveryIterations', output will be saved to 'outdirBNSBu32cores'
04:17 INFO    : Running for label 'InjectionRecoveryIterations', output will be saved to 'outdirBNSBu32cores'
04:17 INFO    : Running for label 'InjectionRecoveryIterations', output will be saved to 'outdirBNSBu32cores'
04:17 INFO    : Running for label 'InjectionRecoveryIterations', output will be saved to 'outdirBNSBu32cores'
04:17 INFO    : Running for label 'InjectionRecoveryIterations', output will be saved to 'outdirBNSBu32cores'
04:17 INFO    : Running for label 'InjectionRecoveryIterations', output will be saved to 'outdirBNSBu32cores'
04:17 INFO    : Running for label 'InjectionRecoveryIterations', output will be saved to 'outdirBNSBu32cores'
04:17 INFO    : Running for label 'InjectionRecoveryIterations', output will be saved to 'outdirBNSBu32cores'
04:17 INFO    : Running for label 'InjectionRecoveryIterations', output will be saved to 'outdirBNSBu32cores'
04:17 INFO    : Running for label 'InjectionRecoveryIterations', output will be saved to 'outdirBNSBu32cores'
04:17 INFO    : Running for label 'InjectionRecoveryIterations', output will be saved to 'outdirBNSBu32cores'
04:17 INFO    : Running for label 'InjectionRecoveryIterations', output will be saved to 'outdirBNSBu32cores'
04:17 INFO    : Running for label 'InjectionRecoveryIterations', output will be saved to 'outdirBNSBu32cores'
04:17 INFO    : Running for label 'InjectionRecoveryIterations', output will be saved to 'outdirBNSBu32cores'
04:17 INFO    : Running for label 'InjectionRecoveryIterations', output will be saved to 'outdirBNSBu32cores'
04:17 INFO    : Running for label 'InjectionRecoveryIterations', output will be saved to 'outdirBNSBu32cores'
04:17 INFO    : Running for label 'InjectionRecoveryIterations', output will be saved to 'outdirBNSBu32cores'
04:17 INFO    : Running for label 'InjectionRecoveryIterations', output will be saved to 'outdirBNSBu32cores'
04:17 INFO    : Running for label 'InjectionRecoveryIterations', output will be saved to 'outdirBNSBu32cores'
04:17 INFO    : Running for label 'InjectionRecoveryIterations', output will be saved to 'outdirBNSBu32cores'
04:17 INFO    : Running for label 'InjectionRecoveryIterations', output will be saved to 'outdirBNSBu32cores'
04:17 INFO    : Running for label 'InjectionRecoveryIterations', output will be saved to 'outdirBNSBu32cores'
04:17 INFO    : Running for label 'InjectionRecoveryIterations', output will be saved to 'outdirBNSBu32cores'
04:17 INFO    : Running for label 'InjectionRecoveryIterations', output will be saved to 'outdirBNSBu32cores'
04:17 INFO    : Running for label 'InjectionRecoveryIterations', output will be saved to 'outdirBNSBu32cores'
04:17 INFO    : Running for label 'InjectionRecoveryIterations', output will be saved to 'outdirBNSBu32cores'
04:17 INFO    : Running for label 'InjectionRecoveryIterations', output will be saved to 'outdirBNSBu32cores'
04:17 INFO    : Running for label 'InjectionRecoveryIterations', output will be saved to 'outdirBNSBu32cores'
04:17 INFO    : Running for label 'InjectionRecoveryIterations', output will be saved to 'outdirBNSBu32cores'
04:17 INFO    : Running for label 'InjectionRecoveryIterations', output will be saved to 'outdirBNSBu32cores'
04:17 INFO    : Running for label 'InjectionRecoveryIterations', output will be saved to 'outdirBNSBu32cores'
04:17 INFO    : Analysis priors:
04:17 INFO    : Analysis priors:
04:17 INFO    : Analysis priors:
04:17 INFO    : Analysis priors:
04:17 INFO    : Analysis priors:
04:17 INFO    : Analysis priors:
04:17 INFO    : Analysis priors:
04:17 INFO    : Analysis priors:
04:17 INFO    : Analysis priors:
04:17 INFO    : Analysis priors:
04:17 INFO    : Analysis priors:
04:17 INFO    : Analysis priors:
04:17 INFO    : Analysis priors:
04:17 INFO    : Analysis priors:
04:17 INFO    : Analysis priors:
04:17 INFO    : Analysis priors:
04:17 INFO    : Analysis priors:
04:17 INFO    : Analysis priors:
04:17 INFO    : Analysis priors:
04:17 INFO    : Analysis priors:
04:17 INFO    : Analysis priors:
04:17 INFO    : Analysis priors:
04:17 INFO    : Analysis priors:
04:17 INFO    : Analysis priors:
04:17 INFO    : Analysis priors:
04:17 INFO    : Analysis priors:
04:17 INFO    : KNphi=Uniform(minimum=15.0, maximum=75.0, name='KNphi', latex_label='$\\Phi$', unit=None, boundary=None)
04:17 INFO    : KNphi=Uniform(minimum=15.0, maximum=75.0, name='KNphi', latex_label='$\\Phi$', unit=None, boundary=None)
04:17 INFO    : KNphi=Uniform(minimum=15.0, maximum=75.0, name='KNphi', latex_label='$\\Phi$', unit=None, boundary=None)
04:17 INFO    : KNphi=Uniform(minimum=15.0, maximum=75.0, name='KNphi', latex_label='$\\Phi$', unit=None, boundary=None)
04:17 INFO    : KNphi=Uniform(minimum=15.0, maximum=75.0, name='KNphi', latex_label='$\\Phi$', unit=None, boundary=None)
04:17 INFO    : KNphi=Uniform(minimum=15.0, maximum=75.0, name='KNphi', latex_label='$\\Phi$', unit=None, boundary=None)
04:17 INFO    : KNphi=Uniform(minimum=15.0, maximum=75.0, name='KNphi', latex_label='$\\Phi$', unit=None, boundary=None)
04:17 INFO    : KNphi=Uniform(minimum=15.0, maximum=75.0, name='KNphi', latex_label='$\\Phi$', unit=None, boundary=None)
04:17 INFO    : KNphi=Uniform(minimum=15.0, maximum=75.0, name='KNphi', latex_label='$\\Phi$', unit=None, boundary=None)
04:17 INFO    : KNphi=Uniform(minimum=15.0, maximum=75.0, name='KNphi', latex_label='$\\Phi$', unit=None, boundary=None)
04:17 INFO    : KNphi=Uniform(minimum=15.0, maximum=75.0, name='KNphi', latex_label='$\\Phi$', unit=None, boundary=None)
04:17 INFO    : KNphi=Uniform(minimum=15.0, maximum=75.0, name='KNphi', latex_label='$\\Phi$', unit=None, boundary=None)
04:17 INFO    : KNphi=Uniform(minimum=15.0, maximum=75.0, name='KNphi', latex_label='$\\Phi$', unit=None, boundary=None)
04:17 INFO    : KNphi=Uniform(minimum=15.0, maximum=75.0, name='KNphi', latex_label='$\\Phi$', unit=None, boundary=None)
04:17 INFO    : KNphi=Uniform(minimum=15.0, maximum=75.0, name='KNphi', latex_label='$\\Phi$', unit=None, boundary=None)
04:17 INFO    : KNphi=Uniform(minimum=15.0, maximum=75.0, name='KNphi', latex_label='$\\Phi$', unit=None, boundary=None)
04:17 INFO    : KNphi=Uniform(minimum=15.0, maximum=75.0, name='KNphi', latex_label='$\\Phi$', unit=None, boundary=None)
04:17 INFO    : KNphi=Uniform(minimum=15.0, maximum=75.0, name='KNphi', latex_label='$\\Phi$', unit=None, boundary=None)
04:17 INFO    : KNphi=Uniform(minimum=15.0, maximum=75.0, name='KNphi', latex_label='$\\Phi$', unit=None, boundary=None)
04:17 INFO    : KNphi=Uniform(minimum=15.0, maximum=75.0, name='KNphi', latex_label='$\\Phi$', unit=None, boundary=None)
04:17 INFO    : KNphi=Uniform(minimum=15.0, maximum=75.0, name='KNphi', latex_label='$\\Phi$', unit=None, boundary=None)
04:17 INFO    : KNphi=Uniform(minimum=15.0, maximum=75.0, name='KNphi', latex_label='$\\Phi$', unit=None, boundary=None)
04:17 INFO    : KNphi=Uniform(minimum=15.0, maximum=75.0, name='KNphi', latex_label='$\\Phi$', unit=None, boundary=None)
04:17 INFO    : KNphi=Uniform(minimum=15.0, maximum=75.0, name='KNphi', latex_label='$\\Phi$', unit=None, boundary=None)
04:17 INFO    : KNphi=Uniform(minimum=15.0, maximum=75.0, name='KNphi', latex_label='$\\Phi$', unit=None, boundary=None)
04:17 INFO    : log10_mej_dyn=Uniform(minimum=-3.0, maximum=-1.0, name='log10_mej_dyn', latex_label='$\\log_{10}M^{\\rm{dyn}}_{\\rm{ej}}$', unit=None, boundary='reflective')
04:17 INFO    : log10_mej_dyn=Uniform(minimum=-3.0, maximum=-1.0, name='log10_mej_dyn', latex_label='$\\log_{10}M^{\\rm{dyn}}_{\\rm{ej}}$', unit=None, boundary='reflective')
04:17 INFO    : log10_mej_dyn=Uniform(minimum=-3.0, maximum=-1.0, name='log10_mej_dyn', latex_label='$\\log_{10}M^{\\rm{dyn}}_{\\rm{ej}}$', unit=None, boundary='reflective')
04:17 INFO    : log10_mej_dyn=Uniform(minimum=-3.0, maximum=-1.0, name='log10_mej_dyn', latex_label='$\\log_{10}M^{\\rm{dyn}}_{\\rm{ej}}$', unit=None, boundary='reflective')
04:17 INFO    : log10_mej_dyn=Uniform(minimum=-3.0, maximum=-1.0, name='log10_mej_dyn', latex_label='$\\log_{10}M^{\\rm{dyn}}_{\\rm{ej}}$', unit=None, boundary='reflective')
04:17 INFO    : log10_mej_dyn=Uniform(minimum=-3.0, maximum=-1.0, name='log10_mej_dyn', latex_label='$\\log_{10}M^{\\rm{dyn}}_{\\rm{ej}}$', unit=None, boundary='reflective')
04:17 INFO    : log10_mej_dyn=Uniform(minimum=-3.0, maximum=-1.0, name='log10_mej_dyn', latex_label='$\\log_{10}M^{\\rm{dyn}}_{\\rm{ej}}$', unit=None, boundary='reflective')
04:17 INFO    : log10_mej_dyn=Uniform(minimum=-3.0, maximum=-1.0, name='log10_mej_dyn', latex_label='$\\log_{10}M^{\\rm{dyn}}_{\\rm{ej}}$', unit=None, boundary='reflective')
04:17 INFO    : log10_mej_dyn=Uniform(minimum=-3.0, maximum=-1.0, name='log10_mej_dyn', latex_label='$\\log_{10}M^{\\rm{dyn}}_{\\rm{ej}}$', unit=None, boundary='reflective')
04:17 INFO    : log10_mej_dyn=Uniform(minimum=-3.0, maximum=-1.0, name='log10_mej_dyn', latex_label='$\\log_{10}M^{\\rm{dyn}}_{\\rm{ej}}$', unit=None, boundary='reflective')
04:17 INFO    : log10_mej_dyn=Uniform(minimum=-3.0, maximum=-1.0, name='log10_mej_dyn', latex_label='$\\log_{10}M^{\\rm{dyn}}_{\\rm{ej}}$', unit=None, boundary='reflective')
04:17 INFO    : log10_mej_dyn=Uniform(minimum=-3.0, maximum=-1.0, name='log10_mej_dyn', latex_label='$\\log_{10}M^{\\rm{dyn}}_{\\rm{ej}}$', unit=None, boundary='reflective')
04:17 INFO    : log10_mej_dyn=Uniform(minimum=-3.0, maximum=-1.0, name='log10_mej_dyn', latex_label='$\\log_{10}M^{\\rm{dyn}}_{\\rm{ej}}$', unit=None, boundary='reflective')
04:17 INFO    : log10_mej_dyn=Uniform(minimum=-3.0, maximum=-1.0, name='log10_mej_dyn', latex_label='$\\log_{10}M^{\\rm{dyn}}_{\\rm{ej}}$', unit=None, boundary='reflective')
04:17 INFO    : log10_mej_dyn=Uniform(minimum=-3.0, maximum=-1.0, name='log10_mej_dyn', latex_label='$\\log_{10}M^{\\rm{dyn}}_{\\rm{ej}}$', unit=None, boundary='reflective')
04:17 INFO    : log10_mej_dyn=Uniform(minimum=-3.0, maximum=-1.0, name='log10_mej_dyn', latex_label='$\\log_{10}M^{\\rm{dyn}}_{\\rm{ej}}$', unit=None, boundary='reflective')
04:17 INFO    : log10_mej_dyn=Uniform(minimum=-3.0, maximum=-1.0, name='log10_mej_dyn', latex_label='$\\log_{10}M^{\\rm{dyn}}_{\\rm{ej}}$', unit=None, boundary='reflective')
04:17 INFO    : log10_mej_dyn=Uniform(minimum=-3.0, maximum=-1.0, name='log10_mej_dyn', latex_label='$\\log_{10}M^{\\rm{dyn}}_{\\rm{ej}}$', unit=None, boundary='reflective')
04:17 INFO    : log10_mej_dyn=Uniform(minimum=-3.0, maximum=-1.0, name='log10_mej_dyn', latex_label='$\\log_{10}M^{\\rm{dyn}}_{\\rm{ej}}$', unit=None, boundary='reflective')
04:17 INFO    : log10_mej_dyn=Uniform(minimum=-3.0, maximum=-1.0, name='log10_mej_dyn', latex_label='$\\log_{10}M^{\\rm{dyn}}_{\\rm{ej}}$', unit=None, boundary='reflective')
04:17 INFO    : log10_mej_dyn=Uniform(minimum=-3.0, maximum=-1.0, name='log10_mej_dyn', latex_label='$\\log_{10}M^{\\rm{dyn}}_{\\rm{ej}}$', unit=None, boundary='reflective')
04:17 INFO    : log10_mej_dyn=Uniform(minimum=-3.0, maximum=-1.0, name='log10_mej_dyn', latex_label='$\\log_{10}M^{\\rm{dyn}}_{\\rm{ej}}$', unit=None, boundary='reflective')
04:17 INFO    : log10_mej_dyn=Uniform(minimum=-3.0, maximum=-1.0, name='log10_mej_dyn', latex_label='$\\log_{10}M^{\\rm{dyn}}_{\\rm{ej}}$', unit=None, boundary='reflective')
04:17 INFO    : log10_mej_dyn=Uniform(minimum=-3.0, maximum=-1.0, name='log10_mej_dyn', latex_label='$\\log_{10}M^{\\rm{dyn}}_{\\rm{ej}}$', unit=None, boundary='reflective')
04:17 INFO    : log10_mej_dyn=Uniform(minimum=-3.0, maximum=-1.0, name='log10_mej_dyn', latex_label='$\\log_{10}M^{\\rm{dyn}}_{\\rm{ej}}$', unit=None, boundary='reflective')
04:17 INFO    : log10_mej_wind=Uniform(minimum=-3.0, maximum=-0.5, name='log10_mej_wind', latex_label='$\\log_{10}M^{\\rm{wind}}_{\\rm{ej}}$', unit=None, boundary='reflective')
04:17 INFO    : log10_mej_wind=Uniform(minimum=-3.0, maximum=-0.5, name='log10_mej_wind', latex_label='$\\log_{10}M^{\\rm{wind}}_{\\rm{ej}}$', unit=None, boundary='reflective')
04:17 INFO    : log10_mej_wind=Uniform(minimum=-3.0, maximum=-0.5, name='log10_mej_wind', latex_label='$\\log_{10}M^{\\rm{wind}}_{\\rm{ej}}$', unit=None, boundary='reflective')
04:17 INFO    : log10_mej_wind=Uniform(minimum=-3.0, maximum=-0.5, name='log10_mej_wind', latex_label='$\\log_{10}M^{\\rm{wind}}_{\\rm{ej}}$', unit=None, boundary='reflective')
04:17 INFO    : log10_mej_wind=Uniform(minimum=-3.0, maximum=-0.5, name='log10_mej_wind', latex_label='$\\log_{10}M^{\\rm{wind}}_{\\rm{ej}}$', unit=None, boundary='reflective')
04:17 INFO    : log10_mej_wind=Uniform(minimum=-3.0, maximum=-0.5, name='log10_mej_wind', latex_label='$\\log_{10}M^{\\rm{wind}}_{\\rm{ej}}$', unit=None, boundary='reflective')
04:17 INFO    : log10_mej_wind=Uniform(minimum=-3.0, maximum=-0.5, name='log10_mej_wind', latex_label='$\\log_{10}M^{\\rm{wind}}_{\\rm{ej}}$', unit=None, boundary='reflective')
04:17 INFO    : log10_mej_wind=Uniform(minimum=-3.0, maximum=-0.5, name='log10_mej_wind', latex_label='$\\log_{10}M^{\\rm{wind}}_{\\rm{ej}}$', unit=None, boundary='reflective')
04:17 INFO    : log10_mej_wind=Uniform(minimum=-3.0, maximum=-0.5, name='log10_mej_wind', latex_label='$\\log_{10}M^{\\rm{wind}}_{\\rm{ej}}$', unit=None, boundary='reflective')
04:17 INFO    : log10_mej_wind=Uniform(minimum=-3.0, maximum=-0.5, name='log10_mej_wind', latex_label='$\\log_{10}M^{\\rm{wind}}_{\\rm{ej}}$', unit=None, boundary='reflective')
04:17 INFO    : log10_mej_wind=Uniform(minimum=-3.0, maximum=-0.5, name='log10_mej_wind', latex_label='$\\log_{10}M^{\\rm{wind}}_{\\rm{ej}}$', unit=None, boundary='reflective')
04:17 INFO    : log10_mej_wind=Uniform(minimum=-3.0, maximum=-0.5, name='log10_mej_wind', latex_label='$\\log_{10}M^{\\rm{wind}}_{\\rm{ej}}$', unit=None, boundary='reflective')
04:17 INFO    : log10_mej_wind=Uniform(minimum=-3.0, maximum=-0.5, name='log10_mej_wind', latex_label='$\\log_{10}M^{\\rm{wind}}_{\\rm{ej}}$', unit=None, boundary='reflective')
04:17 INFO    : log10_mej_wind=Uniform(minimum=-3.0, maximum=-0.5, name='log10_mej_wind', latex_label='$\\log_{10}M^{\\rm{wind}}_{\\rm{ej}}$', unit=None, boundary='reflective')
04:17 INFO    : log10_mej_wind=Uniform(minimum=-3.0, maximum=-0.5, name='log10_mej_wind', latex_label='$\\log_{10}M^{\\rm{wind}}_{\\rm{ej}}$', unit=None, boundary='reflective')
04:17 INFO    : log10_mej_wind=Uniform(minimum=-3.0, maximum=-0.5, name='log10_mej_wind', latex_label='$\\log_{10}M^{\\rm{wind}}_{\\rm{ej}}$', unit=None, boundary='reflective')
04:17 INFO    : log10_mej_wind=Uniform(minimum=-3.0, maximum=-0.5, name='log10_mej_wind', latex_label='$\\log_{10}M^{\\rm{wind}}_{\\rm{ej}}$', unit=None, boundary='reflective')
04:17 INFO    : log10_mej_wind=Uniform(minimum=-3.0, maximum=-0.5, name='log10_mej_wind', latex_label='$\\log_{10}M^{\\rm{wind}}_{\\rm{ej}}$', unit=None, boundary='reflective')
04:17 INFO    : log10_mej_wind=Uniform(minimum=-3.0, maximum=-0.5, name='log10_mej_wind', latex_label='$\\log_{10}M^{\\rm{wind}}_{\\rm{ej}}$', unit=None, boundary='reflective')
04:17 INFO    : log10_mej_wind=Uniform(minimum=-3.0, maximum=-0.5, name='log10_mej_wind', latex_label='$\\log_{10}M^{\\rm{wind}}_{\\rm{ej}}$', unit=None, boundary='reflective')
04:17 INFO    : log10_mej_wind=Uniform(minimum=-3.0, maximum=-0.5, name='log10_mej_wind', latex_label='$\\log_{10}M^{\\rm{wind}}_{\\rm{ej}}$', unit=None, boundary='reflective')
04:17 INFO    : Analysis priors:
04:17 INFO    : log10_mej_wind=Uniform(minimum=-3.0, maximum=-0.5, name='log10_mej_wind', latex_label='$\\log_{10}M^{\\rm{wind}}_{\\rm{ej}}$', unit=None, boundary='reflective')
04:17 INFO    : Analysis priors:
04:17 INFO    : log10_mej_wind=Uniform(minimum=-3.0, maximum=-0.5, name='log10_mej_wind', latex_label='$\\log_{10}M^{\\rm{wind}}_{\\rm{ej}}$', unit=None, boundary='reflective')
04:17 INFO    : log10_mej_wind=Uniform(minimum=-3.0, maximum=-0.5, name='log10_mej_wind', latex_label='$\\log_{10}M^{\\rm{wind}}_{\\rm{ej}}$', unit=None, boundary='reflective')
04:17 INFO    : Analysis priors:
04:17 INFO    : log10_mej_wind=Uniform(minimum=-3.0, maximum=-0.5, name='log10_mej_wind', latex_label='$\\log_{10}M^{\\rm{wind}}_{\\rm{ej}}$', unit=None, boundary='reflective')
04:17 INFO    : inclination_EM=Sine(minimum=0.0, maximum=1.5707963267948966, name='inclination_EM', latex_label='$\\iota$', unit=None, boundary=None)
04:17 INFO    : inclination_EM=Sine(minimum=0.0, maximum=1.5707963267948966, name='inclination_EM', latex_label='$\\iota$', unit=None, boundary=None)
04:17 INFO    : inclination_EM=Sine(minimum=0.0, maximum=1.5707963267948966, name='inclination_EM', latex_label='$\\iota$', unit=None, boundary=None)
04:17 INFO    : inclination_EM=Sine(minimum=0.0, maximum=1.5707963267948966, name='inclination_EM', latex_label='$\\iota$', unit=None, boundary=None)
04:17 INFO    : inclination_EM=Sine(minimum=0.0, maximum=1.5707963267948966, name='inclination_EM', latex_label='$\\iota$', unit=None, boundary=None)
04:17 INFO    : inclination_EM=Sine(minimum=0.0, maximum=1.5707963267948966, name='inclination_EM', latex_label='$\\iota$', unit=None, boundary=None)
04:17 INFO    : inclination_EM=Sine(minimum=0.0, maximum=1.5707963267948966, name='inclination_EM', latex_label='$\\iota$', unit=None, boundary=None)
04:17 INFO    : inclination_EM=Sine(minimum=0.0, maximum=1.5707963267948966, name='inclination_EM', latex_label='$\\iota$', unit=None, boundary=None)
04:17 INFO    : inclination_EM=Sine(minimum=0.0, maximum=1.5707963267948966, name='inclination_EM', latex_label='$\\iota$', unit=None, boundary=None)
04:17 INFO    : inclination_EM=Sine(minimum=0.0, maximum=1.5707963267948966, name='inclination_EM', latex_label='$\\iota$', unit=None, boundary=None)
04:17 INFO    : inclination_EM=Sine(minimum=0.0, maximum=1.5707963267948966, name='inclination_EM', latex_label='$\\iota$', unit=None, boundary=None)
04:17 INFO    : inclination_EM=Sine(minimum=0.0, maximum=1.5707963267948966, name='inclination_EM', latex_label='$\\iota$', unit=None, boundary=None)
04:17 INFO    : inclination_EM=Sine(minimum=0.0, maximum=1.5707963267948966, name='inclination_EM', latex_label='$\\iota$', unit=None, boundary=None)
04:17 INFO    : inclination_EM=Sine(minimum=0.0, maximum=1.5707963267948966, name='inclination_EM', latex_label='$\\iota$', unit=None, boundary=None)
04:17 INFO    : inclination_EM=Sine(minimum=0.0, maximum=1.5707963267948966, name='inclination_EM', latex_label='$\\iota$', unit=None, boundary=None)
04:17 INFO    : inclination_EM=Sine(minimum=0.0, maximum=1.5707963267948966, name='inclination_EM', latex_label='$\\iota$', unit=None, boundary=None)
04:17 INFO    : inclination_EM=Sine(minimum=0.0, maximum=1.5707963267948966, name='inclination_EM', latex_label='$\\iota$', unit=None, boundary=None)
04:17 INFO    : inclination_EM=Sine(minimum=0.0, maximum=1.5707963267948966, name='inclination_EM', latex_label='$\\iota$', unit=None, boundary=None)
04:17 INFO    : inclination_EM=Sine(minimum=0.0, maximum=1.5707963267948966, name='inclination_EM', latex_label='$\\iota$', unit=None, boundary=None)
04:17 INFO    : inclination_EM=Sine(minimum=0.0, maximum=1.5707963267948966, name='inclination_EM', latex_label='$\\iota$', unit=None, boundary=None)
04:17 INFO    : inclination_EM=Sine(minimum=0.0, maximum=1.5707963267948966, name='inclination_EM', latex_label='$\\iota$', unit=None, boundary=None)
04:17 INFO    : inclination_EM=Sine(minimum=0.0, maximum=1.5707963267948966, name='inclination_EM', latex_label='$\\iota$', unit=None, boundary=None)
04:17 INFO    : inclination_EM=Sine(minimum=0.0, maximum=1.5707963267948966, name='inclination_EM', latex_label='$\\iota$', unit=None, boundary=None)
04:17 INFO    : inclination_EM=Sine(minimum=0.0, maximum=1.5707963267948966, name='inclination_EM', latex_label='$\\iota$', unit=None, boundary=None)
04:17 INFO    : inclination_EM=Sine(minimum=0.0, maximum=1.5707963267948966, name='inclination_EM', latex_label='$\\iota$', unit=None, boundary=None)
04:17 INFO    : luminosity_distance=LogUniform(minimum=1, maximum=500, name='luminosity_distance', latex_label='$D_L$', unit=None, boundary=None)
04:17 INFO    : luminosity_distance=LogUniform(minimum=1, maximum=500, name='luminosity_distance', latex_label='$D_L$', unit=None, boundary=None)
04:17 INFO    : luminosity_distance=LogUniform(minimum=1, maximum=500, name='luminosity_distance', latex_label='$D_L$', unit=None, boundary=None)
04:17 INFO    : luminosity_distance=LogUniform(minimum=1, maximum=500, name='luminosity_distance', latex_label='$D_L$', unit=None, boundary=None)
04:17 INFO    : luminosity_distance=LogUniform(minimum=1, maximum=500, name='luminosity_distance', latex_label='$D_L$', unit=None, boundary=None)
04:17 INFO    : luminosity_distance=LogUniform(minimum=1, maximum=500, name='luminosity_distance', latex_label='$D_L$', unit=None, boundary=None)
04:17 INFO    : luminosity_distance=LogUniform(minimum=1, maximum=500, name='luminosity_distance', latex_label='$D_L$', unit=None, boundary=None)
04:17 INFO    : luminosity_distance=LogUniform(minimum=1, maximum=500, name='luminosity_distance', latex_label='$D_L$', unit=None, boundary=None)
04:17 INFO    : luminosity_distance=LogUniform(minimum=1, maximum=500, name='luminosity_distance', latex_label='$D_L$', unit=None, boundary=None)
04:17 INFO    : luminosity_distance=LogUniform(minimum=1, maximum=500, name='luminosity_distance', latex_label='$D_L$', unit=None, boundary=None)
04:17 INFO    : luminosity_distance=LogUniform(minimum=1, maximum=500, name='luminosity_distance', latex_label='$D_L$', unit=None, boundary=None)
04:17 INFO    : luminosity_distance=LogUniform(minimum=1, maximum=500, name='luminosity_distance', latex_label='$D_L$', unit=None, boundary=None)
04:17 INFO    : luminosity_distance=LogUniform(minimum=1, maximum=500, name='luminosity_distance', latex_label='$D_L$', unit=None, boundary=None)
04:17 INFO    : luminosity_distance=LogUniform(minimum=1, maximum=500, name='luminosity_distance', latex_label='$D_L$', unit=None, boundary=None)
04:17 INFO    : KNphi=Uniform(minimum=15.0, maximum=75.0, name='KNphi', latex_label='$\\Phi$', unit=None, boundary=None)
04:17 INFO    : luminosity_distance=LogUniform(minimum=1, maximum=500, name='luminosity_distance', latex_label='$D_L$', unit=None, boundary=None)
04:17 INFO    : timeshift=0.0
04:17 INFO    : timeshift=0.0
04:17 INFO    : luminosity_distance=LogUniform(minimum=1, maximum=500, name='luminosity_distance', latex_label='$D_L$', unit=None, boundary=None)
04:17 INFO    : KNphi=Uniform(minimum=15.0, maximum=75.0, name='KNphi', latex_label='$\\Phi$', unit=None, boundary=None)
04:17 INFO    : luminosity_distance=LogUniform(minimum=1, maximum=500, name='luminosity_distance', latex_label='$D_L$', unit=None, boundary=None)
04:17 INFO    : luminosity_distance=LogUniform(minimum=1, maximum=500, name='luminosity_distance', latex_label='$D_L$', unit=None, boundary=None)
04:17 INFO    : luminosity_distance=LogUniform(minimum=1, maximum=500, name='luminosity_distance', latex_label='$D_L$', unit=None, boundary=None)
04:17 INFO    : timeshift=0.0
04:17 INFO    : timeshift=0.0
04:17 INFO    : timeshift=0.0
04:17 INFO    : luminosity_distance=LogUniform(minimum=1, maximum=500, name='luminosity_distance', latex_label='$D_L$', unit=None, boundary=None)
04:17 INFO    : timeshift=0.0
04:17 INFO    : luminosity_distance=LogUniform(minimum=1, maximum=500, name='luminosity_distance', latex_label='$D_L$', unit=None, boundary=None)
04:17 INFO    : timeshift=0.0
04:17 INFO    : timeshift=0.0
04:17 INFO    : timeshift=0.0
04:17 INFO    : timeshift=0.0
04:17 INFO    : timeshift=0.0
04:17 INFO    : timeshift=0.0
04:17 INFO    : timeshift=0.0
04:17 INFO    : luminosity_distance=LogUniform(minimum=1, maximum=500, name='luminosity_distance', latex_label='$D_L$', unit=None, boundary=None)
04:17 INFO    : KNphi=Uniform(minimum=15.0, maximum=75.0, name='KNphi', latex_label='$\\Phi$', unit=None, boundary=None)
04:17 INFO    : timeshift=0.0
04:17 INFO    : luminosity_distance=LogUniform(minimum=1, maximum=500, name='luminosity_distance', latex_label='$D_L$', unit=None, boundary=None)
04:17 INFO    : timeshift=0.0
04:17 INFO    : em_syserr=1.0
04:17 INFO    : em_syserr=1.0
04:17 INFO    : timeshift=0.0
04:17 INFO    : timeshift=0.0
04:17 INFO    : luminosity_distance=LogUniform(minimum=1, maximum=500, name='luminosity_distance', latex_label='$D_L$', unit=None, boundary=None)
04:17 INFO    : timeshift=0.0
04:17 INFO    : timeshift=0.0
04:17 INFO    : em_syserr=1.0
04:17 INFO    : luminosity_distance=LogUniform(minimum=1, maximum=500, name='luminosity_distance', latex_label='$D_L$', unit=None, boundary=None)
04:17 INFO    : em_syserr=1.0
04:17 INFO    : em_syserr=1.0
04:17 INFO    : em_syserr=1.0
04:17 INFO    : em_syserr=1.0
04:17 INFO    : Ebv=0.0
04:17 INFO    : em_syserr=1.0
04:17 INFO    : em_syserr=1.0
04:17 INFO    : em_syserr=1.0
04:17 INFO    : timeshift=0.0
04:17 INFO    : em_syserr=1.0
04:17 INFO    : em_syserr=1.0
04:17 INFO    : timeshift=0.0
04:17 INFO    : em_syserr=1.0
04:17 INFO    : em_syserr=1.0
04:17 INFO    : em_syserr=1.0
04:17 INFO    : timeshift=0.0
04:17 INFO    : em_syserr=1.0
04:17 INFO    : Ebv=0.0
04:17 INFO    : timeshift=0.0
04:17 INFO    : em_syserr=1.0
04:17 INFO    : em_syserr=1.0
04:17 INFO    : em_syserr=1.0
04:17 INFO    : Ebv=0.0
04:17 INFO    : timeshift=0.0
04:17 INFO    : Ebv=0.0
04:17 INFO    : Ebv=0.0
04:17 INFO    : timeshift=0.0
04:17 INFO    : Ebv=0.0
04:17 INFO    : Ebv=0.0
04:17 INFO    : Ebv=0.0
04:17 INFO    : Analysis likelihood class: <class 'nmma.em.likelihood.OpticalLightCurve'>
04:17 INFO    : Ebv=0.0
04:17 INFO    : Ebv=0.0
04:17 INFO    : Ebv=0.0
04:17 INFO    : em_syserr=1.0
04:17 INFO    : Ebv=0.0
04:17 INFO    : Ebv=0.0
04:17 INFO    : em_syserr=1.0
04:17 INFO    : log10_mej_dyn=Uniform(minimum=-3.0, maximum=-1.0, name='log10_mej_dyn', latex_label='$\\log_{10}M^{\\rm{dyn}}_{\\rm{ej}}$', unit=None, boundary='reflective')
04:17 INFO    : Ebv=0.0
04:17 INFO    : em_syserr=1.0
04:17 INFO    : log10_mej_dyn=Uniform(minimum=-3.0, maximum=-1.0, name='log10_mej_dyn', latex_label='$\\log_{10}M^{\\rm{dyn}}_{\\rm{ej}}$', unit=None, boundary='reflective')
04:17 INFO    : Ebv=0.0
04:17 INFO    : Ebv=0.0
04:17 INFO    : Analysis likelihood class: <class 'nmma.em.likelihood.OpticalLightCurve'>
04:17 INFO    : em_syserr=1.0
04:17 INFO    : Ebv=0.0
04:17 INFO    : Ebv=0.0
04:17 INFO    : Ebv=0.0
04:17 INFO    : em_syserr=1.0
04:17 INFO    : Analysis likelihood class: <class 'nmma.em.likelihood.OpticalLightCurve'>
04:17 INFO    : Analysis likelihood class: <class 'nmma.em.likelihood.OpticalLightCurve'>
04:17 INFO    : em_syserr=1.0
04:17 INFO    : Analysis likelihood class: <class 'nmma.em.likelihood.OpticalLightCurve'>
04:17 INFO    : Analysis likelihood class: <class 'nmma.em.likelihood.OpticalLightCurve'>
04:17 INFO    : Analysis likelihood class: <class 'nmma.em.likelihood.OpticalLightCurve'>
04:17 INFO    : log10_mej_dyn=Uniform(minimum=-3.0, maximum=-1.0, name='log10_mej_dyn', latex_label='$\\log_{10}M^{\\rm{dyn}}_{\\rm{ej}}$', unit=None, boundary='reflective')
04:17 INFO    : Analysis likelihood class: <class 'nmma.em.likelihood.OpticalLightCurve'>
04:17 INFO    : Analysis likelihood class: <class 'nmma.em.likelihood.OpticalLightCurve'>
04:17 INFO    : Analysis likelihood class: <class 'nmma.em.likelihood.OpticalLightCurve'>
04:17 INFO    : Analysis likelihood class: <class 'nmma.em.likelihood.OpticalLightCurve'>
04:17 INFO    : Analysis likelihood class: <class 'nmma.em.likelihood.OpticalLightCurve'>
04:17 INFO    : Ebv=0.0
04:17 INFO    : Analysis likelihood noise evidence: 0.0
04:17 INFO    : Ebv=0.0
04:17 INFO    : Ebv=0.0
04:17 INFO    : Analysis likelihood class: <class 'nmma.em.likelihood.OpticalLightCurve'>
04:17 INFO    : Analysis likelihood class: <class 'nmma.em.likelihood.OpticalLightCurve'>
04:17 INFO    : Analysis likelihood class: <class 'nmma.em.likelihood.OpticalLightCurve'>
04:17 INFO    : Analysis likelihood class: <class 'nmma.em.likelihood.OpticalLightCurve'>
04:17 INFO    : Analysis likelihood class: <class 'nmma.em.likelihood.OpticalLightCurve'>
04:17 INFO    : Ebv=0.0
04:17 INFO    : Analysis likelihood noise evidence: 0.0
04:17 INFO    : Analysis likelihood class: <class 'nmma.em.likelihood.OpticalLightCurve'>
04:17 INFO    : Analysis likelihood class: <class 'nmma.em.likelihood.OpticalLightCurve'>
04:17 INFO    : Ebv=0.0
04:17 INFO    : Ebv=0.0
04:17 INFO    : Analysis likelihood noise evidence: 0.0
04:17 INFO    : Analysis likelihood noise evidence: 0.0
04:17 INFO    : Analysis likelihood noise evidence: 0.0
04:17 INFO    : Analysis likelihood noise evidence: 0.0
04:17 INFO    : Analysis likelihood noise evidence: 0.0
04:17 INFO    : Analysis likelihood noise evidence: 0.0
04:17 INFO    : Analysis likelihood noise evidence: 0.0
04:17 INFO    : Analysis likelihood noise evidence: 0.0
04:17 INFO    : Analysis likelihood noise evidence: 0.0
04:17 INFO    : Analysis likelihood class: <class 'nmma.em.likelihood.OpticalLightCurve'>
04:17 INFO    : Analysis likelihood class: <class 'nmma.em.likelihood.OpticalLightCurve'>
04:17 INFO    : Analysis likelihood noise evidence: 0.0
04:17 INFO    : Analysis likelihood noise evidence: 0.0
04:17 INFO    : Analysis likelihood class: <class 'nmma.em.likelihood.OpticalLightCurve'>
04:17 INFO    : Analysis likelihood noise evidence: 0.0
04:17 INFO    : Analysis likelihood noise evidence: 0.0
04:17 INFO    : Analysis likelihood noise evidence: 0.0
04:17 INFO    : Analysis likelihood noise evidence: 0.0
04:17 INFO    : Analysis likelihood class: <class 'nmma.em.likelihood.OpticalLightCurve'>
04:17 INFO    : Analysis likelihood noise evidence: 0.0
04:17 INFO    : Analysis likelihood class: <class 'nmma.em.likelihood.OpticalLightCurve'>
04:17 INFO    : Analysis likelihood noise evidence: 0.0
04:17 INFO    : Analysis likelihood class: <class 'nmma.em.likelihood.OpticalLightCurve'>
04:17 INFO    : log10_mej_wind=Uniform(minimum=-3.0, maximum=-0.5, name='log10_mej_wind', latex_label='$\\log_{10}M^{\\rm{wind}}_{\\rm{ej}}$', unit=None, boundary='reflective')
04:17 INFO    : Analysis likelihood noise evidence: 0.0
04:17 INFO    : Analysis likelihood noise evidence: 0.0
04:17 INFO    : log10_mej_wind=Uniform(minimum=-3.0, maximum=-0.5, name='log10_mej_wind', latex_label='$\\log_{10}M^{\\rm{wind}}_{\\rm{ej}}$', unit=None, boundary='reflective')
04:17 INFO    : Analysis likelihood noise evidence: 0.0
04:17 INFO    : log10_mej_wind=Uniform(minimum=-3.0, maximum=-0.5, name='log10_mej_wind', latex_label='$\\log_{10}M^{\\rm{wind}}_{\\rm{ej}}$', unit=None, boundary='reflective')
04:17 INFO    : Analysis likelihood noise evidence: 0.0
04:17 INFO    : Analysis likelihood noise evidence: 0.0
04:17 INFO    : Analysis likelihood noise evidence: 0.0
04:17 INFO    : inclination_EM=Sine(minimum=0.0, maximum=1.5707963267948966, name='inclination_EM', latex_label='$\\iota$', unit=None, boundary=None)
04:17 INFO    : inclination_EM=Sine(minimum=0.0, maximum=1.5707963267948966, name='inclination_EM', latex_label='$\\iota$', unit=None, boundary=None)
04:17 INFO    : inclination_EM=Sine(minimum=0.0, maximum=1.5707963267948966, name='inclination_EM', latex_label='$\\iota$', unit=None, boundary=None)
04:17 INFO    : luminosity_distance=LogUniform(minimum=1, maximum=500, name='luminosity_distance', latex_label='$D_L$', unit=None, boundary=None)
04:17 INFO    : luminosity_distance=LogUniform(minimum=1, maximum=500, name='luminosity_distance', latex_label='$D_L$', unit=None, boundary=None)
04:17 INFO    : luminosity_distance=LogUniform(minimum=1, maximum=500, name='luminosity_distance', latex_label='$D_L$', unit=None, boundary=None)
04:17 INFO    : timeshift=0.0
04:17 INFO    : timeshift=0.0
04:17 INFO    : timeshift=0.0
04:17 INFO    : em_syserr=1.0
04:17 INFO    : em_syserr=1.0
04:17 INFO    : em_syserr=1.0
04:17 INFO    : Ebv=0.0
04:17 INFO    : Ebv=0.0
04:17 INFO    : Ebv=0.0
04:17 INFO    : Analysis likelihood class: <class 'nmma.em.likelihood.OpticalLightCurve'>
04:17 INFO    : Analysis likelihood class: <class 'nmma.em.likelihood.OpticalLightCurve'>
04:17 INFO    : Analysis likelihood class: <class 'nmma.em.likelihood.OpticalLightCurve'>
04:17 INFO    : Analysis likelihood noise evidence: 0.0
04:17 INFO    : Analysis likelihood noise evidence: 0.0
04:17 INFO    : Analysis likelihood noise evidence: 0.0
04:17 INFO    : KNphi=Uniform(minimum=15.0, maximum=75.0, name='KNphi', latex_label='$\\Phi$', unit=None, boundary=None)
04:17 INFO    : Analysis priors:
04:17 INFO    : log10_mej_dyn=Uniform(minimum=-3.0, maximum=-1.0, name='log10_mej_dyn', latex_label='$\\log_{10}M^{\\rm{dyn}}_{\\rm{ej}}$', unit=None, boundary='reflective')
04:17 INFO    : log10_mej_wind=Uniform(minimum=-3.0, maximum=-0.5, name='log10_mej_wind', latex_label='$\\log_{10}M^{\\rm{wind}}_{\\rm{ej}}$', unit=None, boundary='reflective')
04:17 INFO    : KNphi=Uniform(minimum=15.0, maximum=75.0, name='KNphi', latex_label='$\\Phi$', unit=None, boundary=None)
04:17 INFO    : log10_mej_dyn=Uniform(minimum=-3.0, maximum=-1.0, name='log10_mej_dyn', latex_label='$\\log_{10}M^{\\rm{dyn}}_{\\rm{ej}}$', unit=None, boundary='reflective')
04:17 INFO    : inclination_EM=Sine(minimum=0.0, maximum=1.5707963267948966, name='inclination_EM', latex_label='$\\iota$', unit=None, boundary=None)
04:17 INFO    : log10_mej_wind=Uniform(minimum=-3.0, maximum=-0.5, name='log10_mej_wind', latex_label='$\\log_{10}M^{\\rm{wind}}_{\\rm{ej}}$', unit=None, boundary='reflective')
04:17 INFO    : inclination_EM=Sine(minimum=0.0, maximum=1.5707963267948966, name='inclination_EM', latex_label='$\\iota$', unit=None, boundary=None)
04:17 INFO    : luminosity_distance=LogUniform(minimum=1, maximum=500, name='luminosity_distance', latex_label='$D_L$', unit=None, boundary=None)
04:17 INFO    : timeshift=0.0
04:17 INFO    : luminosity_distance=LogUniform(minimum=1, maximum=500, name='luminosity_distance', latex_label='$D_L$', unit=None, boundary=None)
04:17 INFO    : timeshift=0.0
04:17 INFO    : em_syserr=1.0
04:17 INFO    : Ebv=0.0
04:17 INFO    : em_syserr=1.0
04:17 INFO    : Analysis likelihood class: <class 'nmma.em.likelihood.OpticalLightCurve'>
04:17 INFO    : Analysis likelihood noise evidence: 0.0
04:17 INFO    : Ebv=0.0
04:17 INFO    : Analysis likelihood class: <class 'nmma.em.likelihood.OpticalLightCurve'>
04:17 INFO    : Analysis likelihood noise evidence: 0.0
04:17 INFO    : Analysis priors:
04:17 INFO    : KNphi=Uniform(minimum=15.0, maximum=75.0, name='KNphi', latex_label='$\\Phi$', unit=None, boundary=None)
04:17 INFO    : log10_mej_dyn=Uniform(minimum=-3.0, maximum=-1.0, name='log10_mej_dyn', latex_label='$\\log_{10}M^{\\rm{dyn}}_{\\rm{ej}}$', unit=None, boundary='reflective')
04:17 INFO    : log10_mej_wind=Uniform(minimum=-3.0, maximum=-0.5, name='log10_mej_wind', latex_label='$\\log_{10}M^{\\rm{wind}}_{\\rm{ej}}$', unit=None, boundary='reflective')
04:17 INFO    : inclination_EM=Sine(minimum=0.0, maximum=1.5707963267948966, name='inclination_EM', latex_label='$\\iota$', unit=None, boundary=None)
04:17 INFO    : luminosity_distance=LogUniform(minimum=1, maximum=500, name='luminosity_distance', latex_label='$D_L$', unit=None, boundary=None)
04:17 INFO    : timeshift=0.0
04:17 INFO    : em_syserr=1.0
04:17 INFO    : Ebv=0.0
04:17 INFO    : Analysis likelihood class: <class 'nmma.em.likelihood.OpticalLightCurve'>
04:17 INFO    : Analysis likelihood noise evidence: 0.0
04:17 INFO    : Analysis priors:
04:17 INFO    : KNphi=Uniform(minimum=15.0, maximum=75.0, name='KNphi', latex_label='$\\Phi$', unit=None, boundary=None)
04:17 INFO    : log10_mej_dyn=Uniform(minimum=-3.0, maximum=-1.0, name='log10_mej_dyn', latex_label='$\\log_{10}M^{\\rm{dyn}}_{\\rm{ej}}$', unit=None, boundary='reflective')
04:17 INFO    : log10_mej_wind=Uniform(minimum=-3.0, maximum=-0.5, name='log10_mej_wind', latex_label='$\\log_{10}M^{\\rm{wind}}_{\\rm{ej}}$', unit=None, boundary='reflective')
04:17 INFO    : inclination_EM=Sine(minimum=0.0, maximum=1.5707963267948966, name='inclination_EM', latex_label='$\\iota$', unit=None, boundary=None)
04:17 INFO    : luminosity_distance=LogUniform(minimum=1, maximum=500, name='luminosity_distance', latex_label='$D_L$', unit=None, boundary=None)
04:17 INFO    : timeshift=0.0
04:17 INFO    : em_syserr=1.0
04:17 INFO    : Ebv=0.0
04:17 INFO    : Analysis likelihood class: <class 'nmma.em.likelihood.OpticalLightCurve'>
04:17 INFO    : Analysis likelihood noise evidence: 0.0
04:18 INFO    : Single likelihood evaluation took 4.248e-01 s
04:18 INFO    : Single likelihood evaluation took 4.252e-01 s
04:18 INFO    : Single likelihood evaluation took 4.260e-01 s
04:18 INFO    : Single likelihood evaluation took 4.270e-01 s
04:18 WARNING : Supplied argument 'queue_size' not an argument of 'Pymultinest', removing.
04:18 WARNING : Supplied argument 'check_point_delta_t' not an argument of 'Pymultinest', removing.
04:18 INFO    : Using sampler Pymultinest with kwargs {'importance_nested_sampling': False, 'resume': True, 'verbose': True, 'sampling_efficiency': 'parameter', 'n_live_points': 2048, 'n_params': 5, 'n_clustering_params': None, 'wrapped_params': None, 'multimodal': True, 'const_efficiency_mode': False, 'evidence_tolerance': 0.5, 'n_iter_before_update': 100, 'null_log_evidence': -1e+90, 'max_modes': 100, 'mode_tolerance': -1e+90, 'seed': 42, 'context': 0, 'write_output': True, 'log_zero': -1e+100, 'max_iter': 0, 'init_MPI': False, 'dump_callback': <bound method Pymultinest._dump_callback of <bilby.core.sampler.pymultinest.Pymultinest object at 0x155500fd7b20>>}
04:18 INFO    : Temporary directory incompatible with MPI, will run in original directory
04:18 WARNING : Supplied argument 'queue_size' not an argument of 'Pymultinest', removing.
04:18 WARNING : Supplied argument 'check_point_delta_t' not an argument of 'Pymultinest', removing.
04:18 INFO    : Using output file outdirBNSBu32cores/pm_InjectionRecoveryIterations/
04:18 INFO    : Using sampler Pymultinest with kwargs {'importance_nested_sampling': False, 'resume': True, 'verbose': True, 'sampling_efficiency': 'parameter', 'n_live_points': 2048, 'n_params': 5, 'n_clustering_params': None, 'wrapped_params': None, 'multimodal': True, 'const_efficiency_mode': False, 'evidence_tolerance': 0.5, 'n_iter_before_update': 100, 'null_log_evidence': -1e+90, 'max_modes': 100, 'mode_tolerance': -1e+90, 'seed': 42, 'context': 0, 'write_output': True, 'log_zero': -1e+100, 'max_iter': 0, 'init_MPI': False, 'dump_callback': <bound method Pymultinest._dump_callback of <bilby.core.sampler.pymultinest.Pymultinest object at 0x155500fdf8b0>>}
04:18 INFO    : Single likelihood evaluation took 4.296e-01 s
04:18 INFO    : Temporary directory incompatible with MPI, will run in original directory
04:18 INFO    : Using output file outdirBNSBu32cores/pm_InjectionRecoveryIterations/
04:18 INFO    : Single likelihood evaluation took 4.296e-01 s
04:18 INFO    : Single likelihood evaluation took 4.296e-01 s
04:18 WARNING : Supplied argument 'queue_size' not an argument of 'Pymultinest', removing.
04:18 WARNING : Supplied argument 'check_point_delta_t' not an argument of 'Pymultinest', removing.
04:18 INFO    : Using sampler Pymultinest with kwargs {'importance_nested_sampling': False, 'resume': True, 'verbose': True, 'sampling_efficiency': 'parameter', 'n_live_points': 2048, 'n_params': 5, 'n_clustering_params': None, 'wrapped_params': None, 'multimodal': True, 'const_efficiency_mode': False, 'evidence_tolerance': 0.5, 'n_iter_before_update': 100, 'null_log_evidence': -1e+90, 'max_modes': 100, 'mode_tolerance': -1e+90, 'seed': 42, 'context': 0, 'write_output': True, 'log_zero': -1e+100, 'max_iter': 0, 'init_MPI': False, 'dump_callback': <bound method Pymultinest._dump_callback of <bilby.core.sampler.pymultinest.Pymultinest object at 0x155500fe38b0>>}
04:18 INFO    : Temporary directory incompatible with MPI, will run in original directory
04:18 INFO    : Using output file outdirBNSBu32cores/pm_InjectionRecoveryIterations/
04:18 WARNING : Supplied argument 'queue_size' not an argument of 'Pymultinest', removing.
04:18 WARNING : Supplied argument 'check_point_delta_t' not an argument of 'Pymultinest', removing.
04:18 INFO    : Using sampler Pymultinest with kwargs {'importance_nested_sampling': False, 'resume': True, 'verbose': True, 'sampling_efficiency': 'parameter', 'n_live_points': 2048, 'n_params': 5, 'n_clustering_params': None, 'wrapped_params': None, 'multimodal': True, 'const_efficiency_mode': False, 'evidence_tolerance': 0.5, 'n_iter_before_update': 100, 'null_log_evidence': -1e+90, 'max_modes': 100, 'mode_tolerance': -1e+90, 'seed': 42, 'context': 0, 'write_output': True, 'log_zero': -1e+100, 'max_iter': 0, 'init_MPI': False, 'dump_callback': <bound method Pymultinest._dump_callback of <bilby.core.sampler.pymultinest.Pymultinest object at 0x155500fdf9d0>>}
04:18 INFO    : Temporary directory incompatible with MPI, will run in original directory
04:18 INFO    : Using output file outdirBNSBu32cores/pm_InjectionRecoveryIterations/
04:18 INFO    : Single likelihood evaluation took 4.305e-01 s
04:18 INFO    : Single likelihood evaluation took 4.307e-01 s
04:18 INFO    : Single likelihood evaluation took 4.306e-01 s
04:18 INFO    : Single likelihood evaluation took 4.308e-01 s
04:18 INFO    : Single likelihood evaluation took 4.308e-01 s
04:18 INFO    : Single likelihood evaluation took 4.312e-01 s
04:18 INFO    : Single likelihood evaluation took 4.319e-01 s
04:18 INFO    : Single likelihood evaluation took 4.323e-01 s
04:18 WARNING : Supplied argument 'queue_size' not an argument of 'Pymultinest', removing.
04:18 WARNING : Supplied argument 'check_point_delta_t' not an argument of 'Pymultinest', removing.
04:18 INFO    : Using sampler Pymultinest with kwargs {'importance_nested_sampling': False, 'resume': True, 'verbose': True, 'sampling_efficiency': 'parameter', 'n_live_points': 2048, 'n_params': 5, 'n_clustering_params': None, 'wrapped_params': None, 'multimodal': True, 'const_efficiency_mode': False, 'evidence_tolerance': 0.5, 'n_iter_before_update': 100, 'null_log_evidence': -1e+90, 'max_modes': 100, 'mode_tolerance': -1e+90, 'seed': 42, 'context': 0, 'write_output': True, 'log_zero': -1e+100, 'max_iter': 0, 'init_MPI': False, 'dump_callback': <bound method Pymultinest._dump_callback of <bilby.core.sampler.pymultinest.Pymultinest object at 0x155500fdf340>>}
04:18 INFO    : Temporary directory incompatible with MPI, will run in original directory
04:18 INFO    : Using output file outdirBNSBu32cores/pm_InjectionRecoveryIterations/
04:18 INFO    : Single likelihood evaluation took 4.306e-01 s
04:18 WARNING : Supplied argument 'queue_size' not an argument of 'Pymultinest', removing.
04:18 WARNING : Supplied argument 'check_point_delta_t' not an argument of 'Pymultinest', removing.
04:18 INFO    : Using sampler Pymultinest with kwargs {'importance_nested_sampling': False, 'resume': True, 'verbose': True, 'sampling_efficiency': 'parameter', 'n_live_points': 2048, 'n_params': 5, 'n_clustering_params': None, 'wrapped_params': None, 'multimodal': True, 'const_efficiency_mode': False, 'evidence_tolerance': 0.5, 'n_iter_before_update': 100, 'null_log_evidence': -1e+90, 'max_modes': 100, 'mode_tolerance': -1e+90, 'seed': 42, 'context': 0, 'write_output': True, 'log_zero': -1e+100, 'max_iter': 0, 'init_MPI': False, 'dump_callback': <bound method Pymultinest._dump_callback of <bilby.core.sampler.pymultinest.Pymultinest object at 0x155500fdbb80>>}
04:18 INFO    : Temporary directory incompatible with MPI, will run in original directory
04:18 INFO    : Using output file outdirBNSBu32cores/pm_InjectionRecoveryIterations/
04:18 WARNING : Supplied argument 'queue_size' not an argument of 'Pymultinest', removing.
04:18 WARNING : Supplied argument 'check_point_delta_t' not an argument of 'Pymultinest', removing.
04:18 INFO    : Using sampler Pymultinest with kwargs {'importance_nested_sampling': False, 'resume': True, 'verbose': True, 'sampling_efficiency': 'parameter', 'n_live_points': 2048, 'n_params': 5, 'n_clustering_params': None, 'wrapped_params': None, 'multimodal': True, 'const_efficiency_mode': False, 'evidence_tolerance': 0.5, 'n_iter_before_update': 100, 'null_log_evidence': -1e+90, 'max_modes': 100, 'mode_tolerance': -1e+90, 'seed': 42, 'context': 0, 'write_output': True, 'log_zero': -1e+100, 'max_iter': 0, 'init_MPI': False, 'dump_callback': <bound method Pymultinest._dump_callback of <bilby.core.sampler.pymultinest.Pymultinest object at 0x155500fdb580>>}
04:18 INFO    : Temporary directory incompatible with MPI, will run in original directory
04:18 INFO    : Using output file outdirBNSBu32cores/pm_InjectionRecoveryIterations/
04:18 WARNING : Supplied argument 'queue_size' not an argument of 'Pymultinest', removing.
04:18 WARNING : Supplied argument 'check_point_delta_t' not an argument of 'Pymultinest', removing.
04:18 INFO    : Using sampler Pymultinest with kwargs {'importance_nested_sampling': False, 'resume': True, 'verbose': True, 'sampling_efficiency': 'parameter', 'n_live_points': 2048, 'n_params': 5, 'n_clustering_params': None, 'wrapped_params': None, 'multimodal': True, 'const_efficiency_mode': False, 'evidence_tolerance': 0.5, 'n_iter_before_update': 100, 'null_log_evidence': -1e+90, 'max_modes': 100, 'mode_tolerance': -1e+90, 'seed': 42, 'context': 0, 'write_output': True, 'log_zero': -1e+100, 'max_iter': 0, 'init_MPI': False, 'dump_callback': <bound method Pymultinest._dump_callback of <bilby.core.sampler.pymultinest.Pymultinest object at 0x155500fdfb80>>}
04:18 INFO    : Temporary directory incompatible with MPI, will run in original directory
04:18 INFO    : Using output file outdirBNSBu32cores/pm_InjectionRecoveryIterations/
04:18 WARNING : Supplied argument 'queue_size' not an argument of 'Pymultinest', removing.
04:18 WARNING : Supplied argument 'check_point_delta_t' not an argument of 'Pymultinest', removing.
04:18 INFO    : Using sampler Pymultinest with kwargs {'importance_nested_sampling': False, 'resume': True, 'verbose': True, 'sampling_efficiency': 'parameter', 'n_live_points': 2048, 'n_params': 5, 'n_clustering_params': None, 'wrapped_params': None, 'multimodal': True, 'const_efficiency_mode': False, 'evidence_tolerance': 0.5, 'n_iter_before_update': 100, 'null_log_evidence': -1e+90, 'max_modes': 100, 'mode_tolerance': -1e+90, 'seed': 42, 'context': 0, 'write_output': True, 'log_zero': -1e+100, 'max_iter': 0, 'init_MPI': False, 'dump_callback': <bound method Pymultinest._dump_callback of <bilby.core.sampler.pymultinest.Pymultinest object at 0x155500fe37c0>>}
04:18 INFO    : Single likelihood evaluation took 4.334e-01 s
04:18 INFO    : Temporary directory incompatible with MPI, will run in original directory
04:18 INFO    : Using output file outdirBNSBu32cores/pm_InjectionRecoveryIterations/
04:18 WARNING : Supplied argument 'queue_size' not an argument of 'Pymultinest', removing.
04:18 WARNING : Supplied argument 'check_point_delta_t' not an argument of 'Pymultinest', removing.
04:18 INFO    : Using sampler Pymultinest with kwargs {'importance_nested_sampling': False, 'resume': True, 'verbose': True, 'sampling_efficiency': 'parameter', 'n_live_points': 2048, 'n_params': 5, 'n_clustering_params': None, 'wrapped_params': None, 'multimodal': True, 'const_efficiency_mode': False, 'evidence_tolerance': 0.5, 'n_iter_before_update': 100, 'null_log_evidence': -1e+90, 'max_modes': 100, 'mode_tolerance': -1e+90, 'seed': 42, 'context': 0, 'write_output': True, 'log_zero': -1e+100, 'max_iter': 0, 'init_MPI': False, 'dump_callback': <bound method Pymultinest._dump_callback of <bilby.core.sampler.pymultinest.Pymultinest object at 0x155500fdf5e0>>}
04:18 INFO    : Temporary directory incompatible with MPI, will run in original directory
04:18 INFO    : Using output file outdirBNSBu32cores/pm_InjectionRecoveryIterations/
04:18 WARNING : Supplied argument 'queue_size' not an argument of 'Pymultinest', removing.
04:18 WARNING : Supplied argument 'check_point_delta_t' not an argument of 'Pymultinest', removing.
04:18 INFO    : Using sampler Pymultinest with kwargs {'importance_nested_sampling': False, 'resume': True, 'verbose': True, 'sampling_efficiency': 'parameter', 'n_live_points': 2048, 'n_params': 5, 'n_clustering_params': None, 'wrapped_params': None, 'multimodal': True, 'const_efficiency_mode': False, 'evidence_tolerance': 0.5, 'n_iter_before_update': 100, 'null_log_evidence': -1e+90, 'max_modes': 100, 'mode_tolerance': -1e+90, 'seed': 42, 'context': 0, 'write_output': True, 'log_zero': -1e+100, 'max_iter': 0, 'init_MPI': False, 'dump_callback': <bound method Pymultinest._dump_callback of <bilby.core.sampler.pymultinest.Pymultinest object at 0x155500fe3250>>}
04:18 INFO    : Temporary directory incompatible with MPI, will run in original directory
04:18 INFO    : Using output file outdirBNSBu32cores/pm_InjectionRecoveryIterations/
04:18 WARNING : Supplied argument 'queue_size' not an argument of 'Pymultinest', removing.
04:18 WARNING : Supplied argument 'check_point_delta_t' not an argument of 'Pymultinest', removing.
04:18 INFO    : Using sampler Pymultinest with kwargs {'importance_nested_sampling': False, 'resume': True, 'verbose': True, 'sampling_efficiency': 'parameter', 'n_live_points': 2048, 'n_params': 5, 'n_clustering_params': None, 'wrapped_params': None, 'multimodal': True, 'const_efficiency_mode': False, 'evidence_tolerance': 0.5, 'n_iter_before_update': 100, 'null_log_evidence': -1e+90, 'max_modes': 100, 'mode_tolerance': -1e+90, 'seed': 42, 'context': 0, 'write_output': True, 'log_zero': -1e+100, 'max_iter': 0, 'init_MPI': False, 'dump_callback': <bound method Pymultinest._dump_callback of <bilby.core.sampler.pymultinest.Pymultinest object at 0x155500fd7ac0>>}
04:18 INFO    : Temporary directory incompatible with MPI, will run in original directory
04:18 INFO    : Using output file outdirBNSBu32cores/pm_InjectionRecoveryIterations/
04:18 WARNING : Supplied argument 'queue_size' not an argument of 'Pymultinest', removing.
04:18 WARNING : Supplied argument 'check_point_delta_t' not an argument of 'Pymultinest', removing.
04:18 INFO    : Using sampler Pymultinest with kwargs {'importance_nested_sampling': False, 'resume': True, 'verbose': True, 'sampling_efficiency': 'parameter', 'n_live_points': 2048, 'n_params': 5, 'n_clustering_params': None, 'wrapped_params': None, 'multimodal': True, 'const_efficiency_mode': False, 'evidence_tolerance': 0.5, 'n_iter_before_update': 100, 'null_log_evidence': -1e+90, 'max_modes': 100, 'mode_tolerance': -1e+90, 'seed': 42, 'context': 0, 'write_output': True, 'log_zero': -1e+100, 'max_iter': 0, 'init_MPI': False, 'dump_callback': <bound method Pymultinest._dump_callback of <bilby.core.sampler.pymultinest.Pymultinest object at 0x155500fdfa30>>}
04:18 INFO    : Temporary directory incompatible with MPI, will run in original directory
04:18 INFO    : Using output file outdirBNSBu32cores/pm_InjectionRecoveryIterations/
04:18 INFO    : Single likelihood evaluation took 4.339e-01 s
04:18 INFO    : Single likelihood evaluation took 4.340e-01 s
04:18 WARNING : Supplied argument 'queue_size' not an argument of 'Pymultinest', removing.
04:18 WARNING : Supplied argument 'check_point_delta_t' not an argument of 'Pymultinest', removing.
04:18 INFO    : Using sampler Pymultinest with kwargs {'importance_nested_sampling': False, 'resume': True, 'verbose': True, 'sampling_efficiency': 'parameter', 'n_live_points': 2048, 'n_params': 5, 'n_clustering_params': None, 'wrapped_params': None, 'multimodal': True, 'const_efficiency_mode': False, 'evidence_tolerance': 0.5, 'n_iter_before_update': 100, 'null_log_evidence': -1e+90, 'max_modes': 100, 'mode_tolerance': -1e+90, 'seed': 42, 'context': 0, 'write_output': True, 'log_zero': -1e+100, 'max_iter': 0, 'init_MPI': False, 'dump_callback': <bound method Pymultinest._dump_callback of <bilby.core.sampler.pymultinest.Pymultinest object at 0x155500fdf970>>}
04:18 INFO    : Temporary directory incompatible with MPI, will run in original directory
04:18 INFO    : Using output file outdirBNSBu32cores/pm_InjectionRecoveryIterations/
04:18 WARNING : Supplied argument 'queue_size' not an argument of 'Pymultinest', removing.
04:18 WARNING : Supplied argument 'check_point_delta_t' not an argument of 'Pymultinest', removing.
04:18 INFO    : Using sampler Pymultinest with kwargs {'importance_nested_sampling': False, 'resume': True, 'verbose': True, 'sampling_efficiency': 'parameter', 'n_live_points': 2048, 'n_params': 5, 'n_clustering_params': None, 'wrapped_params': None, 'multimodal': True, 'const_efficiency_mode': False, 'evidence_tolerance': 0.5, 'n_iter_before_update': 100, 'null_log_evidence': -1e+90, 'max_modes': 100, 'mode_tolerance': -1e+90, 'seed': 42, 'context': 0, 'write_output': True, 'log_zero': -1e+100, 'max_iter': 0, 'init_MPI': False, 'dump_callback': <bound method Pymultinest._dump_callback of <bilby.core.sampler.pymultinest.Pymultinest object at 0x155500fdfaf0>>}
04:18 INFO    : Temporary directory incompatible with MPI, will run in original directory
04:18 INFO    : Using output file outdirBNSBu32cores/pm_InjectionRecoveryIterations/
04:18 INFO    : Single likelihood evaluation took 4.348e-01 s
04:18 INFO    : Single likelihood evaluation took 4.345e-01 s
04:18 WARNING : Supplied argument 'queue_size' not an argument of 'Pymultinest', removing.
04:18 WARNING : Supplied argument 'check_point_delta_t' not an argument of 'Pymultinest', removing.
04:18 INFO    : Using sampler Pymultinest with kwargs {'importance_nested_sampling': False, 'resume': True, 'verbose': True, 'sampling_efficiency': 'parameter', 'n_live_points': 2048, 'n_params': 5, 'n_clustering_params': None, 'wrapped_params': None, 'multimodal': True, 'const_efficiency_mode': False, 'evidence_tolerance': 0.5, 'n_iter_before_update': 100, 'null_log_evidence': -1e+90, 'max_modes': 100, 'mode_tolerance': -1e+90, 'seed': 42, 'context': 0, 'write_output': True, 'log_zero': -1e+100, 'max_iter': 0, 'init_MPI': False, 'dump_callback': <bound method Pymultinest._dump_callback of <bilby.core.sampler.pymultinest.Pymultinest object at 0x155500fdf9d0>>}
04:18 INFO    : Temporary directory incompatible with MPI, will run in original directory
04:18 INFO    : Using output file outdirBNSBu32cores/pm_InjectionRecoveryIterations/
04:18 INFO    : Single likelihood evaluation took 4.360e-01 s
04:18 INFO    : Single likelihood evaluation took 4.360e-01 s
04:18 WARNING : Supplied argument 'queue_size' not an argument of 'Pymultinest', removing.
04:18 WARNING : Supplied argument 'check_point_delta_t' not an argument of 'Pymultinest', removing.
04:18 INFO    : Using sampler Pymultinest with kwargs {'importance_nested_sampling': False, 'resume': True, 'verbose': True, 'sampling_efficiency': 'parameter', 'n_live_points': 2048, 'n_params': 5, 'n_clustering_params': None, 'wrapped_params': None, 'multimodal': True, 'const_efficiency_mode': False, 'evidence_tolerance': 0.5, 'n_iter_before_update': 100, 'null_log_evidence': -1e+90, 'max_modes': 100, 'mode_tolerance': -1e+90, 'seed': 42, 'context': 0, 'write_output': True, 'log_zero': -1e+100, 'max_iter': 0, 'init_MPI': False, 'dump_callback': <bound method Pymultinest._dump_callback of <bilby.core.sampler.pymultinest.Pymultinest object at 0x155500fdf880>>}
04:18 INFO    : Temporary directory incompatible with MPI, will run in original directory
04:18 INFO    : Using output file outdirBNSBu32cores/pm_InjectionRecoveryIterations/
04:18 INFO    : Single likelihood evaluation took 4.368e-01 s
04:18 INFO    : Single likelihood evaluation took 4.371e-01 s
04:18 WARNING : Supplied argument 'queue_size' not an argument of 'Pymultinest', removing.
04:18 WARNING : Supplied argument 'check_point_delta_t' not an argument of 'Pymultinest', removing.
04:18 INFO    : Using sampler Pymultinest with kwargs {'importance_nested_sampling': False, 'resume': True, 'verbose': True, 'sampling_efficiency': 'parameter', 'n_live_points': 2048, 'n_params': 5, 'n_clustering_params': None, 'wrapped_params': None, 'multimodal': True, 'const_efficiency_mode': False, 'evidence_tolerance': 0.5, 'n_iter_before_update': 100, 'null_log_evidence': -1e+90, 'max_modes': 100, 'mode_tolerance': -1e+90, 'seed': 42, 'context': 0, 'write_output': True, 'log_zero': -1e+100, 'max_iter': 0, 'init_MPI': False, 'dump_callback': <bound method Pymultinest._dump_callback of <bilby.core.sampler.pymultinest.Pymultinest object at 0x155500fe7730>>}
04:18 INFO    : Temporary directory incompatible with MPI, will run in original directory
04:18 INFO    : Using output file outdirBNSBu32cores/pm_InjectionRecoveryIterations/
04:18 WARNING : Supplied argument 'queue_size' not an argument of 'Pymultinest', removing.
04:18 WARNING : Supplied argument 'check_point_delta_t' not an argument of 'Pymultinest', removing.
04:18 INFO    : Using sampler Pymultinest with kwargs {'importance_nested_sampling': False, 'resume': True, 'verbose': True, 'sampling_efficiency': 'parameter', 'n_live_points': 2048, 'n_params': 5, 'n_clustering_params': None, 'wrapped_params': None, 'multimodal': True, 'const_efficiency_mode': False, 'evidence_tolerance': 0.5, 'n_iter_before_update': 100, 'null_log_evidence': -1e+90, 'max_modes': 100, 'mode_tolerance': -1e+90, 'seed': 42, 'context': 0, 'write_output': True, 'log_zero': -1e+100, 'max_iter': 0, 'init_MPI': False, 'dump_callback': <bound method Pymultinest._dump_callback of <bilby.core.sampler.pymultinest.Pymultinest object at 0x155500fdf550>>}
04:18 INFO    : Temporary directory incompatible with MPI, will run in original directory
04:18 INFO    : Using output file outdirBNSBu32cores/pm_InjectionRecoveryIterations/
04:18 WARNING : Supplied argument 'queue_size' not an argument of 'Pymultinest', removing.
04:18 WARNING : Supplied argument 'check_point_delta_t' not an argument of 'Pymultinest', removing.
04:18 INFO    : Using sampler Pymultinest with kwargs {'importance_nested_sampling': False, 'resume': True, 'verbose': True, 'sampling_efficiency': 'parameter', 'n_live_points': 2048, 'n_params': 5, 'n_clustering_params': None, 'wrapped_params': None, 'multimodal': True, 'const_efficiency_mode': False, 'evidence_tolerance': 0.5, 'n_iter_before_update': 100, 'null_log_evidence': -1e+90, 'max_modes': 100, 'mode_tolerance': -1e+90, 'seed': 42, 'context': 0, 'write_output': True, 'log_zero': -1e+100, 'max_iter': 0, 'init_MPI': False, 'dump_callback': <bound method Pymultinest._dump_callback of <bilby.core.sampler.pymultinest.Pymultinest object at 0x155500fe3760>>}
04:18 INFO    : Temporary directory incompatible with MPI, will run in original directory
04:18 INFO    : Using output file outdirBNSBu32cores/pm_InjectionRecoveryIterations/
04:18 INFO    : Single likelihood evaluation took 4.351e-01 s
04:18 WARNING : Supplied argument 'queue_size' not an argument of 'Pymultinest', removing.
04:18 WARNING : Supplied argument 'check_point_delta_t' not an argument of 'Pymultinest', removing.
04:18 INFO    : Using sampler Pymultinest with kwargs {'importance_nested_sampling': False, 'resume': True, 'verbose': True, 'sampling_efficiency': 'parameter', 'n_live_points': 2048, 'n_params': 5, 'n_clustering_params': None, 'wrapped_params': None, 'multimodal': True, 'const_efficiency_mode': False, 'evidence_tolerance': 0.5, 'n_iter_before_update': 100, 'null_log_evidence': -1e+90, 'max_modes': 100, 'mode_tolerance': -1e+90, 'seed': 42, 'context': 0, 'write_output': True, 'log_zero': -1e+100, 'max_iter': 0, 'init_MPI': False, 'dump_callback': <bound method Pymultinest._dump_callback of <bilby.core.sampler.pymultinest.Pymultinest object at 0x155500fdbac0>>}
04:18 INFO    : Temporary directory incompatible with MPI, will run in original directory
04:18 INFO    : Using output file outdirBNSBu32cores/pm_InjectionRecoveryIterations/
04:18 INFO    : Single likelihood evaluation took 4.386e-01 s
04:18 INFO    : Single likelihood evaluation took 4.379e-01 s
04:18 INFO    : Single likelihood evaluation took 4.382e-01 s
04:18 INFO    : Single likelihood evaluation took 4.388e-01 s
04:18 WARNING : Supplied argument 'queue_size' not an argument of 'Pymultinest', removing.
04:18 WARNING : Supplied argument 'check_point_delta_t' not an argument of 'Pymultinest', removing.
04:18 INFO    : Using sampler Pymultinest with kwargs {'importance_nested_sampling': False, 'resume': True, 'verbose': True, 'sampling_efficiency': 'parameter', 'n_live_points': 2048, 'n_params': 5, 'n_clustering_params': None, 'wrapped_params': None, 'multimodal': True, 'const_efficiency_mode': False, 'evidence_tolerance': 0.5, 'n_iter_before_update': 100, 'null_log_evidence': -1e+90, 'max_modes': 100, 'mode_tolerance': -1e+90, 'seed': 42, 'context': 0, 'write_output': True, 'log_zero': -1e+100, 'max_iter': 0, 'init_MPI': False, 'dump_callback': <bound method Pymultinest._dump_callback of <bilby.core.sampler.pymultinest.Pymultinest object at 0x155500fdba90>>}
04:18 INFO    : Single likelihood evaluation took 4.387e-01 s
04:18 INFO    : Single likelihood evaluation took 4.385e-01 s
04:18 INFO    : Temporary directory incompatible with MPI, will run in original directory
04:18 INFO    : Using output file outdirBNSBu32cores/pm_InjectionRecoveryIterations/
04:18 WARNING : Supplied argument 'queue_size' not an argument of 'Pymultinest', removing.
04:18 WARNING : Supplied argument 'check_point_delta_t' not an argument of 'Pymultinest', removing.
04:18 INFO    : Using sampler Pymultinest with kwargs {'importance_nested_sampling': False, 'resume': True, 'verbose': True, 'sampling_efficiency': 'parameter', 'n_live_points': 2048, 'n_params': 5, 'n_clustering_params': None, 'wrapped_params': None, 'multimodal': True, 'const_efficiency_mode': False, 'evidence_tolerance': 0.5, 'n_iter_before_update': 100, 'null_log_evidence': -1e+90, 'max_modes': 100, 'mode_tolerance': -1e+90, 'seed': 42, 'context': 0, 'write_output': True, 'log_zero': -1e+100, 'max_iter': 0, 'init_MPI': False, 'dump_callback': <bound method Pymultinest._dump_callback of <bilby.core.sampler.pymultinest.Pymultinest object at 0x155500fdfaf0>>}
04:18 INFO    : Temporary directory incompatible with MPI, will run in original directory
04:18 INFO    : Using output file outdirBNSBu32cores/pm_InjectionRecoveryIterations/
04:18 WARNING : Supplied argument 'queue_size' not an argument of 'Pymultinest', removing.
04:18 WARNING : Supplied argument 'check_point_delta_t' not an argument of 'Pymultinest', removing.
04:18 INFO    : Using sampler Pymultinest with kwargs {'importance_nested_sampling': False, 'resume': True, 'verbose': True, 'sampling_efficiency': 'parameter', 'n_live_points': 2048, 'n_params': 5, 'n_clustering_params': None, 'wrapped_params': None, 'multimodal': True, 'const_efficiency_mode': False, 'evidence_tolerance': 0.5, 'n_iter_before_update': 100, 'null_log_evidence': -1e+90, 'max_modes': 100, 'mode_tolerance': -1e+90, 'seed': 42, 'context': 0, 'write_output': True, 'log_zero': -1e+100, 'max_iter': 0, 'init_MPI': False, 'dump_callback': <bound method Pymultinest._dump_callback of <bilby.core.sampler.pymultinest.Pymultinest object at 0x155500fdf010>>}
04:18 INFO    : Temporary directory incompatible with MPI, will run in original directory
04:18 INFO    : Using output file outdirBNSBu32cores/pm_InjectionRecoveryIterations/
04:18 WARNING : Supplied argument 'queue_size' not an argument of 'Pymultinest', removing.
04:18 WARNING : Supplied argument 'check_point_delta_t' not an argument of 'Pymultinest', removing.
04:18 INFO    : Using sampler Pymultinest with kwargs {'importance_nested_sampling': False, 'resume': True, 'verbose': True, 'sampling_efficiency': 'parameter', 'n_live_points': 2048, 'n_params': 5, 'n_clustering_params': None, 'wrapped_params': None, 'multimodal': True, 'const_efficiency_mode': False, 'evidence_tolerance': 0.5, 'n_iter_before_update': 100, 'null_log_evidence': -1e+90, 'max_modes': 100, 'mode_tolerance': -1e+90, 'seed': 42, 'context': 0, 'write_output': True, 'log_zero': -1e+100, 'max_iter': 0, 'init_MPI': False, 'dump_callback': <bound method Pymultinest._dump_callback of <bilby.core.sampler.pymultinest.Pymultinest object at 0x155500fe3700>>}
04:18 INFO    : Temporary directory incompatible with MPI, will run in original directory
04:18 INFO    : Using output file outdirBNSBu32cores/pm_InjectionRecoveryIterations/
04:18 WARNING : Supplied argument 'queue_size' not an argument of 'Pymultinest', removing.
04:18 WARNING : Supplied argument 'check_point_delta_t' not an argument of 'Pymultinest', removing.
04:18 INFO    : Using sampler Pymultinest with kwargs {'importance_nested_sampling': False, 'resume': True, 'verbose': True, 'sampling_efficiency': 'parameter', 'n_live_points': 2048, 'n_params': 5, 'n_clustering_params': None, 'wrapped_params': None, 'multimodal': True, 'const_efficiency_mode': False, 'evidence_tolerance': 0.5, 'n_iter_before_update': 100, 'null_log_evidence': -1e+90, 'max_modes': 100, 'mode_tolerance': -1e+90, 'seed': 42, 'context': 0, 'write_output': True, 'log_zero': -1e+100, 'max_iter': 0, 'init_MPI': False, 'dump_callback': <bound method Pymultinest._dump_callback of <bilby.core.sampler.pymultinest.Pymultinest object at 0x155500fdf8b0>>}
04:18 INFO    : Temporary directory incompatible with MPI, will run in original directory
04:18 INFO    : Using output file outdirBNSBu32cores/pm_InjectionRecoveryIterations/
04:18 WARNING : Supplied argument 'queue_size' not an argument of 'Pymultinest', removing.
04:18 WARNING : Supplied argument 'check_point_delta_t' not an argument of 'Pymultinest', removing.
04:18 INFO    : Using sampler Pymultinest with kwargs {'importance_nested_sampling': False, 'resume': True, 'verbose': True, 'sampling_efficiency': 'parameter', 'n_live_points': 2048, 'n_params': 5, 'n_clustering_params': None, 'wrapped_params': None, 'multimodal': True, 'const_efficiency_mode': False, 'evidence_tolerance': 0.5, 'n_iter_before_update': 100, 'null_log_evidence': -1e+90, 'max_modes': 100, 'mode_tolerance': -1e+90, 'seed': 42, 'context': 0, 'write_output': True, 'log_zero': -1e+100, 'max_iter': 0, 'init_MPI': False, 'dump_callback': <bound method Pymultinest._dump_callback of <bilby.core.sampler.pymultinest.Pymultinest object at 0x155500fe36d0>>}
04:18 INFO    : Temporary directory incompatible with MPI, will run in original directory
04:18 WARNING : Supplied argument 'queue_size' not an argument of 'Pymultinest', removing.
04:18 WARNING : Supplied argument 'check_point_delta_t' not an argument of 'Pymultinest', removing.
04:18 INFO    : Using output file outdirBNSBu32cores/pm_InjectionRecoveryIterations/
04:18 INFO    : Using sampler Pymultinest with kwargs {'importance_nested_sampling': False, 'resume': True, 'verbose': True, 'sampling_efficiency': 'parameter', 'n_live_points': 2048, 'n_params': 5, 'n_clustering_params': None, 'wrapped_params': None, 'multimodal': True, 'const_efficiency_mode': False, 'evidence_tolerance': 0.5, 'n_iter_before_update': 100, 'null_log_evidence': -1e+90, 'max_modes': 100, 'mode_tolerance': -1e+90, 'seed': 42, 'context': 0, 'write_output': True, 'log_zero': -1e+100, 'max_iter': 0, 'init_MPI': False, 'dump_callback': <bound method Pymultinest._dump_callback of <bilby.core.sampler.pymultinest.Pymultinest object at 0x155500fdfac0>>}
04:18 INFO    : Temporary directory incompatible with MPI, will run in original directory
04:18 INFO    : Using output file outdirBNSBu32cores/pm_InjectionRecoveryIterations/
04:18 WARNING : Supplied argument 'queue_size' not an argument of 'Pymultinest', removing.
04:18 WARNING : Supplied argument 'check_point_delta_t' not an argument of 'Pymultinest', removing.
04:18 INFO    : Using sampler Pymultinest with kwargs {'importance_nested_sampling': False, 'resume': True, 'verbose': True, 'sampling_efficiency': 'parameter', 'n_live_points': 2048, 'n_params': 5, 'n_clustering_params': None, 'wrapped_params': None, 'multimodal': True, 'const_efficiency_mode': False, 'evidence_tolerance': 0.5, 'n_iter_before_update': 100, 'null_log_evidence': -1e+90, 'max_modes': 100, 'mode_tolerance': -1e+90, 'seed': 42, 'context': 0, 'write_output': True, 'log_zero': -1e+100, 'max_iter': 0, 'init_MPI': False, 'dump_callback': <bound method Pymultinest._dump_callback of <bilby.core.sampler.pymultinest.Pymultinest object at 0x155500fe77c0>>}
04:18 INFO    : Temporary directory incompatible with MPI, will run in original directory
04:18 INFO    : Using output file outdirBNSBu32cores/pm_InjectionRecoveryIterations/
04:18 WARNING : Supplied argument 'queue_size' not an argument of 'Pymultinest', removing.
04:18 WARNING : Supplied argument 'check_point_delta_t' not an argument of 'Pymultinest', removing.
04:18 INFO    : Using sampler Pymultinest with kwargs {'importance_nested_sampling': False, 'resume': True, 'verbose': True, 'sampling_efficiency': 'parameter', 'n_live_points': 2048, 'n_params': 5, 'n_clustering_params': None, 'wrapped_params': None, 'multimodal': True, 'const_efficiency_mode': False, 'evidence_tolerance': 0.5, 'n_iter_before_update': 100, 'null_log_evidence': -1e+90, 'max_modes': 100, 'mode_tolerance': -1e+90, 'seed': 42, 'context': 0, 'write_output': True, 'log_zero': -1e+100, 'max_iter': 0, 'init_MPI': False, 'dump_callback': <bound method Pymultinest._dump_callback of <bilby.core.sampler.pymultinest.Pymultinest object at 0x155500fe37c0>>}
04:18 INFO    : Temporary directory incompatible with MPI, will run in original directory
04:18 INFO    : Using output file outdirBNSBu32cores/pm_InjectionRecoveryIterations/
04:18 WARNING : Supplied argument 'queue_size' not an argument of 'Pymultinest', removing.
04:18 WARNING : Supplied argument 'queue_size' not an argument of 'Pymultinest', removing.
04:18 WARNING : Supplied argument 'check_point_delta_t' not an argument of 'Pymultinest', removing.
04:18 WARNING : Supplied argument 'check_point_delta_t' not an argument of 'Pymultinest', removing.
04:18 INFO    : Using sampler Pymultinest with kwargs {'importance_nested_sampling': False, 'resume': True, 'verbose': True, 'sampling_efficiency': 'parameter', 'n_live_points': 2048, 'n_params': 5, 'n_clustering_params': None, 'wrapped_params': None, 'multimodal': True, 'const_efficiency_mode': False, 'evidence_tolerance': 0.5, 'n_iter_before_update': 100, 'null_log_evidence': -1e+90, 'max_modes': 100, 'mode_tolerance': -1e+90, 'seed': 42, 'context': 0, 'write_output': True, 'log_zero': -1e+100, 'max_iter': 0, 'init_MPI': False, 'dump_callback': <bound method Pymultinest._dump_callback of <bilby.core.sampler.pymultinest.Pymultinest object at 0x155500fe3850>>}
04:18 INFO    : Using sampler Pymultinest with kwargs {'importance_nested_sampling': False, 'resume': True, 'verbose': True, 'sampling_efficiency': 'parameter', 'n_live_points': 2048, 'n_params': 5, 'n_clustering_params': None, 'wrapped_params': None, 'multimodal': True, 'const_efficiency_mode': False, 'evidence_tolerance': 0.5, 'n_iter_before_update': 100, 'null_log_evidence': -1e+90, 'max_modes': 100, 'mode_tolerance': -1e+90, 'seed': 42, 'context': 0, 'write_output': True, 'log_zero': -1e+100, 'max_iter': 0, 'init_MPI': False, 'dump_callback': <bound method Pymultinest._dump_callback of <bilby.core.sampler.pymultinest.Pymultinest object at 0x155500fe7700>>}
04:18 INFO    : Temporary directory incompatible with MPI, will run in original directory
04:18 INFO    : Temporary directory incompatible with MPI, will run in original directory
04:18 INFO    : Using output file outdirBNSBu32cores/pm_InjectionRecoveryIterations/
04:18 INFO    : Using output file outdirBNSBu32cores/pm_InjectionRecoveryIterations/
04:35 INFO    : Sampling time: 0:17:09.140234
04:35 INFO    : Sampling time: 0:17:08.956484
04:35 INFO    : Sampling time: 0:17:08.841880
04:35 INFO    : Sampling time: 0:17:08.287630
04:35 INFO    : Sampling time: 0:17:08.239371
04:35 INFO    : Sampling time: 0:17:08.346072
04:35 INFO    : Sampling time: 0:17:08.077019
04:35 INFO    : Sampling time: 0:17:08.142040
04:35 INFO    : Sampling time: 0:17:08.077828
04:35 INFO    : Sampling time: 0:17:08.440498
04:35 INFO    : Sampling time: 0:17:08.051067
04:35 INFO    : Sampling time: 0:17:08.056966
04:35 INFO    : Sampling time: 0:17:08.064399
04:35 INFO    : Sampling time: 0:17:08.910229
04:35 INFO    : Sampling time: 0:17:08.051461
04:35 INFO    : Sampling time: 0:17:08.403565
04:35 INFO    : Sampling time: 0:17:08.776873
04:35 INFO    : Sampling time: 0:17:08.835309
04:35 INFO    : Sampling time: 0:17:08.864875
04:35 INFO    : Sampling time: 0:17:09.151209
04:35 INFO    : Sampling time: 0:17:09.229856
04:35 INFO    : Sampling time: 0:17:08.800260
04:35 INFO    : Sampling time: 0:17:08.782477
04:35 INFO    : Sampling time: 0:17:09.228205
04:35 INFO    : Sampling time: 0:17:08.615065
04:35 INFO    : Sampling time: 0:17:08.886847
04:35 INFO    : Sampling time: 0:17:08.736697
04:35 INFO    : Sampling time: 0:17:08.400525
04:35 INFO    : Sampling time: 0:17:08.129481
04:35 INFO    : Sampling time: 0:17:08.277937
04:35 INFO    : Sampling time: 0:17:08.532252
04:35 INFO    : Sampling time: 0:17:08.745125
04:35 ERROR   : 

Saving the data has failed with the following message:
[Errno 116] Stale file handle
Data has been dumped to outdirBNSBu32cores/InjectionRecoveryIterations_result.pkl.


04:35 INFO    : Summary of results:
nsamples: 10966
ln_noise_evidence:  0.000
ln_evidence: -111.493 +/-  0.060
ln_bayes_factor: -111.493 +/-  0.060

04:35 INFO    : Summary of results:
nsamples: 10966
ln_noise_evidence:  0.000
ln_evidence: -111.493 +/-  0.060
ln_bayes_factor: -111.493 +/-  0.060

04:35 INFO    : Summary of results:
nsamples: 10966
ln_noise_evidence:  0.000
ln_evidence: -111.493 +/-  0.060
ln_bayes_factor: -111.493 +/-  0.060

04:35 INFO    : Summary of results:
nsamples: 10966
ln_noise_evidence:  0.000
ln_evidence: -111.493 +/-  0.060
ln_bayes_factor: -111.493 +/-  0.060

04:35 INFO    : Summary of results:
nsamples: 10966
ln_noise_evidence:  0.000
ln_evidence: -111.493 +/-  0.060
ln_bayes_factor: -111.493 +/-  0.060

04:35 INFO    : Summary of results:
nsamples: 10966
ln_noise_evidence:  0.000
ln_evidence: -111.493 +/-  0.060
ln_bayes_factor: -111.493 +/-  0.060

04:35 INFO    : Writing samples file to /home/thussenot/kilonovae-H0/Injection_Recovery_IterationsVariation/InjectionBaseLightcurve1/1perday_15/grizyJHK/outdirBNSBu32cores/InjectionRecoveryIterations_posterior_samples.dat
04:35 INFO    : Summary of results:
nsamples: 10966
ln_noise_evidence:  0.000
ln_evidence: -111.493 +/-  0.060
ln_bayes_factor: -111.493 +/-  0.060

04:57 INFO    : Running for label 'InjectionRecoveryIterations', output will be saved to 'outdirBNSBu32cores'
04:57 INFO    : Analysis priors:
04:57 INFO    : KNphi=Uniform(minimum=15.0, maximum=75.0, name='KNphi', latex_label='$\\Phi$', unit=None, boundary=None)
04:57 INFO    : log10_mej_dyn=Uniform(minimum=-3.0, maximum=-1.0, name='log10_mej_dyn', latex_label='$\\log_{10}M^{\\rm{dyn}}_{\\rm{ej}}$', unit=None, boundary='reflective')
04:57 INFO    : log10_mej_wind=Uniform(minimum=-3.0, maximum=-0.5, name='log10_mej_wind', latex_label='$\\log_{10}M^{\\rm{wind}}_{\\rm{ej}}$', unit=None, boundary='reflective')
04:57 INFO    : inclination_EM=Sine(minimum=0.0, maximum=1.5707963267948966, name='inclination_EM', latex_label='$\\iota$', unit=None, boundary=None)
04:57 INFO    : luminosity_distance=LogUniform(minimum=1, maximum=500, name='luminosity_distance', latex_label='$D_L$', unit=None, boundary=None)
04:57 INFO    : timeshift=0.0
04:57 INFO    : em_syserr=1.0
04:57 INFO    : Ebv=0.0
04:57 INFO    : Analysis likelihood class: <class 'nmma.em.likelihood.OpticalLightCurve'>
04:57 INFO    : Analysis likelihood noise evidence: 0.0
04:57 INFO    : Single likelihood evaluation took 6.921e-02 s
04:57 WARNING : Supplied argument 'queue_size' not an argument of 'Pymultinest', removing.
04:57 WARNING : Supplied argument 'check_point_delta_t' not an argument of 'Pymultinest', removing.
04:57 WARNING : Using cached result
04:57 INFO    : Summary of results:
nsamples: 10966
ln_noise_evidence:  0.000
ln_evidence: -111.493 +/-  0.060
ln_bayes_factor: -111.493 +/-  0.060

04:57 INFO    : Writing samples file to /home/thussenot/kilonovae-H0/Injection_Recovery_IterationsVariation/InjectionBaseLightcurve1/1perday_15/grizyJHK/outdirBNSBu32cores/InjectionRecoveryIterations_posterior_samples.dat
