00:39 INFO    : Running for label 'Simu2019lm', output will be saved to 'outdirBNSBu32cores'
00:39 INFO    : Running for label 'Simu2019lm', output will be saved to 'outdirBNSBu32cores'
00:39 INFO    : Running for label 'Simu2019lm', output will be saved to 'outdirBNSBu32cores'
00:39 INFO    : Running for label 'Simu2019lm', output will be saved to 'outdirBNSBu32cores'
00:39 INFO    : Running for label 'Simu2019lm', output will be saved to 'outdirBNSBu32cores'
00:39 INFO    : Running for label 'Simu2019lm', output will be saved to 'outdirBNSBu32cores'
00:39 INFO    : Running for label 'Simu2019lm', output will be saved to 'outdirBNSBu32cores'
00:39 INFO    : Running for label 'Simu2019lm', output will be saved to 'outdirBNSBu32cores'
00:39 INFO    : Running for label 'Simu2019lm', output will be saved to 'outdirBNSBu32cores'
00:39 INFO    : Running for label 'Simu2019lm', output will be saved to 'outdirBNSBu32cores'
00:39 INFO    : Running for label 'Simu2019lm', output will be saved to 'outdirBNSBu32cores'
00:39 INFO    : Running for label 'Simu2019lm', output will be saved to 'outdirBNSBu32cores'
00:39 INFO    : Running for label 'Simu2019lm', output will be saved to 'outdirBNSBu32cores'
00:39 INFO    : Running for label 'Simu2019lm', output will be saved to 'outdirBNSBu32cores'
00:39 INFO    : Running for label 'Simu2019lm', output will be saved to 'outdirBNSBu32cores'
00:39 INFO    : Running for label 'Simu2019lm', output will be saved to 'outdirBNSBu32cores'
00:39 INFO    : Running for label 'Simu2019lm', output will be saved to 'outdirBNSBu32cores'
00:39 INFO    : Running for label 'Simu2019lm', output will be saved to 'outdirBNSBu32cores'
00:39 INFO    : Running for label 'Simu2019lm', output will be saved to 'outdirBNSBu32cores'
00:39 INFO    : Running for label 'Simu2019lm', output will be saved to 'outdirBNSBu32cores'
00:39 INFO    : Running for label 'Simu2019lm', output will be saved to 'outdirBNSBu32cores'
00:39 INFO    : Running for label 'Simu2019lm', output will be saved to 'outdirBNSBu32cores'
00:39 INFO    : Running for label 'Simu2019lm', output will be saved to 'outdirBNSBu32cores'
00:39 INFO    : Running for label 'Simu2019lm', output will be saved to 'outdirBNSBu32cores'
00:39 INFO    : Running for label 'Simu2019lm', output will be saved to 'outdirBNSBu32cores'
00:39 INFO    : Running for label 'Simu2019lm', output will be saved to 'outdirBNSBu32cores'
00:39 INFO    : Running for label 'Simu2019lm', output will be saved to 'outdirBNSBu32cores'
00:39 INFO    : Running for label 'Simu2019lm', output will be saved to 'outdirBNSBu32cores'
00:39 INFO    : Running for label 'Simu2019lm', output will be saved to 'outdirBNSBu32cores'
00:39 INFO    : Running for label 'Simu2019lm', output will be saved to 'outdirBNSBu32cores'
00:39 INFO    : Running for label 'Simu2019lm', output will be saved to 'outdirBNSBu32cores'
00:39 INFO    : Running for label 'Simu2019lm', output will be saved to 'outdirBNSBu32cores'
00:39 INFO    : Analysis priors:
00:39 INFO    : Analysis priors:
00:39 INFO    : Analysis priors:
00:39 INFO    : Analysis priors:
00:39 INFO    : Analysis priors:
00:39 INFO    : Analysis priors:
00:39 INFO    : Analysis priors:
00:39 INFO    : Analysis priors:
00:39 INFO    : Analysis priors:
00:39 INFO    : Analysis priors:
00:39 INFO    : Analysis priors:
00:39 INFO    : Analysis priors:
00:39 INFO    : Analysis priors:
00:39 INFO    : Analysis priors:
00:39 INFO    : Analysis priors:
00:39 INFO    : Analysis priors:
00:39 INFO    : Analysis priors:
00:39 INFO    : Analysis priors:
00:39 INFO    : Analysis priors:
00:39 INFO    : KNphi=Uniform(minimum=15.0, maximum=75.0, name='KNphi', latex_label='$\\Phi$', unit=None, boundary=None)
00:39 INFO    : KNphi=Uniform(minimum=15.0, maximum=75.0, name='KNphi', latex_label='$\\Phi$', unit=None, boundary=None)
00:39 INFO    : KNphi=Uniform(minimum=15.0, maximum=75.0, name='KNphi', latex_label='$\\Phi$', unit=None, boundary=None)
00:39 INFO    : KNphi=Uniform(minimum=15.0, maximum=75.0, name='KNphi', latex_label='$\\Phi$', unit=None, boundary=None)
00:39 INFO    : KNphi=Uniform(minimum=15.0, maximum=75.0, name='KNphi', latex_label='$\\Phi$', unit=None, boundary=None)
00:39 INFO    : KNphi=Uniform(minimum=15.0, maximum=75.0, name='KNphi', latex_label='$\\Phi$', unit=None, boundary=None)
00:39 INFO    : KNphi=Uniform(minimum=15.0, maximum=75.0, name='KNphi', latex_label='$\\Phi$', unit=None, boundary=None)
00:39 INFO    : Analysis priors:
00:39 INFO    : KNphi=Uniform(minimum=15.0, maximum=75.0, name='KNphi', latex_label='$\\Phi$', unit=None, boundary=None)
00:39 INFO    : KNphi=Uniform(minimum=15.0, maximum=75.0, name='KNphi', latex_label='$\\Phi$', unit=None, boundary=None)
00:39 INFO    : log10_mej_dyn=Uniform(minimum=-3.0, maximum=-1.0, name='log10_mej_dyn', latex_label='$\\log_{10}M^{\\rm{dyn}}_{\\rm{ej}}$', unit=None, boundary='reflective')
00:39 INFO    : log10_mej_dyn=Uniform(minimum=-3.0, maximum=-1.0, name='log10_mej_dyn', latex_label='$\\log_{10}M^{\\rm{dyn}}_{\\rm{ej}}$', unit=None, boundary='reflective')
00:39 INFO    : KNphi=Uniform(minimum=15.0, maximum=75.0, name='KNphi', latex_label='$\\Phi$', unit=None, boundary=None)
00:39 INFO    : log10_mej_dyn=Uniform(minimum=-3.0, maximum=-1.0, name='log10_mej_dyn', latex_label='$\\log_{10}M^{\\rm{dyn}}_{\\rm{ej}}$', unit=None, boundary='reflective')
00:39 INFO    : KNphi=Uniform(minimum=15.0, maximum=75.0, name='KNphi', latex_label='$\\Phi$', unit=None, boundary=None)
00:39 INFO    : KNphi=Uniform(minimum=15.0, maximum=75.0, name='KNphi', latex_label='$\\Phi$', unit=None, boundary=None)
00:39 INFO    : KNphi=Uniform(minimum=15.0, maximum=75.0, name='KNphi', latex_label='$\\Phi$', unit=None, boundary=None)
00:39 INFO    : Analysis priors:
00:39 INFO    : log10_mej_dyn=Uniform(minimum=-3.0, maximum=-1.0, name='log10_mej_dyn', latex_label='$\\log_{10}M^{\\rm{dyn}}_{\\rm{ej}}$', unit=None, boundary='reflective')
00:39 INFO    : KNphi=Uniform(minimum=15.0, maximum=75.0, name='KNphi', latex_label='$\\Phi$', unit=None, boundary=None)
00:39 INFO    : log10_mej_dyn=Uniform(minimum=-3.0, maximum=-1.0, name='log10_mej_dyn', latex_label='$\\log_{10}M^{\\rm{dyn}}_{\\rm{ej}}$', unit=None, boundary='reflective')
00:39 INFO    : KNphi=Uniform(minimum=15.0, maximum=75.0, name='KNphi', latex_label='$\\Phi$', unit=None, boundary=None)
00:39 INFO    : Analysis priors:
00:39 INFO    : Analysis priors:
00:39 INFO    : log10_mej_dyn=Uniform(minimum=-3.0, maximum=-1.0, name='log10_mej_dyn', latex_label='$\\log_{10}M^{\\rm{dyn}}_{\\rm{ej}}$', unit=None, boundary='reflective')
00:39 INFO    : Analysis priors:
00:39 INFO    : Analysis priors:
00:39 INFO    : Analysis priors:
00:39 INFO    : log10_mej_dyn=Uniform(minimum=-3.0, maximum=-1.0, name='log10_mej_dyn', latex_label='$\\log_{10}M^{\\rm{dyn}}_{\\rm{ej}}$', unit=None, boundary='reflective')
00:39 INFO    : KNphi=Uniform(minimum=15.0, maximum=75.0, name='KNphi', latex_label='$\\Phi$', unit=None, boundary=None)
00:39 INFO    : KNphi=Uniform(minimum=15.0, maximum=75.0, name='KNphi', latex_label='$\\Phi$', unit=None, boundary=None)
00:39 INFO    : KNphi=Uniform(minimum=15.0, maximum=75.0, name='KNphi', latex_label='$\\Phi$', unit=None, boundary=None)
00:39 INFO    : KNphi=Uniform(minimum=15.0, maximum=75.0, name='KNphi', latex_label='$\\Phi$', unit=None, boundary=None)
00:39 INFO    : log10_mej_wind=Uniform(minimum=-3.0, maximum=-0.5, name='log10_mej_wind', latex_label='$\\log_{10}M^{\\rm{wind}}_{\\rm{ej}}$', unit=None, boundary='reflective')
00:39 INFO    : log10_mej_wind=Uniform(minimum=-3.0, maximum=-0.5, name='log10_mej_wind', latex_label='$\\log_{10}M^{\\rm{wind}}_{\\rm{ej}}$', unit=None, boundary='reflective')
00:39 INFO    : log10_mej_dyn=Uniform(minimum=-3.0, maximum=-1.0, name='log10_mej_dyn', latex_label='$\\log_{10}M^{\\rm{dyn}}_{\\rm{ej}}$', unit=None, boundary='reflective')
00:39 INFO    : log10_mej_wind=Uniform(minimum=-3.0, maximum=-0.5, name='log10_mej_wind', latex_label='$\\log_{10}M^{\\rm{wind}}_{\\rm{ej}}$', unit=None, boundary='reflective')
00:39 INFO    : log10_mej_dyn=Uniform(minimum=-3.0, maximum=-1.0, name='log10_mej_dyn', latex_label='$\\log_{10}M^{\\rm{dyn}}_{\\rm{ej}}$', unit=None, boundary='reflective')
00:39 INFO    : log10_mej_dyn=Uniform(minimum=-3.0, maximum=-1.0, name='log10_mej_dyn', latex_label='$\\log_{10}M^{\\rm{dyn}}_{\\rm{ej}}$', unit=None, boundary='reflective')
00:39 INFO    : log10_mej_dyn=Uniform(minimum=-3.0, maximum=-1.0, name='log10_mej_dyn', latex_label='$\\log_{10}M^{\\rm{dyn}}_{\\rm{ej}}$', unit=None, boundary='reflective')
00:39 INFO    : log10_mej_wind=Uniform(minimum=-3.0, maximum=-0.5, name='log10_mej_wind', latex_label='$\\log_{10}M^{\\rm{wind}}_{\\rm{ej}}$', unit=None, boundary='reflective')
00:39 INFO    : log10_mej_dyn=Uniform(minimum=-3.0, maximum=-1.0, name='log10_mej_dyn', latex_label='$\\log_{10}M^{\\rm{dyn}}_{\\rm{ej}}$', unit=None, boundary='reflective')
00:39 INFO    : log10_mej_wind=Uniform(minimum=-3.0, maximum=-0.5, name='log10_mej_wind', latex_label='$\\log_{10}M^{\\rm{wind}}_{\\rm{ej}}$', unit=None, boundary='reflective')
00:39 INFO    : log10_mej_dyn=Uniform(minimum=-3.0, maximum=-1.0, name='log10_mej_dyn', latex_label='$\\log_{10}M^{\\rm{dyn}}_{\\rm{ej}}$', unit=None, boundary='reflective')
00:39 INFO    : log10_mej_dyn=Uniform(minimum=-3.0, maximum=-1.0, name='log10_mej_dyn', latex_label='$\\log_{10}M^{\\rm{dyn}}_{\\rm{ej}}$', unit=None, boundary='reflective')
00:39 INFO    : log10_mej_dyn=Uniform(minimum=-3.0, maximum=-1.0, name='log10_mej_dyn', latex_label='$\\log_{10}M^{\\rm{dyn}}_{\\rm{ej}}$', unit=None, boundary='reflective')
00:39 INFO    : log10_mej_wind=Uniform(minimum=-3.0, maximum=-0.5, name='log10_mej_wind', latex_label='$\\log_{10}M^{\\rm{wind}}_{\\rm{ej}}$', unit=None, boundary='reflective')
00:39 INFO    : log10_mej_wind=Uniform(minimum=-3.0, maximum=-0.5, name='log10_mej_wind', latex_label='$\\log_{10}M^{\\rm{wind}}_{\\rm{ej}}$', unit=None, boundary='reflective')
00:39 INFO    : log10_mej_dyn=Uniform(minimum=-3.0, maximum=-1.0, name='log10_mej_dyn', latex_label='$\\log_{10}M^{\\rm{dyn}}_{\\rm{ej}}$', unit=None, boundary='reflective')
00:39 INFO    : log10_mej_dyn=Uniform(minimum=-3.0, maximum=-1.0, name='log10_mej_dyn', latex_label='$\\log_{10}M^{\\rm{dyn}}_{\\rm{ej}}$', unit=None, boundary='reflective')
00:39 INFO    : KNphi=Uniform(minimum=15.0, maximum=75.0, name='KNphi', latex_label='$\\Phi$', unit=None, boundary=None)
00:39 INFO    : log10_mej_dyn=Uniform(minimum=-3.0, maximum=-1.0, name='log10_mej_dyn', latex_label='$\\log_{10}M^{\\rm{dyn}}_{\\rm{ej}}$', unit=None, boundary='reflective')
00:39 INFO    : log10_mej_dyn=Uniform(minimum=-3.0, maximum=-1.0, name='log10_mej_dyn', latex_label='$\\log_{10}M^{\\rm{dyn}}_{\\rm{ej}}$', unit=None, boundary='reflective')
00:39 INFO    : log10_mej_wind=Uniform(minimum=-3.0, maximum=-0.5, name='log10_mej_wind', latex_label='$\\log_{10}M^{\\rm{wind}}_{\\rm{ej}}$', unit=None, boundary='reflective')
00:39 INFO    : inclination_EM=Sine(minimum=0.0, maximum=1.5707963267948966, name='inclination_EM', latex_label='$\\iota$', unit=None, boundary=None)
00:39 INFO    : inclination_EM=Sine(minimum=0.0, maximum=1.5707963267948966, name='inclination_EM', latex_label='$\\iota$', unit=None, boundary=None)
00:39 INFO    : inclination_EM=Sine(minimum=0.0, maximum=1.5707963267948966, name='inclination_EM', latex_label='$\\iota$', unit=None, boundary=None)
00:39 INFO    : log10_mej_wind=Uniform(minimum=-3.0, maximum=-0.5, name='log10_mej_wind', latex_label='$\\log_{10}M^{\\rm{wind}}_{\\rm{ej}}$', unit=None, boundary='reflective')
00:39 INFO    : log10_mej_wind=Uniform(minimum=-3.0, maximum=-0.5, name='log10_mej_wind', latex_label='$\\log_{10}M^{\\rm{wind}}_{\\rm{ej}}$', unit=None, boundary='reflective')
00:39 INFO    : KNphi=Uniform(minimum=15.0, maximum=75.0, name='KNphi', latex_label='$\\Phi$', unit=None, boundary=None)
00:39 INFO    : log10_mej_wind=Uniform(minimum=-3.0, maximum=-0.5, name='log10_mej_wind', latex_label='$\\log_{10}M^{\\rm{wind}}_{\\rm{ej}}$', unit=None, boundary='reflective')
00:39 INFO    : log10_mej_wind=Uniform(minimum=-3.0, maximum=-0.5, name='log10_mej_wind', latex_label='$\\log_{10}M^{\\rm{wind}}_{\\rm{ej}}$', unit=None, boundary='reflective')
00:39 INFO    : inclination_EM=Sine(minimum=0.0, maximum=1.5707963267948966, name='inclination_EM', latex_label='$\\iota$', unit=None, boundary=None)
00:39 INFO    : inclination_EM=Sine(minimum=0.0, maximum=1.5707963267948966, name='inclination_EM', latex_label='$\\iota$', unit=None, boundary=None)
00:39 INFO    : log10_mej_wind=Uniform(minimum=-3.0, maximum=-0.5, name='log10_mej_wind', latex_label='$\\log_{10}M^{\\rm{wind}}_{\\rm{ej}}$', unit=None, boundary='reflective')
00:39 INFO    : log10_mej_wind=Uniform(minimum=-3.0, maximum=-0.5, name='log10_mej_wind', latex_label='$\\log_{10}M^{\\rm{wind}}_{\\rm{ej}}$', unit=None, boundary='reflective')
00:39 INFO    : KNphi=Uniform(minimum=15.0, maximum=75.0, name='KNphi', latex_label='$\\Phi$', unit=None, boundary=None)
00:39 INFO    : log10_mej_wind=Uniform(minimum=-3.0, maximum=-0.5, name='log10_mej_wind', latex_label='$\\log_{10}M^{\\rm{wind}}_{\\rm{ej}}$', unit=None, boundary='reflective')
00:39 INFO    : KNphi=Uniform(minimum=15.0, maximum=75.0, name='KNphi', latex_label='$\\Phi$', unit=None, boundary=None)
00:39 INFO    : KNphi=Uniform(minimum=15.0, maximum=75.0, name='KNphi', latex_label='$\\Phi$', unit=None, boundary=None)
00:39 INFO    : KNphi=Uniform(minimum=15.0, maximum=75.0, name='KNphi', latex_label='$\\Phi$', unit=None, boundary=None)
00:39 INFO    : inclination_EM=Sine(minimum=0.0, maximum=1.5707963267948966, name='inclination_EM', latex_label='$\\iota$', unit=None, boundary=None)
00:39 INFO    : KNphi=Uniform(minimum=15.0, maximum=75.0, name='KNphi', latex_label='$\\Phi$', unit=None, boundary=None)
00:39 INFO    : log10_mej_wind=Uniform(minimum=-3.0, maximum=-0.5, name='log10_mej_wind', latex_label='$\\log_{10}M^{\\rm{wind}}_{\\rm{ej}}$', unit=None, boundary='reflective')
00:39 INFO    : log10_mej_wind=Uniform(minimum=-3.0, maximum=-0.5, name='log10_mej_wind', latex_label='$\\log_{10}M^{\\rm{wind}}_{\\rm{ej}}$', unit=None, boundary='reflective')
00:39 INFO    : inclination_EM=Sine(minimum=0.0, maximum=1.5707963267948966, name='inclination_EM', latex_label='$\\iota$', unit=None, boundary=None)
00:39 INFO    : log10_mej_dyn=Uniform(minimum=-3.0, maximum=-1.0, name='log10_mej_dyn', latex_label='$\\log_{10}M^{\\rm{dyn}}_{\\rm{ej}}$', unit=None, boundary='reflective')
00:39 INFO    : log10_mej_wind=Uniform(minimum=-3.0, maximum=-0.5, name='log10_mej_wind', latex_label='$\\log_{10}M^{\\rm{wind}}_{\\rm{ej}}$', unit=None, boundary='reflective')
00:39 INFO    : log10_mej_wind=Uniform(minimum=-3.0, maximum=-0.5, name='log10_mej_wind', latex_label='$\\log_{10}M^{\\rm{wind}}_{\\rm{ej}}$', unit=None, boundary='reflective')
00:39 INFO    : inclination_EM=Sine(minimum=0.0, maximum=1.5707963267948966, name='inclination_EM', latex_label='$\\iota$', unit=None, boundary=None)
00:39 INFO    : luminosity_distance=LogUniform(minimum=1, maximum=500, name='luminosity_distance', latex_label='$D_L$', unit=None, boundary=None)
00:39 INFO    : luminosity_distance=LogUniform(minimum=1, maximum=500, name='luminosity_distance', latex_label='$D_L$', unit=None, boundary=None)
00:39 INFO    : luminosity_distance=LogUniform(minimum=1, maximum=500, name='luminosity_distance', latex_label='$D_L$', unit=None, boundary=None)
00:39 INFO    : inclination_EM=Sine(minimum=0.0, maximum=1.5707963267948966, name='inclination_EM', latex_label='$\\iota$', unit=None, boundary=None)
00:39 INFO    : Analysis priors:
00:39 INFO    : inclination_EM=Sine(minimum=0.0, maximum=1.5707963267948966, name='inclination_EM', latex_label='$\\iota$', unit=None, boundary=None)
00:39 INFO    : inclination_EM=Sine(minimum=0.0, maximum=1.5707963267948966, name='inclination_EM', latex_label='$\\iota$', unit=None, boundary=None)
00:39 INFO    : log10_mej_dyn=Uniform(minimum=-3.0, maximum=-1.0, name='log10_mej_dyn', latex_label='$\\log_{10}M^{\\rm{dyn}}_{\\rm{ej}}$', unit=None, boundary='reflective')
00:39 INFO    : inclination_EM=Sine(minimum=0.0, maximum=1.5707963267948966, name='inclination_EM', latex_label='$\\iota$', unit=None, boundary=None)
00:39 INFO    : luminosity_distance=LogUniform(minimum=1, maximum=500, name='luminosity_distance', latex_label='$D_L$', unit=None, boundary=None)
00:39 INFO    : luminosity_distance=LogUniform(minimum=1, maximum=500, name='luminosity_distance', latex_label='$D_L$', unit=None, boundary=None)
00:39 INFO    : timeshift=0.0
00:39 INFO    : timeshift=0.0
00:39 INFO    : inclination_EM=Sine(minimum=0.0, maximum=1.5707963267948966, name='inclination_EM', latex_label='$\\iota$', unit=None, boundary=None)
00:39 INFO    : timeshift=0.0
00:39 INFO    : Analysis priors:
00:39 INFO    : Analysis priors:
00:39 INFO    : inclination_EM=Sine(minimum=0.0, maximum=1.5707963267948966, name='inclination_EM', latex_label='$\\iota$', unit=None, boundary=None)
00:39 INFO    : inclination_EM=Sine(minimum=0.0, maximum=1.5707963267948966, name='inclination_EM', latex_label='$\\iota$', unit=None, boundary=None)
00:39 INFO    : log10_mej_dyn=Uniform(minimum=-3.0, maximum=-1.0, name='log10_mej_dyn', latex_label='$\\log_{10}M^{\\rm{dyn}}_{\\rm{ej}}$', unit=None, boundary='reflective')
00:39 INFO    : log10_mej_dyn=Uniform(minimum=-3.0, maximum=-1.0, name='log10_mej_dyn', latex_label='$\\log_{10}M^{\\rm{dyn}}_{\\rm{ej}}$', unit=None, boundary='reflective')
00:39 INFO    : log10_mej_wind=Uniform(minimum=-3.0, maximum=-0.5, name='log10_mej_wind', latex_label='$\\log_{10}M^{\\rm{wind}}_{\\rm{ej}}$', unit=None, boundary='reflective')
00:39 INFO    : log10_mej_dyn=Uniform(minimum=-3.0, maximum=-1.0, name='log10_mej_dyn', latex_label='$\\log_{10}M^{\\rm{dyn}}_{\\rm{ej}}$', unit=None, boundary='reflective')
00:39 INFO    : luminosity_distance=LogUniform(minimum=1, maximum=500, name='luminosity_distance', latex_label='$D_L$', unit=None, boundary=None)
00:39 INFO    : log10_mej_dyn=Uniform(minimum=-3.0, maximum=-1.0, name='log10_mej_dyn', latex_label='$\\log_{10}M^{\\rm{dyn}}_{\\rm{ej}}$', unit=None, boundary='reflective')
00:39 INFO    : inclination_EM=Sine(minimum=0.0, maximum=1.5707963267948966, name='inclination_EM', latex_label='$\\iota$', unit=None, boundary=None)
00:39 INFO    : em_syserr=1.0
00:39 INFO    : log10_mej_dyn=Uniform(minimum=-3.0, maximum=-1.0, name='log10_mej_dyn', latex_label='$\\log_{10}M^{\\rm{dyn}}_{\\rm{ej}}$', unit=None, boundary='reflective')
00:39 INFO    : timeshift=0.0
00:39 INFO    : em_syserr=1.0
00:39 INFO    : luminosity_distance=LogUniform(minimum=1, maximum=500, name='luminosity_distance', latex_label='$D_L$', unit=None, boundary=None)
00:39 INFO    : inclination_EM=Sine(minimum=0.0, maximum=1.5707963267948966, name='inclination_EM', latex_label='$\\iota$', unit=None, boundary=None)
00:39 INFO    : timeshift=0.0
00:39 INFO    : em_syserr=1.0
00:39 INFO    : inclination_EM=Sine(minimum=0.0, maximum=1.5707963267948966, name='inclination_EM', latex_label='$\\iota$', unit=None, boundary=None)
00:39 INFO    : inclination_EM=Sine(minimum=0.0, maximum=1.5707963267948966, name='inclination_EM', latex_label='$\\iota$', unit=None, boundary=None)
00:39 INFO    : luminosity_distance=LogUniform(minimum=1, maximum=500, name='luminosity_distance', latex_label='$D_L$', unit=None, boundary=None)
00:39 INFO    : luminosity_distance=LogUniform(minimum=1, maximum=500, name='luminosity_distance', latex_label='$D_L$', unit=None, boundary=None)
00:39 INFO    : timeshift=0.0
00:39 INFO    : Ebv=0.0
00:39 INFO    : em_syserr=1.0
00:39 INFO    : Ebv=0.0
00:39 INFO    : log10_mej_wind=Uniform(minimum=-3.0, maximum=-0.5, name='log10_mej_wind', latex_label='$\\log_{10}M^{\\rm{wind}}_{\\rm{ej}}$', unit=None, boundary='reflective')
00:39 INFO    : em_syserr=1.0
00:39 INFO    : luminosity_distance=LogUniform(minimum=1, maximum=500, name='luminosity_distance', latex_label='$D_L$', unit=None, boundary=None)
00:39 INFO    : timeshift=0.0
00:39 INFO    : Ebv=0.0
00:39 INFO    : luminosity_distance=LogUniform(minimum=1, maximum=500, name='luminosity_distance', latex_label='$D_L$', unit=None, boundary=None)
00:39 INFO    : luminosity_distance=LogUniform(minimum=1, maximum=500, name='luminosity_distance', latex_label='$D_L$', unit=None, boundary=None)
00:39 INFO    : timeshift=0.0
00:39 INFO    : em_syserr=1.0
00:39 INFO    : timeshift=0.0
00:39 INFO    : Ebv=0.0
00:39 INFO    : Analysis likelihood class: <class 'nmma.em.likelihood.OpticalLightCurve'>
00:39 INFO    : Analysis likelihood class: <class 'nmma.em.likelihood.OpticalLightCurve'>
00:39 INFO    : luminosity_distance=LogUniform(minimum=1, maximum=500, name='luminosity_distance', latex_label='$D_L$', unit=None, boundary=None)
00:39 INFO    : Ebv=0.0
00:39 INFO    : em_syserr=1.0
00:39 INFO    : luminosity_distance=LogUniform(minimum=1, maximum=500, name='luminosity_distance', latex_label='$D_L$', unit=None, boundary=None)
00:39 INFO    : Analysis likelihood class: <class 'nmma.em.likelihood.OpticalLightCurve'>
00:39 INFO    : Analysis priors:
00:39 INFO    : timeshift=0.0
00:39 INFO    : log10_mej_wind=Uniform(minimum=-3.0, maximum=-0.5, name='log10_mej_wind', latex_label='$\\log_{10}M^{\\rm{wind}}_{\\rm{ej}}$', unit=None, boundary='reflective')
00:39 INFO    : em_syserr=1.0
00:39 INFO    : timeshift=0.0
00:39 INFO    : log10_mej_wind=Uniform(minimum=-3.0, maximum=-0.5, name='log10_mej_wind', latex_label='$\\log_{10}M^{\\rm{wind}}_{\\rm{ej}}$', unit=None, boundary='reflective')
00:39 INFO    : Ebv=0.0
00:39 INFO    : KNphi=Uniform(minimum=15.0, maximum=75.0, name='KNphi', latex_label='$\\Phi$', unit=None, boundary=None)
00:39 INFO    : em_syserr=1.0
00:39 INFO    : timeshift=0.0
00:39 INFO    : luminosity_distance=LogUniform(minimum=1, maximum=500, name='luminosity_distance', latex_label='$D_L$', unit=None, boundary=None)
00:39 INFO    : log10_mej_wind=Uniform(minimum=-3.0, maximum=-0.5, name='log10_mej_wind', latex_label='$\\log_{10}M^{\\rm{wind}}_{\\rm{ej}}$', unit=None, boundary='reflective')
00:39 INFO    : Analysis likelihood class: <class 'nmma.em.likelihood.OpticalLightCurve'>
00:39 INFO    : inclination_EM=Sine(minimum=0.0, maximum=1.5707963267948966, name='inclination_EM', latex_label='$\\iota$', unit=None, boundary=None)
00:39 INFO    : log10_mej_wind=Uniform(minimum=-3.0, maximum=-0.5, name='log10_mej_wind', latex_label='$\\log_{10}M^{\\rm{wind}}_{\\rm{ej}}$', unit=None, boundary='reflective')
00:39 INFO    : Analysis likelihood noise evidence: 0.0
00:39 INFO    : Analysis likelihood noise evidence: 0.0
00:39 INFO    : timeshift=0.0
00:39 INFO    : Analysis likelihood class: <class 'nmma.em.likelihood.OpticalLightCurve'>
00:39 INFO    : Ebv=0.0
00:39 INFO    : log10_mej_wind=Uniform(minimum=-3.0, maximum=-0.5, name='log10_mej_wind', latex_label='$\\log_{10}M^{\\rm{wind}}_{\\rm{ej}}$', unit=None, boundary='reflective')
00:39 INFO    : luminosity_distance=LogUniform(minimum=1, maximum=500, name='luminosity_distance', latex_label='$D_L$', unit=None, boundary=None)
00:39 INFO    : luminosity_distance=LogUniform(minimum=1, maximum=500, name='luminosity_distance', latex_label='$D_L$', unit=None, boundary=None)
00:39 INFO    : luminosity_distance=LogUniform(minimum=1, maximum=500, name='luminosity_distance', latex_label='$D_L$', unit=None, boundary=None)
00:39 INFO    : Analysis likelihood noise evidence: 0.0
00:39 INFO    : timeshift=0.0
00:39 INFO    : luminosity_distance=LogUniform(minimum=1, maximum=500, name='luminosity_distance', latex_label='$D_L$', unit=None, boundary=None)
00:39 INFO    : KNphi=Uniform(minimum=15.0, maximum=75.0, name='KNphi', latex_label='$\\Phi$', unit=None, boundary=None)
00:39 INFO    : em_syserr=1.0
00:39 INFO    : Ebv=0.0
00:39 INFO    : em_syserr=1.0
00:39 INFO    : Analysis likelihood class: <class 'nmma.em.likelihood.OpticalLightCurve'>
00:39 INFO    : Ebv=0.0
00:39 INFO    : inclination_EM=Sine(minimum=0.0, maximum=1.5707963267948966, name='inclination_EM', latex_label='$\\iota$', unit=None, boundary=None)
00:39 INFO    : em_syserr=1.0
00:39 INFO    : timeshift=0.0
00:39 INFO    : Analysis likelihood noise evidence: 0.0
00:39 INFO    : KNphi=Uniform(minimum=15.0, maximum=75.0, name='KNphi', latex_label='$\\Phi$', unit=None, boundary=None)
00:39 INFO    : em_syserr=1.0
00:39 INFO    : Analysis likelihood noise evidence: 0.0
00:39 INFO    : timeshift=0.0
00:39 INFO    : Analysis likelihood class: <class 'nmma.em.likelihood.OpticalLightCurve'>
00:39 INFO    : timeshift=0.0
00:39 INFO    : em_syserr=1.0
00:39 INFO    : timeshift=0.0
00:39 INFO    : Ebv=0.0
00:39 INFO    : inclination_EM=Sine(minimum=0.0, maximum=1.5707963267948966, name='inclination_EM', latex_label='$\\iota$', unit=None, boundary=None)
00:39 INFO    : Ebv=0.0
00:39 INFO    : Analysis likelihood class: <class 'nmma.em.likelihood.OpticalLightCurve'>
00:39 INFO    : timeshift=0.0
00:39 INFO    : Analysis likelihood class: <class 'nmma.em.likelihood.OpticalLightCurve'>
00:39 INFO    : Analysis likelihood noise evidence: 0.0
00:39 INFO    : Ebv=0.0
00:39 INFO    : em_syserr=1.0
00:39 INFO    : log10_mej_dyn=Uniform(minimum=-3.0, maximum=-1.0, name='log10_mej_dyn', latex_label='$\\log_{10}M^{\\rm{dyn}}_{\\rm{ej}}$', unit=None, boundary='reflective')
00:39 INFO    : em_syserr=1.0
00:39 INFO    : Ebv=0.0
00:39 INFO    : Analysis likelihood class: <class 'nmma.em.likelihood.OpticalLightCurve'>
00:39 INFO    : em_syserr=1.0
00:39 INFO    : inclination_EM=Sine(minimum=0.0, maximum=1.5707963267948966, name='inclination_EM', latex_label='$\\iota$', unit=None, boundary=None)
00:39 INFO    : Analysis likelihood noise evidence: 0.0
00:39 INFO    : Ebv=0.0
00:39 INFO    : inclination_EM=Sine(minimum=0.0, maximum=1.5707963267948966, name='inclination_EM', latex_label='$\\iota$', unit=None, boundary=None)
00:39 INFO    : Analysis likelihood noise evidence: 0.0
00:39 INFO    : Analysis likelihood class: <class 'nmma.em.likelihood.OpticalLightCurve'>
00:39 INFO    : luminosity_distance=LogUniform(minimum=1, maximum=500, name='luminosity_distance', latex_label='$D_L$', unit=None, boundary=None)
00:39 INFO    : em_syserr=1.0
00:39 INFO    : Ebv=0.0
00:39 INFO    : Analysis likelihood noise evidence: 0.0
00:39 INFO    : Analysis likelihood class: <class 'nmma.em.likelihood.OpticalLightCurve'>
00:39 INFO    : em_syserr=1.0
00:39 INFO    : inclination_EM=Sine(minimum=0.0, maximum=1.5707963267948966, name='inclination_EM', latex_label='$\\iota$', unit=None, boundary=None)
00:39 INFO    : inclination_EM=Sine(minimum=0.0, maximum=1.5707963267948966, name='inclination_EM', latex_label='$\\iota$', unit=None, boundary=None)
00:39 INFO    : Ebv=0.0
00:39 INFO    : Analysis likelihood class: <class 'nmma.em.likelihood.OpticalLightCurve'>
00:39 INFO    : Analysis likelihood class: <class 'nmma.em.likelihood.OpticalLightCurve'>
00:39 INFO    : Ebv=0.0
00:39 INFO    : Analysis likelihood noise evidence: 0.0
00:39 INFO    : log10_mej_dyn=Uniform(minimum=-3.0, maximum=-1.0, name='log10_mej_dyn', latex_label='$\\log_{10}M^{\\rm{dyn}}_{\\rm{ej}}$', unit=None, boundary='reflective')
00:39 INFO    : Analysis likelihood noise evidence: 0.0
00:39 INFO    : KNphi=Uniform(minimum=15.0, maximum=75.0, name='KNphi', latex_label='$\\Phi$', unit=None, boundary=None)
00:39 INFO    : Ebv=0.0
00:39 INFO    : luminosity_distance=LogUniform(minimum=1, maximum=500, name='luminosity_distance', latex_label='$D_L$', unit=None, boundary=None)
00:39 INFO    : Analysis likelihood class: <class 'nmma.em.likelihood.OpticalLightCurve'>
00:39 INFO    : log10_mej_dyn=Uniform(minimum=-3.0, maximum=-1.0, name='log10_mej_dyn', latex_label='$\\log_{10}M^{\\rm{dyn}}_{\\rm{ej}}$', unit=None, boundary='reflective')
00:39 INFO    : Ebv=0.0
00:39 INFO    : timeshift=0.0
00:39 INFO    : Analysis likelihood noise evidence: 0.0
00:39 INFO    : Analysis likelihood class: <class 'nmma.em.likelihood.OpticalLightCurve'>
00:39 INFO    : Analysis likelihood noise evidence: 0.0
00:39 INFO    : Analysis likelihood class: <class 'nmma.em.likelihood.OpticalLightCurve'>
00:39 INFO    : luminosity_distance=LogUniform(minimum=1, maximum=500, name='luminosity_distance', latex_label='$D_L$', unit=None, boundary=None)
00:39 INFO    : Analysis likelihood noise evidence: 0.0
00:39 INFO    : Analysis likelihood class: <class 'nmma.em.likelihood.OpticalLightCurve'>
00:39 INFO    : Analysis likelihood noise evidence: 0.0
00:39 INFO    : timeshift=0.0
00:39 INFO    : Analysis likelihood class: <class 'nmma.em.likelihood.OpticalLightCurve'>
00:39 INFO    : em_syserr=1.0
00:39 INFO    : log10_mej_wind=Uniform(minimum=-3.0, maximum=-0.5, name='log10_mej_wind', latex_label='$\\log_{10}M^{\\rm{wind}}_{\\rm{ej}}$', unit=None, boundary='reflective')
00:39 INFO    : Analysis likelihood noise evidence: 0.0
00:39 INFO    : Analysis likelihood noise evidence: 0.0
00:39 INFO    : timeshift=0.0
00:39 INFO    : Analysis likelihood noise evidence: 0.0
00:39 INFO    : luminosity_distance=LogUniform(minimum=1, maximum=500, name='luminosity_distance', latex_label='$D_L$', unit=None, boundary=None)
00:39 INFO    : em_syserr=1.0
00:39 INFO    : luminosity_distance=LogUniform(minimum=1, maximum=500, name='luminosity_distance', latex_label='$D_L$', unit=None, boundary=None)
00:39 INFO    : Ebv=0.0
00:39 INFO    : Analysis likelihood noise evidence: 0.0
00:39 INFO    : em_syserr=1.0
00:39 INFO    : log10_mej_wind=Uniform(minimum=-3.0, maximum=-0.5, name='log10_mej_wind', latex_label='$\\log_{10}M^{\\rm{wind}}_{\\rm{ej}}$', unit=None, boundary='reflective')
00:39 INFO    : luminosity_distance=LogUniform(minimum=1, maximum=500, name='luminosity_distance', latex_label='$D_L$', unit=None, boundary=None)
00:39 INFO    : Ebv=0.0
00:39 INFO    : luminosity_distance=LogUniform(minimum=1, maximum=500, name='luminosity_distance', latex_label='$D_L$', unit=None, boundary=None)
00:39 INFO    : log10_mej_wind=Uniform(minimum=-3.0, maximum=-0.5, name='log10_mej_wind', latex_label='$\\log_{10}M^{\\rm{wind}}_{\\rm{ej}}$', unit=None, boundary='reflective')
00:39 INFO    : timeshift=0.0
00:39 INFO    : log10_mej_dyn=Uniform(minimum=-3.0, maximum=-1.0, name='log10_mej_dyn', latex_label='$\\log_{10}M^{\\rm{dyn}}_{\\rm{ej}}$', unit=None, boundary='reflective')
00:39 INFO    : Analysis likelihood class: <class 'nmma.em.likelihood.OpticalLightCurve'>
00:39 INFO    : timeshift=0.0
00:39 INFO    : Ebv=0.0
00:39 INFO    : Analysis likelihood class: <class 'nmma.em.likelihood.OpticalLightCurve'>
00:39 INFO    : timeshift=0.0
00:39 INFO    : em_syserr=1.0
00:39 INFO    : timeshift=0.0
00:39 INFO    : Analysis likelihood class: <class 'nmma.em.likelihood.OpticalLightCurve'>
00:39 INFO    : em_syserr=1.0
00:39 INFO    : Analysis likelihood noise evidence: 0.0
00:39 INFO    : inclination_EM=Sine(minimum=0.0, maximum=1.5707963267948966, name='inclination_EM', latex_label='$\\iota$', unit=None, boundary=None)
00:39 INFO    : Analysis likelihood noise evidence: 0.0
00:39 INFO    : Ebv=0.0
00:39 INFO    : em_syserr=1.0
00:39 INFO    : em_syserr=1.0
00:39 INFO    : Ebv=0.0
00:39 INFO    : Analysis likelihood noise evidence: 0.0
00:39 INFO    : Analysis likelihood class: <class 'nmma.em.likelihood.OpticalLightCurve'>
00:39 INFO    : Ebv=0.0
00:39 INFO    : Ebv=0.0
00:39 INFO    : inclination_EM=Sine(minimum=0.0, maximum=1.5707963267948966, name='inclination_EM', latex_label='$\\iota$', unit=None, boundary=None)
00:39 INFO    : Analysis likelihood class: <class 'nmma.em.likelihood.OpticalLightCurve'>
00:39 INFO    : log10_mej_wind=Uniform(minimum=-3.0, maximum=-0.5, name='log10_mej_wind', latex_label='$\\log_{10}M^{\\rm{wind}}_{\\rm{ej}}$', unit=None, boundary='reflective')
00:39 INFO    : inclination_EM=Sine(minimum=0.0, maximum=1.5707963267948966, name='inclination_EM', latex_label='$\\iota$', unit=None, boundary=None)
00:39 INFO    : Analysis likelihood noise evidence: 0.0
00:39 INFO    : Analysis likelihood class: <class 'nmma.em.likelihood.OpticalLightCurve'>
00:39 INFO    : Analysis likelihood class: <class 'nmma.em.likelihood.OpticalLightCurve'>
00:39 INFO    : Analysis likelihood noise evidence: 0.0
00:39 INFO    : Analysis likelihood noise evidence: 0.0
00:39 INFO    : Analysis likelihood noise evidence: 0.0
00:39 INFO    : luminosity_distance=LogUniform(minimum=1, maximum=500, name='luminosity_distance', latex_label='$D_L$', unit=None, boundary=None)
00:39 INFO    : Analysis priors:
00:39 INFO    : timeshift=0.0
00:39 INFO    : luminosity_distance=LogUniform(minimum=1, maximum=500, name='luminosity_distance', latex_label='$D_L$', unit=None, boundary=None)
00:39 INFO    : luminosity_distance=LogUniform(minimum=1, maximum=500, name='luminosity_distance', latex_label='$D_L$', unit=None, boundary=None)
00:39 INFO    : inclination_EM=Sine(minimum=0.0, maximum=1.5707963267948966, name='inclination_EM', latex_label='$\\iota$', unit=None, boundary=None)
00:39 INFO    : em_syserr=1.0
00:39 INFO    : timeshift=0.0
00:39 INFO    : timeshift=0.0
00:39 INFO    : Ebv=0.0
00:39 INFO    : em_syserr=1.0
00:39 INFO    : em_syserr=1.0
00:39 INFO    : Analysis likelihood class: <class 'nmma.em.likelihood.OpticalLightCurve'>
00:39 INFO    : Ebv=0.0
00:39 INFO    : Ebv=0.0
00:39 INFO    : Analysis likelihood noise evidence: 0.0
00:39 INFO    : Analysis likelihood class: <class 'nmma.em.likelihood.OpticalLightCurve'>
00:39 INFO    : Analysis likelihood class: <class 'nmma.em.likelihood.OpticalLightCurve'>
00:39 INFO    : luminosity_distance=LogUniform(minimum=1, maximum=500, name='luminosity_distance', latex_label='$D_L$', unit=None, boundary=None)
00:39 INFO    : Analysis likelihood noise evidence: 0.0
00:39 INFO    : Analysis likelihood noise evidence: 0.0
00:39 INFO    : timeshift=0.0
00:39 INFO    : em_syserr=1.0
00:39 INFO    : Ebv=0.0
00:39 INFO    : Analysis likelihood class: <class 'nmma.em.likelihood.OpticalLightCurve'>
00:39 INFO    : Analysis likelihood noise evidence: 0.0
00:39 INFO    : KNphi=Uniform(minimum=15.0, maximum=75.0, name='KNphi', latex_label='$\\Phi$', unit=None, boundary=None)
00:39 INFO    : log10_mej_dyn=Uniform(minimum=-3.0, maximum=-1.0, name='log10_mej_dyn', latex_label='$\\log_{10}M^{\\rm{dyn}}_{\\rm{ej}}$', unit=None, boundary='reflective')
00:39 INFO    : log10_mej_wind=Uniform(minimum=-3.0, maximum=-0.5, name='log10_mej_wind', latex_label='$\\log_{10}M^{\\rm{wind}}_{\\rm{ej}}$', unit=None, boundary='reflective')
00:39 INFO    : inclination_EM=Sine(minimum=0.0, maximum=1.5707963267948966, name='inclination_EM', latex_label='$\\iota$', unit=None, boundary=None)
00:39 INFO    : luminosity_distance=LogUniform(minimum=1, maximum=500, name='luminosity_distance', latex_label='$D_L$', unit=None, boundary=None)
00:39 INFO    : timeshift=0.0
00:39 INFO    : em_syserr=1.0
00:39 INFO    : Ebv=0.0
00:39 INFO    : Analysis likelihood class: <class 'nmma.em.likelihood.OpticalLightCurve'>
00:39 INFO    : Analysis likelihood noise evidence: 0.0
00:39 INFO    : Analysis priors:
00:39 INFO    : KNphi=Uniform(minimum=15.0, maximum=75.0, name='KNphi', latex_label='$\\Phi$', unit=None, boundary=None)
00:39 INFO    : log10_mej_dyn=Uniform(minimum=-3.0, maximum=-1.0, name='log10_mej_dyn', latex_label='$\\log_{10}M^{\\rm{dyn}}_{\\rm{ej}}$', unit=None, boundary='reflective')
00:39 INFO    : log10_mej_wind=Uniform(minimum=-3.0, maximum=-0.5, name='log10_mej_wind', latex_label='$\\log_{10}M^{\\rm{wind}}_{\\rm{ej}}$', unit=None, boundary='reflective')
00:39 INFO    : inclination_EM=Sine(minimum=0.0, maximum=1.5707963267948966, name='inclination_EM', latex_label='$\\iota$', unit=None, boundary=None)
00:39 INFO    : luminosity_distance=LogUniform(minimum=1, maximum=500, name='luminosity_distance', latex_label='$D_L$', unit=None, boundary=None)
00:39 INFO    : timeshift=0.0
00:39 INFO    : em_syserr=1.0
00:39 INFO    : Ebv=0.0
00:39 INFO    : Analysis likelihood class: <class 'nmma.em.likelihood.OpticalLightCurve'>
00:39 INFO    : Analysis likelihood noise evidence: 0.0
00:39 INFO    : Single likelihood evaluation took 3.048e-01 s
00:39 INFO    : Single likelihood evaluation took 3.049e-01 s
00:39 INFO    : Single likelihood evaluation took 3.052e-01 s
00:39 INFO    : Single likelihood evaluation took 3.055e-01 s
00:40 INFO    : Single likelihood evaluation took 3.070e-01 s
00:40 INFO    : Single likelihood evaluation took 3.078e-01 s
00:40 WARNING : Supplied argument 'queue_size' not an argument of 'Pymultinest', removing.
00:40 WARNING : Supplied argument 'check_point_delta_t' not an argument of 'Pymultinest', removing.
00:40 INFO    : Using sampler Pymultinest with kwargs {'importance_nested_sampling': False, 'resume': True, 'verbose': True, 'sampling_efficiency': 'parameter', 'n_live_points': 2048, 'n_params': 5, 'n_clustering_params': None, 'wrapped_params': None, 'multimodal': True, 'const_efficiency_mode': False, 'evidence_tolerance': 0.5, 'n_iter_before_update': 100, 'null_log_evidence': -1e+90, 'max_modes': 100, 'mode_tolerance': -1e+90, 'seed': 42, 'context': 0, 'write_output': True, 'log_zero': -1e+100, 'max_iter': 0, 'init_MPI': False, 'dump_callback': <bound method Pymultinest._dump_callback of <bilby.core.sampler.pymultinest.Pymultinest object at 0x1555021ff640>>}
00:40 INFO    : Temporary directory incompatible with MPI, will run in original directory
00:40 INFO    : Single likelihood evaluation took 3.079e-01 s
00:40 WARNING : Supplied argument 'queue_size' not an argument of 'Pymultinest', removing.
00:40 WARNING : Supplied argument 'check_point_delta_t' not an argument of 'Pymultinest', removing.
00:40 INFO    : Single likelihood evaluation took 3.081e-01 s
00:40 WARNING : Supplied argument 'queue_size' not an argument of 'Pymultinest', removing.
00:40 WARNING : Supplied argument 'check_point_delta_t' not an argument of 'Pymultinest', removing.
00:40 WARNING : Supplied argument 'queue_size' not an argument of 'Pymultinest', removing.
00:40 WARNING : Supplied argument 'check_point_delta_t' not an argument of 'Pymultinest', removing.
00:40 WARNING : Supplied argument 'queue_size' not an argument of 'Pymultinest', removing.
00:40 WARNING : Supplied argument 'check_point_delta_t' not an argument of 'Pymultinest', removing.
00:40 INFO    : Single likelihood evaluation took 3.094e-01 s
00:40 INFO    : Single likelihood evaluation took 3.096e-01 s
00:40 INFO    : Single likelihood evaluation took 3.097e-01 s
00:40 WARNING : Supplied argument 'queue_size' not an argument of 'Pymultinest', removing.
00:40 WARNING : Supplied argument 'check_point_delta_t' not an argument of 'Pymultinest', removing.
00:40 WARNING : Supplied argument 'queue_size' not an argument of 'Pymultinest', removing.
00:40 WARNING : Supplied argument 'check_point_delta_t' not an argument of 'Pymultinest', removing.
00:40 WARNING : Supplied argument 'queue_size' not an argument of 'Pymultinest', removing.
00:40 WARNING : Supplied argument 'check_point_delta_t' not an argument of 'Pymultinest', removing.
00:40 INFO    : Using output file outdirBNSBu32cores/pm_Simu2019lm/
00:40 INFO    : Using sampler Pymultinest with kwargs {'importance_nested_sampling': False, 'resume': True, 'verbose': True, 'sampling_efficiency': 'parameter', 'n_live_points': 2048, 'n_params': 5, 'n_clustering_params': None, 'wrapped_params': None, 'multimodal': True, 'const_efficiency_mode': False, 'evidence_tolerance': 0.5, 'n_iter_before_update': 100, 'null_log_evidence': -1e+90, 'max_modes': 100, 'mode_tolerance': -1e+90, 'seed': 42, 'context': 0, 'write_output': True, 'log_zero': -1e+100, 'max_iter': 0, 'init_MPI': False, 'dump_callback': <bound method Pymultinest._dump_callback of <bilby.core.sampler.pymultinest.Pymultinest object at 0x1555017bbee0>>}
00:40 INFO    : Using sampler Pymultinest with kwargs {'importance_nested_sampling': False, 'resume': True, 'verbose': True, 'sampling_efficiency': 'parameter', 'n_live_points': 2048, 'n_params': 5, 'n_clustering_params': None, 'wrapped_params': None, 'multimodal': True, 'const_efficiency_mode': False, 'evidence_tolerance': 0.5, 'n_iter_before_update': 100, 'null_log_evidence': -1e+90, 'max_modes': 100, 'mode_tolerance': -1e+90, 'seed': 42, 'context': 0, 'write_output': True, 'log_zero': -1e+100, 'max_iter': 0, 'init_MPI': False, 'dump_callback': <bound method Pymultinest._dump_callback of <bilby.core.sampler.pymultinest.Pymultinest object at 0x1555017bbeb0>>}
00:40 INFO    : Using sampler Pymultinest with kwargs {'importance_nested_sampling': False, 'resume': True, 'verbose': True, 'sampling_efficiency': 'parameter', 'n_live_points': 2048, 'n_params': 5, 'n_clustering_params': None, 'wrapped_params': None, 'multimodal': True, 'const_efficiency_mode': False, 'evidence_tolerance': 0.5, 'n_iter_before_update': 100, 'null_log_evidence': -1e+90, 'max_modes': 100, 'mode_tolerance': -1e+90, 'seed': 42, 'context': 0, 'write_output': True, 'log_zero': -1e+100, 'max_iter': 0, 'init_MPI': False, 'dump_callback': <bound method Pymultinest._dump_callback of <bilby.core.sampler.pymultinest.Pymultinest object at 0x1555017bbee0>>}
00:40 INFO    : Using sampler Pymultinest with kwargs {'importance_nested_sampling': False, 'resume': True, 'verbose': True, 'sampling_efficiency': 'parameter', 'n_live_points': 2048, 'n_params': 5, 'n_clustering_params': None, 'wrapped_params': None, 'multimodal': True, 'const_efficiency_mode': False, 'evidence_tolerance': 0.5, 'n_iter_before_update': 100, 'null_log_evidence': -1e+90, 'max_modes': 100, 'mode_tolerance': -1e+90, 'seed': 42, 'context': 0, 'write_output': True, 'log_zero': -1e+100, 'max_iter': 0, 'init_MPI': False, 'dump_callback': <bound method Pymultinest._dump_callback of <bilby.core.sampler.pymultinest.Pymultinest object at 0x1555017bfee0>>}
00:40 INFO    : Using sampler Pymultinest with kwargs {'importance_nested_sampling': False, 'resume': True, 'verbose': True, 'sampling_efficiency': 'parameter', 'n_live_points': 2048, 'n_params': 5, 'n_clustering_params': None, 'wrapped_params': None, 'multimodal': True, 'const_efficiency_mode': False, 'evidence_tolerance': 0.5, 'n_iter_before_update': 100, 'null_log_evidence': -1e+90, 'max_modes': 100, 'mode_tolerance': -1e+90, 'seed': 42, 'context': 0, 'write_output': True, 'log_zero': -1e+100, 'max_iter': 0, 'init_MPI': False, 'dump_callback': <bound method Pymultinest._dump_callback of <bilby.core.sampler.pymultinest.Pymultinest object at 0x1555017bbee0>>}
00:40 INFO    : Temporary directory incompatible with MPI, will run in original directory
00:40 INFO    : Using sampler Pymultinest with kwargs {'importance_nested_sampling': False, 'resume': True, 'verbose': True, 'sampling_efficiency': 'parameter', 'n_live_points': 2048, 'n_params': 5, 'n_clustering_params': None, 'wrapped_params': None, 'multimodal': True, 'const_efficiency_mode': False, 'evidence_tolerance': 0.5, 'n_iter_before_update': 100, 'null_log_evidence': -1e+90, 'max_modes': 100, 'mode_tolerance': -1e+90, 'seed': 42, 'context': 0, 'write_output': True, 'log_zero': -1e+100, 'max_iter': 0, 'init_MPI': False, 'dump_callback': <bound method Pymultinest._dump_callback of <bilby.core.sampler.pymultinest.Pymultinest object at 0x1555017bbe80>>}
00:40 INFO    : Temporary directory incompatible with MPI, will run in original directory
00:40 INFO    : Temporary directory incompatible with MPI, will run in original directory
00:40 INFO    : Temporary directory incompatible with MPI, will run in original directory
00:40 INFO    : Temporary directory incompatible with MPI, will run in original directory
00:40 INFO    : Using sampler Pymultinest with kwargs {'importance_nested_sampling': False, 'resume': True, 'verbose': True, 'sampling_efficiency': 'parameter', 'n_live_points': 2048, 'n_params': 5, 'n_clustering_params': None, 'wrapped_params': None, 'multimodal': True, 'const_efficiency_mode': False, 'evidence_tolerance': 0.5, 'n_iter_before_update': 100, 'null_log_evidence': -1e+90, 'max_modes': 100, 'mode_tolerance': -1e+90, 'seed': 42, 'context': 0, 'write_output': True, 'log_zero': -1e+100, 'max_iter': 0, 'init_MPI': False, 'dump_callback': <bound method Pymultinest._dump_callback of <bilby.core.sampler.pymultinest.Pymultinest object at 0x1555017bff40>>}
00:40 INFO    : Temporary directory incompatible with MPI, will run in original directory
00:40 INFO    : Temporary directory incompatible with MPI, will run in original directory
00:40 INFO    : Using output file outdirBNSBu32cores/pm_Simu2019lm/
00:40 INFO    : Using output file outdirBNSBu32cores/pm_Simu2019lm/
00:40 INFO    : Using output file outdirBNSBu32cores/pm_Simu2019lm/
00:40 INFO    : Using output file outdirBNSBu32cores/pm_Simu2019lm/
00:40 INFO    : Using output file outdirBNSBu32cores/pm_Simu2019lm/
00:40 INFO    : Using output file outdirBNSBu32cores/pm_Simu2019lm/
00:40 INFO    : Using output file outdirBNSBu32cores/pm_Simu2019lm/
00:40 WARNING : Supplied argument 'queue_size' not an argument of 'Pymultinest', removing.
00:40 WARNING : Supplied argument 'check_point_delta_t' not an argument of 'Pymultinest', removing.
00:40 INFO    : Using sampler Pymultinest with kwargs {'importance_nested_sampling': False, 'resume': True, 'verbose': True, 'sampling_efficiency': 'parameter', 'n_live_points': 2048, 'n_params': 5, 'n_clustering_params': None, 'wrapped_params': None, 'multimodal': True, 'const_efficiency_mode': False, 'evidence_tolerance': 0.5, 'n_iter_before_update': 100, 'null_log_evidence': -1e+90, 'max_modes': 100, 'mode_tolerance': -1e+90, 'seed': 42, 'context': 0, 'write_output': True, 'log_zero': -1e+100, 'max_iter': 0, 'init_MPI': False, 'dump_callback': <bound method Pymultinest._dump_callback of <bilby.core.sampler.pymultinest.Pymultinest object at 0x1555017bbeb0>>}
00:40 INFO    : Temporary directory incompatible with MPI, will run in original directory
00:40 INFO    : Single likelihood evaluation took 3.112e-01 s
00:40 INFO    : Using output file outdirBNSBu32cores/pm_Simu2019lm/
00:40 WARNING : Supplied argument 'queue_size' not an argument of 'Pymultinest', removing.
00:40 WARNING : Supplied argument 'check_point_delta_t' not an argument of 'Pymultinest', removing.
00:40 INFO    : Using sampler Pymultinest with kwargs {'importance_nested_sampling': False, 'resume': True, 'verbose': True, 'sampling_efficiency': 'parameter', 'n_live_points': 2048, 'n_params': 5, 'n_clustering_params': None, 'wrapped_params': None, 'multimodal': True, 'const_efficiency_mode': False, 'evidence_tolerance': 0.5, 'n_iter_before_update': 100, 'null_log_evidence': -1e+90, 'max_modes': 100, 'mode_tolerance': -1e+90, 'seed': 42, 'context': 0, 'write_output': True, 'log_zero': -1e+100, 'max_iter': 0, 'init_MPI': False, 'dump_callback': <bound method Pymultinest._dump_callback of <bilby.core.sampler.pymultinest.Pymultinest object at 0x1555017bbeb0>>}
00:40 INFO    : Temporary directory incompatible with MPI, will run in original directory
00:40 INFO    : Using output file outdirBNSBu32cores/pm_Simu2019lm/
00:40 WARNING : Supplied argument 'queue_size' not an argument of 'Pymultinest', removing.
00:40 WARNING : Supplied argument 'check_point_delta_t' not an argument of 'Pymultinest', removing.
00:40 INFO    : Using sampler Pymultinest with kwargs {'importance_nested_sampling': False, 'resume': True, 'verbose': True, 'sampling_efficiency': 'parameter', 'n_live_points': 2048, 'n_params': 5, 'n_clustering_params': None, 'wrapped_params': None, 'multimodal': True, 'const_efficiency_mode': False, 'evidence_tolerance': 0.5, 'n_iter_before_update': 100, 'null_log_evidence': -1e+90, 'max_modes': 100, 'mode_tolerance': -1e+90, 'seed': 42, 'context': 0, 'write_output': True, 'log_zero': -1e+100, 'max_iter': 0, 'init_MPI': False, 'dump_callback': <bound method Pymultinest._dump_callback of <bilby.core.sampler.pymultinest.Pymultinest object at 0x1555017bbee0>>}
00:40 INFO    : Temporary directory incompatible with MPI, will run in original directory
00:40 INFO    : Using output file outdirBNSBu32cores/pm_Simu2019lm/
00:40 WARNING : Supplied argument 'queue_size' not an argument of 'Pymultinest', removing.
00:40 WARNING : Supplied argument 'check_point_delta_t' not an argument of 'Pymultinest', removing.
00:40 INFO    : Using sampler Pymultinest with kwargs {'importance_nested_sampling': False, 'resume': True, 'verbose': True, 'sampling_efficiency': 'parameter', 'n_live_points': 2048, 'n_params': 5, 'n_clustering_params': None, 'wrapped_params': None, 'multimodal': True, 'const_efficiency_mode': False, 'evidence_tolerance': 0.5, 'n_iter_before_update': 100, 'null_log_evidence': -1e+90, 'max_modes': 100, 'mode_tolerance': -1e+90, 'seed': 42, 'context': 0, 'write_output': True, 'log_zero': -1e+100, 'max_iter': 0, 'init_MPI': False, 'dump_callback': <bound method Pymultinest._dump_callback of <bilby.core.sampler.pymultinest.Pymultinest object at 0x1555017bbee0>>}
00:40 INFO    : Temporary directory incompatible with MPI, will run in original directory
00:40 INFO    : Using output file outdirBNSBu32cores/pm_Simu2019lm/
00:40 INFO    : Single likelihood evaluation took 3.130e-01 s
00:40 WARNING : Supplied argument 'queue_size' not an argument of 'Pymultinest', removing.
00:40 WARNING : Supplied argument 'check_point_delta_t' not an argument of 'Pymultinest', removing.
00:40 INFO    : Using sampler Pymultinest with kwargs {'importance_nested_sampling': False, 'resume': True, 'verbose': True, 'sampling_efficiency': 'parameter', 'n_live_points': 2048, 'n_params': 5, 'n_clustering_params': None, 'wrapped_params': None, 'multimodal': True, 'const_efficiency_mode': False, 'evidence_tolerance': 0.5, 'n_iter_before_update': 100, 'null_log_evidence': -1e+90, 'max_modes': 100, 'mode_tolerance': -1e+90, 'seed': 42, 'context': 0, 'write_output': True, 'log_zero': -1e+100, 'max_iter': 0, 'init_MPI': False, 'dump_callback': <bound method Pymultinest._dump_callback of <bilby.core.sampler.pymultinest.Pymultinest object at 0x1555017bbeb0>>}
00:40 INFO    : Temporary directory incompatible with MPI, will run in original directory
00:40 INFO    : Using output file outdirBNSBu32cores/pm_Simu2019lm/
00:40 INFO    : Single likelihood evaluation took 3.140e-01 s
00:40 INFO    : Single likelihood evaluation took 3.146e-01 s
00:40 INFO    : Single likelihood evaluation took 3.147e-01 s
00:40 WARNING : Supplied argument 'queue_size' not an argument of 'Pymultinest', removing.
00:40 WARNING : Supplied argument 'check_point_delta_t' not an argument of 'Pymultinest', removing.
00:40 INFO    : Using sampler Pymultinest with kwargs {'importance_nested_sampling': False, 'resume': True, 'verbose': True, 'sampling_efficiency': 'parameter', 'n_live_points': 2048, 'n_params': 5, 'n_clustering_params': None, 'wrapped_params': None, 'multimodal': True, 'const_efficiency_mode': False, 'evidence_tolerance': 0.5, 'n_iter_before_update': 100, 'null_log_evidence': -1e+90, 'max_modes': 100, 'mode_tolerance': -1e+90, 'seed': 42, 'context': 0, 'write_output': True, 'log_zero': -1e+100, 'max_iter': 0, 'init_MPI': False, 'dump_callback': <bound method Pymultinest._dump_callback of <bilby.core.sampler.pymultinest.Pymultinest object at 0x1555017b7e20>>}
00:40 INFO    : Temporary directory incompatible with MPI, will run in original directory
00:40 INFO    : Using output file outdirBNSBu32cores/pm_Simu2019lm/
00:40 WARNING : Supplied argument 'queue_size' not an argument of 'Pymultinest', removing.
00:40 WARNING : Supplied argument 'check_point_delta_t' not an argument of 'Pymultinest', removing.
00:40 INFO    : Using sampler Pymultinest with kwargs {'importance_nested_sampling': False, 'resume': True, 'verbose': True, 'sampling_efficiency': 'parameter', 'n_live_points': 2048, 'n_params': 5, 'n_clustering_params': None, 'wrapped_params': None, 'multimodal': True, 'const_efficiency_mode': False, 'evidence_tolerance': 0.5, 'n_iter_before_update': 100, 'null_log_evidence': -1e+90, 'max_modes': 100, 'mode_tolerance': -1e+90, 'seed': 42, 'context': 0, 'write_output': True, 'log_zero': -1e+100, 'max_iter': 0, 'init_MPI': False, 'dump_callback': <bound method Pymultinest._dump_callback of <bilby.core.sampler.pymultinest.Pymultinest object at 0x1555017b7f40>>}
00:40 INFO    : Temporary directory incompatible with MPI, will run in original directory
00:40 INFO    : Using output file outdirBNSBu32cores/pm_Simu2019lm/
00:40 WARNING : Supplied argument 'queue_size' not an argument of 'Pymultinest', removing.
00:40 WARNING : Supplied argument 'check_point_delta_t' not an argument of 'Pymultinest', removing.
00:40 INFO    : Using sampler Pymultinest with kwargs {'importance_nested_sampling': False, 'resume': True, 'verbose': True, 'sampling_efficiency': 'parameter', 'n_live_points': 2048, 'n_params': 5, 'n_clustering_params': None, 'wrapped_params': None, 'multimodal': True, 'const_efficiency_mode': False, 'evidence_tolerance': 0.5, 'n_iter_before_update': 100, 'null_log_evidence': -1e+90, 'max_modes': 100, 'mode_tolerance': -1e+90, 'seed': 42, 'context': 0, 'write_output': True, 'log_zero': -1e+100, 'max_iter': 0, 'init_MPI': False, 'dump_callback': <bound method Pymultinest._dump_callback of <bilby.core.sampler.pymultinest.Pymultinest object at 0x1555017b7f70>>}
00:40 INFO    : Temporary directory incompatible with MPI, will run in original directory
00:40 INFO    : Using output file outdirBNSBu32cores/pm_Simu2019lm/
00:40 INFO    : Single likelihood evaluation took 3.507e-01 s
00:40 INFO    : Single likelihood evaluation took 3.507e-01 s
00:40 INFO    : Single likelihood evaluation took 3.511e-01 s
00:40 INFO    : Single likelihood evaluation took 3.521e-01 s
00:40 INFO    : Single likelihood evaluation took 3.525e-01 s
00:40 INFO    : Single likelihood evaluation took 3.535e-01 s
00:40 INFO    : Single likelihood evaluation took 3.531e-01 s
00:40 INFO    : Single likelihood evaluation took 3.534e-01 s
00:40 WARNING : Supplied argument 'queue_size' not an argument of 'Pymultinest', removing.
00:40 WARNING : Supplied argument 'check_point_delta_t' not an argument of 'Pymultinest', removing.
00:40 WARNING : Supplied argument 'queue_size' not an argument of 'Pymultinest', removing.
00:40 WARNING : Supplied argument 'check_point_delta_t' not an argument of 'Pymultinest', removing.
00:40 INFO    : Using sampler Pymultinest with kwargs {'importance_nested_sampling': False, 'resume': True, 'verbose': True, 'sampling_efficiency': 'parameter', 'n_live_points': 2048, 'n_params': 5, 'n_clustering_params': None, 'wrapped_params': None, 'multimodal': True, 'const_efficiency_mode': False, 'evidence_tolerance': 0.5, 'n_iter_before_update': 100, 'null_log_evidence': -1e+90, 'max_modes': 100, 'mode_tolerance': -1e+90, 'seed': 42, 'context': 0, 'write_output': True, 'log_zero': -1e+100, 'max_iter': 0, 'init_MPI': False, 'dump_callback': <bound method Pymultinest._dump_callback of <bilby.core.sampler.pymultinest.Pymultinest object at 0x1555017b7eb0>>}
00:40 INFO    : Using sampler Pymultinest with kwargs {'importance_nested_sampling': False, 'resume': True, 'verbose': True, 'sampling_efficiency': 'parameter', 'n_live_points': 2048, 'n_params': 5, 'n_clustering_params': None, 'wrapped_params': None, 'multimodal': True, 'const_efficiency_mode': False, 'evidence_tolerance': 0.5, 'n_iter_before_update': 100, 'null_log_evidence': -1e+90, 'max_modes': 100, 'mode_tolerance': -1e+90, 'seed': 42, 'context': 0, 'write_output': True, 'log_zero': -1e+100, 'max_iter': 0, 'init_MPI': False, 'dump_callback': <bound method Pymultinest._dump_callback of <bilby.core.sampler.pymultinest.Pymultinest object at 0x1555017bbf10>>}
00:40 INFO    : Temporary directory incompatible with MPI, will run in original directory
00:40 INFO    : Temporary directory incompatible with MPI, will run in original directory
00:40 INFO    : Using output file outdirBNSBu32cores/pm_Simu2019lm/
00:40 INFO    : Using output file outdirBNSBu32cores/pm_Simu2019lm/
00:40 WARNING : Supplied argument 'queue_size' not an argument of 'Pymultinest', removing.
00:40 WARNING : Supplied argument 'check_point_delta_t' not an argument of 'Pymultinest', removing.
00:40 INFO    : Using sampler Pymultinest with kwargs {'importance_nested_sampling': False, 'resume': True, 'verbose': True, 'sampling_efficiency': 'parameter', 'n_live_points': 2048, 'n_params': 5, 'n_clustering_params': None, 'wrapped_params': None, 'multimodal': True, 'const_efficiency_mode': False, 'evidence_tolerance': 0.5, 'n_iter_before_update': 100, 'null_log_evidence': -1e+90, 'max_modes': 100, 'mode_tolerance': -1e+90, 'seed': 42, 'context': 0, 'write_output': True, 'log_zero': -1e+100, 'max_iter': 0, 'init_MPI': False, 'dump_callback': <bound method Pymultinest._dump_callback of <bilby.core.sampler.pymultinest.Pymultinest object at 0x1555017bbf40>>}
00:40 INFO    : Temporary directory incompatible with MPI, will run in original directory
00:40 INFO    : Using output file outdirBNSBu32cores/pm_Simu2019lm/
00:40 WARNING : Supplied argument 'queue_size' not an argument of 'Pymultinest', removing.
00:40 WARNING : Supplied argument 'check_point_delta_t' not an argument of 'Pymultinest', removing.
00:40 WARNING : Supplied argument 'queue_size' not an argument of 'Pymultinest', removing.
00:40 WARNING : Supplied argument 'check_point_delta_t' not an argument of 'Pymultinest', removing.
00:40 INFO    : Using sampler Pymultinest with kwargs {'importance_nested_sampling': False, 'resume': True, 'verbose': True, 'sampling_efficiency': 'parameter', 'n_live_points': 2048, 'n_params': 5, 'n_clustering_params': None, 'wrapped_params': None, 'multimodal': True, 'const_efficiency_mode': False, 'evidence_tolerance': 0.5, 'n_iter_before_update': 100, 'null_log_evidence': -1e+90, 'max_modes': 100, 'mode_tolerance': -1e+90, 'seed': 42, 'context': 0, 'write_output': True, 'log_zero': -1e+100, 'max_iter': 0, 'init_MPI': False, 'dump_callback': <bound method Pymultinest._dump_callback of <bilby.core.sampler.pymultinest.Pymultinest object at 0x1555017bbe80>>}
00:40 INFO    : Using sampler Pymultinest with kwargs {'importance_nested_sampling': False, 'resume': True, 'verbose': True, 'sampling_efficiency': 'parameter', 'n_live_points': 2048, 'n_params': 5, 'n_clustering_params': None, 'wrapped_params': None, 'multimodal': True, 'const_efficiency_mode': False, 'evidence_tolerance': 0.5, 'n_iter_before_update': 100, 'null_log_evidence': -1e+90, 'max_modes': 100, 'mode_tolerance': -1e+90, 'seed': 42, 'context': 0, 'write_output': True, 'log_zero': -1e+100, 'max_iter': 0, 'init_MPI': False, 'dump_callback': <bound method Pymultinest._dump_callback of <bilby.core.sampler.pymultinest.Pymultinest object at 0x1555017bbe50>>}
00:40 INFO    : Temporary directory incompatible with MPI, will run in original directory
00:40 INFO    : Temporary directory incompatible with MPI, will run in original directory
00:40 INFO    : Using output file outdirBNSBu32cores/pm_Simu2019lm/
00:40 INFO    : Using output file outdirBNSBu32cores/pm_Simu2019lm/
00:40 WARNING : Supplied argument 'queue_size' not an argument of 'Pymultinest', removing.
00:40 WARNING : Supplied argument 'check_point_delta_t' not an argument of 'Pymultinest', removing.
00:40 WARNING : Supplied argument 'queue_size' not an argument of 'Pymultinest', removing.
00:40 WARNING : Supplied argument 'check_point_delta_t' not an argument of 'Pymultinest', removing.
00:40 INFO    : Using sampler Pymultinest with kwargs {'importance_nested_sampling': False, 'resume': True, 'verbose': True, 'sampling_efficiency': 'parameter', 'n_live_points': 2048, 'n_params': 5, 'n_clustering_params': None, 'wrapped_params': None, 'multimodal': True, 'const_efficiency_mode': False, 'evidence_tolerance': 0.5, 'n_iter_before_update': 100, 'null_log_evidence': -1e+90, 'max_modes': 100, 'mode_tolerance': -1e+90, 'seed': 42, 'context': 0, 'write_output': True, 'log_zero': -1e+100, 'max_iter': 0, 'init_MPI': False, 'dump_callback': <bound method Pymultinest._dump_callback of <bilby.core.sampler.pymultinest.Pymultinest object at 0x1555017bff10>>}
00:40 INFO    : Using sampler Pymultinest with kwargs {'importance_nested_sampling': False, 'resume': True, 'verbose': True, 'sampling_efficiency': 'parameter', 'n_live_points': 2048, 'n_params': 5, 'n_clustering_params': None, 'wrapped_params': None, 'multimodal': True, 'const_efficiency_mode': False, 'evidence_tolerance': 0.5, 'n_iter_before_update': 100, 'null_log_evidence': -1e+90, 'max_modes': 100, 'mode_tolerance': -1e+90, 'seed': 42, 'context': 0, 'write_output': True, 'log_zero': -1e+100, 'max_iter': 0, 'init_MPI': False, 'dump_callback': <bound method Pymultinest._dump_callback of <bilby.core.sampler.pymultinest.Pymultinest object at 0x1555017bbf10>>}
00:40 INFO    : Temporary directory incompatible with MPI, will run in original directory
00:40 INFO    : Temporary directory incompatible with MPI, will run in original directory
00:40 INFO    : Using output file outdirBNSBu32cores/pm_Simu2019lm/
00:40 INFO    : Using output file outdirBNSBu32cores/pm_Simu2019lm/
00:40 WARNING : Supplied argument 'queue_size' not an argument of 'Pymultinest', removing.
00:40 WARNING : Supplied argument 'check_point_delta_t' not an argument of 'Pymultinest', removing.
00:40 INFO    : Using sampler Pymultinest with kwargs {'importance_nested_sampling': False, 'resume': True, 'verbose': True, 'sampling_efficiency': 'parameter', 'n_live_points': 2048, 'n_params': 5, 'n_clustering_params': None, 'wrapped_params': None, 'multimodal': True, 'const_efficiency_mode': False, 'evidence_tolerance': 0.5, 'n_iter_before_update': 100, 'null_log_evidence': -1e+90, 'max_modes': 100, 'mode_tolerance': -1e+90, 'seed': 42, 'context': 0, 'write_output': True, 'log_zero': -1e+100, 'max_iter': 0, 'init_MPI': False, 'dump_callback': <bound method Pymultinest._dump_callback of <bilby.core.sampler.pymultinest.Pymultinest object at 0x1555017bbf70>>}
00:40 INFO    : Temporary directory incompatible with MPI, will run in original directory
00:40 INFO    : Using output file outdirBNSBu32cores/pm_Simu2019lm/
00:40 INFO    : Single likelihood evaluation took 3.572e-01 s
00:40 INFO    : Single likelihood evaluation took 3.572e-01 s
00:40 INFO    : Single likelihood evaluation took 3.582e-01 s
00:40 INFO    : Single likelihood evaluation took 3.585e-01 s
00:40 WARNING : Supplied argument 'queue_size' not an argument of 'Pymultinest', removing.
00:40 WARNING : Supplied argument 'check_point_delta_t' not an argument of 'Pymultinest', removing.
00:40 INFO    : Using sampler Pymultinest with kwargs {'importance_nested_sampling': False, 'resume': True, 'verbose': True, 'sampling_efficiency': 'parameter', 'n_live_points': 2048, 'n_params': 5, 'n_clustering_params': None, 'wrapped_params': None, 'multimodal': True, 'const_efficiency_mode': False, 'evidence_tolerance': 0.5, 'n_iter_before_update': 100, 'null_log_evidence': -1e+90, 'max_modes': 100, 'mode_tolerance': -1e+90, 'seed': 42, 'context': 0, 'write_output': True, 'log_zero': -1e+100, 'max_iter': 0, 'init_MPI': False, 'dump_callback': <bound method Pymultinest._dump_callback of <bilby.core.sampler.pymultinest.Pymultinest object at 0x1555017bff10>>}
00:40 INFO    : Temporary directory incompatible with MPI, will run in original directory
00:40 WARNING : Supplied argument 'queue_size' not an argument of 'Pymultinest', removing.
00:40 INFO    : Using output file outdirBNSBu32cores/pm_Simu2019lm/
00:40 WARNING : Supplied argument 'check_point_delta_t' not an argument of 'Pymultinest', removing.
00:40 INFO    : Using sampler Pymultinest with kwargs {'importance_nested_sampling': False, 'resume': True, 'verbose': True, 'sampling_efficiency': 'parameter', 'n_live_points': 2048, 'n_params': 5, 'n_clustering_params': None, 'wrapped_params': None, 'multimodal': True, 'const_efficiency_mode': False, 'evidence_tolerance': 0.5, 'n_iter_before_update': 100, 'null_log_evidence': -1e+90, 'max_modes': 100, 'mode_tolerance': -1e+90, 'seed': 42, 'context': 0, 'write_output': True, 'log_zero': -1e+100, 'max_iter': 0, 'init_MPI': False, 'dump_callback': <bound method Pymultinest._dump_callback of <bilby.core.sampler.pymultinest.Pymultinest object at 0x1555017bff40>>}
00:40 INFO    : Temporary directory incompatible with MPI, will run in original directory
00:40 INFO    : Using output file outdirBNSBu32cores/pm_Simu2019lm/
00:40 WARNING : Supplied argument 'queue_size' not an argument of 'Pymultinest', removing.
00:40 WARNING : Supplied argument 'queue_size' not an argument of 'Pymultinest', removing.
00:40 WARNING : Supplied argument 'check_point_delta_t' not an argument of 'Pymultinest', removing.
00:40 WARNING : Supplied argument 'check_point_delta_t' not an argument of 'Pymultinest', removing.
00:40 INFO    : Using sampler Pymultinest with kwargs {'importance_nested_sampling': False, 'resume': True, 'verbose': True, 'sampling_efficiency': 'parameter', 'n_live_points': 2048, 'n_params': 5, 'n_clustering_params': None, 'wrapped_params': None, 'multimodal': True, 'const_efficiency_mode': False, 'evidence_tolerance': 0.5, 'n_iter_before_update': 100, 'null_log_evidence': -1e+90, 'max_modes': 100, 'mode_tolerance': -1e+90, 'seed': 42, 'context': 0, 'write_output': True, 'log_zero': -1e+100, 'max_iter': 0, 'init_MPI': False, 'dump_callback': <bound method Pymultinest._dump_callback of <bilby.core.sampler.pymultinest.Pymultinest object at 0x1555017bbee0>>}
00:40 INFO    : Using sampler Pymultinest with kwargs {'importance_nested_sampling': False, 'resume': True, 'verbose': True, 'sampling_efficiency': 'parameter', 'n_live_points': 2048, 'n_params': 5, 'n_clustering_params': None, 'wrapped_params': None, 'multimodal': True, 'const_efficiency_mode': False, 'evidence_tolerance': 0.5, 'n_iter_before_update': 100, 'null_log_evidence': -1e+90, 'max_modes': 100, 'mode_tolerance': -1e+90, 'seed': 42, 'context': 0, 'write_output': True, 'log_zero': -1e+100, 'max_iter': 0, 'init_MPI': False, 'dump_callback': <bound method Pymultinest._dump_callback of <bilby.core.sampler.pymultinest.Pymultinest object at 0x1555017bfeb0>>}
00:40 INFO    : Temporary directory incompatible with MPI, will run in original directory
00:40 INFO    : Temporary directory incompatible with MPI, will run in original directory
00:40 INFO    : Using output file outdirBNSBu32cores/pm_Simu2019lm/
00:40 INFO    : Using output file outdirBNSBu32cores/pm_Simu2019lm/
00:40 INFO    : Single likelihood evaluation took 3.620e-01 s
00:40 INFO    : Single likelihood evaluation took 3.620e-01 s
00:40 INFO    : Single likelihood evaluation took 3.621e-01 s
00:40 INFO    : Single likelihood evaluation took 3.621e-01 s
00:40 WARNING : Supplied argument 'queue_size' not an argument of 'Pymultinest', removing.
00:40 WARNING : Supplied argument 'check_point_delta_t' not an argument of 'Pymultinest', removing.
00:40 INFO    : Using sampler Pymultinest with kwargs {'importance_nested_sampling': False, 'resume': True, 'verbose': True, 'sampling_efficiency': 'parameter', 'n_live_points': 2048, 'n_params': 5, 'n_clustering_params': None, 'wrapped_params': None, 'multimodal': True, 'const_efficiency_mode': False, 'evidence_tolerance': 0.5, 'n_iter_before_update': 100, 'null_log_evidence': -1e+90, 'max_modes': 100, 'mode_tolerance': -1e+90, 'seed': 42, 'context': 0, 'write_output': True, 'log_zero': -1e+100, 'max_iter': 0, 'init_MPI': False, 'dump_callback': <bound method Pymultinest._dump_callback of <bilby.core.sampler.pymultinest.Pymultinest object at 0x1555017bbee0>>}
00:40 INFO    : Temporary directory incompatible with MPI, will run in original directory
00:40 INFO    : Using output file outdirBNSBu32cores/pm_Simu2019lm/
00:40 WARNING : Supplied argument 'queue_size' not an argument of 'Pymultinest', removing.
00:40 WARNING : Supplied argument 'check_point_delta_t' not an argument of 'Pymultinest', removing.
00:40 INFO    : Using sampler Pymultinest with kwargs {'importance_nested_sampling': False, 'resume': True, 'verbose': True, 'sampling_efficiency': 'parameter', 'n_live_points': 2048, 'n_params': 5, 'n_clustering_params': None, 'wrapped_params': None, 'multimodal': True, 'const_efficiency_mode': False, 'evidence_tolerance': 0.5, 'n_iter_before_update': 100, 'null_log_evidence': -1e+90, 'max_modes': 100, 'mode_tolerance': -1e+90, 'seed': 42, 'context': 0, 'write_output': True, 'log_zero': -1e+100, 'max_iter': 0, 'init_MPI': False, 'dump_callback': <bound method Pymultinest._dump_callback of <bilby.core.sampler.pymultinest.Pymultinest object at 0x1555017bbf40>>}
00:40 INFO    : Temporary directory incompatible with MPI, will run in original directory
00:40 INFO    : Using output file outdirBNSBu32cores/pm_Simu2019lm/
00:40 WARNING : Supplied argument 'queue_size' not an argument of 'Pymultinest', removing.
00:40 WARNING : Supplied argument 'check_point_delta_t' not an argument of 'Pymultinest', removing.
00:40 INFO    : Using sampler Pymultinest with kwargs {'importance_nested_sampling': False, 'resume': True, 'verbose': True, 'sampling_efficiency': 'parameter', 'n_live_points': 2048, 'n_params': 5, 'n_clustering_params': None, 'wrapped_params': None, 'multimodal': True, 'const_efficiency_mode': False, 'evidence_tolerance': 0.5, 'n_iter_before_update': 100, 'null_log_evidence': -1e+90, 'max_modes': 100, 'mode_tolerance': -1e+90, 'seed': 42, 'context': 0, 'write_output': True, 'log_zero': -1e+100, 'max_iter': 0, 'init_MPI': False, 'dump_callback': <bound method Pymultinest._dump_callback of <bilby.core.sampler.pymultinest.Pymultinest object at 0x1555017bbee0>>}
00:40 INFO    : Temporary directory incompatible with MPI, will run in original directory
00:40 WARNING : Supplied argument 'queue_size' not an argument of 'Pymultinest', removing.
00:40 INFO    : Using output file outdirBNSBu32cores/pm_Simu2019lm/
00:40 WARNING : Supplied argument 'check_point_delta_t' not an argument of 'Pymultinest', removing.
00:40 INFO    : Using sampler Pymultinest with kwargs {'importance_nested_sampling': False, 'resume': True, 'verbose': True, 'sampling_efficiency': 'parameter', 'n_live_points': 2048, 'n_params': 5, 'n_clustering_params': None, 'wrapped_params': None, 'multimodal': True, 'const_efficiency_mode': False, 'evidence_tolerance': 0.5, 'n_iter_before_update': 100, 'null_log_evidence': -1e+90, 'max_modes': 100, 'mode_tolerance': -1e+90, 'seed': 42, 'context': 0, 'write_output': True, 'log_zero': -1e+100, 'max_iter': 0, 'init_MPI': False, 'dump_callback': <bound method Pymultinest._dump_callback of <bilby.core.sampler.pymultinest.Pymultinest object at 0x1555017bff40>>}
00:40 INFO    : Temporary directory incompatible with MPI, will run in original directory
00:40 INFO    : Using output file outdirBNSBu32cores/pm_Simu2019lm/
01:21 INFO    : Sampling time: 0:41:23.816875
01:21 INFO    : Sampling time: 0:41:28.688252
01:21 INFO    : Sampling time: 0:41:23.816771
01:21 INFO    : Sampling time: 0:41:24.165733
01:21 INFO    : Sampling time: 0:41:24.222723
01:21 INFO    : Sampling time: 0:41:24.381140
01:21 INFO    : Sampling time: 0:41:24.361676
01:21 INFO    : Sampling time: 0:41:24.381820
01:21 INFO    : Sampling time: 0:41:28.752530
01:21 INFO    : Sampling time: 0:41:24.223270
01:21 INFO    : Sampling time: 0:41:28.662114
01:21 INFO    : Sampling time: 0:41:28.688501
01:21 INFO    : Sampling time: 0:41:24.166361
01:21 INFO    : Sampling time: 0:41:23.456858
01:21 INFO    : Sampling time: 0:41:23.469647
01:21 INFO    : Sampling time: 0:41:23.456292
01:21 INFO    : Sampling time: 0:41:28.756749
01:21 INFO    : Sampling time: 0:41:28.745002
01:21 INFO    : Sampling time: 0:41:28.757748
01:21 INFO    : Sampling time: 0:41:28.748366
01:21 INFO    : Sampling time: 0:41:28.235861
01:21 INFO    : Sampling time: 0:41:28.299727
01:21 INFO    : Sampling time: 0:41:28.585667
01:21 INFO    : Sampling time: 0:41:28.765795
01:21 INFO    : Sampling time: 0:41:24.164130
01:21 INFO    : Sampling time: 0:41:28.761088
01:21 INFO    : Sampling time: 0:41:28.435188
01:21 INFO    : Sampling time: 0:41:28.752302
01:21 INFO    : Sampling time: 0:41:23.910097
01:21 INFO    : Sampling time: 0:41:23.473022
01:21 INFO    : Sampling time: 0:41:28.253620
01:21 INFO    : Sampling time: 0:41:23.913582
01:21 ERROR   : 

Saving the data has failed with the following message:
[Errno 116] Stale file handle
Data has been dumped to outdirBNSBu32cores/Simu2019lm_result.pkl.


01:21 ERROR   : 

Saving the data has failed with the following message:
[Errno 116] Stale file handle
Data has been dumped to outdirBNSBu32cores/Simu2019lm_result.pkl.


01:21 ERROR   : 

Saving the data has failed with the following message:
[Errno 116] Stale file handle
Data has been dumped to outdirBNSBu32cores/Simu2019lm_result.pkl.


01:21 ERROR   : 

Saving the data has failed with the following message:
[Errno 116] Stale file handle
Data has been dumped to outdirBNSBu32cores/Simu2019lm_result.pkl.


01:21 INFO    : Summary of results:
nsamples: 11128
ln_noise_evidence:  0.000
ln_evidence: -97.184 +/-  0.059
ln_bayes_factor: -97.184 +/-  0.059

01:21 INFO    : Summary of results:
nsamples: 11128
ln_noise_evidence:  0.000
ln_evidence: -97.184 +/-  0.059
ln_bayes_factor: -97.184 +/-  0.059

01:21 INFO    : Summary of results:
nsamples: 11128
ln_noise_evidence:  0.000
ln_evidence: -97.184 +/-  0.059
ln_bayes_factor: -97.184 +/-  0.059

01:21 INFO    : Writing samples file to /home/thussenot/kilonovae-H0/lcsimu/1perday38/grizyJHK/outdirBNSBu32cores/Simu2019lm_posterior_samples.dat
01:21 INFO    : Summary of results:
nsamples: 11128
ln_noise_evidence:  0.000
ln_evidence: -97.184 +/-  0.059
ln_bayes_factor: -97.184 +/-  0.059

03:17 INFO    : Running for label 'Simu2019lm', output will be saved to 'outdirBNSBu32cores'
03:17 INFO    : Analysis priors:
03:17 INFO    : KNphi=Uniform(minimum=15.0, maximum=75.0, name='KNphi', latex_label='$\\Phi$', unit=None, boundary=None)
03:17 INFO    : log10_mej_dyn=Uniform(minimum=-3.0, maximum=-1.0, name='log10_mej_dyn', latex_label='$\\log_{10}M^{\\rm{dyn}}_{\\rm{ej}}$', unit=None, boundary='reflective')
03:17 INFO    : log10_mej_wind=Uniform(minimum=-3.0, maximum=-0.5, name='log10_mej_wind', latex_label='$\\log_{10}M^{\\rm{wind}}_{\\rm{ej}}$', unit=None, boundary='reflective')
03:17 INFO    : inclination_EM=Sine(minimum=0.0, maximum=1.5707963267948966, name='inclination_EM', latex_label='$\\iota$', unit=None, boundary=None)
03:17 INFO    : luminosity_distance=LogUniform(minimum=1, maximum=500, name='luminosity_distance', latex_label='$D_L$', unit=None, boundary=None)
03:17 INFO    : timeshift=0.0
03:17 INFO    : em_syserr=1.0
03:17 INFO    : Ebv=0.0
03:17 INFO    : Analysis likelihood class: <class 'nmma.em.likelihood.OpticalLightCurve'>
03:17 INFO    : Analysis likelihood noise evidence: 0.0
03:17 INFO    : Single likelihood evaluation took 5.967e-02 s
03:17 WARNING : Supplied argument 'queue_size' not an argument of 'Pymultinest', removing.
03:17 WARNING : Supplied argument 'check_point_delta_t' not an argument of 'Pymultinest', removing.
03:17 WARNING : Using cached result
03:17 INFO    : Summary of results:
nsamples: 11128
ln_noise_evidence:  0.000
ln_evidence: -97.184 +/-  0.059
ln_bayes_factor: -97.184 +/-  0.059

03:17 INFO    : Writing samples file to /home/thussenot/kilonovae-H0/lcsimu/1perday38/grizyJHK/outdirBNSBu32cores/Simu2019lm_posterior_samples.dat
