06:37 bilby INFO    : Running for label '170817in14days', output will be saved to 'outdirBNSBu32cores'
06:37 bilby INFO    : Analysis priors:
06:37 bilby INFO    : log10_mej_dyn=Uniform(minimum=-3.0, maximum=-1.0, name='log10_mej_dyn', latex_label='$\\log_{10}M^{\\rm{dyn}}_{\\rm{ej}}$', unit=None, boundary='reflective')
06:37 bilby INFO    : log10_mej_wind=Uniform(minimum=-3.0, maximum=-0.5, name='log10_mej_wind', latex_label='$\\log_{10}M^{\\rm{wind}}_{\\rm{ej}}$', unit=None, boundary='reflective')
06:37 bilby INFO    : KNphi=Uniform(minimum=15.0, maximum=75.0, name='KNphi', latex_label='$\\Phi$', unit=None, boundary=None)
06:37 bilby INFO    : inclination_EM=Sine(minimum=0.0, maximum=1.5707963267948966, name='inclination_EM', latex_label='$\\iota$', unit=None, boundary=None)
06:37 bilby INFO    : luminosity_distance=LogUniform(minimum=1, maximum=500, name='luminosity_distance', latex_label='$D_L$', unit=None, boundary=None)
06:37 bilby INFO    : timeshift=0.0
06:37 bilby INFO    : em_syserr=1.0
06:37 bilby INFO    : Ebv=0.0
06:37 bilby INFO    : Analysis likelihood class: <class 'nmma.em.likelihood.OpticalLightCurve'>
06:37 bilby INFO    : Analysis likelihood noise evidence: 0.0
06:37 bilby INFO    : Single likelihood evaluation took 1.230e-01 s
06:37 bilby WARNING : Supplied argument 'queue_size' not an argument of 'Pymultinest', removing.
06:37 bilby WARNING : Supplied argument 'check_point_delta_t' not an argument of 'Pymultinest', removing.
06:37 bilby WARNING : Using cached result
06:37 bilby INFO    : Summary of results:
nsamples: 12116
ln_noise_evidence:  0.000
ln_evidence: -155.005 +/-  0.065
ln_bayes_factor: -155.005 +/-  0.065

06:37 bilby INFO    : Writing samples file to /home/thussenot/kilonovae-H0/170817/As2020Bu2019/Bu2019fixedT0/outdirBNSBu32cores/170817in14days_posterior_samples.dat
/home/thussenot/.conda/envs/multinest/lib/python3.10/site-packages/matplotlib/axes/_base.py:2503: UserWarning: Warning: converting a masked element to nan.
  xys = np.asarray(xys)
