03:51 INFO    : Running for label 'InjectionRecoveryIterations', output will be saved to 'outdirBNSBu32cores'
03:51 INFO    : Running for label 'InjectionRecoveryIterations', output will be saved to 'outdirBNSBu32cores'
03:51 INFO    : Running for label 'InjectionRecoveryIterations', output will be saved to 'outdirBNSBu32cores'
03:51 INFO    : Running for label 'InjectionRecoveryIterations', output will be saved to 'outdirBNSBu32cores'
03:51 INFO    : Running for label 'InjectionRecoveryIterations', output will be saved to 'outdirBNSBu32cores'
03:51 INFO    : Running for label 'InjectionRecoveryIterations', output will be saved to 'outdirBNSBu32cores'
03:51 INFO    : Running for label 'InjectionRecoveryIterations', output will be saved to 'outdirBNSBu32cores'
03:51 INFO    : Running for label 'InjectionRecoveryIterations', output will be saved to 'outdirBNSBu32cores'
03:51 INFO    : Running for label 'InjectionRecoveryIterations', output will be saved to 'outdirBNSBu32cores'
03:51 INFO    : Running for label 'InjectionRecoveryIterations', output will be saved to 'outdirBNSBu32cores'
03:51 INFO    : Running for label 'InjectionRecoveryIterations', output will be saved to 'outdirBNSBu32cores'
03:51 INFO    : Running for label 'InjectionRecoveryIterations', output will be saved to 'outdirBNSBu32cores'
03:51 INFO    : Running for label 'InjectionRecoveryIterations', output will be saved to 'outdirBNSBu32cores'
03:51 INFO    : Running for label 'InjectionRecoveryIterations', output will be saved to 'outdirBNSBu32cores'
03:51 INFO    : Running for label 'InjectionRecoveryIterations', output will be saved to 'outdirBNSBu32cores'
03:51 INFO    : Running for label 'InjectionRecoveryIterations', output will be saved to 'outdirBNSBu32cores'
03:51 INFO    : Running for label 'InjectionRecoveryIterations', output will be saved to 'outdirBNSBu32cores'
03:51 INFO    : Running for label 'InjectionRecoveryIterations', output will be saved to 'outdirBNSBu32cores'
03:51 INFO    : Running for label 'InjectionRecoveryIterations', output will be saved to 'outdirBNSBu32cores'
03:51 INFO    : Running for label 'InjectionRecoveryIterations', output will be saved to 'outdirBNSBu32cores'
03:51 INFO    : Running for label 'InjectionRecoveryIterations', output will be saved to 'outdirBNSBu32cores'
03:51 INFO    : Running for label 'InjectionRecoveryIterations', output will be saved to 'outdirBNSBu32cores'
03:51 INFO    : Running for label 'InjectionRecoveryIterations', output will be saved to 'outdirBNSBu32cores'
03:51 INFO    : Running for label 'InjectionRecoveryIterations', output will be saved to 'outdirBNSBu32cores'
03:51 INFO    : Running for label 'InjectionRecoveryIterations', output will be saved to 'outdirBNSBu32cores'
03:51 INFO    : Running for label 'InjectionRecoveryIterations', output will be saved to 'outdirBNSBu32cores'
03:51 INFO    : Running for label 'InjectionRecoveryIterations', output will be saved to 'outdirBNSBu32cores'
03:51 INFO    : Running for label 'InjectionRecoveryIterations', output will be saved to 'outdirBNSBu32cores'
03:51 INFO    : Running for label 'InjectionRecoveryIterations', output will be saved to 'outdirBNSBu32cores'
03:51 INFO    : Running for label 'InjectionRecoveryIterations', output will be saved to 'outdirBNSBu32cores'
03:51 INFO    : Running for label 'InjectionRecoveryIterations', output will be saved to 'outdirBNSBu32cores'
03:51 INFO    : Running for label 'InjectionRecoveryIterations', output will be saved to 'outdirBNSBu32cores'
03:51 INFO    : Analysis priors:
03:51 INFO    : Analysis priors:
03:51 INFO    : Analysis priors:
03:51 INFO    : Analysis priors:
03:51 INFO    : Analysis priors:
03:51 INFO    : Analysis priors:
03:51 INFO    : Analysis priors:
03:51 INFO    : Analysis priors:
03:51 INFO    : Analysis priors:
03:51 INFO    : Analysis priors:
03:51 INFO    : Analysis priors:
03:51 INFO    : Analysis priors:
03:51 INFO    : Analysis priors:
03:51 INFO    : Analysis priors:
03:51 INFO    : Analysis priors:
03:51 INFO    : Analysis priors:
03:51 INFO    : Analysis priors:
03:51 INFO    : Analysis priors:
03:51 INFO    : Analysis priors:
03:51 INFO    : Analysis priors:
03:51 INFO    : Analysis priors:
03:51 INFO    : Analysis priors:
03:51 INFO    : Analysis priors:
03:51 INFO    : Analysis priors:
03:51 INFO    : Analysis priors:
03:51 INFO    : Analysis priors:
03:51 INFO    : Analysis priors:
03:51 INFO    : KNphi=Uniform(minimum=15.0, maximum=75.0, name='KNphi', latex_label='$\\Phi$', unit=None, boundary=None)
03:51 INFO    : Analysis priors:
03:51 INFO    : Analysis priors:
03:51 INFO    : Analysis priors:
03:51 INFO    : Analysis priors:
03:51 INFO    : KNphi=Uniform(minimum=15.0, maximum=75.0, name='KNphi', latex_label='$\\Phi$', unit=None, boundary=None)
03:51 INFO    : KNphi=Uniform(minimum=15.0, maximum=75.0, name='KNphi', latex_label='$\\Phi$', unit=None, boundary=None)
03:51 INFO    : KNphi=Uniform(minimum=15.0, maximum=75.0, name='KNphi', latex_label='$\\Phi$', unit=None, boundary=None)
03:51 INFO    : KNphi=Uniform(minimum=15.0, maximum=75.0, name='KNphi', latex_label='$\\Phi$', unit=None, boundary=None)
03:51 INFO    : KNphi=Uniform(minimum=15.0, maximum=75.0, name='KNphi', latex_label='$\\Phi$', unit=None, boundary=None)
03:51 INFO    : log10_mej_dyn=Uniform(minimum=-3.0, maximum=-1.0, name='log10_mej_dyn', latex_label='$\\log_{10}M^{\\rm{dyn}}_{\\rm{ej}}$', unit=None, boundary='reflective')
03:51 INFO    : log10_mej_dyn=Uniform(minimum=-3.0, maximum=-1.0, name='log10_mej_dyn', latex_label='$\\log_{10}M^{\\rm{dyn}}_{\\rm{ej}}$', unit=None, boundary='reflective')
03:51 INFO    : log10_mej_dyn=Uniform(minimum=-3.0, maximum=-1.0, name='log10_mej_dyn', latex_label='$\\log_{10}M^{\\rm{dyn}}_{\\rm{ej}}$', unit=None, boundary='reflective')
03:51 INFO    : log10_mej_dyn=Uniform(minimum=-3.0, maximum=-1.0, name='log10_mej_dyn', latex_label='$\\log_{10}M^{\\rm{dyn}}_{\\rm{ej}}$', unit=None, boundary='reflective')
03:51 INFO    : log10_mej_dyn=Uniform(minimum=-3.0, maximum=-1.0, name='log10_mej_dyn', latex_label='$\\log_{10}M^{\\rm{dyn}}_{\\rm{ej}}$', unit=None, boundary='reflective')
03:51 INFO    : log10_mej_wind=Uniform(minimum=-3.0, maximum=-0.5, name='log10_mej_wind', latex_label='$\\log_{10}M^{\\rm{wind}}_{\\rm{ej}}$', unit=None, boundary='reflective')
03:51 INFO    : log10_mej_wind=Uniform(minimum=-3.0, maximum=-0.5, name='log10_mej_wind', latex_label='$\\log_{10}M^{\\rm{wind}}_{\\rm{ej}}$', unit=None, boundary='reflective')
03:51 INFO    : log10_mej_wind=Uniform(minimum=-3.0, maximum=-0.5, name='log10_mej_wind', latex_label='$\\log_{10}M^{\\rm{wind}}_{\\rm{ej}}$', unit=None, boundary='reflective')
03:51 INFO    : log10_mej_wind=Uniform(minimum=-3.0, maximum=-0.5, name='log10_mej_wind', latex_label='$\\log_{10}M^{\\rm{wind}}_{\\rm{ej}}$', unit=None, boundary='reflective')
03:51 INFO    : log10_mej_wind=Uniform(minimum=-3.0, maximum=-0.5, name='log10_mej_wind', latex_label='$\\log_{10}M^{\\rm{wind}}_{\\rm{ej}}$', unit=None, boundary='reflective')
03:51 INFO    : KNphi=Uniform(minimum=15.0, maximum=75.0, name='KNphi', latex_label='$\\Phi$', unit=None, boundary=None)
03:51 INFO    : inclination_EM=Sine(minimum=0.0, maximum=1.5707963267948966, name='inclination_EM', latex_label='$\\iota$', unit=None, boundary=None)
03:51 INFO    : inclination_EM=Sine(minimum=0.0, maximum=1.5707963267948966, name='inclination_EM', latex_label='$\\iota$', unit=None, boundary=None)
03:51 INFO    : inclination_EM=Sine(minimum=0.0, maximum=1.5707963267948966, name='inclination_EM', latex_label='$\\iota$', unit=None, boundary=None)
03:51 INFO    : inclination_EM=Sine(minimum=0.0, maximum=1.5707963267948966, name='inclination_EM', latex_label='$\\iota$', unit=None, boundary=None)
03:51 INFO    : inclination_EM=Sine(minimum=0.0, maximum=1.5707963267948966, name='inclination_EM', latex_label='$\\iota$', unit=None, boundary=None)
03:51 INFO    : log10_mej_dyn=Uniform(minimum=-3.0, maximum=-1.0, name='log10_mej_dyn', latex_label='$\\log_{10}M^{\\rm{dyn}}_{\\rm{ej}}$', unit=None, boundary='reflective')
03:51 INFO    : luminosity_distance=LogUniform(minimum=1, maximum=500, name='luminosity_distance', latex_label='$D_L$', unit=None, boundary=None)
03:51 INFO    : luminosity_distance=LogUniform(minimum=1, maximum=500, name='luminosity_distance', latex_label='$D_L$', unit=None, boundary=None)
03:51 INFO    : log10_mej_wind=Uniform(minimum=-3.0, maximum=-0.5, name='log10_mej_wind', latex_label='$\\log_{10}M^{\\rm{wind}}_{\\rm{ej}}$', unit=None, boundary='reflective')
03:51 INFO    : luminosity_distance=LogUniform(minimum=1, maximum=500, name='luminosity_distance', latex_label='$D_L$', unit=None, boundary=None)
03:51 INFO    : luminosity_distance=LogUniform(minimum=1, maximum=500, name='luminosity_distance', latex_label='$D_L$', unit=None, boundary=None)
03:51 INFO    : luminosity_distance=LogUniform(minimum=1, maximum=500, name='luminosity_distance', latex_label='$D_L$', unit=None, boundary=None)
03:51 INFO    : timeshift=0.0
03:51 INFO    : timeshift=0.0
03:51 INFO    : timeshift=0.0
03:51 INFO    : timeshift=0.0
03:51 INFO    : timeshift=0.0
03:51 INFO    : em_syserr=1.0
03:51 INFO    : em_syserr=1.0
03:51 INFO    : em_syserr=1.0
03:51 INFO    : em_syserr=1.0
03:51 INFO    : em_syserr=1.0
03:51 INFO    : Ebv=0.0
03:51 INFO    : Ebv=0.0
03:51 INFO    : Ebv=0.0
03:51 INFO    : Ebv=0.0
03:51 INFO    : Ebv=0.0
03:51 INFO    : inclination_EM=Sine(minimum=0.0, maximum=1.5707963267948966, name='inclination_EM', latex_label='$\\iota$', unit=None, boundary=None)
03:51 INFO    : Analysis likelihood class: <class 'nmma.em.likelihood.OpticalLightCurve'>
03:51 INFO    : Analysis likelihood class: <class 'nmma.em.likelihood.OpticalLightCurve'>
03:51 INFO    : Analysis likelihood class: <class 'nmma.em.likelihood.OpticalLightCurve'>
03:51 INFO    : Analysis likelihood class: <class 'nmma.em.likelihood.OpticalLightCurve'>
03:51 INFO    : Analysis likelihood class: <class 'nmma.em.likelihood.OpticalLightCurve'>
03:51 INFO    : Analysis likelihood noise evidence: 0.0
03:51 INFO    : Analysis likelihood noise evidence: 0.0
03:51 INFO    : Analysis likelihood noise evidence: 0.0
03:51 INFO    : Analysis likelihood noise evidence: 0.0
03:51 INFO    : Analysis likelihood noise evidence: 0.0
03:51 INFO    : luminosity_distance=LogUniform(minimum=1, maximum=500, name='luminosity_distance', latex_label='$D_L$', unit=None, boundary=None)
03:51 INFO    : timeshift=0.0
03:51 INFO    : em_syserr=1.0
03:51 INFO    : Ebv=0.0
03:51 INFO    : Analysis likelihood class: <class 'nmma.em.likelihood.OpticalLightCurve'>
03:51 INFO    : Analysis likelihood noise evidence: 0.0
03:51 INFO    : KNphi=Uniform(minimum=15.0, maximum=75.0, name='KNphi', latex_label='$\\Phi$', unit=None, boundary=None)
03:51 INFO    : KNphi=Uniform(minimum=15.0, maximum=75.0, name='KNphi', latex_label='$\\Phi$', unit=None, boundary=None)
03:51 INFO    : KNphi=Uniform(minimum=15.0, maximum=75.0, name='KNphi', latex_label='$\\Phi$', unit=None, boundary=None)
03:51 INFO    : KNphi=Uniform(minimum=15.0, maximum=75.0, name='KNphi', latex_label='$\\Phi$', unit=None, boundary=None)
03:51 INFO    : KNphi=Uniform(minimum=15.0, maximum=75.0, name='KNphi', latex_label='$\\Phi$', unit=None, boundary=None)
03:51 INFO    : KNphi=Uniform(minimum=15.0, maximum=75.0, name='KNphi', latex_label='$\\Phi$', unit=None, boundary=None)
03:51 INFO    : KNphi=Uniform(minimum=15.0, maximum=75.0, name='KNphi', latex_label='$\\Phi$', unit=None, boundary=None)
03:51 INFO    : log10_mej_dyn=Uniform(minimum=-3.0, maximum=-1.0, name='log10_mej_dyn', latex_label='$\\log_{10}M^{\\rm{dyn}}_{\\rm{ej}}$', unit=None, boundary='reflective')
03:51 INFO    : KNphi=Uniform(minimum=15.0, maximum=75.0, name='KNphi', latex_label='$\\Phi$', unit=None, boundary=None)
03:51 INFO    : KNphi=Uniform(minimum=15.0, maximum=75.0, name='KNphi', latex_label='$\\Phi$', unit=None, boundary=None)
03:51 INFO    : KNphi=Uniform(minimum=15.0, maximum=75.0, name='KNphi', latex_label='$\\Phi$', unit=None, boundary=None)
03:51 INFO    : KNphi=Uniform(minimum=15.0, maximum=75.0, name='KNphi', latex_label='$\\Phi$', unit=None, boundary=None)
03:51 INFO    : KNphi=Uniform(minimum=15.0, maximum=75.0, name='KNphi', latex_label='$\\Phi$', unit=None, boundary=None)
03:51 INFO    : KNphi=Uniform(minimum=15.0, maximum=75.0, name='KNphi', latex_label='$\\Phi$', unit=None, boundary=None)
03:51 INFO    : KNphi=Uniform(minimum=15.0, maximum=75.0, name='KNphi', latex_label='$\\Phi$', unit=None, boundary=None)
03:51 INFO    : KNphi=Uniform(minimum=15.0, maximum=75.0, name='KNphi', latex_label='$\\Phi$', unit=None, boundary=None)
03:51 INFO    : KNphi=Uniform(minimum=15.0, maximum=75.0, name='KNphi', latex_label='$\\Phi$', unit=None, boundary=None)
03:51 INFO    : KNphi=Uniform(minimum=15.0, maximum=75.0, name='KNphi', latex_label='$\\Phi$', unit=None, boundary=None)
03:51 INFO    : KNphi=Uniform(minimum=15.0, maximum=75.0, name='KNphi', latex_label='$\\Phi$', unit=None, boundary=None)
03:51 INFO    : KNphi=Uniform(minimum=15.0, maximum=75.0, name='KNphi', latex_label='$\\Phi$', unit=None, boundary=None)
03:51 INFO    : log10_mej_dyn=Uniform(minimum=-3.0, maximum=-1.0, name='log10_mej_dyn', latex_label='$\\log_{10}M^{\\rm{dyn}}_{\\rm{ej}}$', unit=None, boundary='reflective')
03:51 INFO    : log10_mej_dyn=Uniform(minimum=-3.0, maximum=-1.0, name='log10_mej_dyn', latex_label='$\\log_{10}M^{\\rm{dyn}}_{\\rm{ej}}$', unit=None, boundary='reflective')
03:51 INFO    : KNphi=Uniform(minimum=15.0, maximum=75.0, name='KNphi', latex_label='$\\Phi$', unit=None, boundary=None)
03:51 INFO    : KNphi=Uniform(minimum=15.0, maximum=75.0, name='KNphi', latex_label='$\\Phi$', unit=None, boundary=None)
03:51 INFO    : log10_mej_dyn=Uniform(minimum=-3.0, maximum=-1.0, name='log10_mej_dyn', latex_label='$\\log_{10}M^{\\rm{dyn}}_{\\rm{ej}}$', unit=None, boundary='reflective')
03:51 INFO    : KNphi=Uniform(minimum=15.0, maximum=75.0, name='KNphi', latex_label='$\\Phi$', unit=None, boundary=None)
03:51 INFO    : KNphi=Uniform(minimum=15.0, maximum=75.0, name='KNphi', latex_label='$\\Phi$', unit=None, boundary=None)
03:51 INFO    : log10_mej_wind=Uniform(minimum=-3.0, maximum=-0.5, name='log10_mej_wind', latex_label='$\\log_{10}M^{\\rm{wind}}_{\\rm{ej}}$', unit=None, boundary='reflective')
03:51 INFO    : KNphi=Uniform(minimum=15.0, maximum=75.0, name='KNphi', latex_label='$\\Phi$', unit=None, boundary=None)
03:51 INFO    : log10_mej_dyn=Uniform(minimum=-3.0, maximum=-1.0, name='log10_mej_dyn', latex_label='$\\log_{10}M^{\\rm{dyn}}_{\\rm{ej}}$', unit=None, boundary='reflective')
03:51 INFO    : log10_mej_dyn=Uniform(minimum=-3.0, maximum=-1.0, name='log10_mej_dyn', latex_label='$\\log_{10}M^{\\rm{dyn}}_{\\rm{ej}}$', unit=None, boundary='reflective')
03:51 INFO    : log10_mej_dyn=Uniform(minimum=-3.0, maximum=-1.0, name='log10_mej_dyn', latex_label='$\\log_{10}M^{\\rm{dyn}}_{\\rm{ej}}$', unit=None, boundary='reflective')
03:51 INFO    : log10_mej_dyn=Uniform(minimum=-3.0, maximum=-1.0, name='log10_mej_dyn', latex_label='$\\log_{10}M^{\\rm{dyn}}_{\\rm{ej}}$', unit=None, boundary='reflective')
03:51 INFO    : log10_mej_dyn=Uniform(minimum=-3.0, maximum=-1.0, name='log10_mej_dyn', latex_label='$\\log_{10}M^{\\rm{dyn}}_{\\rm{ej}}$', unit=None, boundary='reflective')
03:51 INFO    : log10_mej_dyn=Uniform(minimum=-3.0, maximum=-1.0, name='log10_mej_dyn', latex_label='$\\log_{10}M^{\\rm{dyn}}_{\\rm{ej}}$', unit=None, boundary='reflective')
03:51 INFO    : log10_mej_dyn=Uniform(minimum=-3.0, maximum=-1.0, name='log10_mej_dyn', latex_label='$\\log_{10}M^{\\rm{dyn}}_{\\rm{ej}}$', unit=None, boundary='reflective')
03:51 INFO    : log10_mej_dyn=Uniform(minimum=-3.0, maximum=-1.0, name='log10_mej_dyn', latex_label='$\\log_{10}M^{\\rm{dyn}}_{\\rm{ej}}$', unit=None, boundary='reflective')
03:51 INFO    : log10_mej_dyn=Uniform(minimum=-3.0, maximum=-1.0, name='log10_mej_dyn', latex_label='$\\log_{10}M^{\\rm{dyn}}_{\\rm{ej}}$', unit=None, boundary='reflective')
03:51 INFO    : log10_mej_dyn=Uniform(minimum=-3.0, maximum=-1.0, name='log10_mej_dyn', latex_label='$\\log_{10}M^{\\rm{dyn}}_{\\rm{ej}}$', unit=None, boundary='reflective')
03:51 INFO    : log10_mej_dyn=Uniform(minimum=-3.0, maximum=-1.0, name='log10_mej_dyn', latex_label='$\\log_{10}M^{\\rm{dyn}}_{\\rm{ej}}$', unit=None, boundary='reflective')
03:51 INFO    : log10_mej_dyn=Uniform(minimum=-3.0, maximum=-1.0, name='log10_mej_dyn', latex_label='$\\log_{10}M^{\\rm{dyn}}_{\\rm{ej}}$', unit=None, boundary='reflective')
03:51 INFO    : log10_mej_dyn=Uniform(minimum=-3.0, maximum=-1.0, name='log10_mej_dyn', latex_label='$\\log_{10}M^{\\rm{dyn}}_{\\rm{ej}}$', unit=None, boundary='reflective')
03:51 INFO    : log10_mej_wind=Uniform(minimum=-3.0, maximum=-0.5, name='log10_mej_wind', latex_label='$\\log_{10}M^{\\rm{wind}}_{\\rm{ej}}$', unit=None, boundary='reflective')
03:51 INFO    : log10_mej_wind=Uniform(minimum=-3.0, maximum=-0.5, name='log10_mej_wind', latex_label='$\\log_{10}M^{\\rm{wind}}_{\\rm{ej}}$', unit=None, boundary='reflective')
03:51 INFO    : log10_mej_dyn=Uniform(minimum=-3.0, maximum=-1.0, name='log10_mej_dyn', latex_label='$\\log_{10}M^{\\rm{dyn}}_{\\rm{ej}}$', unit=None, boundary='reflective')
03:51 INFO    : log10_mej_wind=Uniform(minimum=-3.0, maximum=-0.5, name='log10_mej_wind', latex_label='$\\log_{10}M^{\\rm{wind}}_{\\rm{ej}}$', unit=None, boundary='reflective')
03:51 INFO    : log10_mej_dyn=Uniform(minimum=-3.0, maximum=-1.0, name='log10_mej_dyn', latex_label='$\\log_{10}M^{\\rm{dyn}}_{\\rm{ej}}$', unit=None, boundary='reflective')
03:51 INFO    : log10_mej_dyn=Uniform(minimum=-3.0, maximum=-1.0, name='log10_mej_dyn', latex_label='$\\log_{10}M^{\\rm{dyn}}_{\\rm{ej}}$', unit=None, boundary='reflective')
03:51 INFO    : log10_mej_dyn=Uniform(minimum=-3.0, maximum=-1.0, name='log10_mej_dyn', latex_label='$\\log_{10}M^{\\rm{dyn}}_{\\rm{ej}}$', unit=None, boundary='reflective')
03:51 INFO    : log10_mej_dyn=Uniform(minimum=-3.0, maximum=-1.0, name='log10_mej_dyn', latex_label='$\\log_{10}M^{\\rm{dyn}}_{\\rm{ej}}$', unit=None, boundary='reflective')
03:51 INFO    : log10_mej_wind=Uniform(minimum=-3.0, maximum=-0.5, name='log10_mej_wind', latex_label='$\\log_{10}M^{\\rm{wind}}_{\\rm{ej}}$', unit=None, boundary='reflective')
03:51 INFO    : log10_mej_wind=Uniform(minimum=-3.0, maximum=-0.5, name='log10_mej_wind', latex_label='$\\log_{10}M^{\\rm{wind}}_{\\rm{ej}}$', unit=None, boundary='reflective')
03:51 INFO    : inclination_EM=Sine(minimum=0.0, maximum=1.5707963267948966, name='inclination_EM', latex_label='$\\iota$', unit=None, boundary=None)
03:51 INFO    : log10_mej_wind=Uniform(minimum=-3.0, maximum=-0.5, name='log10_mej_wind', latex_label='$\\log_{10}M^{\\rm{wind}}_{\\rm{ej}}$', unit=None, boundary='reflective')
03:51 INFO    : log10_mej_wind=Uniform(minimum=-3.0, maximum=-0.5, name='log10_mej_wind', latex_label='$\\log_{10}M^{\\rm{wind}}_{\\rm{ej}}$', unit=None, boundary='reflective')
03:51 INFO    : log10_mej_wind=Uniform(minimum=-3.0, maximum=-0.5, name='log10_mej_wind', latex_label='$\\log_{10}M^{\\rm{wind}}_{\\rm{ej}}$', unit=None, boundary='reflective')
03:51 INFO    : log10_mej_wind=Uniform(minimum=-3.0, maximum=-0.5, name='log10_mej_wind', latex_label='$\\log_{10}M^{\\rm{wind}}_{\\rm{ej}}$', unit=None, boundary='reflective')
03:51 INFO    : log10_mej_dyn=Uniform(minimum=-3.0, maximum=-1.0, name='log10_mej_dyn', latex_label='$\\log_{10}M^{\\rm{dyn}}_{\\rm{ej}}$', unit=None, boundary='reflective')
03:51 INFO    : log10_mej_wind=Uniform(minimum=-3.0, maximum=-0.5, name='log10_mej_wind', latex_label='$\\log_{10}M^{\\rm{wind}}_{\\rm{ej}}$', unit=None, boundary='reflective')
03:51 INFO    : log10_mej_dyn=Uniform(minimum=-3.0, maximum=-1.0, name='log10_mej_dyn', latex_label='$\\log_{10}M^{\\rm{dyn}}_{\\rm{ej}}$', unit=None, boundary='reflective')
03:51 INFO    : log10_mej_dyn=Uniform(minimum=-3.0, maximum=-1.0, name='log10_mej_dyn', latex_label='$\\log_{10}M^{\\rm{dyn}}_{\\rm{ej}}$', unit=None, boundary='reflective')
03:51 INFO    : log10_mej_wind=Uniform(minimum=-3.0, maximum=-0.5, name='log10_mej_wind', latex_label='$\\log_{10}M^{\\rm{wind}}_{\\rm{ej}}$', unit=None, boundary='reflective')
03:51 INFO    : log10_mej_wind=Uniform(minimum=-3.0, maximum=-0.5, name='log10_mej_wind', latex_label='$\\log_{10}M^{\\rm{wind}}_{\\rm{ej}}$', unit=None, boundary='reflective')
03:51 INFO    : log10_mej_wind=Uniform(minimum=-3.0, maximum=-0.5, name='log10_mej_wind', latex_label='$\\log_{10}M^{\\rm{wind}}_{\\rm{ej}}$', unit=None, boundary='reflective')
03:51 INFO    : log10_mej_wind=Uniform(minimum=-3.0, maximum=-0.5, name='log10_mej_wind', latex_label='$\\log_{10}M^{\\rm{wind}}_{\\rm{ej}}$', unit=None, boundary='reflective')
03:51 INFO    : log10_mej_wind=Uniform(minimum=-3.0, maximum=-0.5, name='log10_mej_wind', latex_label='$\\log_{10}M^{\\rm{wind}}_{\\rm{ej}}$', unit=None, boundary='reflective')
03:51 INFO    : log10_mej_wind=Uniform(minimum=-3.0, maximum=-0.5, name='log10_mej_wind', latex_label='$\\log_{10}M^{\\rm{wind}}_{\\rm{ej}}$', unit=None, boundary='reflective')
03:51 INFO    : inclination_EM=Sine(minimum=0.0, maximum=1.5707963267948966, name='inclination_EM', latex_label='$\\iota$', unit=None, boundary=None)
03:51 INFO    : log10_mej_wind=Uniform(minimum=-3.0, maximum=-0.5, name='log10_mej_wind', latex_label='$\\log_{10}M^{\\rm{wind}}_{\\rm{ej}}$', unit=None, boundary='reflective')
03:51 INFO    : inclination_EM=Sine(minimum=0.0, maximum=1.5707963267948966, name='inclination_EM', latex_label='$\\iota$', unit=None, boundary=None)
03:51 INFO    : log10_mej_wind=Uniform(minimum=-3.0, maximum=-0.5, name='log10_mej_wind', latex_label='$\\log_{10}M^{\\rm{wind}}_{\\rm{ej}}$', unit=None, boundary='reflective')
03:51 INFO    : log10_mej_wind=Uniform(minimum=-3.0, maximum=-0.5, name='log10_mej_wind', latex_label='$\\log_{10}M^{\\rm{wind}}_{\\rm{ej}}$', unit=None, boundary='reflective')
03:51 INFO    : inclination_EM=Sine(minimum=0.0, maximum=1.5707963267948966, name='inclination_EM', latex_label='$\\iota$', unit=None, boundary=None)
03:51 INFO    : log10_mej_wind=Uniform(minimum=-3.0, maximum=-0.5, name='log10_mej_wind', latex_label='$\\log_{10}M^{\\rm{wind}}_{\\rm{ej}}$', unit=None, boundary='reflective')
03:51 INFO    : log10_mej_wind=Uniform(minimum=-3.0, maximum=-0.5, name='log10_mej_wind', latex_label='$\\log_{10}M^{\\rm{wind}}_{\\rm{ej}}$', unit=None, boundary='reflective')
03:51 INFO    : inclination_EM=Sine(minimum=0.0, maximum=1.5707963267948966, name='inclination_EM', latex_label='$\\iota$', unit=None, boundary=None)
03:51 INFO    : inclination_EM=Sine(minimum=0.0, maximum=1.5707963267948966, name='inclination_EM', latex_label='$\\iota$', unit=None, boundary=None)
03:51 INFO    : luminosity_distance=LogUniform(minimum=1, maximum=500, name='luminosity_distance', latex_label='$D_L$', unit=None, boundary=None)
03:51 INFO    : inclination_EM=Sine(minimum=0.0, maximum=1.5707963267948966, name='inclination_EM', latex_label='$\\iota$', unit=None, boundary=None)
03:51 INFO    : inclination_EM=Sine(minimum=0.0, maximum=1.5707963267948966, name='inclination_EM', latex_label='$\\iota$', unit=None, boundary=None)
03:51 INFO    : log10_mej_wind=Uniform(minimum=-3.0, maximum=-0.5, name='log10_mej_wind', latex_label='$\\log_{10}M^{\\rm{wind}}_{\\rm{ej}}$', unit=None, boundary='reflective')
03:51 INFO    : log10_mej_wind=Uniform(minimum=-3.0, maximum=-0.5, name='log10_mej_wind', latex_label='$\\log_{10}M^{\\rm{wind}}_{\\rm{ej}}$', unit=None, boundary='reflective')
03:51 INFO    : inclination_EM=Sine(minimum=0.0, maximum=1.5707963267948966, name='inclination_EM', latex_label='$\\iota$', unit=None, boundary=None)
03:51 INFO    : inclination_EM=Sine(minimum=0.0, maximum=1.5707963267948966, name='inclination_EM', latex_label='$\\iota$', unit=None, boundary=None)
03:51 INFO    : inclination_EM=Sine(minimum=0.0, maximum=1.5707963267948966, name='inclination_EM', latex_label='$\\iota$', unit=None, boundary=None)
03:51 INFO    : log10_mej_wind=Uniform(minimum=-3.0, maximum=-0.5, name='log10_mej_wind', latex_label='$\\log_{10}M^{\\rm{wind}}_{\\rm{ej}}$', unit=None, boundary='reflective')
03:51 INFO    : inclination_EM=Sine(minimum=0.0, maximum=1.5707963267948966, name='inclination_EM', latex_label='$\\iota$', unit=None, boundary=None)
03:51 INFO    : inclination_EM=Sine(minimum=0.0, maximum=1.5707963267948966, name='inclination_EM', latex_label='$\\iota$', unit=None, boundary=None)
03:51 INFO    : timeshift=0.0
03:51 INFO    : inclination_EM=Sine(minimum=0.0, maximum=1.5707963267948966, name='inclination_EM', latex_label='$\\iota$', unit=None, boundary=None)
03:51 INFO    : inclination_EM=Sine(minimum=0.0, maximum=1.5707963267948966, name='inclination_EM', latex_label='$\\iota$', unit=None, boundary=None)
03:51 INFO    : inclination_EM=Sine(minimum=0.0, maximum=1.5707963267948966, name='inclination_EM', latex_label='$\\iota$', unit=None, boundary=None)
03:51 INFO    : inclination_EM=Sine(minimum=0.0, maximum=1.5707963267948966, name='inclination_EM', latex_label='$\\iota$', unit=None, boundary=None)
03:51 INFO    : luminosity_distance=LogUniform(minimum=1, maximum=500, name='luminosity_distance', latex_label='$D_L$', unit=None, boundary=None)
03:51 INFO    : em_syserr=1.0
03:51 INFO    : inclination_EM=Sine(minimum=0.0, maximum=1.5707963267948966, name='inclination_EM', latex_label='$\\iota$', unit=None, boundary=None)
03:51 INFO    : inclination_EM=Sine(minimum=0.0, maximum=1.5707963267948966, name='inclination_EM', latex_label='$\\iota$', unit=None, boundary=None)
03:51 INFO    : inclination_EM=Sine(minimum=0.0, maximum=1.5707963267948966, name='inclination_EM', latex_label='$\\iota$', unit=None, boundary=None)
03:51 INFO    : luminosity_distance=LogUniform(minimum=1, maximum=500, name='luminosity_distance', latex_label='$D_L$', unit=None, boundary=None)
03:51 INFO    : luminosity_distance=LogUniform(minimum=1, maximum=500, name='luminosity_distance', latex_label='$D_L$', unit=None, boundary=None)
03:51 INFO    : luminosity_distance=LogUniform(minimum=1, maximum=500, name='luminosity_distance', latex_label='$D_L$', unit=None, boundary=None)
03:51 INFO    : inclination_EM=Sine(minimum=0.0, maximum=1.5707963267948966, name='inclination_EM', latex_label='$\\iota$', unit=None, boundary=None)
03:51 INFO    : luminosity_distance=LogUniform(minimum=1, maximum=500, name='luminosity_distance', latex_label='$D_L$', unit=None, boundary=None)
03:51 INFO    : luminosity_distance=LogUniform(minimum=1, maximum=500, name='luminosity_distance', latex_label='$D_L$', unit=None, boundary=None)
03:51 INFO    : timeshift=0.0
03:51 INFO    : Ebv=0.0
03:51 INFO    : luminosity_distance=LogUniform(minimum=1, maximum=500, name='luminosity_distance', latex_label='$D_L$', unit=None, boundary=None)
03:51 INFO    : timeshift=0.0
03:51 INFO    : timeshift=0.0
03:51 INFO    : inclination_EM=Sine(minimum=0.0, maximum=1.5707963267948966, name='inclination_EM', latex_label='$\\iota$', unit=None, boundary=None)
03:51 INFO    : luminosity_distance=LogUniform(minimum=1, maximum=500, name='luminosity_distance', latex_label='$D_L$', unit=None, boundary=None)
03:51 INFO    : inclination_EM=Sine(minimum=0.0, maximum=1.5707963267948966, name='inclination_EM', latex_label='$\\iota$', unit=None, boundary=None)
03:51 INFO    : timeshift=0.0
03:51 INFO    : luminosity_distance=LogUniform(minimum=1, maximum=500, name='luminosity_distance', latex_label='$D_L$', unit=None, boundary=None)
03:51 INFO    : inclination_EM=Sine(minimum=0.0, maximum=1.5707963267948966, name='inclination_EM', latex_label='$\\iota$', unit=None, boundary=None)
03:51 INFO    : luminosity_distance=LogUniform(minimum=1, maximum=500, name='luminosity_distance', latex_label='$D_L$', unit=None, boundary=None)
03:51 INFO    : em_syserr=1.0
03:51 INFO    : luminosity_distance=LogUniform(minimum=1, maximum=500, name='luminosity_distance', latex_label='$D_L$', unit=None, boundary=None)
03:51 INFO    : Analysis likelihood class: <class 'nmma.em.likelihood.OpticalLightCurve'>
03:51 INFO    : timeshift=0.0
03:51 INFO    : timeshift=0.0
03:51 INFO    : em_syserr=1.0
03:51 INFO    : em_syserr=1.0
03:51 INFO    : luminosity_distance=LogUniform(minimum=1, maximum=500, name='luminosity_distance', latex_label='$D_L$', unit=None, boundary=None)
03:51 INFO    : timeshift=0.0
03:51 INFO    : luminosity_distance=LogUniform(minimum=1, maximum=500, name='luminosity_distance', latex_label='$D_L$', unit=None, boundary=None)
03:51 INFO    : inclination_EM=Sine(minimum=0.0, maximum=1.5707963267948966, name='inclination_EM', latex_label='$\\iota$', unit=None, boundary=None)
03:51 INFO    : timeshift=0.0
03:51 INFO    : em_syserr=1.0
03:51 INFO    : luminosity_distance=LogUniform(minimum=1, maximum=500, name='luminosity_distance', latex_label='$D_L$', unit=None, boundary=None)
03:51 INFO    : timeshift=0.0
03:51 INFO    : Ebv=0.0
03:51 INFO    : Ebv=0.0
03:51 INFO    : Ebv=0.0
03:51 INFO    : luminosity_distance=LogUniform(minimum=1, maximum=500, name='luminosity_distance', latex_label='$D_L$', unit=None, boundary=None)
03:51 INFO    : luminosity_distance=LogUniform(minimum=1, maximum=500, name='luminosity_distance', latex_label='$D_L$', unit=None, boundary=None)
03:51 INFO    : luminosity_distance=LogUniform(minimum=1, maximum=500, name='luminosity_distance', latex_label='$D_L$', unit=None, boundary=None)
03:51 INFO    : timeshift=0.0
03:51 INFO    : timeshift=0.0
03:51 INFO    : em_syserr=1.0
03:51 INFO    : Analysis likelihood noise evidence: 0.0
03:51 INFO    : luminosity_distance=LogUniform(minimum=1, maximum=500, name='luminosity_distance', latex_label='$D_L$', unit=None, boundary=None)
03:51 INFO    : luminosity_distance=LogUniform(minimum=1, maximum=500, name='luminosity_distance', latex_label='$D_L$', unit=None, boundary=None)
03:51 INFO    : em_syserr=1.0
03:51 INFO    : em_syserr=1.0
03:51 INFO    : em_syserr=1.0
03:51 INFO    : timeshift=0.0
03:51 INFO    : timeshift=0.0
03:51 INFO    : Ebv=0.0
03:51 INFO    : em_syserr=1.0
03:51 INFO    : Analysis likelihood class: <class 'nmma.em.likelihood.OpticalLightCurve'>
03:51 INFO    : Analysis likelihood class: <class 'nmma.em.likelihood.OpticalLightCurve'>
03:51 INFO    : timeshift=0.0
03:51 INFO    : Analysis likelihood class: <class 'nmma.em.likelihood.OpticalLightCurve'>
03:51 INFO    : em_syserr=1.0
03:51 INFO    : timeshift=0.0
03:51 INFO    : em_syserr=1.0
03:51 INFO    : Ebv=0.0
03:51 INFO    : timeshift=0.0
03:51 INFO    : luminosity_distance=LogUniform(minimum=1, maximum=500, name='luminosity_distance', latex_label='$D_L$', unit=None, boundary=None)
03:51 INFO    : Ebv=0.0
03:51 INFO    : em_syserr=1.0
03:51 INFO    : timeshift=0.0
03:51 INFO    : Ebv=0.0
03:51 INFO    : Ebv=0.0
03:51 INFO    : timeshift=0.0
03:51 INFO    : timeshift=0.0
03:51 INFO    : luminosity_distance=LogUniform(minimum=1, maximum=500, name='luminosity_distance', latex_label='$D_L$', unit=None, boundary=None)
03:51 INFO    : Analysis likelihood noise evidence: 0.0
03:51 INFO    : em_syserr=1.0
03:51 INFO    : Ebv=0.0
03:51 INFO    : Analysis likelihood class: <class 'nmma.em.likelihood.OpticalLightCurve'>
03:51 INFO    : em_syserr=1.0
03:51 INFO    : Analysis likelihood noise evidence: 0.0
03:51 INFO    : Analysis likelihood noise evidence: 0.0
03:51 INFO    : Ebv=0.0
03:51 INFO    : em_syserr=1.0
03:51 INFO    : luminosity_distance=LogUniform(minimum=1, maximum=500, name='luminosity_distance', latex_label='$D_L$', unit=None, boundary=None)
03:51 INFO    : Ebv=0.0
03:51 INFO    : Analysis likelihood class: <class 'nmma.em.likelihood.OpticalLightCurve'>
03:51 INFO    : em_syserr=1.0
03:51 INFO    : Ebv=0.0
03:51 INFO    : Analysis likelihood class: <class 'nmma.em.likelihood.OpticalLightCurve'>
03:51 INFO    : luminosity_distance=LogUniform(minimum=1, maximum=500, name='luminosity_distance', latex_label='$D_L$', unit=None, boundary=None)
03:51 INFO    : em_syserr=1.0
03:51 INFO    : timeshift=0.0
03:51 INFO    : Analysis likelihood class: <class 'nmma.em.likelihood.OpticalLightCurve'>
03:51 INFO    : em_syserr=1.0
03:51 INFO    : em_syserr=1.0
03:51 INFO    : Analysis likelihood class: <class 'nmma.em.likelihood.OpticalLightCurve'>
03:51 INFO    : Analysis likelihood noise evidence: 0.0
03:51 INFO    : Ebv=0.0
03:51 INFO    : Analysis likelihood class: <class 'nmma.em.likelihood.OpticalLightCurve'>
03:51 INFO    : timeshift=0.0
03:51 INFO    : Ebv=0.0
03:51 INFO    : luminosity_distance=LogUniform(minimum=1, maximum=500, name='luminosity_distance', latex_label='$D_L$', unit=None, boundary=None)
03:51 INFO    : Analysis likelihood class: <class 'nmma.em.likelihood.OpticalLightCurve'>
03:51 INFO    : Ebv=0.0
03:51 INFO    : Analysis likelihood class: <class 'nmma.em.likelihood.OpticalLightCurve'>
03:51 INFO    : Analysis likelihood noise evidence: 0.0
03:51 INFO    : Ebv=0.0
03:51 INFO    : Analysis likelihood class: <class 'nmma.em.likelihood.OpticalLightCurve'>
03:51 INFO    : timeshift=0.0
03:51 INFO    : Ebv=0.0
03:51 INFO    : em_syserr=1.0
03:51 INFO    : Analysis likelihood noise evidence: 0.0
03:51 INFO    : Ebv=0.0
03:51 INFO    : Ebv=0.0
03:51 INFO    : timeshift=0.0
03:51 INFO    : Analysis likelihood noise evidence: 0.0
03:51 INFO    : Analysis likelihood noise evidence: 0.0
03:51 INFO    : Analysis likelihood class: <class 'nmma.em.likelihood.OpticalLightCurve'>
03:51 INFO    : em_syserr=1.0
03:51 INFO    : Analysis likelihood noise evidence: 0.0
03:51 INFO    : Analysis likelihood class: <class 'nmma.em.likelihood.OpticalLightCurve'>
03:51 INFO    : Analysis likelihood class: <class 'nmma.em.likelihood.OpticalLightCurve'>
03:51 INFO    : Analysis likelihood noise evidence: 0.0
03:51 INFO    : timeshift=0.0
03:51 INFO    : Analysis likelihood noise evidence: 0.0
03:51 INFO    : Analysis likelihood class: <class 'nmma.em.likelihood.OpticalLightCurve'>
03:51 INFO    : Analysis likelihood noise evidence: 0.0
03:51 INFO    : em_syserr=1.0
03:51 INFO    : Analysis likelihood class: <class 'nmma.em.likelihood.OpticalLightCurve'>
03:51 INFO    : Analysis likelihood class: <class 'nmma.em.likelihood.OpticalLightCurve'>
03:51 INFO    : em_syserr=1.0
03:51 INFO    : Ebv=0.0
03:51 INFO    : Analysis likelihood class: <class 'nmma.em.likelihood.OpticalLightCurve'>
03:51 INFO    : Ebv=0.0
03:51 INFO    : Analysis likelihood noise evidence: 0.0
03:51 INFO    : Analysis likelihood noise evidence: 0.0
03:51 INFO    : Analysis likelihood noise evidence: 0.0
03:51 INFO    : em_syserr=1.0
03:51 INFO    : Ebv=0.0
03:51 INFO    : Analysis likelihood noise evidence: 0.0
03:51 INFO    : Analysis likelihood noise evidence: 0.0
03:51 INFO    : Ebv=0.0
03:51 INFO    : Analysis likelihood class: <class 'nmma.em.likelihood.OpticalLightCurve'>
03:51 INFO    : Analysis likelihood noise evidence: 0.0
03:51 INFO    : Analysis likelihood noise evidence: 0.0
03:51 INFO    : Analysis likelihood class: <class 'nmma.em.likelihood.OpticalLightCurve'>
03:51 INFO    : Ebv=0.0
03:51 INFO    : Analysis likelihood class: <class 'nmma.em.likelihood.OpticalLightCurve'>
03:51 INFO    : Analysis likelihood class: <class 'nmma.em.likelihood.OpticalLightCurve'>
03:51 INFO    : Analysis likelihood noise evidence: 0.0
03:51 INFO    : Analysis likelihood noise evidence: 0.0
03:51 INFO    : Analysis likelihood noise evidence: 0.0
03:51 INFO    : Analysis likelihood class: <class 'nmma.em.likelihood.OpticalLightCurve'>
03:51 INFO    : Analysis priors:
03:51 INFO    : Analysis likelihood noise evidence: 0.0
03:51 INFO    : Analysis likelihood noise evidence: 0.0
03:51 INFO    : KNphi=Uniform(minimum=15.0, maximum=75.0, name='KNphi', latex_label='$\\Phi$', unit=None, boundary=None)
03:51 INFO    : log10_mej_dyn=Uniform(minimum=-3.0, maximum=-1.0, name='log10_mej_dyn', latex_label='$\\log_{10}M^{\\rm{dyn}}_{\\rm{ej}}$', unit=None, boundary='reflective')
03:51 INFO    : log10_mej_wind=Uniform(minimum=-3.0, maximum=-0.5, name='log10_mej_wind', latex_label='$\\log_{10}M^{\\rm{wind}}_{\\rm{ej}}$', unit=None, boundary='reflective')
03:51 INFO    : inclination_EM=Sine(minimum=0.0, maximum=1.5707963267948966, name='inclination_EM', latex_label='$\\iota$', unit=None, boundary=None)
03:51 INFO    : luminosity_distance=LogUniform(minimum=1, maximum=500, name='luminosity_distance', latex_label='$D_L$', unit=None, boundary=None)
03:51 INFO    : timeshift=0.0
03:51 INFO    : em_syserr=1.0
03:51 INFO    : Ebv=0.0
03:51 INFO    : Analysis likelihood class: <class 'nmma.em.likelihood.OpticalLightCurve'>
03:51 INFO    : Analysis likelihood noise evidence: 0.0
03:51 INFO    : Single likelihood evaluation took 1.379e-01 s
03:51 WARNING : Supplied argument 'queue_size' not an argument of 'Pymultinest', removing.
03:51 WARNING : Supplied argument 'check_point_delta_t' not an argument of 'Pymultinest', removing.
03:51 INFO    : Using sampler Pymultinest with kwargs {'importance_nested_sampling': False, 'resume': True, 'verbose': True, 'sampling_efficiency': 'parameter', 'n_live_points': 2048, 'n_params': 5, 'n_clustering_params': None, 'wrapped_params': None, 'multimodal': True, 'const_efficiency_mode': False, 'evidence_tolerance': 0.5, 'n_iter_before_update': 100, 'null_log_evidence': -1e+90, 'max_modes': 100, 'mode_tolerance': -1e+90, 'seed': 42, 'context': 0, 'write_output': True, 'log_zero': -1e+100, 'max_iter': 0, 'init_MPI': False, 'dump_callback': <bound method Pymultinest._dump_callback of <bilby.core.sampler.pymultinest.Pymultinest object at 0x15552fbebac0>>}
03:51 INFO    : Temporary directory incompatible with MPI, will run in original directory
03:51 INFO    : Using output file outdirBNSBu32cores/pm_InjectionRecoveryIterations/
03:52 INFO    : Single likelihood evaluation took 2.331e-01 s
03:52 INFO    : Single likelihood evaluation took 2.336e-01 s
03:52 INFO    : Single likelihood evaluation took 2.323e-01 s
03:52 INFO    : Single likelihood evaluation took 2.345e-01 s
03:52 INFO    : Single likelihood evaluation took 2.350e-01 s
03:52 WARNING : Supplied argument 'queue_size' not an argument of 'Pymultinest', removing.
03:52 WARNING : Supplied argument 'check_point_delta_t' not an argument of 'Pymultinest', removing.
03:52 INFO    : Using sampler Pymultinest with kwargs {'importance_nested_sampling': False, 'resume': True, 'verbose': True, 'sampling_efficiency': 'parameter', 'n_live_points': 2048, 'n_params': 5, 'n_clustering_params': None, 'wrapped_params': None, 'multimodal': True, 'const_efficiency_mode': False, 'evidence_tolerance': 0.5, 'n_iter_before_update': 100, 'null_log_evidence': -1e+90, 'max_modes': 100, 'mode_tolerance': -1e+90, 'seed': 42, 'context': 0, 'write_output': True, 'log_zero': -1e+100, 'max_iter': 0, 'init_MPI': False, 'dump_callback': <bound method Pymultinest._dump_callback of <bilby.core.sampler.pymultinest.Pymultinest object at 0x15552fbe7ac0>>}
03:52 INFO    : Temporary directory incompatible with MPI, will run in original directory
03:52 INFO    : Using output file outdirBNSBu32cores/pm_InjectionRecoveryIterations/
03:52 WARNING : Supplied argument 'queue_size' not an argument of 'Pymultinest', removing.
03:52 WARNING : Supplied argument 'check_point_delta_t' not an argument of 'Pymultinest', removing.
03:52 INFO    : Using sampler Pymultinest with kwargs {'importance_nested_sampling': False, 'resume': True, 'verbose': True, 'sampling_efficiency': 'parameter', 'n_live_points': 2048, 'n_params': 5, 'n_clustering_params': None, 'wrapped_params': None, 'multimodal': True, 'const_efficiency_mode': False, 'evidence_tolerance': 0.5, 'n_iter_before_update': 100, 'null_log_evidence': -1e+90, 'max_modes': 100, 'mode_tolerance': -1e+90, 'seed': 42, 'context': 0, 'write_output': True, 'log_zero': -1e+100, 'max_iter': 0, 'init_MPI': False, 'dump_callback': <bound method Pymultinest._dump_callback of <bilby.core.sampler.pymultinest.Pymultinest object at 0x15552d507b50>>}
03:52 INFO    : Temporary directory incompatible with MPI, will run in original directory
03:52 INFO    : Using output file outdirBNSBu32cores/pm_InjectionRecoveryIterations/
03:52 INFO    : Single likelihood evaluation took 2.334e-01 s
03:52 WARNING : Supplied argument 'queue_size' not an argument of 'Pymultinest', removing.
03:52 WARNING : Supplied argument 'check_point_delta_t' not an argument of 'Pymultinest', removing.
03:52 INFO    : Using sampler Pymultinest with kwargs {'importance_nested_sampling': False, 'resume': True, 'verbose': True, 'sampling_efficiency': 'parameter', 'n_live_points': 2048, 'n_params': 5, 'n_clustering_params': None, 'wrapped_params': None, 'multimodal': True, 'const_efficiency_mode': False, 'evidence_tolerance': 0.5, 'n_iter_before_update': 100, 'null_log_evidence': -1e+90, 'max_modes': 100, 'mode_tolerance': -1e+90, 'seed': 42, 'context': 0, 'write_output': True, 'log_zero': -1e+100, 'max_iter': 0, 'init_MPI': False, 'dump_callback': <bound method Pymultinest._dump_callback of <bilby.core.sampler.pymultinest.Pymultinest object at 0x155533ffb4c0>>}
03:52 INFO    : Temporary directory incompatible with MPI, will run in original directory
03:52 INFO    : Using output file outdirBNSBu32cores/pm_InjectionRecoveryIterations/
03:52 WARNING : Supplied argument 'queue_size' not an argument of 'Pymultinest', removing.
03:52 WARNING : Supplied argument 'check_point_delta_t' not an argument of 'Pymultinest', removing.
03:52 INFO    : Using sampler Pymultinest with kwargs {'importance_nested_sampling': False, 'resume': True, 'verbose': True, 'sampling_efficiency': 'parameter', 'n_live_points': 2048, 'n_params': 5, 'n_clustering_params': None, 'wrapped_params': None, 'multimodal': True, 'const_efficiency_mode': False, 'evidence_tolerance': 0.5, 'n_iter_before_update': 100, 'null_log_evidence': -1e+90, 'max_modes': 100, 'mode_tolerance': -1e+90, 'seed': 42, 'context': 0, 'write_output': True, 'log_zero': -1e+100, 'max_iter': 0, 'init_MPI': False, 'dump_callback': <bound method Pymultinest._dump_callback of <bilby.core.sampler.pymultinest.Pymultinest object at 0x15552fbe7be0>>}
03:52 INFO    : Temporary directory incompatible with MPI, will run in original directory
03:52 INFO    : Using output file outdirBNSBu32cores/pm_InjectionRecoveryIterations/
03:52 WARNING : Supplied argument 'queue_size' not an argument of 'Pymultinest', removing.
03:52 WARNING : Supplied argument 'check_point_delta_t' not an argument of 'Pymultinest', removing.
03:52 INFO    : Using sampler Pymultinest with kwargs {'importance_nested_sampling': False, 'resume': True, 'verbose': True, 'sampling_efficiency': 'parameter', 'n_live_points': 2048, 'n_params': 5, 'n_clustering_params': None, 'wrapped_params': None, 'multimodal': True, 'const_efficiency_mode': False, 'evidence_tolerance': 0.5, 'n_iter_before_update': 100, 'null_log_evidence': -1e+90, 'max_modes': 100, 'mode_tolerance': -1e+90, 'seed': 42, 'context': 0, 'write_output': True, 'log_zero': -1e+100, 'max_iter': 0, 'init_MPI': False, 'dump_callback': <bound method Pymultinest._dump_callback of <bilby.core.sampler.pymultinest.Pymultinest object at 0x15552c19b820>>}
03:52 INFO    : Temporary directory incompatible with MPI, will run in original directory
03:52 INFO    : Using output file outdirBNSBu32cores/pm_InjectionRecoveryIterations/
03:52 INFO    : Single likelihood evaluation took 2.327e-01 s
03:52 WARNING : Supplied argument 'queue_size' not an argument of 'Pymultinest', removing.
03:52 WARNING : Supplied argument 'check_point_delta_t' not an argument of 'Pymultinest', removing.
03:52 INFO    : Using sampler Pymultinest with kwargs {'importance_nested_sampling': False, 'resume': True, 'verbose': True, 'sampling_efficiency': 'parameter', 'n_live_points': 2048, 'n_params': 5, 'n_clustering_params': None, 'wrapped_params': None, 'multimodal': True, 'const_efficiency_mode': False, 'evidence_tolerance': 0.5, 'n_iter_before_update': 100, 'null_log_evidence': -1e+90, 'max_modes': 100, 'mode_tolerance': -1e+90, 'seed': 42, 'context': 0, 'write_output': True, 'log_zero': -1e+100, 'max_iter': 0, 'init_MPI': False, 'dump_callback': <bound method Pymultinest._dump_callback of <bilby.core.sampler.pymultinest.Pymultinest object at 0x155533ff6e00>>}
03:52 INFO    : Temporary directory incompatible with MPI, will run in original directory
03:52 INFO    : Using output file outdirBNSBu32cores/pm_InjectionRecoveryIterations/
03:52 INFO    : Single likelihood evaluation took 2.346e-01 s
03:52 WARNING : Supplied argument 'queue_size' not an argument of 'Pymultinest', removing.
03:52 WARNING : Supplied argument 'check_point_delta_t' not an argument of 'Pymultinest', removing.
03:52 INFO    : Using sampler Pymultinest with kwargs {'importance_nested_sampling': False, 'resume': True, 'verbose': True, 'sampling_efficiency': 'parameter', 'n_live_points': 2048, 'n_params': 5, 'n_clustering_params': None, 'wrapped_params': None, 'multimodal': True, 'const_efficiency_mode': False, 'evidence_tolerance': 0.5, 'n_iter_before_update': 100, 'null_log_evidence': -1e+90, 'max_modes': 100, 'mode_tolerance': -1e+90, 'seed': 42, 'context': 0, 'write_output': True, 'log_zero': -1e+100, 'max_iter': 0, 'init_MPI': False, 'dump_callback': <bound method Pymultinest._dump_callback of <bilby.core.sampler.pymultinest.Pymultinest object at 0x155533ff3a60>>}
03:52 INFO    : Temporary directory incompatible with MPI, will run in original directory
03:52 INFO    : Using output file outdirBNSBu32cores/pm_InjectionRecoveryIterations/
03:52 WARNING : Supplied argument 'queue_size' not an argument of 'Pymultinest', removing.
03:52 WARNING : Supplied argument 'check_point_delta_t' not an argument of 'Pymultinest', removing.
03:52 INFO    : Using sampler Pymultinest with kwargs {'importance_nested_sampling': False, 'resume': True, 'verbose': True, 'sampling_efficiency': 'parameter', 'n_live_points': 2048, 'n_params': 5, 'n_clustering_params': None, 'wrapped_params': None, 'multimodal': True, 'const_efficiency_mode': False, 'evidence_tolerance': 0.5, 'n_iter_before_update': 100, 'null_log_evidence': -1e+90, 'max_modes': 100, 'mode_tolerance': -1e+90, 'seed': 42, 'context': 0, 'write_output': True, 'log_zero': -1e+100, 'max_iter': 0, 'init_MPI': False, 'dump_callback': <bound method Pymultinest._dump_callback of <bilby.core.sampler.pymultinest.Pymultinest object at 0x155533ff6f20>>}
03:52 INFO    : Temporary directory incompatible with MPI, will run in original directory
03:52 INFO    : Using output file outdirBNSBu32cores/pm_InjectionRecoveryIterations/
03:52 INFO    : Single likelihood evaluation took 2.552e-01 s
03:52 INFO    : Single likelihood evaluation took 2.544e-01 s
03:52 INFO    : Single likelihood evaluation took 2.546e-01 s
03:52 INFO    : Single likelihood evaluation took 2.559e-01 s
03:52 WARNING : Supplied argument 'queue_size' not an argument of 'Pymultinest', removing.
03:52 WARNING : Supplied argument 'check_point_delta_t' not an argument of 'Pymultinest', removing.
03:52 INFO    : Using sampler Pymultinest with kwargs {'importance_nested_sampling': False, 'resume': True, 'verbose': True, 'sampling_efficiency': 'parameter', 'n_live_points': 2048, 'n_params': 5, 'n_clustering_params': None, 'wrapped_params': None, 'multimodal': True, 'const_efficiency_mode': False, 'evidence_tolerance': 0.5, 'n_iter_before_update': 100, 'null_log_evidence': -1e+90, 'max_modes': 100, 'mode_tolerance': -1e+90, 'seed': 42, 'context': 0, 'write_output': True, 'log_zero': -1e+100, 'max_iter': 0, 'init_MPI': False, 'dump_callback': <bound method Pymultinest._dump_callback of <bilby.core.sampler.pymultinest.Pymultinest object at 0x155533ffb9a0>>}
03:52 INFO    : Temporary directory incompatible with MPI, will run in original directory
03:52 INFO    : Using output file outdirBNSBu32cores/pm_InjectionRecoveryIterations/
03:52 WARNING : Supplied argument 'queue_size' not an argument of 'Pymultinest', removing.
03:52 WARNING : Supplied argument 'check_point_delta_t' not an argument of 'Pymultinest', removing.
03:52 INFO    : Using sampler Pymultinest with kwargs {'importance_nested_sampling': False, 'resume': True, 'verbose': True, 'sampling_efficiency': 'parameter', 'n_live_points': 2048, 'n_params': 5, 'n_clustering_params': None, 'wrapped_params': None, 'multimodal': True, 'const_efficiency_mode': False, 'evidence_tolerance': 0.5, 'n_iter_before_update': 100, 'null_log_evidence': -1e+90, 'max_modes': 100, 'mode_tolerance': -1e+90, 'seed': 42, 'context': 0, 'write_output': True, 'log_zero': -1e+100, 'max_iter': 0, 'init_MPI': False, 'dump_callback': <bound method Pymultinest._dump_callback of <bilby.core.sampler.pymultinest.Pymultinest object at 0x155533ff7ac0>>}
03:52 INFO    : Temporary directory incompatible with MPI, will run in original directory
03:52 INFO    : Using output file outdirBNSBu32cores/pm_InjectionRecoveryIterations/
03:52 WARNING : Supplied argument 'queue_size' not an argument of 'Pymultinest', removing.
03:52 WARNING : Supplied argument 'check_point_delta_t' not an argument of 'Pymultinest', removing.
03:52 INFO    : Using sampler Pymultinest with kwargs {'importance_nested_sampling': False, 'resume': True, 'verbose': True, 'sampling_efficiency': 'parameter', 'n_live_points': 2048, 'n_params': 5, 'n_clustering_params': None, 'wrapped_params': None, 'multimodal': True, 'const_efficiency_mode': False, 'evidence_tolerance': 0.5, 'n_iter_before_update': 100, 'null_log_evidence': -1e+90, 'max_modes': 100, 'mode_tolerance': -1e+90, 'seed': 42, 'context': 0, 'write_output': True, 'log_zero': -1e+100, 'max_iter': 0, 'init_MPI': False, 'dump_callback': <bound method Pymultinest._dump_callback of <bilby.core.sampler.pymultinest.Pymultinest object at 0x155533ff7460>>}
03:52 INFO    : Temporary directory incompatible with MPI, will run in original directory
03:52 INFO    : Using output file outdirBNSBu32cores/pm_InjectionRecoveryIterations/
03:52 WARNING : Supplied argument 'queue_size' not an argument of 'Pymultinest', removing.
03:52 WARNING : Supplied argument 'check_point_delta_t' not an argument of 'Pymultinest', removing.
03:52 INFO    : Using sampler Pymultinest with kwargs {'importance_nested_sampling': False, 'resume': True, 'verbose': True, 'sampling_efficiency': 'parameter', 'n_live_points': 2048, 'n_params': 5, 'n_clustering_params': None, 'wrapped_params': None, 'multimodal': True, 'const_efficiency_mode': False, 'evidence_tolerance': 0.5, 'n_iter_before_update': 100, 'null_log_evidence': -1e+90, 'max_modes': 100, 'mode_tolerance': -1e+90, 'seed': 42, 'context': 0, 'write_output': True, 'log_zero': -1e+100, 'max_iter': 0, 'init_MPI': False, 'dump_callback': <bound method Pymultinest._dump_callback of <bilby.core.sampler.pymultinest.Pymultinest object at 0x155533ff71f0>>}
03:52 INFO    : Temporary directory incompatible with MPI, will run in original directory
03:52 INFO    : Using output file outdirBNSBu32cores/pm_InjectionRecoveryIterations/
03:52 INFO    : Single likelihood evaluation took 3.232e-01 s
03:52 INFO    : Single likelihood evaluation took 3.259e-01 s
03:52 WARNING : Supplied argument 'queue_size' not an argument of 'Pymultinest', removing.
03:52 WARNING : Supplied argument 'check_point_delta_t' not an argument of 'Pymultinest', removing.
03:52 INFO    : Using sampler Pymultinest with kwargs {'importance_nested_sampling': False, 'resume': True, 'verbose': True, 'sampling_efficiency': 'parameter', 'n_live_points': 2048, 'n_params': 5, 'n_clustering_params': None, 'wrapped_params': None, 'multimodal': True, 'const_efficiency_mode': False, 'evidence_tolerance': 0.5, 'n_iter_before_update': 100, 'null_log_evidence': -1e+90, 'max_modes': 100, 'mode_tolerance': -1e+90, 'seed': 42, 'context': 0, 'write_output': True, 'log_zero': -1e+100, 'max_iter': 0, 'init_MPI': False, 'dump_callback': <bound method Pymultinest._dump_callback of <bilby.core.sampler.pymultinest.Pymultinest object at 0x155533ff6f20>>}
03:52 INFO    : Temporary directory incompatible with MPI, will run in original directory
03:52 INFO    : Using output file outdirBNSBu32cores/pm_InjectionRecoveryIterations/
03:52 WARNING : Supplied argument 'queue_size' not an argument of 'Pymultinest', removing.
03:52 WARNING : Supplied argument 'check_point_delta_t' not an argument of 'Pymultinest', removing.
03:52 INFO    : Using sampler Pymultinest with kwargs {'importance_nested_sampling': False, 'resume': True, 'verbose': True, 'sampling_efficiency': 'parameter', 'n_live_points': 2048, 'n_params': 5, 'n_clustering_params': None, 'wrapped_params': None, 'multimodal': True, 'const_efficiency_mode': False, 'evidence_tolerance': 0.5, 'n_iter_before_update': 100, 'null_log_evidence': -1e+90, 'max_modes': 100, 'mode_tolerance': -1e+90, 'seed': 42, 'context': 0, 'write_output': True, 'log_zero': -1e+100, 'max_iter': 0, 'init_MPI': False, 'dump_callback': <bound method Pymultinest._dump_callback of <bilby.core.sampler.pymultinest.Pymultinest object at 0x155533ff7a00>>}
03:52 INFO    : Temporary directory incompatible with MPI, will run in original directory
03:52 INFO    : Using output file outdirBNSBu32cores/pm_InjectionRecoveryIterations/
03:52 INFO    : Single likelihood evaluation took 3.328e-01 s
03:52 INFO    : Single likelihood evaluation took 3.328e-01 s
03:52 WARNING : Supplied argument 'queue_size' not an argument of 'Pymultinest', removing.
03:52 WARNING : Supplied argument 'check_point_delta_t' not an argument of 'Pymultinest', removing.
03:52 INFO    : Using sampler Pymultinest with kwargs {'importance_nested_sampling': False, 'resume': True, 'verbose': True, 'sampling_efficiency': 'parameter', 'n_live_points': 2048, 'n_params': 5, 'n_clustering_params': None, 'wrapped_params': None, 'multimodal': True, 'const_efficiency_mode': False, 'evidence_tolerance': 0.5, 'n_iter_before_update': 100, 'null_log_evidence': -1e+90, 'max_modes': 100, 'mode_tolerance': -1e+90, 'seed': 42, 'context': 0, 'write_output': True, 'log_zero': -1e+100, 'max_iter': 0, 'init_MPI': False, 'dump_callback': <bound method Pymultinest._dump_callback of <bilby.core.sampler.pymultinest.Pymultinest object at 0x155533fff7c0>>}
03:52 INFO    : Temporary directory incompatible with MPI, will run in original directory
03:52 INFO    : Using output file outdirBNSBu32cores/pm_InjectionRecoveryIterations/
03:52 WARNING : Supplied argument 'queue_size' not an argument of 'Pymultinest', removing.
03:52 WARNING : Supplied argument 'check_point_delta_t' not an argument of 'Pymultinest', removing.
03:52 INFO    : Using sampler Pymultinest with kwargs {'importance_nested_sampling': False, 'resume': True, 'verbose': True, 'sampling_efficiency': 'parameter', 'n_live_points': 2048, 'n_params': 5, 'n_clustering_params': None, 'wrapped_params': None, 'multimodal': True, 'const_efficiency_mode': False, 'evidence_tolerance': 0.5, 'n_iter_before_update': 100, 'null_log_evidence': -1e+90, 'max_modes': 100, 'mode_tolerance': -1e+90, 'seed': 42, 'context': 0, 'write_output': True, 'log_zero': -1e+100, 'max_iter': 0, 'init_MPI': False, 'dump_callback': <bound method Pymultinest._dump_callback of <bilby.core.sampler.pymultinest.Pymultinest object at 0x155533ff7970>>}
03:52 INFO    : Temporary directory incompatible with MPI, will run in original directory
03:52 INFO    : Using output file outdirBNSBu32cores/pm_InjectionRecoveryIterations/
03:52 INFO    : Single likelihood evaluation took 3.492e-01 s
03:52 INFO    : Single likelihood evaluation took 3.505e-01 s
03:52 WARNING : Supplied argument 'queue_size' not an argument of 'Pymultinest', removing.
03:52 WARNING : Supplied argument 'check_point_delta_t' not an argument of 'Pymultinest', removing.
03:52 INFO    : Using sampler Pymultinest with kwargs {'importance_nested_sampling': False, 'resume': True, 'verbose': True, 'sampling_efficiency': 'parameter', 'n_live_points': 2048, 'n_params': 5, 'n_clustering_params': None, 'wrapped_params': None, 'multimodal': True, 'const_efficiency_mode': False, 'evidence_tolerance': 0.5, 'n_iter_before_update': 100, 'null_log_evidence': -1e+90, 'max_modes': 100, 'mode_tolerance': -1e+90, 'seed': 42, 'context': 0, 'write_output': True, 'log_zero': -1e+100, 'max_iter': 0, 'init_MPI': False, 'dump_callback': <bound method Pymultinest._dump_callback of <bilby.core.sampler.pymultinest.Pymultinest object at 0x1555053db6d0>>}
03:52 INFO    : Temporary directory incompatible with MPI, will run in original directory
03:52 INFO    : Using output file outdirBNSBu32cores/pm_InjectionRecoveryIterations/
03:52 WARNING : Supplied argument 'queue_size' not an argument of 'Pymultinest', removing.
03:52 WARNING : Supplied argument 'check_point_delta_t' not an argument of 'Pymultinest', removing.
03:52 INFO    : Using sampler Pymultinest with kwargs {'importance_nested_sampling': False, 'resume': True, 'verbose': True, 'sampling_efficiency': 'parameter', 'n_live_points': 2048, 'n_params': 5, 'n_clustering_params': None, 'wrapped_params': None, 'multimodal': True, 'const_efficiency_mode': False, 'evidence_tolerance': 0.5, 'n_iter_before_update': 100, 'null_log_evidence': -1e+90, 'max_modes': 100, 'mode_tolerance': -1e+90, 'seed': 42, 'context': 0, 'write_output': True, 'log_zero': -1e+100, 'max_iter': 0, 'init_MPI': False, 'dump_callback': <bound method Pymultinest._dump_callback of <bilby.core.sampler.pymultinest.Pymultinest object at 0x1555019876d0>>}
03:52 INFO    : Temporary directory incompatible with MPI, will run in original directory
03:52 INFO    : Using output file outdirBNSBu32cores/pm_InjectionRecoveryIterations/
03:52 INFO    : Single likelihood evaluation took 3.534e-01 s
03:52 WARNING : Supplied argument 'queue_size' not an argument of 'Pymultinest', removing.
03:52 WARNING : Supplied argument 'check_point_delta_t' not an argument of 'Pymultinest', removing.
03:52 INFO    : Using sampler Pymultinest with kwargs {'importance_nested_sampling': False, 'resume': True, 'verbose': True, 'sampling_efficiency': 'parameter', 'n_live_points': 2048, 'n_params': 5, 'n_clustering_params': None, 'wrapped_params': None, 'multimodal': True, 'const_efficiency_mode': False, 'evidence_tolerance': 0.5, 'n_iter_before_update': 100, 'null_log_evidence': -1e+90, 'max_modes': 100, 'mode_tolerance': -1e+90, 'seed': 42, 'context': 0, 'write_output': True, 'log_zero': -1e+100, 'max_iter': 0, 'init_MPI': False, 'dump_callback': <bound method Pymultinest._dump_callback of <bilby.core.sampler.pymultinest.Pymultinest object at 0x155502cf39d0>>}
03:52 INFO    : Temporary directory incompatible with MPI, will run in original directory
03:52 INFO    : Using output file outdirBNSBu32cores/pm_InjectionRecoveryIterations/
03:52 INFO    : Single likelihood evaluation took 3.783e-01 s
03:52 INFO    : Single likelihood evaluation took 3.794e-01 s
03:52 INFO    : Single likelihood evaluation took 3.797e-01 s
03:52 INFO    : Single likelihood evaluation took 3.796e-01 s
03:52 WARNING : Supplied argument 'queue_size' not an argument of 'Pymultinest', removing.
03:52 WARNING : Supplied argument 'check_point_delta_t' not an argument of 'Pymultinest', removing.
03:52 INFO    : Using sampler Pymultinest with kwargs {'importance_nested_sampling': False, 'resume': True, 'verbose': True, 'sampling_efficiency': 'parameter', 'n_live_points': 2048, 'n_params': 5, 'n_clustering_params': None, 'wrapped_params': None, 'multimodal': True, 'const_efficiency_mode': False, 'evidence_tolerance': 0.5, 'n_iter_before_update': 100, 'null_log_evidence': -1e+90, 'max_modes': 100, 'mode_tolerance': -1e+90, 'seed': 42, 'context': 0, 'write_output': True, 'log_zero': -1e+100, 'max_iter': 0, 'init_MPI': False, 'dump_callback': <bound method Pymultinest._dump_callback of <bilby.core.sampler.pymultinest.Pymultinest object at 0x155502cefb50>>}
03:52 INFO    : Temporary directory incompatible with MPI, will run in original directory
03:52 INFO    : Using output file outdirBNSBu32cores/pm_InjectionRecoveryIterations/
03:52 WARNING : Supplied argument 'queue_size' not an argument of 'Pymultinest', removing.
03:52 WARNING : Supplied argument 'check_point_delta_t' not an argument of 'Pymultinest', removing.
03:52 INFO    : Using sampler Pymultinest with kwargs {'importance_nested_sampling': False, 'resume': True, 'verbose': True, 'sampling_efficiency': 'parameter', 'n_live_points': 2048, 'n_params': 5, 'n_clustering_params': None, 'wrapped_params': None, 'multimodal': True, 'const_efficiency_mode': False, 'evidence_tolerance': 0.5, 'n_iter_before_update': 100, 'null_log_evidence': -1e+90, 'max_modes': 100, 'mode_tolerance': -1e+90, 'seed': 42, 'context': 0, 'write_output': True, 'log_zero': -1e+100, 'max_iter': 0, 'init_MPI': False, 'dump_callback': <bound method Pymultinest._dump_callback of <bilby.core.sampler.pymultinest.Pymultinest object at 0x155502cf3a60>>}
03:52 INFO    : Temporary directory incompatible with MPI, will run in original directory
03:52 INFO    : Using output file outdirBNSBu32cores/pm_InjectionRecoveryIterations/
03:52 WARNING : Supplied argument 'queue_size' not an argument of 'Pymultinest', removing.
03:52 WARNING : Supplied argument 'check_point_delta_t' not an argument of 'Pymultinest', removing.
03:52 INFO    : Using sampler Pymultinest with kwargs {'importance_nested_sampling': False, 'resume': True, 'verbose': True, 'sampling_efficiency': 'parameter', 'n_live_points': 2048, 'n_params': 5, 'n_clustering_params': None, 'wrapped_params': None, 'multimodal': True, 'const_efficiency_mode': False, 'evidence_tolerance': 0.5, 'n_iter_before_update': 100, 'null_log_evidence': -1e+90, 'max_modes': 100, 'mode_tolerance': -1e+90, 'seed': 42, 'context': 0, 'write_output': True, 'log_zero': -1e+100, 'max_iter': 0, 'init_MPI': False, 'dump_callback': <bound method Pymultinest._dump_callback of <bilby.core.sampler.pymultinest.Pymultinest object at 0x1555053db670>>}
03:52 INFO    : Temporary directory incompatible with MPI, will run in original directory
03:52 INFO    : Using output file outdirBNSBu32cores/pm_InjectionRecoveryIterations/
03:52 WARNING : Supplied argument 'queue_size' not an argument of 'Pymultinest', removing.
03:52 WARNING : Supplied argument 'check_point_delta_t' not an argument of 'Pymultinest', removing.
03:52 INFO    : Using sampler Pymultinest with kwargs {'importance_nested_sampling': False, 'resume': True, 'verbose': True, 'sampling_efficiency': 'parameter', 'n_live_points': 2048, 'n_params': 5, 'n_clustering_params': None, 'wrapped_params': None, 'multimodal': True, 'const_efficiency_mode': False, 'evidence_tolerance': 0.5, 'n_iter_before_update': 100, 'null_log_evidence': -1e+90, 'max_modes': 100, 'mode_tolerance': -1e+90, 'seed': 42, 'context': 0, 'write_output': True, 'log_zero': -1e+100, 'max_iter': 0, 'init_MPI': False, 'dump_callback': <bound method Pymultinest._dump_callback of <bilby.core.sampler.pymultinest.Pymultinest object at 0x1555053cfb50>>}
03:52 INFO    : Temporary directory incompatible with MPI, will run in original directory
03:52 INFO    : Using output file outdirBNSBu32cores/pm_InjectionRecoveryIterations/
03:52 INFO    : Single likelihood evaluation took 3.876e-01 s
03:52 INFO    : Single likelihood evaluation took 3.898e-01 s
03:52 WARNING : Supplied argument 'queue_size' not an argument of 'Pymultinest', removing.
03:52 WARNING : Supplied argument 'check_point_delta_t' not an argument of 'Pymultinest', removing.
03:52 INFO    : Using sampler Pymultinest with kwargs {'importance_nested_sampling': False, 'resume': True, 'verbose': True, 'sampling_efficiency': 'parameter', 'n_live_points': 2048, 'n_params': 5, 'n_clustering_params': None, 'wrapped_params': None, 'multimodal': True, 'const_efficiency_mode': False, 'evidence_tolerance': 0.5, 'n_iter_before_update': 100, 'null_log_evidence': -1e+90, 'max_modes': 100, 'mode_tolerance': -1e+90, 'seed': 42, 'context': 0, 'write_output': True, 'log_zero': -1e+100, 'max_iter': 0, 'init_MPI': False, 'dump_callback': <bound method Pymultinest._dump_callback of <bilby.core.sampler.pymultinest.Pymultinest object at 0x155500617520>>}
03:52 INFO    : Temporary directory incompatible with MPI, will run in original directory
03:52 INFO    : Using output file outdirBNSBu32cores/pm_InjectionRecoveryIterations/
03:52 INFO    : Single likelihood evaluation took 3.916e-01 s
03:52 WARNING : Supplied argument 'queue_size' not an argument of 'Pymultinest', removing.
03:52 WARNING : Supplied argument 'check_point_delta_t' not an argument of 'Pymultinest', removing.
03:52 INFO    : Using sampler Pymultinest with kwargs {'importance_nested_sampling': False, 'resume': True, 'verbose': True, 'sampling_efficiency': 'parameter', 'n_live_points': 2048, 'n_params': 5, 'n_clustering_params': None, 'wrapped_params': None, 'multimodal': True, 'const_efficiency_mode': False, 'evidence_tolerance': 0.5, 'n_iter_before_update': 100, 'null_log_evidence': -1e+90, 'max_modes': 100, 'mode_tolerance': -1e+90, 'seed': 42, 'context': 0, 'write_output': True, 'log_zero': -1e+100, 'max_iter': 0, 'init_MPI': False, 'dump_callback': <bound method Pymultinest._dump_callback of <bilby.core.sampler.pymultinest.Pymultinest object at 0x155500617460>>}
03:52 INFO    : Temporary directory incompatible with MPI, will run in original directory
03:52 INFO    : Using output file outdirBNSBu32cores/pm_InjectionRecoveryIterations/
03:52 INFO    : Single likelihood evaluation took 3.916e-01 s
03:52 INFO    : Single likelihood evaluation took 3.927e-01 s
03:52 WARNING : Supplied argument 'queue_size' not an argument of 'Pymultinest', removing.
03:52 WARNING : Supplied argument 'check_point_delta_t' not an argument of 'Pymultinest', removing.
03:52 INFO    : Using sampler Pymultinest with kwargs {'importance_nested_sampling': False, 'resume': True, 'verbose': True, 'sampling_efficiency': 'parameter', 'n_live_points': 2048, 'n_params': 5, 'n_clustering_params': None, 'wrapped_params': None, 'multimodal': True, 'const_efficiency_mode': False, 'evidence_tolerance': 0.5, 'n_iter_before_update': 100, 'null_log_evidence': -1e+90, 'max_modes': 100, 'mode_tolerance': -1e+90, 'seed': 42, 'context': 0, 'write_output': True, 'log_zero': -1e+100, 'max_iter': 0, 'init_MPI': False, 'dump_callback': <bound method Pymultinest._dump_callback of <bilby.core.sampler.pymultinest.Pymultinest object at 0x1555053d3b80>>}
03:52 INFO    : Temporary directory incompatible with MPI, will run in original directory
03:52 INFO    : Using output file outdirBNSBu32cores/pm_InjectionRecoveryIterations/
03:52 INFO    : Single likelihood evaluation took 3.931e-01 s
03:52 INFO    : Single likelihood evaluation took 3.938e-01 s
03:52 INFO    : Single likelihood evaluation took 3.932e-01 s
03:52 WARNING : Supplied argument 'queue_size' not an argument of 'Pymultinest', removing.
03:52 WARNING : Supplied argument 'check_point_delta_t' not an argument of 'Pymultinest', removing.
03:52 INFO    : Using sampler Pymultinest with kwargs {'importance_nested_sampling': False, 'resume': True, 'verbose': True, 'sampling_efficiency': 'parameter', 'n_live_points': 2048, 'n_params': 5, 'n_clustering_params': None, 'wrapped_params': None, 'multimodal': True, 'const_efficiency_mode': False, 'evidence_tolerance': 0.5, 'n_iter_before_update': 100, 'null_log_evidence': -1e+90, 'max_modes': 100, 'mode_tolerance': -1e+90, 'seed': 42, 'context': 0, 'write_output': True, 'log_zero': -1e+100, 'max_iter': 0, 'init_MPI': False, 'dump_callback': <bound method Pymultinest._dump_callback of <bilby.core.sampler.pymultinest.Pymultinest object at 0x1555053db7f0>>}
03:52 INFO    : Temporary directory incompatible with MPI, will run in original directory
03:52 INFO    : Using output file outdirBNSBu32cores/pm_InjectionRecoveryIterations/
03:52 WARNING : Supplied argument 'queue_size' not an argument of 'Pymultinest', removing.
03:52 WARNING : Supplied argument 'check_point_delta_t' not an argument of 'Pymultinest', removing.
03:52 INFO    : Using sampler Pymultinest with kwargs {'importance_nested_sampling': False, 'resume': True, 'verbose': True, 'sampling_efficiency': 'parameter', 'n_live_points': 2048, 'n_params': 5, 'n_clustering_params': None, 'wrapped_params': None, 'multimodal': True, 'const_efficiency_mode': False, 'evidence_tolerance': 0.5, 'n_iter_before_update': 100, 'null_log_evidence': -1e+90, 'max_modes': 100, 'mode_tolerance': -1e+90, 'seed': 42, 'context': 0, 'write_output': True, 'log_zero': -1e+100, 'max_iter': 0, 'init_MPI': False, 'dump_callback': <bound method Pymultinest._dump_callback of <bilby.core.sampler.pymultinest.Pymultinest object at 0x1555053db7c0>>}
03:52 INFO    : Temporary directory incompatible with MPI, will run in original directory
03:52 INFO    : Using output file outdirBNSBu32cores/pm_InjectionRecoveryIterations/
03:52 WARNING : Supplied argument 'queue_size' not an argument of 'Pymultinest', removing.
03:52 WARNING : Supplied argument 'check_point_delta_t' not an argument of 'Pymultinest', removing.
03:52 INFO    : Using sampler Pymultinest with kwargs {'importance_nested_sampling': False, 'resume': True, 'verbose': True, 'sampling_efficiency': 'parameter', 'n_live_points': 2048, 'n_params': 5, 'n_clustering_params': None, 'wrapped_params': None, 'multimodal': True, 'const_efficiency_mode': False, 'evidence_tolerance': 0.5, 'n_iter_before_update': 100, 'null_log_evidence': -1e+90, 'max_modes': 100, 'mode_tolerance': -1e+90, 'seed': 42, 'context': 0, 'write_output': True, 'log_zero': -1e+100, 'max_iter': 0, 'init_MPI': False, 'dump_callback': <bound method Pymultinest._dump_callback of <bilby.core.sampler.pymultinest.Pymultinest object at 0x1555053db370>>}
03:52 WARNING : Supplied argument 'queue_size' not an argument of 'Pymultinest', removing.
03:52 INFO    : Temporary directory incompatible with MPI, will run in original directory
03:52 WARNING : Supplied argument 'check_point_delta_t' not an argument of 'Pymultinest', removing.
03:52 INFO    : Using sampler Pymultinest with kwargs {'importance_nested_sampling': False, 'resume': True, 'verbose': True, 'sampling_efficiency': 'parameter', 'n_live_points': 2048, 'n_params': 5, 'n_clustering_params': None, 'wrapped_params': None, 'multimodal': True, 'const_efficiency_mode': False, 'evidence_tolerance': 0.5, 'n_iter_before_update': 100, 'null_log_evidence': -1e+90, 'max_modes': 100, 'mode_tolerance': -1e+90, 'seed': 42, 'context': 0, 'write_output': True, 'log_zero': -1e+100, 'max_iter': 0, 'init_MPI': False, 'dump_callback': <bound method Pymultinest._dump_callback of <bilby.core.sampler.pymultinest.Pymultinest object at 0x1555053db400>>}
03:52 INFO    : Using output file outdirBNSBu32cores/pm_InjectionRecoveryIterations/
03:52 INFO    : Temporary directory incompatible with MPI, will run in original directory
03:52 INFO    : Using output file outdirBNSBu32cores/pm_InjectionRecoveryIterations/
03:52 WARNING : Supplied argument 'queue_size' not an argument of 'Pymultinest', removing.
03:52 WARNING : Supplied argument 'check_point_delta_t' not an argument of 'Pymultinest', removing.
03:52 INFO    : Using sampler Pymultinest with kwargs {'importance_nested_sampling': False, 'resume': True, 'verbose': True, 'sampling_efficiency': 'parameter', 'n_live_points': 2048, 'n_params': 5, 'n_clustering_params': None, 'wrapped_params': None, 'multimodal': True, 'const_efficiency_mode': False, 'evidence_tolerance': 0.5, 'n_iter_before_update': 100, 'null_log_evidence': -1e+90, 'max_modes': 100, 'mode_tolerance': -1e+90, 'seed': 42, 'context': 0, 'write_output': True, 'log_zero': -1e+100, 'max_iter': 0, 'init_MPI': False, 'dump_callback': <bound method Pymultinest._dump_callback of <bilby.core.sampler.pymultinest.Pymultinest object at 0x155502cf3910>>}
03:52 INFO    : Temporary directory incompatible with MPI, will run in original directory
03:52 INFO    : Using output file outdirBNSBu32cores/pm_InjectionRecoveryIterations/
04:12 INFO    : Sampling time: 0:20:26.737746
04:12 INFO    : Sampling time: 0:20:17.260577
04:12 INFO    : Sampling time: 0:20:17.155918
04:12 INFO    : Sampling time: 0:20:17.231449
04:12 INFO    : Sampling time: 0:20:05.022886
04:12 INFO    : Sampling time: 0:20:02.408011
04:12 INFO    : Sampling time: 0:20:02.380091
04:12 INFO    : Sampling time: 0:20:01.508134
04:12 INFO    : Sampling time: 0:20:17.177574
04:12 INFO    : Sampling time: 0:20:05.202415
04:12 INFO    : Sampling time: 0:20:01.130326
04:12 INFO    : Sampling time: 0:20:01.371327
04:12 INFO    : Sampling time: 0:20:01.024871
04:12 INFO    : Sampling time: 0:20:01.029113
04:12 INFO    : Sampling time: 0:20:01.126055
04:12 INFO    : Sampling time: 0:20:02.383401
04:12 INFO    : Sampling time: 0:20:02.513659
04:12 INFO    : Sampling time: 0:20:01.016676
04:12 INFO    : Sampling time: 0:20:01.213246
04:12 INFO    : Sampling time: 0:20:05.302090
04:12 INFO    : Sampling time: 0:20:17.116476
04:12 INFO    : Sampling time: 0:20:17.024022
04:12 INFO    : Sampling time: 0:20:17.299157
04:12 INFO    : Sampling time: 0:20:14.904510
04:12 INFO    : Sampling time: 0:20:14.923713
04:12 INFO    : Sampling time: 0:20:14.883898
04:12 INFO    : Sampling time: 0:20:06.987252
04:12 INFO    : Sampling time: 0:20:06.983393
04:12 INFO    : Sampling time: 0:20:07.700837
04:12 INFO    : Sampling time: 0:20:07.905759
04:12 INFO    : Sampling time: 0:20:14.923484
04:12 INFO    : Sampling time: 0:20:17.118946
04:12 INFO    : Summary of results:
nsamples: 12975
ln_noise_evidence:  0.000
ln_evidence: -115.978 +/-  0.066
ln_bayes_factor: -115.978 +/-  0.066

04:12 INFO    : Summary of results:
nsamples: 12975
ln_noise_evidence:  0.000
ln_evidence: -115.978 +/-  0.066
ln_bayes_factor: -115.978 +/-  0.066

04:12 INFO    : Summary of results:
nsamples: 12975
ln_noise_evidence:  0.000
ln_evidence: -115.978 +/-  0.066
ln_bayes_factor: -115.978 +/-  0.066

04:12 INFO    : Summary of results:
nsamples: 12975
ln_noise_evidence:  0.000
ln_evidence: -115.978 +/-  0.066
ln_bayes_factor: -115.978 +/-  0.066

04:12 INFO    : Summary of results:
nsamples: 12975
ln_noise_evidence:  0.000
ln_evidence: -115.978 +/-  0.066
ln_bayes_factor: -115.978 +/-  0.066

04:12 INFO    : Summary of results:
nsamples: 12975
ln_noise_evidence:  0.000
ln_evidence: -115.978 +/-  0.066
ln_bayes_factor: -115.978 +/-  0.066

04:12 INFO    : Summary of results:
nsamples: 12975
ln_noise_evidence:  0.000
ln_evidence: -115.978 +/-  0.066
ln_bayes_factor: -115.978 +/-  0.066

04:12 INFO    : Summary of results:
nsamples: 12975
ln_noise_evidence:  0.000
ln_evidence: -115.978 +/-  0.066
ln_bayes_factor: -115.978 +/-  0.066

04:12 INFO    : Summary of results:
nsamples: 12975
ln_noise_evidence:  0.000
ln_evidence: -115.978 +/-  0.066
ln_bayes_factor: -115.978 +/-  0.066

04:12 INFO    : Summary of results:
nsamples: 12975
ln_noise_evidence:  0.000
ln_evidence: -115.978 +/-  0.066
ln_bayes_factor: -115.978 +/-  0.066

04:12 INFO    : Summary of results:
nsamples: 12975
ln_noise_evidence:  0.000
ln_evidence: -115.978 +/-  0.066
ln_bayes_factor: -115.978 +/-  0.066

04:42 INFO    : Running for label 'InjectionRecoveryIterations', output will be saved to 'outdirBNSBu32cores'
04:43 INFO    : Analysis priors:
04:43 INFO    : KNphi=Uniform(minimum=15.0, maximum=75.0, name='KNphi', latex_label='$\\Phi$', unit=None, boundary=None)
04:43 INFO    : log10_mej_dyn=Uniform(minimum=-3.0, maximum=-1.0, name='log10_mej_dyn', latex_label='$\\log_{10}M^{\\rm{dyn}}_{\\rm{ej}}$', unit=None, boundary='reflective')
04:43 INFO    : log10_mej_wind=Uniform(minimum=-3.0, maximum=-0.5, name='log10_mej_wind', latex_label='$\\log_{10}M^{\\rm{wind}}_{\\rm{ej}}$', unit=None, boundary='reflective')
04:43 INFO    : inclination_EM=Sine(minimum=0.0, maximum=1.5707963267948966, name='inclination_EM', latex_label='$\\iota$', unit=None, boundary=None)
04:43 INFO    : luminosity_distance=LogUniform(minimum=1, maximum=500, name='luminosity_distance', latex_label='$D_L$', unit=None, boundary=None)
04:43 INFO    : timeshift=0.0
04:43 INFO    : em_syserr=1.0
04:43 INFO    : Ebv=0.0
04:43 INFO    : Analysis likelihood class: <class 'nmma.em.likelihood.OpticalLightCurve'>
04:43 INFO    : Analysis likelihood noise evidence: 0.0
04:43 INFO    : Single likelihood evaluation took 6.957e-02 s
04:43 WARNING : Supplied argument 'queue_size' not an argument of 'Pymultinest', removing.
04:43 WARNING : Supplied argument 'check_point_delta_t' not an argument of 'Pymultinest', removing.
04:43 WARNING : Using cached result
04:43 INFO    : Summary of results:
nsamples: 12975
ln_noise_evidence:  0.000
ln_evidence: -115.978 +/-  0.066
ln_bayes_factor: -115.978 +/-  0.066

04:43 INFO    : Writing samples file to /home/thussenot/kilonovae-H0/Injection_Recovery_IterationsVariation/InjectionBaseLightcurve1/1perday_5/grizyJHK/outdirBNSBu32cores/InjectionRecoveryIterations_posterior_samples.dat
