22:45 INFO    : Running for label 'AT2017gfoBu2025', output will be saved to 'outdirBNSBu7cores'
22:45 INFO    : Running for label 'AT2017gfoBu2025', output will be saved to 'outdirBNSBu7cores'
22:45 INFO    : Running for label 'AT2017gfoBu2025', output will be saved to 'outdirBNSBu7cores'
22:45 INFO    : Running for label 'AT2017gfoBu2025', output will be saved to 'outdirBNSBu7cores'
22:45 INFO    : Running for label 'AT2017gfoBu2025', output will be saved to 'outdirBNSBu7cores'
22:45 INFO    : Running for label 'AT2017gfoBu2025', output will be saved to 'outdirBNSBu7cores'
22:45 INFO    : Running for label 'AT2017gfoBu2025', output will be saved to 'outdirBNSBu7cores'
22:45 INFO    : Analysis priors:
22:45 INFO    : log10_mej_dyn=Uniform(minimum=-2.6, maximum=-1.5, name='log10_mej_dyn', latex_label='$\\log_{10}M^{\\rm{dyn}}_{\\rm{ej}}$', unit=None, boundary='reflective')
22:45 INFO    : v_ej_dyn=Uniform(minimum=0.12, maximum=0.28, name='v_ej_dyn', latex_label='$v^{\\rm{dyn}}_{\\rm{ej}}$', unit=None, boundary=None)
22:45 INFO    : Ye_dyn=Uniform(minimum=0.15, maximum=0.35, name='Ye_dyn', latex_label='$Y^{\\rm{dyn}}_{e}$', unit=None, boundary=None)
22:45 INFO    : log10_mej_wind=Uniform(minimum=-1.9, maximum=-1.2, name='log10_mej_wind', latex_label='$\\log_{10}M^{\\rm{wind}}_{\\rm{ej}}$', unit=None, boundary='reflective')
22:45 INFO    : v_ej_wind=Uniform(minimum=0.05, maximum=0.15, name='v_ej_wind', latex_label='$v^{\\rm{wind}}_{\\rm{ej}}$', unit=None, boundary=None)
22:45 INFO    : Ye_wind=Uniform(minimum=0.2, maximum=0.4, name='Ye_wind', latex_label='$Y^{\\rm{wind}}_{e}$', unit=None, boundary=None)
22:45 INFO    : inclination_EM=Uniform(minimum=0.33, maximum=0.42, name='inclination_EM', latex_label='$\\iota$', unit=None, boundary=None)
22:45 INFO    : luminosity_distance=Gaussian(mu=43.4, sigma=2, name='luminosity_distance', latex_label='$D_L$', unit=None, boundary=None)
22:45 INFO    : timeshift=0.0
22:45 INFO    : em_syserr=0.6
22:45 INFO    : redshift=0.009727
22:45 INFO    : Ebv=0.0
22:45 INFO    : Analysis likelihood class: <class 'nmma.em.em_likelihood.EMTransientLikelihood'>
22:45 INFO    : Analysis likelihood noise evidence: 0.0
22:45 INFO    : Analysis priors:
22:45 INFO    : log10_mej_dyn=Uniform(minimum=-2.6, maximum=-1.5, name='log10_mej_dyn', latex_label='$\\log_{10}M^{\\rm{dyn}}_{\\rm{ej}}$', unit=None, boundary='reflective')
22:45 INFO    : v_ej_dyn=Uniform(minimum=0.12, maximum=0.28, name='v_ej_dyn', latex_label='$v^{\\rm{dyn}}_{\\rm{ej}}$', unit=None, boundary=None)
22:45 INFO    : Ye_dyn=Uniform(minimum=0.15, maximum=0.35, name='Ye_dyn', latex_label='$Y^{\\rm{dyn}}_{e}$', unit=None, boundary=None)
22:45 INFO    : log10_mej_wind=Uniform(minimum=-1.9, maximum=-1.2, name='log10_mej_wind', latex_label='$\\log_{10}M^{\\rm{wind}}_{\\rm{ej}}$', unit=None, boundary='reflective')
22:45 INFO    : v_ej_wind=Uniform(minimum=0.05, maximum=0.15, name='v_ej_wind', latex_label='$v^{\\rm{wind}}_{\\rm{ej}}$', unit=None, boundary=None)
22:45 INFO    : Ye_wind=Uniform(minimum=0.2, maximum=0.4, name='Ye_wind', latex_label='$Y^{\\rm{wind}}_{e}$', unit=None, boundary=None)
22:45 INFO    : inclination_EM=Uniform(minimum=0.33, maximum=0.42, name='inclination_EM', latex_label='$\\iota$', unit=None, boundary=None)
22:45 INFO    : luminosity_distance=Gaussian(mu=43.4, sigma=2, name='luminosity_distance', latex_label='$D_L$', unit=None, boundary=None)
22:45 INFO    : timeshift=0.0
22:45 INFO    : em_syserr=0.6
22:45 INFO    : redshift=0.009727
22:45 INFO    : Ebv=0.0
22:45 INFO    : Analysis likelihood class: <class 'nmma.em.em_likelihood.EMTransientLikelihood'>
22:45 INFO    : Analysis likelihood noise evidence: 0.0
22:45 INFO    : Analysis priors:
22:45 INFO    : log10_mej_dyn=Uniform(minimum=-2.6, maximum=-1.5, name='log10_mej_dyn', latex_label='$\\log_{10}M^{\\rm{dyn}}_{\\rm{ej}}$', unit=None, boundary='reflective')
22:45 INFO    : v_ej_dyn=Uniform(minimum=0.12, maximum=0.28, name='v_ej_dyn', latex_label='$v^{\\rm{dyn}}_{\\rm{ej}}$', unit=None, boundary=None)
22:45 INFO    : Ye_dyn=Uniform(minimum=0.15, maximum=0.35, name='Ye_dyn', latex_label='$Y^{\\rm{dyn}}_{e}$', unit=None, boundary=None)
22:45 INFO    : log10_mej_wind=Uniform(minimum=-1.9, maximum=-1.2, name='log10_mej_wind', latex_label='$\\log_{10}M^{\\rm{wind}}_{\\rm{ej}}$', unit=None, boundary='reflective')
22:45 INFO    : v_ej_wind=Uniform(minimum=0.05, maximum=0.15, name='v_ej_wind', latex_label='$v^{\\rm{wind}}_{\\rm{ej}}$', unit=None, boundary=None)
22:45 INFO    : Ye_wind=Uniform(minimum=0.2, maximum=0.4, name='Ye_wind', latex_label='$Y^{\\rm{wind}}_{e}$', unit=None, boundary=None)
22:45 INFO    : inclination_EM=Uniform(minimum=0.33, maximum=0.42, name='inclination_EM', latex_label='$\\iota$', unit=None, boundary=None)
22:45 INFO    : luminosity_distance=Gaussian(mu=43.4, sigma=2, name='luminosity_distance', latex_label='$D_L$', unit=None, boundary=None)
22:45 INFO    : timeshift=0.0
22:45 INFO    : em_syserr=0.6
22:45 INFO    : redshift=0.009727
22:45 INFO    : Ebv=0.0
22:45 INFO    : Analysis likelihood class: <class 'nmma.em.em_likelihood.EMTransientLikelihood'>
22:45 INFO    : Analysis likelihood noise evidence: 0.0
22:45 INFO    : Analysis priors:
22:45 INFO    : log10_mej_dyn=Uniform(minimum=-2.6, maximum=-1.5, name='log10_mej_dyn', latex_label='$\\log_{10}M^{\\rm{dyn}}_{\\rm{ej}}$', unit=None, boundary='reflective')
22:45 INFO    : v_ej_dyn=Uniform(minimum=0.12, maximum=0.28, name='v_ej_dyn', latex_label='$v^{\\rm{dyn}}_{\\rm{ej}}$', unit=None, boundary=None)
22:45 INFO    : Ye_dyn=Uniform(minimum=0.15, maximum=0.35, name='Ye_dyn', latex_label='$Y^{\\rm{dyn}}_{e}$', unit=None, boundary=None)
22:45 INFO    : log10_mej_wind=Uniform(minimum=-1.9, maximum=-1.2, name='log10_mej_wind', latex_label='$\\log_{10}M^{\\rm{wind}}_{\\rm{ej}}$', unit=None, boundary='reflective')
22:45 INFO    : v_ej_wind=Uniform(minimum=0.05, maximum=0.15, name='v_ej_wind', latex_label='$v^{\\rm{wind}}_{\\rm{ej}}$', unit=None, boundary=None)
22:45 INFO    : Ye_wind=Uniform(minimum=0.2, maximum=0.4, name='Ye_wind', latex_label='$Y^{\\rm{wind}}_{e}$', unit=None, boundary=None)
22:45 INFO    : inclination_EM=Uniform(minimum=0.33, maximum=0.42, name='inclination_EM', latex_label='$\\iota$', unit=None, boundary=None)
22:45 INFO    : luminosity_distance=Gaussian(mu=43.4, sigma=2, name='luminosity_distance', latex_label='$D_L$', unit=None, boundary=None)
22:45 INFO    : timeshift=0.0
22:45 INFO    : em_syserr=0.6
22:45 INFO    : redshift=0.009727
22:45 INFO    : Ebv=0.0
22:45 INFO    : Analysis likelihood class: <class 'nmma.em.em_likelihood.EMTransientLikelihood'>
22:45 INFO    : Analysis likelihood noise evidence: 0.0
22:45 INFO    : Analysis priors:
22:45 INFO    : log10_mej_dyn=Uniform(minimum=-2.6, maximum=-1.5, name='log10_mej_dyn', latex_label='$\\log_{10}M^{\\rm{dyn}}_{\\rm{ej}}$', unit=None, boundary='reflective')
22:45 INFO    : v_ej_dyn=Uniform(minimum=0.12, maximum=0.28, name='v_ej_dyn', latex_label='$v^{\\rm{dyn}}_{\\rm{ej}}$', unit=None, boundary=None)
22:45 INFO    : Ye_dyn=Uniform(minimum=0.15, maximum=0.35, name='Ye_dyn', latex_label='$Y^{\\rm{dyn}}_{e}$', unit=None, boundary=None)
22:45 INFO    : log10_mej_wind=Uniform(minimum=-1.9, maximum=-1.2, name='log10_mej_wind', latex_label='$\\log_{10}M^{\\rm{wind}}_{\\rm{ej}}$', unit=None, boundary='reflective')
22:45 INFO    : v_ej_wind=Uniform(minimum=0.05, maximum=0.15, name='v_ej_wind', latex_label='$v^{\\rm{wind}}_{\\rm{ej}}$', unit=None, boundary=None)
22:45 INFO    : Ye_wind=Uniform(minimum=0.2, maximum=0.4, name='Ye_wind', latex_label='$Y^{\\rm{wind}}_{e}$', unit=None, boundary=None)
22:45 INFO    : inclination_EM=Uniform(minimum=0.33, maximum=0.42, name='inclination_EM', latex_label='$\\iota$', unit=None, boundary=None)
22:45 INFO    : luminosity_distance=Gaussian(mu=43.4, sigma=2, name='luminosity_distance', latex_label='$D_L$', unit=None, boundary=None)
22:45 INFO    : timeshift=0.0
22:45 INFO    : em_syserr=0.6
22:45 INFO    : redshift=0.009727
22:45 INFO    : Ebv=0.0
22:45 INFO    : Analysis likelihood class: <class 'nmma.em.em_likelihood.EMTransientLikelihood'>
22:45 INFO    : Analysis likelihood noise evidence: 0.0
22:45 INFO    : Analysis priors:
22:45 INFO    : log10_mej_dyn=Uniform(minimum=-2.6, maximum=-1.5, name='log10_mej_dyn', latex_label='$\\log_{10}M^{\\rm{dyn}}_{\\rm{ej}}$', unit=None, boundary='reflective')
22:45 INFO    : v_ej_dyn=Uniform(minimum=0.12, maximum=0.28, name='v_ej_dyn', latex_label='$v^{\\rm{dyn}}_{\\rm{ej}}$', unit=None, boundary=None)
22:45 INFO    : Ye_dyn=Uniform(minimum=0.15, maximum=0.35, name='Ye_dyn', latex_label='$Y^{\\rm{dyn}}_{e}$', unit=None, boundary=None)
22:45 INFO    : log10_mej_wind=Uniform(minimum=-1.9, maximum=-1.2, name='log10_mej_wind', latex_label='$\\log_{10}M^{\\rm{wind}}_{\\rm{ej}}$', unit=None, boundary='reflective')
22:45 INFO    : v_ej_wind=Uniform(minimum=0.05, maximum=0.15, name='v_ej_wind', latex_label='$v^{\\rm{wind}}_{\\rm{ej}}$', unit=None, boundary=None)
22:45 INFO    : Ye_wind=Uniform(minimum=0.2, maximum=0.4, name='Ye_wind', latex_label='$Y^{\\rm{wind}}_{e}$', unit=None, boundary=None)
22:45 INFO    : inclination_EM=Uniform(minimum=0.33, maximum=0.42, name='inclination_EM', latex_label='$\\iota$', unit=None, boundary=None)
22:45 INFO    : luminosity_distance=Gaussian(mu=43.4, sigma=2, name='luminosity_distance', latex_label='$D_L$', unit=None, boundary=None)
22:45 INFO    : timeshift=0.0
22:45 INFO    : em_syserr=0.6
22:45 INFO    : redshift=0.009727
22:45 INFO    : Ebv=0.0
22:45 INFO    : Analysis likelihood class: <class 'nmma.em.em_likelihood.EMTransientLikelihood'>
22:45 INFO    : Analysis likelihood noise evidence: 0.0
22:45 INFO    : Analysis priors:
22:45 INFO    : log10_mej_dyn=Uniform(minimum=-2.6, maximum=-1.5, name='log10_mej_dyn', latex_label='$\\log_{10}M^{\\rm{dyn}}_{\\rm{ej}}$', unit=None, boundary='reflective')
22:45 INFO    : v_ej_dyn=Uniform(minimum=0.12, maximum=0.28, name='v_ej_dyn', latex_label='$v^{\\rm{dyn}}_{\\rm{ej}}$', unit=None, boundary=None)
22:45 INFO    : Ye_dyn=Uniform(minimum=0.15, maximum=0.35, name='Ye_dyn', latex_label='$Y^{\\rm{dyn}}_{e}$', unit=None, boundary=None)
22:45 INFO    : log10_mej_wind=Uniform(minimum=-1.9, maximum=-1.2, name='log10_mej_wind', latex_label='$\\log_{10}M^{\\rm{wind}}_{\\rm{ej}}$', unit=None, boundary='reflective')
22:45 INFO    : v_ej_wind=Uniform(minimum=0.05, maximum=0.15, name='v_ej_wind', latex_label='$v^{\\rm{wind}}_{\\rm{ej}}$', unit=None, boundary=None)
22:45 INFO    : Ye_wind=Uniform(minimum=0.2, maximum=0.4, name='Ye_wind', latex_label='$Y^{\\rm{wind}}_{e}$', unit=None, boundary=None)
22:45 INFO    : inclination_EM=Uniform(minimum=0.33, maximum=0.42, name='inclination_EM', latex_label='$\\iota$', unit=None, boundary=None)
22:45 INFO    : luminosity_distance=Gaussian(mu=43.4, sigma=2, name='luminosity_distance', latex_label='$D_L$', unit=None, boundary=None)
22:45 INFO    : timeshift=0.0
22:45 INFO    : em_syserr=0.6
22:45 INFO    : redshift=0.009727
22:45 INFO    : Ebv=0.0
22:45 INFO    : Analysis likelihood class: <class 'nmma.em.em_likelihood.EMTransientLikelihood'>
22:45 INFO    : Analysis likelihood noise evidence: 0.0
22:45 INFO    : Single likelihood evaluation took 9.864e-03 s
22:45 WARNING : Supplied argument 'queue_size' not an argument of 'Pymultinest', removing.
22:45 WARNING : Supplied argument 'check_point_delta_t' not an argument of 'Pymultinest', removing.
22:45 INFO    : Using sampler Pymultinest with kwargs {'importance_nested_sampling': False, 'resume': True, 'verbose': True, 'sampling_efficiency': 'parameter', 'n_live_points': 2048, 'n_params': 8, 'n_clustering_params': None, 'wrapped_params': None, 'multimodal': True, 'const_efficiency_mode': False, 'evidence_tolerance': 0.5, 'n_iter_before_update': 100, 'null_log_evidence': -1e+90, 'max_modes': 100, 'mode_tolerance': -1e+90, 'seed': 42, 'context': 0, 'write_output': True, 'log_zero': -1e+100, 'max_iter': 0, 'init_MPI': False, 'dump_callback': <bound method Pymultinest._dump_callback of <bilby.core.sampler.pymultinest.Pymultinest object at 0x73e53c1891f0>>}
22:45 INFO    : Global meta data was removed from the result object for compatibility. Use the `BILBY_INCLUDE_GLOBAL_METADATA` environment variable to include it. This behaviour will be removed in a future release. For more details see: https://bilby-dev.github.io/bilby/faq.html#global-meta-data
22:45 INFO    : Temporary directory incompatible with MPI, will run in original directory
22:45 INFO    : Using output file outdirBNSBu7cores/pm_AT2017gfoBu2025/
22:45 INFO    : Single likelihood evaluation took 9.978e-03 s
22:45 INFO    : Single likelihood evaluation took 1.057e-02 s
22:45 INFO    : Single likelihood evaluation took 1.039e-02 s
22:45 INFO    : Single likelihood evaluation took 1.036e-02 s
22:45 INFO    : Single likelihood evaluation took 1.031e-02 s
22:45 INFO    : Single likelihood evaluation took 1.019e-02 s
22:45 WARNING : Supplied argument 'queue_size' not an argument of 'Pymultinest', removing.
22:45 WARNING : Supplied argument 'check_point_delta_t' not an argument of 'Pymultinest', removing.
22:45 INFO    : Using sampler Pymultinest with kwargs {'importance_nested_sampling': False, 'resume': True, 'verbose': True, 'sampling_efficiency': 'parameter', 'n_live_points': 2048, 'n_params': 8, 'n_clustering_params': None, 'wrapped_params': None, 'multimodal': True, 'const_efficiency_mode': False, 'evidence_tolerance': 0.5, 'n_iter_before_update': 100, 'null_log_evidence': -1e+90, 'max_modes': 100, 'mode_tolerance': -1e+90, 'seed': 42, 'context': 0, 'write_output': True, 'log_zero': -1e+100, 'max_iter': 0, 'init_MPI': False, 'dump_callback': <bound method Pymultinest._dump_callback of <bilby.core.sampler.pymultinest.Pymultinest object at 0x79356c2ca840>>}
22:45 INFO    : Global meta data was removed from the result object for compatibility. Use the `BILBY_INCLUDE_GLOBAL_METADATA` environment variable to include it. This behaviour will be removed in a future release. For more details see: https://bilby-dev.github.io/bilby/faq.html#global-meta-data
22:45 INFO    : Temporary directory incompatible with MPI, will run in original directory
22:45 INFO    : Using output file outdirBNSBu7cores/pm_AT2017gfoBu2025/
22:45 WARNING : Supplied argument 'queue_size' not an argument of 'Pymultinest', removing.
22:45 WARNING : Supplied argument 'check_point_delta_t' not an argument of 'Pymultinest', removing.
22:45 INFO    : Using sampler Pymultinest with kwargs {'importance_nested_sampling': False, 'resume': True, 'verbose': True, 'sampling_efficiency': 'parameter', 'n_live_points': 2048, 'n_params': 8, 'n_clustering_params': None, 'wrapped_params': None, 'multimodal': True, 'const_efficiency_mode': False, 'evidence_tolerance': 0.5, 'n_iter_before_update': 100, 'null_log_evidence': -1e+90, 'max_modes': 100, 'mode_tolerance': -1e+90, 'seed': 42, 'context': 0, 'write_output': True, 'log_zero': -1e+100, 'max_iter': 0, 'init_MPI': False, 'dump_callback': <bound method Pymultinest._dump_callback of <bilby.core.sampler.pymultinest.Pymultinest object at 0x75b54483d730>>}
22:45 INFO    : Global meta data was removed from the result object for compatibility. Use the `BILBY_INCLUDE_GLOBAL_METADATA` environment variable to include it. This behaviour will be removed in a future release. For more details see: https://bilby-dev.github.io/bilby/faq.html#global-meta-data
22:45 INFO    : Temporary directory incompatible with MPI, will run in original directory
22:45 INFO    : Using output file outdirBNSBu7cores/pm_AT2017gfoBu2025/
22:45 WARNING : Supplied argument 'queue_size' not an argument of 'Pymultinest', removing.
22:45 WARNING : Supplied argument 'check_point_delta_t' not an argument of 'Pymultinest', removing.
22:45 INFO    : Using sampler Pymultinest with kwargs {'importance_nested_sampling': False, 'resume': True, 'verbose': True, 'sampling_efficiency': 'parameter', 'n_live_points': 2048, 'n_params': 8, 'n_clustering_params': None, 'wrapped_params': None, 'multimodal': True, 'const_efficiency_mode': False, 'evidence_tolerance': 0.5, 'n_iter_before_update': 100, 'null_log_evidence': -1e+90, 'max_modes': 100, 'mode_tolerance': -1e+90, 'seed': 42, 'context': 0, 'write_output': True, 'log_zero': -1e+100, 'max_iter': 0, 'init_MPI': False, 'dump_callback': <bound method Pymultinest._dump_callback of <bilby.core.sampler.pymultinest.Pymultinest object at 0x71ae102d5220>>}
22:45 INFO    : Global meta data was removed from the result object for compatibility. Use the `BILBY_INCLUDE_GLOBAL_METADATA` environment variable to include it. This behaviour will be removed in a future release. For more details see: https://bilby-dev.github.io/bilby/faq.html#global-meta-data
22:45 INFO    : Temporary directory incompatible with MPI, will run in original directory
22:45 INFO    : Using output file outdirBNSBu7cores/pm_AT2017gfoBu2025/
22:45 WARNING : Supplied argument 'queue_size' not an argument of 'Pymultinest', removing.
22:45 WARNING : Supplied argument 'check_point_delta_t' not an argument of 'Pymultinest', removing.
22:45 INFO    : Using sampler Pymultinest with kwargs {'importance_nested_sampling': False, 'resume': True, 'verbose': True, 'sampling_efficiency': 'parameter', 'n_live_points': 2048, 'n_params': 8, 'n_clustering_params': None, 'wrapped_params': None, 'multimodal': True, 'const_efficiency_mode': False, 'evidence_tolerance': 0.5, 'n_iter_before_update': 100, 'null_log_evidence': -1e+90, 'max_modes': 100, 'mode_tolerance': -1e+90, 'seed': 42, 'context': 0, 'write_output': True, 'log_zero': -1e+100, 'max_iter': 0, 'init_MPI': False, 'dump_callback': <bound method Pymultinest._dump_callback of <bilby.core.sampler.pymultinest.Pymultinest object at 0x7e1b6c3b3aa0>>}
22:45 INFO    : Global meta data was removed from the result object for compatibility. Use the `BILBY_INCLUDE_GLOBAL_METADATA` environment variable to include it. This behaviour will be removed in a future release. For more details see: https://bilby-dev.github.io/bilby/faq.html#global-meta-data
22:45 INFO    : Temporary directory incompatible with MPI, will run in original directory
22:45 INFO    : Using output file outdirBNSBu7cores/pm_AT2017gfoBu2025/
22:45 WARNING : Supplied argument 'queue_size' not an argument of 'Pymultinest', removing.
22:45 WARNING : Supplied argument 'check_point_delta_t' not an argument of 'Pymultinest', removing.
22:45 INFO    : Using sampler Pymultinest with kwargs {'importance_nested_sampling': False, 'resume': True, 'verbose': True, 'sampling_efficiency': 'parameter', 'n_live_points': 2048, 'n_params': 8, 'n_clustering_params': None, 'wrapped_params': None, 'multimodal': True, 'const_efficiency_mode': False, 'evidence_tolerance': 0.5, 'n_iter_before_update': 100, 'null_log_evidence': -1e+90, 'max_modes': 100, 'mode_tolerance': -1e+90, 'seed': 42, 'context': 0, 'write_output': True, 'log_zero': -1e+100, 'max_iter': 0, 'init_MPI': False, 'dump_callback': <bound method Pymultinest._dump_callback of <bilby.core.sampler.pymultinest.Pymultinest object at 0x74cc581855e0>>}
22:45 INFO    : Global meta data was removed from the result object for compatibility. Use the `BILBY_INCLUDE_GLOBAL_METADATA` environment variable to include it. This behaviour will be removed in a future release. For more details see: https://bilby-dev.github.io/bilby/faq.html#global-meta-data
22:45 INFO    : Temporary directory incompatible with MPI, will run in original directory
22:45 INFO    : Using output file outdirBNSBu7cores/pm_AT2017gfoBu2025/
22:45 WARNING : Supplied argument 'queue_size' not an argument of 'Pymultinest', removing.
22:45 WARNING : Supplied argument 'check_point_delta_t' not an argument of 'Pymultinest', removing.
22:45 INFO    : Using sampler Pymultinest with kwargs {'importance_nested_sampling': False, 'resume': True, 'verbose': True, 'sampling_efficiency': 'parameter', 'n_live_points': 2048, 'n_params': 8, 'n_clustering_params': None, 'wrapped_params': None, 'multimodal': True, 'const_efficiency_mode': False, 'evidence_tolerance': 0.5, 'n_iter_before_update': 100, 'null_log_evidence': -1e+90, 'max_modes': 100, 'mode_tolerance': -1e+90, 'seed': 42, 'context': 0, 'write_output': True, 'log_zero': -1e+100, 'max_iter': 0, 'init_MPI': False, 'dump_callback': <bound method Pymultinest._dump_callback of <bilby.core.sampler.pymultinest.Pymultinest object at 0x7103e82e9e80>>}
22:45 INFO    : Global meta data was removed from the result object for compatibility. Use the `BILBY_INCLUDE_GLOBAL_METADATA` environment variable to include it. This behaviour will be removed in a future release. For more details see: https://bilby-dev.github.io/bilby/faq.html#global-meta-data
22:45 INFO    : Temporary directory incompatible with MPI, will run in original directory
22:45 INFO    : Using output file outdirBNSBu7cores/pm_AT2017gfoBu2025/
23:03 INFO    : Sampling time: 0:17:47.635235
23:03 INFO    : Summary of results:
nsamples: 25838
ln_noise_evidence:  0.000
ln_evidence: -162.749 +/-  0.107
ln_bayes_factor: -162.749 +/-  0.107

23:03 INFO    : Sampling time: 0:17:48.497697
23:03 INFO    : Summary of results:
nsamples: 25838
ln_noise_evidence:  0.000
ln_evidence: -162.749 +/-  0.107
ln_bayes_factor: -162.749 +/-  0.107

23:03 INFO    : Sampling time: 0:17:48.396224
23:03 INFO    : Summary of results:
nsamples: 25838
ln_noise_evidence:  0.000
ln_evidence: -162.749 +/-  0.107
ln_bayes_factor: -162.749 +/-  0.107

23:03 INFO    : Sampling time: 0:17:48.862944
23:03 INFO    : Summary of results:
nsamples: 25838
ln_noise_evidence:  0.000
ln_evidence: -162.749 +/-  0.107
ln_bayes_factor: -162.749 +/-  0.107

23:03 INFO    : Sampling time: 0:17:48.581290
23:03 INFO    : Summary of results:
nsamples: 25838
ln_noise_evidence:  0.000
ln_evidence: -162.749 +/-  0.107
ln_bayes_factor: -162.749 +/-  0.107

23:03 INFO    : Sampling time: 0:17:48.223307
23:03 INFO    : Sampling time: 0:17:52.704028
23:03 INFO    : Summary of results:
nsamples: 25838
ln_noise_evidence:  0.000
ln_evidence: -162.749 +/-  0.107
ln_bayes_factor: -162.749 +/-  0.107

23:03 INFO    : No extension given, defaulting to JSON.
23:03 INFO    : Summary of results:
nsamples: 25838
ln_noise_evidence:  0.000
ln_evidence: -162.749 +/-  0.107
ln_bayes_factor: -162.749 +/-  0.107

23:03 INFO    : Writing samples file to /home/hussenot/H0/kilonovae-H0/170817/Bu2025MLP/06AngleradioGWdistance+masses/outdirBNSBu7cores/AT2017gfoBu2025_posterior_samples.dat
