Install afterglowpy if you want to simulate afterglows.
Install afterglowpy if you want to simulate afterglows.
Install afterglowpy if you want to simulate afterglows.
Install afterglowpy if you want to simulate afterglows.
Install afterglowpy if you want to simulate afterglows.
Install afterglowpy if you want to simulate afterglows.
Install afterglowpy if you want to simulate afterglows.
Install afterglowpy if you want to simulate afterglows.
Install afterglowpy if you want to simulate afterglows.
Install afterglowpy if you want to simulate afterglows.
Install afterglowpy if you want to simulate afterglows.
Install afterglowpy if you want to simulate afterglows.
Install afterglowpy if you want to simulate afterglows.
Install afterglowpy if you want to simulate afterglows.
Install afterglowpy if you want to simulate afterglows.
Install afterglowpy if you want to simulate afterglows.
Install afterglowpy if you want to simulate afterglows.
Install afterglowpy if you want to simulate afterglows.
Install afterglowpy if you want to simulate afterglows.
Install afterglowpy if you want to simulate afterglows.
Install afterglowpy if you want to simulate afterglows.
Install afterglowpy if you want to simulate afterglows.
Install afterglowpy if you want to simulate afterglows.
Install afterglowpy if you want to simulate afterglows.
Install afterglowpy if you want to simulate afterglows.
Install afterglowpy if you want to simulate afterglows.
Install afterglowpy if you want to simulate afterglows.
Install afterglowpy if you want to simulate afterglows.
Install afterglowpy if you want to simulate afterglows.
Install afterglowpy if you want to simulate afterglows.
Install afterglowpy if you want to simulate afterglows.
Install afterglowpy if you want to simulate afterglows.
Install wrapt_timeout_decorator if you want timeout simulations.
Install wrapt_timeout_decorator if you want timeout simulations.
Install wrapt_timeout_decorator if you want timeout simulations.
Install wrapt_timeout_decorator if you want timeout simulations.
Install wrapt_timeout_decorator if you want timeout simulations.
Install wrapt_timeout_decorator if you want timeout simulations.
Install wrapt_timeout_decorator if you want timeout simulations.
Install wrapt_timeout_decorator if you want timeout simulations.
Install wrapt_timeout_decorator if you want timeout simulations.
Install wrapt_timeout_decorator if you want timeout simulations.
Install wrapt_timeout_decorator if you want timeout simulations.
Install wrapt_timeout_decorator if you want timeout simulations.
Install wrapt_timeout_decorator if you want timeout simulations.
Install wrapt_timeout_decorator if you want timeout simulations.
Install wrapt_timeout_decorator if you want timeout simulations.
Install wrapt_timeout_decorator if you want timeout simulations.
Install wrapt_timeout_decorator if you want timeout simulations.
Install wrapt_timeout_decorator if you want timeout simulations.
Install wrapt_timeout_decorator if you want timeout simulations.
Install wrapt_timeout_decorator if you want timeout simulations.
Install wrapt_timeout_decorator if you want timeout simulations.
Install wrapt_timeout_decorator if you want timeout simulations.
Install wrapt_timeout_decorator if you want timeout simulations.
Install wrapt_timeout_decorator if you want timeout simulations.
Install wrapt_timeout_decorator if you want timeout simulations.
Install wrapt_timeout_decorator if you want timeout simulations.
Install wrapt_timeout_decorator if you want timeout simulations.
Install wrapt_timeout_decorator if you want timeout simulations.
Install wrapt_timeout_decorator if you want timeout simulations.
Install wrapt_timeout_decorator if you want timeout simulations.
Install wrapt_timeout_decorator if you want timeout simulations.
Install wrapt_timeout_decorator if you want timeout simulations.
Creating light curve model for inference
Creating light curve model for inference
Creating light curve model for inference
Creating light curve model for inference
Creating light curve model for inference
Creating light curve model for inference
Creating light curve model for inference
Creating light curve model for inference
Creating light curve model for inference
Creating light curve model for inference
Creating light curve model for inference
Creating light curve model for inference
Creating light curve model for inference
Creating light curve model for inference
Creating light curve model for inference
Creating light curve model for inference
Creating light curve model for inference
Creating light curve model for inference
Creating light curve model for inference
Creating light curve model for inference
Creating light curve model for inference
Creating light curve model for inference
Creating light curve model for inference
Creating light curve model for inference
Creating light curve model for inference
Creating light curve model for inference
Creating light curve model for inference
Creating light curve model for inference
Creating light curve model for inference
Creating light curve model for inference
Creating light curve model for inference
Creating light curve model for inference
Running with filters ['ps1__g', 'ps1__r', 'ps1__i', 'ps1__z']
Running with filters ['ps1__g', 'ps1__r', 'ps1__i', 'ps1__z']
Running with filters ['ps1__g', 'ps1__r', 'ps1__i', 'ps1__z']
Running with filters ['ps1__g', 'ps1__r', 'ps1__i', 'ps1__z']
Running with filters ['ps1__g', 'ps1__r', 'ps1__i', 'ps1__z']
Running with filters ['ps1__g', 'ps1__r', 'ps1__i', 'ps1__z']
Running with filters ['ps1__g', 'ps1__r', 'ps1__i', 'ps1__z']
Running with filters ['ps1__g', 'ps1__r', 'ps1__i', 'ps1__z']
Running with filters ['ps1__g', 'ps1__r', 'ps1__i', 'ps1__z']
Running with filters ['ps1__g', 'ps1__r', 'ps1__i', 'ps1__z']
Running with filters ['ps1__g', 'ps1__r', 'ps1__i', 'ps1__z']
Running with filters ['ps1__g', 'ps1__r', 'ps1__i', 'ps1__z']
Running with filters ['ps1__g', 'ps1__r', 'ps1__i', 'ps1__z']
Running with filters ['ps1__g', 'ps1__r', 'ps1__i', 'ps1__z']
Running with filters ['ps1__g', 'ps1__r', 'ps1__i', 'ps1__z']
Running with filters ['ps1__g', 'ps1__r', 'ps1__i', 'ps1__z']
Running with filters ['ps1__g', 'ps1__r', 'ps1__i', 'ps1__z']
Running with filters ['ps1__g', 'ps1__r', 'ps1__i', 'ps1__z']
Running with filters ['ps1__g', 'ps1__r', 'ps1__i', 'ps1__z']
Running with filters ['ps1__g', 'ps1__r', 'ps1__i', 'ps1__z']
Running with filters ['ps1__g', 'ps1__r', 'ps1__i', 'ps1__z']
Running with filters ['ps1__g', 'ps1__r', 'ps1__i', 'ps1__z']
Running with filters ['ps1__g', 'ps1__r', 'ps1__i', 'ps1__z']
Running with filters ['ps1__g', 'ps1__r', 'ps1__i', 'ps1__z']
Running with filters ['ps1__g', 'ps1__r', 'ps1__i', 'ps1__z']
Running with filters ['ps1__g', 'ps1__r', 'ps1__i', 'ps1__z']
Running with filters ['ps1__g', 'ps1__r', 'ps1__i', 'ps1__z']
Running with filters ['ps1__g', 'ps1__r', 'ps1__i', 'ps1__z']
Running with filters ['ps1__g', 'ps1__r', 'ps1__i', 'ps1__z']
Running with filters ['ps1__g', 'ps1__r', 'ps1__i', 'ps1__z']
Running with filters ['ps1__g', 'ps1__r', 'ps1__i', 'ps1__z']
Running with filters ['ps1__g', 'ps1__r', 'ps1__i', 'ps1__z']
Loaded filter ps1__g
Loaded filter ps1__g
Loaded filter ps1__g
Loaded filter ps1__g
Loaded filter ps1__g
Loaded filter ps1__g
Loaded filter ps1__g
Loaded filter ps1__g
Loaded filter ps1__g
Loaded filter ps1__g
Loaded filter ps1__g
Loaded filter ps1__g
Loaded filter ps1__g
Loaded filter ps1__g
Loaded filter ps1__g
Loaded filter ps1__g
Loaded filter ps1__g
Loaded filter ps1__g
Loaded filter ps1__g
Loaded filter ps1__g
Loaded filter ps1__g
Loaded filter ps1__g
Loaded filter ps1__g
Loaded filter ps1__g
Loaded filter ps1__g
Loaded filter ps1__g
Loaded filter ps1__g
Loaded filter ps1__g
Loaded filter ps1__g
Loaded filter ps1__g
Loaded filter ps1__g
Loaded filter ps1__g
Loaded filter ps1__r
Loaded filter ps1__r
Loaded filter ps1__r
Loaded filter ps1__r
Loaded filter ps1__r
Loaded filter ps1__r
Loaded filter ps1__r
Loaded filter ps1__r
Loaded filter ps1__r
Loaded filter ps1__r
Loaded filter ps1__r
Loaded filter ps1__r
Loaded filter ps1__r
Loaded filter ps1__r
Loaded filter ps1__r
Loaded filter ps1__r
Loaded filter ps1__r
Loaded filter ps1__r
Loaded filter ps1__r
Loaded filter ps1__r
Loaded filter ps1__r
Loaded filter ps1__r
Loaded filter ps1__r
Loaded filter ps1__r
Loaded filter ps1__r
Loaded filter ps1__r
Loaded filter ps1__r
Loaded filter ps1__r
Loaded filter ps1__r
Loaded filter ps1__r
Loaded filter ps1__r
Loaded filter ps1__r
Loaded filter ps1__i
Loaded filter ps1__i
Loaded filter ps1__i
Loaded filter ps1__i
Loaded filter ps1__i
Loaded filter ps1__i
Loaded filter ps1__i
Loaded filter ps1__i
Loaded filter ps1__i
Loaded filter ps1__i
Loaded filter ps1__i
Loaded filter ps1__i
Loaded filter ps1__i
Loaded filter ps1__i
Loaded filter ps1__i
Loaded filter ps1__i
Loaded filter ps1__i
Loaded filter ps1__i
Loaded filter ps1__i
Loaded filter ps1__i
Loaded filter ps1__i
Loaded filter ps1__i
Loaded filter ps1__i
Loaded filter ps1__i
Loaded filter ps1__i
Loaded filter ps1__i
Loaded filter ps1__i
Loaded filter ps1__i
Loaded filter ps1__i
Loaded filter ps1__i
Loaded filter ps1__i
Loaded filter ps1__i
Loaded filter ps1__z
Loaded filter ps1__z
Loaded filter ps1__z
Loaded filter ps1__z
Loaded filter ps1__z
Loaded filter ps1__z
Loaded filter ps1__z
Loaded filter ps1__z
Loaded filter ps1__z
Loaded filter ps1__z
Loaded filter ps1__z
Loaded filter ps1__z
Loaded filter ps1__z
Loaded filter ps1__z
Loaded filter ps1__z
Loaded filter ps1__z
Loaded filter ps1__z
Loaded filter ps1__z
Loaded filter ps1__z
Loaded filter ps1__z
Loaded filter ps1__z
Loaded filter ps1__z
Loaded filter ps1__z
Loaded filter ps1__z
Loaded filter ps1__z
Loaded filter ps1__z
Loaded filter ps1__z
Loaded filter ps1__z
Loaded filter ps1__z
Loaded filter ps1__z
Loaded filter ps1__z
Loaded filter ps1__z
Running with the following additional sampler_kwargs:
{}
Running with the following additional sampler_kwargs:
{}
Running with the following additional sampler_kwargs:
{}
Running with the following additional sampler_kwargs:
{}
Running with the following additional sampler_kwargs:
{}
Running with the following additional sampler_kwargs:
{}
Running with the following additional sampler_kwargs:
{}
Running with the following additional sampler_kwargs:
{}
Running with the following additional sampler_kwargs:
{}
Running with the following additional sampler_kwargs:
{}
Running with the following additional sampler_kwargs:
{}
Running with the following additional sampler_kwargs:
{}
Running with the following additional sampler_kwargs:
{}
Running with the following additional sampler_kwargs:
{}
Running with the following additional sampler_kwargs:
{}
Running with the following additional sampler_kwargs:
{}
Running with the following additional sampler_kwargs:
{}
Running with the following additional sampler_kwargs:
{}
Running with the following additional sampler_kwargs:
{}
Running with the following additional sampler_kwargs:
{}
Running with the following additional sampler_kwargs:
{}
Running with the following additional sampler_kwargs:
{}
Running with the following additional sampler_kwargs:
{}
Running with the following additional sampler_kwargs:
{}
Running with the following additional sampler_kwargs:
{}
Running with the following additional sampler_kwargs:
{}
Running with the following additional sampler_kwargs:
{}
Running with the following additional sampler_kwargs:
{}
Running with the following additional sampler_kwargs:
{}
Running with the following additional sampler_kwargs:
{}
Running with the following additional sampler_kwargs:
{}
Running with the following additional sampler_kwargs:
{}
 MultiNest Warning: no resume file found, starting from scratch
 *****************************************************
 MultiNest v3.10
 Copyright Farhan Feroz & Mike Hobson
 Release Jul 2015

 no. of live points = 2048
 dimensionality =    5
 *****************************************************
 Starting MultiNest
 generating live points
 live points generated, starting sampling
Acceptance Rate:                        0.999524
Replacements:                               2098
Total Samples:                              2099
Nested Sampling ln(Z):              -3228.057967
Acceptance Rate:                        0.998605
Replacements:                               2148
Total Samples:                              2151
Nested Sampling ln(Z):              -2772.843287
Acceptance Rate:                        0.997278
Replacements:                               2198
Total Samples:                              2204
Nested Sampling ln(Z):              -2502.695375
Acceptance Rate:                        0.993372
Replacements:                               2248
Total Samples:                              2263
Nested Sampling ln(Z):              -2276.967676
Acceptance Rate:                        0.991372
Replacements:                               2298
Total Samples:                              2318
Nested Sampling ln(Z):              -2141.769129
Acceptance Rate:                        0.989882
Replacements:                               2348
Total Samples:                              2372
Nested Sampling ln(Z):              -1993.331847
Acceptance Rate:                        0.988866
Replacements:                               2398
Total Samples:                              2425
Nested Sampling ln(Z):              -1879.331053
Acceptance Rate:                        0.985507
Replacements:                               2448
Total Samples:                              2484
Nested Sampling ln(Z):              -1761.036329
Acceptance Rate:                        0.980377
Replacements:                               2498
Total Samples:                              2548
Nested Sampling ln(Z):              -1650.037154
Acceptance Rate:                        0.974751
Replacements:                               2548
Total Samples:                              2614
Nested Sampling ln(Z):              -1535.305665
Acceptance Rate:                        0.970127
Replacements:                               2598
Total Samples:                              2678
Nested Sampling ln(Z):              -1437.164419
Acceptance Rate:                        0.962909
Replacements:                               2648
Total Samples:                              2750
Nested Sampling ln(Z):              -1335.370146
Acceptance Rate:                        0.958778
Replacements:                               2698
Total Samples:                              2814
Nested Sampling ln(Z):              -1232.687721
Acceptance Rate:                        0.953174
Replacements:                               2748
Total Samples:                              2883
Nested Sampling ln(Z):              -1142.371308
Acceptance Rate:                        0.948153
Replacements:                               2798
Total Samples:                              2951
Nested Sampling ln(Z):              -1060.811921
Acceptance Rate:                        0.939004
Replacements:                               2848
Total Samples:                              3033
Nested Sampling ln(Z):               -994.837503
Acceptance Rate:                        0.937561
Replacements:                               2898
Total Samples:                              3091
Nested Sampling ln(Z):               -919.800280
Acceptance Rate:                        0.933502
Replacements:                               2948
Total Samples:                              3158
Nested Sampling ln(Z):               -832.408750
Acceptance Rate:                        0.927312
Replacements:                               2998
Total Samples:                              3233
Nested Sampling ln(Z):               -771.589557
Acceptance Rate:                        0.918903
Replacements:                               3048
Total Samples:                              3317
Nested Sampling ln(Z):               -710.842337
Acceptance Rate:                        0.916026
Replacements:                               3098
Total Samples:                              3382
Nested Sampling ln(Z):               -668.120316
Acceptance Rate:                        0.911671
Replacements:                               3148
Total Samples:                              3453
Nested Sampling ln(Z):               -627.348047
Acceptance Rate:                        0.906206
Replacements:                               3198
Total Samples:                              3529
Nested Sampling ln(Z):               -599.213093
Acceptance Rate:                        0.903980
Replacements:                               3248
Total Samples:                              3593
Nested Sampling ln(Z):               -569.270786
Acceptance Rate:                        0.900109
Replacements:                               3298
Total Samples:                              3664
Nested Sampling ln(Z):               -541.453667
Acceptance Rate:                        0.895906
Replacements:                               3348
Total Samples:                              3737
Nested Sampling ln(Z):               -511.924351
Acceptance Rate:                        0.893740
Replacements:                               3398
Total Samples:                              3802
Nested Sampling ln(Z):               -496.708619
Acceptance Rate:                        0.892109
Replacements:                               3448
Total Samples:                              3865
Nested Sampling ln(Z):               -477.476918
Acceptance Rate:                        0.888494
Replacements:                               3498
Total Samples:                              3937
Nested Sampling ln(Z):               -455.748739
Acceptance Rate:                        0.886114
Replacements:                               3548
Total Samples:                              4004
Nested Sampling ln(Z):               -435.743523
Acceptance Rate:                        0.883812
Replacements:                               3598
Total Samples:                              4071
Nested Sampling ln(Z):               -415.697715
Acceptance Rate:                        0.882012
Replacements:                               3648
Total Samples:                              4136
Nested Sampling ln(Z):               -399.619284
Acceptance Rate:                        0.880896
Replacements:                               3698
Total Samples:                              4198
Nested Sampling ln(Z):               -384.276637
Acceptance Rate:                        0.877957
Replacements:                               3748
Total Samples:                              4269
Nested Sampling ln(Z):               -369.391330
Acceptance Rate:                        0.875115
Replacements:                               3798
Total Samples:                              4340
Nested Sampling ln(Z):               -355.974913
Acceptance Rate:                        0.871772
Replacements:                               3848
Total Samples:                              4414
Nested Sampling ln(Z):               -337.016664
Acceptance Rate:                        0.870867
Replacements:                               3898
Total Samples:                              4476
Nested Sampling ln(Z):               -323.230089
Acceptance Rate:                        0.867692
Replacements:                               3948
Total Samples:                              4550
Nested Sampling ln(Z):               -308.593024
Acceptance Rate:                        0.866681
Replacements:                               3998
Total Samples:                              4613
Nested Sampling ln(Z):               -294.311363
Acceptance Rate:                        0.864588
Replacements:                               4048
Total Samples:                              4682
Nested Sampling ln(Z):               -284.679076
Acceptance Rate:                        0.859300
Replacements:                               4098
Total Samples:                              4769
Nested Sampling ln(Z):               -273.913488
Acceptance Rate:                        0.858799
Replacements:                               4148
Total Samples:                              4830
Nested Sampling ln(Z):               -264.779036
Acceptance Rate:                        0.854990
Replacements:                               4198
Total Samples:                              4910
Nested Sampling ln(Z):               -254.036301
Acceptance Rate:                        0.851132
Replacements:                               4248
Total Samples:                              4991
Nested Sampling ln(Z):               -243.198229
Acceptance Rate:                        0.848736
Replacements:                               4298
Total Samples:                              5064
Nested Sampling ln(Z):               -234.159529
Acceptance Rate:                        0.846738
Replacements:                               4348
Total Samples:                              5135
Nested Sampling ln(Z):               -226.030053
Acceptance Rate:                        0.844794
Replacements:                               4398
Total Samples:                              5206
Nested Sampling ln(Z):               -219.579850
Acceptance Rate:                        0.837665
Replacements:                               4448
Total Samples:                              5310
Nested Sampling ln(Z):               -213.053898
Acceptance Rate:                        0.835594
Replacements:                               4498
Total Samples:                              5383
Nested Sampling ln(Z):               -206.280046
Acceptance Rate:                        0.832662
Replacements:                               4548
Total Samples:                              5462
Nested Sampling ln(Z):               -200.262034
Acceptance Rate:                        0.829365
Replacements:                               4598
Total Samples:                              5544
Nested Sampling ln(Z):               -194.709210
Acceptance Rate:                        0.826899
Replacements:                               4648
Total Samples:                              5621
Nested Sampling ln(Z):               -189.837262
Acceptance Rate:                        0.824934
Replacements:                               4698
Total Samples:                              5695
Nested Sampling ln(Z):               -184.634766
Acceptance Rate:                        0.821880
Replacements:                               4748
Total Samples:                              5777
Nested Sampling ln(Z):               -178.782588
Acceptance Rate:                        0.817794
Replacements:                               4798
Total Samples:                              5867
Nested Sampling ln(Z):               -173.042850
Acceptance Rate:                        0.815612
Replacements:                               4848
Total Samples:                              5944
Nested Sampling ln(Z):               -167.917542
Acceptance Rate:                        0.813892
Replacements:                               4898
Total Samples:                              6018
Nested Sampling ln(Z):               -163.539349
Acceptance Rate:                        0.811946
Replacements:                               4948
Total Samples:                              6094
Nested Sampling ln(Z):               -159.318523
Acceptance Rate:                        0.809524
Replacements:                               4998
Total Samples:                              6174
Nested Sampling ln(Z):               -155.681699
Acceptance Rate:                        0.806905
Replacements:                               5048
Total Samples:                              6256
Nested Sampling ln(Z):               -152.289022
Acceptance Rate:                        0.802203
Replacements:                               5098
Total Samples:                              6355
Nested Sampling ln(Z):               -148.203868
Acceptance Rate:                        0.798883
Replacements:                               5148
Total Samples:                              6444
Nested Sampling ln(Z):               -144.701941
Acceptance Rate:                        0.794923
Replacements:                               5198
Total Samples:                              6539
Nested Sampling ln(Z):               -141.458428
Acceptance Rate:                        0.793109
Replacements:                               5248
Total Samples:                              6617
Nested Sampling ln(Z):               -138.168055
Acceptance Rate:                        0.791928
Replacements:                               5298
Total Samples:                              6690
Nested Sampling ln(Z):               -134.906656
Acceptance Rate:                        0.788558
Replacements:                               5348
Total Samples:                              6782
Nested Sampling ln(Z):               -132.394772
Acceptance Rate:                        0.783341
Replacements:                               5398
Total Samples:                              6891
Nested Sampling ln(Z):               -129.478083
Acceptance Rate:                        0.780516
Replacements:                               5448
Total Samples:                              6980
Nested Sampling ln(Z):               -127.270827
Acceptance Rate:                        0.776883
Replacements:                               5498
Total Samples:                              7077
Nested Sampling ln(Z):               -125.204195
Acceptance Rate:                        0.775185
Replacements:                               5548
Total Samples:                              7157
Nested Sampling ln(Z):               -123.291837
Acceptance Rate:                        0.773204
Replacements:                               5598
Total Samples:                              7240
Nested Sampling ln(Z):               -121.521156
Acceptance Rate:                        0.771585
Replacements:                               5648
Total Samples:                              7320
Nested Sampling ln(Z):               -119.503983
Acceptance Rate:                        0.770729
Replacements:                               5698
Total Samples:                              7393
Nested Sampling ln(Z):               -117.690879
Acceptance Rate:                        0.768552
Replacements:                               5748
Total Samples:                              7479
Nested Sampling ln(Z):               -116.176693
Acceptance Rate:                        0.766526
Replacements:                               5798
Total Samples:                              7564
Nested Sampling ln(Z):               -114.673597
Acceptance Rate:                        0.763945
Replacements:                               5848
Total Samples:                              7655
Nested Sampling ln(Z):               -113.173250
Acceptance Rate:                        0.761524
Replacements:                               5898
Total Samples:                              7745
Nested Sampling ln(Z):               -111.793789
Acceptance Rate:                        0.759836
Replacements:                               5948
Total Samples:                              7828
Nested Sampling ln(Z):               -110.483429
Acceptance Rate:                        0.757897
Replacements:                               5998
Total Samples:                              7914
Nested Sampling ln(Z):               -109.247178
Acceptance Rate:                        0.756000
Replacements:                               6048
Total Samples:                              8000
Nested Sampling ln(Z):               -108.254627
Acceptance Rate:                        0.752654
Replacements:                               6098
Total Samples:                              8102
Nested Sampling ln(Z):               -107.264432
Acceptance Rate:                        0.751038
Replacements:                               6148
Total Samples:                              8186
Nested Sampling ln(Z):               -106.117251
Acceptance Rate:                        0.750454
Replacements:                               6198
Total Samples:                              8259
Nested Sampling ln(Z):               -104.919500
Acceptance Rate:                        0.749520
Replacements:                               6248
Total Samples:                              8336
Nested Sampling ln(Z):               -103.903519
Acceptance Rate:                        0.747094
Replacements:                               6298
Total Samples:                              8430
Nested Sampling ln(Z):               -103.037583
Acceptance Rate:                        0.746648
Replacements:                               6348
Total Samples:                              8502
Nested Sampling ln(Z):               -102.145849
Acceptance Rate:                        0.744820
Replacements:                               6398
Total Samples:                              8590
Nested Sampling ln(Z):               -101.330747
Acceptance Rate:                        0.742344
Replacements:                               6448
Total Samples:                              8686
Nested Sampling ln(Z):               -100.446600
Acceptance Rate:                        0.740597
Replacements:                               6498
Total Samples:                              8774
Nested Sampling ln(Z):                -99.550673
Acceptance Rate:                        0.739135
Replacements:                               6548
Total Samples:                              8859
Nested Sampling ln(Z):                -98.549269
Acceptance Rate:                        0.737949
Replacements:                               6598
Total Samples:                              8941
Nested Sampling ln(Z):                -97.588234
Acceptance Rate:                        0.736376
Replacements:                               6648
Total Samples:                              9028
Nested Sampling ln(Z):                -96.662023
Acceptance Rate:                        0.734752
Replacements:                               6698
Total Samples:                              9116
Nested Sampling ln(Z):                -95.867715
Acceptance Rate:                        0.733558
Replacements:                               6748
Total Samples:                              9199
Nested Sampling ln(Z):                -95.079082
Acceptance Rate:                        0.732306
Replacements:                               6798
Total Samples:                              9283
Nested Sampling ln(Z):                -94.309174
Acceptance Rate:                        0.730142
Replacements:                               6848
Total Samples:                              9379
Nested Sampling ln(Z):                -93.553728
Acceptance Rate:                        0.727484
Replacements:                               6898
Total Samples:                              9482
Nested Sampling ln(Z):                -92.774272
Acceptance Rate:                        0.725564
Replacements:                               6948
Total Samples:                              9576
Nested Sampling ln(Z):                -92.008054
Acceptance Rate:                        0.723382
Replacements:                               6998
Total Samples:                              9674
Nested Sampling ln(Z):                -91.248794
Acceptance Rate:                        0.722279
Replacements:                               7048
Total Samples:                              9758
Nested Sampling ln(Z):                -90.511736
Acceptance Rate:                        0.720463
Replacements:                               7098
Total Samples:                              9852
Nested Sampling ln(Z):                -89.834939
Acceptance Rate:                        0.716304
Replacements:                               7148
Total Samples:                              9979
Nested Sampling ln(Z):                -89.137041
Acceptance Rate:                        0.714796
Replacements:                               7198
Total Samples:                             10070
Nested Sampling ln(Z):                -88.420607
Acceptance Rate:                        0.713386
Replacements:                               7248
Total Samples:                             10160
Nested Sampling ln(Z):                -87.759747
Acceptance Rate:                        0.711098
Replacements:                               7298
Total Samples:                             10263
Nested Sampling ln(Z):                -87.068457
Acceptance Rate:                        0.709883
Replacements:                               7348
Total Samples:                             10351
Nested Sampling ln(Z):                -86.397674
Acceptance Rate:                        0.709436
Replacements:                               7398
Total Samples:                             10428
Nested Sampling ln(Z):                -85.769654
Acceptance Rate:                        0.707581
Replacements:                               7448
Total Samples:                             10526
Nested Sampling ln(Z):                -85.112682
Acceptance Rate:                        0.707425
Replacements:                               7498
Total Samples:                             10599
Nested Sampling ln(Z):                -84.482518
Acceptance Rate:                        0.705486
Replacements:                               7548
Total Samples:                             10699
Nested Sampling ln(Z):                -83.912976
Acceptance Rate:                        0.703193
Replacements:                               7598
Total Samples:                             10805
Nested Sampling ln(Z):                -83.393977
Acceptance Rate:                        0.701845
Replacements:                               7648
Total Samples:                             10897
Nested Sampling ln(Z):                -82.873183
Acceptance Rate:                        0.701540
Replacements:                               7698
Total Samples:                             10973
Nested Sampling ln(Z):                -82.329153
Acceptance Rate:                        0.700289
Replacements:                               7748
Total Samples:                             11064
Nested Sampling ln(Z):                -81.726899
Acceptance Rate:                        0.698558
Replacements:                               7798
Total Samples:                             11163
Nested Sampling ln(Z):                -81.109907
Acceptance Rate:                        0.697104
Replacements:                               7848
Total Samples:                             11258
Nested Sampling ln(Z):                -80.483425
Acceptance Rate:                        0.694452
Replacements:                               7898
Total Samples:                             11373
Nested Sampling ln(Z):                -79.914452
Acceptance Rate:                        0.692395
Replacements:                               7948
Total Samples:                             11479
Nested Sampling ln(Z):                -79.422495
Acceptance Rate:                        0.692048
Replacements:                               7998
Total Samples:                             11557
Nested Sampling ln(Z):                -78.952830
Acceptance Rate:                        0.692063
Replacements:                               8048
Total Samples:                             11629
Nested Sampling ln(Z):                -78.470186
Acceptance Rate:                        0.691664
Replacements:                               8098
Total Samples:                             11708
Nested Sampling ln(Z):                -78.021619
Acceptance Rate:                        0.691094
Replacements:                               8148
Total Samples:                             11790
Nested Sampling ln(Z):                -77.595789
Acceptance Rate:                        0.690474
Replacements:                               8198
Total Samples:                             11873
Nested Sampling ln(Z):                -77.166203
Acceptance Rate:                        0.688366
Replacements:                               8248
Total Samples:                             11982
Nested Sampling ln(Z):                -76.729017
Acceptance Rate:                        0.687148
Replacements:                               8298
Total Samples:                             12076
Nested Sampling ln(Z):                -76.313433
Acceptance Rate:                        0.685498
Replacements:                               8348
Total Samples:                             12178
Nested Sampling ln(Z):                -75.891127
Acceptance Rate:                        0.684601
Replacements:                               8398
Total Samples:                             12267
Nested Sampling ln(Z):                -75.483280
Acceptance Rate:                        0.683440
Replacements:                               8448
Total Samples:                             12361
Nested Sampling ln(Z):                -75.100315
Acceptance Rate:                        0.682515
Replacements:                               8498
Total Samples:                             12451
Nested Sampling ln(Z):                -74.700103
Acceptance Rate:                        0.680573
Replacements:                               8548
Total Samples:                             12560
Nested Sampling ln(Z):                -74.332579
Acceptance Rate:                        0.679469
Replacements:                               8598
Total Samples:                             12654
Nested Sampling ln(Z):                -73.984460
Acceptance Rate:                        0.678967
Replacements:                               8648
Total Samples:                             12737
Nested Sampling ln(Z):                -73.647188
Acceptance Rate:                        0.677995
Replacements:                               8698
Total Samples:                             12829
Nested Sampling ln(Z):                -73.323716
Acceptance Rate:                        0.676985
Replacements:                               8748
Total Samples:                             12922
Nested Sampling ln(Z):                -73.009329
Acceptance Rate:                        0.675989
Replacements:                               8798
Total Samples:                             13015
Nested Sampling ln(Z):                -72.704101
Acceptance Rate:                        0.674750
Replacements:                               8848
Total Samples:                             13113
Nested Sampling ln(Z):                -72.419927
Acceptance Rate:                        0.674091
Replacements:                               8898
Total Samples:                             13200
Nested Sampling ln(Z):                -72.147813
Acceptance Rate:                        0.673440
Replacements:                               8948
Total Samples:                             13287
Nested Sampling ln(Z):                -71.895470
Acceptance Rate:                        0.673604
Replacements:                               8998
Total Samples:                             13358
Nested Sampling ln(Z):                -71.637990
Acceptance Rate:                        0.672914
Replacements:                               9048
Total Samples:                             13446
Nested Sampling ln(Z):                -71.380128
Acceptance Rate:                        0.672332
Replacements:                               9098
Total Samples:                             13532
Nested Sampling ln(Z):                -71.131871
Acceptance Rate:                        0.671758
Replacements:                               9148
Total Samples:                             13618
Nested Sampling ln(Z):                -70.896031
Acceptance Rate:                        0.670995
Replacements:                               9198
Total Samples:                             13708
Nested Sampling ln(Z):                -70.669902
Acceptance Rate:                        0.669563
Replacements:                               9248
Total Samples:                             13812
Nested Sampling ln(Z):                -70.438885
Acceptance Rate:                        0.668680
Replacements:                               9298
Total Samples:                             13905
Nested Sampling ln(Z):                -70.203804
Acceptance Rate:                        0.667762
Replacements:                               9348
Total Samples:                             13999
Nested Sampling ln(Z):                -69.970444
Acceptance Rate:                        0.667045
Replacements:                               9398
Total Samples:                             14089
Nested Sampling ln(Z):                -69.747342
Acceptance Rate:                        0.666432
Replacements:                               9448
Total Samples:                             14177
Nested Sampling ln(Z):                -69.536854
Acceptance Rate:                        0.665173
Replacements:                               9498
Total Samples:                             14279
Nested Sampling ln(Z):                -69.332470
Acceptance Rate:                        0.664579
Replacements:                               9548
Total Samples:                             14367
Nested Sampling ln(Z):                -69.128182
Acceptance Rate:                        0.663579
Replacements:                               9598
Total Samples:                             14464
Nested Sampling ln(Z):                -68.934752
Acceptance Rate:                        0.662683
Replacements:                               9648
Total Samples:                             14559
Nested Sampling ln(Z):                -68.746836
Acceptance Rate:                        0.661889
Replacements:                               9698
Total Samples:                             14652
Nested Sampling ln(Z):                -68.566771
Acceptance Rate:                        0.660702
Replacements:                               9748
Total Samples:                             14754
Nested Sampling ln(Z):                -68.391614
Acceptance Rate:                        0.659976
Replacements:                               9798
Total Samples:                             14846
Nested Sampling ln(Z):                -68.223084
Acceptance Rate:                        0.659832
Replacements:                               9848
Total Samples:                             14925
Nested Sampling ln(Z):                -68.058699
Acceptance Rate:                        0.659735
Replacements:                               9898
Total Samples:                             15003
Nested Sampling ln(Z):                -67.896618
Acceptance Rate:                        0.659157
Replacements:                               9948
Total Samples:                             15092
Nested Sampling ln(Z):                -67.739075
Acceptance Rate:                        0.657201
Replacements:                               9998
Total Samples:                             15213
Nested Sampling ln(Z):                -67.586949
Acceptance Rate:                        0.656217
Replacements:                              10048
Total Samples:                             15312
Nested Sampling ln(Z):                -67.434758
Acceptance Rate:                        0.655246
Replacements:                              10098
Total Samples:                             15411
Nested Sampling ln(Z):                -67.287161
Acceptance Rate:                        0.654667
Replacements:                              10148
Total Samples:                             15501
Nested Sampling ln(Z):                -67.140381
Acceptance Rate:                        0.653425
Replacements:                              10198
Total Samples:                             15607
Nested Sampling ln(Z):                -66.998710
Acceptance Rate:                        0.652656
Replacements:                              10248
Total Samples:                             15702
Nested Sampling ln(Z):                -66.859874
Acceptance Rate:                        0.650907
Replacements:                              10298
Total Samples:                             15821
Nested Sampling ln(Z):                -66.722420
Acceptance Rate:                        0.649878
Replacements:                              10348
Total Samples:                             15923
Nested Sampling ln(Z):                -66.589328
Acceptance Rate:                        0.648740
Replacements:                              10398
Total Samples:                             16028
Nested Sampling ln(Z):                -66.458440
Acceptance Rate:                        0.648179
Replacements:                              10448
Total Samples:                             16119
Nested Sampling ln(Z):                -66.329010
Acceptance Rate:                        0.647266
Replacements:                              10498
Total Samples:                             16219
Nested Sampling ln(Z):                -66.200093
Acceptance Rate:                        0.646839
Replacements:                              10548
Total Samples:                             16307
Nested Sampling ln(Z):                -66.072428
Acceptance Rate:                        0.646023
Replacements:                              10598
Total Samples:                             16405
Nested Sampling ln(Z):                -65.946968
Acceptance Rate:                        0.644123
Replacements:                              10648
Total Samples:                             16531
Nested Sampling ln(Z):                -65.822962
Acceptance Rate:                        0.642407
Replacements:                              10698
Total Samples:                             16653
Nested Sampling ln(Z):                -65.702822
Acceptance Rate:                        0.640677
Replacements:                              10748
Total Samples:                             16776
Nested Sampling ln(Z):                -65.585667
Acceptance Rate:                        0.640641
Replacements:                              10798
Total Samples:                             16855
Nested Sampling ln(Z):                -65.473018
Acceptance Rate:                        0.639887
Replacements:                              10848
Total Samples:                             16953
Nested Sampling ln(Z):                -65.360866
Acceptance Rate:                        0.639329
Replacements:                              10898
Total Samples:                             17046
Nested Sampling ln(Z):                -65.251510
Acceptance Rate:                        0.639150
Replacements:                              10948
Total Samples:                             17129
Nested Sampling ln(Z):                -65.143440
Acceptance Rate:                        0.638899
Replacements:                              10998
Total Samples:                             17214
Nested Sampling ln(Z):                -65.037896
Acceptance Rate:                        0.638539
Replacements:                              11048
Total Samples:                             17302
Nested Sampling ln(Z):                -64.935985
Acceptance Rate:                        0.638183
Replacements:                              11098
Total Samples:                             17390
Nested Sampling ln(Z):                -64.837138
Acceptance Rate:                        0.637794
Replacements:                              11148
Total Samples:                             17479
Nested Sampling ln(Z):                -64.741066
Acceptance Rate:                        0.637518
Replacements:                              11198
Total Samples:                             17565
Nested Sampling ln(Z):                -64.647472
Acceptance Rate:                        0.636739
Replacements:                              11248
Total Samples:                             17665
Nested Sampling ln(Z):                -64.555951
Acceptance Rate:                        0.636041
Replacements:                              11298
Total Samples:                             17763
Nested Sampling ln(Z):                -64.467086
Acceptance Rate:                        0.635707
Replacements:                              11348
Total Samples:                             17851
Nested Sampling ln(Z):                -64.380214
Acceptance Rate:                        0.635198
Replacements:                              11398
Total Samples:                             17944
Nested Sampling ln(Z):                -64.296785
Acceptance Rate:                        0.634907
Replacements:                              11448
Total Samples:                             18031
Nested Sampling ln(Z):                -64.215828
Acceptance Rate:                        0.633883
Replacements:                              11498
Total Samples:                             18139
Nested Sampling ln(Z):                -64.137904
Acceptance Rate:                        0.633010
Replacements:                              11548
Total Samples:                             18243
Nested Sampling ln(Z):                -64.062430
Acceptance Rate:                        0.632250
Replacements:                              11598
Total Samples:                             18344
Nested Sampling ln(Z):                -63.989037
Acceptance Rate:                        0.631842
Replacements:                              11648
Total Samples:                             18435
Nested Sampling ln(Z):                -63.916949
Acceptance Rate:                        0.630858
Replacements:                              11698
Total Samples:                             18543
Nested Sampling ln(Z):                -63.846943
Acceptance Rate:                        0.630393
Replacements:                              11748
Total Samples:                             18636
Nested Sampling ln(Z):                -63.778942
Acceptance Rate:                        0.629630
Replacements:                              11798
Total Samples:                             18738
Nested Sampling ln(Z):                -63.711918
Acceptance Rate:                        0.628942
Replacements:                              11848
Total Samples:                             18838
Nested Sampling ln(Z):                -63.645840
Acceptance Rate:                        0.628759
Replacements:                              11898
Total Samples:                             18923
Nested Sampling ln(Z):                -63.580061
Acceptance Rate:                        0.627950
Replacements:                              11948
Total Samples:                             19027
Nested Sampling ln(Z):                -63.515916
Acceptance Rate:                        0.627576
Replacements:                              11998
Total Samples:                             19118
Nested Sampling ln(Z):                -63.454034
Acceptance Rate:                        0.626749
Replacements:                              12048
Total Samples:                             19223
Nested Sampling ln(Z):                -63.393581
Acceptance Rate:                        0.625802
Replacements:                              12098
Total Samples:                             19332
Nested Sampling ln(Z):                -63.334254
Acceptance Rate:                        0.624865
Replacements:                              12148
Total Samples:                             19441
Nested Sampling ln(Z):                -63.276077
Acceptance Rate:                        0.624322
Replacements:                              12198
Total Samples:                             19538
Nested Sampling ln(Z):                -63.219101
Acceptance Rate:                        0.623308
Replacements:                              12248
Total Samples:                             19650
Nested Sampling ln(Z):                -63.163366
Acceptance Rate:                        0.623441
Replacements:                              12298
Total Samples:                             19726
Nested Sampling ln(Z):                -63.109090
Acceptance Rate:                        0.621627
Replacements:                              12348
Total Samples:                             19864
Nested Sampling ln(Z):                -63.056276
Acceptance Rate:                        0.620583
Replacements:                              12398
Total Samples:                             19978
Nested Sampling ln(Z):                -63.004766
Acceptance Rate:                        0.619334
Replacements:                              12448
Total Samples:                             20099
Nested Sampling ln(Z):                -62.954217
Acceptance Rate:                        0.618835
Replacements:                              12498
Total Samples:                             20196
Nested Sampling ln(Z):                -62.904533
Acceptance Rate:                        0.617976
Replacements:                              12548
Total Samples:                             20305
Nested Sampling ln(Z):                -62.855636
Acceptance Rate:                        0.616642
Replacements:                              12598
Total Samples:                             20430
Nested Sampling ln(Z):                -62.807714
Acceptance Rate:                        0.615714
Replacements:                              12648
Total Samples:                             20542
Nested Sampling ln(Z):                -62.761195
Acceptance Rate:                        0.614915
Replacements:                              12698
Total Samples:                             20650
Nested Sampling ln(Z):                -62.715655
Acceptance Rate:                        0.614332
Replacements:                              12748
Total Samples:                             20751
Nested Sampling ln(Z):                -62.671262
Acceptance Rate:                        0.613960
Replacements:                              12798
Total Samples:                             20845
Nested Sampling ln(Z):                -62.627933
Acceptance Rate:                        0.613563
Replacements:                              12848
Total Samples:                             20940
Nested Sampling ln(Z):                -62.586093
Acceptance Rate:                        0.611976
Replacements:                              12898
Total Samples:                             21076
Nested Sampling ln(Z):                -62.545501
Acceptance Rate:                        0.611216
Replacements:                              12948
Total Samples:                             21184
Nested Sampling ln(Z):                -62.506035
Acceptance Rate:                        0.610693
Replacements:                              12998
Total Samples:                             21284
Nested Sampling ln(Z):                -62.467507
Acceptance Rate:                        0.610576
Replacements:                              13048
Total Samples:                             21370
Nested Sampling ln(Z):                -62.429758
Acceptance Rate:                        0.610061
Replacements:                              13098
Total Samples:                             21470
Nested Sampling ln(Z):                -62.392919
Acceptance Rate:                        0.608732
Replacements:                              13148
Total Samples:                             21599
Nested Sampling ln(Z):                -62.357051
Acceptance Rate:                        0.608175
Replacements:                              13198
Total Samples:                             21701
Nested Sampling ln(Z):                -62.322336
Acceptance Rate:                        0.607957
Replacements:                              13248
Total Samples:                             21791
Nested Sampling ln(Z):                -62.288086
Acceptance Rate:                        0.607104
Replacements:                              13298
Total Samples:                             21904
Nested Sampling ln(Z):                -62.254404
Acceptance Rate:                        0.606314
Replacements:                              13348
Total Samples:                             22015
Nested Sampling ln(Z):                -62.221491
Acceptance Rate:                        0.605833
Replacements:                              13398
Total Samples:                             22115
Nested Sampling ln(Z):                -62.189307
Acceptance Rate:                        0.605684
Replacements:                              13448
Total Samples:                             22203
Nested Sampling ln(Z):                -62.157935
Acceptance Rate:                        0.605102
Replacements:                              13498
Total Samples:                             22307
Nested Sampling ln(Z):                -62.127220
Acceptance Rate:                        0.604093
Replacements:                              13548
Total Samples:                             22427
Nested Sampling ln(Z):                -62.097261
Acceptance Rate:                        0.603444
Replacements:                              13598
Total Samples:                             22534
Nested Sampling ln(Z):                -62.067951
Acceptance Rate:                        0.603067
Replacements:                              13648
Total Samples:                             22631
Nested Sampling ln(Z):                -62.039179
Acceptance Rate:                        0.603064
Replacements:                              13698
Total Samples:                             22714
Nested Sampling ln(Z):                -62.010972
Acceptance Rate:                        0.602375
Replacements:                              13748
Total Samples:                             22823
Nested Sampling ln(Z):                -61.983452
Acceptance Rate:                        0.601482
Replacements:                              13798
Total Samples:                             22940
Nested Sampling ln(Z):                -61.956643
Acceptance Rate:                        0.600182
Replacements:                              13848
Total Samples:                             23073
Nested Sampling ln(Z):                -61.930214
Acceptance Rate:                        0.599801
Replacements:                              13898
Total Samples:                             23171
Nested Sampling ln(Z):                -61.904403
Acceptance Rate:                        0.599064
Replacements:                              13948
Total Samples:                             23283
Nested Sampling ln(Z):                -61.879180
Acceptance Rate:                        0.598742
Replacements:                              13998
Total Samples:                             23379
Nested Sampling ln(Z):                -61.854458
Acceptance Rate:                        0.598577
Replacements:                              14048
Total Samples:                             23469
Nested Sampling ln(Z):                -61.830203
Acceptance Rate:                        0.598235
Replacements:                              14098
Total Samples:                             23566
Nested Sampling ln(Z):                -61.806415
Acceptance Rate:                        0.597340
Replacements:                              14148
Total Samples:                             23685
Nested Sampling ln(Z):                -61.783204
Acceptance Rate:                        0.596580
Replacements:                              14198
Total Samples:                             23799
Nested Sampling ln(Z):                -61.760543
Acceptance Rate:                        0.596026
Replacements:                              14248
Total Samples:                             23905
Nested Sampling ln(Z):                -61.738355
Acceptance Rate:                        0.595551
Replacements:                              14298
Total Samples:                             24008
Nested Sampling ln(Z):                -61.716567
Acceptance Rate:                        0.595032
Replacements:                              14348
Total Samples:                             24113
Nested Sampling ln(Z):                -61.695191
Acceptance Rate:                        0.594639
Replacements:                              14398
Total Samples:                             24213
Nested Sampling ln(Z):                -61.674262
Acceptance Rate:                        0.594446
Replacements:                              14448
Total Samples:                             24305
Nested Sampling ln(Z):                -61.653733
Acceptance Rate:                        0.594497
Replacements:                              14498
Total Samples:                             24387
Nested Sampling ln(Z):                -61.633556
Acceptance Rate:                        0.593941
Replacements:                              14548
Total Samples:                             24494
Nested Sampling ln(Z):                -61.613775
Acceptance Rate:                        0.593535
Replacements:                              14598
Total Samples:                             24595
Nested Sampling ln(Z):                -61.594458
Acceptance Rate:                        0.592221
Replacements:                              14648
Total Samples:                             24734
Nested Sampling ln(Z):                -61.575632
Acceptance Rate:                        0.591874
Replacements:                              14698
Total Samples:                             24833
Nested Sampling ln(Z):                -61.557222
Acceptance Rate:                        0.591719
Replacements:                              14748
Total Samples:                             24924
Nested Sampling ln(Z):                -61.539130
Acceptance Rate:                        0.591329
Replacements:                              14798
Total Samples:                             25025
Nested Sampling ln(Z):                -61.521440
Acceptance Rate:                        0.591130
Replacements:                              14848
Total Samples:                             25118
Nested Sampling ln(Z):                -61.504119
Acceptance Rate:                        0.590909
Replacements:                              14898
Total Samples:                             25212
Nested Sampling ln(Z):                -61.487139
Acceptance Rate:                        0.590387
Replacements:                              14948
Total Samples:                             25319
Nested Sampling ln(Z):                -61.470529
Acceptance Rate:                        0.589753
Replacements:                              14998
Total Samples:                             25431
Nested Sampling ln(Z):                -61.454231
Acceptance Rate:                        0.589332
Replacements:                              15048
Total Samples:                             25534
Nested Sampling ln(Z):                -61.438229
Acceptance Rate:                        0.588914
Replacements:                              15098
Total Samples:                             25637
Nested Sampling ln(Z):                -61.422539
Acceptance Rate:                        0.588455
Replacements:                              15148
Total Samples:                             25742
Nested Sampling ln(Z):                -61.407146
Acceptance Rate:                        0.588408
Replacements:                              15198
Total Samples:                             25829
Nested Sampling ln(Z):                -61.392044
Acceptance Rate:                        0.587954
Replacements:                              15248
Total Samples:                             25934
Nested Sampling ln(Z):                -61.377179
Acceptance Rate:                        0.587436
Replacements:                              15298
Total Samples:                             26042
Nested Sampling ln(Z):                -61.362566
Acceptance Rate:                        0.587281
Replacements:                              15348
Total Samples:                             26134
Nested Sampling ln(Z):                -61.348238
Acceptance Rate:                        0.586859
Replacements:                              15398
Total Samples:                             26238
Nested Sampling ln(Z):                -61.334189
Acceptance Rate:                        0.586062
Replacements:                              15448
Total Samples:                             26359
Nested Sampling ln(Z):                -61.320435
Acceptance Rate:                        0.585316
Replacements:                              15498
Total Samples:                             26478
Nested Sampling ln(Z):                -61.306941
Acceptance Rate:                        0.584973
Replacements:                              15548
Total Samples:                             26579
Nested Sampling ln(Z):                -61.293732
Acceptance Rate:                        0.584896
Replacements:                              15598
Total Samples:                             26668
Nested Sampling ln(Z):                -61.280790
Acceptance Rate:                        0.583990
Replacements:                              15648
Total Samples:                             26795
Nested Sampling ln(Z):                -61.268078
Acceptance Rate:                        0.583612
Replacements:                              15698
Total Samples:                             26898
Nested Sampling ln(Z):                -61.255570
Acceptance Rate:                        0.582935
Replacements:                              15748
Total Samples:                             27015
Nested Sampling ln(Z):                -61.243312
Acceptance Rate:                        0.582264
Replacements:                              15798
Total Samples:                             27132
Nested Sampling ln(Z):                -61.231297
Acceptance Rate:                        0.581642
Replacements:                              15848
Total Samples:                             27247
Nested Sampling ln(Z):                -61.219532
Acceptance Rate:                        0.581280
Replacements:                              15898
Total Samples:                             27350
Nested Sampling ln(Z):                -61.207987
Acceptance Rate:                        0.580687
Replacements:                              15948
Total Samples:                             27464
Nested Sampling ln(Z):                -61.196617
Acceptance Rate:                        0.580416
Replacements:                              15998
Total Samples:                             27563
Nested Sampling ln(Z):                -61.185443
Acceptance Rate:                        0.579957
Replacements:                              16048
Total Samples:                             27671
Nested Sampling ln(Z):                -61.174447
Acceptance Rate:                        0.578836
Replacements:                              16098
Total Samples:                             27811
Nested Sampling ln(Z):                -61.163650
Acceptance Rate:                        0.578698
Replacements:                              16148
Total Samples:                             27904
Nested Sampling ln(Z):                -61.153086
Acceptance Rate:                        0.578108
Replacements:                              16198
Total Samples:                             28019
Nested Sampling ln(Z):                -61.142726
Acceptance Rate:                        0.577748
Replacements:                              16248
Total Samples:                             28123
Nested Sampling ln(Z):                -61.132590
Acceptance Rate:                        0.577206
Replacements:                              16298
Total Samples:                             28236
Nested Sampling ln(Z):                -61.122646
Acceptance Rate:                        0.576141
Replacements:                              16348
Total Samples:                             28375
Nested Sampling ln(Z):                -61.112863
Acceptance Rate:                        0.575146
Replacements:                              16398
Total Samples:                             28511
Nested Sampling ln(Z):                -61.103273
Acceptance Rate:                        0.573881
Replacements:                              16448
Total Samples:                             28661
Nested Sampling ln(Z):                -61.093855
Acceptance Rate:                        0.573006
Replacements:                              16498
Total Samples:                             28792
Nested Sampling ln(Z):                -61.084616
Acceptance Rate:                        0.572674
Replacements:                              16548
Total Samples:                             28896
Nested Sampling ln(Z):                -61.075543
Acceptance Rate:                        0.571340
Replacements:                              16598
Total Samples:                             29051
Nested Sampling ln(Z):                -61.066645
Acceptance Rate:                        0.570645
Replacements:                              16648
Total Samples:                             29174
Nested Sampling ln(Z):                -61.057911
Acceptance Rate:                        0.569898
Replacements:                              16698
Total Samples:                             29300
Nested Sampling ln(Z):                -61.049315
Acceptance Rate:                        0.569602
Replacements:                              16748
Total Samples:                             29403
Nested Sampling ln(Z):                -61.040858
Acceptance Rate:                        0.569308
Replacements:                              16798
Total Samples:                             29506
Nested Sampling ln(Z):                -61.032562
Acceptance Rate:                        0.568709
Replacements:                              16848
Total Samples:                             29625
Nested Sampling ln(Z):                -61.024426
Acceptance Rate:                        0.567790
Replacements:                              16898
Total Samples:                             29761
Nested Sampling ln(Z):                -61.016437
Acceptance Rate:                        0.566918
Replacements:                              16948
Total Samples:                             29895
Nested Sampling ln(Z):                -61.008581
Acceptance Rate:                        0.565977
Replacements:                              16998
Total Samples:                             30033
Nested Sampling ln(Z):                -61.000874
Acceptance Rate:                        0.565346
Replacements:                              17048
Total Samples:                             30155
Nested Sampling ln(Z):                -60.993313
Acceptance Rate:                        0.565223
Replacements:                              17098
Total Samples:                             30250
Nested Sampling ln(Z):                -60.985877
Acceptance Rate:                        0.564450
Replacements:                              17148
Total Samples:                             30380
Nested Sampling ln(Z):                -60.978569
Acceptance Rate:                        0.564035
Replacements:                              17198
Total Samples:                             30491
Nested Sampling ln(Z):                -60.971380
Acceptance Rate:                        0.563752
Replacements:                              17248
Total Samples:                             30595
Nested Sampling ln(Z):                -60.964320
Acceptance Rate:                        0.563563
Replacements:                              17298
Total Samples:                             30694
Nested Sampling ln(Z):                -60.957380
Acceptance Rate:                        0.562808
Replacements:                              17348
Total Samples:                             30824
Nested Sampling ln(Z):                -60.950567
Acceptance Rate:                        0.562078
Replacements:                              17398
Total Samples:                             30953
Nested Sampling ln(Z):                -60.943884
Acceptance Rate:                        0.561408
Replacements:                              17448
Total Samples:                             31079
Nested Sampling ln(Z):                -60.937318
Acceptance Rate:                        0.560600
Replacements:                              17498
Total Samples:                             31213
Nested Sampling ln(Z):                -60.930852
Acceptance Rate:                        0.559798
Replacements:                              17548
Total Samples:                             31347
Nested Sampling ln(Z):                -60.924509
Acceptance Rate:                        0.559430
Replacements:                              17598
Total Samples:                             31457
Nested Sampling ln(Z):                -60.918292
Acceptance Rate:                        0.558870
Replacements:                              17648
Total Samples:                             31578
Nested Sampling ln(Z):                -60.912180
Acceptance Rate:                        0.558755
Replacements:                              17698
Total Samples:                             31674
Nested Sampling ln(Z):                -60.906167
Acceptance Rate:                        0.558025
Replacements:                              17748
Total Samples:                             31805
Nested Sampling ln(Z):                -60.900264
Acceptance Rate:                        0.557879
Replacements:                              17798
Total Samples:                             31903
Nested Sampling ln(Z):                -60.894466
Acceptance Rate:                        0.557349
Replacements:                              17848
Total Samples:                             32023
Nested Sampling ln(Z):                -60.888774
Acceptance Rate:                        0.557240
Replacements:                              17898
Total Samples:                             32119
Nested Sampling ln(Z):                -60.883174
Acceptance Rate:                        0.556959
Replacements:                              17948
Total Samples:                             32225
Nested Sampling ln(Z):                -60.877678
Acceptance Rate:                        0.557093
Replacements:                              17998
Total Samples:                             32307
Nested Sampling ln(Z):                -60.872268
Acceptance Rate:                        0.556539
Replacements:                              18048
Total Samples:                             32429
Nested Sampling ln(Z):                -60.866948
Acceptance Rate:                        0.555801
Replacements:                              18098
Total Samples:                             32562
Nested Sampling ln(Z):                -60.861714
Acceptance Rate:                        0.555375
Replacements:                              18148
Total Samples:                             32677
Nested Sampling ln(Z):                -60.856564
Acceptance Rate:                        0.554074
Replacements:                              18198
Total Samples:                             32844
Nested Sampling ln(Z):                -60.851499
Acceptance Rate:                        0.552970
Replacements:                              18248
Total Samples:                             33000
Nested Sampling ln(Z):                -60.846517
Acceptance Rate:                        0.552709
Replacements:                              18298
Total Samples:                             33106
Nested Sampling ln(Z):                -60.841635
Acceptance Rate:                        0.552534
Replacements:                              18348
Total Samples:                             33207
Nested Sampling ln(Z):                -60.836840
Acceptance Rate:                        0.552327
Replacements:                              18398
Total Samples:                             33310
Nested Sampling ln(Z):                -60.832138
Acceptance Rate:                        0.551972
Replacements:                              18448
Total Samples:                             33422
Nested Sampling ln(Z):                -60.827520
Acceptance Rate:                        0.551825
Replacements:                              18458
Total Samples:                             33449
Nested Sampling ln(Z):                -60.826607
 ln(ev)=  -60.594373592625203      +/-   4.9793813076529601E-002
 Total Likelihood Evaluations:        33449
 Sampling finished. Exiting MultiNest
  analysing data from outdirBNSBu32cores/pm_Simu2019lm/.txt
  analysing data from outdirBNSBu32cores/pm_Simu2019lm/.txt
  analysing data from outdirBNSBu32cores/pm_Simu2019lm/.txt
  analysing data from outdirBNSBu32cores/pm_Simu2019lm/.txt
  analysing data from outdirBNSBu32cores/pm_Simu2019lm/.txt
  analysing data from outdirBNSBu32cores/pm_Simu2019lm/.txt
  analysing data from outdirBNSBu32cores/pm_Simu2019lm/.txt
  analysing data from outdirBNSBu32cores/pm_Simu2019lm/.txt
  analysing data from outdirBNSBu32cores/pm_Simu2019lm/.txt
  analysing data from outdirBNSBu32cores/pm_Simu2019lm/.txt
  analysing data from outdirBNSBu32cores/pm_Simu2019lm/.txt
  analysing data from outdirBNSBu32cores/pm_Simu2019lm/.txt
  analysing data from outdirBNSBu32cores/pm_Simu2019lm/.txt
  analysing data from outdirBNSBu32cores/pm_Simu2019lm/.txt
  analysing data from outdirBNSBu32cores/pm_Simu2019lm/.txt
  analysing data from outdirBNSBu32cores/pm_Simu2019lm/.txt
  analysing data from outdirBNSBu32cores/pm_Simu2019lm/.txt
  analysing data from outdirBNSBu32cores/pm_Simu2019lm/.txt
  analysing data from outdirBNSBu32cores/pm_Simu2019lm/.txt
  analysing data from outdirBNSBu32cores/pm_Simu2019lm/.txt
  analysing data from outdirBNSBu32cores/pm_Simu2019lm/.txt
  analysing data from outdirBNSBu32cores/pm_Simu2019lm/.txt
  analysing data from outdirBNSBu32cores/pm_Simu2019lm/.txt
  analysing data from outdirBNSBu32cores/pm_Simu2019lm/.txt
  analysing data from outdirBNSBu32cores/pm_Simu2019lm/.txt
  analysing data from outdirBNSBu32cores/pm_Simu2019lm/.txt
  analysing data from outdirBNSBu32cores/pm_Simu2019lm/.txt
  analysing data from outdirBNSBu32cores/pm_Simu2019lm/.txt
  analysing data from outdirBNSBu32cores/pm_Simu2019lm/.txt
  analysing data from outdirBNSBu32cores/pm_Simu2019lm/.txt
  analysing data from outdirBNSBu32cores/pm_Simu2019lm/.txt
  analysing data from outdirBNSBu32cores/pm_Simu2019lm/.txt
Best fit parameters: {'KNphi': 38.1248098195645, 'log10_mej_dyn': -2.276223771803784, 'log10_mej_wind': -1.0022778071718443, 'inclination_EM': 0.774376654748848, 'luminosity_distance': 218.61457114456368, 'timeshift': 0.0, 'em_syserr': 1.0, 'Ebv': 0.0, 'log_likelihood': -53.50803730213627, 'log_prior': -13.968860026068876}
Best fit index: 7578
Saved bestfit parameters and magnitudes to outdirBNSBu32cores/Simu2019lm_bestfit_params.json
