06:42 INFO    : Running for label 'Simu2019lm', output will be saved to 'outdirBNSBu32cores'
06:42 INFO    : Running for label 'Simu2019lm', output will be saved to 'outdirBNSBu32cores'
06:42 INFO    : Running for label 'Simu2019lm', output will be saved to 'outdirBNSBu32cores'
06:42 INFO    : Running for label 'Simu2019lm', output will be saved to 'outdirBNSBu32cores'
06:42 INFO    : Running for label 'Simu2019lm', output will be saved to 'outdirBNSBu32cores'
06:42 INFO    : Running for label 'Simu2019lm', output will be saved to 'outdirBNSBu32cores'
06:42 INFO    : Running for label 'Simu2019lm', output will be saved to 'outdirBNSBu32cores'
06:42 INFO    : Running for label 'Simu2019lm', output will be saved to 'outdirBNSBu32cores'
06:42 INFO    : Running for label 'Simu2019lm', output will be saved to 'outdirBNSBu32cores'
06:42 INFO    : Running for label 'Simu2019lm', output will be saved to 'outdirBNSBu32cores'
06:42 INFO    : Running for label 'Simu2019lm', output will be saved to 'outdirBNSBu32cores'
06:42 INFO    : Running for label 'Simu2019lm', output will be saved to 'outdirBNSBu32cores'
06:42 INFO    : Running for label 'Simu2019lm', output will be saved to 'outdirBNSBu32cores'
06:42 INFO    : Running for label 'Simu2019lm', output will be saved to 'outdirBNSBu32cores'
06:42 INFO    : Running for label 'Simu2019lm', output will be saved to 'outdirBNSBu32cores'
06:42 INFO    : Running for label 'Simu2019lm', output will be saved to 'outdirBNSBu32cores'
06:42 INFO    : Running for label 'Simu2019lm', output will be saved to 'outdirBNSBu32cores'
06:42 INFO    : Running for label 'Simu2019lm', output will be saved to 'outdirBNSBu32cores'
06:42 INFO    : Running for label 'Simu2019lm', output will be saved to 'outdirBNSBu32cores'
06:42 INFO    : Running for label 'Simu2019lm', output will be saved to 'outdirBNSBu32cores'
06:42 INFO    : Running for label 'Simu2019lm', output will be saved to 'outdirBNSBu32cores'
06:42 INFO    : Running for label 'Simu2019lm', output will be saved to 'outdirBNSBu32cores'
06:42 INFO    : Running for label 'Simu2019lm', output will be saved to 'outdirBNSBu32cores'
06:42 INFO    : Running for label 'Simu2019lm', output will be saved to 'outdirBNSBu32cores'
06:42 INFO    : Running for label 'Simu2019lm', output will be saved to 'outdirBNSBu32cores'
06:42 INFO    : Running for label 'Simu2019lm', output will be saved to 'outdirBNSBu32cores'
06:42 INFO    : Running for label 'Simu2019lm', output will be saved to 'outdirBNSBu32cores'
06:42 INFO    : Running for label 'Simu2019lm', output will be saved to 'outdirBNSBu32cores'
06:42 INFO    : Running for label 'Simu2019lm', output will be saved to 'outdirBNSBu32cores'
06:42 INFO    : Running for label 'Simu2019lm', output will be saved to 'outdirBNSBu32cores'
06:42 INFO    : Running for label 'Simu2019lm', output will be saved to 'outdirBNSBu32cores'
06:42 INFO    : Running for label 'Simu2019lm', output will be saved to 'outdirBNSBu32cores'
06:42 INFO    : Analysis priors:
06:42 INFO    : Analysis priors:
06:42 INFO    : Analysis priors:
06:42 INFO    : Analysis priors:
06:42 INFO    : Analysis priors:
06:42 INFO    : Analysis priors:
06:42 INFO    : Analysis priors:
06:42 INFO    : Analysis priors:
06:42 INFO    : Analysis priors:
06:42 INFO    : Analysis priors:
06:42 INFO    : Analysis priors:
06:42 INFO    : Analysis priors:
06:42 INFO    : Analysis priors:
06:42 INFO    : Analysis priors:
06:42 INFO    : Analysis priors:
06:42 INFO    : Analysis priors:
06:42 INFO    : Analysis priors:
06:42 INFO    : KNphi=Uniform(minimum=15.0, maximum=75.0, name='KNphi', latex_label='$\\Phi$', unit=None, boundary=None)
06:42 INFO    : Analysis priors:
06:42 INFO    : Analysis priors:
06:42 INFO    : Analysis priors:
06:42 INFO    : Analysis priors:
06:42 INFO    : KNphi=Uniform(minimum=15.0, maximum=75.0, name='KNphi', latex_label='$\\Phi$', unit=None, boundary=None)
06:42 INFO    : KNphi=Uniform(minimum=15.0, maximum=75.0, name='KNphi', latex_label='$\\Phi$', unit=None, boundary=None)
06:42 INFO    : KNphi=Uniform(minimum=15.0, maximum=75.0, name='KNphi', latex_label='$\\Phi$', unit=None, boundary=None)
06:42 INFO    : KNphi=Uniform(minimum=15.0, maximum=75.0, name='KNphi', latex_label='$\\Phi$', unit=None, boundary=None)
06:42 INFO    : Analysis priors:
06:42 INFO    : Analysis priors:
06:42 INFO    : Analysis priors:
06:42 INFO    : Analysis priors:
06:42 INFO    : Analysis priors:
06:42 INFO    : Analysis priors:
06:42 INFO    : KNphi=Uniform(minimum=15.0, maximum=75.0, name='KNphi', latex_label='$\\Phi$', unit=None, boundary=None)
06:42 INFO    : KNphi=Uniform(minimum=15.0, maximum=75.0, name='KNphi', latex_label='$\\Phi$', unit=None, boundary=None)
06:42 INFO    : KNphi=Uniform(minimum=15.0, maximum=75.0, name='KNphi', latex_label='$\\Phi$', unit=None, boundary=None)
06:42 INFO    : KNphi=Uniform(minimum=15.0, maximum=75.0, name='KNphi', latex_label='$\\Phi$', unit=None, boundary=None)
06:42 INFO    : log10_mej_dyn=Uniform(minimum=-3.0, maximum=-1.0, name='log10_mej_dyn', latex_label='$\\log_{10}M^{\\rm{dyn}}_{\\rm{ej}}$', unit=None, boundary='reflective')
06:42 INFO    : KNphi=Uniform(minimum=15.0, maximum=75.0, name='KNphi', latex_label='$\\Phi$', unit=None, boundary=None)
06:42 INFO    : log10_mej_dyn=Uniform(minimum=-3.0, maximum=-1.0, name='log10_mej_dyn', latex_label='$\\log_{10}M^{\\rm{dyn}}_{\\rm{ej}}$', unit=None, boundary='reflective')
06:42 INFO    : log10_mej_dyn=Uniform(minimum=-3.0, maximum=-1.0, name='log10_mej_dyn', latex_label='$\\log_{10}M^{\\rm{dyn}}_{\\rm{ej}}$', unit=None, boundary='reflective')
06:42 INFO    : log10_mej_dyn=Uniform(minimum=-3.0, maximum=-1.0, name='log10_mej_dyn', latex_label='$\\log_{10}M^{\\rm{dyn}}_{\\rm{ej}}$', unit=None, boundary='reflective')
06:42 INFO    : log10_mej_dyn=Uniform(minimum=-3.0, maximum=-1.0, name='log10_mej_dyn', latex_label='$\\log_{10}M^{\\rm{dyn}}_{\\rm{ej}}$', unit=None, boundary='reflective')
06:42 INFO    : Analysis priors:
06:42 INFO    : Analysis priors:
06:42 INFO    : KNphi=Uniform(minimum=15.0, maximum=75.0, name='KNphi', latex_label='$\\Phi$', unit=None, boundary=None)
06:42 INFO    : KNphi=Uniform(minimum=15.0, maximum=75.0, name='KNphi', latex_label='$\\Phi$', unit=None, boundary=None)
06:42 INFO    : KNphi=Uniform(minimum=15.0, maximum=75.0, name='KNphi', latex_label='$\\Phi$', unit=None, boundary=None)
06:42 INFO    : KNphi=Uniform(minimum=15.0, maximum=75.0, name='KNphi', latex_label='$\\Phi$', unit=None, boundary=None)
06:42 INFO    : KNphi=Uniform(minimum=15.0, maximum=75.0, name='KNphi', latex_label='$\\Phi$', unit=None, boundary=None)
06:42 INFO    : KNphi=Uniform(minimum=15.0, maximum=75.0, name='KNphi', latex_label='$\\Phi$', unit=None, boundary=None)
06:42 INFO    : Analysis priors:
06:42 INFO    : KNphi=Uniform(minimum=15.0, maximum=75.0, name='KNphi', latex_label='$\\Phi$', unit=None, boundary=None)
06:42 INFO    : KNphi=Uniform(minimum=15.0, maximum=75.0, name='KNphi', latex_label='$\\Phi$', unit=None, boundary=None)
06:42 INFO    : KNphi=Uniform(minimum=15.0, maximum=75.0, name='KNphi', latex_label='$\\Phi$', unit=None, boundary=None)
06:42 INFO    : KNphi=Uniform(minimum=15.0, maximum=75.0, name='KNphi', latex_label='$\\Phi$', unit=None, boundary=None)
06:42 INFO    : KNphi=Uniform(minimum=15.0, maximum=75.0, name='KNphi', latex_label='$\\Phi$', unit=None, boundary=None)
06:42 INFO    : KNphi=Uniform(minimum=15.0, maximum=75.0, name='KNphi', latex_label='$\\Phi$', unit=None, boundary=None)
06:42 INFO    : log10_mej_dyn=Uniform(minimum=-3.0, maximum=-1.0, name='log10_mej_dyn', latex_label='$\\log_{10}M^{\\rm{dyn}}_{\\rm{ej}}$', unit=None, boundary='reflective')
06:42 INFO    : log10_mej_wind=Uniform(minimum=-3.0, maximum=-0.5, name='log10_mej_wind', latex_label='$\\log_{10}M^{\\rm{wind}}_{\\rm{ej}}$', unit=None, boundary='reflective')
06:42 INFO    : log10_mej_dyn=Uniform(minimum=-3.0, maximum=-1.0, name='log10_mej_dyn', latex_label='$\\log_{10}M^{\\rm{dyn}}_{\\rm{ej}}$', unit=None, boundary='reflective')
06:42 INFO    : log10_mej_wind=Uniform(minimum=-3.0, maximum=-0.5, name='log10_mej_wind', latex_label='$\\log_{10}M^{\\rm{wind}}_{\\rm{ej}}$', unit=None, boundary='reflective')
06:42 INFO    : log10_mej_dyn=Uniform(minimum=-3.0, maximum=-1.0, name='log10_mej_dyn', latex_label='$\\log_{10}M^{\\rm{dyn}}_{\\rm{ej}}$', unit=None, boundary='reflective')
06:42 INFO    : KNphi=Uniform(minimum=15.0, maximum=75.0, name='KNphi', latex_label='$\\Phi$', unit=None, boundary=None)
06:42 INFO    : KNphi=Uniform(minimum=15.0, maximum=75.0, name='KNphi', latex_label='$\\Phi$', unit=None, boundary=None)
06:42 INFO    : KNphi=Uniform(minimum=15.0, maximum=75.0, name='KNphi', latex_label='$\\Phi$', unit=None, boundary=None)
06:42 INFO    : log10_mej_wind=Uniform(minimum=-3.0, maximum=-0.5, name='log10_mej_wind', latex_label='$\\log_{10}M^{\\rm{wind}}_{\\rm{ej}}$', unit=None, boundary='reflective')
06:42 INFO    : KNphi=Uniform(minimum=15.0, maximum=75.0, name='KNphi', latex_label='$\\Phi$', unit=None, boundary=None)
06:42 INFO    : log10_mej_wind=Uniform(minimum=-3.0, maximum=-0.5, name='log10_mej_wind', latex_label='$\\log_{10}M^{\\rm{wind}}_{\\rm{ej}}$', unit=None, boundary='reflective')
06:42 INFO    : KNphi=Uniform(minimum=15.0, maximum=75.0, name='KNphi', latex_label='$\\Phi$', unit=None, boundary=None)
06:42 INFO    : log10_mej_dyn=Uniform(minimum=-3.0, maximum=-1.0, name='log10_mej_dyn', latex_label='$\\log_{10}M^{\\rm{dyn}}_{\\rm{ej}}$', unit=None, boundary='reflective')
06:42 INFO    : log10_mej_wind=Uniform(minimum=-3.0, maximum=-0.5, name='log10_mej_wind', latex_label='$\\log_{10}M^{\\rm{wind}}_{\\rm{ej}}$', unit=None, boundary='reflective')
06:42 INFO    : log10_mej_dyn=Uniform(minimum=-3.0, maximum=-1.0, name='log10_mej_dyn', latex_label='$\\log_{10}M^{\\rm{dyn}}_{\\rm{ej}}$', unit=None, boundary='reflective')
06:42 INFO    : log10_mej_dyn=Uniform(minimum=-3.0, maximum=-1.0, name='log10_mej_dyn', latex_label='$\\log_{10}M^{\\rm{dyn}}_{\\rm{ej}}$', unit=None, boundary='reflective')
06:42 INFO    : log10_mej_dyn=Uniform(minimum=-3.0, maximum=-1.0, name='log10_mej_dyn', latex_label='$\\log_{10}M^{\\rm{dyn}}_{\\rm{ej}}$', unit=None, boundary='reflective')
06:42 INFO    : log10_mej_dyn=Uniform(minimum=-3.0, maximum=-1.0, name='log10_mej_dyn', latex_label='$\\log_{10}M^{\\rm{dyn}}_{\\rm{ej}}$', unit=None, boundary='reflective')
06:42 INFO    : log10_mej_dyn=Uniform(minimum=-3.0, maximum=-1.0, name='log10_mej_dyn', latex_label='$\\log_{10}M^{\\rm{dyn}}_{\\rm{ej}}$', unit=None, boundary='reflective')
06:42 INFO    : log10_mej_dyn=Uniform(minimum=-3.0, maximum=-1.0, name='log10_mej_dyn', latex_label='$\\log_{10}M^{\\rm{dyn}}_{\\rm{ej}}$', unit=None, boundary='reflective')
06:42 INFO    : log10_mej_dyn=Uniform(minimum=-3.0, maximum=-1.0, name='log10_mej_dyn', latex_label='$\\log_{10}M^{\\rm{dyn}}_{\\rm{ej}}$', unit=None, boundary='reflective')
06:42 INFO    : log10_mej_dyn=Uniform(minimum=-3.0, maximum=-1.0, name='log10_mej_dyn', latex_label='$\\log_{10}M^{\\rm{dyn}}_{\\rm{ej}}$', unit=None, boundary='reflective')
06:42 INFO    : log10_mej_dyn=Uniform(minimum=-3.0, maximum=-1.0, name='log10_mej_dyn', latex_label='$\\log_{10}M^{\\rm{dyn}}_{\\rm{ej}}$', unit=None, boundary='reflective')
06:42 INFO    : log10_mej_dyn=Uniform(minimum=-3.0, maximum=-1.0, name='log10_mej_dyn', latex_label='$\\log_{10}M^{\\rm{dyn}}_{\\rm{ej}}$', unit=None, boundary='reflective')
06:42 INFO    : log10_mej_dyn=Uniform(minimum=-3.0, maximum=-1.0, name='log10_mej_dyn', latex_label='$\\log_{10}M^{\\rm{dyn}}_{\\rm{ej}}$', unit=None, boundary='reflective')
06:42 INFO    : log10_mej_dyn=Uniform(minimum=-3.0, maximum=-1.0, name='log10_mej_dyn', latex_label='$\\log_{10}M^{\\rm{dyn}}_{\\rm{ej}}$', unit=None, boundary='reflective')
06:42 INFO    : inclination_EM=Sine(minimum=0.0, maximum=1.5707963267948966, name='inclination_EM', latex_label='$\\iota$', unit=None, boundary=None)
06:42 INFO    : KNphi=Uniform(minimum=15.0, maximum=75.0, name='KNphi', latex_label='$\\Phi$', unit=None, boundary=None)
06:42 INFO    : log10_mej_wind=Uniform(minimum=-3.0, maximum=-0.5, name='log10_mej_wind', latex_label='$\\log_{10}M^{\\rm{wind}}_{\\rm{ej}}$', unit=None, boundary='reflective')
06:42 INFO    : KNphi=Uniform(minimum=15.0, maximum=75.0, name='KNphi', latex_label='$\\Phi$', unit=None, boundary=None)
06:42 INFO    : log10_mej_wind=Uniform(minimum=-3.0, maximum=-0.5, name='log10_mej_wind', latex_label='$\\log_{10}M^{\\rm{wind}}_{\\rm{ej}}$', unit=None, boundary='reflective')
06:42 INFO    : inclination_EM=Sine(minimum=0.0, maximum=1.5707963267948966, name='inclination_EM', latex_label='$\\iota$', unit=None, boundary=None)
06:42 INFO    : log10_mej_dyn=Uniform(minimum=-3.0, maximum=-1.0, name='log10_mej_dyn', latex_label='$\\log_{10}M^{\\rm{dyn}}_{\\rm{ej}}$', unit=None, boundary='reflective')
06:42 INFO    : log10_mej_wind=Uniform(minimum=-3.0, maximum=-0.5, name='log10_mej_wind', latex_label='$\\log_{10}M^{\\rm{wind}}_{\\rm{ej}}$', unit=None, boundary='reflective')
06:42 INFO    : log10_mej_dyn=Uniform(minimum=-3.0, maximum=-1.0, name='log10_mej_dyn', latex_label='$\\log_{10}M^{\\rm{dyn}}_{\\rm{ej}}$', unit=None, boundary='reflective')
06:42 INFO    : log10_mej_dyn=Uniform(minimum=-3.0, maximum=-1.0, name='log10_mej_dyn', latex_label='$\\log_{10}M^{\\rm{dyn}}_{\\rm{ej}}$', unit=None, boundary='reflective')
06:42 INFO    : log10_mej_dyn=Uniform(minimum=-3.0, maximum=-1.0, name='log10_mej_dyn', latex_label='$\\log_{10}M^{\\rm{dyn}}_{\\rm{ej}}$', unit=None, boundary='reflective')
06:42 INFO    : log10_mej_dyn=Uniform(minimum=-3.0, maximum=-1.0, name='log10_mej_dyn', latex_label='$\\log_{10}M^{\\rm{dyn}}_{\\rm{ej}}$', unit=None, boundary='reflective')
06:42 INFO    : inclination_EM=Sine(minimum=0.0, maximum=1.5707963267948966, name='inclination_EM', latex_label='$\\iota$', unit=None, boundary=None)
06:42 INFO    : log10_mej_wind=Uniform(minimum=-3.0, maximum=-0.5, name='log10_mej_wind', latex_label='$\\log_{10}M^{\\rm{wind}}_{\\rm{ej}}$', unit=None, boundary='reflective')
06:42 INFO    : inclination_EM=Sine(minimum=0.0, maximum=1.5707963267948966, name='inclination_EM', latex_label='$\\iota$', unit=None, boundary=None)
06:42 INFO    : inclination_EM=Sine(minimum=0.0, maximum=1.5707963267948966, name='inclination_EM', latex_label='$\\iota$', unit=None, boundary=None)
06:42 INFO    : KNphi=Uniform(minimum=15.0, maximum=75.0, name='KNphi', latex_label='$\\Phi$', unit=None, boundary=None)
06:42 INFO    : log10_mej_wind=Uniform(minimum=-3.0, maximum=-0.5, name='log10_mej_wind', latex_label='$\\log_{10}M^{\\rm{wind}}_{\\rm{ej}}$', unit=None, boundary='reflective')
06:42 INFO    : log10_mej_wind=Uniform(minimum=-3.0, maximum=-0.5, name='log10_mej_wind', latex_label='$\\log_{10}M^{\\rm{wind}}_{\\rm{ej}}$', unit=None, boundary='reflective')
06:42 INFO    : log10_mej_wind=Uniform(minimum=-3.0, maximum=-0.5, name='log10_mej_wind', latex_label='$\\log_{10}M^{\\rm{wind}}_{\\rm{ej}}$', unit=None, boundary='reflective')
06:42 INFO    : log10_mej_wind=Uniform(minimum=-3.0, maximum=-0.5, name='log10_mej_wind', latex_label='$\\log_{10}M^{\\rm{wind}}_{\\rm{ej}}$', unit=None, boundary='reflective')
06:42 INFO    : log10_mej_wind=Uniform(minimum=-3.0, maximum=-0.5, name='log10_mej_wind', latex_label='$\\log_{10}M^{\\rm{wind}}_{\\rm{ej}}$', unit=None, boundary='reflective')
06:42 INFO    : log10_mej_wind=Uniform(minimum=-3.0, maximum=-0.5, name='log10_mej_wind', latex_label='$\\log_{10}M^{\\rm{wind}}_{\\rm{ej}}$', unit=None, boundary='reflective')
06:42 INFO    : log10_mej_wind=Uniform(minimum=-3.0, maximum=-0.5, name='log10_mej_wind', latex_label='$\\log_{10}M^{\\rm{wind}}_{\\rm{ej}}$', unit=None, boundary='reflective')
06:42 INFO    : log10_mej_wind=Uniform(minimum=-3.0, maximum=-0.5, name='log10_mej_wind', latex_label='$\\log_{10}M^{\\rm{wind}}_{\\rm{ej}}$', unit=None, boundary='reflective')
06:42 INFO    : log10_mej_wind=Uniform(minimum=-3.0, maximum=-0.5, name='log10_mej_wind', latex_label='$\\log_{10}M^{\\rm{wind}}_{\\rm{ej}}$', unit=None, boundary='reflective')
06:42 INFO    : log10_mej_wind=Uniform(minimum=-3.0, maximum=-0.5, name='log10_mej_wind', latex_label='$\\log_{10}M^{\\rm{wind}}_{\\rm{ej}}$', unit=None, boundary='reflective')
06:42 INFO    : log10_mej_wind=Uniform(minimum=-3.0, maximum=-0.5, name='log10_mej_wind', latex_label='$\\log_{10}M^{\\rm{wind}}_{\\rm{ej}}$', unit=None, boundary='reflective')
06:42 INFO    : log10_mej_wind=Uniform(minimum=-3.0, maximum=-0.5, name='log10_mej_wind', latex_label='$\\log_{10}M^{\\rm{wind}}_{\\rm{ej}}$', unit=None, boundary='reflective')
06:42 INFO    : luminosity_distance=LogUniform(minimum=1, maximum=500, name='luminosity_distance', latex_label='$D_L$', unit=None, boundary=None)
06:42 INFO    : log10_mej_dyn=Uniform(minimum=-3.0, maximum=-1.0, name='log10_mej_dyn', latex_label='$\\log_{10}M^{\\rm{dyn}}_{\\rm{ej}}$', unit=None, boundary='reflective')
06:42 INFO    : log10_mej_wind=Uniform(minimum=-3.0, maximum=-0.5, name='log10_mej_wind', latex_label='$\\log_{10}M^{\\rm{wind}}_{\\rm{ej}}$', unit=None, boundary='reflective')
06:42 INFO    : inclination_EM=Sine(minimum=0.0, maximum=1.5707963267948966, name='inclination_EM', latex_label='$\\iota$', unit=None, boundary=None)
06:42 INFO    : luminosity_distance=LogUniform(minimum=1, maximum=500, name='luminosity_distance', latex_label='$D_L$', unit=None, boundary=None)
06:42 INFO    : log10_mej_wind=Uniform(minimum=-3.0, maximum=-0.5, name='log10_mej_wind', latex_label='$\\log_{10}M^{\\rm{wind}}_{\\rm{ej}}$', unit=None, boundary='reflective')
06:42 INFO    : log10_mej_wind=Uniform(minimum=-3.0, maximum=-0.5, name='log10_mej_wind', latex_label='$\\log_{10}M^{\\rm{wind}}_{\\rm{ej}}$', unit=None, boundary='reflective')
06:42 INFO    : log10_mej_wind=Uniform(minimum=-3.0, maximum=-0.5, name='log10_mej_wind', latex_label='$\\log_{10}M^{\\rm{wind}}_{\\rm{ej}}$', unit=None, boundary='reflective')
06:42 INFO    : log10_mej_wind=Uniform(minimum=-3.0, maximum=-0.5, name='log10_mej_wind', latex_label='$\\log_{10}M^{\\rm{wind}}_{\\rm{ej}}$', unit=None, boundary='reflective')
06:42 INFO    : log10_mej_dyn=Uniform(minimum=-3.0, maximum=-1.0, name='log10_mej_dyn', latex_label='$\\log_{10}M^{\\rm{dyn}}_{\\rm{ej}}$', unit=None, boundary='reflective')
06:42 INFO    : inclination_EM=Sine(minimum=0.0, maximum=1.5707963267948966, name='inclination_EM', latex_label='$\\iota$', unit=None, boundary=None)
06:42 INFO    : inclination_EM=Sine(minimum=0.0, maximum=1.5707963267948966, name='inclination_EM', latex_label='$\\iota$', unit=None, boundary=None)
06:42 INFO    : inclination_EM=Sine(minimum=0.0, maximum=1.5707963267948966, name='inclination_EM', latex_label='$\\iota$', unit=None, boundary=None)
06:42 INFO    : luminosity_distance=LogUniform(minimum=1, maximum=500, name='luminosity_distance', latex_label='$D_L$', unit=None, boundary=None)
06:42 INFO    : luminosity_distance=LogUniform(minimum=1, maximum=500, name='luminosity_distance', latex_label='$D_L$', unit=None, boundary=None)
06:42 INFO    : luminosity_distance=LogUniform(minimum=1, maximum=500, name='luminosity_distance', latex_label='$D_L$', unit=None, boundary=None)
06:42 INFO    : log10_mej_dyn=Uniform(minimum=-3.0, maximum=-1.0, name='log10_mej_dyn', latex_label='$\\log_{10}M^{\\rm{dyn}}_{\\rm{ej}}$', unit=None, boundary='reflective')
06:42 INFO    : inclination_EM=Sine(minimum=0.0, maximum=1.5707963267948966, name='inclination_EM', latex_label='$\\iota$', unit=None, boundary=None)
06:42 INFO    : inclination_EM=Sine(minimum=0.0, maximum=1.5707963267948966, name='inclination_EM', latex_label='$\\iota$', unit=None, boundary=None)
06:42 INFO    : inclination_EM=Sine(minimum=0.0, maximum=1.5707963267948966, name='inclination_EM', latex_label='$\\iota$', unit=None, boundary=None)
06:42 INFO    : inclination_EM=Sine(minimum=0.0, maximum=1.5707963267948966, name='inclination_EM', latex_label='$\\iota$', unit=None, boundary=None)
06:42 INFO    : inclination_EM=Sine(minimum=0.0, maximum=1.5707963267948966, name='inclination_EM', latex_label='$\\iota$', unit=None, boundary=None)
06:42 INFO    : inclination_EM=Sine(minimum=0.0, maximum=1.5707963267948966, name='inclination_EM', latex_label='$\\iota$', unit=None, boundary=None)
06:42 INFO    : inclination_EM=Sine(minimum=0.0, maximum=1.5707963267948966, name='inclination_EM', latex_label='$\\iota$', unit=None, boundary=None)
06:42 INFO    : inclination_EM=Sine(minimum=0.0, maximum=1.5707963267948966, name='inclination_EM', latex_label='$\\iota$', unit=None, boundary=None)
06:42 INFO    : em_syserr=LogUniform(minimum=0.01, maximum=2.0, name='em_syserr', latex_label='$\\sigma$', unit=None, boundary=None)
06:42 INFO    : inclination_EM=Sine(minimum=0.0, maximum=1.5707963267948966, name='inclination_EM', latex_label='$\\iota$', unit=None, boundary=None)
06:42 INFO    : inclination_EM=Sine(minimum=0.0, maximum=1.5707963267948966, name='inclination_EM', latex_label='$\\iota$', unit=None, boundary=None)
06:42 INFO    : log10_mej_wind=Uniform(minimum=-3.0, maximum=-0.5, name='log10_mej_wind', latex_label='$\\log_{10}M^{\\rm{wind}}_{\\rm{ej}}$', unit=None, boundary='reflective')
06:42 INFO    : inclination_EM=Sine(minimum=0.0, maximum=1.5707963267948966, name='inclination_EM', latex_label='$\\iota$', unit=None, boundary=None)
06:42 INFO    : inclination_EM=Sine(minimum=0.0, maximum=1.5707963267948966, name='inclination_EM', latex_label='$\\iota$', unit=None, boundary=None)
06:42 INFO    : em_syserr=LogUniform(minimum=0.01, maximum=2.0, name='em_syserr', latex_label='$\\sigma$', unit=None, boundary=None)
06:42 INFO    : inclination_EM=Sine(minimum=0.0, maximum=1.5707963267948966, name='inclination_EM', latex_label='$\\iota$', unit=None, boundary=None)
06:42 INFO    : inclination_EM=Sine(minimum=0.0, maximum=1.5707963267948966, name='inclination_EM', latex_label='$\\iota$', unit=None, boundary=None)
06:42 INFO    : inclination_EM=Sine(minimum=0.0, maximum=1.5707963267948966, name='inclination_EM', latex_label='$\\iota$', unit=None, boundary=None)
06:42 INFO    : inclination_EM=Sine(minimum=0.0, maximum=1.5707963267948966, name='inclination_EM', latex_label='$\\iota$', unit=None, boundary=None)
06:42 INFO    : luminosity_distance=LogUniform(minimum=1, maximum=500, name='luminosity_distance', latex_label='$D_L$', unit=None, boundary=None)
06:42 INFO    : inclination_EM=Sine(minimum=0.0, maximum=1.5707963267948966, name='inclination_EM', latex_label='$\\iota$', unit=None, boundary=None)
06:42 INFO    : log10_mej_wind=Uniform(minimum=-3.0, maximum=-0.5, name='log10_mej_wind', latex_label='$\\log_{10}M^{\\rm{wind}}_{\\rm{ej}}$', unit=None, boundary='reflective')
06:42 INFO    : timeshift=0.0
06:42 INFO    : em_syserr=LogUniform(minimum=0.01, maximum=2.0, name='em_syserr', latex_label='$\\sigma$', unit=None, boundary=None)
06:42 INFO    : luminosity_distance=LogUniform(minimum=1, maximum=500, name='luminosity_distance', latex_label='$D_L$', unit=None, boundary=None)
06:42 INFO    : timeshift=0.0
06:42 INFO    : luminosity_distance=LogUniform(minimum=1, maximum=500, name='luminosity_distance', latex_label='$D_L$', unit=None, boundary=None)
06:42 INFO    : em_syserr=LogUniform(minimum=0.01, maximum=2.0, name='em_syserr', latex_label='$\\sigma$', unit=None, boundary=None)
06:42 INFO    : luminosity_distance=LogUniform(minimum=1, maximum=500, name='luminosity_distance', latex_label='$D_L$', unit=None, boundary=None)
06:42 INFO    : log10_mej_wind=Uniform(minimum=-3.0, maximum=-0.5, name='log10_mej_wind', latex_label='$\\log_{10}M^{\\rm{wind}}_{\\rm{ej}}$', unit=None, boundary='reflective')
06:42 INFO    : em_syserr=LogUniform(minimum=0.01, maximum=2.0, name='em_syserr', latex_label='$\\sigma$', unit=None, boundary=None)
06:42 INFO    : Ebv=0.0
06:42 INFO    : luminosity_distance=LogUniform(minimum=1, maximum=500, name='luminosity_distance', latex_label='$D_L$', unit=None, boundary=None)
06:42 INFO    : luminosity_distance=LogUniform(minimum=1, maximum=500, name='luminosity_distance', latex_label='$D_L$', unit=None, boundary=None)
06:42 INFO    : luminosity_distance=LogUniform(minimum=1, maximum=500, name='luminosity_distance', latex_label='$D_L$', unit=None, boundary=None)
06:42 INFO    : luminosity_distance=LogUniform(minimum=1, maximum=500, name='luminosity_distance', latex_label='$D_L$', unit=None, boundary=None)
06:42 INFO    : Ebv=0.0
06:42 INFO    : timeshift=0.0
06:42 INFO    : luminosity_distance=LogUniform(minimum=1, maximum=500, name='luminosity_distance', latex_label='$D_L$', unit=None, boundary=None)
06:42 INFO    : timeshift=0.0
06:42 INFO    : timeshift=0.0
06:42 INFO    : Analysis likelihood class: <class 'nmma.em.likelihood.OpticalLightCurve'>
06:42 INFO    : Analysis likelihood class: <class 'nmma.em.likelihood.OpticalLightCurve'>
06:42 INFO    : luminosity_distance=LogUniform(minimum=1, maximum=500, name='luminosity_distance', latex_label='$D_L$', unit=None, boundary=None)
06:42 INFO    : luminosity_distance=LogUniform(minimum=1, maximum=500, name='luminosity_distance', latex_label='$D_L$', unit=None, boundary=None)
06:42 INFO    : Ebv=0.0
06:42 INFO    : luminosity_distance=LogUniform(minimum=1, maximum=500, name='luminosity_distance', latex_label='$D_L$', unit=None, boundary=None)
06:42 INFO    : inclination_EM=Sine(minimum=0.0, maximum=1.5707963267948966, name='inclination_EM', latex_label='$\\iota$', unit=None, boundary=None)
06:42 INFO    : luminosity_distance=LogUniform(minimum=1, maximum=500, name='luminosity_distance', latex_label='$D_L$', unit=None, boundary=None)
06:42 INFO    : Ebv=0.0
06:42 INFO    : luminosity_distance=LogUniform(minimum=1, maximum=500, name='luminosity_distance', latex_label='$D_L$', unit=None, boundary=None)
06:42 INFO    : luminosity_distance=LogUniform(minimum=1, maximum=500, name='luminosity_distance', latex_label='$D_L$', unit=None, boundary=None)
06:42 INFO    : luminosity_distance=LogUniform(minimum=1, maximum=500, name='luminosity_distance', latex_label='$D_L$', unit=None, boundary=None)
06:42 INFO    : Ebv=0.0
06:42 INFO    : Analysis likelihood noise evidence: 0.0
06:42 INFO    : luminosity_distance=LogUniform(minimum=1, maximum=500, name='luminosity_distance', latex_label='$D_L$', unit=None, boundary=None)
06:42 INFO    : Analysis likelihood noise evidence: 0.0
06:42 INFO    : em_syserr=LogUniform(minimum=0.01, maximum=2.0, name='em_syserr', latex_label='$\\sigma$', unit=None, boundary=None)
06:42 INFO    : luminosity_distance=LogUniform(minimum=1, maximum=500, name='luminosity_distance', latex_label='$D_L$', unit=None, boundary=None)
06:42 INFO    : luminosity_distance=LogUniform(minimum=1, maximum=500, name='luminosity_distance', latex_label='$D_L$', unit=None, boundary=None)
06:42 INFO    : luminosity_distance=LogUniform(minimum=1, maximum=500, name='luminosity_distance', latex_label='$D_L$', unit=None, boundary=None)
06:42 INFO    : Analysis likelihood class: <class 'nmma.em.likelihood.OpticalLightCurve'>
06:42 INFO    : luminosity_distance=LogUniform(minimum=1, maximum=500, name='luminosity_distance', latex_label='$D_L$', unit=None, boundary=None)
06:42 INFO    : inclination_EM=Sine(minimum=0.0, maximum=1.5707963267948966, name='inclination_EM', latex_label='$\\iota$', unit=None, boundary=None)
06:42 INFO    : em_syserr=LogUniform(minimum=0.01, maximum=2.0, name='em_syserr', latex_label='$\\sigma$', unit=None, boundary=None)
06:42 INFO    : Analysis likelihood class: <class 'nmma.em.likelihood.OpticalLightCurve'>
06:42 INFO    : em_syserr=LogUniform(minimum=0.01, maximum=2.0, name='em_syserr', latex_label='$\\sigma$', unit=None, boundary=None)
06:42 INFO    : em_syserr=LogUniform(minimum=0.01, maximum=2.0, name='em_syserr', latex_label='$\\sigma$', unit=None, boundary=None)
06:42 INFO    : inclination_EM=Sine(minimum=0.0, maximum=1.5707963267948966, name='inclination_EM', latex_label='$\\iota$', unit=None, boundary=None)
06:42 INFO    : Analysis likelihood class: <class 'nmma.em.likelihood.OpticalLightCurve'>
06:42 INFO    : em_syserr=LogUniform(minimum=0.01, maximum=2.0, name='em_syserr', latex_label='$\\sigma$', unit=None, boundary=None)
06:42 INFO    : em_syserr=LogUniform(minimum=0.01, maximum=2.0, name='em_syserr', latex_label='$\\sigma$', unit=None, boundary=None)
06:42 INFO    : em_syserr=LogUniform(minimum=0.01, maximum=2.0, name='em_syserr', latex_label='$\\sigma$', unit=None, boundary=None)
06:42 INFO    : em_syserr=LogUniform(minimum=0.01, maximum=2.0, name='em_syserr', latex_label='$\\sigma$', unit=None, boundary=None)
06:42 INFO    : Analysis likelihood noise evidence: 0.0
06:42 INFO    : timeshift=0.0
06:42 INFO    : Analysis likelihood noise evidence: 0.0
06:42 INFO    : em_syserr=LogUniform(minimum=0.01, maximum=2.0, name='em_syserr', latex_label='$\\sigma$', unit=None, boundary=None)
06:42 INFO    : timeshift=0.0
06:42 INFO    : timeshift=0.0
06:42 INFO    : timeshift=0.0
06:42 INFO    : timeshift=0.0
06:42 INFO    : Analysis likelihood noise evidence: 0.0
06:42 INFO    : timeshift=0.0
06:42 INFO    : timeshift=0.0
06:42 INFO    : timeshift=0.0
06:42 INFO    : Ebv=0.0
06:42 INFO    : em_syserr=LogUniform(minimum=0.01, maximum=2.0, name='em_syserr', latex_label='$\\sigma$', unit=None, boundary=None)
06:42 INFO    : em_syserr=LogUniform(minimum=0.01, maximum=2.0, name='em_syserr', latex_label='$\\sigma$', unit=None, boundary=None)
06:42 INFO    : em_syserr=LogUniform(minimum=0.01, maximum=2.0, name='em_syserr', latex_label='$\\sigma$', unit=None, boundary=None)
06:42 INFO    : luminosity_distance=LogUniform(minimum=1, maximum=500, name='luminosity_distance', latex_label='$D_L$', unit=None, boundary=None)
06:42 INFO    : em_syserr=LogUniform(minimum=0.01, maximum=2.0, name='em_syserr', latex_label='$\\sigma$', unit=None, boundary=None)
06:42 INFO    : Ebv=0.0
06:42 INFO    : em_syserr=LogUniform(minimum=0.01, maximum=2.0, name='em_syserr', latex_label='$\\sigma$', unit=None, boundary=None)
06:42 INFO    : em_syserr=LogUniform(minimum=0.01, maximum=2.0, name='em_syserr', latex_label='$\\sigma$', unit=None, boundary=None)
06:42 INFO    : Ebv=0.0
06:42 INFO    : Ebv=0.0
06:42 INFO    : Ebv=0.0
06:42 INFO    : timeshift=0.0
06:42 INFO    : em_syserr=LogUniform(minimum=0.01, maximum=2.0, name='em_syserr', latex_label='$\\sigma$', unit=None, boundary=None)
06:42 INFO    : Ebv=0.0
06:42 INFO    : em_syserr=LogUniform(minimum=0.01, maximum=2.0, name='em_syserr', latex_label='$\\sigma$', unit=None, boundary=None)
06:42 INFO    : em_syserr=LogUniform(minimum=0.01, maximum=2.0, name='em_syserr', latex_label='$\\sigma$', unit=None, boundary=None)
06:42 INFO    : Ebv=0.0
06:42 INFO    : em_syserr=LogUniform(minimum=0.01, maximum=2.0, name='em_syserr', latex_label='$\\sigma$', unit=None, boundary=None)
06:42 INFO    : Analysis likelihood class: <class 'nmma.em.likelihood.OpticalLightCurve'>
06:42 INFO    : em_syserr=LogUniform(minimum=0.01, maximum=2.0, name='em_syserr', latex_label='$\\sigma$', unit=None, boundary=None)
06:42 INFO    : Ebv=0.0
06:42 INFO    : timeshift=0.0
06:42 INFO    : em_syserr=LogUniform(minimum=0.01, maximum=2.0, name='em_syserr', latex_label='$\\sigma$', unit=None, boundary=None)
06:42 INFO    : timeshift=0.0
06:42 INFO    : timeshift=0.0
06:42 INFO    : timeshift=0.0
06:42 INFO    : Analysis likelihood class: <class 'nmma.em.likelihood.OpticalLightCurve'>
06:42 INFO    : Analysis likelihood class: <class 'nmma.em.likelihood.OpticalLightCurve'>
06:42 INFO    : Analysis likelihood class: <class 'nmma.em.likelihood.OpticalLightCurve'>
06:42 INFO    : Analysis likelihood class: <class 'nmma.em.likelihood.OpticalLightCurve'>
06:42 INFO    : luminosity_distance=LogUniform(minimum=1, maximum=500, name='luminosity_distance', latex_label='$D_L$', unit=None, boundary=None)
06:42 INFO    : Ebv=0.0
06:42 INFO    : timeshift=0.0
06:42 INFO    : Analysis likelihood class: <class 'nmma.em.likelihood.OpticalLightCurve'>
06:42 INFO    : timeshift=0.0
06:42 INFO    : timeshift=0.0
06:42 INFO    : luminosity_distance=LogUniform(minimum=1, maximum=500, name='luminosity_distance', latex_label='$D_L$', unit=None, boundary=None)
06:42 INFO    : timeshift=0.0
06:42 INFO    : Analysis likelihood noise evidence: 0.0
06:42 INFO    : timeshift=0.0
06:42 INFO    : Analysis likelihood class: <class 'nmma.em.likelihood.OpticalLightCurve'>
06:42 INFO    : Ebv=0.0
06:42 INFO    : Analysis likelihood class: <class 'nmma.em.likelihood.OpticalLightCurve'>
06:42 INFO    : timeshift=0.0
06:42 INFO    : timeshift=0.0
06:42 INFO    : Ebv=0.0
06:42 INFO    : timeshift=0.0
06:42 INFO    : Ebv=0.0
06:42 INFO    : Analysis likelihood noise evidence: 0.0
06:42 INFO    : Ebv=0.0
06:42 INFO    : Analysis likelihood noise evidence: 0.0
06:42 INFO    : Analysis likelihood noise evidence: 0.0
06:42 INFO    : Analysis likelihood noise evidence: 0.0
06:42 INFO    : Analysis likelihood class: <class 'nmma.em.likelihood.OpticalLightCurve'>
06:42 INFO    : Ebv=0.0
06:42 INFO    : Ebv=0.0
06:42 INFO    : Ebv=0.0
06:42 INFO    : Ebv=0.0
06:42 INFO    : Analysis likelihood noise evidence: 0.0
06:42 INFO    : Ebv=0.0
06:42 INFO    : Analysis likelihood noise evidence: 0.0
06:42 INFO    : Analysis likelihood class: <class 'nmma.em.likelihood.OpticalLightCurve'>
06:42 INFO    : Ebv=0.0
06:42 INFO    : Ebv=0.0
06:42 INFO    : Analysis likelihood noise evidence: 0.0
06:42 INFO    : Ebv=0.0
06:42 INFO    : Analysis likelihood class: <class 'nmma.em.likelihood.OpticalLightCurve'>
06:42 INFO    : Analysis likelihood class: <class 'nmma.em.likelihood.OpticalLightCurve'>
06:42 INFO    : Analysis likelihood class: <class 'nmma.em.likelihood.OpticalLightCurve'>
06:42 INFO    : em_syserr=LogUniform(minimum=0.01, maximum=2.0, name='em_syserr', latex_label='$\\sigma$', unit=None, boundary=None)
06:42 INFO    : Analysis likelihood noise evidence: 0.0
06:42 INFO    : Analysis likelihood class: <class 'nmma.em.likelihood.OpticalLightCurve'>
06:42 INFO    : Analysis likelihood class: <class 'nmma.em.likelihood.OpticalLightCurve'>
06:42 INFO    : Analysis likelihood class: <class 'nmma.em.likelihood.OpticalLightCurve'>
06:42 INFO    : Analysis likelihood class: <class 'nmma.em.likelihood.OpticalLightCurve'>
06:42 INFO    : Analysis likelihood class: <class 'nmma.em.likelihood.OpticalLightCurve'>
06:42 INFO    : Analysis likelihood class: <class 'nmma.em.likelihood.OpticalLightCurve'>
06:42 INFO    : Analysis likelihood noise evidence: 0.0
06:42 INFO    : Analysis likelihood class: <class 'nmma.em.likelihood.OpticalLightCurve'>
06:42 INFO    : Analysis likelihood noise evidence: 0.0
06:42 INFO    : Analysis likelihood class: <class 'nmma.em.likelihood.OpticalLightCurve'>
06:42 INFO    : Analysis likelihood noise evidence: 0.0
06:42 INFO    : Analysis likelihood noise evidence: 0.0
06:42 INFO    : timeshift=0.0
06:42 INFO    : Analysis likelihood noise evidence: 0.0
06:42 INFO    : Analysis likelihood noise evidence: 0.0
06:42 INFO    : em_syserr=LogUniform(minimum=0.01, maximum=2.0, name='em_syserr', latex_label='$\\sigma$', unit=None, boundary=None)
06:42 INFO    : em_syserr=LogUniform(minimum=0.01, maximum=2.0, name='em_syserr', latex_label='$\\sigma$', unit=None, boundary=None)
06:42 INFO    : Analysis likelihood noise evidence: 0.0
06:42 INFO    : Analysis likelihood noise evidence: 0.0
06:42 INFO    : Analysis likelihood noise evidence: 0.0
06:42 INFO    : Analysis likelihood noise evidence: 0.0
06:42 INFO    : Analysis likelihood noise evidence: 0.0
06:42 INFO    : Analysis likelihood noise evidence: 0.0
06:42 INFO    : Ebv=0.0
06:42 INFO    : timeshift=0.0
06:42 INFO    : timeshift=0.0
06:42 INFO    : Analysis likelihood class: <class 'nmma.em.likelihood.OpticalLightCurve'>
06:42 INFO    : Ebv=0.0
06:42 INFO    : Ebv=0.0
06:42 INFO    : Analysis likelihood noise evidence: 0.0
06:42 INFO    : Analysis likelihood class: <class 'nmma.em.likelihood.OpticalLightCurve'>
06:42 INFO    : Analysis likelihood class: <class 'nmma.em.likelihood.OpticalLightCurve'>
06:42 INFO    : Analysis likelihood noise evidence: 0.0
06:42 INFO    : Analysis likelihood noise evidence: 0.0
06:42 INFO    : log10_mej_dyn=Uniform(minimum=-3.0, maximum=-1.0, name='log10_mej_dyn', latex_label='$\\log_{10}M^{\\rm{dyn}}_{\\rm{ej}}$', unit=None, boundary='reflective')
06:42 INFO    : log10_mej_wind=Uniform(minimum=-3.0, maximum=-0.5, name='log10_mej_wind', latex_label='$\\log_{10}M^{\\rm{wind}}_{\\rm{ej}}$', unit=None, boundary='reflective')
06:42 INFO    : inclination_EM=Sine(minimum=0.0, maximum=1.5707963267948966, name='inclination_EM', latex_label='$\\iota$', unit=None, boundary=None)
06:42 INFO    : luminosity_distance=LogUniform(minimum=1, maximum=500, name='luminosity_distance', latex_label='$D_L$', unit=None, boundary=None)
06:42 INFO    : em_syserr=LogUniform(minimum=0.01, maximum=2.0, name='em_syserr', latex_label='$\\sigma$', unit=None, boundary=None)
06:42 INFO    : timeshift=0.0
06:42 INFO    : Ebv=0.0
06:42 INFO    : Analysis likelihood class: <class 'nmma.em.likelihood.OpticalLightCurve'>
06:42 INFO    : Analysis likelihood noise evidence: 0.0
06:42 INFO    : Analysis priors:
06:42 INFO    : KNphi=Uniform(minimum=15.0, maximum=75.0, name='KNphi', latex_label='$\\Phi$', unit=None, boundary=None)
06:42 INFO    : log10_mej_dyn=Uniform(minimum=-3.0, maximum=-1.0, name='log10_mej_dyn', latex_label='$\\log_{10}M^{\\rm{dyn}}_{\\rm{ej}}$', unit=None, boundary='reflective')
06:42 INFO    : log10_mej_wind=Uniform(minimum=-3.0, maximum=-0.5, name='log10_mej_wind', latex_label='$\\log_{10}M^{\\rm{wind}}_{\\rm{ej}}$', unit=None, boundary='reflective')
06:42 INFO    : inclination_EM=Sine(minimum=0.0, maximum=1.5707963267948966, name='inclination_EM', latex_label='$\\iota$', unit=None, boundary=None)
06:42 INFO    : luminosity_distance=LogUniform(minimum=1, maximum=500, name='luminosity_distance', latex_label='$D_L$', unit=None, boundary=None)
06:42 INFO    : em_syserr=LogUniform(minimum=0.01, maximum=2.0, name='em_syserr', latex_label='$\\sigma$', unit=None, boundary=None)
06:42 INFO    : timeshift=0.0
06:42 INFO    : Ebv=0.0
06:42 INFO    : Analysis likelihood class: <class 'nmma.em.likelihood.OpticalLightCurve'>
06:42 INFO    : Analysis likelihood noise evidence: 0.0
06:42 INFO    : Analysis priors:
06:42 INFO    : KNphi=Uniform(minimum=15.0, maximum=75.0, name='KNphi', latex_label='$\\Phi$', unit=None, boundary=None)
06:42 INFO    : log10_mej_dyn=Uniform(minimum=-3.0, maximum=-1.0, name='log10_mej_dyn', latex_label='$\\log_{10}M^{\\rm{dyn}}_{\\rm{ej}}$', unit=None, boundary='reflective')
06:42 INFO    : log10_mej_wind=Uniform(minimum=-3.0, maximum=-0.5, name='log10_mej_wind', latex_label='$\\log_{10}M^{\\rm{wind}}_{\\rm{ej}}$', unit=None, boundary='reflective')
06:42 INFO    : inclination_EM=Sine(minimum=0.0, maximum=1.5707963267948966, name='inclination_EM', latex_label='$\\iota$', unit=None, boundary=None)
06:42 INFO    : luminosity_distance=LogUniform(minimum=1, maximum=500, name='luminosity_distance', latex_label='$D_L$', unit=None, boundary=None)
06:42 INFO    : em_syserr=LogUniform(minimum=0.01, maximum=2.0, name='em_syserr', latex_label='$\\sigma$', unit=None, boundary=None)
06:42 INFO    : timeshift=0.0
06:42 INFO    : Ebv=0.0
06:42 INFO    : Analysis likelihood class: <class 'nmma.em.likelihood.OpticalLightCurve'>
06:42 INFO    : Analysis likelihood noise evidence: 0.0
06:42 INFO    : Single likelihood evaluation took 6.264e-02 s
06:42 WARNING : Supplied argument 'queue_size' not an argument of 'Pymultinest', removing.
06:42 WARNING : Supplied argument 'check_point_delta_t' not an argument of 'Pymultinest', removing.
06:42 INFO    : Using sampler Pymultinest with kwargs {'importance_nested_sampling': False, 'resume': True, 'verbose': True, 'sampling_efficiency': 'parameter', 'n_live_points': 2048, 'n_params': 6, 'n_clustering_params': None, 'wrapped_params': None, 'multimodal': True, 'const_efficiency_mode': False, 'evidence_tolerance': 0.5, 'n_iter_before_update': 100, 'null_log_evidence': -1e+90, 'max_modes': 100, 'mode_tolerance': -1e+90, 'seed': 42, 'context': 0, 'write_output': True, 'log_zero': -1e+100, 'max_iter': 0, 'init_MPI': False, 'dump_callback': <bound method Pymultinest._dump_callback of <bilby.core.sampler.pymultinest.Pymultinest object at 0x15551f0af820>>}
06:42 INFO    : Temporary directory incompatible with MPI, will run in original directory
06:42 INFO    : Using output file outdirBNSBu32cores/pm_Simu2019lm/
06:42 INFO    : Single likelihood evaluation took 7.311e-02 s
06:42 INFO    : Single likelihood evaluation took 7.311e-02 s
06:42 INFO    : Single likelihood evaluation took 7.327e-02 s
06:42 INFO    : Single likelihood evaluation took 7.350e-02 s
06:42 INFO    : Single likelihood evaluation took 7.365e-02 s
06:42 WARNING : Supplied argument 'queue_size' not an argument of 'Pymultinest', removing.
06:42 WARNING : Supplied argument 'check_point_delta_t' not an argument of 'Pymultinest', removing.
06:42 WARNING : Supplied argument 'queue_size' not an argument of 'Pymultinest', removing.
06:42 INFO    : Using sampler Pymultinest with kwargs {'importance_nested_sampling': False, 'resume': True, 'verbose': True, 'sampling_efficiency': 'parameter', 'n_live_points': 2048, 'n_params': 6, 'n_clustering_params': None, 'wrapped_params': None, 'multimodal': True, 'const_efficiency_mode': False, 'evidence_tolerance': 0.5, 'n_iter_before_update': 100, 'null_log_evidence': -1e+90, 'max_modes': 100, 'mode_tolerance': -1e+90, 'seed': 42, 'context': 0, 'write_output': True, 'log_zero': -1e+100, 'max_iter': 0, 'init_MPI': False, 'dump_callback': <bound method Pymultinest._dump_callback of <bilby.core.sampler.pymultinest.Pymultinest object at 0x15551f3bfe20>>}
06:42 WARNING : Supplied argument 'check_point_delta_t' not an argument of 'Pymultinest', removing.
06:42 INFO    : Using sampler Pymultinest with kwargs {'importance_nested_sampling': False, 'resume': True, 'verbose': True, 'sampling_efficiency': 'parameter', 'n_live_points': 2048, 'n_params': 6, 'n_clustering_params': None, 'wrapped_params': None, 'multimodal': True, 'const_efficiency_mode': False, 'evidence_tolerance': 0.5, 'n_iter_before_update': 100, 'null_log_evidence': -1e+90, 'max_modes': 100, 'mode_tolerance': -1e+90, 'seed': 42, 'context': 0, 'write_output': True, 'log_zero': -1e+100, 'max_iter': 0, 'init_MPI': False, 'dump_callback': <bound method Pymultinest._dump_callback of <bilby.core.sampler.pymultinest.Pymultinest object at 0x15551f3c3df0>>}
06:42 INFO    : Temporary directory incompatible with MPI, will run in original directory
06:42 INFO    : Temporary directory incompatible with MPI, will run in original directory
06:42 INFO    : Using output file outdirBNSBu32cores/pm_Simu2019lm/
06:42 INFO    : Using output file outdirBNSBu32cores/pm_Simu2019lm/
06:42 WARNING : Supplied argument 'queue_size' not an argument of 'Pymultinest', removing.
06:42 WARNING : Supplied argument 'check_point_delta_t' not an argument of 'Pymultinest', removing.
06:42 INFO    : Using sampler Pymultinest with kwargs {'importance_nested_sampling': False, 'resume': True, 'verbose': True, 'sampling_efficiency': 'parameter', 'n_live_points': 2048, 'n_params': 6, 'n_clustering_params': None, 'wrapped_params': None, 'multimodal': True, 'const_efficiency_mode': False, 'evidence_tolerance': 0.5, 'n_iter_before_update': 100, 'null_log_evidence': -1e+90, 'max_modes': 100, 'mode_tolerance': -1e+90, 'seed': 42, 'context': 0, 'write_output': True, 'log_zero': -1e+100, 'max_iter': 0, 'init_MPI': False, 'dump_callback': <bound method Pymultinest._dump_callback of <bilby.core.sampler.pymultinest.Pymultinest object at 0x15551f3c3e20>>}
06:42 INFO    : Temporary directory incompatible with MPI, will run in original directory
06:42 INFO    : Using output file outdirBNSBu32cores/pm_Simu2019lm/
06:42 WARNING : Supplied argument 'queue_size' not an argument of 'Pymultinest', removing.
06:42 WARNING : Supplied argument 'check_point_delta_t' not an argument of 'Pymultinest', removing.
06:42 INFO    : Using sampler Pymultinest with kwargs {'importance_nested_sampling': False, 'resume': True, 'verbose': True, 'sampling_efficiency': 'parameter', 'n_live_points': 2048, 'n_params': 6, 'n_clustering_params': None, 'wrapped_params': None, 'multimodal': True, 'const_efficiency_mode': False, 'evidence_tolerance': 0.5, 'n_iter_before_update': 100, 'null_log_evidence': -1e+90, 'max_modes': 100, 'mode_tolerance': -1e+90, 'seed': 42, 'context': 0, 'write_output': True, 'log_zero': -1e+100, 'max_iter': 0, 'init_MPI': False, 'dump_callback': <bound method Pymultinest._dump_callback of <bilby.core.sampler.pymultinest.Pymultinest object at 0x15551f0ab790>>}
06:42 INFO    : Temporary directory incompatible with MPI, will run in original directory
06:42 INFO    : Using output file outdirBNSBu32cores/pm_Simu2019lm/
06:42 WARNING : Supplied argument 'queue_size' not an argument of 'Pymultinest', removing.
06:42 WARNING : Supplied argument 'check_point_delta_t' not an argument of 'Pymultinest', removing.
06:42 INFO    : Using sampler Pymultinest with kwargs {'importance_nested_sampling': False, 'resume': True, 'verbose': True, 'sampling_efficiency': 'parameter', 'n_live_points': 2048, 'n_params': 6, 'n_clustering_params': None, 'wrapped_params': None, 'multimodal': True, 'const_efficiency_mode': False, 'evidence_tolerance': 0.5, 'n_iter_before_update': 100, 'null_log_evidence': -1e+90, 'max_modes': 100, 'mode_tolerance': -1e+90, 'seed': 42, 'context': 0, 'write_output': True, 'log_zero': -1e+100, 'max_iter': 0, 'init_MPI': False, 'dump_callback': <bound method Pymultinest._dump_callback of <bilby.core.sampler.pymultinest.Pymultinest object at 0x15550ee03eb0>>}
06:42 INFO    : Temporary directory incompatible with MPI, will run in original directory
06:42 INFO    : Using output file outdirBNSBu32cores/pm_Simu2019lm/
06:42 INFO    : Single likelihood evaluation took 7.714e-02 s
06:42 WARNING : Supplied argument 'queue_size' not an argument of 'Pymultinest', removing.
06:42 WARNING : Supplied argument 'check_point_delta_t' not an argument of 'Pymultinest', removing.
06:42 INFO    : Using sampler Pymultinest with kwargs {'importance_nested_sampling': False, 'resume': True, 'verbose': True, 'sampling_efficiency': 'parameter', 'n_live_points': 2048, 'n_params': 6, 'n_clustering_params': None, 'wrapped_params': None, 'multimodal': True, 'const_efficiency_mode': False, 'evidence_tolerance': 0.5, 'n_iter_before_update': 100, 'null_log_evidence': -1e+90, 'max_modes': 100, 'mode_tolerance': -1e+90, 'seed': 42, 'context': 0, 'write_output': True, 'log_zero': -1e+100, 'max_iter': 0, 'init_MPI': False, 'dump_callback': <bound method Pymultinest._dump_callback of <bilby.core.sampler.pymultinest.Pymultinest object at 0x15551acbf760>>}
06:42 INFO    : Temporary directory incompatible with MPI, will run in original directory
06:42 INFO    : Using output file outdirBNSBu32cores/pm_Simu2019lm/
06:42 INFO    : Single likelihood evaluation took 7.729e-02 s
06:42 WARNING : Supplied argument 'queue_size' not an argument of 'Pymultinest', removing.
06:42 WARNING : Supplied argument 'check_point_delta_t' not an argument of 'Pymultinest', removing.
06:42 INFO    : Using sampler Pymultinest with kwargs {'importance_nested_sampling': False, 'resume': True, 'verbose': True, 'sampling_efficiency': 'parameter', 'n_live_points': 2048, 'n_params': 6, 'n_clustering_params': None, 'wrapped_params': None, 'multimodal': True, 'const_efficiency_mode': False, 'evidence_tolerance': 0.5, 'n_iter_before_update': 100, 'null_log_evidence': -1e+90, 'max_modes': 100, 'mode_tolerance': -1e+90, 'seed': 42, 'context': 0, 'write_output': True, 'log_zero': -1e+100, 'max_iter': 0, 'init_MPI': False, 'dump_callback': <bound method Pymultinest._dump_callback of <bilby.core.sampler.pymultinest.Pymultinest object at 0x15551afcff70>>}
06:42 INFO    : Temporary directory incompatible with MPI, will run in original directory
06:42 INFO    : Using output file outdirBNSBu32cores/pm_Simu2019lm/
06:42 INFO    : Single likelihood evaluation took 8.437e-02 s
06:42 INFO    : Single likelihood evaluation took 8.492e-02 s
06:42 INFO    : Single likelihood evaluation took 8.493e-02 s
06:42 INFO    : Single likelihood evaluation took 8.493e-02 s
06:42 WARNING : Supplied argument 'queue_size' not an argument of 'Pymultinest', removing.
06:42 WARNING : Supplied argument 'check_point_delta_t' not an argument of 'Pymultinest', removing.
06:42 INFO    : Using sampler Pymultinest with kwargs {'importance_nested_sampling': False, 'resume': True, 'verbose': True, 'sampling_efficiency': 'parameter', 'n_live_points': 2048, 'n_params': 6, 'n_clustering_params': None, 'wrapped_params': None, 'multimodal': True, 'const_efficiency_mode': False, 'evidence_tolerance': 0.5, 'n_iter_before_update': 100, 'null_log_evidence': -1e+90, 'max_modes': 100, 'mode_tolerance': -1e+90, 'seed': 42, 'context': 0, 'write_output': True, 'log_zero': -1e+100, 'max_iter': 0, 'init_MPI': False, 'dump_callback': <bound method Pymultinest._dump_callback of <bilby.core.sampler.pymultinest.Pymultinest object at 0x15551f3c3ee0>>}
06:42 INFO    : Temporary directory incompatible with MPI, will run in original directory
06:42 INFO    : Using output file outdirBNSBu32cores/pm_Simu2019lm/
06:42 WARNING : Supplied argument 'queue_size' not an argument of 'Pymultinest', removing.
06:42 WARNING : Supplied argument 'check_point_delta_t' not an argument of 'Pymultinest', removing.
06:42 INFO    : Using sampler Pymultinest with kwargs {'importance_nested_sampling': False, 'resume': True, 'verbose': True, 'sampling_efficiency': 'parameter', 'n_live_points': 2048, 'n_params': 6, 'n_clustering_params': None, 'wrapped_params': None, 'multimodal': True, 'const_efficiency_mode': False, 'evidence_tolerance': 0.5, 'n_iter_before_update': 100, 'null_log_evidence': -1e+90, 'max_modes': 100, 'mode_tolerance': -1e+90, 'seed': 42, 'context': 0, 'write_output': True, 'log_zero': -1e+100, 'max_iter': 0, 'init_MPI': False, 'dump_callback': <bound method Pymultinest._dump_callback of <bilby.core.sampler.pymultinest.Pymultinest object at 0x15551f3bff40>>}
06:42 WARNING : Supplied argument 'queue_size' not an argument of 'Pymultinest', removing.
06:42 WARNING : Supplied argument 'queue_size' not an argument of 'Pymultinest', removing.
06:42 WARNING : Supplied argument 'check_point_delta_t' not an argument of 'Pymultinest', removing.
06:42 WARNING : Supplied argument 'check_point_delta_t' not an argument of 'Pymultinest', removing.
06:42 INFO    : Using sampler Pymultinest with kwargs {'importance_nested_sampling': False, 'resume': True, 'verbose': True, 'sampling_efficiency': 'parameter', 'n_live_points': 2048, 'n_params': 6, 'n_clustering_params': None, 'wrapped_params': None, 'multimodal': True, 'const_efficiency_mode': False, 'evidence_tolerance': 0.5, 'n_iter_before_update': 100, 'null_log_evidence': -1e+90, 'max_modes': 100, 'mode_tolerance': -1e+90, 'seed': 42, 'context': 0, 'write_output': True, 'log_zero': -1e+100, 'max_iter': 0, 'init_MPI': False, 'dump_callback': <bound method Pymultinest._dump_callback of <bilby.core.sampler.pymultinest.Pymultinest object at 0x15551f3bfdf0>>}
06:42 INFO    : Using sampler Pymultinest with kwargs {'importance_nested_sampling': False, 'resume': True, 'verbose': True, 'sampling_efficiency': 'parameter', 'n_live_points': 2048, 'n_params': 6, 'n_clustering_params': None, 'wrapped_params': None, 'multimodal': True, 'const_efficiency_mode': False, 'evidence_tolerance': 0.5, 'n_iter_before_update': 100, 'null_log_evidence': -1e+90, 'max_modes': 100, 'mode_tolerance': -1e+90, 'seed': 42, 'context': 0, 'write_output': True, 'log_zero': -1e+100, 'max_iter': 0, 'init_MPI': False, 'dump_callback': <bound method Pymultinest._dump_callback of <bilby.core.sampler.pymultinest.Pymultinest object at 0x15551f3c3f70>>}
06:42 INFO    : Temporary directory incompatible with MPI, will run in original directory
06:42 INFO    : Temporary directory incompatible with MPI, will run in original directory
06:42 INFO    : Temporary directory incompatible with MPI, will run in original directory
06:42 INFO    : Using output file outdirBNSBu32cores/pm_Simu2019lm/
06:42 INFO    : Using output file outdirBNSBu32cores/pm_Simu2019lm/
06:42 INFO    : Using output file outdirBNSBu32cores/pm_Simu2019lm/
06:42 INFO    : Single likelihood evaluation took 9.611e-02 s
06:42 INFO    : Single likelihood evaluation took 9.636e-02 s
06:42 INFO    : Single likelihood evaluation took 9.627e-02 s
06:42 INFO    : Single likelihood evaluation took 9.702e-02 s
06:42 WARNING : Supplied argument 'queue_size' not an argument of 'Pymultinest', removing.
06:42 WARNING : Supplied argument 'check_point_delta_t' not an argument of 'Pymultinest', removing.
06:42 WARNING : Supplied argument 'queue_size' not an argument of 'Pymultinest', removing.
06:42 WARNING : Supplied argument 'check_point_delta_t' not an argument of 'Pymultinest', removing.
06:42 INFO    : Using sampler Pymultinest with kwargs {'importance_nested_sampling': False, 'resume': True, 'verbose': True, 'sampling_efficiency': 'parameter', 'n_live_points': 2048, 'n_params': 6, 'n_clustering_params': None, 'wrapped_params': None, 'multimodal': True, 'const_efficiency_mode': False, 'evidence_tolerance': 0.5, 'n_iter_before_update': 100, 'null_log_evidence': -1e+90, 'max_modes': 100, 'mode_tolerance': -1e+90, 'seed': 42, 'context': 0, 'write_output': True, 'log_zero': -1e+100, 'max_iter': 0, 'init_MPI': False, 'dump_callback': <bound method Pymultinest._dump_callback of <bilby.core.sampler.pymultinest.Pymultinest object at 0x15550e3bbdf0>>}
06:42 INFO    : Using sampler Pymultinest with kwargs {'importance_nested_sampling': False, 'resume': True, 'verbose': True, 'sampling_efficiency': 'parameter', 'n_live_points': 2048, 'n_params': 6, 'n_clustering_params': None, 'wrapped_params': None, 'multimodal': True, 'const_efficiency_mode': False, 'evidence_tolerance': 0.5, 'n_iter_before_update': 100, 'null_log_evidence': -1e+90, 'max_modes': 100, 'mode_tolerance': -1e+90, 'seed': 42, 'context': 0, 'write_output': True, 'log_zero': -1e+100, 'max_iter': 0, 'init_MPI': False, 'dump_callback': <bound method Pymultinest._dump_callback of <bilby.core.sampler.pymultinest.Pymultinest object at 0x15550e3b7e50>>}
06:42 WARNING : Supplied argument 'queue_size' not an argument of 'Pymultinest', removing.
06:42 WARNING : Supplied argument 'check_point_delta_t' not an argument of 'Pymultinest', removing.
06:42 INFO    : Temporary directory incompatible with MPI, will run in original directory
06:42 INFO    : Using sampler Pymultinest with kwargs {'importance_nested_sampling': False, 'resume': True, 'verbose': True, 'sampling_efficiency': 'parameter', 'n_live_points': 2048, 'n_params': 6, 'n_clustering_params': None, 'wrapped_params': None, 'multimodal': True, 'const_efficiency_mode': False, 'evidence_tolerance': 0.5, 'n_iter_before_update': 100, 'null_log_evidence': -1e+90, 'max_modes': 100, 'mode_tolerance': -1e+90, 'seed': 42, 'context': 0, 'write_output': True, 'log_zero': -1e+100, 'max_iter': 0, 'init_MPI': False, 'dump_callback': <bound method Pymultinest._dump_callback of <bilby.core.sampler.pymultinest.Pymultinest object at 0x15550e3bfdf0>>}
06:42 INFO    : Temporary directory incompatible with MPI, will run in original directory
06:42 INFO    : Using output file outdirBNSBu32cores/pm_Simu2019lm/
06:42 INFO    : Temporary directory incompatible with MPI, will run in original directory
06:42 INFO    : Using output file outdirBNSBu32cores/pm_Simu2019lm/
06:42 INFO    : Using output file outdirBNSBu32cores/pm_Simu2019lm/
06:42 WARNING : Supplied argument 'queue_size' not an argument of 'Pymultinest', removing.
06:42 WARNING : Supplied argument 'check_point_delta_t' not an argument of 'Pymultinest', removing.
06:42 INFO    : Using sampler Pymultinest with kwargs {'importance_nested_sampling': False, 'resume': True, 'verbose': True, 'sampling_efficiency': 'parameter', 'n_live_points': 2048, 'n_params': 6, 'n_clustering_params': None, 'wrapped_params': None, 'multimodal': True, 'const_efficiency_mode': False, 'evidence_tolerance': 0.5, 'n_iter_before_update': 100, 'null_log_evidence': -1e+90, 'max_modes': 100, 'mode_tolerance': -1e+90, 'seed': 42, 'context': 0, 'write_output': True, 'log_zero': -1e+100, 'max_iter': 0, 'init_MPI': False, 'dump_callback': <bound method Pymultinest._dump_callback of <bilby.core.sampler.pymultinest.Pymultinest object at 0x15550e3bfe50>>}
06:42 INFO    : Temporary directory incompatible with MPI, will run in original directory
06:42 INFO    : Using output file outdirBNSBu32cores/pm_Simu2019lm/
06:42 INFO    : Single likelihood evaluation took 1.030e-01 s
06:42 INFO    : Single likelihood evaluation took 1.030e-01 s
06:42 INFO    : Single likelihood evaluation took 1.030e-01 s
06:42 INFO    : Single likelihood evaluation took 1.030e-01 s
06:42 INFO    : Single likelihood evaluation took 1.035e-01 s
06:42 WARNING : Supplied argument 'queue_size' not an argument of 'Pymultinest', removing.
06:42 WARNING : Supplied argument 'check_point_delta_t' not an argument of 'Pymultinest', removing.
06:42 INFO    : Using sampler Pymultinest with kwargs {'importance_nested_sampling': False, 'resume': True, 'verbose': True, 'sampling_efficiency': 'parameter', 'n_live_points': 2048, 'n_params': 6, 'n_clustering_params': None, 'wrapped_params': None, 'multimodal': True, 'const_efficiency_mode': False, 'evidence_tolerance': 0.5, 'n_iter_before_update': 100, 'null_log_evidence': -1e+90, 'max_modes': 100, 'mode_tolerance': -1e+90, 'seed': 42, 'context': 0, 'write_output': True, 'log_zero': -1e+100, 'max_iter': 0, 'init_MPI': False, 'dump_callback': <bound method Pymultinest._dump_callback of <bilby.core.sampler.pymultinest.Pymultinest object at 0x15551affff40>>}
06:42 INFO    : Temporary directory incompatible with MPI, will run in original directory
06:42 WARNING : Supplied argument 'queue_size' not an argument of 'Pymultinest', removing.
06:42 WARNING : Supplied argument 'check_point_delta_t' not an argument of 'Pymultinest', removing.
06:42 INFO    : Using sampler Pymultinest with kwargs {'importance_nested_sampling': False, 'resume': True, 'verbose': True, 'sampling_efficiency': 'parameter', 'n_live_points': 2048, 'n_params': 6, 'n_clustering_params': None, 'wrapped_params': None, 'multimodal': True, 'const_efficiency_mode': False, 'evidence_tolerance': 0.5, 'n_iter_before_update': 100, 'null_log_evidence': -1e+90, 'max_modes': 100, 'mode_tolerance': -1e+90, 'seed': 42, 'context': 0, 'write_output': True, 'log_zero': -1e+100, 'max_iter': 0, 'init_MPI': False, 'dump_callback': <bound method Pymultinest._dump_callback of <bilby.core.sampler.pymultinest.Pymultinest object at 0x15551acc77f0>>}
06:42 INFO    : Using output file outdirBNSBu32cores/pm_Simu2019lm/
06:42 INFO    : Temporary directory incompatible with MPI, will run in original directory
06:42 INFO    : Using output file outdirBNSBu32cores/pm_Simu2019lm/
06:42 WARNING : Supplied argument 'queue_size' not an argument of 'Pymultinest', removing.
06:42 WARNING : Supplied argument 'check_point_delta_t' not an argument of 'Pymultinest', removing.
06:42 INFO    : Using sampler Pymultinest with kwargs {'importance_nested_sampling': False, 'resume': True, 'verbose': True, 'sampling_efficiency': 'parameter', 'n_live_points': 2048, 'n_params': 6, 'n_clustering_params': None, 'wrapped_params': None, 'multimodal': True, 'const_efficiency_mode': False, 'evidence_tolerance': 0.5, 'n_iter_before_update': 100, 'null_log_evidence': -1e+90, 'max_modes': 100, 'mode_tolerance': -1e+90, 'seed': 42, 'context': 0, 'write_output': True, 'log_zero': -1e+100, 'max_iter': 0, 'init_MPI': False, 'dump_callback': <bound method Pymultinest._dump_callback of <bilby.core.sampler.pymultinest.Pymultinest object at 0x15551b003f10>>}
06:42 INFO    : Temporary directory incompatible with MPI, will run in original directory
06:42 INFO    : Using output file outdirBNSBu32cores/pm_Simu2019lm/
06:42 WARNING : Supplied argument 'queue_size' not an argument of 'Pymultinest', removing.
06:42 WARNING : Supplied argument 'check_point_delta_t' not an argument of 'Pymultinest', removing.
06:42 INFO    : Using sampler Pymultinest with kwargs {'importance_nested_sampling': False, 'resume': True, 'verbose': True, 'sampling_efficiency': 'parameter', 'n_live_points': 2048, 'n_params': 6, 'n_clustering_params': None, 'wrapped_params': None, 'multimodal': True, 'const_efficiency_mode': False, 'evidence_tolerance': 0.5, 'n_iter_before_update': 100, 'null_log_evidence': -1e+90, 'max_modes': 100, 'mode_tolerance': -1e+90, 'seed': 42, 'context': 0, 'write_output': True, 'log_zero': -1e+100, 'max_iter': 0, 'init_MPI': False, 'dump_callback': <bound method Pymultinest._dump_callback of <bilby.core.sampler.pymultinest.Pymultinest object at 0x15551afcfe20>>}
06:42 INFO    : Temporary directory incompatible with MPI, will run in original directory
06:42 INFO    : Using output file outdirBNSBu32cores/pm_Simu2019lm/
06:42 INFO    : Single likelihood evaluation took 1.038e-01 s
06:42 WARNING : Supplied argument 'queue_size' not an argument of 'Pymultinest', removing.
06:42 WARNING : Supplied argument 'check_point_delta_t' not an argument of 'Pymultinest', removing.
06:42 INFO    : Using sampler Pymultinest with kwargs {'importance_nested_sampling': False, 'resume': True, 'verbose': True, 'sampling_efficiency': 'parameter', 'n_live_points': 2048, 'n_params': 6, 'n_clustering_params': None, 'wrapped_params': None, 'multimodal': True, 'const_efficiency_mode': False, 'evidence_tolerance': 0.5, 'n_iter_before_update': 100, 'null_log_evidence': -1e+90, 'max_modes': 100, 'mode_tolerance': -1e+90, 'seed': 42, 'context': 0, 'write_output': True, 'log_zero': -1e+100, 'max_iter': 0, 'init_MPI': False, 'dump_callback': <bound method Pymultinest._dump_callback of <bilby.core.sampler.pymultinest.Pymultinest object at 0x15550e3b7fa0>>}
06:42 INFO    : Temporary directory incompatible with MPI, will run in original directory
06:42 INFO    : Using output file outdirBNSBu32cores/pm_Simu2019lm/
06:42 INFO    : Single likelihood evaluation took 1.044e-01 s
06:42 WARNING : Supplied argument 'queue_size' not an argument of 'Pymultinest', removing.
06:42 WARNING : Supplied argument 'check_point_delta_t' not an argument of 'Pymultinest', removing.
06:42 INFO    : Using sampler Pymultinest with kwargs {'importance_nested_sampling': False, 'resume': True, 'verbose': True, 'sampling_efficiency': 'parameter', 'n_live_points': 2048, 'n_params': 6, 'n_clustering_params': None, 'wrapped_params': None, 'multimodal': True, 'const_efficiency_mode': False, 'evidence_tolerance': 0.5, 'n_iter_before_update': 100, 'null_log_evidence': -1e+90, 'max_modes': 100, 'mode_tolerance': -1e+90, 'seed': 42, 'context': 0, 'write_output': True, 'log_zero': -1e+100, 'max_iter': 0, 'init_MPI': False, 'dump_callback': <bound method Pymultinest._dump_callback of <bilby.core.sampler.pymultinest.Pymultinest object at 0x15550e3b7eb0>>}
06:42 INFO    : Temporary directory incompatible with MPI, will run in original directory
06:42 INFO    : Using output file outdirBNSBu32cores/pm_Simu2019lm/
06:42 WARNING : Supplied argument 'queue_size' not an argument of 'Pymultinest', removing.
06:42 WARNING : Supplied argument 'check_point_delta_t' not an argument of 'Pymultinest', removing.
06:42 INFO    : Using sampler Pymultinest with kwargs {'importance_nested_sampling': False, 'resume': True, 'verbose': True, 'sampling_efficiency': 'parameter', 'n_live_points': 2048, 'n_params': 6, 'n_clustering_params': None, 'wrapped_params': None, 'multimodal': True, 'const_efficiency_mode': False, 'evidence_tolerance': 0.5, 'n_iter_before_update': 100, 'null_log_evidence': -1e+90, 'max_modes': 100, 'mode_tolerance': -1e+90, 'seed': 42, 'context': 0, 'write_output': True, 'log_zero': -1e+100, 'max_iter': 0, 'init_MPI': False, 'dump_callback': <bound method Pymultinest._dump_callback of <bilby.core.sampler.pymultinest.Pymultinest object at 0x15550e3bbf40>>}
06:42 INFO    : Temporary directory incompatible with MPI, will run in original directory
06:42 INFO    : Using output file outdirBNSBu32cores/pm_Simu2019lm/
06:42 INFO    : Single likelihood evaluation took 1.039e-01 s
06:42 WARNING : Supplied argument 'queue_size' not an argument of 'Pymultinest', removing.
06:42 WARNING : Supplied argument 'check_point_delta_t' not an argument of 'Pymultinest', removing.
06:42 INFO    : Using sampler Pymultinest with kwargs {'importance_nested_sampling': False, 'resume': True, 'verbose': True, 'sampling_efficiency': 'parameter', 'n_live_points': 2048, 'n_params': 6, 'n_clustering_params': None, 'wrapped_params': None, 'multimodal': True, 'const_efficiency_mode': False, 'evidence_tolerance': 0.5, 'n_iter_before_update': 100, 'null_log_evidence': -1e+90, 'max_modes': 100, 'mode_tolerance': -1e+90, 'seed': 42, 'context': 0, 'write_output': True, 'log_zero': -1e+100, 'max_iter': 0, 'init_MPI': False, 'dump_callback': <bound method Pymultinest._dump_callback of <bilby.core.sampler.pymultinest.Pymultinest object at 0x15550e0a37c0>>}
06:42 INFO    : Temporary directory incompatible with MPI, will run in original directory
06:42 INFO    : Using output file outdirBNSBu32cores/pm_Simu2019lm/
06:42 INFO    : Single likelihood evaluation took 1.053e-01 s
06:42 INFO    : Single likelihood evaluation took 1.056e-01 s
06:42 INFO    : Single likelihood evaluation took 1.050e-01 s
06:42 INFO    : Single likelihood evaluation took 1.056e-01 s
06:42 WARNING : Supplied argument 'queue_size' not an argument of 'Pymultinest', removing.
06:42 WARNING : Supplied argument 'check_point_delta_t' not an argument of 'Pymultinest', removing.
06:42 INFO    : Using sampler Pymultinest with kwargs {'importance_nested_sampling': False, 'resume': True, 'verbose': True, 'sampling_efficiency': 'parameter', 'n_live_points': 2048, 'n_params': 6, 'n_clustering_params': None, 'wrapped_params': None, 'multimodal': True, 'const_efficiency_mode': False, 'evidence_tolerance': 0.5, 'n_iter_before_update': 100, 'null_log_evidence': -1e+90, 'max_modes': 100, 'mode_tolerance': -1e+90, 'seed': 42, 'context': 0, 'write_output': True, 'log_zero': -1e+100, 'max_iter': 0, 'init_MPI': False, 'dump_callback': <bound method Pymultinest._dump_callback of <bilby.core.sampler.pymultinest.Pymultinest object at 0x15550e3b7df0>>}
06:42 INFO    : Temporary directory incompatible with MPI, will run in original directory
06:42 WARNING : Supplied argument 'queue_size' not an argument of 'Pymultinest', removing.
06:42 WARNING : Supplied argument 'check_point_delta_t' not an argument of 'Pymultinest', removing.
06:42 INFO    : Using output file outdirBNSBu32cores/pm_Simu2019lm/
06:42 INFO    : Using sampler Pymultinest with kwargs {'importance_nested_sampling': False, 'resume': True, 'verbose': True, 'sampling_efficiency': 'parameter', 'n_live_points': 2048, 'n_params': 6, 'n_clustering_params': None, 'wrapped_params': None, 'multimodal': True, 'const_efficiency_mode': False, 'evidence_tolerance': 0.5, 'n_iter_before_update': 100, 'null_log_evidence': -1e+90, 'max_modes': 100, 'mode_tolerance': -1e+90, 'seed': 42, 'context': 0, 'write_output': True, 'log_zero': -1e+100, 'max_iter': 0, 'init_MPI': False, 'dump_callback': <bound method Pymultinest._dump_callback of <bilby.core.sampler.pymultinest.Pymultinest object at 0x15550e3b7df0>>}
06:42 INFO    : Temporary directory incompatible with MPI, will run in original directory
06:42 INFO    : Single likelihood evaluation took 1.060e-01 s
06:42 WARNING : Supplied argument 'queue_size' not an argument of 'Pymultinest', removing.
06:42 WARNING : Supplied argument 'check_point_delta_t' not an argument of 'Pymultinest', removing.
06:42 INFO    : Using output file outdirBNSBu32cores/pm_Simu2019lm/
06:42 INFO    : Using sampler Pymultinest with kwargs {'importance_nested_sampling': False, 'resume': True, 'verbose': True, 'sampling_efficiency': 'parameter', 'n_live_points': 2048, 'n_params': 6, 'n_clustering_params': None, 'wrapped_params': None, 'multimodal': True, 'const_efficiency_mode': False, 'evidence_tolerance': 0.5, 'n_iter_before_update': 100, 'null_log_evidence': -1e+90, 'max_modes': 100, 'mode_tolerance': -1e+90, 'seed': 42, 'context': 0, 'write_output': True, 'log_zero': -1e+100, 'max_iter': 0, 'init_MPI': False, 'dump_callback': <bound method Pymultinest._dump_callback of <bilby.core.sampler.pymultinest.Pymultinest object at 0x15550e3bbe20>>}
06:42 INFO    : Temporary directory incompatible with MPI, will run in original directory
06:42 INFO    : Using output file outdirBNSBu32cores/pm_Simu2019lm/
06:42 INFO    : Single likelihood evaluation took 1.061e-01 s
06:42 INFO    : Single likelihood evaluation took 1.061e-01 s
06:42 WARNING : Supplied argument 'queue_size' not an argument of 'Pymultinest', removing.
06:42 WARNING : Supplied argument 'check_point_delta_t' not an argument of 'Pymultinest', removing.
06:42 INFO    : Using sampler Pymultinest with kwargs {'importance_nested_sampling': False, 'resume': True, 'verbose': True, 'sampling_efficiency': 'parameter', 'n_live_points': 2048, 'n_params': 6, 'n_clustering_params': None, 'wrapped_params': None, 'multimodal': True, 'const_efficiency_mode': False, 'evidence_tolerance': 0.5, 'n_iter_before_update': 100, 'null_log_evidence': -1e+90, 'max_modes': 100, 'mode_tolerance': -1e+90, 'seed': 42, 'context': 0, 'write_output': True, 'log_zero': -1e+100, 'max_iter': 0, 'init_MPI': False, 'dump_callback': <bound method Pymultinest._dump_callback of <bilby.core.sampler.pymultinest.Pymultinest object at 0x15551b003f40>>}
06:42 INFO    : Temporary directory incompatible with MPI, will run in original directory
06:42 INFO    : Using output file outdirBNSBu32cores/pm_Simu2019lm/
06:42 WARNING : Supplied argument 'queue_size' not an argument of 'Pymultinest', removing.
06:42 WARNING : Supplied argument 'check_point_delta_t' not an argument of 'Pymultinest', removing.
06:42 INFO    : Using sampler Pymultinest with kwargs {'importance_nested_sampling': False, 'resume': True, 'verbose': True, 'sampling_efficiency': 'parameter', 'n_live_points': 2048, 'n_params': 6, 'n_clustering_params': None, 'wrapped_params': None, 'multimodal': True, 'const_efficiency_mode': False, 'evidence_tolerance': 0.5, 'n_iter_before_update': 100, 'null_log_evidence': -1e+90, 'max_modes': 100, 'mode_tolerance': -1e+90, 'seed': 42, 'context': 0, 'write_output': True, 'log_zero': -1e+100, 'max_iter': 0, 'init_MPI': False, 'dump_callback': <bound method Pymultinest._dump_callback of <bilby.core.sampler.pymultinest.Pymultinest object at 0x15550e09b7c0>>}
06:42 INFO    : Temporary directory incompatible with MPI, will run in original directory
06:42 INFO    : Using output file outdirBNSBu32cores/pm_Simu2019lm/
06:42 WARNING : Supplied argument 'queue_size' not an argument of 'Pymultinest', removing.
06:42 WARNING : Supplied argument 'queue_size' not an argument of 'Pymultinest', removing.
06:42 WARNING : Supplied argument 'check_point_delta_t' not an argument of 'Pymultinest', removing.
06:42 WARNING : Supplied argument 'check_point_delta_t' not an argument of 'Pymultinest', removing.
06:42 INFO    : Using sampler Pymultinest with kwargs {'importance_nested_sampling': False, 'resume': True, 'verbose': True, 'sampling_efficiency': 'parameter', 'n_live_points': 2048, 'n_params': 6, 'n_clustering_params': None, 'wrapped_params': None, 'multimodal': True, 'const_efficiency_mode': False, 'evidence_tolerance': 0.5, 'n_iter_before_update': 100, 'null_log_evidence': -1e+90, 'max_modes': 100, 'mode_tolerance': -1e+90, 'seed': 42, 'context': 0, 'write_output': True, 'log_zero': -1e+100, 'max_iter': 0, 'init_MPI': False, 'dump_callback': <bound method Pymultinest._dump_callback of <bilby.core.sampler.pymultinest.Pymultinest object at 0x15551b003f40>>}
06:42 INFO    : Using sampler Pymultinest with kwargs {'importance_nested_sampling': False, 'resume': True, 'verbose': True, 'sampling_efficiency': 'parameter', 'n_live_points': 2048, 'n_params': 6, 'n_clustering_params': None, 'wrapped_params': None, 'multimodal': True, 'const_efficiency_mode': False, 'evidence_tolerance': 0.5, 'n_iter_before_update': 100, 'null_log_evidence': -1e+90, 'max_modes': 100, 'mode_tolerance': -1e+90, 'seed': 42, 'context': 0, 'write_output': True, 'log_zero': -1e+100, 'max_iter': 0, 'init_MPI': False, 'dump_callback': <bound method Pymultinest._dump_callback of <bilby.core.sampler.pymultinest.Pymultinest object at 0x15551acbf790>>}
06:42 INFO    : Temporary directory incompatible with MPI, will run in original directory
06:42 INFO    : Temporary directory incompatible with MPI, will run in original directory
06:42 INFO    : Single likelihood evaluation took 1.056e-01 s
06:42 INFO    : Using output file outdirBNSBu32cores/pm_Simu2019lm/
06:42 INFO    : Using output file outdirBNSBu32cores/pm_Simu2019lm/
06:42 WARNING : Supplied argument 'queue_size' not an argument of 'Pymultinest', removing.
06:42 WARNING : Supplied argument 'check_point_delta_t' not an argument of 'Pymultinest', removing.
06:42 INFO    : Using sampler Pymultinest with kwargs {'importance_nested_sampling': False, 'resume': True, 'verbose': True, 'sampling_efficiency': 'parameter', 'n_live_points': 2048, 'n_params': 6, 'n_clustering_params': None, 'wrapped_params': None, 'multimodal': True, 'const_efficiency_mode': False, 'evidence_tolerance': 0.5, 'n_iter_before_update': 100, 'null_log_evidence': -1e+90, 'max_modes': 100, 'mode_tolerance': -1e+90, 'seed': 42, 'context': 0, 'write_output': True, 'log_zero': -1e+100, 'max_iter': 0, 'init_MPI': False, 'dump_callback': <bound method Pymultinest._dump_callback of <bilby.core.sampler.pymultinest.Pymultinest object at 0x15551b007df0>>}
06:42 INFO    : Temporary directory incompatible with MPI, will run in original directory
06:42 INFO    : Using output file outdirBNSBu32cores/pm_Simu2019lm/
06:57 INFO    : Sampling time: 0:14:21.887778
06:57 INFO    : Sampling time: 0:14:19.429463
06:57 INFO    : Sampling time: 0:14:20.177706
06:57 INFO    : Sampling time: 0:14:19.197155
06:57 INFO    : Sampling time: 0:14:19.272632
06:57 INFO    : Sampling time: 0:14:19.518661
06:57 INFO    : Sampling time: 0:14:19.505249
06:57 INFO    : Sampling time: 0:14:22.088978
06:57 INFO    : Sampling time: 0:14:19.521432
06:57 INFO    : Sampling time: 0:14:19.234180
06:57 INFO    : Sampling time: 0:14:20.165190
06:57 INFO    : Sampling time: 0:14:19.234064
06:57 INFO    : Sampling time: 0:14:19.297023
06:57 INFO    : Sampling time: 0:14:19.420891
06:57 INFO    : Sampling time: 0:14:19.312386
06:57 INFO    : Sampling time: 0:14:22.495382
06:57 INFO    : Sampling time: 0:14:19.311787
06:57 INFO    : Sampling time: 0:14:19.285043
06:57 INFO    : Sampling time: 0:14:19.461255
06:57 INFO    : Sampling time: 0:14:19.504056
06:57 INFO    : Sampling time: 0:14:21.428603
06:57 INFO    : Sampling time: 0:14:19.402760
06:57 INFO    : Sampling time: 0:14:21.399563
06:57 INFO    : Sampling time: 0:14:20.241178
06:57 INFO    : Sampling time: 0:14:22.567682
06:57 INFO    : Sampling time: 0:14:20.217161
06:57 INFO    : Sampling time: 0:14:21.408829
06:57 INFO    : Sampling time: 0:14:22.541152
06:57 INFO    : Sampling time: 0:14:22.537374
06:57 INFO    : Sampling time: 0:14:23.585350
06:57 INFO    : Sampling time: 0:14:21.408490
06:57 INFO    : Sampling time: 0:14:22.625598
06:57 ERROR   : 

Saving the data has failed with the following message:
[Errno 116] Stale file handle
Data has been dumped to outdirBNSBu32cores/Simu2019lm_result.pkl.


06:57 INFO    : Summary of results:
nsamples: 15316
ln_noise_evidence:  0.000
ln_evidence: 16.436 +/-  0.095
ln_bayes_factor: 16.436 +/-  0.095

06:57 INFO    : Writing samples file to /home/thussenot/kilonovae-H0/Simu2019lm/free_gr/outdirBNSBu32cores/Simu2019lm_posterior_samples.dat
06:57 INFO    : Summary of results:
nsamples: 15316
ln_noise_evidence:  0.000
ln_evidence: 16.436 +/-  0.095
ln_bayes_factor: 16.436 +/-  0.095

06:57 INFO    : Summary of results:
nsamples: 15316
ln_noise_evidence:  0.000
ln_evidence: 16.436 +/-  0.095
ln_bayes_factor: 16.436 +/-  0.095

06:57 INFO    : Summary of results:
nsamples: 15316
ln_noise_evidence:  0.000
ln_evidence: 16.436 +/-  0.095
ln_bayes_factor: 16.436 +/-  0.095

06:57 INFO    : Summary of results:
nsamples: 15316
ln_noise_evidence:  0.000
ln_evidence: 16.436 +/-  0.095
ln_bayes_factor: 16.436 +/-  0.095

06:57 INFO    : Summary of results:
nsamples: 15316
ln_noise_evidence:  0.000
ln_evidence: 16.436 +/-  0.095
ln_bayes_factor: 16.436 +/-  0.095

07:10 INFO    : Running for label 'Simu2019lm', output will be saved to 'outdirBNSBu32cores'
07:11 INFO    : Analysis priors:
07:11 INFO    : KNphi=Uniform(minimum=15.0, maximum=75.0, name='KNphi', latex_label='$\\Phi$', unit=None, boundary=None)
07:11 INFO    : log10_mej_dyn=Uniform(minimum=-3.0, maximum=-1.0, name='log10_mej_dyn', latex_label='$\\log_{10}M^{\\rm{dyn}}_{\\rm{ej}}$', unit=None, boundary='reflective')
07:11 INFO    : log10_mej_wind=Uniform(minimum=-3.0, maximum=-0.5, name='log10_mej_wind', latex_label='$\\log_{10}M^{\\rm{wind}}_{\\rm{ej}}$', unit=None, boundary='reflective')
07:11 INFO    : inclination_EM=Sine(minimum=0.0, maximum=1.5707963267948966, name='inclination_EM', latex_label='$\\iota$', unit=None, boundary=None)
07:11 INFO    : luminosity_distance=LogUniform(minimum=1, maximum=500, name='luminosity_distance', latex_label='$D_L$', unit=None, boundary=None)
07:11 INFO    : em_syserr=LogUniform(minimum=0.01, maximum=2.0, name='em_syserr', latex_label='$\\sigma$', unit=None, boundary=None)
07:11 INFO    : timeshift=0.0
07:11 INFO    : Ebv=0.0
07:11 INFO    : Analysis likelihood class: <class 'nmma.em.likelihood.OpticalLightCurve'>
07:11 INFO    : Analysis likelihood noise evidence: 0.0
07:11 INFO    : Single likelihood evaluation took 8.101e-02 s
07:11 WARNING : Supplied argument 'queue_size' not an argument of 'Pymultinest', removing.
07:11 WARNING : Supplied argument 'check_point_delta_t' not an argument of 'Pymultinest', removing.
07:11 WARNING : Using cached result
07:11 INFO    : Summary of results:
nsamples: 15316
ln_noise_evidence:  0.000
ln_evidence: 16.436 +/-  0.095
ln_bayes_factor: 16.436 +/-  0.095

07:11 INFO    : Writing samples file to /home/thussenot/kilonovae-H0/Simu2019lm/free_gr/outdirBNSBu32cores/Simu2019lm_posterior_samples.dat
