20:20 INFO    : Running for label 'AT170817', output will be saved to 'outdirBNSBu32cores'
20:20 INFO    : Running for label 'AT170817', output will be saved to 'outdirBNSBu32cores'
20:20 INFO    : Running for label 'AT170817', output will be saved to 'outdirBNSBu32cores'
20:20 INFO    : Running for label 'AT170817', output will be saved to 'outdirBNSBu32cores'
20:20 INFO    : Running for label 'AT170817', output will be saved to 'outdirBNSBu32cores'
20:20 INFO    : Running for label 'AT170817', output will be saved to 'outdirBNSBu32cores'
20:20 INFO    : Running for label 'AT170817', output will be saved to 'outdirBNSBu32cores'
20:20 INFO    : Running for label 'AT170817', output will be saved to 'outdirBNSBu32cores'
20:20 INFO    : Running for label 'AT170817', output will be saved to 'outdirBNSBu32cores'
20:20 INFO    : Running for label 'AT170817', output will be saved to 'outdirBNSBu32cores'
20:20 INFO    : Running for label 'AT170817', output will be saved to 'outdirBNSBu32cores'
20:20 INFO    : Running for label 'AT170817', output will be saved to 'outdirBNSBu32cores'
20:20 INFO    : Running for label 'AT170817', output will be saved to 'outdirBNSBu32cores'
20:20 INFO    : Running for label 'AT170817', output will be saved to 'outdirBNSBu32cores'
20:20 INFO    : Running for label 'AT170817', output will be saved to 'outdirBNSBu32cores'
20:20 INFO    : Running for label 'AT170817', output will be saved to 'outdirBNSBu32cores'
20:20 INFO    : Running for label 'AT170817', output will be saved to 'outdirBNSBu32cores'
20:20 INFO    : Running for label 'AT170817', output will be saved to 'outdirBNSBu32cores'
20:20 INFO    : Running for label 'AT170817', output will be saved to 'outdirBNSBu32cores'
20:20 INFO    : Running for label 'AT170817', output will be saved to 'outdirBNSBu32cores'
20:20 INFO    : Running for label 'AT170817', output will be saved to 'outdirBNSBu32cores'
20:20 INFO    : Running for label 'AT170817', output will be saved to 'outdirBNSBu32cores'
20:20 INFO    : Running for label 'AT170817', output will be saved to 'outdirBNSBu32cores'
20:20 INFO    : Running for label 'AT170817', output will be saved to 'outdirBNSBu32cores'
20:20 INFO    : Running for label 'AT170817', output will be saved to 'outdirBNSBu32cores'
20:20 INFO    : Running for label 'AT170817', output will be saved to 'outdirBNSBu32cores'
20:20 INFO    : Running for label 'AT170817', output will be saved to 'outdirBNSBu32cores'
20:20 INFO    : Running for label 'AT170817', output will be saved to 'outdirBNSBu32cores'
20:20 INFO    : Running for label 'AT170817', output will be saved to 'outdirBNSBu32cores'
20:20 INFO    : Running for label 'AT170817', output will be saved to 'outdirBNSBu32cores'
20:20 INFO    : Running for label 'AT170817', output will be saved to 'outdirBNSBu32cores'
20:20 INFO    : Running for label 'AT170817', output will be saved to 'outdirBNSBu32cores'
20:20 INFO    : Analysis priors:
20:20 INFO    : log10_mej_dyn=Uniform(minimum=-3.0, maximum=-1.7, name='log10_mej_dyn', latex_label='$\\log_{10}M^{\\rm{dyn}}_{\\rm{ej}}$', unit=None, boundary=None)
20:20 INFO    : vej_dyn=Uniform(minimum=0.12, maximum=0.25, name='vej_dyn', latex_label='$V^{\\rm{dyn}}_{\\rm{ej}}$', unit=None, boundary=None)
20:20 INFO    : Yedyn=Uniform(minimum=0.15, maximum=0.3, name='Yedyn', latex_label='$Y_{\\rm{edyn}}$', unit=None, boundary=None)
20:20 INFO    : log10_mej_wind=Uniform(minimum=-2.0, maximum=-0.89, name='log10_mej_wind', latex_label='$\\log_{10}M^{\\rm{wind}}_{\\rm{ej}}$', unit=None, boundary=None)
20:20 INFO    : vej_wind=Uniform(minimum=0.03, maximum=0.15, name='vej_wind', latex_label='$V^{\\rm{wind}}_{\\rm{ej}}$', unit=None, boundary=None)
20:20 INFO    : inclination_EM=Sine(minimum=0.0, maximum=1.5707963267948966, name='inclination_EM', latex_label='$\\iota$', unit=None, boundary=None)
20:20 INFO    : luminosity_distance=Uniform(minimum=0.0, maximum=200.0, name='luminosity_distance', latex_label='$D_L$', unit=None, boundary=None)
20:20 INFO    : timeshift=Uniform(minimum=-2.0, maximum=1.0, name='timeshift', latex_label='$t_0$', unit=None, boundary=None)
20:20 INFO    : em_syserr=LogUniform(minimum=0.01, maximum=2.0, name='em_syserr', latex_label='$\\sigma$', unit=None, boundary=None)
20:20 INFO    : log10_E0=Uniform(minimum=47.0, maximum=57.0, name='log10_E0', latex_label='$\\log_{10}E_0$', unit=None, boundary='reflective')
20:20 INFO    : thetaCore=Uniform(minimum=0.01, maximum=0.3141592653589793, name='theta_core', latex_label='$\\theta_c$', unit=None, boundary='reflective')
20:20 INFO    : log10_n0=Uniform(minimum=-6, maximum=3.0, name='log10_n0', latex_label='$\\log_{10}n_0$', unit=None, boundary='reflective')
20:20 INFO    : p=Uniform(minimum=2.01, maximum=3.0, name='p', latex_label='$p$', unit=None, boundary=None)
20:20 INFO    : log10_epsilon_e=Uniform(minimum=-5, maximum=0, name='log10_epsilon_e', latex_label='$\\log_{10}\\epsilon_e$', unit=None, boundary='reflective')
20:20 INFO    : log10_epsilon_B=Uniform(minimum=-10, maximum=0, name='log10_epsilon_B', latex_label='$\\log_{10}\\epsilon_B$', unit=None, boundary='reflective')
20:20 INFO    : Ebv=0.0
20:20 INFO    : Analysis likelihood class: <class 'nmma.em.likelihood.OpticalLightCurve'>
20:20 INFO    : Analysis likelihood noise evidence: 0.0
20:20 INFO    : Analysis priors:
20:20 INFO    : log10_mej_dyn=Uniform(minimum=-3.0, maximum=-1.7, name='log10_mej_dyn', latex_label='$\\log_{10}M^{\\rm{dyn}}_{\\rm{ej}}$', unit=None, boundary=None)
20:20 INFO    : vej_dyn=Uniform(minimum=0.12, maximum=0.25, name='vej_dyn', latex_label='$V^{\\rm{dyn}}_{\\rm{ej}}$', unit=None, boundary=None)
20:20 INFO    : Yedyn=Uniform(minimum=0.15, maximum=0.3, name='Yedyn', latex_label='$Y_{\\rm{edyn}}$', unit=None, boundary=None)
20:20 INFO    : log10_mej_wind=Uniform(minimum=-2.0, maximum=-0.89, name='log10_mej_wind', latex_label='$\\log_{10}M^{\\rm{wind}}_{\\rm{ej}}$', unit=None, boundary=None)
20:20 INFO    : vej_wind=Uniform(minimum=0.03, maximum=0.15, name='vej_wind', latex_label='$V^{\\rm{wind}}_{\\rm{ej}}$', unit=None, boundary=None)
20:20 INFO    : inclination_EM=Sine(minimum=0.0, maximum=1.5707963267948966, name='inclination_EM', latex_label='$\\iota$', unit=None, boundary=None)
20:20 INFO    : luminosity_distance=Uniform(minimum=0.0, maximum=200.0, name='luminosity_distance', latex_label='$D_L$', unit=None, boundary=None)
20:20 INFO    : timeshift=Uniform(minimum=-2.0, maximum=1.0, name='timeshift', latex_label='$t_0$', unit=None, boundary=None)
20:20 INFO    : em_syserr=LogUniform(minimum=0.01, maximum=2.0, name='em_syserr', latex_label='$\\sigma$', unit=None, boundary=None)
20:20 INFO    : log10_E0=Uniform(minimum=47.0, maximum=57.0, name='log10_E0', latex_label='$\\log_{10}E_0$', unit=None, boundary='reflective')
20:20 INFO    : thetaCore=Uniform(minimum=0.01, maximum=0.3141592653589793, name='theta_core', latex_label='$\\theta_c$', unit=None, boundary='reflective')
20:20 INFO    : log10_n0=Uniform(minimum=-6, maximum=3.0, name='log10_n0', latex_label='$\\log_{10}n_0$', unit=None, boundary='reflective')
20:20 INFO    : p=Uniform(minimum=2.01, maximum=3.0, name='p', latex_label='$p$', unit=None, boundary=None)
20:20 INFO    : log10_epsilon_e=Uniform(minimum=-5, maximum=0, name='log10_epsilon_e', latex_label='$\\log_{10}\\epsilon_e$', unit=None, boundary='reflective')
20:20 INFO    : log10_epsilon_B=Uniform(minimum=-10, maximum=0, name='log10_epsilon_B', latex_label='$\\log_{10}\\epsilon_B$', unit=None, boundary='reflective')
20:20 INFO    : Ebv=0.0
20:20 INFO    : Analysis likelihood class: <class 'nmma.em.likelihood.OpticalLightCurve'>
20:20 INFO    : Analysis likelihood noise evidence: 0.0
20:20 INFO    : Analysis priors:
20:20 INFO    : log10_mej_dyn=Uniform(minimum=-3.0, maximum=-1.7, name='log10_mej_dyn', latex_label='$\\log_{10}M^{\\rm{dyn}}_{\\rm{ej}}$', unit=None, boundary=None)
20:20 INFO    : Analysis priors:
20:20 INFO    : vej_dyn=Uniform(minimum=0.12, maximum=0.25, name='vej_dyn', latex_label='$V^{\\rm{dyn}}_{\\rm{ej}}$', unit=None, boundary=None)
20:20 INFO    : Yedyn=Uniform(minimum=0.15, maximum=0.3, name='Yedyn', latex_label='$Y_{\\rm{edyn}}$', unit=None, boundary=None)
20:20 INFO    : log10_mej_dyn=Uniform(minimum=-3.0, maximum=-1.7, name='log10_mej_dyn', latex_label='$\\log_{10}M^{\\rm{dyn}}_{\\rm{ej}}$', unit=None, boundary=None)
20:20 INFO    : log10_mej_wind=Uniform(minimum=-2.0, maximum=-0.89, name='log10_mej_wind', latex_label='$\\log_{10}M^{\\rm{wind}}_{\\rm{ej}}$', unit=None, boundary=None)
20:20 INFO    : vej_dyn=Uniform(minimum=0.12, maximum=0.25, name='vej_dyn', latex_label='$V^{\\rm{dyn}}_{\\rm{ej}}$', unit=None, boundary=None)
20:20 INFO    : vej_wind=Uniform(minimum=0.03, maximum=0.15, name='vej_wind', latex_label='$V^{\\rm{wind}}_{\\rm{ej}}$', unit=None, boundary=None)
20:20 INFO    : Yedyn=Uniform(minimum=0.15, maximum=0.3, name='Yedyn', latex_label='$Y_{\\rm{edyn}}$', unit=None, boundary=None)
20:20 INFO    : inclination_EM=Sine(minimum=0.0, maximum=1.5707963267948966, name='inclination_EM', latex_label='$\\iota$', unit=None, boundary=None)
20:20 INFO    : log10_mej_wind=Uniform(minimum=-2.0, maximum=-0.89, name='log10_mej_wind', latex_label='$\\log_{10}M^{\\rm{wind}}_{\\rm{ej}}$', unit=None, boundary=None)
20:20 INFO    : luminosity_distance=Uniform(minimum=0.0, maximum=200.0, name='luminosity_distance', latex_label='$D_L$', unit=None, boundary=None)
20:20 INFO    : vej_wind=Uniform(minimum=0.03, maximum=0.15, name='vej_wind', latex_label='$V^{\\rm{wind}}_{\\rm{ej}}$', unit=None, boundary=None)
20:20 INFO    : timeshift=Uniform(minimum=-2.0, maximum=1.0, name='timeshift', latex_label='$t_0$', unit=None, boundary=None)
20:20 INFO    : inclination_EM=Sine(minimum=0.0, maximum=1.5707963267948966, name='inclination_EM', latex_label='$\\iota$', unit=None, boundary=None)
20:20 INFO    : em_syserr=LogUniform(minimum=0.01, maximum=2.0, name='em_syserr', latex_label='$\\sigma$', unit=None, boundary=None)
20:20 INFO    : luminosity_distance=Uniform(minimum=0.0, maximum=200.0, name='luminosity_distance', latex_label='$D_L$', unit=None, boundary=None)
20:20 INFO    : log10_E0=Uniform(minimum=47.0, maximum=57.0, name='log10_E0', latex_label='$\\log_{10}E_0$', unit=None, boundary='reflective')
20:20 INFO    : timeshift=Uniform(minimum=-2.0, maximum=1.0, name='timeshift', latex_label='$t_0$', unit=None, boundary=None)
20:20 INFO    : thetaCore=Uniform(minimum=0.01, maximum=0.3141592653589793, name='theta_core', latex_label='$\\theta_c$', unit=None, boundary='reflective')
20:20 INFO    : em_syserr=LogUniform(minimum=0.01, maximum=2.0, name='em_syserr', latex_label='$\\sigma$', unit=None, boundary=None)
20:20 INFO    : log10_n0=Uniform(minimum=-6, maximum=3.0, name='log10_n0', latex_label='$\\log_{10}n_0$', unit=None, boundary='reflective')
20:20 INFO    : log10_E0=Uniform(minimum=47.0, maximum=57.0, name='log10_E0', latex_label='$\\log_{10}E_0$', unit=None, boundary='reflective')
20:20 INFO    : p=Uniform(minimum=2.01, maximum=3.0, name='p', latex_label='$p$', unit=None, boundary=None)
20:20 INFO    : thetaCore=Uniform(minimum=0.01, maximum=0.3141592653589793, name='theta_core', latex_label='$\\theta_c$', unit=None, boundary='reflective')
20:20 INFO    : log10_epsilon_e=Uniform(minimum=-5, maximum=0, name='log10_epsilon_e', latex_label='$\\log_{10}\\epsilon_e$', unit=None, boundary='reflective')
20:20 INFO    : log10_n0=Uniform(minimum=-6, maximum=3.0, name='log10_n0', latex_label='$\\log_{10}n_0$', unit=None, boundary='reflective')
20:20 INFO    : log10_epsilon_B=Uniform(minimum=-10, maximum=0, name='log10_epsilon_B', latex_label='$\\log_{10}\\epsilon_B$', unit=None, boundary='reflective')
20:20 INFO    : Ebv=0.0
20:20 INFO    : Analysis likelihood class: <class 'nmma.em.likelihood.OpticalLightCurve'>
20:20 INFO    : p=Uniform(minimum=2.01, maximum=3.0, name='p', latex_label='$p$', unit=None, boundary=None)
20:20 INFO    : Analysis likelihood noise evidence: 0.0
20:20 INFO    : log10_epsilon_e=Uniform(minimum=-5, maximum=0, name='log10_epsilon_e', latex_label='$\\log_{10}\\epsilon_e$', unit=None, boundary='reflective')
20:20 INFO    : log10_epsilon_B=Uniform(minimum=-10, maximum=0, name='log10_epsilon_B', latex_label='$\\log_{10}\\epsilon_B$', unit=None, boundary='reflective')
20:20 INFO    : Ebv=0.0
20:20 INFO    : Analysis likelihood class: <class 'nmma.em.likelihood.OpticalLightCurve'>
20:20 INFO    : Analysis likelihood noise evidence: 0.0
20:20 INFO    : Analysis priors:
20:20 INFO    : log10_mej_dyn=Uniform(minimum=-3.0, maximum=-1.7, name='log10_mej_dyn', latex_label='$\\log_{10}M^{\\rm{dyn}}_{\\rm{ej}}$', unit=None, boundary=None)
20:20 INFO    : vej_dyn=Uniform(minimum=0.12, maximum=0.25, name='vej_dyn', latex_label='$V^{\\rm{dyn}}_{\\rm{ej}}$', unit=None, boundary=None)
20:20 INFO    : Yedyn=Uniform(minimum=0.15, maximum=0.3, name='Yedyn', latex_label='$Y_{\\rm{edyn}}$', unit=None, boundary=None)
20:20 INFO    : log10_mej_wind=Uniform(minimum=-2.0, maximum=-0.89, name='log10_mej_wind', latex_label='$\\log_{10}M^{\\rm{wind}}_{\\rm{ej}}$', unit=None, boundary=None)
20:20 INFO    : vej_wind=Uniform(minimum=0.03, maximum=0.15, name='vej_wind', latex_label='$V^{\\rm{wind}}_{\\rm{ej}}$', unit=None, boundary=None)
20:20 INFO    : inclination_EM=Sine(minimum=0.0, maximum=1.5707963267948966, name='inclination_EM', latex_label='$\\iota$', unit=None, boundary=None)
20:20 INFO    : luminosity_distance=Uniform(minimum=0.0, maximum=200.0, name='luminosity_distance', latex_label='$D_L$', unit=None, boundary=None)
20:20 INFO    : timeshift=Uniform(minimum=-2.0, maximum=1.0, name='timeshift', latex_label='$t_0$', unit=None, boundary=None)
20:20 INFO    : em_syserr=LogUniform(minimum=0.01, maximum=2.0, name='em_syserr', latex_label='$\\sigma$', unit=None, boundary=None)
20:20 INFO    : log10_E0=Uniform(minimum=47.0, maximum=57.0, name='log10_E0', latex_label='$\\log_{10}E_0$', unit=None, boundary='reflective')
20:20 INFO    : thetaCore=Uniform(minimum=0.01, maximum=0.3141592653589793, name='theta_core', latex_label='$\\theta_c$', unit=None, boundary='reflective')
20:20 INFO    : log10_n0=Uniform(minimum=-6, maximum=3.0, name='log10_n0', latex_label='$\\log_{10}n_0$', unit=None, boundary='reflective')
20:20 INFO    : p=Uniform(minimum=2.01, maximum=3.0, name='p', latex_label='$p$', unit=None, boundary=None)
20:20 INFO    : log10_epsilon_e=Uniform(minimum=-5, maximum=0, name='log10_epsilon_e', latex_label='$\\log_{10}\\epsilon_e$', unit=None, boundary='reflective')
20:20 INFO    : log10_epsilon_B=Uniform(minimum=-10, maximum=0, name='log10_epsilon_B', latex_label='$\\log_{10}\\epsilon_B$', unit=None, boundary='reflective')
20:20 INFO    : Ebv=0.0
20:20 INFO    : Analysis likelihood class: <class 'nmma.em.likelihood.OpticalLightCurve'>
20:20 INFO    : Analysis likelihood noise evidence: 0.0
20:20 INFO    : Analysis priors:
20:20 INFO    : log10_mej_dyn=Uniform(minimum=-3.0, maximum=-1.7, name='log10_mej_dyn', latex_label='$\\log_{10}M^{\\rm{dyn}}_{\\rm{ej}}$', unit=None, boundary=None)
20:20 INFO    : vej_dyn=Uniform(minimum=0.12, maximum=0.25, name='vej_dyn', latex_label='$V^{\\rm{dyn}}_{\\rm{ej}}$', unit=None, boundary=None)
20:20 INFO    : Yedyn=Uniform(minimum=0.15, maximum=0.3, name='Yedyn', latex_label='$Y_{\\rm{edyn}}$', unit=None, boundary=None)
20:20 INFO    : log10_mej_wind=Uniform(minimum=-2.0, maximum=-0.89, name='log10_mej_wind', latex_label='$\\log_{10}M^{\\rm{wind}}_{\\rm{ej}}$', unit=None, boundary=None)
20:20 INFO    : vej_wind=Uniform(minimum=0.03, maximum=0.15, name='vej_wind', latex_label='$V^{\\rm{wind}}_{\\rm{ej}}$', unit=None, boundary=None)
20:20 INFO    : inclination_EM=Sine(minimum=0.0, maximum=1.5707963267948966, name='inclination_EM', latex_label='$\\iota$', unit=None, boundary=None)
20:20 INFO    : luminosity_distance=Uniform(minimum=0.0, maximum=200.0, name='luminosity_distance', latex_label='$D_L$', unit=None, boundary=None)
20:20 INFO    : timeshift=Uniform(minimum=-2.0, maximum=1.0, name='timeshift', latex_label='$t_0$', unit=None, boundary=None)
20:20 INFO    : em_syserr=LogUniform(minimum=0.01, maximum=2.0, name='em_syserr', latex_label='$\\sigma$', unit=None, boundary=None)
20:20 INFO    : log10_E0=Uniform(minimum=47.0, maximum=57.0, name='log10_E0', latex_label='$\\log_{10}E_0$', unit=None, boundary='reflective')
20:20 INFO    : thetaCore=Uniform(minimum=0.01, maximum=0.3141592653589793, name='theta_core', latex_label='$\\theta_c$', unit=None, boundary='reflective')
20:20 INFO    : log10_n0=Uniform(minimum=-6, maximum=3.0, name='log10_n0', latex_label='$\\log_{10}n_0$', unit=None, boundary='reflective')
20:20 INFO    : p=Uniform(minimum=2.01, maximum=3.0, name='p', latex_label='$p$', unit=None, boundary=None)
20:20 INFO    : log10_epsilon_e=Uniform(minimum=-5, maximum=0, name='log10_epsilon_e', latex_label='$\\log_{10}\\epsilon_e$', unit=None, boundary='reflective')
20:20 INFO    : log10_epsilon_B=Uniform(minimum=-10, maximum=0, name='log10_epsilon_B', latex_label='$\\log_{10}\\epsilon_B$', unit=None, boundary='reflective')
20:20 INFO    : Ebv=0.0
20:20 INFO    : Analysis likelihood class: <class 'nmma.em.likelihood.OpticalLightCurve'>
20:20 INFO    : Analysis likelihood noise evidence: 0.0
20:20 INFO    : Analysis priors:
20:20 INFO    : log10_mej_dyn=Uniform(minimum=-3.0, maximum=-1.7, name='log10_mej_dyn', latex_label='$\\log_{10}M^{\\rm{dyn}}_{\\rm{ej}}$', unit=None, boundary=None)
20:20 INFO    : vej_dyn=Uniform(minimum=0.12, maximum=0.25, name='vej_dyn', latex_label='$V^{\\rm{dyn}}_{\\rm{ej}}$', unit=None, boundary=None)
20:20 INFO    : Yedyn=Uniform(minimum=0.15, maximum=0.3, name='Yedyn', latex_label='$Y_{\\rm{edyn}}$', unit=None, boundary=None)
20:20 INFO    : log10_mej_wind=Uniform(minimum=-2.0, maximum=-0.89, name='log10_mej_wind', latex_label='$\\log_{10}M^{\\rm{wind}}_{\\rm{ej}}$', unit=None, boundary=None)
20:20 INFO    : vej_wind=Uniform(minimum=0.03, maximum=0.15, name='vej_wind', latex_label='$V^{\\rm{wind}}_{\\rm{ej}}$', unit=None, boundary=None)
20:20 INFO    : inclination_EM=Sine(minimum=0.0, maximum=1.5707963267948966, name='inclination_EM', latex_label='$\\iota$', unit=None, boundary=None)
20:20 INFO    : luminosity_distance=Uniform(minimum=0.0, maximum=200.0, name='luminosity_distance', latex_label='$D_L$', unit=None, boundary=None)
20:20 INFO    : timeshift=Uniform(minimum=-2.0, maximum=1.0, name='timeshift', latex_label='$t_0$', unit=None, boundary=None)
20:20 INFO    : em_syserr=LogUniform(minimum=0.01, maximum=2.0, name='em_syserr', latex_label='$\\sigma$', unit=None, boundary=None)
20:20 INFO    : log10_E0=Uniform(minimum=47.0, maximum=57.0, name='log10_E0', latex_label='$\\log_{10}E_0$', unit=None, boundary='reflective')
20:20 INFO    : thetaCore=Uniform(minimum=0.01, maximum=0.3141592653589793, name='theta_core', latex_label='$\\theta_c$', unit=None, boundary='reflective')
20:20 INFO    : log10_n0=Uniform(minimum=-6, maximum=3.0, name='log10_n0', latex_label='$\\log_{10}n_0$', unit=None, boundary='reflective')
20:20 INFO    : p=Uniform(minimum=2.01, maximum=3.0, name='p', latex_label='$p$', unit=None, boundary=None)
20:20 INFO    : log10_epsilon_e=Uniform(minimum=-5, maximum=0, name='log10_epsilon_e', latex_label='$\\log_{10}\\epsilon_e$', unit=None, boundary='reflective')
20:20 INFO    : log10_epsilon_B=Uniform(minimum=-10, maximum=0, name='log10_epsilon_B', latex_label='$\\log_{10}\\epsilon_B$', unit=None, boundary='reflective')
20:20 INFO    : Ebv=0.0
20:20 INFO    : Analysis likelihood class: <class 'nmma.em.likelihood.OpticalLightCurve'>
20:20 INFO    : Analysis likelihood noise evidence: 0.0
20:20 INFO    : Analysis priors:
20:20 INFO    : log10_mej_dyn=Uniform(minimum=-3.0, maximum=-1.7, name='log10_mej_dyn', latex_label='$\\log_{10}M^{\\rm{dyn}}_{\\rm{ej}}$', unit=None, boundary=None)
20:20 INFO    : vej_dyn=Uniform(minimum=0.12, maximum=0.25, name='vej_dyn', latex_label='$V^{\\rm{dyn}}_{\\rm{ej}}$', unit=None, boundary=None)
20:20 INFO    : Yedyn=Uniform(minimum=0.15, maximum=0.3, name='Yedyn', latex_label='$Y_{\\rm{edyn}}$', unit=None, boundary=None)
20:20 INFO    : log10_mej_wind=Uniform(minimum=-2.0, maximum=-0.89, name='log10_mej_wind', latex_label='$\\log_{10}M^{\\rm{wind}}_{\\rm{ej}}$', unit=None, boundary=None)
20:20 INFO    : vej_wind=Uniform(minimum=0.03, maximum=0.15, name='vej_wind', latex_label='$V^{\\rm{wind}}_{\\rm{ej}}$', unit=None, boundary=None)
20:20 INFO    : inclination_EM=Sine(minimum=0.0, maximum=1.5707963267948966, name='inclination_EM', latex_label='$\\iota$', unit=None, boundary=None)
20:20 INFO    : luminosity_distance=Uniform(minimum=0.0, maximum=200.0, name='luminosity_distance', latex_label='$D_L$', unit=None, boundary=None)
20:20 INFO    : timeshift=Uniform(minimum=-2.0, maximum=1.0, name='timeshift', latex_label='$t_0$', unit=None, boundary=None)
20:20 INFO    : em_syserr=LogUniform(minimum=0.01, maximum=2.0, name='em_syserr', latex_label='$\\sigma$', unit=None, boundary=None)
20:20 INFO    : log10_E0=Uniform(minimum=47.0, maximum=57.0, name='log10_E0', latex_label='$\\log_{10}E_0$', unit=None, boundary='reflective')
20:20 INFO    : thetaCore=Uniform(minimum=0.01, maximum=0.3141592653589793, name='theta_core', latex_label='$\\theta_c$', unit=None, boundary='reflective')
20:20 INFO    : log10_n0=Uniform(minimum=-6, maximum=3.0, name='log10_n0', latex_label='$\\log_{10}n_0$', unit=None, boundary='reflective')
20:20 INFO    : p=Uniform(minimum=2.01, maximum=3.0, name='p', latex_label='$p$', unit=None, boundary=None)
20:20 INFO    : log10_epsilon_e=Uniform(minimum=-5, maximum=0, name='log10_epsilon_e', latex_label='$\\log_{10}\\epsilon_e$', unit=None, boundary='reflective')
20:20 INFO    : log10_epsilon_B=Uniform(minimum=-10, maximum=0, name='log10_epsilon_B', latex_label='$\\log_{10}\\epsilon_B$', unit=None, boundary='reflective')
20:20 INFO    : Ebv=0.0
20:20 INFO    : Analysis likelihood class: <class 'nmma.em.likelihood.OpticalLightCurve'>
20:20 INFO    : Analysis likelihood noise evidence: 0.0
20:20 INFO    : Analysis priors:
20:20 INFO    : log10_mej_dyn=Uniform(minimum=-3.0, maximum=-1.7, name='log10_mej_dyn', latex_label='$\\log_{10}M^{\\rm{dyn}}_{\\rm{ej}}$', unit=None, boundary=None)
20:20 INFO    : vej_dyn=Uniform(minimum=0.12, maximum=0.25, name='vej_dyn', latex_label='$V^{\\rm{dyn}}_{\\rm{ej}}$', unit=None, boundary=None)
20:20 INFO    : Yedyn=Uniform(minimum=0.15, maximum=0.3, name='Yedyn', latex_label='$Y_{\\rm{edyn}}$', unit=None, boundary=None)
20:20 INFO    : log10_mej_wind=Uniform(minimum=-2.0, maximum=-0.89, name='log10_mej_wind', latex_label='$\\log_{10}M^{\\rm{wind}}_{\\rm{ej}}$', unit=None, boundary=None)
20:20 INFO    : vej_wind=Uniform(minimum=0.03, maximum=0.15, name='vej_wind', latex_label='$V^{\\rm{wind}}_{\\rm{ej}}$', unit=None, boundary=None)
20:20 INFO    : inclination_EM=Sine(minimum=0.0, maximum=1.5707963267948966, name='inclination_EM', latex_label='$\\iota$', unit=None, boundary=None)
20:20 INFO    : luminosity_distance=Uniform(minimum=0.0, maximum=200.0, name='luminosity_distance', latex_label='$D_L$', unit=None, boundary=None)
20:20 INFO    : timeshift=Uniform(minimum=-2.0, maximum=1.0, name='timeshift', latex_label='$t_0$', unit=None, boundary=None)
20:20 INFO    : em_syserr=LogUniform(minimum=0.01, maximum=2.0, name='em_syserr', latex_label='$\\sigma$', unit=None, boundary=None)
20:20 INFO    : log10_E0=Uniform(minimum=47.0, maximum=57.0, name='log10_E0', latex_label='$\\log_{10}E_0$', unit=None, boundary='reflective')
20:20 INFO    : thetaCore=Uniform(minimum=0.01, maximum=0.3141592653589793, name='theta_core', latex_label='$\\theta_c$', unit=None, boundary='reflective')
20:20 INFO    : log10_n0=Uniform(minimum=-6, maximum=3.0, name='log10_n0', latex_label='$\\log_{10}n_0$', unit=None, boundary='reflective')
20:20 INFO    : p=Uniform(minimum=2.01, maximum=3.0, name='p', latex_label='$p$', unit=None, boundary=None)
20:20 INFO    : log10_epsilon_e=Uniform(minimum=-5, maximum=0, name='log10_epsilon_e', latex_label='$\\log_{10}\\epsilon_e$', unit=None, boundary='reflective')
20:20 INFO    : log10_epsilon_B=Uniform(minimum=-10, maximum=0, name='log10_epsilon_B', latex_label='$\\log_{10}\\epsilon_B$', unit=None, boundary='reflective')
20:20 INFO    : Ebv=0.0
20:20 INFO    : Analysis likelihood class: <class 'nmma.em.likelihood.OpticalLightCurve'>
20:20 INFO    : Analysis likelihood noise evidence: 0.0
20:20 INFO    : Analysis priors:
20:20 INFO    : log10_mej_dyn=Uniform(minimum=-3.0, maximum=-1.7, name='log10_mej_dyn', latex_label='$\\log_{10}M^{\\rm{dyn}}_{\\rm{ej}}$', unit=None, boundary=None)
20:20 INFO    : vej_dyn=Uniform(minimum=0.12, maximum=0.25, name='vej_dyn', latex_label='$V^{\\rm{dyn}}_{\\rm{ej}}$', unit=None, boundary=None)
20:20 INFO    : Yedyn=Uniform(minimum=0.15, maximum=0.3, name='Yedyn', latex_label='$Y_{\\rm{edyn}}$', unit=None, boundary=None)
20:20 INFO    : log10_mej_wind=Uniform(minimum=-2.0, maximum=-0.89, name='log10_mej_wind', latex_label='$\\log_{10}M^{\\rm{wind}}_{\\rm{ej}}$', unit=None, boundary=None)
20:20 INFO    : vej_wind=Uniform(minimum=0.03, maximum=0.15, name='vej_wind', latex_label='$V^{\\rm{wind}}_{\\rm{ej}}$', unit=None, boundary=None)
20:20 INFO    : inclination_EM=Sine(minimum=0.0, maximum=1.5707963267948966, name='inclination_EM', latex_label='$\\iota$', unit=None, boundary=None)
20:20 INFO    : luminosity_distance=Uniform(minimum=0.0, maximum=200.0, name='luminosity_distance', latex_label='$D_L$', unit=None, boundary=None)
20:20 INFO    : timeshift=Uniform(minimum=-2.0, maximum=1.0, name='timeshift', latex_label='$t_0$', unit=None, boundary=None)
20:20 INFO    : em_syserr=LogUniform(minimum=0.01, maximum=2.0, name='em_syserr', latex_label='$\\sigma$', unit=None, boundary=None)
20:20 INFO    : log10_E0=Uniform(minimum=47.0, maximum=57.0, name='log10_E0', latex_label='$\\log_{10}E_0$', unit=None, boundary='reflective')
20:20 INFO    : thetaCore=Uniform(minimum=0.01, maximum=0.3141592653589793, name='theta_core', latex_label='$\\theta_c$', unit=None, boundary='reflective')
20:20 INFO    : log10_n0=Uniform(minimum=-6, maximum=3.0, name='log10_n0', latex_label='$\\log_{10}n_0$', unit=None, boundary='reflective')
20:20 INFO    : p=Uniform(minimum=2.01, maximum=3.0, name='p', latex_label='$p$', unit=None, boundary=None)
20:20 INFO    : log10_epsilon_e=Uniform(minimum=-5, maximum=0, name='log10_epsilon_e', latex_label='$\\log_{10}\\epsilon_e$', unit=None, boundary='reflective')
20:20 INFO    : log10_epsilon_B=Uniform(minimum=-10, maximum=0, name='log10_epsilon_B', latex_label='$\\log_{10}\\epsilon_B$', unit=None, boundary='reflective')
20:20 INFO    : Ebv=0.0
20:20 INFO    : Analysis likelihood class: <class 'nmma.em.likelihood.OpticalLightCurve'>
20:20 INFO    : Analysis likelihood noise evidence: 0.0
20:20 INFO    : Analysis priors:
20:20 INFO    : log10_mej_dyn=Uniform(minimum=-3.0, maximum=-1.7, name='log10_mej_dyn', latex_label='$\\log_{10}M^{\\rm{dyn}}_{\\rm{ej}}$', unit=None, boundary=None)
20:20 INFO    : vej_dyn=Uniform(minimum=0.12, maximum=0.25, name='vej_dyn', latex_label='$V^{\\rm{dyn}}_{\\rm{ej}}$', unit=None, boundary=None)
20:20 INFO    : Yedyn=Uniform(minimum=0.15, maximum=0.3, name='Yedyn', latex_label='$Y_{\\rm{edyn}}$', unit=None, boundary=None)
20:20 INFO    : log10_mej_wind=Uniform(minimum=-2.0, maximum=-0.89, name='log10_mej_wind', latex_label='$\\log_{10}M^{\\rm{wind}}_{\\rm{ej}}$', unit=None, boundary=None)
20:20 INFO    : vej_wind=Uniform(minimum=0.03, maximum=0.15, name='vej_wind', latex_label='$V^{\\rm{wind}}_{\\rm{ej}}$', unit=None, boundary=None)
20:20 INFO    : inclination_EM=Sine(minimum=0.0, maximum=1.5707963267948966, name='inclination_EM', latex_label='$\\iota$', unit=None, boundary=None)
20:20 INFO    : luminosity_distance=Uniform(minimum=0.0, maximum=200.0, name='luminosity_distance', latex_label='$D_L$', unit=None, boundary=None)
20:20 INFO    : timeshift=Uniform(minimum=-2.0, maximum=1.0, name='timeshift', latex_label='$t_0$', unit=None, boundary=None)
20:20 INFO    : em_syserr=LogUniform(minimum=0.01, maximum=2.0, name='em_syserr', latex_label='$\\sigma$', unit=None, boundary=None)
20:20 INFO    : log10_E0=Uniform(minimum=47.0, maximum=57.0, name='log10_E0', latex_label='$\\log_{10}E_0$', unit=None, boundary='reflective')
20:20 INFO    : thetaCore=Uniform(minimum=0.01, maximum=0.3141592653589793, name='theta_core', latex_label='$\\theta_c$', unit=None, boundary='reflective')
20:20 INFO    : log10_n0=Uniform(minimum=-6, maximum=3.0, name='log10_n0', latex_label='$\\log_{10}n_0$', unit=None, boundary='reflective')
20:20 INFO    : p=Uniform(minimum=2.01, maximum=3.0, name='p', latex_label='$p$', unit=None, boundary=None)
20:20 INFO    : log10_epsilon_e=Uniform(minimum=-5, maximum=0, name='log10_epsilon_e', latex_label='$\\log_{10}\\epsilon_e$', unit=None, boundary='reflective')
20:20 INFO    : log10_epsilon_B=Uniform(minimum=-10, maximum=0, name='log10_epsilon_B', latex_label='$\\log_{10}\\epsilon_B$', unit=None, boundary='reflective')
20:20 INFO    : Ebv=0.0
20:20 INFO    : Analysis likelihood class: <class 'nmma.em.likelihood.OpticalLightCurve'>
20:20 INFO    : Analysis likelihood noise evidence: 0.0
20:20 INFO    : Analysis priors:
20:20 INFO    : log10_mej_dyn=Uniform(minimum=-3.0, maximum=-1.7, name='log10_mej_dyn', latex_label='$\\log_{10}M^{\\rm{dyn}}_{\\rm{ej}}$', unit=None, boundary=None)
20:20 INFO    : vej_dyn=Uniform(minimum=0.12, maximum=0.25, name='vej_dyn', latex_label='$V^{\\rm{dyn}}_{\\rm{ej}}$', unit=None, boundary=None)
20:20 INFO    : Yedyn=Uniform(minimum=0.15, maximum=0.3, name='Yedyn', latex_label='$Y_{\\rm{edyn}}$', unit=None, boundary=None)
20:20 INFO    : log10_mej_wind=Uniform(minimum=-2.0, maximum=-0.89, name='log10_mej_wind', latex_label='$\\log_{10}M^{\\rm{wind}}_{\\rm{ej}}$', unit=None, boundary=None)
20:20 INFO    : vej_wind=Uniform(minimum=0.03, maximum=0.15, name='vej_wind', latex_label='$V^{\\rm{wind}}_{\\rm{ej}}$', unit=None, boundary=None)
20:20 INFO    : inclination_EM=Sine(minimum=0.0, maximum=1.5707963267948966, name='inclination_EM', latex_label='$\\iota$', unit=None, boundary=None)
20:20 INFO    : luminosity_distance=Uniform(minimum=0.0, maximum=200.0, name='luminosity_distance', latex_label='$D_L$', unit=None, boundary=None)
20:20 INFO    : timeshift=Uniform(minimum=-2.0, maximum=1.0, name='timeshift', latex_label='$t_0$', unit=None, boundary=None)
20:20 INFO    : em_syserr=LogUniform(minimum=0.01, maximum=2.0, name='em_syserr', latex_label='$\\sigma$', unit=None, boundary=None)
20:20 INFO    : log10_E0=Uniform(minimum=47.0, maximum=57.0, name='log10_E0', latex_label='$\\log_{10}E_0$', unit=None, boundary='reflective')
20:20 INFO    : thetaCore=Uniform(minimum=0.01, maximum=0.3141592653589793, name='theta_core', latex_label='$\\theta_c$', unit=None, boundary='reflective')
20:20 INFO    : log10_n0=Uniform(minimum=-6, maximum=3.0, name='log10_n0', latex_label='$\\log_{10}n_0$', unit=None, boundary='reflective')
20:20 INFO    : p=Uniform(minimum=2.01, maximum=3.0, name='p', latex_label='$p$', unit=None, boundary=None)
20:20 INFO    : log10_epsilon_e=Uniform(minimum=-5, maximum=0, name='log10_epsilon_e', latex_label='$\\log_{10}\\epsilon_e$', unit=None, boundary='reflective')
20:20 INFO    : log10_epsilon_B=Uniform(minimum=-10, maximum=0, name='log10_epsilon_B', latex_label='$\\log_{10}\\epsilon_B$', unit=None, boundary='reflective')
20:20 INFO    : Ebv=0.0
20:20 INFO    : Analysis likelihood class: <class 'nmma.em.likelihood.OpticalLightCurve'>
20:20 INFO    : Analysis likelihood noise evidence: 0.0
20:20 INFO    : Analysis priors:
20:20 INFO    : log10_mej_dyn=Uniform(minimum=-3.0, maximum=-1.7, name='log10_mej_dyn', latex_label='$\\log_{10}M^{\\rm{dyn}}_{\\rm{ej}}$', unit=None, boundary=None)
20:20 INFO    : vej_dyn=Uniform(minimum=0.12, maximum=0.25, name='vej_dyn', latex_label='$V^{\\rm{dyn}}_{\\rm{ej}}$', unit=None, boundary=None)
20:20 INFO    : Yedyn=Uniform(minimum=0.15, maximum=0.3, name='Yedyn', latex_label='$Y_{\\rm{edyn}}$', unit=None, boundary=None)
20:20 INFO    : log10_mej_wind=Uniform(minimum=-2.0, maximum=-0.89, name='log10_mej_wind', latex_label='$\\log_{10}M^{\\rm{wind}}_{\\rm{ej}}$', unit=None, boundary=None)
20:20 INFO    : vej_wind=Uniform(minimum=0.03, maximum=0.15, name='vej_wind', latex_label='$V^{\\rm{wind}}_{\\rm{ej}}$', unit=None, boundary=None)
20:20 INFO    : inclination_EM=Sine(minimum=0.0, maximum=1.5707963267948966, name='inclination_EM', latex_label='$\\iota$', unit=None, boundary=None)
20:20 INFO    : luminosity_distance=Uniform(minimum=0.0, maximum=200.0, name='luminosity_distance', latex_label='$D_L$', unit=None, boundary=None)
20:20 INFO    : timeshift=Uniform(minimum=-2.0, maximum=1.0, name='timeshift', latex_label='$t_0$', unit=None, boundary=None)
20:20 INFO    : em_syserr=LogUniform(minimum=0.01, maximum=2.0, name='em_syserr', latex_label='$\\sigma$', unit=None, boundary=None)
20:20 INFO    : log10_E0=Uniform(minimum=47.0, maximum=57.0, name='log10_E0', latex_label='$\\log_{10}E_0$', unit=None, boundary='reflective')
20:20 INFO    : thetaCore=Uniform(minimum=0.01, maximum=0.3141592653589793, name='theta_core', latex_label='$\\theta_c$', unit=None, boundary='reflective')
20:20 INFO    : log10_n0=Uniform(minimum=-6, maximum=3.0, name='log10_n0', latex_label='$\\log_{10}n_0$', unit=None, boundary='reflective')
20:20 INFO    : p=Uniform(minimum=2.01, maximum=3.0, name='p', latex_label='$p$', unit=None, boundary=None)
20:20 INFO    : log10_epsilon_e=Uniform(minimum=-5, maximum=0, name='log10_epsilon_e', latex_label='$\\log_{10}\\epsilon_e$', unit=None, boundary='reflective')
20:20 INFO    : log10_epsilon_B=Uniform(minimum=-10, maximum=0, name='log10_epsilon_B', latex_label='$\\log_{10}\\epsilon_B$', unit=None, boundary='reflective')
20:20 INFO    : Ebv=0.0
20:20 INFO    : Analysis likelihood class: <class 'nmma.em.likelihood.OpticalLightCurve'>
20:20 INFO    : Analysis likelihood noise evidence: 0.0
20:20 INFO    : Analysis priors:
20:20 INFO    : log10_mej_dyn=Uniform(minimum=-3.0, maximum=-1.7, name='log10_mej_dyn', latex_label='$\\log_{10}M^{\\rm{dyn}}_{\\rm{ej}}$', unit=None, boundary=None)
20:20 INFO    : vej_dyn=Uniform(minimum=0.12, maximum=0.25, name='vej_dyn', latex_label='$V^{\\rm{dyn}}_{\\rm{ej}}$', unit=None, boundary=None)
20:20 INFO    : Yedyn=Uniform(minimum=0.15, maximum=0.3, name='Yedyn', latex_label='$Y_{\\rm{edyn}}$', unit=None, boundary=None)
20:20 INFO    : log10_mej_wind=Uniform(minimum=-2.0, maximum=-0.89, name='log10_mej_wind', latex_label='$\\log_{10}M^{\\rm{wind}}_{\\rm{ej}}$', unit=None, boundary=None)
20:20 INFO    : vej_wind=Uniform(minimum=0.03, maximum=0.15, name='vej_wind', latex_label='$V^{\\rm{wind}}_{\\rm{ej}}$', unit=None, boundary=None)
20:20 INFO    : inclination_EM=Sine(minimum=0.0, maximum=1.5707963267948966, name='inclination_EM', latex_label='$\\iota$', unit=None, boundary=None)
20:20 INFO    : luminosity_distance=Uniform(minimum=0.0, maximum=200.0, name='luminosity_distance', latex_label='$D_L$', unit=None, boundary=None)
20:20 INFO    : timeshift=Uniform(minimum=-2.0, maximum=1.0, name='timeshift', latex_label='$t_0$', unit=None, boundary=None)
20:20 INFO    : em_syserr=LogUniform(minimum=0.01, maximum=2.0, name='em_syserr', latex_label='$\\sigma$', unit=None, boundary=None)
20:20 INFO    : log10_E0=Uniform(minimum=47.0, maximum=57.0, name='log10_E0', latex_label='$\\log_{10}E_0$', unit=None, boundary='reflective')
20:20 INFO    : thetaCore=Uniform(minimum=0.01, maximum=0.3141592653589793, name='theta_core', latex_label='$\\theta_c$', unit=None, boundary='reflective')
20:20 INFO    : log10_n0=Uniform(minimum=-6, maximum=3.0, name='log10_n0', latex_label='$\\log_{10}n_0$', unit=None, boundary='reflective')
20:20 INFO    : p=Uniform(minimum=2.01, maximum=3.0, name='p', latex_label='$p$', unit=None, boundary=None)
20:20 INFO    : log10_epsilon_e=Uniform(minimum=-5, maximum=0, name='log10_epsilon_e', latex_label='$\\log_{10}\\epsilon_e$', unit=None, boundary='reflective')
20:20 INFO    : log10_epsilon_B=Uniform(minimum=-10, maximum=0, name='log10_epsilon_B', latex_label='$\\log_{10}\\epsilon_B$', unit=None, boundary='reflective')
20:20 INFO    : Ebv=0.0
20:20 INFO    : Analysis likelihood class: <class 'nmma.em.likelihood.OpticalLightCurve'>
20:20 INFO    : Analysis likelihood noise evidence: 0.0
20:20 INFO    : Analysis priors:
20:20 INFO    : log10_mej_dyn=Uniform(minimum=-3.0, maximum=-1.7, name='log10_mej_dyn', latex_label='$\\log_{10}M^{\\rm{dyn}}_{\\rm{ej}}$', unit=None, boundary=None)
20:20 INFO    : vej_dyn=Uniform(minimum=0.12, maximum=0.25, name='vej_dyn', latex_label='$V^{\\rm{dyn}}_{\\rm{ej}}$', unit=None, boundary=None)
20:20 INFO    : Yedyn=Uniform(minimum=0.15, maximum=0.3, name='Yedyn', latex_label='$Y_{\\rm{edyn}}$', unit=None, boundary=None)
20:20 INFO    : log10_mej_wind=Uniform(minimum=-2.0, maximum=-0.89, name='log10_mej_wind', latex_label='$\\log_{10}M^{\\rm{wind}}_{\\rm{ej}}$', unit=None, boundary=None)
20:20 INFO    : vej_wind=Uniform(minimum=0.03, maximum=0.15, name='vej_wind', latex_label='$V^{\\rm{wind}}_{\\rm{ej}}$', unit=None, boundary=None)
20:20 INFO    : inclination_EM=Sine(minimum=0.0, maximum=1.5707963267948966, name='inclination_EM', latex_label='$\\iota$', unit=None, boundary=None)
20:20 INFO    : luminosity_distance=Uniform(minimum=0.0, maximum=200.0, name='luminosity_distance', latex_label='$D_L$', unit=None, boundary=None)
20:20 INFO    : timeshift=Uniform(minimum=-2.0, maximum=1.0, name='timeshift', latex_label='$t_0$', unit=None, boundary=None)
20:20 INFO    : em_syserr=LogUniform(minimum=0.01, maximum=2.0, name='em_syserr', latex_label='$\\sigma$', unit=None, boundary=None)
20:20 INFO    : log10_E0=Uniform(minimum=47.0, maximum=57.0, name='log10_E0', latex_label='$\\log_{10}E_0$', unit=None, boundary='reflective')
20:20 INFO    : thetaCore=Uniform(minimum=0.01, maximum=0.3141592653589793, name='theta_core', latex_label='$\\theta_c$', unit=None, boundary='reflective')
20:20 INFO    : log10_n0=Uniform(minimum=-6, maximum=3.0, name='log10_n0', latex_label='$\\log_{10}n_0$', unit=None, boundary='reflective')
20:20 INFO    : p=Uniform(minimum=2.01, maximum=3.0, name='p', latex_label='$p$', unit=None, boundary=None)
20:20 INFO    : log10_epsilon_e=Uniform(minimum=-5, maximum=0, name='log10_epsilon_e', latex_label='$\\log_{10}\\epsilon_e$', unit=None, boundary='reflective')
20:20 INFO    : log10_epsilon_B=Uniform(minimum=-10, maximum=0, name='log10_epsilon_B', latex_label='$\\log_{10}\\epsilon_B$', unit=None, boundary='reflective')
20:20 INFO    : Ebv=0.0
20:20 INFO    : Analysis likelihood class: <class 'nmma.em.likelihood.OpticalLightCurve'>
20:20 INFO    : Analysis likelihood noise evidence: 0.0
20:20 INFO    : Analysis priors:
20:20 INFO    : log10_mej_dyn=Uniform(minimum=-3.0, maximum=-1.7, name='log10_mej_dyn', latex_label='$\\log_{10}M^{\\rm{dyn}}_{\\rm{ej}}$', unit=None, boundary=None)
20:20 INFO    : vej_dyn=Uniform(minimum=0.12, maximum=0.25, name='vej_dyn', latex_label='$V^{\\rm{dyn}}_{\\rm{ej}}$', unit=None, boundary=None)
20:20 INFO    : Yedyn=Uniform(minimum=0.15, maximum=0.3, name='Yedyn', latex_label='$Y_{\\rm{edyn}}$', unit=None, boundary=None)
20:20 INFO    : log10_mej_wind=Uniform(minimum=-2.0, maximum=-0.89, name='log10_mej_wind', latex_label='$\\log_{10}M^{\\rm{wind}}_{\\rm{ej}}$', unit=None, boundary=None)
20:20 INFO    : vej_wind=Uniform(minimum=0.03, maximum=0.15, name='vej_wind', latex_label='$V^{\\rm{wind}}_{\\rm{ej}}$', unit=None, boundary=None)
20:20 INFO    : inclination_EM=Sine(minimum=0.0, maximum=1.5707963267948966, name='inclination_EM', latex_label='$\\iota$', unit=None, boundary=None)
20:20 INFO    : luminosity_distance=Uniform(minimum=0.0, maximum=200.0, name='luminosity_distance', latex_label='$D_L$', unit=None, boundary=None)
20:20 INFO    : timeshift=Uniform(minimum=-2.0, maximum=1.0, name='timeshift', latex_label='$t_0$', unit=None, boundary=None)
20:20 INFO    : em_syserr=LogUniform(minimum=0.01, maximum=2.0, name='em_syserr', latex_label='$\\sigma$', unit=None, boundary=None)
20:20 INFO    : log10_E0=Uniform(minimum=47.0, maximum=57.0, name='log10_E0', latex_label='$\\log_{10}E_0$', unit=None, boundary='reflective')
20:20 INFO    : thetaCore=Uniform(minimum=0.01, maximum=0.3141592653589793, name='theta_core', latex_label='$\\theta_c$', unit=None, boundary='reflective')
20:20 INFO    : log10_n0=Uniform(minimum=-6, maximum=3.0, name='log10_n0', latex_label='$\\log_{10}n_0$', unit=None, boundary='reflective')
20:20 INFO    : p=Uniform(minimum=2.01, maximum=3.0, name='p', latex_label='$p$', unit=None, boundary=None)
20:20 INFO    : log10_epsilon_e=Uniform(minimum=-5, maximum=0, name='log10_epsilon_e', latex_label='$\\log_{10}\\epsilon_e$', unit=None, boundary='reflective')
20:20 INFO    : log10_epsilon_B=Uniform(minimum=-10, maximum=0, name='log10_epsilon_B', latex_label='$\\log_{10}\\epsilon_B$', unit=None, boundary='reflective')
20:20 INFO    : Ebv=0.0
20:20 INFO    : Analysis likelihood class: <class 'nmma.em.likelihood.OpticalLightCurve'>
20:20 INFO    : Analysis likelihood noise evidence: 0.0
20:20 INFO    : Analysis priors:
20:20 INFO    : log10_mej_dyn=Uniform(minimum=-3.0, maximum=-1.7, name='log10_mej_dyn', latex_label='$\\log_{10}M^{\\rm{dyn}}_{\\rm{ej}}$', unit=None, boundary=None)
20:20 INFO    : vej_dyn=Uniform(minimum=0.12, maximum=0.25, name='vej_dyn', latex_label='$V^{\\rm{dyn}}_{\\rm{ej}}$', unit=None, boundary=None)
20:20 INFO    : Yedyn=Uniform(minimum=0.15, maximum=0.3, name='Yedyn', latex_label='$Y_{\\rm{edyn}}$', unit=None, boundary=None)
20:20 INFO    : log10_mej_wind=Uniform(minimum=-2.0, maximum=-0.89, name='log10_mej_wind', latex_label='$\\log_{10}M^{\\rm{wind}}_{\\rm{ej}}$', unit=None, boundary=None)
20:20 INFO    : vej_wind=Uniform(minimum=0.03, maximum=0.15, name='vej_wind', latex_label='$V^{\\rm{wind}}_{\\rm{ej}}$', unit=None, boundary=None)
20:20 INFO    : inclination_EM=Sine(minimum=0.0, maximum=1.5707963267948966, name='inclination_EM', latex_label='$\\iota$', unit=None, boundary=None)
20:20 INFO    : luminosity_distance=Uniform(minimum=0.0, maximum=200.0, name='luminosity_distance', latex_label='$D_L$', unit=None, boundary=None)
20:20 INFO    : timeshift=Uniform(minimum=-2.0, maximum=1.0, name='timeshift', latex_label='$t_0$', unit=None, boundary=None)
20:20 INFO    : em_syserr=LogUniform(minimum=0.01, maximum=2.0, name='em_syserr', latex_label='$\\sigma$', unit=None, boundary=None)
20:20 INFO    : log10_E0=Uniform(minimum=47.0, maximum=57.0, name='log10_E0', latex_label='$\\log_{10}E_0$', unit=None, boundary='reflective')
20:20 INFO    : thetaCore=Uniform(minimum=0.01, maximum=0.3141592653589793, name='theta_core', latex_label='$\\theta_c$', unit=None, boundary='reflective')
20:20 INFO    : log10_n0=Uniform(minimum=-6, maximum=3.0, name='log10_n0', latex_label='$\\log_{10}n_0$', unit=None, boundary='reflective')
20:20 INFO    : p=Uniform(minimum=2.01, maximum=3.0, name='p', latex_label='$p$', unit=None, boundary=None)
20:20 INFO    : log10_epsilon_e=Uniform(minimum=-5, maximum=0, name='log10_epsilon_e', latex_label='$\\log_{10}\\epsilon_e$', unit=None, boundary='reflective')
20:20 INFO    : log10_epsilon_B=Uniform(minimum=-10, maximum=0, name='log10_epsilon_B', latex_label='$\\log_{10}\\epsilon_B$', unit=None, boundary='reflective')
20:20 INFO    : Ebv=0.0
20:20 INFO    : Analysis likelihood class: <class 'nmma.em.likelihood.OpticalLightCurve'>
20:20 INFO    : Analysis likelihood noise evidence: 0.0
20:20 INFO    : Analysis priors:
20:20 INFO    : log10_mej_dyn=Uniform(minimum=-3.0, maximum=-1.7, name='log10_mej_dyn', latex_label='$\\log_{10}M^{\\rm{dyn}}_{\\rm{ej}}$', unit=None, boundary=None)
20:20 INFO    : vej_dyn=Uniform(minimum=0.12, maximum=0.25, name='vej_dyn', latex_label='$V^{\\rm{dyn}}_{\\rm{ej}}$', unit=None, boundary=None)
20:20 INFO    : Yedyn=Uniform(minimum=0.15, maximum=0.3, name='Yedyn', latex_label='$Y_{\\rm{edyn}}$', unit=None, boundary=None)
20:20 INFO    : log10_mej_wind=Uniform(minimum=-2.0, maximum=-0.89, name='log10_mej_wind', latex_label='$\\log_{10}M^{\\rm{wind}}_{\\rm{ej}}$', unit=None, boundary=None)
20:20 INFO    : vej_wind=Uniform(minimum=0.03, maximum=0.15, name='vej_wind', latex_label='$V^{\\rm{wind}}_{\\rm{ej}}$', unit=None, boundary=None)
20:20 INFO    : inclination_EM=Sine(minimum=0.0, maximum=1.5707963267948966, name='inclination_EM', latex_label='$\\iota$', unit=None, boundary=None)
20:20 INFO    : luminosity_distance=Uniform(minimum=0.0, maximum=200.0, name='luminosity_distance', latex_label='$D_L$', unit=None, boundary=None)
20:20 INFO    : timeshift=Uniform(minimum=-2.0, maximum=1.0, name='timeshift', latex_label='$t_0$', unit=None, boundary=None)
20:20 INFO    : em_syserr=LogUniform(minimum=0.01, maximum=2.0, name='em_syserr', latex_label='$\\sigma$', unit=None, boundary=None)
20:20 INFO    : log10_E0=Uniform(minimum=47.0, maximum=57.0, name='log10_E0', latex_label='$\\log_{10}E_0$', unit=None, boundary='reflective')
20:20 INFO    : thetaCore=Uniform(minimum=0.01, maximum=0.3141592653589793, name='theta_core', latex_label='$\\theta_c$', unit=None, boundary='reflective')
20:20 INFO    : log10_n0=Uniform(minimum=-6, maximum=3.0, name='log10_n0', latex_label='$\\log_{10}n_0$', unit=None, boundary='reflective')
20:20 INFO    : p=Uniform(minimum=2.01, maximum=3.0, name='p', latex_label='$p$', unit=None, boundary=None)
20:20 INFO    : log10_epsilon_e=Uniform(minimum=-5, maximum=0, name='log10_epsilon_e', latex_label='$\\log_{10}\\epsilon_e$', unit=None, boundary='reflective')
20:20 INFO    : log10_epsilon_B=Uniform(minimum=-10, maximum=0, name='log10_epsilon_B', latex_label='$\\log_{10}\\epsilon_B$', unit=None, boundary='reflective')
20:20 INFO    : Ebv=0.0
20:20 INFO    : Analysis likelihood class: <class 'nmma.em.likelihood.OpticalLightCurve'>
20:20 INFO    : Analysis likelihood noise evidence: 0.0
20:20 INFO    : Analysis priors:
20:20 INFO    : log10_mej_dyn=Uniform(minimum=-3.0, maximum=-1.7, name='log10_mej_dyn', latex_label='$\\log_{10}M^{\\rm{dyn}}_{\\rm{ej}}$', unit=None, boundary=None)
20:20 INFO    : vej_dyn=Uniform(minimum=0.12, maximum=0.25, name='vej_dyn', latex_label='$V^{\\rm{dyn}}_{\\rm{ej}}$', unit=None, boundary=None)
20:20 INFO    : Yedyn=Uniform(minimum=0.15, maximum=0.3, name='Yedyn', latex_label='$Y_{\\rm{edyn}}$', unit=None, boundary=None)
20:20 INFO    : log10_mej_wind=Uniform(minimum=-2.0, maximum=-0.89, name='log10_mej_wind', latex_label='$\\log_{10}M^{\\rm{wind}}_{\\rm{ej}}$', unit=None, boundary=None)
20:20 INFO    : vej_wind=Uniform(minimum=0.03, maximum=0.15, name='vej_wind', latex_label='$V^{\\rm{wind}}_{\\rm{ej}}$', unit=None, boundary=None)
20:20 INFO    : inclination_EM=Sine(minimum=0.0, maximum=1.5707963267948966, name='inclination_EM', latex_label='$\\iota$', unit=None, boundary=None)
20:20 INFO    : luminosity_distance=Uniform(minimum=0.0, maximum=200.0, name='luminosity_distance', latex_label='$D_L$', unit=None, boundary=None)
20:20 INFO    : timeshift=Uniform(minimum=-2.0, maximum=1.0, name='timeshift', latex_label='$t_0$', unit=None, boundary=None)
20:20 INFO    : em_syserr=LogUniform(minimum=0.01, maximum=2.0, name='em_syserr', latex_label='$\\sigma$', unit=None, boundary=None)
20:20 INFO    : log10_E0=Uniform(minimum=47.0, maximum=57.0, name='log10_E0', latex_label='$\\log_{10}E_0$', unit=None, boundary='reflective')
20:20 INFO    : thetaCore=Uniform(minimum=0.01, maximum=0.3141592653589793, name='theta_core', latex_label='$\\theta_c$', unit=None, boundary='reflective')
20:20 INFO    : log10_n0=Uniform(minimum=-6, maximum=3.0, name='log10_n0', latex_label='$\\log_{10}n_0$', unit=None, boundary='reflective')
20:20 INFO    : p=Uniform(minimum=2.01, maximum=3.0, name='p', latex_label='$p$', unit=None, boundary=None)
20:20 INFO    : log10_epsilon_e=Uniform(minimum=-5, maximum=0, name='log10_epsilon_e', latex_label='$\\log_{10}\\epsilon_e$', unit=None, boundary='reflective')
20:20 INFO    : log10_epsilon_B=Uniform(minimum=-10, maximum=0, name='log10_epsilon_B', latex_label='$\\log_{10}\\epsilon_B$', unit=None, boundary='reflective')
20:20 INFO    : Ebv=0.0
20:20 INFO    : Analysis likelihood class: <class 'nmma.em.likelihood.OpticalLightCurve'>
20:20 INFO    : Analysis likelihood noise evidence: 0.0
20:20 INFO    : Analysis priors:
20:20 INFO    : log10_mej_dyn=Uniform(minimum=-3.0, maximum=-1.7, name='log10_mej_dyn', latex_label='$\\log_{10}M^{\\rm{dyn}}_{\\rm{ej}}$', unit=None, boundary=None)
20:20 INFO    : vej_dyn=Uniform(minimum=0.12, maximum=0.25, name='vej_dyn', latex_label='$V^{\\rm{dyn}}_{\\rm{ej}}$', unit=None, boundary=None)
20:20 INFO    : Yedyn=Uniform(minimum=0.15, maximum=0.3, name='Yedyn', latex_label='$Y_{\\rm{edyn}}$', unit=None, boundary=None)
20:20 INFO    : log10_mej_wind=Uniform(minimum=-2.0, maximum=-0.89, name='log10_mej_wind', latex_label='$\\log_{10}M^{\\rm{wind}}_{\\rm{ej}}$', unit=None, boundary=None)
20:20 INFO    : vej_wind=Uniform(minimum=0.03, maximum=0.15, name='vej_wind', latex_label='$V^{\\rm{wind}}_{\\rm{ej}}$', unit=None, boundary=None)
20:20 INFO    : inclination_EM=Sine(minimum=0.0, maximum=1.5707963267948966, name='inclination_EM', latex_label='$\\iota$', unit=None, boundary=None)
20:20 INFO    : luminosity_distance=Uniform(minimum=0.0, maximum=200.0, name='luminosity_distance', latex_label='$D_L$', unit=None, boundary=None)
20:20 INFO    : timeshift=Uniform(minimum=-2.0, maximum=1.0, name='timeshift', latex_label='$t_0$', unit=None, boundary=None)
20:20 INFO    : em_syserr=LogUniform(minimum=0.01, maximum=2.0, name='em_syserr', latex_label='$\\sigma$', unit=None, boundary=None)
20:20 INFO    : log10_E0=Uniform(minimum=47.0, maximum=57.0, name='log10_E0', latex_label='$\\log_{10}E_0$', unit=None, boundary='reflective')
20:20 INFO    : thetaCore=Uniform(minimum=0.01, maximum=0.3141592653589793, name='theta_core', latex_label='$\\theta_c$', unit=None, boundary='reflective')
20:20 INFO    : log10_n0=Uniform(minimum=-6, maximum=3.0, name='log10_n0', latex_label='$\\log_{10}n_0$', unit=None, boundary='reflective')
20:20 INFO    : p=Uniform(minimum=2.01, maximum=3.0, name='p', latex_label='$p$', unit=None, boundary=None)
20:20 INFO    : log10_epsilon_e=Uniform(minimum=-5, maximum=0, name='log10_epsilon_e', latex_label='$\\log_{10}\\epsilon_e$', unit=None, boundary='reflective')
20:20 INFO    : log10_epsilon_B=Uniform(minimum=-10, maximum=0, name='log10_epsilon_B', latex_label='$\\log_{10}\\epsilon_B$', unit=None, boundary='reflective')
20:20 INFO    : Ebv=0.0
20:20 INFO    : Analysis likelihood class: <class 'nmma.em.likelihood.OpticalLightCurve'>
20:20 INFO    : Analysis likelihood noise evidence: 0.0
20:20 INFO    : Analysis priors:
20:20 INFO    : log10_mej_dyn=Uniform(minimum=-3.0, maximum=-1.7, name='log10_mej_dyn', latex_label='$\\log_{10}M^{\\rm{dyn}}_{\\rm{ej}}$', unit=None, boundary=None)
20:20 INFO    : vej_dyn=Uniform(minimum=0.12, maximum=0.25, name='vej_dyn', latex_label='$V^{\\rm{dyn}}_{\\rm{ej}}$', unit=None, boundary=None)
20:20 INFO    : Yedyn=Uniform(minimum=0.15, maximum=0.3, name='Yedyn', latex_label='$Y_{\\rm{edyn}}$', unit=None, boundary=None)
20:20 INFO    : log10_mej_wind=Uniform(minimum=-2.0, maximum=-0.89, name='log10_mej_wind', latex_label='$\\log_{10}M^{\\rm{wind}}_{\\rm{ej}}$', unit=None, boundary=None)
20:20 INFO    : vej_wind=Uniform(minimum=0.03, maximum=0.15, name='vej_wind', latex_label='$V^{\\rm{wind}}_{\\rm{ej}}$', unit=None, boundary=None)
20:20 INFO    : inclination_EM=Sine(minimum=0.0, maximum=1.5707963267948966, name='inclination_EM', latex_label='$\\iota$', unit=None, boundary=None)
20:20 INFO    : luminosity_distance=Uniform(minimum=0.0, maximum=200.0, name='luminosity_distance', latex_label='$D_L$', unit=None, boundary=None)
20:20 INFO    : timeshift=Uniform(minimum=-2.0, maximum=1.0, name='timeshift', latex_label='$t_0$', unit=None, boundary=None)
20:20 INFO    : em_syserr=LogUniform(minimum=0.01, maximum=2.0, name='em_syserr', latex_label='$\\sigma$', unit=None, boundary=None)
20:20 INFO    : log10_E0=Uniform(minimum=47.0, maximum=57.0, name='log10_E0', latex_label='$\\log_{10}E_0$', unit=None, boundary='reflective')
20:20 INFO    : thetaCore=Uniform(minimum=0.01, maximum=0.3141592653589793, name='theta_core', latex_label='$\\theta_c$', unit=None, boundary='reflective')
20:20 INFO    : log10_n0=Uniform(minimum=-6, maximum=3.0, name='log10_n0', latex_label='$\\log_{10}n_0$', unit=None, boundary='reflective')
20:20 INFO    : p=Uniform(minimum=2.01, maximum=3.0, name='p', latex_label='$p$', unit=None, boundary=None)
20:20 INFO    : log10_epsilon_e=Uniform(minimum=-5, maximum=0, name='log10_epsilon_e', latex_label='$\\log_{10}\\epsilon_e$', unit=None, boundary='reflective')
20:20 INFO    : log10_epsilon_B=Uniform(minimum=-10, maximum=0, name='log10_epsilon_B', latex_label='$\\log_{10}\\epsilon_B$', unit=None, boundary='reflective')
20:20 INFO    : Ebv=0.0
20:20 INFO    : Analysis likelihood class: <class 'nmma.em.likelihood.OpticalLightCurve'>
20:20 INFO    : Analysis priors:
20:20 INFO    : Analysis likelihood noise evidence: 0.0
20:20 INFO    : log10_mej_dyn=Uniform(minimum=-3.0, maximum=-1.7, name='log10_mej_dyn', latex_label='$\\log_{10}M^{\\rm{dyn}}_{\\rm{ej}}$', unit=None, boundary=None)
20:20 INFO    : vej_dyn=Uniform(minimum=0.12, maximum=0.25, name='vej_dyn', latex_label='$V^{\\rm{dyn}}_{\\rm{ej}}$', unit=None, boundary=None)
20:20 INFO    : Yedyn=Uniform(minimum=0.15, maximum=0.3, name='Yedyn', latex_label='$Y_{\\rm{edyn}}$', unit=None, boundary=None)
20:20 INFO    : log10_mej_wind=Uniform(minimum=-2.0, maximum=-0.89, name='log10_mej_wind', latex_label='$\\log_{10}M^{\\rm{wind}}_{\\rm{ej}}$', unit=None, boundary=None)
20:20 INFO    : vej_wind=Uniform(minimum=0.03, maximum=0.15, name='vej_wind', latex_label='$V^{\\rm{wind}}_{\\rm{ej}}$', unit=None, boundary=None)
20:20 INFO    : inclination_EM=Sine(minimum=0.0, maximum=1.5707963267948966, name='inclination_EM', latex_label='$\\iota$', unit=None, boundary=None)
20:20 INFO    : luminosity_distance=Uniform(minimum=0.0, maximum=200.0, name='luminosity_distance', latex_label='$D_L$', unit=None, boundary=None)
20:20 INFO    : timeshift=Uniform(minimum=-2.0, maximum=1.0, name='timeshift', latex_label='$t_0$', unit=None, boundary=None)
20:20 INFO    : em_syserr=LogUniform(minimum=0.01, maximum=2.0, name='em_syserr', latex_label='$\\sigma$', unit=None, boundary=None)
20:20 INFO    : log10_E0=Uniform(minimum=47.0, maximum=57.0, name='log10_E0', latex_label='$\\log_{10}E_0$', unit=None, boundary='reflective')
20:20 INFO    : thetaCore=Uniform(minimum=0.01, maximum=0.3141592653589793, name='theta_core', latex_label='$\\theta_c$', unit=None, boundary='reflective')
20:20 INFO    : log10_n0=Uniform(minimum=-6, maximum=3.0, name='log10_n0', latex_label='$\\log_{10}n_0$', unit=None, boundary='reflective')
20:20 INFO    : p=Uniform(minimum=2.01, maximum=3.0, name='p', latex_label='$p$', unit=None, boundary=None)
20:20 INFO    : log10_epsilon_e=Uniform(minimum=-5, maximum=0, name='log10_epsilon_e', latex_label='$\\log_{10}\\epsilon_e$', unit=None, boundary='reflective')
20:20 INFO    : log10_epsilon_B=Uniform(minimum=-10, maximum=0, name='log10_epsilon_B', latex_label='$\\log_{10}\\epsilon_B$', unit=None, boundary='reflective')
20:20 INFO    : Ebv=0.0
20:20 INFO    : Analysis likelihood class: <class 'nmma.em.likelihood.OpticalLightCurve'>
20:20 INFO    : Analysis likelihood noise evidence: 0.0
20:20 INFO    : Analysis priors:
20:20 INFO    : log10_mej_dyn=Uniform(minimum=-3.0, maximum=-1.7, name='log10_mej_dyn', latex_label='$\\log_{10}M^{\\rm{dyn}}_{\\rm{ej}}$', unit=None, boundary=None)
20:20 INFO    : vej_dyn=Uniform(minimum=0.12, maximum=0.25, name='vej_dyn', latex_label='$V^{\\rm{dyn}}_{\\rm{ej}}$', unit=None, boundary=None)
20:20 INFO    : Yedyn=Uniform(minimum=0.15, maximum=0.3, name='Yedyn', latex_label='$Y_{\\rm{edyn}}$', unit=None, boundary=None)
20:20 INFO    : log10_mej_wind=Uniform(minimum=-2.0, maximum=-0.89, name='log10_mej_wind', latex_label='$\\log_{10}M^{\\rm{wind}}_{\\rm{ej}}$', unit=None, boundary=None)
20:20 INFO    : vej_wind=Uniform(minimum=0.03, maximum=0.15, name='vej_wind', latex_label='$V^{\\rm{wind}}_{\\rm{ej}}$', unit=None, boundary=None)
20:20 INFO    : inclination_EM=Sine(minimum=0.0, maximum=1.5707963267948966, name='inclination_EM', latex_label='$\\iota$', unit=None, boundary=None)
20:20 INFO    : luminosity_distance=Uniform(minimum=0.0, maximum=200.0, name='luminosity_distance', latex_label='$D_L$', unit=None, boundary=None)
20:20 INFO    : timeshift=Uniform(minimum=-2.0, maximum=1.0, name='timeshift', latex_label='$t_0$', unit=None, boundary=None)
20:20 INFO    : em_syserr=LogUniform(minimum=0.01, maximum=2.0, name='em_syserr', latex_label='$\\sigma$', unit=None, boundary=None)
20:20 INFO    : log10_E0=Uniform(minimum=47.0, maximum=57.0, name='log10_E0', latex_label='$\\log_{10}E_0$', unit=None, boundary='reflective')
20:20 INFO    : thetaCore=Uniform(minimum=0.01, maximum=0.3141592653589793, name='theta_core', latex_label='$\\theta_c$', unit=None, boundary='reflective')
20:20 INFO    : log10_n0=Uniform(minimum=-6, maximum=3.0, name='log10_n0', latex_label='$\\log_{10}n_0$', unit=None, boundary='reflective')
20:20 INFO    : p=Uniform(minimum=2.01, maximum=3.0, name='p', latex_label='$p$', unit=None, boundary=None)
20:20 INFO    : log10_epsilon_e=Uniform(minimum=-5, maximum=0, name='log10_epsilon_e', latex_label='$\\log_{10}\\epsilon_e$', unit=None, boundary='reflective')
20:20 INFO    : log10_epsilon_B=Uniform(minimum=-10, maximum=0, name='log10_epsilon_B', latex_label='$\\log_{10}\\epsilon_B$', unit=None, boundary='reflective')
20:20 INFO    : Ebv=0.0
20:20 INFO    : Analysis likelihood class: <class 'nmma.em.likelihood.OpticalLightCurve'>
20:20 INFO    : Analysis likelihood noise evidence: 0.0
20:20 INFO    : Analysis priors:
20:20 INFO    : log10_mej_dyn=Uniform(minimum=-3.0, maximum=-1.7, name='log10_mej_dyn', latex_label='$\\log_{10}M^{\\rm{dyn}}_{\\rm{ej}}$', unit=None, boundary=None)
20:20 INFO    : vej_dyn=Uniform(minimum=0.12, maximum=0.25, name='vej_dyn', latex_label='$V^{\\rm{dyn}}_{\\rm{ej}}$', unit=None, boundary=None)
20:20 INFO    : Yedyn=Uniform(minimum=0.15, maximum=0.3, name='Yedyn', latex_label='$Y_{\\rm{edyn}}$', unit=None, boundary=None)
20:20 INFO    : log10_mej_wind=Uniform(minimum=-2.0, maximum=-0.89, name='log10_mej_wind', latex_label='$\\log_{10}M^{\\rm{wind}}_{\\rm{ej}}$', unit=None, boundary=None)
20:20 INFO    : vej_wind=Uniform(minimum=0.03, maximum=0.15, name='vej_wind', latex_label='$V^{\\rm{wind}}_{\\rm{ej}}$', unit=None, boundary=None)
20:20 INFO    : inclination_EM=Sine(minimum=0.0, maximum=1.5707963267948966, name='inclination_EM', latex_label='$\\iota$', unit=None, boundary=None)
20:20 INFO    : luminosity_distance=Uniform(minimum=0.0, maximum=200.0, name='luminosity_distance', latex_label='$D_L$', unit=None, boundary=None)
20:20 INFO    : timeshift=Uniform(minimum=-2.0, maximum=1.0, name='timeshift', latex_label='$t_0$', unit=None, boundary=None)
20:20 INFO    : em_syserr=LogUniform(minimum=0.01, maximum=2.0, name='em_syserr', latex_label='$\\sigma$', unit=None, boundary=None)
20:20 INFO    : log10_E0=Uniform(minimum=47.0, maximum=57.0, name='log10_E0', latex_label='$\\log_{10}E_0$', unit=None, boundary='reflective')
20:20 INFO    : thetaCore=Uniform(minimum=0.01, maximum=0.3141592653589793, name='theta_core', latex_label='$\\theta_c$', unit=None, boundary='reflective')
20:20 INFO    : log10_n0=Uniform(minimum=-6, maximum=3.0, name='log10_n0', latex_label='$\\log_{10}n_0$', unit=None, boundary='reflective')
20:20 INFO    : p=Uniform(minimum=2.01, maximum=3.0, name='p', latex_label='$p$', unit=None, boundary=None)
20:20 INFO    : log10_epsilon_e=Uniform(minimum=-5, maximum=0, name='log10_epsilon_e', latex_label='$\\log_{10}\\epsilon_e$', unit=None, boundary='reflective')
20:20 INFO    : log10_epsilon_B=Uniform(minimum=-10, maximum=0, name='log10_epsilon_B', latex_label='$\\log_{10}\\epsilon_B$', unit=None, boundary='reflective')
20:20 INFO    : Ebv=0.0
20:20 INFO    : Analysis likelihood class: <class 'nmma.em.likelihood.OpticalLightCurve'>
20:20 INFO    : Analysis likelihood noise evidence: 0.0
20:20 INFO    : Analysis priors:
20:20 INFO    : log10_mej_dyn=Uniform(minimum=-3.0, maximum=-1.7, name='log10_mej_dyn', latex_label='$\\log_{10}M^{\\rm{dyn}}_{\\rm{ej}}$', unit=None, boundary=None)
20:20 INFO    : vej_dyn=Uniform(minimum=0.12, maximum=0.25, name='vej_dyn', latex_label='$V^{\\rm{dyn}}_{\\rm{ej}}$', unit=None, boundary=None)
20:20 INFO    : Yedyn=Uniform(minimum=0.15, maximum=0.3, name='Yedyn', latex_label='$Y_{\\rm{edyn}}$', unit=None, boundary=None)
20:20 INFO    : log10_mej_wind=Uniform(minimum=-2.0, maximum=-0.89, name='log10_mej_wind', latex_label='$\\log_{10}M^{\\rm{wind}}_{\\rm{ej}}$', unit=None, boundary=None)
20:20 INFO    : vej_wind=Uniform(minimum=0.03, maximum=0.15, name='vej_wind', latex_label='$V^{\\rm{wind}}_{\\rm{ej}}$', unit=None, boundary=None)
20:20 INFO    : inclination_EM=Sine(minimum=0.0, maximum=1.5707963267948966, name='inclination_EM', latex_label='$\\iota$', unit=None, boundary=None)
20:20 INFO    : luminosity_distance=Uniform(minimum=0.0, maximum=200.0, name='luminosity_distance', latex_label='$D_L$', unit=None, boundary=None)
20:20 INFO    : timeshift=Uniform(minimum=-2.0, maximum=1.0, name='timeshift', latex_label='$t_0$', unit=None, boundary=None)
20:20 INFO    : em_syserr=LogUniform(minimum=0.01, maximum=2.0, name='em_syserr', latex_label='$\\sigma$', unit=None, boundary=None)
20:20 INFO    : log10_E0=Uniform(minimum=47.0, maximum=57.0, name='log10_E0', latex_label='$\\log_{10}E_0$', unit=None, boundary='reflective')
20:20 INFO    : thetaCore=Uniform(minimum=0.01, maximum=0.3141592653589793, name='theta_core', latex_label='$\\theta_c$', unit=None, boundary='reflective')
20:20 INFO    : log10_n0=Uniform(minimum=-6, maximum=3.0, name='log10_n0', latex_label='$\\log_{10}n_0$', unit=None, boundary='reflective')
20:20 INFO    : p=Uniform(minimum=2.01, maximum=3.0, name='p', latex_label='$p$', unit=None, boundary=None)
20:20 INFO    : log10_epsilon_e=Uniform(minimum=-5, maximum=0, name='log10_epsilon_e', latex_label='$\\log_{10}\\epsilon_e$', unit=None, boundary='reflective')
20:20 INFO    : log10_epsilon_B=Uniform(minimum=-10, maximum=0, name='log10_epsilon_B', latex_label='$\\log_{10}\\epsilon_B$', unit=None, boundary='reflective')
20:20 INFO    : Ebv=0.0
20:20 INFO    : Analysis likelihood class: <class 'nmma.em.likelihood.OpticalLightCurve'>
20:20 INFO    : Analysis likelihood noise evidence: 0.0
20:20 INFO    : Analysis priors:
20:20 INFO    : log10_mej_dyn=Uniform(minimum=-3.0, maximum=-1.7, name='log10_mej_dyn', latex_label='$\\log_{10}M^{\\rm{dyn}}_{\\rm{ej}}$', unit=None, boundary=None)
20:20 INFO    : vej_dyn=Uniform(minimum=0.12, maximum=0.25, name='vej_dyn', latex_label='$V^{\\rm{dyn}}_{\\rm{ej}}$', unit=None, boundary=None)
20:20 INFO    : Yedyn=Uniform(minimum=0.15, maximum=0.3, name='Yedyn', latex_label='$Y_{\\rm{edyn}}$', unit=None, boundary=None)
20:20 INFO    : log10_mej_wind=Uniform(minimum=-2.0, maximum=-0.89, name='log10_mej_wind', latex_label='$\\log_{10}M^{\\rm{wind}}_{\\rm{ej}}$', unit=None, boundary=None)
20:20 INFO    : vej_wind=Uniform(minimum=0.03, maximum=0.15, name='vej_wind', latex_label='$V^{\\rm{wind}}_{\\rm{ej}}$', unit=None, boundary=None)
20:20 INFO    : inclination_EM=Sine(minimum=0.0, maximum=1.5707963267948966, name='inclination_EM', latex_label='$\\iota$', unit=None, boundary=None)
20:20 INFO    : luminosity_distance=Uniform(minimum=0.0, maximum=200.0, name='luminosity_distance', latex_label='$D_L$', unit=None, boundary=None)
20:20 INFO    : timeshift=Uniform(minimum=-2.0, maximum=1.0, name='timeshift', latex_label='$t_0$', unit=None, boundary=None)
20:20 INFO    : em_syserr=LogUniform(minimum=0.01, maximum=2.0, name='em_syserr', latex_label='$\\sigma$', unit=None, boundary=None)
20:20 INFO    : log10_E0=Uniform(minimum=47.0, maximum=57.0, name='log10_E0', latex_label='$\\log_{10}E_0$', unit=None, boundary='reflective')
20:20 INFO    : thetaCore=Uniform(minimum=0.01, maximum=0.3141592653589793, name='theta_core', latex_label='$\\theta_c$', unit=None, boundary='reflective')
20:20 INFO    : log10_n0=Uniform(minimum=-6, maximum=3.0, name='log10_n0', latex_label='$\\log_{10}n_0$', unit=None, boundary='reflective')
20:20 INFO    : p=Uniform(minimum=2.01, maximum=3.0, name='p', latex_label='$p$', unit=None, boundary=None)
20:20 INFO    : log10_epsilon_e=Uniform(minimum=-5, maximum=0, name='log10_epsilon_e', latex_label='$\\log_{10}\\epsilon_e$', unit=None, boundary='reflective')
20:20 INFO    : log10_epsilon_B=Uniform(minimum=-10, maximum=0, name='log10_epsilon_B', latex_label='$\\log_{10}\\epsilon_B$', unit=None, boundary='reflective')
20:20 INFO    : Ebv=0.0
20:20 INFO    : Analysis likelihood class: <class 'nmma.em.likelihood.OpticalLightCurve'>
20:20 INFO    : Analysis likelihood noise evidence: 0.0
20:20 INFO    : Analysis priors:
20:20 INFO    : log10_mej_dyn=Uniform(minimum=-3.0, maximum=-1.7, name='log10_mej_dyn', latex_label='$\\log_{10}M^{\\rm{dyn}}_{\\rm{ej}}$', unit=None, boundary=None)
20:20 INFO    : vej_dyn=Uniform(minimum=0.12, maximum=0.25, name='vej_dyn', latex_label='$V^{\\rm{dyn}}_{\\rm{ej}}$', unit=None, boundary=None)
20:20 INFO    : Yedyn=Uniform(minimum=0.15, maximum=0.3, name='Yedyn', latex_label='$Y_{\\rm{edyn}}$', unit=None, boundary=None)
20:20 INFO    : log10_mej_wind=Uniform(minimum=-2.0, maximum=-0.89, name='log10_mej_wind', latex_label='$\\log_{10}M^{\\rm{wind}}_{\\rm{ej}}$', unit=None, boundary=None)
20:20 INFO    : vej_wind=Uniform(minimum=0.03, maximum=0.15, name='vej_wind', latex_label='$V^{\\rm{wind}}_{\\rm{ej}}$', unit=None, boundary=None)
20:20 INFO    : inclination_EM=Sine(minimum=0.0, maximum=1.5707963267948966, name='inclination_EM', latex_label='$\\iota$', unit=None, boundary=None)
20:20 INFO    : luminosity_distance=Uniform(minimum=0.0, maximum=200.0, name='luminosity_distance', latex_label='$D_L$', unit=None, boundary=None)
20:20 INFO    : timeshift=Uniform(minimum=-2.0, maximum=1.0, name='timeshift', latex_label='$t_0$', unit=None, boundary=None)
20:20 INFO    : em_syserr=LogUniform(minimum=0.01, maximum=2.0, name='em_syserr', latex_label='$\\sigma$', unit=None, boundary=None)
20:20 INFO    : log10_E0=Uniform(minimum=47.0, maximum=57.0, name='log10_E0', latex_label='$\\log_{10}E_0$', unit=None, boundary='reflective')
20:20 INFO    : thetaCore=Uniform(minimum=0.01, maximum=0.3141592653589793, name='theta_core', latex_label='$\\theta_c$', unit=None, boundary='reflective')
20:20 INFO    : log10_n0=Uniform(minimum=-6, maximum=3.0, name='log10_n0', latex_label='$\\log_{10}n_0$', unit=None, boundary='reflective')
20:20 INFO    : p=Uniform(minimum=2.01, maximum=3.0, name='p', latex_label='$p$', unit=None, boundary=None)
20:20 INFO    : log10_epsilon_e=Uniform(minimum=-5, maximum=0, name='log10_epsilon_e', latex_label='$\\log_{10}\\epsilon_e$', unit=None, boundary='reflective')
20:20 INFO    : log10_epsilon_B=Uniform(minimum=-10, maximum=0, name='log10_epsilon_B', latex_label='$\\log_{10}\\epsilon_B$', unit=None, boundary='reflective')
20:20 INFO    : Ebv=0.0
20:20 INFO    : Analysis likelihood class: <class 'nmma.em.likelihood.OpticalLightCurve'>
20:20 INFO    : Analysis likelihood noise evidence: 0.0
20:20 INFO    : Analysis priors:
20:20 INFO    : log10_mej_dyn=Uniform(minimum=-3.0, maximum=-1.7, name='log10_mej_dyn', latex_label='$\\log_{10}M^{\\rm{dyn}}_{\\rm{ej}}$', unit=None, boundary=None)
20:20 INFO    : vej_dyn=Uniform(minimum=0.12, maximum=0.25, name='vej_dyn', latex_label='$V^{\\rm{dyn}}_{\\rm{ej}}$', unit=None, boundary=None)
20:20 INFO    : Yedyn=Uniform(minimum=0.15, maximum=0.3, name='Yedyn', latex_label='$Y_{\\rm{edyn}}$', unit=None, boundary=None)
20:20 INFO    : log10_mej_wind=Uniform(minimum=-2.0, maximum=-0.89, name='log10_mej_wind', latex_label='$\\log_{10}M^{\\rm{wind}}_{\\rm{ej}}$', unit=None, boundary=None)
20:20 INFO    : vej_wind=Uniform(minimum=0.03, maximum=0.15, name='vej_wind', latex_label='$V^{\\rm{wind}}_{\\rm{ej}}$', unit=None, boundary=None)
20:20 INFO    : inclination_EM=Sine(minimum=0.0, maximum=1.5707963267948966, name='inclination_EM', latex_label='$\\iota$', unit=None, boundary=None)
20:20 INFO    : luminosity_distance=Uniform(minimum=0.0, maximum=200.0, name='luminosity_distance', latex_label='$D_L$', unit=None, boundary=None)
20:20 INFO    : timeshift=Uniform(minimum=-2.0, maximum=1.0, name='timeshift', latex_label='$t_0$', unit=None, boundary=None)
20:20 INFO    : em_syserr=LogUniform(minimum=0.01, maximum=2.0, name='em_syserr', latex_label='$\\sigma$', unit=None, boundary=None)
20:20 INFO    : log10_E0=Uniform(minimum=47.0, maximum=57.0, name='log10_E0', latex_label='$\\log_{10}E_0$', unit=None, boundary='reflective')
20:20 INFO    : thetaCore=Uniform(minimum=0.01, maximum=0.3141592653589793, name='theta_core', latex_label='$\\theta_c$', unit=None, boundary='reflective')
20:20 INFO    : log10_n0=Uniform(minimum=-6, maximum=3.0, name='log10_n0', latex_label='$\\log_{10}n_0$', unit=None, boundary='reflective')
20:20 INFO    : p=Uniform(minimum=2.01, maximum=3.0, name='p', latex_label='$p$', unit=None, boundary=None)
20:20 INFO    : log10_epsilon_e=Uniform(minimum=-5, maximum=0, name='log10_epsilon_e', latex_label='$\\log_{10}\\epsilon_e$', unit=None, boundary='reflective')
20:20 INFO    : log10_epsilon_B=Uniform(minimum=-10, maximum=0, name='log10_epsilon_B', latex_label='$\\log_{10}\\epsilon_B$', unit=None, boundary='reflective')
20:20 INFO    : Ebv=0.0
20:20 INFO    : Analysis likelihood class: <class 'nmma.em.likelihood.OpticalLightCurve'>
20:20 INFO    : Analysis likelihood noise evidence: 0.0
20:20 INFO    : Analysis priors:
20:20 INFO    : log10_mej_dyn=Uniform(minimum=-3.0, maximum=-1.7, name='log10_mej_dyn', latex_label='$\\log_{10}M^{\\rm{dyn}}_{\\rm{ej}}$', unit=None, boundary=None)
20:20 INFO    : vej_dyn=Uniform(minimum=0.12, maximum=0.25, name='vej_dyn', latex_label='$V^{\\rm{dyn}}_{\\rm{ej}}$', unit=None, boundary=None)
20:20 INFO    : Yedyn=Uniform(minimum=0.15, maximum=0.3, name='Yedyn', latex_label='$Y_{\\rm{edyn}}$', unit=None, boundary=None)
20:20 INFO    : log10_mej_wind=Uniform(minimum=-2.0, maximum=-0.89, name='log10_mej_wind', latex_label='$\\log_{10}M^{\\rm{wind}}_{\\rm{ej}}$', unit=None, boundary=None)
20:20 INFO    : vej_wind=Uniform(minimum=0.03, maximum=0.15, name='vej_wind', latex_label='$V^{\\rm{wind}}_{\\rm{ej}}$', unit=None, boundary=None)
20:20 INFO    : inclination_EM=Sine(minimum=0.0, maximum=1.5707963267948966, name='inclination_EM', latex_label='$\\iota$', unit=None, boundary=None)
20:20 INFO    : luminosity_distance=Uniform(minimum=0.0, maximum=200.0, name='luminosity_distance', latex_label='$D_L$', unit=None, boundary=None)
20:20 INFO    : timeshift=Uniform(minimum=-2.0, maximum=1.0, name='timeshift', latex_label='$t_0$', unit=None, boundary=None)
20:20 INFO    : em_syserr=LogUniform(minimum=0.01, maximum=2.0, name='em_syserr', latex_label='$\\sigma$', unit=None, boundary=None)
20:20 INFO    : log10_E0=Uniform(minimum=47.0, maximum=57.0, name='log10_E0', latex_label='$\\log_{10}E_0$', unit=None, boundary='reflective')
20:20 INFO    : thetaCore=Uniform(minimum=0.01, maximum=0.3141592653589793, name='theta_core', latex_label='$\\theta_c$', unit=None, boundary='reflective')
20:20 INFO    : log10_n0=Uniform(minimum=-6, maximum=3.0, name='log10_n0', latex_label='$\\log_{10}n_0$', unit=None, boundary='reflective')
20:20 INFO    : p=Uniform(minimum=2.01, maximum=3.0, name='p', latex_label='$p$', unit=None, boundary=None)
20:20 INFO    : log10_epsilon_e=Uniform(minimum=-5, maximum=0, name='log10_epsilon_e', latex_label='$\\log_{10}\\epsilon_e$', unit=None, boundary='reflective')
20:20 INFO    : log10_epsilon_B=Uniform(minimum=-10, maximum=0, name='log10_epsilon_B', latex_label='$\\log_{10}\\epsilon_B$', unit=None, boundary='reflective')
20:20 INFO    : Ebv=0.0
20:20 INFO    : Analysis likelihood class: <class 'nmma.em.likelihood.OpticalLightCurve'>
20:20 INFO    : Analysis likelihood noise evidence: 0.0
20:20 INFO    : Analysis priors:
20:20 INFO    : log10_mej_dyn=Uniform(minimum=-3.0, maximum=-1.7, name='log10_mej_dyn', latex_label='$\\log_{10}M^{\\rm{dyn}}_{\\rm{ej}}$', unit=None, boundary=None)
20:20 INFO    : vej_dyn=Uniform(minimum=0.12, maximum=0.25, name='vej_dyn', latex_label='$V^{\\rm{dyn}}_{\\rm{ej}}$', unit=None, boundary=None)
20:20 INFO    : Yedyn=Uniform(minimum=0.15, maximum=0.3, name='Yedyn', latex_label='$Y_{\\rm{edyn}}$', unit=None, boundary=None)
20:20 INFO    : log10_mej_wind=Uniform(minimum=-2.0, maximum=-0.89, name='log10_mej_wind', latex_label='$\\log_{10}M^{\\rm{wind}}_{\\rm{ej}}$', unit=None, boundary=None)
20:20 INFO    : vej_wind=Uniform(minimum=0.03, maximum=0.15, name='vej_wind', latex_label='$V^{\\rm{wind}}_{\\rm{ej}}$', unit=None, boundary=None)
20:20 INFO    : inclination_EM=Sine(minimum=0.0, maximum=1.5707963267948966, name='inclination_EM', latex_label='$\\iota$', unit=None, boundary=None)
20:20 INFO    : luminosity_distance=Uniform(minimum=0.0, maximum=200.0, name='luminosity_distance', latex_label='$D_L$', unit=None, boundary=None)
20:20 INFO    : timeshift=Uniform(minimum=-2.0, maximum=1.0, name='timeshift', latex_label='$t_0$', unit=None, boundary=None)
20:20 INFO    : em_syserr=LogUniform(minimum=0.01, maximum=2.0, name='em_syserr', latex_label='$\\sigma$', unit=None, boundary=None)
20:20 INFO    : log10_E0=Uniform(minimum=47.0, maximum=57.0, name='log10_E0', latex_label='$\\log_{10}E_0$', unit=None, boundary='reflective')
20:20 INFO    : thetaCore=Uniform(minimum=0.01, maximum=0.3141592653589793, name='theta_core', latex_label='$\\theta_c$', unit=None, boundary='reflective')
20:20 INFO    : log10_n0=Uniform(minimum=-6, maximum=3.0, name='log10_n0', latex_label='$\\log_{10}n_0$', unit=None, boundary='reflective')
20:20 INFO    : p=Uniform(minimum=2.01, maximum=3.0, name='p', latex_label='$p$', unit=None, boundary=None)
20:20 INFO    : log10_epsilon_e=Uniform(minimum=-5, maximum=0, name='log10_epsilon_e', latex_label='$\\log_{10}\\epsilon_e$', unit=None, boundary='reflective')
20:20 INFO    : log10_epsilon_B=Uniform(minimum=-10, maximum=0, name='log10_epsilon_B', latex_label='$\\log_{10}\\epsilon_B$', unit=None, boundary='reflective')
20:20 INFO    : Ebv=0.0
20:20 INFO    : Analysis likelihood class: <class 'nmma.em.likelihood.OpticalLightCurve'>
20:20 INFO    : Analysis likelihood noise evidence: 0.0
20:20 INFO    : Analysis priors:
20:20 INFO    : log10_mej_dyn=Uniform(minimum=-3.0, maximum=-1.7, name='log10_mej_dyn', latex_label='$\\log_{10}M^{\\rm{dyn}}_{\\rm{ej}}$', unit=None, boundary=None)
20:20 INFO    : vej_dyn=Uniform(minimum=0.12, maximum=0.25, name='vej_dyn', latex_label='$V^{\\rm{dyn}}_{\\rm{ej}}$', unit=None, boundary=None)
20:20 INFO    : Yedyn=Uniform(minimum=0.15, maximum=0.3, name='Yedyn', latex_label='$Y_{\\rm{edyn}}$', unit=None, boundary=None)
20:20 INFO    : log10_mej_wind=Uniform(minimum=-2.0, maximum=-0.89, name='log10_mej_wind', latex_label='$\\log_{10}M^{\\rm{wind}}_{\\rm{ej}}$', unit=None, boundary=None)
20:20 INFO    : vej_wind=Uniform(minimum=0.03, maximum=0.15, name='vej_wind', latex_label='$V^{\\rm{wind}}_{\\rm{ej}}$', unit=None, boundary=None)
20:20 INFO    : inclination_EM=Sine(minimum=0.0, maximum=1.5707963267948966, name='inclination_EM', latex_label='$\\iota$', unit=None, boundary=None)
20:20 INFO    : luminosity_distance=Uniform(minimum=0.0, maximum=200.0, name='luminosity_distance', latex_label='$D_L$', unit=None, boundary=None)
20:20 INFO    : timeshift=Uniform(minimum=-2.0, maximum=1.0, name='timeshift', latex_label='$t_0$', unit=None, boundary=None)
20:20 INFO    : em_syserr=LogUniform(minimum=0.01, maximum=2.0, name='em_syserr', latex_label='$\\sigma$', unit=None, boundary=None)
20:20 INFO    : log10_E0=Uniform(minimum=47.0, maximum=57.0, name='log10_E0', latex_label='$\\log_{10}E_0$', unit=None, boundary='reflective')
20:20 INFO    : thetaCore=Uniform(minimum=0.01, maximum=0.3141592653589793, name='theta_core', latex_label='$\\theta_c$', unit=None, boundary='reflective')
20:20 INFO    : log10_n0=Uniform(minimum=-6, maximum=3.0, name='log10_n0', latex_label='$\\log_{10}n_0$', unit=None, boundary='reflective')
20:20 INFO    : p=Uniform(minimum=2.01, maximum=3.0, name='p', latex_label='$p$', unit=None, boundary=None)
20:20 INFO    : log10_epsilon_e=Uniform(minimum=-5, maximum=0, name='log10_epsilon_e', latex_label='$\\log_{10}\\epsilon_e$', unit=None, boundary='reflective')
20:20 INFO    : log10_epsilon_B=Uniform(minimum=-10, maximum=0, name='log10_epsilon_B', latex_label='$\\log_{10}\\epsilon_B$', unit=None, boundary='reflective')
20:20 INFO    : Ebv=0.0
20:20 INFO    : Analysis likelihood class: <class 'nmma.em.likelihood.OpticalLightCurve'>
20:20 INFO    : Analysis likelihood noise evidence: 0.0
20:20 INFO    : Analysis priors:
20:20 INFO    : log10_mej_dyn=Uniform(minimum=-3.0, maximum=-1.7, name='log10_mej_dyn', latex_label='$\\log_{10}M^{\\rm{dyn}}_{\\rm{ej}}$', unit=None, boundary=None)
20:20 INFO    : vej_dyn=Uniform(minimum=0.12, maximum=0.25, name='vej_dyn', latex_label='$V^{\\rm{dyn}}_{\\rm{ej}}$', unit=None, boundary=None)
20:20 INFO    : Yedyn=Uniform(minimum=0.15, maximum=0.3, name='Yedyn', latex_label='$Y_{\\rm{edyn}}$', unit=None, boundary=None)
20:20 INFO    : log10_mej_wind=Uniform(minimum=-2.0, maximum=-0.89, name='log10_mej_wind', latex_label='$\\log_{10}M^{\\rm{wind}}_{\\rm{ej}}$', unit=None, boundary=None)
20:20 INFO    : vej_wind=Uniform(minimum=0.03, maximum=0.15, name='vej_wind', latex_label='$V^{\\rm{wind}}_{\\rm{ej}}$', unit=None, boundary=None)
20:20 INFO    : inclination_EM=Sine(minimum=0.0, maximum=1.5707963267948966, name='inclination_EM', latex_label='$\\iota$', unit=None, boundary=None)
20:20 INFO    : luminosity_distance=Uniform(minimum=0.0, maximum=200.0, name='luminosity_distance', latex_label='$D_L$', unit=None, boundary=None)
20:20 INFO    : timeshift=Uniform(minimum=-2.0, maximum=1.0, name='timeshift', latex_label='$t_0$', unit=None, boundary=None)
20:20 INFO    : em_syserr=LogUniform(minimum=0.01, maximum=2.0, name='em_syserr', latex_label='$\\sigma$', unit=None, boundary=None)
20:20 INFO    : log10_E0=Uniform(minimum=47.0, maximum=57.0, name='log10_E0', latex_label='$\\log_{10}E_0$', unit=None, boundary='reflective')
20:20 INFO    : thetaCore=Uniform(minimum=0.01, maximum=0.3141592653589793, name='theta_core', latex_label='$\\theta_c$', unit=None, boundary='reflective')
20:20 INFO    : log10_n0=Uniform(minimum=-6, maximum=3.0, name='log10_n0', latex_label='$\\log_{10}n_0$', unit=None, boundary='reflective')
20:20 INFO    : p=Uniform(minimum=2.01, maximum=3.0, name='p', latex_label='$p$', unit=None, boundary=None)
20:20 INFO    : log10_epsilon_e=Uniform(minimum=-5, maximum=0, name='log10_epsilon_e', latex_label='$\\log_{10}\\epsilon_e$', unit=None, boundary='reflective')
20:20 INFO    : log10_epsilon_B=Uniform(minimum=-10, maximum=0, name='log10_epsilon_B', latex_label='$\\log_{10}\\epsilon_B$', unit=None, boundary='reflective')
20:20 INFO    : Ebv=0.0
20:20 INFO    : Analysis likelihood class: <class 'nmma.em.likelihood.OpticalLightCurve'>
20:20 INFO    : Analysis likelihood noise evidence: 0.0
