00:37 INFO    : Running for label 'Simu2019lm', output will be saved to 'outdirBNSBu32cores'
00:37 INFO    : Running for label 'Simu2019lm', output will be saved to 'outdirBNSBu32cores'
00:37 INFO    : Running for label 'Simu2019lm', output will be saved to 'outdirBNSBu32cores'
00:37 INFO    : Running for label 'Simu2019lm', output will be saved to 'outdirBNSBu32cores'
00:37 INFO    : Running for label 'Simu2019lm', output will be saved to 'outdirBNSBu32cores'
00:37 INFO    : Running for label 'Simu2019lm', output will be saved to 'outdirBNSBu32cores'
00:37 INFO    : Running for label 'Simu2019lm', output will be saved to 'outdirBNSBu32cores'
00:37 INFO    : Running for label 'Simu2019lm', output will be saved to 'outdirBNSBu32cores'
00:37 INFO    : Running for label 'Simu2019lm', output will be saved to 'outdirBNSBu32cores'
00:37 INFO    : Running for label 'Simu2019lm', output will be saved to 'outdirBNSBu32cores'
00:37 INFO    : Running for label 'Simu2019lm', output will be saved to 'outdirBNSBu32cores'
00:37 INFO    : Running for label 'Simu2019lm', output will be saved to 'outdirBNSBu32cores'
00:37 INFO    : Running for label 'Simu2019lm', output will be saved to 'outdirBNSBu32cores'
00:37 INFO    : Running for label 'Simu2019lm', output will be saved to 'outdirBNSBu32cores'
00:37 INFO    : Running for label 'Simu2019lm', output will be saved to 'outdirBNSBu32cores'
00:37 INFO    : Running for label 'Simu2019lm', output will be saved to 'outdirBNSBu32cores'
00:37 INFO    : Running for label 'Simu2019lm', output will be saved to 'outdirBNSBu32cores'
00:37 INFO    : Running for label 'Simu2019lm', output will be saved to 'outdirBNSBu32cores'
00:37 INFO    : Running for label 'Simu2019lm', output will be saved to 'outdirBNSBu32cores'
00:37 INFO    : Running for label 'Simu2019lm', output will be saved to 'outdirBNSBu32cores'
00:37 INFO    : Running for label 'Simu2019lm', output will be saved to 'outdirBNSBu32cores'
00:37 INFO    : Running for label 'Simu2019lm', output will be saved to 'outdirBNSBu32cores'
00:37 INFO    : Running for label 'Simu2019lm', output will be saved to 'outdirBNSBu32cores'
00:37 INFO    : Running for label 'Simu2019lm', output will be saved to 'outdirBNSBu32cores'
00:37 INFO    : Running for label 'Simu2019lm', output will be saved to 'outdirBNSBu32cores'
00:37 INFO    : Running for label 'Simu2019lm', output will be saved to 'outdirBNSBu32cores'
00:37 INFO    : Running for label 'Simu2019lm', output will be saved to 'outdirBNSBu32cores'
00:37 INFO    : Running for label 'Simu2019lm', output will be saved to 'outdirBNSBu32cores'
00:37 INFO    : Running for label 'Simu2019lm', output will be saved to 'outdirBNSBu32cores'
00:37 INFO    : Running for label 'Simu2019lm', output will be saved to 'outdirBNSBu32cores'
00:37 INFO    : Running for label 'Simu2019lm', output will be saved to 'outdirBNSBu32cores'
00:37 INFO    : Running for label 'Simu2019lm', output will be saved to 'outdirBNSBu32cores'
00:37 INFO    : Analysis priors:
00:37 INFO    : Analysis priors:
00:37 INFO    : Analysis priors:
00:37 INFO    : Analysis priors:
00:37 INFO    : Analysis priors:
00:37 INFO    : Analysis priors:
00:37 INFO    : Analysis priors:
00:37 INFO    : Analysis priors:
00:37 INFO    : Analysis priors:
00:37 INFO    : Analysis priors:
00:37 INFO    : Analysis priors:
00:37 INFO    : Analysis priors:
00:37 INFO    : Analysis priors:
00:37 INFO    : Analysis priors:
00:37 INFO    : Analysis priors:
00:37 INFO    : Analysis priors:
00:37 INFO    : Analysis priors:
00:37 INFO    : Analysis priors:
00:37 INFO    : Analysis priors:
00:37 INFO    : Analysis priors:
00:37 INFO    : Analysis priors:
00:37 INFO    : Analysis priors:
00:37 INFO    : KNphi=Uniform(minimum=15.0, maximum=75.0, name='KNphi', latex_label='$\\Phi$', unit=None, boundary=None)
00:37 INFO    : KNphi=Uniform(minimum=15.0, maximum=75.0, name='KNphi', latex_label='$\\Phi$', unit=None, boundary=None)
00:37 INFO    : KNphi=Uniform(minimum=15.0, maximum=75.0, name='KNphi', latex_label='$\\Phi$', unit=None, boundary=None)
00:37 INFO    : KNphi=Uniform(minimum=15.0, maximum=75.0, name='KNphi', latex_label='$\\Phi$', unit=None, boundary=None)
00:37 INFO    : Analysis priors:
00:37 INFO    : KNphi=Uniform(minimum=15.0, maximum=75.0, name='KNphi', latex_label='$\\Phi$', unit=None, boundary=None)
00:37 INFO    : KNphi=Uniform(minimum=15.0, maximum=75.0, name='KNphi', latex_label='$\\Phi$', unit=None, boundary=None)
00:37 INFO    : KNphi=Uniform(minimum=15.0, maximum=75.0, name='KNphi', latex_label='$\\Phi$', unit=None, boundary=None)
00:37 INFO    : KNphi=Uniform(minimum=15.0, maximum=75.0, name='KNphi', latex_label='$\\Phi$', unit=None, boundary=None)
00:37 INFO    : Analysis priors:
00:37 INFO    : Analysis priors:
00:37 INFO    : Analysis priors:
00:37 INFO    : KNphi=Uniform(minimum=15.0, maximum=75.0, name='KNphi', latex_label='$\\Phi$', unit=None, boundary=None)
00:37 INFO    : KNphi=Uniform(minimum=15.0, maximum=75.0, name='KNphi', latex_label='$\\Phi$', unit=None, boundary=None)
00:37 INFO    : KNphi=Uniform(minimum=15.0, maximum=75.0, name='KNphi', latex_label='$\\Phi$', unit=None, boundary=None)
00:37 INFO    : KNphi=Uniform(minimum=15.0, maximum=75.0, name='KNphi', latex_label='$\\Phi$', unit=None, boundary=None)
00:37 INFO    : KNphi=Uniform(minimum=15.0, maximum=75.0, name='KNphi', latex_label='$\\Phi$', unit=None, boundary=None)
00:37 INFO    : KNphi=Uniform(minimum=15.0, maximum=75.0, name='KNphi', latex_label='$\\Phi$', unit=None, boundary=None)
00:37 INFO    : Analysis priors:
00:37 INFO    : Analysis priors:
00:37 INFO    : log10_mej_dyn=Uniform(minimum=-3.0, maximum=-1.0, name='log10_mej_dyn', latex_label='$\\log_{10}M^{\\rm{dyn}}_{\\rm{ej}}$', unit=None, boundary='reflective')
00:37 INFO    : log10_mej_dyn=Uniform(minimum=-3.0, maximum=-1.0, name='log10_mej_dyn', latex_label='$\\log_{10}M^{\\rm{dyn}}_{\\rm{ej}}$', unit=None, boundary='reflective')
00:37 INFO    : log10_mej_dyn=Uniform(minimum=-3.0, maximum=-1.0, name='log10_mej_dyn', latex_label='$\\log_{10}M^{\\rm{dyn}}_{\\rm{ej}}$', unit=None, boundary='reflective')
00:37 INFO    : KNphi=Uniform(minimum=15.0, maximum=75.0, name='KNphi', latex_label='$\\Phi$', unit=None, boundary=None)
00:37 INFO    : KNphi=Uniform(minimum=15.0, maximum=75.0, name='KNphi', latex_label='$\\Phi$', unit=None, boundary=None)
00:37 INFO    : log10_mej_dyn=Uniform(minimum=-3.0, maximum=-1.0, name='log10_mej_dyn', latex_label='$\\log_{10}M^{\\rm{dyn}}_{\\rm{ej}}$', unit=None, boundary='reflective')
00:37 INFO    : log10_mej_dyn=Uniform(minimum=-3.0, maximum=-1.0, name='log10_mej_dyn', latex_label='$\\log_{10}M^{\\rm{dyn}}_{\\rm{ej}}$', unit=None, boundary='reflective')
00:37 INFO    : log10_mej_dyn=Uniform(minimum=-3.0, maximum=-1.0, name='log10_mej_dyn', latex_label='$\\log_{10}M^{\\rm{dyn}}_{\\rm{ej}}$', unit=None, boundary='reflective')
00:37 INFO    : log10_mej_dyn=Uniform(minimum=-3.0, maximum=-1.0, name='log10_mej_dyn', latex_label='$\\log_{10}M^{\\rm{dyn}}_{\\rm{ej}}$', unit=None, boundary='reflective')
00:37 INFO    : log10_mej_dyn=Uniform(minimum=-3.0, maximum=-1.0, name='log10_mej_dyn', latex_label='$\\log_{10}M^{\\rm{dyn}}_{\\rm{ej}}$', unit=None, boundary='reflective')
00:37 INFO    : log10_mej_dyn=Uniform(minimum=-3.0, maximum=-1.0, name='log10_mej_dyn', latex_label='$\\log_{10}M^{\\rm{dyn}}_{\\rm{ej}}$', unit=None, boundary='reflective')
00:37 INFO    : KNphi=Uniform(minimum=15.0, maximum=75.0, name='KNphi', latex_label='$\\Phi$', unit=None, boundary=None)
00:37 INFO    : Analysis priors:
00:37 INFO    : log10_mej_dyn=Uniform(minimum=-3.0, maximum=-1.0, name='log10_mej_dyn', latex_label='$\\log_{10}M^{\\rm{dyn}}_{\\rm{ej}}$', unit=None, boundary='reflective')
00:37 INFO    : log10_mej_dyn=Uniform(minimum=-3.0, maximum=-1.0, name='log10_mej_dyn', latex_label='$\\log_{10}M^{\\rm{dyn}}_{\\rm{ej}}$', unit=None, boundary='reflective')
00:37 INFO    : KNphi=Uniform(minimum=15.0, maximum=75.0, name='KNphi', latex_label='$\\Phi$', unit=None, boundary=None)
00:37 INFO    : log10_mej_dyn=Uniform(minimum=-3.0, maximum=-1.0, name='log10_mej_dyn', latex_label='$\\log_{10}M^{\\rm{dyn}}_{\\rm{ej}}$', unit=None, boundary='reflective')
00:37 INFO    : KNphi=Uniform(minimum=15.0, maximum=75.0, name='KNphi', latex_label='$\\Phi$', unit=None, boundary=None)
00:37 INFO    : KNphi=Uniform(minimum=15.0, maximum=75.0, name='KNphi', latex_label='$\\Phi$', unit=None, boundary=None)
00:37 INFO    : KNphi=Uniform(minimum=15.0, maximum=75.0, name='KNphi', latex_label='$\\Phi$', unit=None, boundary=None)
00:37 INFO    : KNphi=Uniform(minimum=15.0, maximum=75.0, name='KNphi', latex_label='$\\Phi$', unit=None, boundary=None)
00:37 INFO    : log10_mej_dyn=Uniform(minimum=-3.0, maximum=-1.0, name='log10_mej_dyn', latex_label='$\\log_{10}M^{\\rm{dyn}}_{\\rm{ej}}$', unit=None, boundary='reflective')
00:37 INFO    : log10_mej_wind=Uniform(minimum=-3.0, maximum=-0.5, name='log10_mej_wind', latex_label='$\\log_{10}M^{\\rm{wind}}_{\\rm{ej}}$', unit=None, boundary='reflective')
00:37 INFO    : log10_mej_wind=Uniform(minimum=-3.0, maximum=-0.5, name='log10_mej_wind', latex_label='$\\log_{10}M^{\\rm{wind}}_{\\rm{ej}}$', unit=None, boundary='reflective')
00:37 INFO    : log10_mej_dyn=Uniform(minimum=-3.0, maximum=-1.0, name='log10_mej_dyn', latex_label='$\\log_{10}M^{\\rm{dyn}}_{\\rm{ej}}$', unit=None, boundary='reflective')
00:37 INFO    : log10_mej_wind=Uniform(minimum=-3.0, maximum=-0.5, name='log10_mej_wind', latex_label='$\\log_{10}M^{\\rm{wind}}_{\\rm{ej}}$', unit=None, boundary='reflective')
00:37 INFO    : log10_mej_wind=Uniform(minimum=-3.0, maximum=-0.5, name='log10_mej_wind', latex_label='$\\log_{10}M^{\\rm{wind}}_{\\rm{ej}}$', unit=None, boundary='reflective')
00:37 INFO    : KNphi=Uniform(minimum=15.0, maximum=75.0, name='KNphi', latex_label='$\\Phi$', unit=None, boundary=None)
00:37 INFO    : log10_mej_dyn=Uniform(minimum=-3.0, maximum=-1.0, name='log10_mej_dyn', latex_label='$\\log_{10}M^{\\rm{dyn}}_{\\rm{ej}}$', unit=None, boundary='reflective')
00:37 INFO    : log10_mej_dyn=Uniform(minimum=-3.0, maximum=-1.0, name='log10_mej_dyn', latex_label='$\\log_{10}M^{\\rm{dyn}}_{\\rm{ej}}$', unit=None, boundary='reflective')
00:37 INFO    : log10_mej_wind=Uniform(minimum=-3.0, maximum=-0.5, name='log10_mej_wind', latex_label='$\\log_{10}M^{\\rm{wind}}_{\\rm{ej}}$', unit=None, boundary='reflective')
00:37 INFO    : KNphi=Uniform(minimum=15.0, maximum=75.0, name='KNphi', latex_label='$\\Phi$', unit=None, boundary=None)
00:37 INFO    : KNphi=Uniform(minimum=15.0, maximum=75.0, name='KNphi', latex_label='$\\Phi$', unit=None, boundary=None)
00:37 INFO    : log10_mej_wind=Uniform(minimum=-3.0, maximum=-0.5, name='log10_mej_wind', latex_label='$\\log_{10}M^{\\rm{wind}}_{\\rm{ej}}$', unit=None, boundary='reflective')
00:37 INFO    : log10_mej_wind=Uniform(minimum=-3.0, maximum=-0.5, name='log10_mej_wind', latex_label='$\\log_{10}M^{\\rm{wind}}_{\\rm{ej}}$', unit=None, boundary='reflective')
00:37 INFO    : log10_mej_wind=Uniform(minimum=-3.0, maximum=-0.5, name='log10_mej_wind', latex_label='$\\log_{10}M^{\\rm{wind}}_{\\rm{ej}}$', unit=None, boundary='reflective')
00:37 INFO    : log10_mej_wind=Uniform(minimum=-3.0, maximum=-0.5, name='log10_mej_wind', latex_label='$\\log_{10}M^{\\rm{wind}}_{\\rm{ej}}$', unit=None, boundary='reflective')
00:37 INFO    : KNphi=Uniform(minimum=15.0, maximum=75.0, name='KNphi', latex_label='$\\Phi$', unit=None, boundary=None)
00:37 INFO    : log10_mej_dyn=Uniform(minimum=-3.0, maximum=-1.0, name='log10_mej_dyn', latex_label='$\\log_{10}M^{\\rm{dyn}}_{\\rm{ej}}$', unit=None, boundary='reflective')
00:37 INFO    : log10_mej_wind=Uniform(minimum=-3.0, maximum=-0.5, name='log10_mej_wind', latex_label='$\\log_{10}M^{\\rm{wind}}_{\\rm{ej}}$', unit=None, boundary='reflective')
00:37 INFO    : log10_mej_wind=Uniform(minimum=-3.0, maximum=-0.5, name='log10_mej_wind', latex_label='$\\log_{10}M^{\\rm{wind}}_{\\rm{ej}}$', unit=None, boundary='reflective')
00:37 INFO    : KNphi=Uniform(minimum=15.0, maximum=75.0, name='KNphi', latex_label='$\\Phi$', unit=None, boundary=None)
00:37 INFO    : log10_mej_wind=Uniform(minimum=-3.0, maximum=-0.5, name='log10_mej_wind', latex_label='$\\log_{10}M^{\\rm{wind}}_{\\rm{ej}}$', unit=None, boundary='reflective')
00:37 INFO    : log10_mej_dyn=Uniform(minimum=-3.0, maximum=-1.0, name='log10_mej_dyn', latex_label='$\\log_{10}M^{\\rm{dyn}}_{\\rm{ej}}$', unit=None, boundary='reflective')
00:37 INFO    : KNphi=Uniform(minimum=15.0, maximum=75.0, name='KNphi', latex_label='$\\Phi$', unit=None, boundary=None)
00:37 INFO    : log10_mej_dyn=Uniform(minimum=-3.0, maximum=-1.0, name='log10_mej_dyn', latex_label='$\\log_{10}M^{\\rm{dyn}}_{\\rm{ej}}$', unit=None, boundary='reflective')
00:37 INFO    : log10_mej_wind=Uniform(minimum=-3.0, maximum=-0.5, name='log10_mej_wind', latex_label='$\\log_{10}M^{\\rm{wind}}_{\\rm{ej}}$', unit=None, boundary='reflective')
00:37 INFO    : log10_mej_dyn=Uniform(minimum=-3.0, maximum=-1.0, name='log10_mej_dyn', latex_label='$\\log_{10}M^{\\rm{dyn}}_{\\rm{ej}}$', unit=None, boundary='reflective')
00:37 INFO    : log10_mej_wind=Uniform(minimum=-3.0, maximum=-0.5, name='log10_mej_wind', latex_label='$\\log_{10}M^{\\rm{wind}}_{\\rm{ej}}$', unit=None, boundary='reflective')
00:37 INFO    : log10_mej_dyn=Uniform(minimum=-3.0, maximum=-1.0, name='log10_mej_dyn', latex_label='$\\log_{10}M^{\\rm{dyn}}_{\\rm{ej}}$', unit=None, boundary='reflective')
00:37 INFO    : inclination_EM=Sine(minimum=0.0, maximum=1.5707963267948966, name='inclination_EM', latex_label='$\\iota$', unit=None, boundary=None)
00:37 INFO    : inclination_EM=Sine(minimum=0.0, maximum=1.5707963267948966, name='inclination_EM', latex_label='$\\iota$', unit=None, boundary=None)
00:37 INFO    : log10_mej_dyn=Uniform(minimum=-3.0, maximum=-1.0, name='log10_mej_dyn', latex_label='$\\log_{10}M^{\\rm{dyn}}_{\\rm{ej}}$', unit=None, boundary='reflective')
00:37 INFO    : inclination_EM=Sine(minimum=0.0, maximum=1.5707963267948966, name='inclination_EM', latex_label='$\\iota$', unit=None, boundary=None)
00:37 INFO    : inclination_EM=Sine(minimum=0.0, maximum=1.5707963267948966, name='inclination_EM', latex_label='$\\iota$', unit=None, boundary=None)
00:37 INFO    : log10_mej_wind=Uniform(minimum=-3.0, maximum=-0.5, name='log10_mej_wind', latex_label='$\\log_{10}M^{\\rm{wind}}_{\\rm{ej}}$', unit=None, boundary='reflective')
00:37 INFO    : log10_mej_dyn=Uniform(minimum=-3.0, maximum=-1.0, name='log10_mej_dyn', latex_label='$\\log_{10}M^{\\rm{dyn}}_{\\rm{ej}}$', unit=None, boundary='reflective')
00:37 INFO    : log10_mej_wind=Uniform(minimum=-3.0, maximum=-0.5, name='log10_mej_wind', latex_label='$\\log_{10}M^{\\rm{wind}}_{\\rm{ej}}$', unit=None, boundary='reflective')
00:37 INFO    : log10_mej_dyn=Uniform(minimum=-3.0, maximum=-1.0, name='log10_mej_dyn', latex_label='$\\log_{10}M^{\\rm{dyn}}_{\\rm{ej}}$', unit=None, boundary='reflective')
00:37 INFO    : inclination_EM=Sine(minimum=0.0, maximum=1.5707963267948966, name='inclination_EM', latex_label='$\\iota$', unit=None, boundary=None)
00:37 INFO    : log10_mej_wind=Uniform(minimum=-3.0, maximum=-0.5, name='log10_mej_wind', latex_label='$\\log_{10}M^{\\rm{wind}}_{\\rm{ej}}$', unit=None, boundary='reflective')
00:37 INFO    : log10_mej_dyn=Uniform(minimum=-3.0, maximum=-1.0, name='log10_mej_dyn', latex_label='$\\log_{10}M^{\\rm{dyn}}_{\\rm{ej}}$', unit=None, boundary='reflective')
00:37 INFO    : inclination_EM=Sine(minimum=0.0, maximum=1.5707963267948966, name='inclination_EM', latex_label='$\\iota$', unit=None, boundary=None)
00:37 INFO    : inclination_EM=Sine(minimum=0.0, maximum=1.5707963267948966, name='inclination_EM', latex_label='$\\iota$', unit=None, boundary=None)
00:37 INFO    : inclination_EM=Sine(minimum=0.0, maximum=1.5707963267948966, name='inclination_EM', latex_label='$\\iota$', unit=None, boundary=None)
00:37 INFO    : inclination_EM=Sine(minimum=0.0, maximum=1.5707963267948966, name='inclination_EM', latex_label='$\\iota$', unit=None, boundary=None)
00:37 INFO    : KNphi=Uniform(minimum=15.0, maximum=75.0, name='KNphi', latex_label='$\\Phi$', unit=None, boundary=None)
00:37 INFO    : log10_mej_dyn=Uniform(minimum=-3.0, maximum=-1.0, name='log10_mej_dyn', latex_label='$\\log_{10}M^{\\rm{dyn}}_{\\rm{ej}}$', unit=None, boundary='reflective')
00:37 INFO    : inclination_EM=Sine(minimum=0.0, maximum=1.5707963267948966, name='inclination_EM', latex_label='$\\iota$', unit=None, boundary=None)
00:37 INFO    : log10_mej_dyn=Uniform(minimum=-3.0, maximum=-1.0, name='log10_mej_dyn', latex_label='$\\log_{10}M^{\\rm{dyn}}_{\\rm{ej}}$', unit=None, boundary='reflective')
00:37 INFO    : inclination_EM=Sine(minimum=0.0, maximum=1.5707963267948966, name='inclination_EM', latex_label='$\\iota$', unit=None, boundary=None)
00:37 INFO    : log10_mej_wind=Uniform(minimum=-3.0, maximum=-0.5, name='log10_mej_wind', latex_label='$\\log_{10}M^{\\rm{wind}}_{\\rm{ej}}$', unit=None, boundary='reflective')
00:37 INFO    : log10_mej_wind=Uniform(minimum=-3.0, maximum=-0.5, name='log10_mej_wind', latex_label='$\\log_{10}M^{\\rm{wind}}_{\\rm{ej}}$', unit=None, boundary='reflective')
00:37 INFO    : inclination_EM=Sine(minimum=0.0, maximum=1.5707963267948966, name='inclination_EM', latex_label='$\\iota$', unit=None, boundary=None)
00:37 INFO    : log10_mej_wind=Uniform(minimum=-3.0, maximum=-0.5, name='log10_mej_wind', latex_label='$\\log_{10}M^{\\rm{wind}}_{\\rm{ej}}$', unit=None, boundary='reflective')
00:37 INFO    : inclination_EM=Sine(minimum=0.0, maximum=1.5707963267948966, name='inclination_EM', latex_label='$\\iota$', unit=None, boundary=None)
00:37 INFO    : log10_mej_dyn=Uniform(minimum=-3.0, maximum=-1.0, name='log10_mej_dyn', latex_label='$\\log_{10}M^{\\rm{dyn}}_{\\rm{ej}}$', unit=None, boundary='reflective')
00:37 INFO    : luminosity_distance=LogUniform(minimum=1, maximum=500, name='luminosity_distance', latex_label='$D_L$', unit=None, boundary=None)
00:37 INFO    : log10_mej_wind=Uniform(minimum=-3.0, maximum=-0.5, name='log10_mej_wind', latex_label='$\\log_{10}M^{\\rm{wind}}_{\\rm{ej}}$', unit=None, boundary='reflective')
00:37 INFO    : inclination_EM=Sine(minimum=0.0, maximum=1.5707963267948966, name='inclination_EM', latex_label='$\\iota$', unit=None, boundary=None)
00:37 INFO    : log10_mej_wind=Uniform(minimum=-3.0, maximum=-0.5, name='log10_mej_wind', latex_label='$\\log_{10}M^{\\rm{wind}}_{\\rm{ej}}$', unit=None, boundary='reflective')
00:37 INFO    : Analysis priors:
00:37 INFO    : luminosity_distance=LogUniform(minimum=1, maximum=500, name='luminosity_distance', latex_label='$D_L$', unit=None, boundary=None)
00:37 INFO    : luminosity_distance=LogUniform(minimum=1, maximum=500, name='luminosity_distance', latex_label='$D_L$', unit=None, boundary=None)
00:37 INFO    : log10_mej_wind=Uniform(minimum=-3.0, maximum=-0.5, name='log10_mej_wind', latex_label='$\\log_{10}M^{\\rm{wind}}_{\\rm{ej}}$', unit=None, boundary='reflective')
00:37 INFO    : luminosity_distance=LogUniform(minimum=1, maximum=500, name='luminosity_distance', latex_label='$D_L$', unit=None, boundary=None)
00:37 INFO    : inclination_EM=Sine(minimum=0.0, maximum=1.5707963267948966, name='inclination_EM', latex_label='$\\iota$', unit=None, boundary=None)
00:37 INFO    : log10_mej_wind=Uniform(minimum=-3.0, maximum=-0.5, name='log10_mej_wind', latex_label='$\\log_{10}M^{\\rm{wind}}_{\\rm{ej}}$', unit=None, boundary='reflective')
00:37 INFO    : inclination_EM=Sine(minimum=0.0, maximum=1.5707963267948966, name='inclination_EM', latex_label='$\\iota$', unit=None, boundary=None)
00:37 INFO    : log10_mej_wind=Uniform(minimum=-3.0, maximum=-0.5, name='log10_mej_wind', latex_label='$\\log_{10}M^{\\rm{wind}}_{\\rm{ej}}$', unit=None, boundary='reflective')
00:37 INFO    : timeshift=0.0
00:37 INFO    : luminosity_distance=LogUniform(minimum=1, maximum=500, name='luminosity_distance', latex_label='$D_L$', unit=None, boundary=None)
00:37 INFO    : inclination_EM=Sine(minimum=0.0, maximum=1.5707963267948966, name='inclination_EM', latex_label='$\\iota$', unit=None, boundary=None)
00:37 INFO    : timeshift=0.0
00:37 INFO    : timeshift=0.0
00:37 INFO    : luminosity_distance=LogUniform(minimum=1, maximum=500, name='luminosity_distance', latex_label='$D_L$', unit=None, boundary=None)
00:37 INFO    : luminosity_distance=LogUniform(minimum=1, maximum=500, name='luminosity_distance', latex_label='$D_L$', unit=None, boundary=None)
00:37 INFO    : luminosity_distance=LogUniform(minimum=1, maximum=500, name='luminosity_distance', latex_label='$D_L$', unit=None, boundary=None)
00:37 INFO    : log10_mej_dyn=Uniform(minimum=-3.0, maximum=-1.0, name='log10_mej_dyn', latex_label='$\\log_{10}M^{\\rm{dyn}}_{\\rm{ej}}$', unit=None, boundary='reflective')
00:37 INFO    : log10_mej_wind=Uniform(minimum=-3.0, maximum=-0.5, name='log10_mej_wind', latex_label='$\\log_{10}M^{\\rm{wind}}_{\\rm{ej}}$', unit=None, boundary='reflective')
00:37 INFO    : luminosity_distance=LogUniform(minimum=1, maximum=500, name='luminosity_distance', latex_label='$D_L$', unit=None, boundary=None)
00:37 INFO    : timeshift=0.0
00:37 INFO    : em_syserr=1.0
00:37 INFO    : timeshift=0.0
00:37 INFO    : em_syserr=1.0
00:37 INFO    : em_syserr=1.0
00:37 INFO    : log10_mej_wind=Uniform(minimum=-3.0, maximum=-0.5, name='log10_mej_wind', latex_label='$\\log_{10}M^{\\rm{wind}}_{\\rm{ej}}$', unit=None, boundary='reflective')
00:37 INFO    : luminosity_distance=LogUniform(minimum=1, maximum=500, name='luminosity_distance', latex_label='$D_L$', unit=None, boundary=None)
00:37 INFO    : timeshift=0.0
00:37 INFO    : timeshift=0.0
00:37 INFO    : timeshift=0.0
00:37 INFO    : timeshift=0.0
00:37 INFO    : inclination_EM=Sine(minimum=0.0, maximum=1.5707963267948966, name='inclination_EM', latex_label='$\\iota$', unit=None, boundary=None)
00:37 INFO    : Ebv=0.0
00:37 INFO    : em_syserr=1.0
00:37 INFO    : inclination_EM=Sine(minimum=0.0, maximum=1.5707963267948966, name='inclination_EM', latex_label='$\\iota$', unit=None, boundary=None)
00:37 INFO    : Ebv=0.0
00:37 INFO    : luminosity_distance=LogUniform(minimum=1, maximum=500, name='luminosity_distance', latex_label='$D_L$', unit=None, boundary=None)
00:37 INFO    : em_syserr=1.0
00:37 INFO    : luminosity_distance=LogUniform(minimum=1, maximum=500, name='luminosity_distance', latex_label='$D_L$', unit=None, boundary=None)
00:37 INFO    : inclination_EM=Sine(minimum=0.0, maximum=1.5707963267948966, name='inclination_EM', latex_label='$\\iota$', unit=None, boundary=None)
00:37 INFO    : Ebv=0.0
00:37 INFO    : luminosity_distance=LogUniform(minimum=1, maximum=500, name='luminosity_distance', latex_label='$D_L$', unit=None, boundary=None)
00:37 INFO    : em_syserr=1.0
00:37 INFO    : log10_mej_wind=Uniform(minimum=-3.0, maximum=-0.5, name='log10_mej_wind', latex_label='$\\log_{10}M^{\\rm{wind}}_{\\rm{ej}}$', unit=None, boundary='reflective')
00:37 INFO    : timeshift=0.0
00:37 INFO    : luminosity_distance=LogUniform(minimum=1, maximum=500, name='luminosity_distance', latex_label='$D_L$', unit=None, boundary=None)
00:37 INFO    : em_syserr=1.0
00:37 INFO    : em_syserr=1.0
00:37 INFO    : inclination_EM=Sine(minimum=0.0, maximum=1.5707963267948966, name='inclination_EM', latex_label='$\\iota$', unit=None, boundary=None)
00:37 INFO    : inclination_EM=Sine(minimum=0.0, maximum=1.5707963267948966, name='inclination_EM', latex_label='$\\iota$', unit=None, boundary=None)
00:37 INFO    : em_syserr=1.0
00:37 INFO    : Ebv=0.0
00:37 INFO    : Analysis likelihood class: <class 'nmma.em.likelihood.OpticalLightCurve'>
00:37 INFO    : Analysis likelihood class: <class 'nmma.em.likelihood.OpticalLightCurve'>
00:37 INFO    : Ebv=0.0
00:37 INFO    : inclination_EM=Sine(minimum=0.0, maximum=1.5707963267948966, name='inclination_EM', latex_label='$\\iota$', unit=None, boundary=None)
00:37 INFO    : luminosity_distance=LogUniform(minimum=1, maximum=500, name='luminosity_distance', latex_label='$D_L$', unit=None, boundary=None)
00:37 INFO    : luminosity_distance=LogUniform(minimum=1, maximum=500, name='luminosity_distance', latex_label='$D_L$', unit=None, boundary=None)
00:37 INFO    : inclination_EM=Sine(minimum=0.0, maximum=1.5707963267948966, name='inclination_EM', latex_label='$\\iota$', unit=None, boundary=None)
00:37 INFO    : Ebv=0.0
00:37 INFO    : timeshift=0.0
00:37 INFO    : inclination_EM=Sine(minimum=0.0, maximum=1.5707963267948966, name='inclination_EM', latex_label='$\\iota$', unit=None, boundary=None)
00:37 INFO    : Analysis likelihood class: <class 'nmma.em.likelihood.OpticalLightCurve'>
00:37 INFO    : timeshift=0.0
00:37 INFO    : em_syserr=1.0
00:37 INFO    : Ebv=0.0
00:37 INFO    : luminosity_distance=LogUniform(minimum=1, maximum=500, name='luminosity_distance', latex_label='$D_L$', unit=None, boundary=None)
00:37 INFO    : Ebv=0.0
00:37 INFO    : timeshift=0.0
00:37 INFO    : Ebv=0.0
00:37 INFO    : timeshift=0.0
00:37 INFO    : Analysis likelihood class: <class 'nmma.em.likelihood.OpticalLightCurve'>
00:37 INFO    : Analysis likelihood noise evidence: 0.0
00:37 INFO    : Analysis likelihood noise evidence: 0.0
00:37 INFO    : log10_mej_wind=Uniform(minimum=-3.0, maximum=-0.5, name='log10_mej_wind', latex_label='$\\log_{10}M^{\\rm{wind}}_{\\rm{ej}}$', unit=None, boundary='reflective')
00:37 INFO    : Analysis likelihood class: <class 'nmma.em.likelihood.OpticalLightCurve'>
00:37 INFO    : Analysis likelihood class: <class 'nmma.em.likelihood.OpticalLightCurve'>
00:37 INFO    : timeshift=0.0
00:37 INFO    : em_syserr=1.0
00:37 INFO    : timeshift=0.0
00:37 INFO    : Analysis likelihood class: <class 'nmma.em.likelihood.OpticalLightCurve'>
00:37 INFO    : Ebv=0.0
00:37 INFO    : inclination_EM=Sine(minimum=0.0, maximum=1.5707963267948966, name='inclination_EM', latex_label='$\\iota$', unit=None, boundary=None)
00:37 INFO    : Analysis likelihood noise evidence: 0.0
00:37 INFO    : em_syserr=1.0
00:37 INFO    : Analysis likelihood class: <class 'nmma.em.likelihood.OpticalLightCurve'>
00:37 INFO    : em_syserr=1.0
00:37 INFO    : Analysis likelihood class: <class 'nmma.em.likelihood.OpticalLightCurve'>
00:37 INFO    : inclination_EM=Sine(minimum=0.0, maximum=1.5707963267948966, name='inclination_EM', latex_label='$\\iota$', unit=None, boundary=None)
00:37 INFO    : KNphi=Uniform(minimum=15.0, maximum=75.0, name='KNphi', latex_label='$\\Phi$', unit=None, boundary=None)
00:37 INFO    : timeshift=0.0
00:37 INFO    : luminosity_distance=LogUniform(minimum=1, maximum=500, name='luminosity_distance', latex_label='$D_L$', unit=None, boundary=None)
00:37 INFO    : Analysis likelihood noise evidence: 0.0
00:37 INFO    : em_syserr=1.0
00:37 INFO    : Analysis likelihood noise evidence: 0.0
00:37 INFO    : Analysis likelihood noise evidence: 0.0
00:37 INFO    : Ebv=0.0
00:37 INFO    : em_syserr=1.0
00:37 INFO    : em_syserr=1.0
00:37 INFO    : Analysis likelihood noise evidence: 0.0
00:37 INFO    : luminosity_distance=LogUniform(minimum=1, maximum=500, name='luminosity_distance', latex_label='$D_L$', unit=None, boundary=None)
00:37 INFO    : Analysis likelihood class: <class 'nmma.em.likelihood.OpticalLightCurve'>
00:37 INFO    : Ebv=0.0
00:37 INFO    : Analysis likelihood noise evidence: 0.0
00:37 INFO    : Ebv=0.0
00:37 INFO    : luminosity_distance=LogUniform(minimum=1, maximum=500, name='luminosity_distance', latex_label='$D_L$', unit=None, boundary=None)
00:37 INFO    : Analysis likelihood noise evidence: 0.0
00:37 INFO    : em_syserr=1.0
00:37 INFO    : timeshift=0.0
00:37 INFO    : Ebv=0.0
00:37 INFO    : Ebv=0.0
00:37 INFO    : Analysis likelihood class: <class 'nmma.em.likelihood.OpticalLightCurve'>
00:37 INFO    : Ebv=0.0
00:37 INFO    : inclination_EM=Sine(minimum=0.0, maximum=1.5707963267948966, name='inclination_EM', latex_label='$\\iota$', unit=None, boundary=None)
00:37 INFO    : luminosity_distance=LogUniform(minimum=1, maximum=500, name='luminosity_distance', latex_label='$D_L$', unit=None, boundary=None)
00:37 INFO    : luminosity_distance=LogUniform(minimum=1, maximum=500, name='luminosity_distance', latex_label='$D_L$', unit=None, boundary=None)
00:37 INFO    : luminosity_distance=LogUniform(minimum=1, maximum=500, name='luminosity_distance', latex_label='$D_L$', unit=None, boundary=None)
00:37 INFO    : luminosity_distance=LogUniform(minimum=1, maximum=500, name='luminosity_distance', latex_label='$D_L$', unit=None, boundary=None)
00:37 INFO    : Analysis likelihood noise evidence: 0.0
00:37 INFO    : timeshift=0.0
00:37 INFO    : Analysis likelihood class: <class 'nmma.em.likelihood.OpticalLightCurve'>
00:37 INFO    : Analysis likelihood class: <class 'nmma.em.likelihood.OpticalLightCurve'>
00:37 INFO    : em_syserr=1.0
00:37 INFO    : Ebv=0.0
00:37 INFO    : Analysis likelihood class: <class 'nmma.em.likelihood.OpticalLightCurve'>
00:37 INFO    : timeshift=0.0
00:37 INFO    : luminosity_distance=LogUniform(minimum=1, maximum=500, name='luminosity_distance', latex_label='$D_L$', unit=None, boundary=None)
00:37 INFO    : Analysis likelihood class: <class 'nmma.em.likelihood.OpticalLightCurve'>
00:37 INFO    : Analysis likelihood class: <class 'nmma.em.likelihood.OpticalLightCurve'>
00:37 INFO    : Analysis likelihood noise evidence: 0.0
00:37 INFO    : timeshift=0.0
00:37 INFO    : timeshift=0.0
00:37 INFO    : timeshift=0.0
00:37 INFO    : em_syserr=1.0
00:37 INFO    : inclination_EM=Sine(minimum=0.0, maximum=1.5707963267948966, name='inclination_EM', latex_label='$\\iota$', unit=None, boundary=None)
00:37 INFO    : Analysis likelihood noise evidence: 0.0
00:37 INFO    : timeshift=0.0
00:37 INFO    : Ebv=0.0
00:37 INFO    : Analysis likelihood noise evidence: 0.0
00:37 INFO    : Analysis likelihood class: <class 'nmma.em.likelihood.OpticalLightCurve'>
00:37 INFO    : Analysis likelihood noise evidence: 0.0
00:37 INFO    : em_syserr=1.0
00:37 INFO    : luminosity_distance=LogUniform(minimum=1, maximum=500, name='luminosity_distance', latex_label='$D_L$', unit=None, boundary=None)
00:37 INFO    : Analysis likelihood noise evidence: 0.0
00:37 INFO    : Analysis likelihood noise evidence: 0.0
00:37 INFO    : em_syserr=1.0
00:37 INFO    : timeshift=0.0
00:37 INFO    : luminosity_distance=LogUniform(minimum=1, maximum=500, name='luminosity_distance', latex_label='$D_L$', unit=None, boundary=None)
00:37 INFO    : Ebv=0.0
00:37 INFO    : em_syserr=1.0
00:37 INFO    : em_syserr=1.0
00:37 INFO    : em_syserr=1.0
00:37 INFO    : Analysis likelihood class: <class 'nmma.em.likelihood.OpticalLightCurve'>
00:37 INFO    : log10_mej_dyn=Uniform(minimum=-3.0, maximum=-1.0, name='log10_mej_dyn', latex_label='$\\log_{10}M^{\\rm{dyn}}_{\\rm{ej}}$', unit=None, boundary='reflective')
00:37 INFO    : Analysis likelihood noise evidence: 0.0
00:37 INFO    : Ebv=0.0
00:37 INFO    : Ebv=0.0
00:37 INFO    : timeshift=0.0
00:37 INFO    : Analysis likelihood class: <class 'nmma.em.likelihood.OpticalLightCurve'>
00:37 INFO    : em_syserr=1.0
00:37 INFO    : Ebv=0.0
00:37 INFO    : Ebv=0.0
00:37 INFO    : Ebv=0.0
00:37 INFO    : Analysis likelihood noise evidence: 0.0
00:37 INFO    : timeshift=0.0
00:37 INFO    : luminosity_distance=LogUniform(minimum=1, maximum=500, name='luminosity_distance', latex_label='$D_L$', unit=None, boundary=None)
00:37 INFO    : em_syserr=1.0
00:37 INFO    : Analysis likelihood class: <class 'nmma.em.likelihood.OpticalLightCurve'>
00:37 INFO    : Analysis likelihood class: <class 'nmma.em.likelihood.OpticalLightCurve'>
00:37 INFO    : Analysis likelihood noise evidence: 0.0
00:37 INFO    : Ebv=0.0
00:37 INFO    : Analysis likelihood class: <class 'nmma.em.likelihood.OpticalLightCurve'>
00:37 INFO    : Analysis likelihood class: <class 'nmma.em.likelihood.OpticalLightCurve'>
00:37 INFO    : Analysis likelihood class: <class 'nmma.em.likelihood.OpticalLightCurve'>
00:37 INFO    : em_syserr=1.0
00:37 INFO    : Ebv=0.0
00:37 INFO    : timeshift=0.0
00:37 INFO    : luminosity_distance=LogUniform(minimum=1, maximum=500, name='luminosity_distance', latex_label='$D_L$', unit=None, boundary=None)
00:37 INFO    : Analysis likelihood noise evidence: 0.0
00:37 INFO    : Analysis likelihood noise evidence: 0.0
00:37 INFO    : Analysis likelihood noise evidence: 0.0
00:37 INFO    : Analysis likelihood class: <class 'nmma.em.likelihood.OpticalLightCurve'>
00:37 INFO    : Analysis likelihood noise evidence: 0.0
00:37 INFO    : Ebv=0.0
00:37 INFO    : Analysis likelihood noise evidence: 0.0
00:37 INFO    : Analysis likelihood class: <class 'nmma.em.likelihood.OpticalLightCurve'>
00:37 INFO    : em_syserr=1.0
00:37 INFO    : timeshift=0.0
00:37 INFO    : log10_mej_wind=Uniform(minimum=-3.0, maximum=-0.5, name='log10_mej_wind', latex_label='$\\log_{10}M^{\\rm{wind}}_{\\rm{ej}}$', unit=None, boundary='reflective')
00:37 INFO    : Analysis likelihood noise evidence: 0.0
00:37 INFO    : Analysis likelihood class: <class 'nmma.em.likelihood.OpticalLightCurve'>
00:37 INFO    : Analysis likelihood noise evidence: 0.0
00:37 INFO    : em_syserr=1.0
00:37 INFO    : Ebv=0.0
00:37 INFO    : Ebv=0.0
00:37 INFO    : Analysis likelihood noise evidence: 0.0
00:37 INFO    : Analysis likelihood class: <class 'nmma.em.likelihood.OpticalLightCurve'>
00:37 INFO    : Analysis likelihood class: <class 'nmma.em.likelihood.OpticalLightCurve'>
00:37 INFO    : Analysis likelihood noise evidence: 0.0
00:37 INFO    : Analysis likelihood noise evidence: 0.0
00:37 INFO    : inclination_EM=Sine(minimum=0.0, maximum=1.5707963267948966, name='inclination_EM', latex_label='$\\iota$', unit=None, boundary=None)
00:37 INFO    : Analysis priors:
00:37 INFO    : luminosity_distance=LogUniform(minimum=1, maximum=500, name='luminosity_distance', latex_label='$D_L$', unit=None, boundary=None)
00:37 INFO    : timeshift=0.0
00:37 INFO    : em_syserr=1.0
00:37 INFO    : Ebv=0.0
00:37 INFO    : Analysis likelihood class: <class 'nmma.em.likelihood.OpticalLightCurve'>
00:37 INFO    : Analysis likelihood noise evidence: 0.0
00:37 INFO    : KNphi=Uniform(minimum=15.0, maximum=75.0, name='KNphi', latex_label='$\\Phi$', unit=None, boundary=None)
00:37 INFO    : log10_mej_dyn=Uniform(minimum=-3.0, maximum=-1.0, name='log10_mej_dyn', latex_label='$\\log_{10}M^{\\rm{dyn}}_{\\rm{ej}}$', unit=None, boundary='reflective')
00:37 INFO    : log10_mej_wind=Uniform(minimum=-3.0, maximum=-0.5, name='log10_mej_wind', latex_label='$\\log_{10}M^{\\rm{wind}}_{\\rm{ej}}$', unit=None, boundary='reflective')
00:37 INFO    : inclination_EM=Sine(minimum=0.0, maximum=1.5707963267948966, name='inclination_EM', latex_label='$\\iota$', unit=None, boundary=None)
00:37 INFO    : luminosity_distance=LogUniform(minimum=1, maximum=500, name='luminosity_distance', latex_label='$D_L$', unit=None, boundary=None)
00:37 INFO    : timeshift=0.0
00:37 INFO    : em_syserr=1.0
00:37 INFO    : Ebv=0.0
00:37 INFO    : Analysis likelihood class: <class 'nmma.em.likelihood.OpticalLightCurve'>
00:37 INFO    : Analysis likelihood noise evidence: 0.0
00:37 INFO    : Analysis priors:
00:37 INFO    : KNphi=Uniform(minimum=15.0, maximum=75.0, name='KNphi', latex_label='$\\Phi$', unit=None, boundary=None)
00:37 INFO    : log10_mej_dyn=Uniform(minimum=-3.0, maximum=-1.0, name='log10_mej_dyn', latex_label='$\\log_{10}M^{\\rm{dyn}}_{\\rm{ej}}$', unit=None, boundary='reflective')
00:37 INFO    : log10_mej_wind=Uniform(minimum=-3.0, maximum=-0.5, name='log10_mej_wind', latex_label='$\\log_{10}M^{\\rm{wind}}_{\\rm{ej}}$', unit=None, boundary='reflective')
00:37 INFO    : inclination_EM=Sine(minimum=0.0, maximum=1.5707963267948966, name='inclination_EM', latex_label='$\\iota$', unit=None, boundary=None)
00:37 INFO    : luminosity_distance=LogUniform(minimum=1, maximum=500, name='luminosity_distance', latex_label='$D_L$', unit=None, boundary=None)
00:37 INFO    : timeshift=0.0
00:37 INFO    : em_syserr=1.0
00:37 INFO    : Ebv=0.0
00:37 INFO    : Analysis likelihood class: <class 'nmma.em.likelihood.OpticalLightCurve'>
00:37 INFO    : Analysis likelihood noise evidence: 0.0
00:38 INFO    : Single likelihood evaluation took 3.776e-01 s
00:38 INFO    : Single likelihood evaluation took 3.781e-01 s
00:38 INFO    : Single likelihood evaluation took 3.783e-01 s
00:38 INFO    : Single likelihood evaluation took 3.788e-01 s
00:38 INFO    : Single likelihood evaluation took 3.788e-01 s
00:38 INFO    : Single likelihood evaluation took 3.796e-01 s
00:38 INFO    : Single likelihood evaluation took 3.798e-01 s
00:38 INFO    : Single likelihood evaluation took 3.802e-01 s
00:38 INFO    : Single likelihood evaluation took 3.803e-01 s
00:38 INFO    : Single likelihood evaluation took 3.811e-01 s
00:38 WARNING : Supplied argument 'queue_size' not an argument of 'Pymultinest', removing.
00:38 WARNING : Supplied argument 'check_point_delta_t' not an argument of 'Pymultinest', removing.
00:38 INFO    : Using sampler Pymultinest with kwargs {'importance_nested_sampling': False, 'resume': True, 'verbose': True, 'sampling_efficiency': 'parameter', 'n_live_points': 2048, 'n_params': 5, 'n_clustering_params': None, 'wrapped_params': None, 'multimodal': True, 'const_efficiency_mode': False, 'evidence_tolerance': 0.5, 'n_iter_before_update': 100, 'null_log_evidence': -1e+90, 'max_modes': 100, 'mode_tolerance': -1e+90, 'seed': 42, 'context': 0, 'write_output': True, 'log_zero': -1e+100, 'max_iter': 0, 'init_MPI': False, 'dump_callback': <bound method Pymultinest._dump_callback of <bilby.core.sampler.pymultinest.Pymultinest object at 0x1555017c3eb0>>}
00:38 INFO    : Temporary directory incompatible with MPI, will run in original directory
00:38 INFO    : Using output file outdirBNSBu32cores/pm_Simu2019lm/
00:38 INFO    : Single likelihood evaluation took 3.817e-01 s
00:38 WARNING : Supplied argument 'queue_size' not an argument of 'Pymultinest', removing.
00:38 WARNING : Supplied argument 'check_point_delta_t' not an argument of 'Pymultinest', removing.
00:38 INFO    : Using sampler Pymultinest with kwargs {'importance_nested_sampling': False, 'resume': True, 'verbose': True, 'sampling_efficiency': 'parameter', 'n_live_points': 2048, 'n_params': 5, 'n_clustering_params': None, 'wrapped_params': None, 'multimodal': True, 'const_efficiency_mode': False, 'evidence_tolerance': 0.5, 'n_iter_before_update': 100, 'null_log_evidence': -1e+90, 'max_modes': 100, 'mode_tolerance': -1e+90, 'seed': 42, 'context': 0, 'write_output': True, 'log_zero': -1e+100, 'max_iter': 0, 'init_MPI': False, 'dump_callback': <bound method Pymultinest._dump_callback of <bilby.core.sampler.pymultinest.Pymultinest object at 0x1555017bfe80>>}
00:38 INFO    : Temporary directory incompatible with MPI, will run in original directory
00:38 INFO    : Using output file outdirBNSBu32cores/pm_Simu2019lm/
00:38 WARNING : Supplied argument 'queue_size' not an argument of 'Pymultinest', removing.
00:38 WARNING : Supplied argument 'check_point_delta_t' not an argument of 'Pymultinest', removing.
00:38 INFO    : Using sampler Pymultinest with kwargs {'importance_nested_sampling': False, 'resume': True, 'verbose': True, 'sampling_efficiency': 'parameter', 'n_live_points': 2048, 'n_params': 5, 'n_clustering_params': None, 'wrapped_params': None, 'multimodal': True, 'const_efficiency_mode': False, 'evidence_tolerance': 0.5, 'n_iter_before_update': 100, 'null_log_evidence': -1e+90, 'max_modes': 100, 'mode_tolerance': -1e+90, 'seed': 42, 'context': 0, 'write_output': True, 'log_zero': -1e+100, 'max_iter': 0, 'init_MPI': False, 'dump_callback': <bound method Pymultinest._dump_callback of <bilby.core.sampler.pymultinest.Pymultinest object at 0x1555017c3f40>>}
00:38 INFO    : Single likelihood evaluation took 3.819e-01 s
00:38 INFO    : Single likelihood evaluation took 3.821e-01 s
00:38 INFO    : Temporary directory incompatible with MPI, will run in original directory
00:38 INFO    : Single likelihood evaluation took 3.821e-01 s
00:38 INFO    : Using output file outdirBNSBu32cores/pm_Simu2019lm/
00:38 WARNING : Supplied argument 'queue_size' not an argument of 'Pymultinest', removing.
00:38 WARNING : Supplied argument 'queue_size' not an argument of 'Pymultinest', removing.
00:38 WARNING : Supplied argument 'check_point_delta_t' not an argument of 'Pymultinest', removing.
00:38 WARNING : Supplied argument 'check_point_delta_t' not an argument of 'Pymultinest', removing.
00:38 INFO    : Using sampler Pymultinest with kwargs {'importance_nested_sampling': False, 'resume': True, 'verbose': True, 'sampling_efficiency': 'parameter', 'n_live_points': 2048, 'n_params': 5, 'n_clustering_params': None, 'wrapped_params': None, 'multimodal': True, 'const_efficiency_mode': False, 'evidence_tolerance': 0.5, 'n_iter_before_update': 100, 'null_log_evidence': -1e+90, 'max_modes': 100, 'mode_tolerance': -1e+90, 'seed': 42, 'context': 0, 'write_output': True, 'log_zero': -1e+100, 'max_iter': 0, 'init_MPI': False, 'dump_callback': <bound method Pymultinest._dump_callback of <bilby.core.sampler.pymultinest.Pymultinest object at 0x1555017bfeb0>>}
00:38 INFO    : Using sampler Pymultinest with kwargs {'importance_nested_sampling': False, 'resume': True, 'verbose': True, 'sampling_efficiency': 'parameter', 'n_live_points': 2048, 'n_params': 5, 'n_clustering_params': None, 'wrapped_params': None, 'multimodal': True, 'const_efficiency_mode': False, 'evidence_tolerance': 0.5, 'n_iter_before_update': 100, 'null_log_evidence': -1e+90, 'max_modes': 100, 'mode_tolerance': -1e+90, 'seed': 42, 'context': 0, 'write_output': True, 'log_zero': -1e+100, 'max_iter': 0, 'init_MPI': False, 'dump_callback': <bound method Pymultinest._dump_callback of <bilby.core.sampler.pymultinest.Pymultinest object at 0x1555017bffa0>>}
00:38 INFO    : Temporary directory incompatible with MPI, will run in original directory
00:38 INFO    : Temporary directory incompatible with MPI, will run in original directory
00:38 INFO    : Using output file outdirBNSBu32cores/pm_Simu2019lm/
00:38 INFO    : Using output file outdirBNSBu32cores/pm_Simu2019lm/
00:38 INFO    : Single likelihood evaluation took 3.824e-01 s
00:38 WARNING : Supplied argument 'queue_size' not an argument of 'Pymultinest', removing.
00:38 WARNING : Supplied argument 'check_point_delta_t' not an argument of 'Pymultinest', removing.
00:38 INFO    : Using sampler Pymultinest with kwargs {'importance_nested_sampling': False, 'resume': True, 'verbose': True, 'sampling_efficiency': 'parameter', 'n_live_points': 2048, 'n_params': 5, 'n_clustering_params': None, 'wrapped_params': None, 'multimodal': True, 'const_efficiency_mode': False, 'evidence_tolerance': 0.5, 'n_iter_before_update': 100, 'null_log_evidence': -1e+90, 'max_modes': 100, 'mode_tolerance': -1e+90, 'seed': 42, 'context': 0, 'write_output': True, 'log_zero': -1e+100, 'max_iter': 0, 'init_MPI': False, 'dump_callback': <bound method Pymultinest._dump_callback of <bilby.core.sampler.pymultinest.Pymultinest object at 0x1555021ff670>>}
00:38 INFO    : Temporary directory incompatible with MPI, will run in original directory
00:38 INFO    : Using output file outdirBNSBu32cores/pm_Simu2019lm/
00:38 INFO    : Single likelihood evaluation took 3.829e-01 s
00:38 WARNING : Supplied argument 'queue_size' not an argument of 'Pymultinest', removing.
00:38 WARNING : Supplied argument 'check_point_delta_t' not an argument of 'Pymultinest', removing.
00:38 WARNING : Supplied argument 'queue_size' not an argument of 'Pymultinest', removing.
00:38 WARNING : Supplied argument 'check_point_delta_t' not an argument of 'Pymultinest', removing.
00:38 INFO    : Using sampler Pymultinest with kwargs {'importance_nested_sampling': False, 'resume': True, 'verbose': True, 'sampling_efficiency': 'parameter', 'n_live_points': 2048, 'n_params': 5, 'n_clustering_params': None, 'wrapped_params': None, 'multimodal': True, 'const_efficiency_mode': False, 'evidence_tolerance': 0.5, 'n_iter_before_update': 100, 'null_log_evidence': -1e+90, 'max_modes': 100, 'mode_tolerance': -1e+90, 'seed': 42, 'context': 0, 'write_output': True, 'log_zero': -1e+100, 'max_iter': 0, 'init_MPI': False, 'dump_callback': <bound method Pymultinest._dump_callback of <bilby.core.sampler.pymultinest.Pymultinest object at 0x1555017bbf10>>}
00:38 INFO    : Using sampler Pymultinest with kwargs {'importance_nested_sampling': False, 'resume': True, 'verbose': True, 'sampling_efficiency': 'parameter', 'n_live_points': 2048, 'n_params': 5, 'n_clustering_params': None, 'wrapped_params': None, 'multimodal': True, 'const_efficiency_mode': False, 'evidence_tolerance': 0.5, 'n_iter_before_update': 100, 'null_log_evidence': -1e+90, 'max_modes': 100, 'mode_tolerance': -1e+90, 'seed': 42, 'context': 0, 'write_output': True, 'log_zero': -1e+100, 'max_iter': 0, 'init_MPI': False, 'dump_callback': <bound method Pymultinest._dump_callback of <bilby.core.sampler.pymultinest.Pymultinest object at 0x1555017bbfa0>>}
00:38 INFO    : Temporary directory incompatible with MPI, will run in original directory
00:38 INFO    : Temporary directory incompatible with MPI, will run in original directory
00:38 INFO    : Using output file outdirBNSBu32cores/pm_Simu2019lm/
00:38 INFO    : Using output file outdirBNSBu32cores/pm_Simu2019lm/
00:38 INFO    : Single likelihood evaluation took 3.832e-01 s
00:38 WARNING : Supplied argument 'queue_size' not an argument of 'Pymultinest', removing.
00:38 WARNING : Supplied argument 'check_point_delta_t' not an argument of 'Pymultinest', removing.
00:38 INFO    : Using sampler Pymultinest with kwargs {'importance_nested_sampling': False, 'resume': True, 'verbose': True, 'sampling_efficiency': 'parameter', 'n_live_points': 2048, 'n_params': 5, 'n_clustering_params': None, 'wrapped_params': None, 'multimodal': True, 'const_efficiency_mode': False, 'evidence_tolerance': 0.5, 'n_iter_before_update': 100, 'null_log_evidence': -1e+90, 'max_modes': 100, 'mode_tolerance': -1e+90, 'seed': 42, 'context': 0, 'write_output': True, 'log_zero': -1e+100, 'max_iter': 0, 'init_MPI': False, 'dump_callback': <bound method Pymultinest._dump_callback of <bilby.core.sampler.pymultinest.Pymultinest object at 0x1555017b7ee0>>}
00:38 INFO    : Temporary directory incompatible with MPI, will run in original directory
00:38 INFO    : Using output file outdirBNSBu32cores/pm_Simu2019lm/
00:38 WARNING : Supplied argument 'queue_size' not an argument of 'Pymultinest', removing.
00:38 WARNING : Supplied argument 'check_point_delta_t' not an argument of 'Pymultinest', removing.
00:38 INFO    : Using sampler Pymultinest with kwargs {'importance_nested_sampling': False, 'resume': True, 'verbose': True, 'sampling_efficiency': 'parameter', 'n_live_points': 2048, 'n_params': 5, 'n_clustering_params': None, 'wrapped_params': None, 'multimodal': True, 'const_efficiency_mode': False, 'evidence_tolerance': 0.5, 'n_iter_before_update': 100, 'null_log_evidence': -1e+90, 'max_modes': 100, 'mode_tolerance': -1e+90, 'seed': 42, 'context': 0, 'write_output': True, 'log_zero': -1e+100, 'max_iter': 0, 'init_MPI': False, 'dump_callback': <bound method Pymultinest._dump_callback of <bilby.core.sampler.pymultinest.Pymultinest object at 0x1555017bbfa0>>}
00:38 INFO    : Temporary directory incompatible with MPI, will run in original directory
00:38 INFO    : Using output file outdirBNSBu32cores/pm_Simu2019lm/
00:38 WARNING : Supplied argument 'queue_size' not an argument of 'Pymultinest', removing.
00:38 WARNING : Supplied argument 'check_point_delta_t' not an argument of 'Pymultinest', removing.
00:38 INFO    : Using sampler Pymultinest with kwargs {'importance_nested_sampling': False, 'resume': True, 'verbose': True, 'sampling_efficiency': 'parameter', 'n_live_points': 2048, 'n_params': 5, 'n_clustering_params': None, 'wrapped_params': None, 'multimodal': True, 'const_efficiency_mode': False, 'evidence_tolerance': 0.5, 'n_iter_before_update': 100, 'null_log_evidence': -1e+90, 'max_modes': 100, 'mode_tolerance': -1e+90, 'seed': 42, 'context': 0, 'write_output': True, 'log_zero': -1e+100, 'max_iter': 0, 'init_MPI': False, 'dump_callback': <bound method Pymultinest._dump_callback of <bilby.core.sampler.pymultinest.Pymultinest object at 0x1555017bfeb0>>}
00:38 INFO    : Temporary directory incompatible with MPI, will run in original directory
00:38 INFO    : Using output file outdirBNSBu32cores/pm_Simu2019lm/
00:38 WARNING : Supplied argument 'queue_size' not an argument of 'Pymultinest', removing.
00:38 WARNING : Supplied argument 'check_point_delta_t' not an argument of 'Pymultinest', removing.
00:38 INFO    : Using sampler Pymultinest with kwargs {'importance_nested_sampling': False, 'resume': True, 'verbose': True, 'sampling_efficiency': 'parameter', 'n_live_points': 2048, 'n_params': 5, 'n_clustering_params': None, 'wrapped_params': None, 'multimodal': True, 'const_efficiency_mode': False, 'evidence_tolerance': 0.5, 'n_iter_before_update': 100, 'null_log_evidence': -1e+90, 'max_modes': 100, 'mode_tolerance': -1e+90, 'seed': 42, 'context': 0, 'write_output': True, 'log_zero': -1e+100, 'max_iter': 0, 'init_MPI': False, 'dump_callback': <bound method Pymultinest._dump_callback of <bilby.core.sampler.pymultinest.Pymultinest object at 0x1555017bff70>>}
00:38 INFO    : Temporary directory incompatible with MPI, will run in original directory
00:38 WARNING : Supplied argument 'queue_size' not an argument of 'Pymultinest', removing.
00:38 WARNING : Supplied argument 'check_point_delta_t' not an argument of 'Pymultinest', removing.
00:38 INFO    : Using sampler Pymultinest with kwargs {'importance_nested_sampling': False, 'resume': True, 'verbose': True, 'sampling_efficiency': 'parameter', 'n_live_points': 2048, 'n_params': 5, 'n_clustering_params': None, 'wrapped_params': None, 'multimodal': True, 'const_efficiency_mode': False, 'evidence_tolerance': 0.5, 'n_iter_before_update': 100, 'null_log_evidence': -1e+90, 'max_modes': 100, 'mode_tolerance': -1e+90, 'seed': 42, 'context': 0, 'write_output': True, 'log_zero': -1e+100, 'max_iter': 0, 'init_MPI': False, 'dump_callback': <bound method Pymultinest._dump_callback of <bilby.core.sampler.pymultinest.Pymultinest object at 0x1555017bff40>>}
00:38 INFO    : Using output file outdirBNSBu32cores/pm_Simu2019lm/
00:38 INFO    : Temporary directory incompatible with MPI, will run in original directory
00:38 INFO    : Using output file outdirBNSBu32cores/pm_Simu2019lm/
00:38 WARNING : Supplied argument 'queue_size' not an argument of 'Pymultinest', removing.
00:38 WARNING : Supplied argument 'check_point_delta_t' not an argument of 'Pymultinest', removing.
00:38 INFO    : Using sampler Pymultinest with kwargs {'importance_nested_sampling': False, 'resume': True, 'verbose': True, 'sampling_efficiency': 'parameter', 'n_live_points': 2048, 'n_params': 5, 'n_clustering_params': None, 'wrapped_params': None, 'multimodal': True, 'const_efficiency_mode': False, 'evidence_tolerance': 0.5, 'n_iter_before_update': 100, 'null_log_evidence': -1e+90, 'max_modes': 100, 'mode_tolerance': -1e+90, 'seed': 42, 'context': 0, 'write_output': True, 'log_zero': -1e+100, 'max_iter': 0, 'init_MPI': False, 'dump_callback': <bound method Pymultinest._dump_callback of <bilby.core.sampler.pymultinest.Pymultinest object at 0x1555017bbf40>>}
00:38 INFO    : Temporary directory incompatible with MPI, will run in original directory
00:38 INFO    : Using output file outdirBNSBu32cores/pm_Simu2019lm/
00:38 WARNING : Supplied argument 'queue_size' not an argument of 'Pymultinest', removing.
00:38 WARNING : Supplied argument 'check_point_delta_t' not an argument of 'Pymultinest', removing.
00:38 INFO    : Using sampler Pymultinest with kwargs {'importance_nested_sampling': False, 'resume': True, 'verbose': True, 'sampling_efficiency': 'parameter', 'n_live_points': 2048, 'n_params': 5, 'n_clustering_params': None, 'wrapped_params': None, 'multimodal': True, 'const_efficiency_mode': False, 'evidence_tolerance': 0.5, 'n_iter_before_update': 100, 'null_log_evidence': -1e+90, 'max_modes': 100, 'mode_tolerance': -1e+90, 'seed': 42, 'context': 0, 'write_output': True, 'log_zero': -1e+100, 'max_iter': 0, 'init_MPI': False, 'dump_callback': <bound method Pymultinest._dump_callback of <bilby.core.sampler.pymultinest.Pymultinest object at 0x1555017bff70>>}
00:38 INFO    : Temporary directory incompatible with MPI, will run in original directory
00:38 INFO    : Using output file outdirBNSBu32cores/pm_Simu2019lm/
00:38 WARNING : Supplied argument 'queue_size' not an argument of 'Pymultinest', removing.
00:38 WARNING : Supplied argument 'check_point_delta_t' not an argument of 'Pymultinest', removing.
00:38 INFO    : Using sampler Pymultinest with kwargs {'importance_nested_sampling': False, 'resume': True, 'verbose': True, 'sampling_efficiency': 'parameter', 'n_live_points': 2048, 'n_params': 5, 'n_clustering_params': None, 'wrapped_params': None, 'multimodal': True, 'const_efficiency_mode': False, 'evidence_tolerance': 0.5, 'n_iter_before_update': 100, 'null_log_evidence': -1e+90, 'max_modes': 100, 'mode_tolerance': -1e+90, 'seed': 42, 'context': 0, 'write_output': True, 'log_zero': -1e+100, 'max_iter': 0, 'init_MPI': False, 'dump_callback': <bound method Pymultinest._dump_callback of <bilby.core.sampler.pymultinest.Pymultinest object at 0x1555017bbf40>>}
00:38 INFO    : Temporary directory incompatible with MPI, will run in original directory
00:38 INFO    : Using output file outdirBNSBu32cores/pm_Simu2019lm/
00:38 INFO    : Single likelihood evaluation took 3.847e-01 s
00:38 INFO    : Single likelihood evaluation took 3.848e-01 s
00:38 INFO    : Single likelihood evaluation took 3.852e-01 s
00:38 INFO    : Single likelihood evaluation took 3.856e-01 s
00:38 WARNING : Supplied argument 'queue_size' not an argument of 'Pymultinest', removing.
00:38 WARNING : Supplied argument 'check_point_delta_t' not an argument of 'Pymultinest', removing.
00:38 INFO    : Using sampler Pymultinest with kwargs {'importance_nested_sampling': False, 'resume': True, 'verbose': True, 'sampling_efficiency': 'parameter', 'n_live_points': 2048, 'n_params': 5, 'n_clustering_params': None, 'wrapped_params': None, 'multimodal': True, 'const_efficiency_mode': False, 'evidence_tolerance': 0.5, 'n_iter_before_update': 100, 'null_log_evidence': -1e+90, 'max_modes': 100, 'mode_tolerance': -1e+90, 'seed': 42, 'context': 0, 'write_output': True, 'log_zero': -1e+100, 'max_iter': 0, 'init_MPI': False, 'dump_callback': <bound method Pymultinest._dump_callback of <bilby.core.sampler.pymultinest.Pymultinest object at 0x1555017bff70>>}
00:38 INFO    : Temporary directory incompatible with MPI, will run in original directory
00:38 INFO    : Using output file outdirBNSBu32cores/pm_Simu2019lm/
00:38 INFO    : Single likelihood evaluation took 3.869e-01 s
00:38 INFO    : Single likelihood evaluation took 3.869e-01 s
00:38 INFO    : Single likelihood evaluation took 3.870e-01 s
00:38 INFO    : Single likelihood evaluation took 3.881e-01 s
00:38 WARNING : Supplied argument 'queue_size' not an argument of 'Pymultinest', removing.
00:38 WARNING : Supplied argument 'check_point_delta_t' not an argument of 'Pymultinest', removing.
00:38 INFO    : Using sampler Pymultinest with kwargs {'importance_nested_sampling': False, 'resume': True, 'verbose': True, 'sampling_efficiency': 'parameter', 'n_live_points': 2048, 'n_params': 5, 'n_clustering_params': None, 'wrapped_params': None, 'multimodal': True, 'const_efficiency_mode': False, 'evidence_tolerance': 0.5, 'n_iter_before_update': 100, 'null_log_evidence': -1e+90, 'max_modes': 100, 'mode_tolerance': -1e+90, 'seed': 42, 'context': 0, 'write_output': True, 'log_zero': -1e+100, 'max_iter': 0, 'init_MPI': False, 'dump_callback': <bound method Pymultinest._dump_callback of <bilby.core.sampler.pymultinest.Pymultinest object at 0x1555017bff70>>}
00:38 INFO    : Temporary directory incompatible with MPI, will run in original directory
00:38 INFO    : Using output file outdirBNSBu32cores/pm_Simu2019lm/
00:38 WARNING : Supplied argument 'queue_size' not an argument of 'Pymultinest', removing.
00:38 WARNING : Supplied argument 'check_point_delta_t' not an argument of 'Pymultinest', removing.
00:38 INFO    : Using sampler Pymultinest with kwargs {'importance_nested_sampling': False, 'resume': True, 'verbose': True, 'sampling_efficiency': 'parameter', 'n_live_points': 2048, 'n_params': 5, 'n_clustering_params': None, 'wrapped_params': None, 'multimodal': True, 'const_efficiency_mode': False, 'evidence_tolerance': 0.5, 'n_iter_before_update': 100, 'null_log_evidence': -1e+90, 'max_modes': 100, 'mode_tolerance': -1e+90, 'seed': 42, 'context': 0, 'write_output': True, 'log_zero': -1e+100, 'max_iter': 0, 'init_MPI': False, 'dump_callback': <bound method Pymultinest._dump_callback of <bilby.core.sampler.pymultinest.Pymultinest object at 0x1555017bbf70>>}
00:38 INFO    : Temporary directory incompatible with MPI, will run in original directory
00:38 INFO    : Using output file outdirBNSBu32cores/pm_Simu2019lm/
00:38 WARNING : Supplied argument 'queue_size' not an argument of 'Pymultinest', removing.
00:38 WARNING : Supplied argument 'check_point_delta_t' not an argument of 'Pymultinest', removing.
00:38 INFO    : Using sampler Pymultinest with kwargs {'importance_nested_sampling': False, 'resume': True, 'verbose': True, 'sampling_efficiency': 'parameter', 'n_live_points': 2048, 'n_params': 5, 'n_clustering_params': None, 'wrapped_params': None, 'multimodal': True, 'const_efficiency_mode': False, 'evidence_tolerance': 0.5, 'n_iter_before_update': 100, 'null_log_evidence': -1e+90, 'max_modes': 100, 'mode_tolerance': -1e+90, 'seed': 42, 'context': 0, 'write_output': True, 'log_zero': -1e+100, 'max_iter': 0, 'init_MPI': False, 'dump_callback': <bound method Pymultinest._dump_callback of <bilby.core.sampler.pymultinest.Pymultinest object at 0x1555017bbee0>>}
00:38 INFO    : Temporary directory incompatible with MPI, will run in original directory
00:38 INFO    : Using output file outdirBNSBu32cores/pm_Simu2019lm/
00:38 WARNING : Supplied argument 'queue_size' not an argument of 'Pymultinest', removing.
00:38 WARNING : Supplied argument 'check_point_delta_t' not an argument of 'Pymultinest', removing.
00:38 INFO    : Using sampler Pymultinest with kwargs {'importance_nested_sampling': False, 'resume': True, 'verbose': True, 'sampling_efficiency': 'parameter', 'n_live_points': 2048, 'n_params': 5, 'n_clustering_params': None, 'wrapped_params': None, 'multimodal': True, 'const_efficiency_mode': False, 'evidence_tolerance': 0.5, 'n_iter_before_update': 100, 'null_log_evidence': -1e+90, 'max_modes': 100, 'mode_tolerance': -1e+90, 'seed': 42, 'context': 0, 'write_output': True, 'log_zero': -1e+100, 'max_iter': 0, 'init_MPI': False, 'dump_callback': <bound method Pymultinest._dump_callback of <bilby.core.sampler.pymultinest.Pymultinest object at 0x1555017bbe80>>}
00:38 INFO    : Temporary directory incompatible with MPI, will run in original directory
00:38 INFO    : Using output file outdirBNSBu32cores/pm_Simu2019lm/
00:38 INFO    : Single likelihood evaluation took 3.889e-01 s
00:38 WARNING : Supplied argument 'queue_size' not an argument of 'Pymultinest', removing.
00:38 WARNING : Supplied argument 'queue_size' not an argument of 'Pymultinest', removing.
00:38 WARNING : Supplied argument 'check_point_delta_t' not an argument of 'Pymultinest', removing.
00:38 WARNING : Supplied argument 'check_point_delta_t' not an argument of 'Pymultinest', removing.
00:38 INFO    : Using sampler Pymultinest with kwargs {'importance_nested_sampling': False, 'resume': True, 'verbose': True, 'sampling_efficiency': 'parameter', 'n_live_points': 2048, 'n_params': 5, 'n_clustering_params': None, 'wrapped_params': None, 'multimodal': True, 'const_efficiency_mode': False, 'evidence_tolerance': 0.5, 'n_iter_before_update': 100, 'null_log_evidence': -1e+90, 'max_modes': 100, 'mode_tolerance': -1e+90, 'seed': 42, 'context': 0, 'write_output': True, 'log_zero': -1e+100, 'max_iter': 0, 'init_MPI': False, 'dump_callback': <bound method Pymultinest._dump_callback of <bilby.core.sampler.pymultinest.Pymultinest object at 0x1555017bbf10>>}
00:38 INFO    : Using sampler Pymultinest with kwargs {'importance_nested_sampling': False, 'resume': True, 'verbose': True, 'sampling_efficiency': 'parameter', 'n_live_points': 2048, 'n_params': 5, 'n_clustering_params': None, 'wrapped_params': None, 'multimodal': True, 'const_efficiency_mode': False, 'evidence_tolerance': 0.5, 'n_iter_before_update': 100, 'null_log_evidence': -1e+90, 'max_modes': 100, 'mode_tolerance': -1e+90, 'seed': 42, 'context': 0, 'write_output': True, 'log_zero': -1e+100, 'max_iter': 0, 'init_MPI': False, 'dump_callback': <bound method Pymultinest._dump_callback of <bilby.core.sampler.pymultinest.Pymultinest object at 0x1555017bfee0>>}
00:38 INFO    : Temporary directory incompatible with MPI, will run in original directory
00:38 INFO    : Temporary directory incompatible with MPI, will run in original directory
00:38 INFO    : Using output file outdirBNSBu32cores/pm_Simu2019lm/
00:38 INFO    : Using output file outdirBNSBu32cores/pm_Simu2019lm/
00:38 WARNING : Supplied argument 'queue_size' not an argument of 'Pymultinest', removing.
00:38 WARNING : Supplied argument 'check_point_delta_t' not an argument of 'Pymultinest', removing.
00:38 INFO    : Using sampler Pymultinest with kwargs {'importance_nested_sampling': False, 'resume': True, 'verbose': True, 'sampling_efficiency': 'parameter', 'n_live_points': 2048, 'n_params': 5, 'n_clustering_params': None, 'wrapped_params': None, 'multimodal': True, 'const_efficiency_mode': False, 'evidence_tolerance': 0.5, 'n_iter_before_update': 100, 'null_log_evidence': -1e+90, 'max_modes': 100, 'mode_tolerance': -1e+90, 'seed': 42, 'context': 0, 'write_output': True, 'log_zero': -1e+100, 'max_iter': 0, 'init_MPI': False, 'dump_callback': <bound method Pymultinest._dump_callback of <bilby.core.sampler.pymultinest.Pymultinest object at 0x1555017bbfa0>>}
00:38 INFO    : Temporary directory incompatible with MPI, will run in original directory
00:38 INFO    : Using output file outdirBNSBu32cores/pm_Simu2019lm/
00:38 INFO    : Single likelihood evaluation took 3.894e-01 s
00:38 INFO    : Single likelihood evaluation took 3.896e-01 s
00:38 INFO    : Single likelihood evaluation took 3.896e-01 s
00:38 INFO    : Single likelihood evaluation took 3.899e-01 s
00:38 INFO    : Single likelihood evaluation took 3.900e-01 s
00:38 INFO    : Single likelihood evaluation took 3.901e-01 s
00:38 WARNING : Supplied argument 'queue_size' not an argument of 'Pymultinest', removing.
00:38 WARNING : Supplied argument 'check_point_delta_t' not an argument of 'Pymultinest', removing.
00:38 INFO    : Using sampler Pymultinest with kwargs {'importance_nested_sampling': False, 'resume': True, 'verbose': True, 'sampling_efficiency': 'parameter', 'n_live_points': 2048, 'n_params': 5, 'n_clustering_params': None, 'wrapped_params': None, 'multimodal': True, 'const_efficiency_mode': False, 'evidence_tolerance': 0.5, 'n_iter_before_update': 100, 'null_log_evidence': -1e+90, 'max_modes': 100, 'mode_tolerance': -1e+90, 'seed': 42, 'context': 0, 'write_output': True, 'log_zero': -1e+100, 'max_iter': 0, 'init_MPI': False, 'dump_callback': <bound method Pymultinest._dump_callback of <bilby.core.sampler.pymultinest.Pymultinest object at 0x1555017bffa0>>}
00:38 INFO    : Temporary directory incompatible with MPI, will run in original directory
00:38 INFO    : Using output file outdirBNSBu32cores/pm_Simu2019lm/
00:38 WARNING : Supplied argument 'queue_size' not an argument of 'Pymultinest', removing.
00:38 WARNING : Supplied argument 'check_point_delta_t' not an argument of 'Pymultinest', removing.
00:38 INFO    : Using sampler Pymultinest with kwargs {'importance_nested_sampling': False, 'resume': True, 'verbose': True, 'sampling_efficiency': 'parameter', 'n_live_points': 2048, 'n_params': 5, 'n_clustering_params': None, 'wrapped_params': None, 'multimodal': True, 'const_efficiency_mode': False, 'evidence_tolerance': 0.5, 'n_iter_before_update': 100, 'null_log_evidence': -1e+90, 'max_modes': 100, 'mode_tolerance': -1e+90, 'seed': 42, 'context': 0, 'write_output': True, 'log_zero': -1e+100, 'max_iter': 0, 'init_MPI': False, 'dump_callback': <bound method Pymultinest._dump_callback of <bilby.core.sampler.pymultinest.Pymultinest object at 0x1555017eff70>>}
00:38 INFO    : Temporary directory incompatible with MPI, will run in original directory
00:38 INFO    : Using output file outdirBNSBu32cores/pm_Simu2019lm/
00:38 WARNING : Supplied argument 'queue_size' not an argument of 'Pymultinest', removing.
00:38 WARNING : Supplied argument 'check_point_delta_t' not an argument of 'Pymultinest', removing.
00:38 INFO    : Using sampler Pymultinest with kwargs {'importance_nested_sampling': False, 'resume': True, 'verbose': True, 'sampling_efficiency': 'parameter', 'n_live_points': 2048, 'n_params': 5, 'n_clustering_params': None, 'wrapped_params': None, 'multimodal': True, 'const_efficiency_mode': False, 'evidence_tolerance': 0.5, 'n_iter_before_update': 100, 'null_log_evidence': -1e+90, 'max_modes': 100, 'mode_tolerance': -1e+90, 'seed': 42, 'context': 0, 'write_output': True, 'log_zero': -1e+100, 'max_iter': 0, 'init_MPI': False, 'dump_callback': <bound method Pymultinest._dump_callback of <bilby.core.sampler.pymultinest.Pymultinest object at 0x1555017bff10>>}
00:38 INFO    : Temporary directory incompatible with MPI, will run in original directory
00:38 INFO    : Using output file outdirBNSBu32cores/pm_Simu2019lm/
00:38 WARNING : Supplied argument 'queue_size' not an argument of 'Pymultinest', removing.
00:38 WARNING : Supplied argument 'check_point_delta_t' not an argument of 'Pymultinest', removing.
00:38 INFO    : Using sampler Pymultinest with kwargs {'importance_nested_sampling': False, 'resume': True, 'verbose': True, 'sampling_efficiency': 'parameter', 'n_live_points': 2048, 'n_params': 5, 'n_clustering_params': None, 'wrapped_params': None, 'multimodal': True, 'const_efficiency_mode': False, 'evidence_tolerance': 0.5, 'n_iter_before_update': 100, 'null_log_evidence': -1e+90, 'max_modes': 100, 'mode_tolerance': -1e+90, 'seed': 42, 'context': 0, 'write_output': True, 'log_zero': -1e+100, 'max_iter': 0, 'init_MPI': False, 'dump_callback': <bound method Pymultinest._dump_callback of <bilby.core.sampler.pymultinest.Pymultinest object at 0x1555017bbf70>>}
00:38 INFO    : Temporary directory incompatible with MPI, will run in original directory
00:38 INFO    : Using output file outdirBNSBu32cores/pm_Simu2019lm/
00:38 WARNING : Supplied argument 'queue_size' not an argument of 'Pymultinest', removing.
00:38 WARNING : Supplied argument 'check_point_delta_t' not an argument of 'Pymultinest', removing.
00:38 INFO    : Using sampler Pymultinest with kwargs {'importance_nested_sampling': False, 'resume': True, 'verbose': True, 'sampling_efficiency': 'parameter', 'n_live_points': 2048, 'n_params': 5, 'n_clustering_params': None, 'wrapped_params': None, 'multimodal': True, 'const_efficiency_mode': False, 'evidence_tolerance': 0.5, 'n_iter_before_update': 100, 'null_log_evidence': -1e+90, 'max_modes': 100, 'mode_tolerance': -1e+90, 'seed': 42, 'context': 0, 'write_output': True, 'log_zero': -1e+100, 'max_iter': 0, 'init_MPI': False, 'dump_callback': <bound method Pymultinest._dump_callback of <bilby.core.sampler.pymultinest.Pymultinest object at 0x1555017bbf10>>}
00:38 INFO    : Temporary directory incompatible with MPI, will run in original directory
00:38 INFO    : Using output file outdirBNSBu32cores/pm_Simu2019lm/
00:38 WARNING : Supplied argument 'queue_size' not an argument of 'Pymultinest', removing.
00:38 WARNING : Supplied argument 'check_point_delta_t' not an argument of 'Pymultinest', removing.
00:38 INFO    : Using sampler Pymultinest with kwargs {'importance_nested_sampling': False, 'resume': True, 'verbose': True, 'sampling_efficiency': 'parameter', 'n_live_points': 2048, 'n_params': 5, 'n_clustering_params': None, 'wrapped_params': None, 'multimodal': True, 'const_efficiency_mode': False, 'evidence_tolerance': 0.5, 'n_iter_before_update': 100, 'null_log_evidence': -1e+90, 'max_modes': 100, 'mode_tolerance': -1e+90, 'seed': 42, 'context': 0, 'write_output': True, 'log_zero': -1e+100, 'max_iter': 0, 'init_MPI': False, 'dump_callback': <bound method Pymultinest._dump_callback of <bilby.core.sampler.pymultinest.Pymultinest object at 0x1555017bffa0>>}
00:38 INFO    : Temporary directory incompatible with MPI, will run in original directory
00:38 WARNING : Supplied argument 'queue_size' not an argument of 'Pymultinest', removing.
00:38 INFO    : Using output file outdirBNSBu32cores/pm_Simu2019lm/
00:38 WARNING : Supplied argument 'check_point_delta_t' not an argument of 'Pymultinest', removing.
00:38 INFO    : Using sampler Pymultinest with kwargs {'importance_nested_sampling': False, 'resume': True, 'verbose': True, 'sampling_efficiency': 'parameter', 'n_live_points': 2048, 'n_params': 5, 'n_clustering_params': None, 'wrapped_params': None, 'multimodal': True, 'const_efficiency_mode': False, 'evidence_tolerance': 0.5, 'n_iter_before_update': 100, 'null_log_evidence': -1e+90, 'max_modes': 100, 'mode_tolerance': -1e+90, 'seed': 42, 'context': 0, 'write_output': True, 'log_zero': -1e+100, 'max_iter': 0, 'init_MPI': False, 'dump_callback': <bound method Pymultinest._dump_callback of <bilby.core.sampler.pymultinest.Pymultinest object at 0x1555017bbf40>>}
00:38 INFO    : Temporary directory incompatible with MPI, will run in original directory
00:38 INFO    : Using output file outdirBNSBu32cores/pm_Simu2019lm/
00:38 WARNING : Supplied argument 'queue_size' not an argument of 'Pymultinest', removing.
00:38 WARNING : Supplied argument 'check_point_delta_t' not an argument of 'Pymultinest', removing.
00:38 INFO    : Using sampler Pymultinest with kwargs {'importance_nested_sampling': False, 'resume': True, 'verbose': True, 'sampling_efficiency': 'parameter', 'n_live_points': 2048, 'n_params': 5, 'n_clustering_params': None, 'wrapped_params': None, 'multimodal': True, 'const_efficiency_mode': False, 'evidence_tolerance': 0.5, 'n_iter_before_update': 100, 'null_log_evidence': -1e+90, 'max_modes': 100, 'mode_tolerance': -1e+90, 'seed': 42, 'context': 0, 'write_output': True, 'log_zero': -1e+100, 'max_iter': 0, 'init_MPI': False, 'dump_callback': <bound method Pymultinest._dump_callback of <bilby.core.sampler.pymultinest.Pymultinest object at 0x1555017bbfa0>>}
00:38 INFO    : Temporary directory incompatible with MPI, will run in original directory
00:38 INFO    : Using output file outdirBNSBu32cores/pm_Simu2019lm/
00:54 INFO    : Sampling time: 0:15:54.450994
00:54 INFO    : Sampling time: 0:15:54.449867
00:54 INFO    : Sampling time: 0:15:55.220186
00:54 INFO    : Sampling time: 0:15:55.414540
00:54 INFO    : Sampling time: 0:15:54.463566
00:54 INFO    : Sampling time: 0:15:55.311522
00:54 INFO    : Sampling time: 0:15:55.346148
00:54 INFO    : Sampling time: 0:15:55.213332
00:54 INFO    : Sampling time: 0:15:55.416127
00:54 INFO    : Sampling time: 0:15:55.370353
00:54 INFO    : Sampling time: 0:15:54.795602
00:54 INFO    : Sampling time: 0:15:54.978935
00:54 INFO    : Sampling time: 0:15:54.691101
00:54 INFO    : Sampling time: 0:15:54.774542
00:54 INFO    : Sampling time: 0:15:54.684023
00:54 INFO    : Sampling time: 0:15:54.797836
00:54 INFO    : Sampling time: 0:15:55.345900
00:54 INFO    : Sampling time: 0:15:54.413348
00:54 INFO    : Sampling time: 0:15:55.243689
00:54 INFO    : Sampling time: 0:15:55.179598
00:54 INFO    : Sampling time: 0:15:54.413350
00:54 INFO    : Sampling time: 0:15:55.473441
00:54 INFO    : Sampling time: 0:15:54.816206
00:54 INFO    : Sampling time: 0:15:55.434524
00:54 INFO    : Sampling time: 0:15:55.212876
00:54 INFO    : Sampling time: 0:15:55.204304
00:54 INFO    : Sampling time: 0:15:55.196479
00:54 INFO    : Sampling time: 0:15:54.413839
00:54 INFO    : Sampling time: 0:15:55.455756
00:54 INFO    : Sampling time: 0:15:54.692196
00:54 INFO    : Sampling time: 0:15:54.547663
00:54 INFO    : Sampling time: 0:15:54.512462
00:54 INFO    : Summary of results:
nsamples: 12123
ln_noise_evidence:  0.000
ln_evidence: -99.065 +/-  0.061
ln_bayes_factor: -99.065 +/-  0.061

00:54 INFO    : Summary of results:
nsamples: 12123
ln_noise_evidence:  0.000
ln_evidence: -99.065 +/-  0.061
ln_bayes_factor: -99.065 +/-  0.061

00:54 INFO    : Summary of results:
nsamples: 12123
ln_noise_evidence:  0.000
ln_evidence: -99.065 +/-  0.061
ln_bayes_factor: -99.065 +/-  0.061

00:54 INFO    : Summary of results:
nsamples: 12123
ln_noise_evidence:  0.000
ln_evidence: -99.065 +/-  0.061
ln_bayes_factor: -99.065 +/-  0.061

00:54 INFO    : Summary of results:
nsamples: 12123
ln_noise_evidence:  0.000
ln_evidence: -99.065 +/-  0.061
ln_bayes_factor: -99.065 +/-  0.061

00:54 INFO    : Summary of results:
nsamples: 12123
ln_noise_evidence:  0.000
ln_evidence: -99.065 +/-  0.061
ln_bayes_factor: -99.065 +/-  0.061

00:54 INFO    : Summary of results:
nsamples: 12123
ln_noise_evidence:  0.000
ln_evidence: -99.065 +/-  0.061
ln_bayes_factor: -99.065 +/-  0.061

00:54 INFO    : Summary of results:
nsamples: 12123
ln_noise_evidence:  0.000
ln_evidence: -99.065 +/-  0.061
ln_bayes_factor: -99.065 +/-  0.061

00:54 INFO    : Summary of results:
nsamples: 12123
ln_noise_evidence:  0.000
ln_evidence: -99.065 +/-  0.061
ln_bayes_factor: -99.065 +/-  0.061

