11:42 INFO    : Running for label 'Simu2019lm', output will be saved to 'outdirBNSBu32cores'
11:42 INFO    : Running for label 'Simu2019lm', output will be saved to 'outdirBNSBu32cores'
11:42 INFO    : Running for label 'Simu2019lm', output will be saved to 'outdirBNSBu32cores'
11:42 INFO    : Running for label 'Simu2019lm', output will be saved to 'outdirBNSBu32cores'
11:42 INFO    : Running for label 'Simu2019lm', output will be saved to 'outdirBNSBu32cores'
11:42 INFO    : Running for label 'Simu2019lm', output will be saved to 'outdirBNSBu32cores'
11:42 INFO    : Running for label 'Simu2019lm', output will be saved to 'outdirBNSBu32cores'
11:42 INFO    : Running for label 'Simu2019lm', output will be saved to 'outdirBNSBu32cores'
11:42 INFO    : Running for label 'Simu2019lm', output will be saved to 'outdirBNSBu32cores'
11:42 INFO    : Running for label 'Simu2019lm', output will be saved to 'outdirBNSBu32cores'
11:42 INFO    : Running for label 'Simu2019lm', output will be saved to 'outdirBNSBu32cores'
11:42 INFO    : Running for label 'Simu2019lm', output will be saved to 'outdirBNSBu32cores'
11:42 INFO    : Running for label 'Simu2019lm', output will be saved to 'outdirBNSBu32cores'
11:42 INFO    : Running for label 'Simu2019lm', output will be saved to 'outdirBNSBu32cores'
11:42 INFO    : Running for label 'Simu2019lm', output will be saved to 'outdirBNSBu32cores'
11:42 INFO    : Running for label 'Simu2019lm', output will be saved to 'outdirBNSBu32cores'
11:42 INFO    : Running for label 'Simu2019lm', output will be saved to 'outdirBNSBu32cores'
11:42 INFO    : Running for label 'Simu2019lm', output will be saved to 'outdirBNSBu32cores'
11:42 INFO    : Running for label 'Simu2019lm', output will be saved to 'outdirBNSBu32cores'
11:42 INFO    : Running for label 'Simu2019lm', output will be saved to 'outdirBNSBu32cores'
11:42 INFO    : Running for label 'Simu2019lm', output will be saved to 'outdirBNSBu32cores'
11:42 INFO    : Running for label 'Simu2019lm', output will be saved to 'outdirBNSBu32cores'
11:42 INFO    : Running for label 'Simu2019lm', output will be saved to 'outdirBNSBu32cores'
11:42 INFO    : Running for label 'Simu2019lm', output will be saved to 'outdirBNSBu32cores'
11:42 INFO    : Running for label 'Simu2019lm', output will be saved to 'outdirBNSBu32cores'
11:42 INFO    : Running for label 'Simu2019lm', output will be saved to 'outdirBNSBu32cores'
11:42 INFO    : Running for label 'Simu2019lm', output will be saved to 'outdirBNSBu32cores'
11:42 INFO    : Running for label 'Simu2019lm', output will be saved to 'outdirBNSBu32cores'
11:42 INFO    : Running for label 'Simu2019lm', output will be saved to 'outdirBNSBu32cores'
11:42 INFO    : Running for label 'Simu2019lm', output will be saved to 'outdirBNSBu32cores'
11:42 INFO    : Running for label 'Simu2019lm', output will be saved to 'outdirBNSBu32cores'
11:42 INFO    : Running for label 'Simu2019lm', output will be saved to 'outdirBNSBu32cores'
11:43 INFO    : Analysis priors:
11:43 INFO    : Analysis priors:
11:43 INFO    : Analysis priors:
11:43 INFO    : Analysis priors:
11:43 INFO    : Analysis priors:
11:43 INFO    : Analysis priors:
11:43 INFO    : Analysis priors:
11:43 INFO    : Analysis priors:
11:43 INFO    : Analysis priors:
11:43 INFO    : KNphi=Uniform(minimum=15.0, maximum=75.0, name='KNphi', latex_label='$\\Phi$', unit=None, boundary=None)
11:43 INFO    : KNphi=Uniform(minimum=15.0, maximum=75.0, name='KNphi', latex_label='$\\Phi$', unit=None, boundary=None)
11:43 INFO    : Analysis priors:
11:43 INFO    : Analysis priors:
11:43 INFO    : KNphi=Uniform(minimum=15.0, maximum=75.0, name='KNphi', latex_label='$\\Phi$', unit=None, boundary=None)
11:43 INFO    : KNphi=Uniform(minimum=15.0, maximum=75.0, name='KNphi', latex_label='$\\Phi$', unit=None, boundary=None)
11:43 INFO    : Analysis priors:
11:43 INFO    : Analysis priors:
11:43 INFO    : KNphi=Uniform(minimum=15.0, maximum=75.0, name='KNphi', latex_label='$\\Phi$', unit=None, boundary=None)
11:43 INFO    : Analysis priors:
11:43 INFO    : Analysis priors:
11:43 INFO    : Analysis priors:
11:43 INFO    : Analysis priors:
11:43 INFO    : Analysis priors:
11:43 INFO    : KNphi=Uniform(minimum=15.0, maximum=75.0, name='KNphi', latex_label='$\\Phi$', unit=None, boundary=None)
11:43 INFO    : log10_mej_dyn=Uniform(minimum=-3.0, maximum=-1.0, name='log10_mej_dyn', latex_label='$\\log_{10}M^{\\rm{dyn}}_{\\rm{ej}}$', unit=None, boundary='reflective')
11:43 INFO    : log10_mej_dyn=Uniform(minimum=-3.0, maximum=-1.0, name='log10_mej_dyn', latex_label='$\\log_{10}M^{\\rm{dyn}}_{\\rm{ej}}$', unit=None, boundary='reflective')
11:43 INFO    : KNphi=Uniform(minimum=15.0, maximum=75.0, name='KNphi', latex_label='$\\Phi$', unit=None, boundary=None)
11:43 INFO    : KNphi=Uniform(minimum=15.0, maximum=75.0, name='KNphi', latex_label='$\\Phi$', unit=None, boundary=None)
11:43 INFO    : log10_mej_dyn=Uniform(minimum=-3.0, maximum=-1.0, name='log10_mej_dyn', latex_label='$\\log_{10}M^{\\rm{dyn}}_{\\rm{ej}}$', unit=None, boundary='reflective')
11:43 INFO    : log10_mej_dyn=Uniform(minimum=-3.0, maximum=-1.0, name='log10_mej_dyn', latex_label='$\\log_{10}M^{\\rm{dyn}}_{\\rm{ej}}$', unit=None, boundary='reflective')
11:43 INFO    : log10_mej_dyn=Uniform(minimum=-3.0, maximum=-1.0, name='log10_mej_dyn', latex_label='$\\log_{10}M^{\\rm{dyn}}_{\\rm{ej}}$', unit=None, boundary='reflective')
11:43 INFO    : KNphi=Uniform(minimum=15.0, maximum=75.0, name='KNphi', latex_label='$\\Phi$', unit=None, boundary=None)
11:43 INFO    : Analysis priors:
11:43 INFO    : log10_mej_dyn=Uniform(minimum=-3.0, maximum=-1.0, name='log10_mej_dyn', latex_label='$\\log_{10}M^{\\rm{dyn}}_{\\rm{ej}}$', unit=None, boundary='reflective')
11:43 INFO    : KNphi=Uniform(minimum=15.0, maximum=75.0, name='KNphi', latex_label='$\\Phi$', unit=None, boundary=None)
11:43 INFO    : log10_mej_wind=Uniform(minimum=-3.0, maximum=-0.5, name='log10_mej_wind', latex_label='$\\log_{10}M^{\\rm{wind}}_{\\rm{ej}}$', unit=None, boundary='reflective')
11:43 INFO    : log10_mej_wind=Uniform(minimum=-3.0, maximum=-0.5, name='log10_mej_wind', latex_label='$\\log_{10}M^{\\rm{wind}}_{\\rm{ej}}$', unit=None, boundary='reflective')
11:43 INFO    : log10_mej_dyn=Uniform(minimum=-3.0, maximum=-1.0, name='log10_mej_dyn', latex_label='$\\log_{10}M^{\\rm{dyn}}_{\\rm{ej}}$', unit=None, boundary='reflective')
11:43 INFO    : log10_mej_dyn=Uniform(minimum=-3.0, maximum=-1.0, name='log10_mej_dyn', latex_label='$\\log_{10}M^{\\rm{dyn}}_{\\rm{ej}}$', unit=None, boundary='reflective')
11:43 INFO    : log10_mej_wind=Uniform(minimum=-3.0, maximum=-0.5, name='log10_mej_wind', latex_label='$\\log_{10}M^{\\rm{wind}}_{\\rm{ej}}$', unit=None, boundary='reflective')
11:43 INFO    : log10_mej_wind=Uniform(minimum=-3.0, maximum=-0.5, name='log10_mej_wind', latex_label='$\\log_{10}M^{\\rm{wind}}_{\\rm{ej}}$', unit=None, boundary='reflective')
11:43 INFO    : KNphi=Uniform(minimum=15.0, maximum=75.0, name='KNphi', latex_label='$\\Phi$', unit=None, boundary=None)
11:43 INFO    : KNphi=Uniform(minimum=15.0, maximum=75.0, name='KNphi', latex_label='$\\Phi$', unit=None, boundary=None)
11:43 INFO    : KNphi=Uniform(minimum=15.0, maximum=75.0, name='KNphi', latex_label='$\\Phi$', unit=None, boundary=None)
11:43 INFO    : KNphi=Uniform(minimum=15.0, maximum=75.0, name='KNphi', latex_label='$\\Phi$', unit=None, boundary=None)
11:43 INFO    : KNphi=Uniform(minimum=15.0, maximum=75.0, name='KNphi', latex_label='$\\Phi$', unit=None, boundary=None)
11:43 INFO    : KNphi=Uniform(minimum=15.0, maximum=75.0, name='KNphi', latex_label='$\\Phi$', unit=None, boundary=None)
11:43 INFO    : KNphi=Uniform(minimum=15.0, maximum=75.0, name='KNphi', latex_label='$\\Phi$', unit=None, boundary=None)
11:43 INFO    : log10_mej_dyn=Uniform(minimum=-3.0, maximum=-1.0, name='log10_mej_dyn', latex_label='$\\log_{10}M^{\\rm{dyn}}_{\\rm{ej}}$', unit=None, boundary='reflective')
11:43 INFO    : Analysis priors:
11:43 INFO    : KNphi=Uniform(minimum=15.0, maximum=75.0, name='KNphi', latex_label='$\\Phi$', unit=None, boundary=None)
11:43 INFO    : log10_mej_wind=Uniform(minimum=-3.0, maximum=-0.5, name='log10_mej_wind', latex_label='$\\log_{10}M^{\\rm{wind}}_{\\rm{ej}}$', unit=None, boundary='reflective')
11:43 INFO    : log10_mej_dyn=Uniform(minimum=-3.0, maximum=-1.0, name='log10_mej_dyn', latex_label='$\\log_{10}M^{\\rm{dyn}}_{\\rm{ej}}$', unit=None, boundary='reflective')
11:43 INFO    : log10_mej_wind=Uniform(minimum=-3.0, maximum=-0.5, name='log10_mej_wind', latex_label='$\\log_{10}M^{\\rm{wind}}_{\\rm{ej}}$', unit=None, boundary='reflective')
11:43 INFO    : inclination_EM=Sine(minimum=0.0, maximum=1.5707963267948966, name='inclination_EM', latex_label='$\\iota$', unit=None, boundary=None)
11:43 INFO    : inclination_EM=Sine(minimum=0.0, maximum=1.5707963267948966, name='inclination_EM', latex_label='$\\iota$', unit=None, boundary=None)
11:43 INFO    : log10_mej_wind=Uniform(minimum=-3.0, maximum=-0.5, name='log10_mej_wind', latex_label='$\\log_{10}M^{\\rm{wind}}_{\\rm{ej}}$', unit=None, boundary='reflective')
11:43 INFO    : Analysis priors:
11:43 INFO    : Analysis priors:
11:43 INFO    : Analysis priors:
11:43 INFO    : Analysis priors:
11:43 INFO    : Analysis priors:
11:43 INFO    : inclination_EM=Sine(minimum=0.0, maximum=1.5707963267948966, name='inclination_EM', latex_label='$\\iota$', unit=None, boundary=None)
11:43 INFO    : Analysis priors:
11:43 INFO    : Analysis priors:
11:43 INFO    : Analysis priors:
11:43 INFO    : inclination_EM=Sine(minimum=0.0, maximum=1.5707963267948966, name='inclination_EM', latex_label='$\\iota$', unit=None, boundary=None)
11:43 INFO    : Analysis priors:
11:43 INFO    : KNphi=Uniform(minimum=15.0, maximum=75.0, name='KNphi', latex_label='$\\Phi$', unit=None, boundary=None)
11:43 INFO    : log10_mej_dyn=Uniform(minimum=-3.0, maximum=-1.0, name='log10_mej_dyn', latex_label='$\\log_{10}M^{\\rm{dyn}}_{\\rm{ej}}$', unit=None, boundary='reflective')
11:43 INFO    : Analysis priors:
11:43 INFO    : log10_mej_dyn=Uniform(minimum=-3.0, maximum=-1.0, name='log10_mej_dyn', latex_label='$\\log_{10}M^{\\rm{dyn}}_{\\rm{ej}}$', unit=None, boundary='reflective')
11:43 INFO    : log10_mej_dyn=Uniform(minimum=-3.0, maximum=-1.0, name='log10_mej_dyn', latex_label='$\\log_{10}M^{\\rm{dyn}}_{\\rm{ej}}$', unit=None, boundary='reflective')
11:43 INFO    : log10_mej_dyn=Uniform(minimum=-3.0, maximum=-1.0, name='log10_mej_dyn', latex_label='$\\log_{10}M^{\\rm{dyn}}_{\\rm{ej}}$', unit=None, boundary='reflective')
11:43 INFO    : log10_mej_dyn=Uniform(minimum=-3.0, maximum=-1.0, name='log10_mej_dyn', latex_label='$\\log_{10}M^{\\rm{dyn}}_{\\rm{ej}}$', unit=None, boundary='reflective')
11:43 INFO    : Analysis priors:
11:43 INFO    : log10_mej_wind=Uniform(minimum=-3.0, maximum=-0.5, name='log10_mej_wind', latex_label='$\\log_{10}M^{\\rm{wind}}_{\\rm{ej}}$', unit=None, boundary='reflective')
11:43 INFO    : log10_mej_dyn=Uniform(minimum=-3.0, maximum=-1.0, name='log10_mej_dyn', latex_label='$\\log_{10}M^{\\rm{dyn}}_{\\rm{ej}}$', unit=None, boundary='reflective')
11:43 INFO    : log10_mej_dyn=Uniform(minimum=-3.0, maximum=-1.0, name='log10_mej_dyn', latex_label='$\\log_{10}M^{\\rm{dyn}}_{\\rm{ej}}$', unit=None, boundary='reflective')
11:43 INFO    : log10_mej_dyn=Uniform(minimum=-3.0, maximum=-1.0, name='log10_mej_dyn', latex_label='$\\log_{10}M^{\\rm{dyn}}_{\\rm{ej}}$', unit=None, boundary='reflective')
11:43 INFO    : inclination_EM=Sine(minimum=0.0, maximum=1.5707963267948966, name='inclination_EM', latex_label='$\\iota$', unit=None, boundary=None)
11:43 INFO    : log10_mej_wind=Uniform(minimum=-3.0, maximum=-0.5, name='log10_mej_wind', latex_label='$\\log_{10}M^{\\rm{wind}}_{\\rm{ej}}$', unit=None, boundary='reflective')
11:43 INFO    : luminosity_distance=LogUniform(minimum=1, maximum=500, name='luminosity_distance', latex_label='$D_L$', unit=None, boundary=None)
11:43 INFO    : luminosity_distance=LogUniform(minimum=1, maximum=500, name='luminosity_distance', latex_label='$D_L$', unit=None, boundary=None)
11:43 INFO    : inclination_EM=Sine(minimum=0.0, maximum=1.5707963267948966, name='inclination_EM', latex_label='$\\iota$', unit=None, boundary=None)
11:43 INFO    : inclination_EM=Sine(minimum=0.0, maximum=1.5707963267948966, name='inclination_EM', latex_label='$\\iota$', unit=None, boundary=None)
11:43 INFO    : timeshift=0.0
11:43 INFO    : timeshift=0.0
11:43 INFO    : luminosity_distance=LogUniform(minimum=1, maximum=500, name='luminosity_distance', latex_label='$D_L$', unit=None, boundary=None)
11:43 INFO    : log10_mej_wind=Uniform(minimum=-3.0, maximum=-0.5, name='log10_mej_wind', latex_label='$\\log_{10}M^{\\rm{wind}}_{\\rm{ej}}$', unit=None, boundary='reflective')
11:43 INFO    : log10_mej_wind=Uniform(minimum=-3.0, maximum=-0.5, name='log10_mej_wind', latex_label='$\\log_{10}M^{\\rm{wind}}_{\\rm{ej}}$', unit=None, boundary='reflective')
11:43 INFO    : log10_mej_wind=Uniform(minimum=-3.0, maximum=-0.5, name='log10_mej_wind', latex_label='$\\log_{10}M^{\\rm{wind}}_{\\rm{ej}}$', unit=None, boundary='reflective')
11:43 INFO    : luminosity_distance=LogUniform(minimum=1, maximum=500, name='luminosity_distance', latex_label='$D_L$', unit=None, boundary=None)
11:43 INFO    : log10_mej_wind=Uniform(minimum=-3.0, maximum=-0.5, name='log10_mej_wind', latex_label='$\\log_{10}M^{\\rm{wind}}_{\\rm{ej}}$', unit=None, boundary='reflective')
11:43 INFO    : log10_mej_dyn=Uniform(minimum=-3.0, maximum=-1.0, name='log10_mej_dyn', latex_label='$\\log_{10}M^{\\rm{dyn}}_{\\rm{ej}}$', unit=None, boundary='reflective')
11:43 INFO    : log10_mej_wind=Uniform(minimum=-3.0, maximum=-0.5, name='log10_mej_wind', latex_label='$\\log_{10}M^{\\rm{wind}}_{\\rm{ej}}$', unit=None, boundary='reflective')
11:43 INFO    : KNphi=Uniform(minimum=15.0, maximum=75.0, name='KNphi', latex_label='$\\Phi$', unit=None, boundary=None)
11:43 INFO    : em_syserr=1.0
11:43 INFO    : em_syserr=1.0
11:43 INFO    : log10_mej_wind=Uniform(minimum=-3.0, maximum=-0.5, name='log10_mej_wind', latex_label='$\\log_{10}M^{\\rm{wind}}_{\\rm{ej}}$', unit=None, boundary='reflective')
11:43 INFO    : log10_mej_wind=Uniform(minimum=-3.0, maximum=-0.5, name='log10_mej_wind', latex_label='$\\log_{10}M^{\\rm{wind}}_{\\rm{ej}}$', unit=None, boundary='reflective')
11:43 INFO    : timeshift=0.0
11:43 INFO    : log10_mej_wind=Uniform(minimum=-3.0, maximum=-0.5, name='log10_mej_wind', latex_label='$\\log_{10}M^{\\rm{wind}}_{\\rm{ej}}$', unit=None, boundary='reflective')
11:43 INFO    : inclination_EM=Sine(minimum=0.0, maximum=1.5707963267948966, name='inclination_EM', latex_label='$\\iota$', unit=None, boundary=None)
11:43 INFO    : luminosity_distance=LogUniform(minimum=1, maximum=500, name='luminosity_distance', latex_label='$D_L$', unit=None, boundary=None)
11:43 INFO    : inclination_EM=Sine(minimum=0.0, maximum=1.5707963267948966, name='inclination_EM', latex_label='$\\iota$', unit=None, boundary=None)
11:43 INFO    : timeshift=0.0
11:43 INFO    : Ebv=0.0
11:43 INFO    : Ebv=0.0
11:43 INFO    : luminosity_distance=LogUniform(minimum=1, maximum=500, name='luminosity_distance', latex_label='$D_L$', unit=None, boundary=None)
11:43 INFO    : em_syserr=1.0
11:43 INFO    : KNphi=Uniform(minimum=15.0, maximum=75.0, name='KNphi', latex_label='$\\Phi$', unit=None, boundary=None)
11:43 INFO    : KNphi=Uniform(minimum=15.0, maximum=75.0, name='KNphi', latex_label='$\\Phi$', unit=None, boundary=None)
11:43 INFO    : luminosity_distance=LogUniform(minimum=1, maximum=500, name='luminosity_distance', latex_label='$D_L$', unit=None, boundary=None)
11:43 INFO    : KNphi=Uniform(minimum=15.0, maximum=75.0, name='KNphi', latex_label='$\\Phi$', unit=None, boundary=None)
11:43 INFO    : KNphi=Uniform(minimum=15.0, maximum=75.0, name='KNphi', latex_label='$\\Phi$', unit=None, boundary=None)
11:43 INFO    : em_syserr=1.0
11:43 INFO    : timeshift=0.0
11:43 INFO    : KNphi=Uniform(minimum=15.0, maximum=75.0, name='KNphi', latex_label='$\\Phi$', unit=None, boundary=None)
11:43 INFO    : Analysis likelihood class: <class 'nmma.em.likelihood.OpticalLightCurve'>
11:43 INFO    : Analysis likelihood class: <class 'nmma.em.likelihood.OpticalLightCurve'>
11:43 INFO    : KNphi=Uniform(minimum=15.0, maximum=75.0, name='KNphi', latex_label='$\\Phi$', unit=None, boundary=None)
11:43 INFO    : Ebv=0.0
11:43 INFO    : KNphi=Uniform(minimum=15.0, maximum=75.0, name='KNphi', latex_label='$\\Phi$', unit=None, boundary=None)
11:43 INFO    : KNphi=Uniform(minimum=15.0, maximum=75.0, name='KNphi', latex_label='$\\Phi$', unit=None, boundary=None)
11:43 INFO    : KNphi=Uniform(minimum=15.0, maximum=75.0, name='KNphi', latex_label='$\\Phi$', unit=None, boundary=None)
11:43 INFO    : timeshift=0.0
11:43 INFO    : timeshift=0.0
11:43 INFO    : KNphi=Uniform(minimum=15.0, maximum=75.0, name='KNphi', latex_label='$\\Phi$', unit=None, boundary=None)
11:43 INFO    : Ebv=0.0
11:43 INFO    : em_syserr=1.0
11:43 INFO    : inclination_EM=Sine(minimum=0.0, maximum=1.5707963267948966, name='inclination_EM', latex_label='$\\iota$', unit=None, boundary=None)
11:43 INFO    : inclination_EM=Sine(minimum=0.0, maximum=1.5707963267948966, name='inclination_EM', latex_label='$\\iota$', unit=None, boundary=None)
11:43 INFO    : KNphi=Uniform(minimum=15.0, maximum=75.0, name='KNphi', latex_label='$\\Phi$', unit=None, boundary=None)
11:43 INFO    : inclination_EM=Sine(minimum=0.0, maximum=1.5707963267948966, name='inclination_EM', latex_label='$\\iota$', unit=None, boundary=None)
11:43 INFO    : log10_mej_wind=Uniform(minimum=-3.0, maximum=-0.5, name='log10_mej_wind', latex_label='$\\log_{10}M^{\\rm{wind}}_{\\rm{ej}}$', unit=None, boundary='reflective')
11:43 INFO    : Analysis likelihood noise evidence: 0.0
11:43 INFO    : Analysis likelihood noise evidence: 0.0
11:43 INFO    : em_syserr=1.0
11:43 INFO    : inclination_EM=Sine(minimum=0.0, maximum=1.5707963267948966, name='inclination_EM', latex_label='$\\iota$', unit=None, boundary=None)
11:43 INFO    : Analysis likelihood class: <class 'nmma.em.likelihood.OpticalLightCurve'>
11:43 INFO    : Analysis likelihood class: <class 'nmma.em.likelihood.OpticalLightCurve'>
11:43 INFO    : log10_mej_dyn=Uniform(minimum=-3.0, maximum=-1.0, name='log10_mej_dyn', latex_label='$\\log_{10}M^{\\rm{dyn}}_{\\rm{ej}}$', unit=None, boundary='reflective')
11:43 INFO    : inclination_EM=Sine(minimum=0.0, maximum=1.5707963267948966, name='inclination_EM', latex_label='$\\iota$', unit=None, boundary=None)
11:43 INFO    : em_syserr=1.0
11:43 INFO    : inclination_EM=Sine(minimum=0.0, maximum=1.5707963267948966, name='inclination_EM', latex_label='$\\iota$', unit=None, boundary=None)
11:43 INFO    : inclination_EM=Sine(minimum=0.0, maximum=1.5707963267948966, name='inclination_EM', latex_label='$\\iota$', unit=None, boundary=None)
11:43 INFO    : luminosity_distance=LogUniform(minimum=1, maximum=500, name='luminosity_distance', latex_label='$D_L$', unit=None, boundary=None)
11:43 INFO    : luminosity_distance=LogUniform(minimum=1, maximum=500, name='luminosity_distance', latex_label='$D_L$', unit=None, boundary=None)
11:43 INFO    : inclination_EM=Sine(minimum=0.0, maximum=1.5707963267948966, name='inclination_EM', latex_label='$\\iota$', unit=None, boundary=None)
11:43 INFO    : Ebv=0.0
11:43 INFO    : Ebv=0.0
11:43 INFO    : log10_mej_dyn=Uniform(minimum=-3.0, maximum=-1.0, name='log10_mej_dyn', latex_label='$\\log_{10}M^{\\rm{dyn}}_{\\rm{ej}}$', unit=None, boundary='reflective')
11:43 INFO    : log10_mej_dyn=Uniform(minimum=-3.0, maximum=-1.0, name='log10_mej_dyn', latex_label='$\\log_{10}M^{\\rm{dyn}}_{\\rm{ej}}$', unit=None, boundary='reflective')
11:43 INFO    : Analysis likelihood noise evidence: 0.0
11:43 INFO    : Analysis likelihood noise evidence: 0.0
11:43 INFO    : Ebv=0.0
11:43 INFO    : log10_mej_dyn=Uniform(minimum=-3.0, maximum=-1.0, name='log10_mej_dyn', latex_label='$\\log_{10}M^{\\rm{dyn}}_{\\rm{ej}}$', unit=None, boundary='reflective')
11:43 INFO    : log10_mej_dyn=Uniform(minimum=-3.0, maximum=-1.0, name='log10_mej_dyn', latex_label='$\\log_{10}M^{\\rm{dyn}}_{\\rm{ej}}$', unit=None, boundary='reflective')
11:43 INFO    : log10_mej_dyn=Uniform(minimum=-3.0, maximum=-1.0, name='log10_mej_dyn', latex_label='$\\log_{10}M^{\\rm{dyn}}_{\\rm{ej}}$', unit=None, boundary='reflective')
11:43 INFO    : timeshift=0.0
11:43 INFO    : Analysis likelihood class: <class 'nmma.em.likelihood.OpticalLightCurve'>
11:43 INFO    : Analysis likelihood class: <class 'nmma.em.likelihood.OpticalLightCurve'>
11:43 INFO    : timeshift=0.0
11:43 INFO    : log10_mej_dyn=Uniform(minimum=-3.0, maximum=-1.0, name='log10_mej_dyn', latex_label='$\\log_{10}M^{\\rm{dyn}}_{\\rm{ej}}$', unit=None, boundary='reflective')
11:43 INFO    : log10_mej_dyn=Uniform(minimum=-3.0, maximum=-1.0, name='log10_mej_dyn', latex_label='$\\log_{10}M^{\\rm{dyn}}_{\\rm{ej}}$', unit=None, boundary='reflective')
11:43 INFO    : log10_mej_dyn=Uniform(minimum=-3.0, maximum=-1.0, name='log10_mej_dyn', latex_label='$\\log_{10}M^{\\rm{dyn}}_{\\rm{ej}}$', unit=None, boundary='reflective')
11:43 INFO    : Analysis likelihood class: <class 'nmma.em.likelihood.OpticalLightCurve'>
11:43 INFO    : log10_mej_dyn=Uniform(minimum=-3.0, maximum=-1.0, name='log10_mej_dyn', latex_label='$\\log_{10}M^{\\rm{dyn}}_{\\rm{ej}}$', unit=None, boundary='reflective')
11:43 INFO    : em_syserr=1.0
11:43 INFO    : log10_mej_dyn=Uniform(minimum=-3.0, maximum=-1.0, name='log10_mej_dyn', latex_label='$\\log_{10}M^{\\rm{dyn}}_{\\rm{ej}}$', unit=None, boundary='reflective')
11:43 INFO    : Analysis likelihood noise evidence: 0.0
11:43 INFO    : em_syserr=1.0
11:43 INFO    : Analysis likelihood noise evidence: 0.0
11:43 INFO    : luminosity_distance=LogUniform(minimum=1, maximum=500, name='luminosity_distance', latex_label='$D_L$', unit=None, boundary=None)
11:43 INFO    : luminosity_distance=LogUniform(minimum=1, maximum=500, name='luminosity_distance', latex_label='$D_L$', unit=None, boundary=None)
11:43 INFO    : log10_mej_dyn=Uniform(minimum=-3.0, maximum=-1.0, name='log10_mej_dyn', latex_label='$\\log_{10}M^{\\rm{dyn}}_{\\rm{ej}}$', unit=None, boundary='reflective')
11:43 INFO    : luminosity_distance=LogUniform(minimum=1, maximum=500, name='luminosity_distance', latex_label='$D_L$', unit=None, boundary=None)
11:43 INFO    : Analysis likelihood noise evidence: 0.0
11:43 INFO    : Ebv=0.0
11:43 INFO    : inclination_EM=Sine(minimum=0.0, maximum=1.5707963267948966, name='inclination_EM', latex_label='$\\iota$', unit=None, boundary=None)
11:43 INFO    : log10_mej_wind=Uniform(minimum=-3.0, maximum=-0.5, name='log10_mej_wind', latex_label='$\\log_{10}M^{\\rm{wind}}_{\\rm{ej}}$', unit=None, boundary='reflective')
11:43 INFO    : luminosity_distance=LogUniform(minimum=1, maximum=500, name='luminosity_distance', latex_label='$D_L$', unit=None, boundary=None)
11:43 INFO    : Ebv=0.0
11:43 INFO    : luminosity_distance=LogUniform(minimum=1, maximum=500, name='luminosity_distance', latex_label='$D_L$', unit=None, boundary=None)
11:43 INFO    : luminosity_distance=LogUniform(minimum=1, maximum=500, name='luminosity_distance', latex_label='$D_L$', unit=None, boundary=None)
11:43 INFO    : timeshift=0.0
11:43 INFO    : luminosity_distance=LogUniform(minimum=1, maximum=500, name='luminosity_distance', latex_label='$D_L$', unit=None, boundary=None)
11:43 INFO    : luminosity_distance=LogUniform(minimum=1, maximum=500, name='luminosity_distance', latex_label='$D_L$', unit=None, boundary=None)
11:43 INFO    : timeshift=0.0
11:43 INFO    : log10_mej_wind=Uniform(minimum=-3.0, maximum=-0.5, name='log10_mej_wind', latex_label='$\\log_{10}M^{\\rm{wind}}_{\\rm{ej}}$', unit=None, boundary='reflective')
11:43 INFO    : log10_mej_wind=Uniform(minimum=-3.0, maximum=-0.5, name='log10_mej_wind', latex_label='$\\log_{10}M^{\\rm{wind}}_{\\rm{ej}}$', unit=None, boundary='reflective')
11:43 INFO    : log10_mej_wind=Uniform(minimum=-3.0, maximum=-0.5, name='log10_mej_wind', latex_label='$\\log_{10}M^{\\rm{wind}}_{\\rm{ej}}$', unit=None, boundary='reflective')
11:43 INFO    : timeshift=0.0
11:43 INFO    : Analysis likelihood class: <class 'nmma.em.likelihood.OpticalLightCurve'>
11:43 INFO    : log10_mej_wind=Uniform(minimum=-3.0, maximum=-0.5, name='log10_mej_wind', latex_label='$\\log_{10}M^{\\rm{wind}}_{\\rm{ej}}$', unit=None, boundary='reflective')
11:43 INFO    : log10_mej_wind=Uniform(minimum=-3.0, maximum=-0.5, name='log10_mej_wind', latex_label='$\\log_{10}M^{\\rm{wind}}_{\\rm{ej}}$', unit=None, boundary='reflective')
11:43 INFO    : timeshift=0.0
11:43 INFO    : Analysis likelihood class: <class 'nmma.em.likelihood.OpticalLightCurve'>
11:43 INFO    : timeshift=0.0
11:43 INFO    : timeshift=0.0
11:43 INFO    : log10_mej_wind=Uniform(minimum=-3.0, maximum=-0.5, name='log10_mej_wind', latex_label='$\\log_{10}M^{\\rm{wind}}_{\\rm{ej}}$', unit=None, boundary='reflective')
11:43 INFO    : em_syserr=1.0
11:43 INFO    : log10_mej_wind=Uniform(minimum=-3.0, maximum=-0.5, name='log10_mej_wind', latex_label='$\\log_{10}M^{\\rm{wind}}_{\\rm{ej}}$', unit=None, boundary='reflective')
11:43 INFO    : em_syserr=1.0
11:43 INFO    : timeshift=0.0
11:43 INFO    : log10_mej_wind=Uniform(minimum=-3.0, maximum=-0.5, name='log10_mej_wind', latex_label='$\\log_{10}M^{\\rm{wind}}_{\\rm{ej}}$', unit=None, boundary='reflective')
11:43 INFO    : timeshift=0.0
11:43 INFO    : log10_mej_wind=Uniform(minimum=-3.0, maximum=-0.5, name='log10_mej_wind', latex_label='$\\log_{10}M^{\\rm{wind}}_{\\rm{ej}}$', unit=None, boundary='reflective')
11:43 INFO    : em_syserr=1.0
11:43 INFO    : Analysis likelihood noise evidence: 0.0
11:43 INFO    : em_syserr=1.0
11:43 INFO    : log10_mej_wind=Uniform(minimum=-3.0, maximum=-0.5, name='log10_mej_wind', latex_label='$\\log_{10}M^{\\rm{wind}}_{\\rm{ej}}$', unit=None, boundary='reflective')
11:43 INFO    : em_syserr=1.0
11:43 INFO    : Analysis likelihood noise evidence: 0.0
11:43 INFO    : em_syserr=1.0
11:43 INFO    : log10_mej_wind=Uniform(minimum=-3.0, maximum=-0.5, name='log10_mej_wind', latex_label='$\\log_{10}M^{\\rm{wind}}_{\\rm{ej}}$', unit=None, boundary='reflective')
11:43 INFO    : Ebv=0.0
11:43 INFO    : Ebv=0.0
11:43 INFO    : em_syserr=1.0
11:43 INFO    : em_syserr=1.0
11:43 INFO    : Ebv=0.0
11:43 INFO    : luminosity_distance=LogUniform(minimum=1, maximum=500, name='luminosity_distance', latex_label='$D_L$', unit=None, boundary=None)
11:43 INFO    : Ebv=0.0
11:43 INFO    : inclination_EM=Sine(minimum=0.0, maximum=1.5707963267948966, name='inclination_EM', latex_label='$\\iota$', unit=None, boundary=None)
11:43 INFO    : Ebv=0.0
11:43 INFO    : Ebv=0.0
11:43 INFO    : Analysis likelihood class: <class 'nmma.em.likelihood.OpticalLightCurve'>
11:43 INFO    : Ebv=0.0
11:43 INFO    : Analysis likelihood class: <class 'nmma.em.likelihood.OpticalLightCurve'>
11:43 INFO    : Ebv=0.0
11:43 INFO    : inclination_EM=Sine(minimum=0.0, maximum=1.5707963267948966, name='inclination_EM', latex_label='$\\iota$', unit=None, boundary=None)
11:43 INFO    : inclination_EM=Sine(minimum=0.0, maximum=1.5707963267948966, name='inclination_EM', latex_label='$\\iota$', unit=None, boundary=None)
11:43 INFO    : Analysis likelihood class: <class 'nmma.em.likelihood.OpticalLightCurve'>
11:43 INFO    : inclination_EM=Sine(minimum=0.0, maximum=1.5707963267948966, name='inclination_EM', latex_label='$\\iota$', unit=None, boundary=None)
11:43 INFO    : inclination_EM=Sine(minimum=0.0, maximum=1.5707963267948966, name='inclination_EM', latex_label='$\\iota$', unit=None, boundary=None)
11:43 INFO    : Analysis likelihood class: <class 'nmma.em.likelihood.OpticalLightCurve'>
11:43 INFO    : Analysis likelihood class: <class 'nmma.em.likelihood.OpticalLightCurve'>
11:43 INFO    : inclination_EM=Sine(minimum=0.0, maximum=1.5707963267948966, name='inclination_EM', latex_label='$\\iota$', unit=None, boundary=None)
11:43 INFO    : timeshift=0.0
11:43 INFO    : Analysis likelihood class: <class 'nmma.em.likelihood.OpticalLightCurve'>
11:43 INFO    : Analysis likelihood noise evidence: 0.0
11:43 INFO    : Analysis likelihood class: <class 'nmma.em.likelihood.OpticalLightCurve'>
11:43 INFO    : Analysis likelihood noise evidence: 0.0
11:43 INFO    : Analysis likelihood class: <class 'nmma.em.likelihood.OpticalLightCurve'>
11:43 INFO    : inclination_EM=Sine(minimum=0.0, maximum=1.5707963267948966, name='inclination_EM', latex_label='$\\iota$', unit=None, boundary=None)
11:43 INFO    : Analysis likelihood noise evidence: 0.0
11:43 INFO    : inclination_EM=Sine(minimum=0.0, maximum=1.5707963267948966, name='inclination_EM', latex_label='$\\iota$', unit=None, boundary=None)
11:43 INFO    : Analysis likelihood noise evidence: 0.0
11:43 INFO    : Analysis likelihood noise evidence: 0.0
11:43 INFO    : em_syserr=1.0
11:43 INFO    : inclination_EM=Sine(minimum=0.0, maximum=1.5707963267948966, name='inclination_EM', latex_label='$\\iota$', unit=None, boundary=None)
11:43 INFO    : inclination_EM=Sine(minimum=0.0, maximum=1.5707963267948966, name='inclination_EM', latex_label='$\\iota$', unit=None, boundary=None)
11:43 INFO    : Analysis likelihood noise evidence: 0.0
11:43 INFO    : Analysis likelihood noise evidence: 0.0
11:43 INFO    : inclination_EM=Sine(minimum=0.0, maximum=1.5707963267948966, name='inclination_EM', latex_label='$\\iota$', unit=None, boundary=None)
11:43 INFO    : Analysis likelihood noise evidence: 0.0
11:43 INFO    : inclination_EM=Sine(minimum=0.0, maximum=1.5707963267948966, name='inclination_EM', latex_label='$\\iota$', unit=None, boundary=None)
11:43 INFO    : Ebv=0.0
11:43 INFO    : luminosity_distance=LogUniform(minimum=1, maximum=500, name='luminosity_distance', latex_label='$D_L$', unit=None, boundary=None)
11:43 INFO    : luminosity_distance=LogUniform(minimum=1, maximum=500, name='luminosity_distance', latex_label='$D_L$', unit=None, boundary=None)
11:43 INFO    : luminosity_distance=LogUniform(minimum=1, maximum=500, name='luminosity_distance', latex_label='$D_L$', unit=None, boundary=None)
11:43 INFO    : luminosity_distance=LogUniform(minimum=1, maximum=500, name='luminosity_distance', latex_label='$D_L$', unit=None, boundary=None)
11:43 INFO    : Analysis likelihood class: <class 'nmma.em.likelihood.OpticalLightCurve'>
11:43 INFO    : luminosity_distance=LogUniform(minimum=1, maximum=500, name='luminosity_distance', latex_label='$D_L$', unit=None, boundary=None)
11:43 INFO    : timeshift=0.0
11:43 INFO    : luminosity_distance=LogUniform(minimum=1, maximum=500, name='luminosity_distance', latex_label='$D_L$', unit=None, boundary=None)
11:43 INFO    : luminosity_distance=LogUniform(minimum=1, maximum=500, name='luminosity_distance', latex_label='$D_L$', unit=None, boundary=None)
11:43 INFO    : timeshift=0.0
11:43 INFO    : luminosity_distance=LogUniform(minimum=1, maximum=500, name='luminosity_distance', latex_label='$D_L$', unit=None, boundary=None)
11:43 INFO    : timeshift=0.0
11:43 INFO    : Analysis likelihood noise evidence: 0.0
11:43 INFO    : timeshift=0.0
11:43 INFO    : em_syserr=1.0
11:43 INFO    : timeshift=0.0
11:43 INFO    : timeshift=0.0
11:43 INFO    : luminosity_distance=LogUniform(minimum=1, maximum=500, name='luminosity_distance', latex_label='$D_L$', unit=None, boundary=None)
11:43 INFO    : luminosity_distance=LogUniform(minimum=1, maximum=500, name='luminosity_distance', latex_label='$D_L$', unit=None, boundary=None)
11:43 INFO    : timeshift=0.0
11:43 INFO    : em_syserr=1.0
11:43 INFO    : luminosity_distance=LogUniform(minimum=1, maximum=500, name='luminosity_distance', latex_label='$D_L$', unit=None, boundary=None)
11:43 INFO    : em_syserr=1.0
11:43 INFO    : em_syserr=1.0
11:43 INFO    : timeshift=0.0
11:43 INFO    : Ebv=0.0
11:43 INFO    : em_syserr=1.0
11:43 INFO    : luminosity_distance=LogUniform(minimum=1, maximum=500, name='luminosity_distance', latex_label='$D_L$', unit=None, boundary=None)
11:43 INFO    : em_syserr=1.0
11:43 INFO    : Ebv=0.0
11:43 INFO    : em_syserr=1.0
11:43 INFO    : timeshift=0.0
11:43 INFO    : Ebv=0.0
11:43 INFO    : timeshift=0.0
11:43 INFO    : Ebv=0.0
11:43 INFO    : timeshift=0.0
11:43 INFO    : em_syserr=1.0
11:43 INFO    : Ebv=0.0
11:43 INFO    : Analysis likelihood class: <class 'nmma.em.likelihood.OpticalLightCurve'>
11:43 INFO    : Ebv=0.0
11:43 INFO    : timeshift=0.0
11:43 INFO    : Ebv=0.0
11:43 INFO    : Analysis likelihood class: <class 'nmma.em.likelihood.OpticalLightCurve'>
11:43 INFO    : em_syserr=1.0
11:43 INFO    : Analysis likelihood class: <class 'nmma.em.likelihood.OpticalLightCurve'>
11:43 INFO    : em_syserr=1.0
11:43 INFO    : em_syserr=1.0
11:43 INFO    : Analysis likelihood class: <class 'nmma.em.likelihood.OpticalLightCurve'>
11:43 INFO    : Ebv=0.0
11:43 INFO    : Analysis likelihood class: <class 'nmma.em.likelihood.OpticalLightCurve'>
11:43 INFO    : Analysis likelihood noise evidence: 0.0
11:43 INFO    : Analysis likelihood class: <class 'nmma.em.likelihood.OpticalLightCurve'>
11:43 INFO    : em_syserr=1.0
11:43 INFO    : Ebv=0.0
11:43 INFO    : Analysis likelihood class: <class 'nmma.em.likelihood.OpticalLightCurve'>
11:43 INFO    : Ebv=0.0
11:43 INFO    : Analysis likelihood noise evidence: 0.0
11:43 INFO    : Ebv=0.0
11:43 INFO    : Analysis likelihood noise evidence: 0.0
11:43 INFO    : Analysis likelihood noise evidence: 0.0
11:43 INFO    : Analysis likelihood class: <class 'nmma.em.likelihood.OpticalLightCurve'>
11:43 INFO    : Analysis likelihood noise evidence: 0.0
11:43 INFO    : Ebv=0.0
11:43 INFO    : Analysis likelihood class: <class 'nmma.em.likelihood.OpticalLightCurve'>
11:43 INFO    : Analysis likelihood noise evidence: 0.0
11:43 INFO    : Analysis likelihood noise evidence: 0.0
11:43 INFO    : Analysis likelihood class: <class 'nmma.em.likelihood.OpticalLightCurve'>
11:43 INFO    : Analysis likelihood class: <class 'nmma.em.likelihood.OpticalLightCurve'>
11:43 INFO    : Analysis likelihood noise evidence: 0.0
11:43 INFO    : Analysis likelihood class: <class 'nmma.em.likelihood.OpticalLightCurve'>
11:43 INFO    : Analysis likelihood noise evidence: 0.0
11:43 INFO    : Analysis likelihood noise evidence: 0.0
11:43 INFO    : Analysis likelihood noise evidence: 0.0
11:43 INFO    : Analysis likelihood noise evidence: 0.0
11:43 INFO    : log10_mej_wind=Uniform(minimum=-3.0, maximum=-0.5, name='log10_mej_wind', latex_label='$\\log_{10}M^{\\rm{wind}}_{\\rm{ej}}$', unit=None, boundary='reflective')
11:43 INFO    : inclination_EM=Sine(minimum=0.0, maximum=1.5707963267948966, name='inclination_EM', latex_label='$\\iota$', unit=None, boundary=None)
11:43 INFO    : luminosity_distance=LogUniform(minimum=1, maximum=500, name='luminosity_distance', latex_label='$D_L$', unit=None, boundary=None)
11:43 INFO    : timeshift=0.0
11:43 INFO    : em_syserr=1.0
11:43 INFO    : Ebv=0.0
11:43 INFO    : Analysis likelihood class: <class 'nmma.em.likelihood.OpticalLightCurve'>
11:43 INFO    : Analysis likelihood noise evidence: 0.0
11:43 INFO    : Analysis priors:
11:43 INFO    : KNphi=Uniform(minimum=15.0, maximum=75.0, name='KNphi', latex_label='$\\Phi$', unit=None, boundary=None)
11:43 INFO    : log10_mej_dyn=Uniform(minimum=-3.0, maximum=-1.0, name='log10_mej_dyn', latex_label='$\\log_{10}M^{\\rm{dyn}}_{\\rm{ej}}$', unit=None, boundary='reflective')
11:43 INFO    : log10_mej_wind=Uniform(minimum=-3.0, maximum=-0.5, name='log10_mej_wind', latex_label='$\\log_{10}M^{\\rm{wind}}_{\\rm{ej}}$', unit=None, boundary='reflective')
11:43 INFO    : inclination_EM=Sine(minimum=0.0, maximum=1.5707963267948966, name='inclination_EM', latex_label='$\\iota$', unit=None, boundary=None)
11:43 INFO    : luminosity_distance=LogUniform(minimum=1, maximum=500, name='luminosity_distance', latex_label='$D_L$', unit=None, boundary=None)
11:43 INFO    : timeshift=0.0
11:43 INFO    : em_syserr=1.0
11:43 INFO    : Ebv=0.0
11:43 INFO    : Analysis likelihood class: <class 'nmma.em.likelihood.OpticalLightCurve'>
11:43 INFO    : Analysis likelihood noise evidence: 0.0
11:43 INFO    : Single likelihood evaluation took 3.148e-01 s
11:43 INFO    : Single likelihood evaluation took 3.147e-01 s
11:43 INFO    : Single likelihood evaluation took 3.171e-01 s
11:43 INFO    : Single likelihood evaluation took 3.171e-01 s
11:43 WARNING : Supplied argument 'queue_size' not an argument of 'Pymultinest', removing.
11:43 WARNING : Supplied argument 'check_point_delta_t' not an argument of 'Pymultinest', removing.
11:43 WARNING : Supplied argument 'queue_size' not an argument of 'Pymultinest', removing.
11:43 WARNING : Supplied argument 'check_point_delta_t' not an argument of 'Pymultinest', removing.
11:43 INFO    : Using sampler Pymultinest with kwargs {'importance_nested_sampling': False, 'resume': True, 'verbose': True, 'sampling_efficiency': 'parameter', 'n_live_points': 2048, 'n_params': 5, 'n_clustering_params': None, 'wrapped_params': None, 'multimodal': True, 'const_efficiency_mode': False, 'evidence_tolerance': 0.5, 'n_iter_before_update': 100, 'null_log_evidence': -1e+90, 'max_modes': 100, 'mode_tolerance': -1e+90, 'seed': 42, 'context': 0, 'write_output': True, 'log_zero': -1e+100, 'max_iter': 0, 'init_MPI': False, 'dump_callback': <bound method Pymultinest._dump_callback of <bilby.core.sampler.pymultinest.Pymultinest object at 0x155500fc0460>>}
11:43 INFO    : Using sampler Pymultinest with kwargs {'importance_nested_sampling': False, 'resume': True, 'verbose': True, 'sampling_efficiency': 'parameter', 'n_live_points': 2048, 'n_params': 5, 'n_clustering_params': None, 'wrapped_params': None, 'multimodal': True, 'const_efficiency_mode': False, 'evidence_tolerance': 0.5, 'n_iter_before_update': 100, 'null_log_evidence': -1e+90, 'max_modes': 100, 'mode_tolerance': -1e+90, 'seed': 42, 'context': 0, 'write_output': True, 'log_zero': -1e+100, 'max_iter': 0, 'init_MPI': False, 'dump_callback': <bound method Pymultinest._dump_callback of <bilby.core.sampler.pymultinest.Pymultinest object at 0x155500fc4280>>}
11:43 INFO    : Temporary directory incompatible with MPI, will run in original directory
11:43 INFO    : Temporary directory incompatible with MPI, will run in original directory
11:43 INFO    : Using output file outdirBNSBu32cores/pm_Simu2019lm/
11:43 INFO    : Using output file outdirBNSBu32cores/pm_Simu2019lm/
11:43 WARNING : Supplied argument 'queue_size' not an argument of 'Pymultinest', removing.
11:43 WARNING : Supplied argument 'check_point_delta_t' not an argument of 'Pymultinest', removing.
11:43 INFO    : Using sampler Pymultinest with kwargs {'importance_nested_sampling': False, 'resume': True, 'verbose': True, 'sampling_efficiency': 'parameter', 'n_live_points': 2048, 'n_params': 5, 'n_clustering_params': None, 'wrapped_params': None, 'multimodal': True, 'const_efficiency_mode': False, 'evidence_tolerance': 0.5, 'n_iter_before_update': 100, 'null_log_evidence': -1e+90, 'max_modes': 100, 'mode_tolerance': -1e+90, 'seed': 42, 'context': 0, 'write_output': True, 'log_zero': -1e+100, 'max_iter': 0, 'init_MPI': False, 'dump_callback': <bound method Pymultinest._dump_callback of <bilby.core.sampler.pymultinest.Pymultinest object at 0x155500fc8280>>}
11:43 WARNING : Supplied argument 'queue_size' not an argument of 'Pymultinest', removing.
11:43 INFO    : Temporary directory incompatible with MPI, will run in original directory
11:43 WARNING : Supplied argument 'check_point_delta_t' not an argument of 'Pymultinest', removing.
11:43 INFO    : Using sampler Pymultinest with kwargs {'importance_nested_sampling': False, 'resume': True, 'verbose': True, 'sampling_efficiency': 'parameter', 'n_live_points': 2048, 'n_params': 5, 'n_clustering_params': None, 'wrapped_params': None, 'multimodal': True, 'const_efficiency_mode': False, 'evidence_tolerance': 0.5, 'n_iter_before_update': 100, 'null_log_evidence': -1e+90, 'max_modes': 100, 'mode_tolerance': -1e+90, 'seed': 42, 'context': 0, 'write_output': True, 'log_zero': -1e+100, 'max_iter': 0, 'init_MPI': False, 'dump_callback': <bound method Pymultinest._dump_callback of <bilby.core.sampler.pymultinest.Pymultinest object at 0x155500fc5660>>}
11:43 INFO    : Using output file outdirBNSBu32cores/pm_Simu2019lm/
11:43 INFO    : Temporary directory incompatible with MPI, will run in original directory
11:43 INFO    : Using output file outdirBNSBu32cores/pm_Simu2019lm/
11:43 INFO    : Single likelihood evaluation took 3.200e-01 s
11:43 INFO    : Single likelihood evaluation took 3.201e-01 s
11:43 INFO    : Single likelihood evaluation took 3.202e-01 s
11:43 INFO    : Single likelihood evaluation took 3.211e-01 s
11:43 INFO    : Single likelihood evaluation took 3.229e-01 s
11:43 WARNING : Supplied argument 'queue_size' not an argument of 'Pymultinest', removing.
11:43 WARNING : Supplied argument 'check_point_delta_t' not an argument of 'Pymultinest', removing.
11:43 INFO    : Using sampler Pymultinest with kwargs {'importance_nested_sampling': False, 'resume': True, 'verbose': True, 'sampling_efficiency': 'parameter', 'n_live_points': 2048, 'n_params': 5, 'n_clustering_params': None, 'wrapped_params': None, 'multimodal': True, 'const_efficiency_mode': False, 'evidence_tolerance': 0.5, 'n_iter_before_update': 100, 'null_log_evidence': -1e+90, 'max_modes': 100, 'mode_tolerance': -1e+90, 'seed': 42, 'context': 0, 'write_output': True, 'log_zero': -1e+100, 'max_iter': 0, 'init_MPI': False, 'dump_callback': <bound method Pymultinest._dump_callback of <bilby.core.sampler.pymultinest.Pymultinest object at 0x155500fc5570>>}
11:43 INFO    : Temporary directory incompatible with MPI, will run in original directory
11:43 INFO    : Using output file outdirBNSBu32cores/pm_Simu2019lm/
11:43 WARNING : Supplied argument 'queue_size' not an argument of 'Pymultinest', removing.
11:43 WARNING : Supplied argument 'check_point_delta_t' not an argument of 'Pymultinest', removing.
11:43 INFO    : Using sampler Pymultinest with kwargs {'importance_nested_sampling': False, 'resume': True, 'verbose': True, 'sampling_efficiency': 'parameter', 'n_live_points': 2048, 'n_params': 5, 'n_clustering_params': None, 'wrapped_params': None, 'multimodal': True, 'const_efficiency_mode': False, 'evidence_tolerance': 0.5, 'n_iter_before_update': 100, 'null_log_evidence': -1e+90, 'max_modes': 100, 'mode_tolerance': -1e+90, 'seed': 42, 'context': 0, 'write_output': True, 'log_zero': -1e+100, 'max_iter': 0, 'init_MPI': False, 'dump_callback': <bound method Pymultinest._dump_callback of <bilby.core.sampler.pymultinest.Pymultinest object at 0x155500fc14e0>>}
11:43 INFO    : Temporary directory incompatible with MPI, will run in original directory
11:43 INFO    : Using output file outdirBNSBu32cores/pm_Simu2019lm/
11:43 WARNING : Supplied argument 'queue_size' not an argument of 'Pymultinest', removing.
11:43 WARNING : Supplied argument 'check_point_delta_t' not an argument of 'Pymultinest', removing.
11:43 INFO    : Using sampler Pymultinest with kwargs {'importance_nested_sampling': False, 'resume': True, 'verbose': True, 'sampling_efficiency': 'parameter', 'n_live_points': 2048, 'n_params': 5, 'n_clustering_params': None, 'wrapped_params': None, 'multimodal': True, 'const_efficiency_mode': False, 'evidence_tolerance': 0.5, 'n_iter_before_update': 100, 'null_log_evidence': -1e+90, 'max_modes': 100, 'mode_tolerance': -1e+90, 'seed': 42, 'context': 0, 'write_output': True, 'log_zero': -1e+100, 'max_iter': 0, 'init_MPI': False, 'dump_callback': <bound method Pymultinest._dump_callback of <bilby.core.sampler.pymultinest.Pymultinest object at 0x155500fc07f0>>}
11:43 INFO    : Temporary directory incompatible with MPI, will run in original directory
11:43 INFO    : Using output file outdirBNSBu32cores/pm_Simu2019lm/
11:43 INFO    : Single likelihood evaluation took 3.232e-01 s
11:43 INFO    : Single likelihood evaluation took 3.232e-01 s
11:43 WARNING : Supplied argument 'queue_size' not an argument of 'Pymultinest', removing.
11:43 WARNING : Supplied argument 'check_point_delta_t' not an argument of 'Pymultinest', removing.
11:43 INFO    : Using sampler Pymultinest with kwargs {'importance_nested_sampling': False, 'resume': True, 'verbose': True, 'sampling_efficiency': 'parameter', 'n_live_points': 2048, 'n_params': 5, 'n_clustering_params': None, 'wrapped_params': None, 'multimodal': True, 'const_efficiency_mode': False, 'evidence_tolerance': 0.5, 'n_iter_before_update': 100, 'null_log_evidence': -1e+90, 'max_modes': 100, 'mode_tolerance': -1e+90, 'seed': 42, 'context': 0, 'write_output': True, 'log_zero': -1e+100, 'max_iter': 0, 'init_MPI': False, 'dump_callback': <bound method Pymultinest._dump_callback of <bilby.core.sampler.pymultinest.Pymultinest object at 0x155500fc16f0>>}
11:43 INFO    : Temporary directory incompatible with MPI, will run in original directory
11:43 INFO    : Using output file outdirBNSBu32cores/pm_Simu2019lm/
11:43 INFO    : Single likelihood evaluation took 3.244e-01 s
11:43 INFO    : Single likelihood evaluation took 3.244e-01 s
11:43 WARNING : Supplied argument 'queue_size' not an argument of 'Pymultinest', removing.
11:43 WARNING : Supplied argument 'check_point_delta_t' not an argument of 'Pymultinest', removing.
11:43 INFO    : Using sampler Pymultinest with kwargs {'importance_nested_sampling': False, 'resume': True, 'verbose': True, 'sampling_efficiency': 'parameter', 'n_live_points': 2048, 'n_params': 5, 'n_clustering_params': None, 'wrapped_params': None, 'multimodal': True, 'const_efficiency_mode': False, 'evidence_tolerance': 0.5, 'n_iter_before_update': 100, 'null_log_evidence': -1e+90, 'max_modes': 100, 'mode_tolerance': -1e+90, 'seed': 42, 'context': 0, 'write_output': True, 'log_zero': -1e+100, 'max_iter': 0, 'init_MPI': False, 'dump_callback': <bound method Pymultinest._dump_callback of <bilby.core.sampler.pymultinest.Pymultinest object at 0x155500fc4430>>}
11:43 INFO    : Temporary directory incompatible with MPI, will run in original directory
11:43 INFO    : Using output file outdirBNSBu32cores/pm_Simu2019lm/
11:43 WARNING : Supplied argument 'queue_size' not an argument of 'Pymultinest', removing.
11:43 WARNING : Supplied argument 'check_point_delta_t' not an argument of 'Pymultinest', removing.
11:43 WARNING : Supplied argument 'queue_size' not an argument of 'Pymultinest', removing.
11:43 WARNING : Supplied argument 'check_point_delta_t' not an argument of 'Pymultinest', removing.
11:43 INFO    : Using sampler Pymultinest with kwargs {'importance_nested_sampling': False, 'resume': True, 'verbose': True, 'sampling_efficiency': 'parameter', 'n_live_points': 2048, 'n_params': 5, 'n_clustering_params': None, 'wrapped_params': None, 'multimodal': True, 'const_efficiency_mode': False, 'evidence_tolerance': 0.5, 'n_iter_before_update': 100, 'null_log_evidence': -1e+90, 'max_modes': 100, 'mode_tolerance': -1e+90, 'seed': 42, 'context': 0, 'write_output': True, 'log_zero': -1e+100, 'max_iter': 0, 'init_MPI': False, 'dump_callback': <bound method Pymultinest._dump_callback of <bilby.core.sampler.pymultinest.Pymultinest object at 0x155500fc4070>>}
11:43 INFO    : Using sampler Pymultinest with kwargs {'importance_nested_sampling': False, 'resume': True, 'verbose': True, 'sampling_efficiency': 'parameter', 'n_live_points': 2048, 'n_params': 5, 'n_clustering_params': None, 'wrapped_params': None, 'multimodal': True, 'const_efficiency_mode': False, 'evidence_tolerance': 0.5, 'n_iter_before_update': 100, 'null_log_evidence': -1e+90, 'max_modes': 100, 'mode_tolerance': -1e+90, 'seed': 42, 'context': 0, 'write_output': True, 'log_zero': -1e+100, 'max_iter': 0, 'init_MPI': False, 'dump_callback': <bound method Pymultinest._dump_callback of <bilby.core.sampler.pymultinest.Pymultinest object at 0x155500fc5510>>}
11:43 INFO    : Temporary directory incompatible with MPI, will run in original directory
11:43 INFO    : Temporary directory incompatible with MPI, will run in original directory
11:43 INFO    : Using output file outdirBNSBu32cores/pm_Simu2019lm/
11:43 INFO    : Using output file outdirBNSBu32cores/pm_Simu2019lm/
11:43 WARNING : Supplied argument 'queue_size' not an argument of 'Pymultinest', removing.
11:43 WARNING : Supplied argument 'check_point_delta_t' not an argument of 'Pymultinest', removing.
11:43 INFO    : Using sampler Pymultinest with kwargs {'importance_nested_sampling': False, 'resume': True, 'verbose': True, 'sampling_efficiency': 'parameter', 'n_live_points': 2048, 'n_params': 5, 'n_clustering_params': None, 'wrapped_params': None, 'multimodal': True, 'const_efficiency_mode': False, 'evidence_tolerance': 0.5, 'n_iter_before_update': 100, 'null_log_evidence': -1e+90, 'max_modes': 100, 'mode_tolerance': -1e+90, 'seed': 42, 'context': 0, 'write_output': True, 'log_zero': -1e+100, 'max_iter': 0, 'init_MPI': False, 'dump_callback': <bound method Pymultinest._dump_callback of <bilby.core.sampler.pymultinest.Pymultinest object at 0x155500fc8190>>}
11:43 INFO    : Temporary directory incompatible with MPI, will run in original directory
11:43 INFO    : Using output file outdirBNSBu32cores/pm_Simu2019lm/
11:43 INFO    : Single likelihood evaluation took 3.258e-01 s
11:43 INFO    : Single likelihood evaluation took 3.258e-01 s
11:43 INFO    : Single likelihood evaluation took 3.252e-01 s
11:43 INFO    : Single likelihood evaluation took 3.258e-01 s
11:43 INFO    : Single likelihood evaluation took 3.260e-01 s
11:43 INFO    : Single likelihood evaluation took 3.263e-01 s
11:43 INFO    : Single likelihood evaluation took 3.259e-01 s
11:43 INFO    : Single likelihood evaluation took 3.262e-01 s
11:43 INFO    : Single likelihood evaluation took 3.263e-01 s
11:43 INFO    : Single likelihood evaluation took 3.260e-01 s
11:43 INFO    : Single likelihood evaluation took 3.259e-01 s
11:43 INFO    : Single likelihood evaluation took 3.263e-01 s
11:43 INFO    : Single likelihood evaluation took 3.267e-01 s
11:43 WARNING : Supplied argument 'queue_size' not an argument of 'Pymultinest', removing.
11:43 WARNING : Supplied argument 'check_point_delta_t' not an argument of 'Pymultinest', removing.
11:43 INFO    : Using sampler Pymultinest with kwargs {'importance_nested_sampling': False, 'resume': True, 'verbose': True, 'sampling_efficiency': 'parameter', 'n_live_points': 2048, 'n_params': 5, 'n_clustering_params': None, 'wrapped_params': None, 'multimodal': True, 'const_efficiency_mode': False, 'evidence_tolerance': 0.5, 'n_iter_before_update': 100, 'null_log_evidence': -1e+90, 'max_modes': 100, 'mode_tolerance': -1e+90, 'seed': 42, 'context': 0, 'write_output': True, 'log_zero': -1e+100, 'max_iter': 0, 'init_MPI': False, 'dump_callback': <bound method Pymultinest._dump_callback of <bilby.core.sampler.pymultinest.Pymultinest object at 0x155500fc89a0>>}
11:43 INFO    : Temporary directory incompatible with MPI, will run in original directory
11:43 INFO    : Using output file outdirBNSBu32cores/pm_Simu2019lm/
11:43 INFO    : Single likelihood evaluation took 3.266e-01 s
11:43 INFO    : Single likelihood evaluation took 3.266e-01 s
11:43 INFO    : Single likelihood evaluation took 3.271e-01 s
11:43 WARNING : Supplied argument 'queue_size' not an argument of 'Pymultinest', removing.
11:43 WARNING : Supplied argument 'check_point_delta_t' not an argument of 'Pymultinest', removing.
11:43 INFO    : Using sampler Pymultinest with kwargs {'importance_nested_sampling': False, 'resume': True, 'verbose': True, 'sampling_efficiency': 'parameter', 'n_live_points': 2048, 'n_params': 5, 'n_clustering_params': None, 'wrapped_params': None, 'multimodal': True, 'const_efficiency_mode': False, 'evidence_tolerance': 0.5, 'n_iter_before_update': 100, 'null_log_evidence': -1e+90, 'max_modes': 100, 'mode_tolerance': -1e+90, 'seed': 42, 'context': 0, 'write_output': True, 'log_zero': -1e+100, 'max_iter': 0, 'init_MPI': False, 'dump_callback': <bound method Pymultinest._dump_callback of <bilby.core.sampler.pymultinest.Pymultinest object at 0x155500fc54e0>>}
11:43 INFO    : Temporary directory incompatible with MPI, will run in original directory
11:43 INFO    : Using output file outdirBNSBu32cores/pm_Simu2019lm/
11:43 WARNING : Supplied argument 'queue_size' not an argument of 'Pymultinest', removing.
11:43 WARNING : Supplied argument 'check_point_delta_t' not an argument of 'Pymultinest', removing.
11:43 WARNING : Supplied argument 'queue_size' not an argument of 'Pymultinest', removing.
11:43 WARNING : Supplied argument 'check_point_delta_t' not an argument of 'Pymultinest', removing.
11:43 WARNING : Supplied argument 'queue_size' not an argument of 'Pymultinest', removing.
11:43 WARNING : Supplied argument 'check_point_delta_t' not an argument of 'Pymultinest', removing.
11:43 INFO    : Using sampler Pymultinest with kwargs {'importance_nested_sampling': False, 'resume': True, 'verbose': True, 'sampling_efficiency': 'parameter', 'n_live_points': 2048, 'n_params': 5, 'n_clustering_params': None, 'wrapped_params': None, 'multimodal': True, 'const_efficiency_mode': False, 'evidence_tolerance': 0.5, 'n_iter_before_update': 100, 'null_log_evidence': -1e+90, 'max_modes': 100, 'mode_tolerance': -1e+90, 'seed': 42, 'context': 0, 'write_output': True, 'log_zero': -1e+100, 'max_iter': 0, 'init_MPI': False, 'dump_callback': <bound method Pymultinest._dump_callback of <bilby.core.sampler.pymultinest.Pymultinest object at 0x1555017bbe80>>}
11:43 INFO    : Using sampler Pymultinest with kwargs {'importance_nested_sampling': False, 'resume': True, 'verbose': True, 'sampling_efficiency': 'parameter', 'n_live_points': 2048, 'n_params': 5, 'n_clustering_params': None, 'wrapped_params': None, 'multimodal': True, 'const_efficiency_mode': False, 'evidence_tolerance': 0.5, 'n_iter_before_update': 100, 'null_log_evidence': -1e+90, 'max_modes': 100, 'mode_tolerance': -1e+90, 'seed': 42, 'context': 0, 'write_output': True, 'log_zero': -1e+100, 'max_iter': 0, 'init_MPI': False, 'dump_callback': <bound method Pymultinest._dump_callback of <bilby.core.sampler.pymultinest.Pymultinest object at 0x155500fc4970>>}
11:43 INFO    : Using sampler Pymultinest with kwargs {'importance_nested_sampling': False, 'resume': True, 'verbose': True, 'sampling_efficiency': 'parameter', 'n_live_points': 2048, 'n_params': 5, 'n_clustering_params': None, 'wrapped_params': None, 'multimodal': True, 'const_efficiency_mode': False, 'evidence_tolerance': 0.5, 'n_iter_before_update': 100, 'null_log_evidence': -1e+90, 'max_modes': 100, 'mode_tolerance': -1e+90, 'seed': 42, 'context': 0, 'write_output': True, 'log_zero': -1e+100, 'max_iter': 0, 'init_MPI': False, 'dump_callback': <bound method Pymultinest._dump_callback of <bilby.core.sampler.pymultinest.Pymultinest object at 0x15550178bdc0>>}
11:43 INFO    : Temporary directory incompatible with MPI, will run in original directory
11:43 INFO    : Temporary directory incompatible with MPI, will run in original directory
11:43 INFO    : Temporary directory incompatible with MPI, will run in original directory
11:43 INFO    : Using output file outdirBNSBu32cores/pm_Simu2019lm/
11:43 INFO    : Using output file outdirBNSBu32cores/pm_Simu2019lm/
11:43 INFO    : Using output file outdirBNSBu32cores/pm_Simu2019lm/
11:43 INFO    : Single likelihood evaluation took 3.273e-01 s
11:43 WARNING : Supplied argument 'queue_size' not an argument of 'Pymultinest', removing.
11:43 WARNING : Supplied argument 'queue_size' not an argument of 'Pymultinest', removing.
11:43 WARNING : Supplied argument 'check_point_delta_t' not an argument of 'Pymultinest', removing.
11:43 WARNING : Supplied argument 'check_point_delta_t' not an argument of 'Pymultinest', removing.
11:43 INFO    : Using sampler Pymultinest with kwargs {'importance_nested_sampling': False, 'resume': True, 'verbose': True, 'sampling_efficiency': 'parameter', 'n_live_points': 2048, 'n_params': 5, 'n_clustering_params': None, 'wrapped_params': None, 'multimodal': True, 'const_efficiency_mode': False, 'evidence_tolerance': 0.5, 'n_iter_before_update': 100, 'null_log_evidence': -1e+90, 'max_modes': 100, 'mode_tolerance': -1e+90, 'seed': 42, 'context': 0, 'write_output': True, 'log_zero': -1e+100, 'max_iter': 0, 'init_MPI': False, 'dump_callback': <bound method Pymultinest._dump_callback of <bilby.core.sampler.pymultinest.Pymultinest object at 0x155500fc4df0>>}
11:43 INFO    : Using sampler Pymultinest with kwargs {'importance_nested_sampling': False, 'resume': True, 'verbose': True, 'sampling_efficiency': 'parameter', 'n_live_points': 2048, 'n_params': 5, 'n_clustering_params': None, 'wrapped_params': None, 'multimodal': True, 'const_efficiency_mode': False, 'evidence_tolerance': 0.5, 'n_iter_before_update': 100, 'null_log_evidence': -1e+90, 'max_modes': 100, 'mode_tolerance': -1e+90, 'seed': 42, 'context': 0, 'write_output': True, 'log_zero': -1e+100, 'max_iter': 0, 'init_MPI': False, 'dump_callback': <bound method Pymultinest._dump_callback of <bilby.core.sampler.pymultinest.Pymultinest object at 0x155500fc4df0>>}
11:43 INFO    : Temporary directory incompatible with MPI, will run in original directory
11:43 INFO    : Temporary directory incompatible with MPI, will run in original directory
11:43 INFO    : Using output file outdirBNSBu32cores/pm_Simu2019lm/
11:43 INFO    : Using output file outdirBNSBu32cores/pm_Simu2019lm/
11:43 WARNING : Supplied argument 'queue_size' not an argument of 'Pymultinest', removing.
11:43 WARNING : Supplied argument 'check_point_delta_t' not an argument of 'Pymultinest', removing.
11:43 INFO    : Using sampler Pymultinest with kwargs {'importance_nested_sampling': False, 'resume': True, 'verbose': True, 'sampling_efficiency': 'parameter', 'n_live_points': 2048, 'n_params': 5, 'n_clustering_params': None, 'wrapped_params': None, 'multimodal': True, 'const_efficiency_mode': False, 'evidence_tolerance': 0.5, 'n_iter_before_update': 100, 'null_log_evidence': -1e+90, 'max_modes': 100, 'mode_tolerance': -1e+90, 'seed': 42, 'context': 0, 'write_output': True, 'log_zero': -1e+100, 'max_iter': 0, 'init_MPI': False, 'dump_callback': <bound method Pymultinest._dump_callback of <bilby.core.sampler.pymultinest.Pymultinest object at 0x155500fc4e50>>}
11:43 INFO    : Temporary directory incompatible with MPI, will run in original directory
11:43 INFO    : Using output file outdirBNSBu32cores/pm_Simu2019lm/
11:43 WARNING : Supplied argument 'queue_size' not an argument of 'Pymultinest', removing.
11:43 WARNING : Supplied argument 'check_point_delta_t' not an argument of 'Pymultinest', removing.
11:43 INFO    : Using sampler Pymultinest with kwargs {'importance_nested_sampling': False, 'resume': True, 'verbose': True, 'sampling_efficiency': 'parameter', 'n_live_points': 2048, 'n_params': 5, 'n_clustering_params': None, 'wrapped_params': None, 'multimodal': True, 'const_efficiency_mode': False, 'evidence_tolerance': 0.5, 'n_iter_before_update': 100, 'null_log_evidence': -1e+90, 'max_modes': 100, 'mode_tolerance': -1e+90, 'seed': 42, 'context': 0, 'write_output': True, 'log_zero': -1e+100, 'max_iter': 0, 'init_MPI': False, 'dump_callback': <bound method Pymultinest._dump_callback of <bilby.core.sampler.pymultinest.Pymultinest object at 0x155500fc49a0>>}
11:43 INFO    : Temporary directory incompatible with MPI, will run in original directory
11:43 INFO    : Using output file outdirBNSBu32cores/pm_Simu2019lm/
11:43 WARNING : Supplied argument 'queue_size' not an argument of 'Pymultinest', removing.
11:43 WARNING : Supplied argument 'check_point_delta_t' not an argument of 'Pymultinest', removing.
11:43 INFO    : Using sampler Pymultinest with kwargs {'importance_nested_sampling': False, 'resume': True, 'verbose': True, 'sampling_efficiency': 'parameter', 'n_live_points': 2048, 'n_params': 5, 'n_clustering_params': None, 'wrapped_params': None, 'multimodal': True, 'const_efficiency_mode': False, 'evidence_tolerance': 0.5, 'n_iter_before_update': 100, 'null_log_evidence': -1e+90, 'max_modes': 100, 'mode_tolerance': -1e+90, 'seed': 42, 'context': 0, 'write_output': True, 'log_zero': -1e+100, 'max_iter': 0, 'init_MPI': False, 'dump_callback': <bound method Pymultinest._dump_callback of <bilby.core.sampler.pymultinest.Pymultinest object at 0x155500fc8430>>}
11:43 INFO    : Temporary directory incompatible with MPI, will run in original directory
11:43 INFO    : Using output file outdirBNSBu32cores/pm_Simu2019lm/
11:43 WARNING : Supplied argument 'queue_size' not an argument of 'Pymultinest', removing.
11:43 WARNING : Supplied argument 'queue_size' not an argument of 'Pymultinest', removing.
11:43 WARNING : Supplied argument 'check_point_delta_t' not an argument of 'Pymultinest', removing.
11:43 WARNING : Supplied argument 'check_point_delta_t' not an argument of 'Pymultinest', removing.
11:43 INFO    : Using sampler Pymultinest with kwargs {'importance_nested_sampling': False, 'resume': True, 'verbose': True, 'sampling_efficiency': 'parameter', 'n_live_points': 2048, 'n_params': 5, 'n_clustering_params': None, 'wrapped_params': None, 'multimodal': True, 'const_efficiency_mode': False, 'evidence_tolerance': 0.5, 'n_iter_before_update': 100, 'null_log_evidence': -1e+90, 'max_modes': 100, 'mode_tolerance': -1e+90, 'seed': 42, 'context': 0, 'write_output': True, 'log_zero': -1e+100, 'max_iter': 0, 'init_MPI': False, 'dump_callback': <bound method Pymultinest._dump_callback of <bilby.core.sampler.pymultinest.Pymultinest object at 0x1555017bbeb0>>}
11:43 INFO    : Using sampler Pymultinest with kwargs {'importance_nested_sampling': False, 'resume': True, 'verbose': True, 'sampling_efficiency': 'parameter', 'n_live_points': 2048, 'n_params': 5, 'n_clustering_params': None, 'wrapped_params': None, 'multimodal': True, 'const_efficiency_mode': False, 'evidence_tolerance': 0.5, 'n_iter_before_update': 100, 'null_log_evidence': -1e+90, 'max_modes': 100, 'mode_tolerance': -1e+90, 'seed': 42, 'context': 0, 'write_output': True, 'log_zero': -1e+100, 'max_iter': 0, 'init_MPI': False, 'dump_callback': <bound method Pymultinest._dump_callback of <bilby.core.sampler.pymultinest.Pymultinest object at 0x155500fc5510>>}
11:43 INFO    : Temporary directory incompatible with MPI, will run in original directory
11:43 INFO    : Temporary directory incompatible with MPI, will run in original directory
11:43 INFO    : Using output file outdirBNSBu32cores/pm_Simu2019lm/
11:43 INFO    : Using output file outdirBNSBu32cores/pm_Simu2019lm/
11:43 INFO    : Single likelihood evaluation took 3.278e-01 s
11:43 INFO    : Single likelihood evaluation took 3.283e-01 s
11:43 WARNING : Supplied argument 'queue_size' not an argument of 'Pymultinest', removing.
11:43 WARNING : Supplied argument 'check_point_delta_t' not an argument of 'Pymultinest', removing.
11:43 INFO    : Using sampler Pymultinest with kwargs {'importance_nested_sampling': False, 'resume': True, 'verbose': True, 'sampling_efficiency': 'parameter', 'n_live_points': 2048, 'n_params': 5, 'n_clustering_params': None, 'wrapped_params': None, 'multimodal': True, 'const_efficiency_mode': False, 'evidence_tolerance': 0.5, 'n_iter_before_update': 100, 'null_log_evidence': -1e+90, 'max_modes': 100, 'mode_tolerance': -1e+90, 'seed': 42, 'context': 0, 'write_output': True, 'log_zero': -1e+100, 'max_iter': 0, 'init_MPI': False, 'dump_callback': <bound method Pymultinest._dump_callback of <bilby.core.sampler.pymultinest.Pymultinest object at 0x155500fc5630>>}
11:43 INFO    : Temporary directory incompatible with MPI, will run in original directory
11:43 INFO    : Using output file outdirBNSBu32cores/pm_Simu2019lm/
11:43 WARNING : Supplied argument 'queue_size' not an argument of 'Pymultinest', removing.
11:43 WARNING : Supplied argument 'check_point_delta_t' not an argument of 'Pymultinest', removing.
11:43 INFO    : Using sampler Pymultinest with kwargs {'importance_nested_sampling': False, 'resume': True, 'verbose': True, 'sampling_efficiency': 'parameter', 'n_live_points': 2048, 'n_params': 5, 'n_clustering_params': None, 'wrapped_params': None, 'multimodal': True, 'const_efficiency_mode': False, 'evidence_tolerance': 0.5, 'n_iter_before_update': 100, 'null_log_evidence': -1e+90, 'max_modes': 100, 'mode_tolerance': -1e+90, 'seed': 42, 'context': 0, 'write_output': True, 'log_zero': -1e+100, 'max_iter': 0, 'init_MPI': False, 'dump_callback': <bound method Pymultinest._dump_callback of <bilby.core.sampler.pymultinest.Pymultinest object at 0x155500fc4790>>}
11:43 INFO    : Temporary directory incompatible with MPI, will run in original directory
11:43 INFO    : Using output file outdirBNSBu32cores/pm_Simu2019lm/
11:43 WARNING : Supplied argument 'queue_size' not an argument of 'Pymultinest', removing.
11:43 WARNING : Supplied argument 'check_point_delta_t' not an argument of 'Pymultinest', removing.
11:43 INFO    : Using sampler Pymultinest with kwargs {'importance_nested_sampling': False, 'resume': True, 'verbose': True, 'sampling_efficiency': 'parameter', 'n_live_points': 2048, 'n_params': 5, 'n_clustering_params': None, 'wrapped_params': None, 'multimodal': True, 'const_efficiency_mode': False, 'evidence_tolerance': 0.5, 'n_iter_before_update': 100, 'null_log_evidence': -1e+90, 'max_modes': 100, 'mode_tolerance': -1e+90, 'seed': 42, 'context': 0, 'write_output': True, 'log_zero': -1e+100, 'max_iter': 0, 'init_MPI': False, 'dump_callback': <bound method Pymultinest._dump_callback of <bilby.core.sampler.pymultinest.Pymultinest object at 0x1555017bfeb0>>}
11:43 INFO    : Temporary directory incompatible with MPI, will run in original directory
11:43 INFO    : Using output file outdirBNSBu32cores/pm_Simu2019lm/
11:43 WARNING : Supplied argument 'queue_size' not an argument of 'Pymultinest', removing.
11:43 WARNING : Supplied argument 'check_point_delta_t' not an argument of 'Pymultinest', removing.
11:43 INFO    : Using sampler Pymultinest with kwargs {'importance_nested_sampling': False, 'resume': True, 'verbose': True, 'sampling_efficiency': 'parameter', 'n_live_points': 2048, 'n_params': 5, 'n_clustering_params': None, 'wrapped_params': None, 'multimodal': True, 'const_efficiency_mode': False, 'evidence_tolerance': 0.5, 'n_iter_before_update': 100, 'null_log_evidence': -1e+90, 'max_modes': 100, 'mode_tolerance': -1e+90, 'seed': 42, 'context': 0, 'write_output': True, 'log_zero': -1e+100, 'max_iter': 0, 'init_MPI': False, 'dump_callback': <bound method Pymultinest._dump_callback of <bilby.core.sampler.pymultinest.Pymultinest object at 0x155500fc4af0>>}
11:43 INFO    : Temporary directory incompatible with MPI, will run in original directory
11:43 INFO    : Using output file outdirBNSBu32cores/pm_Simu2019lm/
11:43 WARNING : Supplied argument 'queue_size' not an argument of 'Pymultinest', removing.
11:43 WARNING : Supplied argument 'check_point_delta_t' not an argument of 'Pymultinest', removing.
11:43 INFO    : Using sampler Pymultinest with kwargs {'importance_nested_sampling': False, 'resume': True, 'verbose': True, 'sampling_efficiency': 'parameter', 'n_live_points': 2048, 'n_params': 5, 'n_clustering_params': None, 'wrapped_params': None, 'multimodal': True, 'const_efficiency_mode': False, 'evidence_tolerance': 0.5, 'n_iter_before_update': 100, 'null_log_evidence': -1e+90, 'max_modes': 100, 'mode_tolerance': -1e+90, 'seed': 42, 'context': 0, 'write_output': True, 'log_zero': -1e+100, 'max_iter': 0, 'init_MPI': False, 'dump_callback': <bound method Pymultinest._dump_callback of <bilby.core.sampler.pymultinest.Pymultinest object at 0x155500fc4670>>}
11:43 INFO    : Temporary directory incompatible with MPI, will run in original directory
11:43 INFO    : Using output file outdirBNSBu32cores/pm_Simu2019lm/
11:43 WARNING : Supplied argument 'queue_size' not an argument of 'Pymultinest', removing.
11:43 WARNING : Supplied argument 'check_point_delta_t' not an argument of 'Pymultinest', removing.
11:43 INFO    : Using sampler Pymultinest with kwargs {'importance_nested_sampling': False, 'resume': True, 'verbose': True, 'sampling_efficiency': 'parameter', 'n_live_points': 2048, 'n_params': 5, 'n_clustering_params': None, 'wrapped_params': None, 'multimodal': True, 'const_efficiency_mode': False, 'evidence_tolerance': 0.5, 'n_iter_before_update': 100, 'null_log_evidence': -1e+90, 'max_modes': 100, 'mode_tolerance': -1e+90, 'seed': 42, 'context': 0, 'write_output': True, 'log_zero': -1e+100, 'max_iter': 0, 'init_MPI': False, 'dump_callback': <bound method Pymultinest._dump_callback of <bilby.core.sampler.pymultinest.Pymultinest object at 0x155500fc4af0>>}
11:43 INFO    : Temporary directory incompatible with MPI, will run in original directory
11:43 INFO    : Using output file outdirBNSBu32cores/pm_Simu2019lm/
11:43 WARNING : Supplied argument 'queue_size' not an argument of 'Pymultinest', removing.
11:43 WARNING : Supplied argument 'check_point_delta_t' not an argument of 'Pymultinest', removing.
11:43 INFO    : Using sampler Pymultinest with kwargs {'importance_nested_sampling': False, 'resume': True, 'verbose': True, 'sampling_efficiency': 'parameter', 'n_live_points': 2048, 'n_params': 5, 'n_clustering_params': None, 'wrapped_params': None, 'multimodal': True, 'const_efficiency_mode': False, 'evidence_tolerance': 0.5, 'n_iter_before_update': 100, 'null_log_evidence': -1e+90, 'max_modes': 100, 'mode_tolerance': -1e+90, 'seed': 42, 'context': 0, 'write_output': True, 'log_zero': -1e+100, 'max_iter': 0, 'init_MPI': False, 'dump_callback': <bound method Pymultinest._dump_callback of <bilby.core.sampler.pymultinest.Pymultinest object at 0x155500fc4a90>>}
11:43 INFO    : Temporary directory incompatible with MPI, will run in original directory
11:43 INFO    : Using output file outdirBNSBu32cores/pm_Simu2019lm/
11:43 WARNING : Supplied argument 'queue_size' not an argument of 'Pymultinest', removing.
11:43 WARNING : Supplied argument 'check_point_delta_t' not an argument of 'Pymultinest', removing.
11:43 INFO    : Using sampler Pymultinest with kwargs {'importance_nested_sampling': False, 'resume': True, 'verbose': True, 'sampling_efficiency': 'parameter', 'n_live_points': 2048, 'n_params': 5, 'n_clustering_params': None, 'wrapped_params': None, 'multimodal': True, 'const_efficiency_mode': False, 'evidence_tolerance': 0.5, 'n_iter_before_update': 100, 'null_log_evidence': -1e+90, 'max_modes': 100, 'mode_tolerance': -1e+90, 'seed': 42, 'context': 0, 'write_output': True, 'log_zero': -1e+100, 'max_iter': 0, 'init_MPI': False, 'dump_callback': <bound method Pymultinest._dump_callback of <bilby.core.sampler.pymultinest.Pymultinest object at 0x155500fc5630>>}
11:43 INFO    : Temporary directory incompatible with MPI, will run in original directory
11:43 INFO    : Using output file outdirBNSBu32cores/pm_Simu2019lm/
11:57 INFO    : Sampling time: 0:13:12.949629
11:57 INFO    : Sampling time: 0:13:13.148345
11:57 INFO    : Sampling time: 0:13:13.139588
11:57 INFO    : Sampling time: 0:13:13.596883
11:57 INFO    : Sampling time: 0:13:13.521118
11:57 INFO    : Sampling time: 0:13:12.661035
11:57 INFO    : Sampling time: 0:13:12.668929
11:57 INFO    : Sampling time: 0:13:12.656689
11:57 INFO    : Sampling time: 0:13:12.700284
11:57 INFO    : Sampling time: 0:13:12.700420
11:57 INFO    : Sampling time: 0:13:12.702991
11:57 INFO    : Sampling time: 0:13:12.951191
11:57 INFO    : Sampling time: 0:13:12.700658
11:57 INFO    : Sampling time: 0:13:13.597342
11:57 INFO    : Sampling time: 0:13:13.522846
11:57 INFO    : Sampling time: 0:13:12.657309
11:57 INFO    : Sampling time: 0:13:12.674385
11:57 INFO    : Sampling time: 0:13:12.888795
11:57 INFO    : Sampling time: 0:13:13.048784
11:57 INFO    : Sampling time: 0:13:12.956437
11:57 INFO    : Sampling time: 0:13:13.133105
11:57 INFO    : Sampling time: 0:13:12.674889
11:57 INFO    : Sampling time: 0:13:12.791009
11:57 INFO    : Sampling time: 0:13:12.472077
11:57 INFO    : Sampling time: 0:13:12.472113
11:57 INFO    : Sampling time: 0:13:12.660480
11:57 INFO    : Sampling time: 0:13:12.472617
11:57 INFO    : Sampling time: 0:13:12.472072
11:57 INFO    : Sampling time: 0:13:12.472423
11:57 INFO    : Sampling time: 0:13:12.472074
11:57 INFO    : Sampling time: 0:13:12.472331
11:57 INFO    : Sampling time: 0:13:12.472508
11:57 ERROR   : 

Saving the data has failed with the following message:
[Errno 116] Stale file handle
Data has been dumped to outdirBNSBu32cores/Simu2019lm_result.pkl.


11:57 ERROR   : 

Saving the data has failed with the following message:
[Errno 116] Stale file handle
Data has been dumped to outdirBNSBu32cores/Simu2019lm_result.pkl.


11:57 INFO    : Summary of results:
nsamples: 11784
ln_noise_evidence:  0.000
ln_evidence: -100.431 +/-  0.056
ln_bayes_factor: -100.431 +/-  0.056

11:57 INFO    : Summary of results:
nsamples: 11784
ln_noise_evidence:  0.000
ln_evidence: -100.431 +/-  0.056
ln_bayes_factor: -100.431 +/-  0.056

11:57 INFO    : Summary of results:
nsamples: 11784
ln_noise_evidence:  0.000
ln_evidence: -100.431 +/-  0.056
ln_bayes_factor: -100.431 +/-  0.056

11:57 INFO    : Summary of results:
nsamples: 11784
ln_noise_evidence:  0.000
ln_evidence: -100.431 +/-  0.056
ln_bayes_factor: -100.431 +/-  0.056

11:57 INFO    : Summary of results:
nsamples: 11784
ln_noise_evidence:  0.000
ln_evidence: -100.431 +/-  0.056
ln_bayes_factor: -100.431 +/-  0.056

00:48 INFO    : Running for label 'Simu2019lm', output will be saved to 'outdirBNSBu32cores'
00:48 INFO    : Analysis priors:
00:48 INFO    : KNphi=Uniform(minimum=15.0, maximum=75.0, name='KNphi', latex_label='$\\Phi$', unit=None, boundary=None)
00:48 INFO    : log10_mej_dyn=Uniform(minimum=-3.0, maximum=-1.0, name='log10_mej_dyn', latex_label='$\\log_{10}M^{\\rm{dyn}}_{\\rm{ej}}$', unit=None, boundary='reflective')
00:48 INFO    : log10_mej_wind=Uniform(minimum=-3.0, maximum=-0.5, name='log10_mej_wind', latex_label='$\\log_{10}M^{\\rm{wind}}_{\\rm{ej}}$', unit=None, boundary='reflective')
00:48 INFO    : inclination_EM=Sine(minimum=0.0, maximum=1.5707963267948966, name='inclination_EM', latex_label='$\\iota$', unit=None, boundary=None)
00:48 INFO    : luminosity_distance=LogUniform(minimum=1, maximum=500, name='luminosity_distance', latex_label='$D_L$', unit=None, boundary=None)
00:48 INFO    : timeshift=0.0
00:48 INFO    : em_syserr=1.0
00:48 INFO    : Ebv=0.0
00:48 INFO    : Analysis likelihood class: <class 'nmma.em.likelihood.OpticalLightCurve'>
00:48 INFO    : Analysis likelihood noise evidence: 0.0
00:48 INFO    : Single likelihood evaluation took 6.350e-02 s
00:48 WARNING : Supplied argument 'queue_size' not an argument of 'Pymultinest', removing.
00:48 WARNING : Supplied argument 'check_point_delta_t' not an argument of 'Pymultinest', removing.
00:48 WARNING : Using cached result
00:48 INFO    : Summary of results:
nsamples: 11784
ln_noise_evidence:  0.000
ln_evidence: -100.431 +/-  0.056
ln_bayes_factor: -100.431 +/-  0.056

00:48 INFO    : Writing samples file to /home/thussenot/kilonovae-H0/lcsimu/cadence170817/grizyJ/outdirBNSBu32cores/Simu2019lm_posterior_samples.dat
