06:59 INFO    : Running for label 'AT170817', output will be saved to 'outdirBNSKa32cores'
07:00 INFO    : Analysis priors:
07:00 INFO    : log10_Xlan=Uniform(minimum=-9, maximum=-1, name='log10_Xlan', latex_label='log10_Xlan', unit=None, boundary='reflective')
07:00 INFO    : log10_mej=Uniform(minimum=-5, maximum=-0.5, name='log10_mej', latex_label='$\\log_{10}M^{\\rm{dyn}}_{\\rm{ej}}$', unit=None, boundary=None)
07:00 INFO    : log10_vej=Uniform(minimum=-1.8, maximum=-0.01, name='log10_vej', latex_label='$\\log_{10}v$', unit=None, boundary=None)
07:00 INFO    : luminosity_distance=LogUniform(minimum=1, maximum=500, name='luminosity_distance', latex_label='$D_L$', unit=None, boundary=None)
07:00 INFO    : timeshift=0.0
07:00 INFO    : em_syserr=1.0
07:00 INFO    : Ebv=0.0
07:00 INFO    : Analysis likelihood class: <class 'nmma.em.likelihood.OpticalLightCurve'>
07:00 INFO    : Analysis likelihood noise evidence: 0.0
07:00 INFO    : Single likelihood evaluation took 2.789e-02 s
07:00 WARNING : Supplied argument 'queue_size' not an argument of 'Pymultinest', removing.
07:00 WARNING : Supplied argument 'check_point_delta_t' not an argument of 'Pymultinest', removing.
07:00 INFO    : Using sampler Pymultinest with kwargs {'importance_nested_sampling': False, 'resume': True, 'verbose': True, 'sampling_efficiency': 'parameter', 'n_live_points': 2048, 'n_params': 4, 'n_clustering_params': None, 'wrapped_params': None, 'multimodal': True, 'const_efficiency_mode': False, 'evidence_tolerance': 0.5, 'n_iter_before_update': 100, 'null_log_evidence': -1e+90, 'max_modes': 100, 'mode_tolerance': -1e+90, 'seed': 42, 'context': 0, 'write_output': True, 'log_zero': -1e+100, 'max_iter': 0, 'init_MPI': False, 'dump_callback': <bound method Pymultinest._dump_callback of <bilby.core.sampler.pymultinest.Pymultinest object at 0x15551b02dd50>>}
07:00 INFO    : Using temporary file /scratch/thussenot/job_29788521/tmpei9kdgs9
09:46 INFO    : Running for label 'AT170817', output will be saved to 'outdirBNSKa32cores'
09:46 INFO    : Running for label 'AT170817', output will be saved to 'outdirBNSKa32cores'
09:46 INFO    : Running for label 'AT170817', output will be saved to 'outdirBNSKa32cores'
09:46 INFO    : Running for label 'AT170817', output will be saved to 'outdirBNSKa32cores'
09:46 INFO    : Running for label 'AT170817', output will be saved to 'outdirBNSKa32cores'
09:46 INFO    : Running for label 'AT170817', output will be saved to 'outdirBNSKa32cores'
09:46 INFO    : Running for label 'AT170817', output will be saved to 'outdirBNSKa32cores'
09:46 INFO    : Running for label 'AT170817', output will be saved to 'outdirBNSKa32cores'
09:46 INFO    : Running for label 'AT170817', output will be saved to 'outdirBNSKa32cores'
09:46 INFO    : Running for label 'AT170817', output will be saved to 'outdirBNSKa32cores'
09:46 INFO    : Running for label 'AT170817', output will be saved to 'outdirBNSKa32cores'
09:46 INFO    : Running for label 'AT170817', output will be saved to 'outdirBNSKa32cores'
09:46 INFO    : Running for label 'AT170817', output will be saved to 'outdirBNSKa32cores'
09:46 INFO    : Running for label 'AT170817', output will be saved to 'outdirBNSKa32cores'
09:46 INFO    : Running for label 'AT170817', output will be saved to 'outdirBNSKa32cores'
09:46 INFO    : Running for label 'AT170817', output will be saved to 'outdirBNSKa32cores'
09:46 INFO    : Running for label 'AT170817', output will be saved to 'outdirBNSKa32cores'
09:46 INFO    : Running for label 'AT170817', output will be saved to 'outdirBNSKa32cores'
09:46 INFO    : Running for label 'AT170817', output will be saved to 'outdirBNSKa32cores'
09:46 INFO    : Running for label 'AT170817', output will be saved to 'outdirBNSKa32cores'
09:46 INFO    : Running for label 'AT170817', output will be saved to 'outdirBNSKa32cores'
09:46 INFO    : Running for label 'AT170817', output will be saved to 'outdirBNSKa32cores'
09:46 INFO    : Running for label 'AT170817', output will be saved to 'outdirBNSKa32cores'
09:46 INFO    : Running for label 'AT170817', output will be saved to 'outdirBNSKa32cores'
09:46 INFO    : Running for label 'AT170817', output will be saved to 'outdirBNSKa32cores'
09:46 INFO    : Running for label 'AT170817', output will be saved to 'outdirBNSKa32cores'
09:46 INFO    : Running for label 'AT170817', output will be saved to 'outdirBNSKa32cores'
09:46 INFO    : Running for label 'AT170817', output will be saved to 'outdirBNSKa32cores'
09:46 INFO    : Running for label 'AT170817', output will be saved to 'outdirBNSKa32cores'
09:46 INFO    : Running for label 'AT170817', output will be saved to 'outdirBNSKa32cores'
09:46 INFO    : Running for label 'AT170817', output will be saved to 'outdirBNSKa32cores'
09:46 INFO    : Running for label 'AT170817', output will be saved to 'outdirBNSKa32cores'
09:47 INFO    : Analysis priors:
09:47 INFO    : Analysis priors:
09:47 INFO    : Analysis priors:
09:47 INFO    : log10_Xlan=Uniform(minimum=-9, maximum=-1, name='log10_Xlan', latex_label='log10_Xlan', unit=None, boundary='reflective')
09:47 INFO    : log10_Xlan=Uniform(minimum=-9, maximum=-1, name='log10_Xlan', latex_label='log10_Xlan', unit=None, boundary='reflective')
09:47 INFO    : log10_Xlan=Uniform(minimum=-9, maximum=-1, name='log10_Xlan', latex_label='log10_Xlan', unit=None, boundary='reflective')
09:47 INFO    : log10_mej=Uniform(minimum=-5, maximum=-0.5, name='log10_mej', latex_label='$\\log_{10}M^{\\rm{dyn}}_{\\rm{ej}}$', unit=None, boundary=None)
09:47 INFO    : Analysis priors:
09:47 INFO    : Analysis priors:
09:47 INFO    : Analysis priors:
09:47 INFO    : Analysis priors:
09:47 INFO    : Analysis priors:
09:47 INFO    : Analysis priors:
09:47 INFO    : Analysis priors:
09:47 INFO    : Analysis priors:
09:47 INFO    : Analysis priors:
09:47 INFO    : Analysis priors:
09:47 INFO    : Analysis priors:
09:47 INFO    : Analysis priors:
09:47 INFO    : Analysis priors:
09:47 INFO    : Analysis priors:
09:47 INFO    : Analysis priors:
09:47 INFO    : Analysis priors:
09:47 INFO    : log10_mej=Uniform(minimum=-5, maximum=-0.5, name='log10_mej', latex_label='$\\log_{10}M^{\\rm{dyn}}_{\\rm{ej}}$', unit=None, boundary=None)
09:47 INFO    : log10_mej=Uniform(minimum=-5, maximum=-0.5, name='log10_mej', latex_label='$\\log_{10}M^{\\rm{dyn}}_{\\rm{ej}}$', unit=None, boundary=None)
09:47 INFO    : log10_vej=Uniform(minimum=-1.8, maximum=-0.01, name='log10_vej', latex_label='$\\log_{10}v$', unit=None, boundary=None)
09:47 INFO    : log10_vej=Uniform(minimum=-1.8, maximum=-0.01, name='log10_vej', latex_label='$\\log_{10}v$', unit=None, boundary=None)
09:47 INFO    : log10_vej=Uniform(minimum=-1.8, maximum=-0.01, name='log10_vej', latex_label='$\\log_{10}v$', unit=None, boundary=None)
09:47 INFO    : luminosity_distance=LogUniform(minimum=1, maximum=500, name='luminosity_distance', latex_label='$D_L$', unit=None, boundary=None)
09:47 INFO    : log10_Xlan=Uniform(minimum=-9, maximum=-1, name='log10_Xlan', latex_label='log10_Xlan', unit=None, boundary='reflective')
09:47 INFO    : log10_Xlan=Uniform(minimum=-9, maximum=-1, name='log10_Xlan', latex_label='log10_Xlan', unit=None, boundary='reflective')
09:47 INFO    : timeshift=0.0
09:47 INFO    : log10_Xlan=Uniform(minimum=-9, maximum=-1, name='log10_Xlan', latex_label='log10_Xlan', unit=None, boundary='reflective')
09:47 INFO    : log10_Xlan=Uniform(minimum=-9, maximum=-1, name='log10_Xlan', latex_label='log10_Xlan', unit=None, boundary='reflective')
09:47 INFO    : log10_Xlan=Uniform(minimum=-9, maximum=-1, name='log10_Xlan', latex_label='log10_Xlan', unit=None, boundary='reflective')
09:47 INFO    : log10_Xlan=Uniform(minimum=-9, maximum=-1, name='log10_Xlan', latex_label='log10_Xlan', unit=None, boundary='reflective')
09:47 INFO    : log10_Xlan=Uniform(minimum=-9, maximum=-1, name='log10_Xlan', latex_label='log10_Xlan', unit=None, boundary='reflective')
09:47 INFO    : Analysis priors:
09:47 INFO    : log10_Xlan=Uniform(minimum=-9, maximum=-1, name='log10_Xlan', latex_label='log10_Xlan', unit=None, boundary='reflective')
09:47 INFO    : Analysis priors:
09:47 INFO    : Analysis priors:
09:47 INFO    : Analysis priors:
09:47 INFO    : log10_Xlan=Uniform(minimum=-9, maximum=-1, name='log10_Xlan', latex_label='log10_Xlan', unit=None, boundary='reflective')
09:47 INFO    : log10_Xlan=Uniform(minimum=-9, maximum=-1, name='log10_Xlan', latex_label='log10_Xlan', unit=None, boundary='reflective')
09:47 INFO    : em_syserr=1.0
09:47 INFO    : Analysis priors:
09:47 INFO    : Analysis priors:
09:47 INFO    : Analysis priors:
09:47 INFO    : log10_Xlan=Uniform(minimum=-9, maximum=-1, name='log10_Xlan', latex_label='log10_Xlan', unit=None, boundary='reflective')
09:47 INFO    : log10_Xlan=Uniform(minimum=-9, maximum=-1, name='log10_Xlan', latex_label='log10_Xlan', unit=None, boundary='reflective')
09:47 INFO    : Analysis priors:
09:47 INFO    : Analysis priors:
09:47 INFO    : Analysis priors:
09:47 INFO    : log10_Xlan=Uniform(minimum=-9, maximum=-1, name='log10_Xlan', latex_label='log10_Xlan', unit=None, boundary='reflective')
09:47 INFO    : log10_Xlan=Uniform(minimum=-9, maximum=-1, name='log10_Xlan', latex_label='log10_Xlan', unit=None, boundary='reflective')
09:47 INFO    : luminosity_distance=LogUniform(minimum=1, maximum=500, name='luminosity_distance', latex_label='$D_L$', unit=None, boundary=None)
09:47 INFO    : Analysis priors:
09:47 INFO    : log10_Xlan=Uniform(minimum=-9, maximum=-1, name='log10_Xlan', latex_label='log10_Xlan', unit=None, boundary='reflective')
09:47 INFO    : Analysis priors:
09:47 INFO    : Analysis priors:
09:47 INFO    : luminosity_distance=LogUniform(minimum=1, maximum=500, name='luminosity_distance', latex_label='$D_L$', unit=None, boundary=None)
09:47 INFO    : Ebv=0.0
09:47 INFO    : log10_mej=Uniform(minimum=-5, maximum=-0.5, name='log10_mej', latex_label='$\\log_{10}M^{\\rm{dyn}}_{\\rm{ej}}$', unit=None, boundary=None)
09:47 INFO    : log10_mej=Uniform(minimum=-5, maximum=-0.5, name='log10_mej', latex_label='$\\log_{10}M^{\\rm{dyn}}_{\\rm{ej}}$', unit=None, boundary=None)
09:47 INFO    : timeshift=0.0
09:47 INFO    : log10_mej=Uniform(minimum=-5, maximum=-0.5, name='log10_mej', latex_label='$\\log_{10}M^{\\rm{dyn}}_{\\rm{ej}}$', unit=None, boundary=None)
09:47 INFO    : Analysis likelihood class: <class 'nmma.em.likelihood.OpticalLightCurve'>
09:47 INFO    : log10_mej=Uniform(minimum=-5, maximum=-0.5, name='log10_mej', latex_label='$\\log_{10}M^{\\rm{dyn}}_{\\rm{ej}}$', unit=None, boundary=None)
09:47 INFO    : log10_mej=Uniform(minimum=-5, maximum=-0.5, name='log10_mej', latex_label='$\\log_{10}M^{\\rm{dyn}}_{\\rm{ej}}$', unit=None, boundary=None)
09:47 INFO    : timeshift=0.0
09:47 INFO    : log10_mej=Uniform(minimum=-5, maximum=-0.5, name='log10_mej', latex_label='$\\log_{10}M^{\\rm{dyn}}_{\\rm{ej}}$', unit=None, boundary=None)
09:47 INFO    : log10_mej=Uniform(minimum=-5, maximum=-0.5, name='log10_mej', latex_label='$\\log_{10}M^{\\rm{dyn}}_{\\rm{ej}}$', unit=None, boundary=None)
09:47 INFO    : log10_mej=Uniform(minimum=-5, maximum=-0.5, name='log10_mej', latex_label='$\\log_{10}M^{\\rm{dyn}}_{\\rm{ej}}$', unit=None, boundary=None)
09:47 INFO    : em_syserr=1.0
09:47 INFO    : Analysis likelihood noise evidence: 0.0
09:47 INFO    : log10_mej=Uniform(minimum=-5, maximum=-0.5, name='log10_mej', latex_label='$\\log_{10}M^{\\rm{dyn}}_{\\rm{ej}}$', unit=None, boundary=None)
09:47 INFO    : log10_mej=Uniform(minimum=-5, maximum=-0.5, name='log10_mej', latex_label='$\\log_{10}M^{\\rm{dyn}}_{\\rm{ej}}$', unit=None, boundary=None)
09:47 INFO    : em_syserr=1.0
09:47 INFO    : Ebv=0.0
09:47 INFO    : log10_mej=Uniform(minimum=-5, maximum=-0.5, name='log10_mej', latex_label='$\\log_{10}M^{\\rm{dyn}}_{\\rm{ej}}$', unit=None, boundary=None)
09:47 INFO    : log10_mej=Uniform(minimum=-5, maximum=-0.5, name='log10_mej', latex_label='$\\log_{10}M^{\\rm{dyn}}_{\\rm{ej}}$', unit=None, boundary=None)
09:47 INFO    : Ebv=0.0
09:47 INFO    : log10_mej=Uniform(minimum=-5, maximum=-0.5, name='log10_mej', latex_label='$\\log_{10}M^{\\rm{dyn}}_{\\rm{ej}}$', unit=None, boundary=None)
09:47 INFO    : log10_mej=Uniform(minimum=-5, maximum=-0.5, name='log10_mej', latex_label='$\\log_{10}M^{\\rm{dyn}}_{\\rm{ej}}$', unit=None, boundary=None)
09:47 INFO    : log10_mej=Uniform(minimum=-5, maximum=-0.5, name='log10_mej', latex_label='$\\log_{10}M^{\\rm{dyn}}_{\\rm{ej}}$', unit=None, boundary=None)
09:47 INFO    : Analysis likelihood class: <class 'nmma.em.likelihood.OpticalLightCurve'>
09:47 INFO    : log10_vej=Uniform(minimum=-1.8, maximum=-0.01, name='log10_vej', latex_label='$\\log_{10}v$', unit=None, boundary=None)
09:47 INFO    : log10_vej=Uniform(minimum=-1.8, maximum=-0.01, name='log10_vej', latex_label='$\\log_{10}v$', unit=None, boundary=None)
09:47 INFO    : Analysis likelihood class: <class 'nmma.em.likelihood.OpticalLightCurve'>
09:47 INFO    : log10_vej=Uniform(minimum=-1.8, maximum=-0.01, name='log10_vej', latex_label='$\\log_{10}v$', unit=None, boundary=None)
09:47 INFO    : log10_vej=Uniform(minimum=-1.8, maximum=-0.01, name='log10_vej', latex_label='$\\log_{10}v$', unit=None, boundary=None)
09:47 INFO    : log10_Xlan=Uniform(minimum=-9, maximum=-1, name='log10_Xlan', latex_label='log10_Xlan', unit=None, boundary='reflective')
09:47 INFO    : log10_vej=Uniform(minimum=-1.8, maximum=-0.01, name='log10_vej', latex_label='$\\log_{10}v$', unit=None, boundary=None)
09:47 INFO    : log10_vej=Uniform(minimum=-1.8, maximum=-0.01, name='log10_vej', latex_label='$\\log_{10}v$', unit=None, boundary=None)
09:47 INFO    : log10_vej=Uniform(minimum=-1.8, maximum=-0.01, name='log10_vej', latex_label='$\\log_{10}v$', unit=None, boundary=None)
09:47 INFO    : Analysis likelihood noise evidence: 0.0
09:47 INFO    : log10_vej=Uniform(minimum=-1.8, maximum=-0.01, name='log10_vej', latex_label='$\\log_{10}v$', unit=None, boundary=None)
09:47 INFO    : log10_Xlan=Uniform(minimum=-9, maximum=-1, name='log10_Xlan', latex_label='log10_Xlan', unit=None, boundary='reflective')
09:47 INFO    : log10_Xlan=Uniform(minimum=-9, maximum=-1, name='log10_Xlan', latex_label='log10_Xlan', unit=None, boundary='reflective')
09:47 INFO    : Analysis likelihood noise evidence: 0.0
09:47 INFO    : log10_Xlan=Uniform(minimum=-9, maximum=-1, name='log10_Xlan', latex_label='log10_Xlan', unit=None, boundary='reflective')
09:47 INFO    : log10_vej=Uniform(minimum=-1.8, maximum=-0.01, name='log10_vej', latex_label='$\\log_{10}v$', unit=None, boundary=None)
09:47 INFO    : log10_vej=Uniform(minimum=-1.8, maximum=-0.01, name='log10_vej', latex_label='$\\log_{10}v$', unit=None, boundary=None)
09:47 INFO    : log10_vej=Uniform(minimum=-1.8, maximum=-0.01, name='log10_vej', latex_label='$\\log_{10}v$', unit=None, boundary=None)
09:47 INFO    : log10_vej=Uniform(minimum=-1.8, maximum=-0.01, name='log10_vej', latex_label='$\\log_{10}v$', unit=None, boundary=None)
09:47 INFO    : log10_Xlan=Uniform(minimum=-9, maximum=-1, name='log10_Xlan', latex_label='log10_Xlan', unit=None, boundary='reflective')
09:47 INFO    : log10_Xlan=Uniform(minimum=-9, maximum=-1, name='log10_Xlan', latex_label='log10_Xlan', unit=None, boundary='reflective')
09:47 INFO    : log10_Xlan=Uniform(minimum=-9, maximum=-1, name='log10_Xlan', latex_label='log10_Xlan', unit=None, boundary='reflective')
09:47 INFO    : log10_Xlan=Uniform(minimum=-9, maximum=-1, name='log10_Xlan', latex_label='log10_Xlan', unit=None, boundary='reflective')
09:47 INFO    : log10_Xlan=Uniform(minimum=-9, maximum=-1, name='log10_Xlan', latex_label='log10_Xlan', unit=None, boundary='reflective')
09:47 INFO    : log10_vej=Uniform(minimum=-1.8, maximum=-0.01, name='log10_vej', latex_label='$\\log_{10}v$', unit=None, boundary=None)
09:47 INFO    : log10_vej=Uniform(minimum=-1.8, maximum=-0.01, name='log10_vej', latex_label='$\\log_{10}v$', unit=None, boundary=None)
09:47 INFO    : log10_Xlan=Uniform(minimum=-9, maximum=-1, name='log10_Xlan', latex_label='log10_Xlan', unit=None, boundary='reflective')
09:47 INFO    : log10_Xlan=Uniform(minimum=-9, maximum=-1, name='log10_Xlan', latex_label='log10_Xlan', unit=None, boundary='reflective')
09:47 INFO    : log10_vej=Uniform(minimum=-1.8, maximum=-0.01, name='log10_vej', latex_label='$\\log_{10}v$', unit=None, boundary=None)
09:47 INFO    : log10_Xlan=Uniform(minimum=-9, maximum=-1, name='log10_Xlan', latex_label='log10_Xlan', unit=None, boundary='reflective')
09:47 INFO    : log10_Xlan=Uniform(minimum=-9, maximum=-1, name='log10_Xlan', latex_label='log10_Xlan', unit=None, boundary='reflective')
09:47 INFO    : luminosity_distance=LogUniform(minimum=1, maximum=500, name='luminosity_distance', latex_label='$D_L$', unit=None, boundary=None)
09:47 INFO    : luminosity_distance=LogUniform(minimum=1, maximum=500, name='luminosity_distance', latex_label='$D_L$', unit=None, boundary=None)
09:47 INFO    : luminosity_distance=LogUniform(minimum=1, maximum=500, name='luminosity_distance', latex_label='$D_L$', unit=None, boundary=None)
09:47 INFO    : luminosity_distance=LogUniform(minimum=1, maximum=500, name='luminosity_distance', latex_label='$D_L$', unit=None, boundary=None)
09:47 INFO    : log10_mej=Uniform(minimum=-5, maximum=-0.5, name='log10_mej', latex_label='$\\log_{10}M^{\\rm{dyn}}_{\\rm{ej}}$', unit=None, boundary=None)
09:47 INFO    : luminosity_distance=LogUniform(minimum=1, maximum=500, name='luminosity_distance', latex_label='$D_L$', unit=None, boundary=None)
09:47 INFO    : luminosity_distance=LogUniform(minimum=1, maximum=500, name='luminosity_distance', latex_label='$D_L$', unit=None, boundary=None)
09:47 INFO    : luminosity_distance=LogUniform(minimum=1, maximum=500, name='luminosity_distance', latex_label='$D_L$', unit=None, boundary=None)
09:47 INFO    : luminosity_distance=LogUniform(minimum=1, maximum=500, name='luminosity_distance', latex_label='$D_L$', unit=None, boundary=None)
09:47 INFO    : log10_mej=Uniform(minimum=-5, maximum=-0.5, name='log10_mej', latex_label='$\\log_{10}M^{\\rm{dyn}}_{\\rm{ej}}$', unit=None, boundary=None)
09:47 INFO    : timeshift=0.0
09:47 INFO    : log10_mej=Uniform(minimum=-5, maximum=-0.5, name='log10_mej', latex_label='$\\log_{10}M^{\\rm{dyn}}_{\\rm{ej}}$', unit=None, boundary=None)
09:47 INFO    : timeshift=0.0
09:47 INFO    : timeshift=0.0
09:47 INFO    : luminosity_distance=LogUniform(minimum=1, maximum=500, name='luminosity_distance', latex_label='$D_L$', unit=None, boundary=None)
09:47 INFO    : timeshift=0.0
09:47 INFO    : log10_mej=Uniform(minimum=-5, maximum=-0.5, name='log10_mej', latex_label='$\\log_{10}M^{\\rm{dyn}}_{\\rm{ej}}$', unit=None, boundary=None)
09:47 INFO    : luminosity_distance=LogUniform(minimum=1, maximum=500, name='luminosity_distance', latex_label='$D_L$', unit=None, boundary=None)
09:47 INFO    : timeshift=0.0
09:47 INFO    : timeshift=0.0
09:47 INFO    : timeshift=0.0
09:47 INFO    : em_syserr=1.0
09:47 INFO    : luminosity_distance=LogUniform(minimum=1, maximum=500, name='luminosity_distance', latex_label='$D_L$', unit=None, boundary=None)
09:47 INFO    : timeshift=0.0
09:47 INFO    : luminosity_distance=LogUniform(minimum=1, maximum=500, name='luminosity_distance', latex_label='$D_L$', unit=None, boundary=None)
09:47 INFO    : em_syserr=1.0
09:47 INFO    : em_syserr=1.0
09:47 INFO    : log10_mej=Uniform(minimum=-5, maximum=-0.5, name='log10_mej', latex_label='$\\log_{10}M^{\\rm{dyn}}_{\\rm{ej}}$', unit=None, boundary=None)
09:47 INFO    : log10_mej=Uniform(minimum=-5, maximum=-0.5, name='log10_mej', latex_label='$\\log_{10}M^{\\rm{dyn}}_{\\rm{ej}}$', unit=None, boundary=None)
09:47 INFO    : log10_mej=Uniform(minimum=-5, maximum=-0.5, name='log10_mej', latex_label='$\\log_{10}M^{\\rm{dyn}}_{\\rm{ej}}$', unit=None, boundary=None)
09:47 INFO    : em_syserr=1.0
09:47 INFO    : log10_mej=Uniform(minimum=-5, maximum=-0.5, name='log10_mej', latex_label='$\\log_{10}M^{\\rm{dyn}}_{\\rm{ej}}$', unit=None, boundary=None)
09:47 INFO    : log10_mej=Uniform(minimum=-5, maximum=-0.5, name='log10_mej', latex_label='$\\log_{10}M^{\\rm{dyn}}_{\\rm{ej}}$', unit=None, boundary=None)
09:47 INFO    : timeshift=0.0
09:47 INFO    : luminosity_distance=LogUniform(minimum=1, maximum=500, name='luminosity_distance', latex_label='$D_L$', unit=None, boundary=None)
09:47 INFO    : log10_mej=Uniform(minimum=-5, maximum=-0.5, name='log10_mej', latex_label='$\\log_{10}M^{\\rm{dyn}}_{\\rm{ej}}$', unit=None, boundary=None)
09:47 INFO    : luminosity_distance=LogUniform(minimum=1, maximum=500, name='luminosity_distance', latex_label='$D_L$', unit=None, boundary=None)
09:47 INFO    : em_syserr=1.0
09:47 INFO    : timeshift=0.0
09:47 INFO    : em_syserr=1.0
09:47 INFO    : em_syserr=1.0
09:47 INFO    : Ebv=0.0
09:47 INFO    : log10_mej=Uniform(minimum=-5, maximum=-0.5, name='log10_mej', latex_label='$\\log_{10}M^{\\rm{dyn}}_{\\rm{ej}}$', unit=None, boundary=None)
09:47 INFO    : luminosity_distance=LogUniform(minimum=1, maximum=500, name='luminosity_distance', latex_label='$D_L$', unit=None, boundary=None)
09:47 INFO    : em_syserr=1.0
09:47 INFO    : Ebv=0.0
09:47 INFO    : timeshift=0.0
09:47 INFO    : log10_mej=Uniform(minimum=-5, maximum=-0.5, name='log10_mej', latex_label='$\\log_{10}M^{\\rm{dyn}}_{\\rm{ej}}$', unit=None, boundary=None)
09:47 INFO    : Ebv=0.0
09:47 INFO    : timeshift=0.0
09:47 INFO    : log10_mej=Uniform(minimum=-5, maximum=-0.5, name='log10_mej', latex_label='$\\log_{10}M^{\\rm{dyn}}_{\\rm{ej}}$', unit=None, boundary=None)
09:47 INFO    : Ebv=0.0
09:47 INFO    : em_syserr=1.0
09:47 INFO    : log10_vej=Uniform(minimum=-1.8, maximum=-0.01, name='log10_vej', latex_label='$\\log_{10}v$', unit=None, boundary=None)
09:47 INFO    : timeshift=0.0
09:47 INFO    : Ebv=0.0
09:47 INFO    : em_syserr=1.0
09:47 INFO    : timeshift=0.0
09:47 INFO    : log10_vej=Uniform(minimum=-1.8, maximum=-0.01, name='log10_vej', latex_label='$\\log_{10}v$', unit=None, boundary=None)
09:47 INFO    : Ebv=0.0
09:47 INFO    : Ebv=0.0
09:47 INFO    : log10_vej=Uniform(minimum=-1.8, maximum=-0.01, name='log10_vej', latex_label='$\\log_{10}v$', unit=None, boundary=None)
09:47 INFO    : Analysis likelihood class: <class 'nmma.em.likelihood.OpticalLightCurve'>
09:47 INFO    : Ebv=0.0
09:47 INFO    : timeshift=0.0
09:47 INFO    : em_syserr=1.0
09:47 INFO    : Analysis likelihood class: <class 'nmma.em.likelihood.OpticalLightCurve'>
09:47 INFO    : log10_vej=Uniform(minimum=-1.8, maximum=-0.01, name='log10_vej', latex_label='$\\log_{10}v$', unit=None, boundary=None)
09:47 INFO    : Analysis likelihood class: <class 'nmma.em.likelihood.OpticalLightCurve'>
09:47 INFO    : em_syserr=1.0
09:47 INFO    : Ebv=0.0
09:47 INFO    : Analysis likelihood class: <class 'nmma.em.likelihood.OpticalLightCurve'>
09:47 INFO    : em_syserr=1.0
09:47 INFO    : Ebv=0.0
09:47 INFO    : Analysis likelihood class: <class 'nmma.em.likelihood.OpticalLightCurve'>
09:47 INFO    : em_syserr=1.0
09:47 INFO    : Analysis likelihood class: <class 'nmma.em.likelihood.OpticalLightCurve'>
09:47 INFO    : Analysis likelihood class: <class 'nmma.em.likelihood.OpticalLightCurve'>
09:47 INFO    : log10_vej=Uniform(minimum=-1.8, maximum=-0.01, name='log10_vej', latex_label='$\\log_{10}v$', unit=None, boundary=None)
09:47 INFO    : Ebv=0.0
09:47 INFO    : log10_vej=Uniform(minimum=-1.8, maximum=-0.01, name='log10_vej', latex_label='$\\log_{10}v$', unit=None, boundary=None)
09:47 INFO    : em_syserr=1.0
09:47 INFO    : Analysis likelihood class: <class 'nmma.em.likelihood.OpticalLightCurve'>
09:47 INFO    : Analysis likelihood noise evidence: 0.0
09:47 INFO    : log10_vej=Uniform(minimum=-1.8, maximum=-0.01, name='log10_vej', latex_label='$\\log_{10}v$', unit=None, boundary=None)
09:47 INFO    : Ebv=0.0
09:47 INFO    : log10_vej=Uniform(minimum=-1.8, maximum=-0.01, name='log10_vej', latex_label='$\\log_{10}v$', unit=None, boundary=None)
09:47 INFO    : log10_vej=Uniform(minimum=-1.8, maximum=-0.01, name='log10_vej', latex_label='$\\log_{10}v$', unit=None, boundary=None)
09:47 INFO    : Analysis likelihood noise evidence: 0.0
09:47 INFO    : Analysis likelihood class: <class 'nmma.em.likelihood.OpticalLightCurve'>
09:47 INFO    : Analysis likelihood noise evidence: 0.0
09:47 INFO    : log10_vej=Uniform(minimum=-1.8, maximum=-0.01, name='log10_vej', latex_label='$\\log_{10}v$', unit=None, boundary=None)
09:47 INFO    : Ebv=0.0
09:47 INFO    : Analysis likelihood noise evidence: 0.0
09:47 INFO    : Ebv=0.0
09:47 INFO    : Analysis likelihood class: <class 'nmma.em.likelihood.OpticalLightCurve'>
09:47 INFO    : Analysis likelihood noise evidence: 0.0
09:47 INFO    : Analysis likelihood class: <class 'nmma.em.likelihood.OpticalLightCurve'>
09:47 INFO    : Analysis likelihood noise evidence: 0.0
09:47 INFO    : Ebv=0.0
09:47 INFO    : Analysis likelihood noise evidence: 0.0
09:47 INFO    : log10_vej=Uniform(minimum=-1.8, maximum=-0.01, name='log10_vej', latex_label='$\\log_{10}v$', unit=None, boundary=None)
09:47 INFO    : Analysis likelihood noise evidence: 0.0
09:47 INFO    : Analysis likelihood class: <class 'nmma.em.likelihood.OpticalLightCurve'>
09:47 INFO    : log10_vej=Uniform(minimum=-1.8, maximum=-0.01, name='log10_vej', latex_label='$\\log_{10}v$', unit=None, boundary=None)
09:47 INFO    : Analysis likelihood noise evidence: 0.0
09:47 INFO    : Analysis likelihood class: <class 'nmma.em.likelihood.OpticalLightCurve'>
09:47 INFO    : Analysis likelihood class: <class 'nmma.em.likelihood.OpticalLightCurve'>
09:47 INFO    : log10_vej=Uniform(minimum=-1.8, maximum=-0.01, name='log10_vej', latex_label='$\\log_{10}v$', unit=None, boundary=None)
09:47 INFO    : Analysis likelihood noise evidence: 0.0
09:47 INFO    : Analysis likelihood noise evidence: 0.0
09:47 INFO    : Analysis likelihood class: <class 'nmma.em.likelihood.OpticalLightCurve'>
09:47 INFO    : luminosity_distance=LogUniform(minimum=1, maximum=500, name='luminosity_distance', latex_label='$D_L$', unit=None, boundary=None)
09:47 INFO    : luminosity_distance=LogUniform(minimum=1, maximum=500, name='luminosity_distance', latex_label='$D_L$', unit=None, boundary=None)
09:47 INFO    : luminosity_distance=LogUniform(minimum=1, maximum=500, name='luminosity_distance', latex_label='$D_L$', unit=None, boundary=None)
09:47 INFO    : Analysis likelihood noise evidence: 0.0
09:47 INFO    : Analysis likelihood noise evidence: 0.0
09:47 INFO    : Analysis likelihood noise evidence: 0.0
09:47 INFO    : luminosity_distance=LogUniform(minimum=1, maximum=500, name='luminosity_distance', latex_label='$D_L$', unit=None, boundary=None)
09:47 INFO    : Analysis likelihood noise evidence: 0.0
09:47 INFO    : timeshift=0.0
09:47 INFO    : timeshift=0.0
09:47 INFO    : timeshift=0.0
09:47 INFO    : luminosity_distance=LogUniform(minimum=1, maximum=500, name='luminosity_distance', latex_label='$D_L$', unit=None, boundary=None)
09:47 INFO    : luminosity_distance=LogUniform(minimum=1, maximum=500, name='luminosity_distance', latex_label='$D_L$', unit=None, boundary=None)
09:47 INFO    : luminosity_distance=LogUniform(minimum=1, maximum=500, name='luminosity_distance', latex_label='$D_L$', unit=None, boundary=None)
09:47 INFO    : luminosity_distance=LogUniform(minimum=1, maximum=500, name='luminosity_distance', latex_label='$D_L$', unit=None, boundary=None)
09:47 INFO    : timeshift=0.0
09:47 INFO    : luminosity_distance=LogUniform(minimum=1, maximum=500, name='luminosity_distance', latex_label='$D_L$', unit=None, boundary=None)
09:47 INFO    : em_syserr=1.0
09:47 INFO    : em_syserr=1.0
09:47 INFO    : luminosity_distance=LogUniform(minimum=1, maximum=500, name='luminosity_distance', latex_label='$D_L$', unit=None, boundary=None)
09:47 INFO    : em_syserr=1.0
09:47 INFO    : timeshift=0.0
09:47 INFO    : timeshift=0.0
09:47 INFO    : timeshift=0.0
09:47 INFO    : em_syserr=1.0
09:47 INFO    : luminosity_distance=LogUniform(minimum=1, maximum=500, name='luminosity_distance', latex_label='$D_L$', unit=None, boundary=None)
09:47 INFO    : timeshift=0.0
09:47 INFO    : luminosity_distance=LogUniform(minimum=1, maximum=500, name='luminosity_distance', latex_label='$D_L$', unit=None, boundary=None)
09:47 INFO    : timeshift=0.0
09:47 INFO    : Ebv=0.0
09:47 INFO    : Ebv=0.0
09:47 INFO    : luminosity_distance=LogUniform(minimum=1, maximum=500, name='luminosity_distance', latex_label='$D_L$', unit=None, boundary=None)
09:47 INFO    : Ebv=0.0
09:47 INFO    : em_syserr=1.0
09:47 INFO    : timeshift=0.0
09:47 INFO    : em_syserr=1.0
09:47 INFO    : em_syserr=1.0
09:47 INFO    : Ebv=0.0
09:47 INFO    : em_syserr=1.0
09:47 INFO    : em_syserr=1.0
09:47 INFO    : timeshift=0.0
09:47 INFO    : timeshift=0.0
09:47 INFO    : Analysis likelihood class: <class 'nmma.em.likelihood.OpticalLightCurve'>
09:47 INFO    : Analysis likelihood class: <class 'nmma.em.likelihood.OpticalLightCurve'>
09:47 INFO    : Analysis likelihood class: <class 'nmma.em.likelihood.OpticalLightCurve'>
09:47 INFO    : timeshift=0.0
09:47 INFO    : Ebv=0.0
09:47 INFO    : em_syserr=1.0
09:47 INFO    : Ebv=0.0
09:47 INFO    : Ebv=0.0
09:47 INFO    : Analysis likelihood class: <class 'nmma.em.likelihood.OpticalLightCurve'>
09:47 INFO    : Ebv=0.0
09:47 INFO    : Ebv=0.0
09:47 INFO    : em_syserr=1.0
09:47 INFO    : em_syserr=1.0
09:47 INFO    : Analysis likelihood noise evidence: 0.0
09:47 INFO    : Analysis likelihood noise evidence: 0.0
09:47 INFO    : em_syserr=1.0
09:47 INFO    : Analysis likelihood noise evidence: 0.0
09:47 INFO    : Ebv=0.0
09:47 INFO    : Analysis likelihood class: <class 'nmma.em.likelihood.OpticalLightCurve'>
09:47 INFO    : Analysis likelihood class: <class 'nmma.em.likelihood.OpticalLightCurve'>
09:47 INFO    : Analysis likelihood class: <class 'nmma.em.likelihood.OpticalLightCurve'>
09:47 INFO    : Analysis likelihood class: <class 'nmma.em.likelihood.OpticalLightCurve'>
09:47 INFO    : Analysis likelihood noise evidence: 0.0
09:47 INFO    : Ebv=0.0
09:47 INFO    : Analysis likelihood class: <class 'nmma.em.likelihood.OpticalLightCurve'>
09:47 INFO    : Ebv=0.0
09:47 INFO    : Ebv=0.0
09:47 INFO    : Analysis likelihood class: <class 'nmma.em.likelihood.OpticalLightCurve'>
09:47 INFO    : Analysis likelihood noise evidence: 0.0
09:47 INFO    : Analysis likelihood noise evidence: 0.0
09:47 INFO    : Analysis likelihood noise evidence: 0.0
09:47 INFO    : Analysis likelihood noise evidence: 0.0
09:47 INFO    : Analysis likelihood class: <class 'nmma.em.likelihood.OpticalLightCurve'>
09:47 INFO    : Analysis likelihood class: <class 'nmma.em.likelihood.OpticalLightCurve'>
09:47 INFO    : Analysis likelihood noise evidence: 0.0
09:47 INFO    : Analysis likelihood class: <class 'nmma.em.likelihood.OpticalLightCurve'>
09:47 INFO    : Analysis likelihood noise evidence: 0.0
09:47 INFO    : Analysis likelihood noise evidence: 0.0
09:47 INFO    : Analysis likelihood noise evidence: 0.0
09:47 INFO    : Analysis likelihood noise evidence: 0.0
09:47 INFO    : log10_Xlan=Uniform(minimum=-9, maximum=-1, name='log10_Xlan', latex_label='log10_Xlan', unit=None, boundary='reflective')
09:47 INFO    : log10_mej=Uniform(minimum=-5, maximum=-0.5, name='log10_mej', latex_label='$\\log_{10}M^{\\rm{dyn}}_{\\rm{ej}}$', unit=None, boundary=None)
09:47 INFO    : log10_vej=Uniform(minimum=-1.8, maximum=-0.01, name='log10_vej', latex_label='$\\log_{10}v$', unit=None, boundary=None)
09:47 INFO    : luminosity_distance=LogUniform(minimum=1, maximum=500, name='luminosity_distance', latex_label='$D_L$', unit=None, boundary=None)
09:47 INFO    : timeshift=0.0
09:47 INFO    : em_syserr=1.0
09:47 INFO    : Ebv=0.0
09:47 INFO    : Analysis likelihood class: <class 'nmma.em.likelihood.OpticalLightCurve'>
09:47 INFO    : Analysis likelihood noise evidence: 0.0
09:47 INFO    : Single likelihood evaluation took 3.245e-02 s
09:47 INFO    : Single likelihood evaluation took 3.245e-02 s
09:47 INFO    : Single likelihood evaluation took 3.252e-02 s
09:47 INFO    : Single likelihood evaluation took 3.252e-02 s
09:47 INFO    : Single likelihood evaluation took 3.252e-02 s
09:47 INFO    : Single likelihood evaluation took 3.253e-02 s
09:47 INFO    : Single likelihood evaluation took 3.253e-02 s
09:47 INFO    : Single likelihood evaluation took 3.253e-02 s
09:47 INFO    : Single likelihood evaluation took 3.262e-02 s
09:47 INFO    : Single likelihood evaluation took 3.262e-02 s
09:47 INFO    : Single likelihood evaluation took 3.268e-02 s
09:47 INFO    : Single likelihood evaluation took 3.268e-02 s
09:47 INFO    : Single likelihood evaluation took 3.269e-02 s
09:47 INFO    : Single likelihood evaluation took 3.270e-02 s
09:47 INFO    : Single likelihood evaluation took 3.274e-02 s
09:47 INFO    : Single likelihood evaluation took 3.274e-02 s
09:47 INFO    : Single likelihood evaluation took 3.276e-02 s
09:47 WARNING : Supplied argument 'queue_size' not an argument of 'Pymultinest', removing.
09:47 WARNING : Supplied argument 'queue_size' not an argument of 'Pymultinest', removing.
09:47 INFO    : Single likelihood evaluation took 3.278e-02 s
09:47 WARNING : Supplied argument 'check_point_delta_t' not an argument of 'Pymultinest', removing.
09:47 WARNING : Supplied argument 'check_point_delta_t' not an argument of 'Pymultinest', removing.
09:47 INFO    : Using sampler Pymultinest with kwargs {'importance_nested_sampling': False, 'resume': True, 'verbose': True, 'sampling_efficiency': 'parameter', 'n_live_points': 2048, 'n_params': 4, 'n_clustering_params': None, 'wrapped_params': None, 'multimodal': True, 'const_efficiency_mode': False, 'evidence_tolerance': 0.5, 'n_iter_before_update': 100, 'null_log_evidence': -1e+90, 'max_modes': 100, 'mode_tolerance': -1e+90, 'seed': 42, 'context': 0, 'write_output': True, 'log_zero': -1e+100, 'max_iter': 0, 'init_MPI': False, 'dump_callback': <bound method Pymultinest._dump_callback of <bilby.core.sampler.pymultinest.Pymultinest object at 0x155500fe24a0>>}
09:47 INFO    : Using sampler Pymultinest with kwargs {'importance_nested_sampling': False, 'resume': True, 'verbose': True, 'sampling_efficiency': 'parameter', 'n_live_points': 2048, 'n_params': 4, 'n_clustering_params': None, 'wrapped_params': None, 'multimodal': True, 'const_efficiency_mode': False, 'evidence_tolerance': 0.5, 'n_iter_before_update': 100, 'null_log_evidence': -1e+90, 'max_modes': 100, 'mode_tolerance': -1e+90, 'seed': 42, 'context': 0, 'write_output': True, 'log_zero': -1e+100, 'max_iter': 0, 'init_MPI': False, 'dump_callback': <bound method Pymultinest._dump_callback of <bilby.core.sampler.pymultinest.Pymultinest object at 0x155500fe27a0>>}
09:47 INFO    : Temporary directory incompatible with MPI, will run in original directory
09:47 INFO    : Temporary directory incompatible with MPI, will run in original directory
09:47 INFO    : Using output file outdirBNSKa32cores/pm_AT170817/
09:47 INFO    : Using output file outdirBNSKa32cores/pm_AT170817/
09:47 INFO    : Single likelihood evaluation took 3.284e-02 s
09:47 INFO    : Single likelihood evaluation took 3.284e-02 s
09:47 INFO    : Single likelihood evaluation took 3.284e-02 s
09:47 INFO    : Single likelihood evaluation took 3.284e-02 s
09:47 WARNING : Supplied argument 'queue_size' not an argument of 'Pymultinest', removing.
09:47 WARNING : Supplied argument 'check_point_delta_t' not an argument of 'Pymultinest', removing.
09:47 WARNING : Supplied argument 'queue_size' not an argument of 'Pymultinest', removing.
09:47 WARNING : Supplied argument 'check_point_delta_t' not an argument of 'Pymultinest', removing.
09:47 WARNING : Supplied argument 'queue_size' not an argument of 'Pymultinest', removing.
09:47 WARNING : Supplied argument 'check_point_delta_t' not an argument of 'Pymultinest', removing.
09:47 INFO    : Using sampler Pymultinest with kwargs {'importance_nested_sampling': False, 'resume': True, 'verbose': True, 'sampling_efficiency': 'parameter', 'n_live_points': 2048, 'n_params': 4, 'n_clustering_params': None, 'wrapped_params': None, 'multimodal': True, 'const_efficiency_mode': False, 'evidence_tolerance': 0.5, 'n_iter_before_update': 100, 'null_log_evidence': -1e+90, 'max_modes': 100, 'mode_tolerance': -1e+90, 'seed': 42, 'context': 0, 'write_output': True, 'log_zero': -1e+100, 'max_iter': 0, 'init_MPI': False, 'dump_callback': <bound method Pymultinest._dump_callback of <bilby.core.sampler.pymultinest.Pymultinest object at 0x155500fe2800>>}
09:47 INFO    : Using sampler Pymultinest with kwargs {'importance_nested_sampling': False, 'resume': True, 'verbose': True, 'sampling_efficiency': 'parameter', 'n_live_points': 2048, 'n_params': 4, 'n_clustering_params': None, 'wrapped_params': None, 'multimodal': True, 'const_efficiency_mode': False, 'evidence_tolerance': 0.5, 'n_iter_before_update': 100, 'null_log_evidence': -1e+90, 'max_modes': 100, 'mode_tolerance': -1e+90, 'seed': 42, 'context': 0, 'write_output': True, 'log_zero': -1e+100, 'max_iter': 0, 'init_MPI': False, 'dump_callback': <bound method Pymultinest._dump_callback of <bilby.core.sampler.pymultinest.Pymultinest object at 0x155500fda740>>}
09:47 INFO    : Using sampler Pymultinest with kwargs {'importance_nested_sampling': False, 'resume': True, 'verbose': True, 'sampling_efficiency': 'parameter', 'n_live_points': 2048, 'n_params': 4, 'n_clustering_params': None, 'wrapped_params': None, 'multimodal': True, 'const_efficiency_mode': False, 'evidence_tolerance': 0.5, 'n_iter_before_update': 100, 'null_log_evidence': -1e+90, 'max_modes': 100, 'mode_tolerance': -1e+90, 'seed': 42, 'context': 0, 'write_output': True, 'log_zero': -1e+100, 'max_iter': 0, 'init_MPI': False, 'dump_callback': <bound method Pymultinest._dump_callback of <bilby.core.sampler.pymultinest.Pymultinest object at 0x155500fde9b0>>}
09:47 INFO    : Temporary directory incompatible with MPI, will run in original directory
09:47 INFO    : Temporary directory incompatible with MPI, will run in original directory
09:47 INFO    : Temporary directory incompatible with MPI, will run in original directory
09:47 INFO    : Using output file outdirBNSKa32cores/pm_AT170817/
09:47 WARNING : Supplied argument 'queue_size' not an argument of 'Pymultinest', removing.
09:47 WARNING : Supplied argument 'check_point_delta_t' not an argument of 'Pymultinest', removing.
09:47 WARNING : Supplied argument 'queue_size' not an argument of 'Pymultinest', removing.
09:47 WARNING : Supplied argument 'check_point_delta_t' not an argument of 'Pymultinest', removing.
09:47 WARNING : Supplied argument 'queue_size' not an argument of 'Pymultinest', removing.
09:47 INFO    : Using output file outdirBNSKa32cores/pm_AT170817/
09:47 WARNING : Supplied argument 'check_point_delta_t' not an argument of 'Pymultinest', removing.
09:47 INFO    : Using sampler Pymultinest with kwargs {'importance_nested_sampling': False, 'resume': True, 'verbose': True, 'sampling_efficiency': 'parameter', 'n_live_points': 2048, 'n_params': 4, 'n_clustering_params': None, 'wrapped_params': None, 'multimodal': True, 'const_efficiency_mode': False, 'evidence_tolerance': 0.5, 'n_iter_before_update': 100, 'null_log_evidence': -1e+90, 'max_modes': 100, 'mode_tolerance': -1e+90, 'seed': 42, 'context': 0, 'write_output': True, 'log_zero': -1e+100, 'max_iter': 0, 'init_MPI': False, 'dump_callback': <bound method Pymultinest._dump_callback of <bilby.core.sampler.pymultinest.Pymultinest object at 0x155500fdd270>>}
09:47 INFO    : Using output file outdirBNSKa32cores/pm_AT170817/
09:47 INFO    : Using sampler Pymultinest with kwargs {'importance_nested_sampling': False, 'resume': True, 'verbose': True, 'sampling_efficiency': 'parameter', 'n_live_points': 2048, 'n_params': 4, 'n_clustering_params': None, 'wrapped_params': None, 'multimodal': True, 'const_efficiency_mode': False, 'evidence_tolerance': 0.5, 'n_iter_before_update': 100, 'null_log_evidence': -1e+90, 'max_modes': 100, 'mode_tolerance': -1e+90, 'seed': 42, 'context': 0, 'write_output': True, 'log_zero': -1e+100, 'max_iter': 0, 'init_MPI': False, 'dump_callback': <bound method Pymultinest._dump_callback of <bilby.core.sampler.pymultinest.Pymultinest object at 0x155500fde800>>}
09:47 INFO    : Using sampler Pymultinest with kwargs {'importance_nested_sampling': False, 'resume': True, 'verbose': True, 'sampling_efficiency': 'parameter', 'n_live_points': 2048, 'n_params': 4, 'n_clustering_params': None, 'wrapped_params': None, 'multimodal': True, 'const_efficiency_mode': False, 'evidence_tolerance': 0.5, 'n_iter_before_update': 100, 'null_log_evidence': -1e+90, 'max_modes': 100, 'mode_tolerance': -1e+90, 'seed': 42, 'context': 0, 'write_output': True, 'log_zero': -1e+100, 'max_iter': 0, 'init_MPI': False, 'dump_callback': <bound method Pymultinest._dump_callback of <bilby.core.sampler.pymultinest.Pymultinest object at 0x155500fdfac0>>}
09:47 INFO    : Temporary directory incompatible with MPI, will run in original directory
09:47 INFO    : Temporary directory incompatible with MPI, will run in original directory
09:47 INFO    : Temporary directory incompatible with MPI, will run in original directory
09:47 INFO    : Using output file outdirBNSKa32cores/pm_AT170817/
09:47 INFO    : Using output file outdirBNSKa32cores/pm_AT170817/
09:47 INFO    : Using output file outdirBNSKa32cores/pm_AT170817/
09:47 INFO    : Single likelihood evaluation took 3.287e-02 s
09:47 INFO    : Single likelihood evaluation took 3.288e-02 s
09:47 INFO    : Single likelihood evaluation took 3.288e-02 s
09:47 WARNING : Supplied argument 'queue_size' not an argument of 'Pymultinest', removing.
09:47 WARNING : Supplied argument 'queue_size' not an argument of 'Pymultinest', removing.
09:47 WARNING : Supplied argument 'check_point_delta_t' not an argument of 'Pymultinest', removing.
09:47 WARNING : Supplied argument 'check_point_delta_t' not an argument of 'Pymultinest', removing.
09:47 INFO    : Using sampler Pymultinest with kwargs {'importance_nested_sampling': False, 'resume': True, 'verbose': True, 'sampling_efficiency': 'parameter', 'n_live_points': 2048, 'n_params': 4, 'n_clustering_params': None, 'wrapped_params': None, 'multimodal': True, 'const_efficiency_mode': False, 'evidence_tolerance': 0.5, 'n_iter_before_update': 100, 'null_log_evidence': -1e+90, 'max_modes': 100, 'mode_tolerance': -1e+90, 'seed': 42, 'context': 0, 'write_output': True, 'log_zero': -1e+100, 'max_iter': 0, 'init_MPI': False, 'dump_callback': <bound method Pymultinest._dump_callback of <bilby.core.sampler.pymultinest.Pymultinest object at 0x155500fe3b20>>}
09:47 INFO    : Using sampler Pymultinest with kwargs {'importance_nested_sampling': False, 'resume': True, 'verbose': True, 'sampling_efficiency': 'parameter', 'n_live_points': 2048, 'n_params': 4, 'n_clustering_params': None, 'wrapped_params': None, 'multimodal': True, 'const_efficiency_mode': False, 'evidence_tolerance': 0.5, 'n_iter_before_update': 100, 'null_log_evidence': -1e+90, 'max_modes': 100, 'mode_tolerance': -1e+90, 'seed': 42, 'context': 0, 'write_output': True, 'log_zero': -1e+100, 'max_iter': 0, 'init_MPI': False, 'dump_callback': <bound method Pymultinest._dump_callback of <bilby.core.sampler.pymultinest.Pymultinest object at 0x155500fe67d0>>}
09:47 INFO    : Temporary directory incompatible with MPI, will run in original directory
09:47 INFO    : Temporary directory incompatible with MPI, will run in original directory
09:47 INFO    : Using output file outdirBNSKa32cores/pm_AT170817/
09:47 INFO    : Using output file outdirBNSKa32cores/pm_AT170817/
09:47 WARNING : Supplied argument 'queue_size' not an argument of 'Pymultinest', removing.
09:47 WARNING : Supplied argument 'queue_size' not an argument of 'Pymultinest', removing.
09:47 WARNING : Supplied argument 'check_point_delta_t' not an argument of 'Pymultinest', removing.
09:47 WARNING : Supplied argument 'check_point_delta_t' not an argument of 'Pymultinest', removing.
09:47 INFO    : Using sampler Pymultinest with kwargs {'importance_nested_sampling': False, 'resume': True, 'verbose': True, 'sampling_efficiency': 'parameter', 'n_live_points': 2048, 'n_params': 4, 'n_clustering_params': None, 'wrapped_params': None, 'multimodal': True, 'const_efficiency_mode': False, 'evidence_tolerance': 0.5, 'n_iter_before_update': 100, 'null_log_evidence': -1e+90, 'max_modes': 100, 'mode_tolerance': -1e+90, 'seed': 42, 'context': 0, 'write_output': True, 'log_zero': -1e+100, 'max_iter': 0, 'init_MPI': False, 'dump_callback': <bound method Pymultinest._dump_callback of <bilby.core.sampler.pymultinest.Pymultinest object at 0x155500fde5f0>>}
09:47 INFO    : Using sampler Pymultinest with kwargs {'importance_nested_sampling': False, 'resume': True, 'verbose': True, 'sampling_efficiency': 'parameter', 'n_live_points': 2048, 'n_params': 4, 'n_clustering_params': None, 'wrapped_params': None, 'multimodal': True, 'const_efficiency_mode': False, 'evidence_tolerance': 0.5, 'n_iter_before_update': 100, 'null_log_evidence': -1e+90, 'max_modes': 100, 'mode_tolerance': -1e+90, 'seed': 42, 'context': 0, 'write_output': True, 'log_zero': -1e+100, 'max_iter': 0, 'init_MPI': False, 'dump_callback': <bound method Pymultinest._dump_callback of <bilby.core.sampler.pymultinest.Pymultinest object at 0x155500fe6830>>}
09:47 INFO    : Temporary directory incompatible with MPI, will run in original directory
09:47 INFO    : Temporary directory incompatible with MPI, will run in original directory
09:47 WARNING : Supplied argument 'queue_size' not an argument of 'Pymultinest', removing.
09:47 WARNING : Supplied argument 'check_point_delta_t' not an argument of 'Pymultinest', removing.
09:47 INFO    : Using sampler Pymultinest with kwargs {'importance_nested_sampling': False, 'resume': True, 'verbose': True, 'sampling_efficiency': 'parameter', 'n_live_points': 2048, 'n_params': 4, 'n_clustering_params': None, 'wrapped_params': None, 'multimodal': True, 'const_efficiency_mode': False, 'evidence_tolerance': 0.5, 'n_iter_before_update': 100, 'null_log_evidence': -1e+90, 'max_modes': 100, 'mode_tolerance': -1e+90, 'seed': 42, 'context': 0, 'write_output': True, 'log_zero': -1e+100, 'max_iter': 0, 'init_MPI': False, 'dump_callback': <bound method Pymultinest._dump_callback of <bilby.core.sampler.pymultinest.Pymultinest object at 0x155500fdd570>>}
09:47 INFO    : Using output file outdirBNSKa32cores/pm_AT170817/
09:47 INFO    : Using output file outdirBNSKa32cores/pm_AT170817/
09:47 INFO    : Temporary directory incompatible with MPI, will run in original directory
09:47 WARNING : Supplied argument 'queue_size' not an argument of 'Pymultinest', removing.
09:47 WARNING : Supplied argument 'check_point_delta_t' not an argument of 'Pymultinest', removing.
09:47 INFO    : Using output file outdirBNSKa32cores/pm_AT170817/
09:47 INFO    : Using sampler Pymultinest with kwargs {'importance_nested_sampling': False, 'resume': True, 'verbose': True, 'sampling_efficiency': 'parameter', 'n_live_points': 2048, 'n_params': 4, 'n_clustering_params': None, 'wrapped_params': None, 'multimodal': True, 'const_efficiency_mode': False, 'evidence_tolerance': 0.5, 'n_iter_before_update': 100, 'null_log_evidence': -1e+90, 'max_modes': 100, 'mode_tolerance': -1e+90, 'seed': 42, 'context': 0, 'write_output': True, 'log_zero': -1e+100, 'max_iter': 0, 'init_MPI': False, 'dump_callback': <bound method Pymultinest._dump_callback of <bilby.core.sampler.pymultinest.Pymultinest object at 0x155500fe67d0>>}
09:47 INFO    : Temporary directory incompatible with MPI, will run in original directory
09:47 INFO    : Using output file outdirBNSKa32cores/pm_AT170817/
09:47 WARNING : Supplied argument 'queue_size' not an argument of 'Pymultinest', removing.
09:47 WARNING : Supplied argument 'check_point_delta_t' not an argument of 'Pymultinest', removing.
09:47 INFO    : Using sampler Pymultinest with kwargs {'importance_nested_sampling': False, 'resume': True, 'verbose': True, 'sampling_efficiency': 'parameter', 'n_live_points': 2048, 'n_params': 4, 'n_clustering_params': None, 'wrapped_params': None, 'multimodal': True, 'const_efficiency_mode': False, 'evidence_tolerance': 0.5, 'n_iter_before_update': 100, 'null_log_evidence': -1e+90, 'max_modes': 100, 'mode_tolerance': -1e+90, 'seed': 42, 'context': 0, 'write_output': True, 'log_zero': -1e+100, 'max_iter': 0, 'init_MPI': False, 'dump_callback': <bound method Pymultinest._dump_callback of <bilby.core.sampler.pymultinest.Pymultinest object at 0x155500fe29e0>>}
09:47 WARNING : Supplied argument 'queue_size' not an argument of 'Pymultinest', removing.
09:47 WARNING : Supplied argument 'check_point_delta_t' not an argument of 'Pymultinest', removing.
09:47 INFO    : Using sampler Pymultinest with kwargs {'importance_nested_sampling': False, 'resume': True, 'verbose': True, 'sampling_efficiency': 'parameter', 'n_live_points': 2048, 'n_params': 4, 'n_clustering_params': None, 'wrapped_params': None, 'multimodal': True, 'const_efficiency_mode': False, 'evidence_tolerance': 0.5, 'n_iter_before_update': 100, 'null_log_evidence': -1e+90, 'max_modes': 100, 'mode_tolerance': -1e+90, 'seed': 42, 'context': 0, 'write_output': True, 'log_zero': -1e+100, 'max_iter': 0, 'init_MPI': False, 'dump_callback': <bound method Pymultinest._dump_callback of <bilby.core.sampler.pymultinest.Pymultinest object at 0x155500fe3ac0>>}
09:47 INFO    : Temporary directory incompatible with MPI, will run in original directory
09:47 INFO    : Temporary directory incompatible with MPI, will run in original directory
09:47 INFO    : Using output file outdirBNSKa32cores/pm_AT170817/
09:47 WARNING : Supplied argument 'queue_size' not an argument of 'Pymultinest', removing.
09:47 INFO    : Using output file outdirBNSKa32cores/pm_AT170817/
09:47 WARNING : Supplied argument 'check_point_delta_t' not an argument of 'Pymultinest', removing.
09:47 INFO    : Using sampler Pymultinest with kwargs {'importance_nested_sampling': False, 'resume': True, 'verbose': True, 'sampling_efficiency': 'parameter', 'n_live_points': 2048, 'n_params': 4, 'n_clustering_params': None, 'wrapped_params': None, 'multimodal': True, 'const_efficiency_mode': False, 'evidence_tolerance': 0.5, 'n_iter_before_update': 100, 'null_log_evidence': -1e+90, 'max_modes': 100, 'mode_tolerance': -1e+90, 'seed': 42, 'context': 0, 'write_output': True, 'log_zero': -1e+100, 'max_iter': 0, 'init_MPI': False, 'dump_callback': <bound method Pymultinest._dump_callback of <bilby.core.sampler.pymultinest.Pymultinest object at 0x155500fe25f0>>}
09:47 INFO    : Temporary directory incompatible with MPI, will run in original directory
09:47 INFO    : Using output file outdirBNSKa32cores/pm_AT170817/
09:47 INFO    : Single likelihood evaluation took 3.307e-02 s
09:47 INFO    : Single likelihood evaluation took 3.308e-02 s
09:47 INFO    : Single likelihood evaluation took 3.308e-02 s
09:47 INFO    : Single likelihood evaluation took 3.308e-02 s
09:47 INFO    : Single likelihood evaluation took 3.308e-02 s
09:47 INFO    : Single likelihood evaluation took 3.309e-02 s
09:47 WARNING : Supplied argument 'queue_size' not an argument of 'Pymultinest', removing.
09:47 WARNING : Supplied argument 'check_point_delta_t' not an argument of 'Pymultinest', removing.
09:47 INFO    : Using sampler Pymultinest with kwargs {'importance_nested_sampling': False, 'resume': True, 'verbose': True, 'sampling_efficiency': 'parameter', 'n_live_points': 2048, 'n_params': 4, 'n_clustering_params': None, 'wrapped_params': None, 'multimodal': True, 'const_efficiency_mode': False, 'evidence_tolerance': 0.5, 'n_iter_before_update': 100, 'null_log_evidence': -1e+90, 'max_modes': 100, 'mode_tolerance': -1e+90, 'seed': 42, 'context': 0, 'write_output': True, 'log_zero': -1e+100, 'max_iter': 0, 'init_MPI': False, 'dump_callback': <bound method Pymultinest._dump_callback of <bilby.core.sampler.pymultinest.Pymultinest object at 0x155500fe2440>>}
09:47 INFO    : Temporary directory incompatible with MPI, will run in original directory
09:47 INFO    : Using output file outdirBNSKa32cores/pm_AT170817/
09:47 WARNING : Supplied argument 'queue_size' not an argument of 'Pymultinest', removing.
09:47 WARNING : Supplied argument 'check_point_delta_t' not an argument of 'Pymultinest', removing.
09:47 WARNING : Supplied argument 'queue_size' not an argument of 'Pymultinest', removing.
09:47 WARNING : Supplied argument 'check_point_delta_t' not an argument of 'Pymultinest', removing.
09:47 WARNING : Supplied argument 'queue_size' not an argument of 'Pymultinest', removing.
09:47 INFO    : Using sampler Pymultinest with kwargs {'importance_nested_sampling': False, 'resume': True, 'verbose': True, 'sampling_efficiency': 'parameter', 'n_live_points': 2048, 'n_params': 4, 'n_clustering_params': None, 'wrapped_params': None, 'multimodal': True, 'const_efficiency_mode': False, 'evidence_tolerance': 0.5, 'n_iter_before_update': 100, 'null_log_evidence': -1e+90, 'max_modes': 100, 'mode_tolerance': -1e+90, 'seed': 42, 'context': 0, 'write_output': True, 'log_zero': -1e+100, 'max_iter': 0, 'init_MPI': False, 'dump_callback': <bound method Pymultinest._dump_callback of <bilby.core.sampler.pymultinest.Pymultinest object at 0x155500fda7a0>>}
09:47 WARNING : Supplied argument 'check_point_delta_t' not an argument of 'Pymultinest', removing.
09:47 INFO    : Using sampler Pymultinest with kwargs {'importance_nested_sampling': False, 'resume': True, 'verbose': True, 'sampling_efficiency': 'parameter', 'n_live_points': 2048, 'n_params': 4, 'n_clustering_params': None, 'wrapped_params': None, 'multimodal': True, 'const_efficiency_mode': False, 'evidence_tolerance': 0.5, 'n_iter_before_update': 100, 'null_log_evidence': -1e+90, 'max_modes': 100, 'mode_tolerance': -1e+90, 'seed': 42, 'context': 0, 'write_output': True, 'log_zero': -1e+100, 'max_iter': 0, 'init_MPI': False, 'dump_callback': <bound method Pymultinest._dump_callback of <bilby.core.sampler.pymultinest.Pymultinest object at 0x155500fe27d0>>}
09:47 INFO    : Using sampler Pymultinest with kwargs {'importance_nested_sampling': False, 'resume': True, 'verbose': True, 'sampling_efficiency': 'parameter', 'n_live_points': 2048, 'n_params': 4, 'n_clustering_params': None, 'wrapped_params': None, 'multimodal': True, 'const_efficiency_mode': False, 'evidence_tolerance': 0.5, 'n_iter_before_update': 100, 'null_log_evidence': -1e+90, 'max_modes': 100, 'mode_tolerance': -1e+90, 'seed': 42, 'context': 0, 'write_output': True, 'log_zero': -1e+100, 'max_iter': 0, 'init_MPI': False, 'dump_callback': <bound method Pymultinest._dump_callback of <bilby.core.sampler.pymultinest.Pymultinest object at 0x155500fe25f0>>}
09:47 INFO    : Temporary directory incompatible with MPI, will run in original directory
09:47 WARNING : Supplied argument 'queue_size' not an argument of 'Pymultinest', removing.
09:47 WARNING : Supplied argument 'check_point_delta_t' not an argument of 'Pymultinest', removing.
09:47 INFO    : Temporary directory incompatible with MPI, will run in original directory
09:47 INFO    : Temporary directory incompatible with MPI, will run in original directory
09:47 INFO    : Using sampler Pymultinest with kwargs {'importance_nested_sampling': False, 'resume': True, 'verbose': True, 'sampling_efficiency': 'parameter', 'n_live_points': 2048, 'n_params': 4, 'n_clustering_params': None, 'wrapped_params': None, 'multimodal': True, 'const_efficiency_mode': False, 'evidence_tolerance': 0.5, 'n_iter_before_update': 100, 'null_log_evidence': -1e+90, 'max_modes': 100, 'mode_tolerance': -1e+90, 'seed': 42, 'context': 0, 'write_output': True, 'log_zero': -1e+100, 'max_iter': 0, 'init_MPI': False, 'dump_callback': <bound method Pymultinest._dump_callback of <bilby.core.sampler.pymultinest.Pymultinest object at 0x155500fe3b80>>}
09:47 INFO    : Using output file outdirBNSKa32cores/pm_AT170817/
09:47 INFO    : Temporary directory incompatible with MPI, will run in original directory
09:47 INFO    : Using output file outdirBNSKa32cores/pm_AT170817/
09:47 WARNING : Supplied argument 'queue_size' not an argument of 'Pymultinest', removing.
09:47 INFO    : Using output file outdirBNSKa32cores/pm_AT170817/
09:47 WARNING : Supplied argument 'check_point_delta_t' not an argument of 'Pymultinest', removing.
09:47 INFO    : Using output file outdirBNSKa32cores/pm_AT170817/
09:47 INFO    : Using sampler Pymultinest with kwargs {'importance_nested_sampling': False, 'resume': True, 'verbose': True, 'sampling_efficiency': 'parameter', 'n_live_points': 2048, 'n_params': 4, 'n_clustering_params': None, 'wrapped_params': None, 'multimodal': True, 'const_efficiency_mode': False, 'evidence_tolerance': 0.5, 'n_iter_before_update': 100, 'null_log_evidence': -1e+90, 'max_modes': 100, 'mode_tolerance': -1e+90, 'seed': 42, 'context': 0, 'write_output': True, 'log_zero': -1e+100, 'max_iter': 0, 'init_MPI': False, 'dump_callback': <bound method Pymultinest._dump_callback of <bilby.core.sampler.pymultinest.Pymultinest object at 0x155500fdbbb0>>}
09:47 INFO    : Temporary directory incompatible with MPI, will run in original directory
09:47 WARNING : Supplied argument 'queue_size' not an argument of 'Pymultinest', removing.
09:47 WARNING : Supplied argument 'check_point_delta_t' not an argument of 'Pymultinest', removing.
09:47 INFO    : Using output file outdirBNSKa32cores/pm_AT170817/
09:47 INFO    : Using sampler Pymultinest with kwargs {'importance_nested_sampling': False, 'resume': True, 'verbose': True, 'sampling_efficiency': 'parameter', 'n_live_points': 2048, 'n_params': 4, 'n_clustering_params': None, 'wrapped_params': None, 'multimodal': True, 'const_efficiency_mode': False, 'evidence_tolerance': 0.5, 'n_iter_before_update': 100, 'null_log_evidence': -1e+90, 'max_modes': 100, 'mode_tolerance': -1e+90, 'seed': 42, 'context': 0, 'write_output': True, 'log_zero': -1e+100, 'max_iter': 0, 'init_MPI': False, 'dump_callback': <bound method Pymultinest._dump_callback of <bilby.core.sampler.pymultinest.Pymultinest object at 0x155500fdfb20>>}
09:47 INFO    : Temporary directory incompatible with MPI, will run in original directory
09:47 INFO    : Using output file outdirBNSKa32cores/pm_AT170817/
09:47 WARNING : Supplied argument 'queue_size' not an argument of 'Pymultinest', removing.
09:47 WARNING : Supplied argument 'check_point_delta_t' not an argument of 'Pymultinest', removing.
09:47 INFO    : Single likelihood evaluation took 3.320e-02 s
09:47 INFO    : Using sampler Pymultinest with kwargs {'importance_nested_sampling': False, 'resume': True, 'verbose': True, 'sampling_efficiency': 'parameter', 'n_live_points': 2048, 'n_params': 4, 'n_clustering_params': None, 'wrapped_params': None, 'multimodal': True, 'const_efficiency_mode': False, 'evidence_tolerance': 0.5, 'n_iter_before_update': 100, 'null_log_evidence': -1e+90, 'max_modes': 100, 'mode_tolerance': -1e+90, 'seed': 42, 'context': 0, 'write_output': True, 'log_zero': -1e+100, 'max_iter': 0, 'init_MPI': False, 'dump_callback': <bound method Pymultinest._dump_callback of <bilby.core.sampler.pymultinest.Pymultinest object at 0x155500fe3b20>>}
09:47 INFO    : Temporary directory incompatible with MPI, will run in original directory
09:47 INFO    : Using output file outdirBNSKa32cores/pm_AT170817/
09:47 WARNING : Supplied argument 'queue_size' not an argument of 'Pymultinest', removing.
09:47 WARNING : Supplied argument 'check_point_delta_t' not an argument of 'Pymultinest', removing.
09:47 INFO    : Using sampler Pymultinest with kwargs {'importance_nested_sampling': False, 'resume': True, 'verbose': True, 'sampling_efficiency': 'parameter', 'n_live_points': 2048, 'n_params': 4, 'n_clustering_params': None, 'wrapped_params': None, 'multimodal': True, 'const_efficiency_mode': False, 'evidence_tolerance': 0.5, 'n_iter_before_update': 100, 'null_log_evidence': -1e+90, 'max_modes': 100, 'mode_tolerance': -1e+90, 'seed': 42, 'context': 0, 'write_output': True, 'log_zero': -1e+100, 'max_iter': 0, 'init_MPI': False, 'dump_callback': <bound method Pymultinest._dump_callback of <bilby.core.sampler.pymultinest.Pymultinest object at 0x155500fdd2a0>>}
09:47 INFO    : Temporary directory incompatible with MPI, will run in original directory
09:47 WARNING : Supplied argument 'queue_size' not an argument of 'Pymultinest', removing.
09:47 WARNING : Supplied argument 'check_point_delta_t' not an argument of 'Pymultinest', removing.
09:47 WARNING : Supplied argument 'queue_size' not an argument of 'Pymultinest', removing.
09:47 INFO    : Using sampler Pymultinest with kwargs {'importance_nested_sampling': False, 'resume': True, 'verbose': True, 'sampling_efficiency': 'parameter', 'n_live_points': 2048, 'n_params': 4, 'n_clustering_params': None, 'wrapped_params': None, 'multimodal': True, 'const_efficiency_mode': False, 'evidence_tolerance': 0.5, 'n_iter_before_update': 100, 'null_log_evidence': -1e+90, 'max_modes': 100, 'mode_tolerance': -1e+90, 'seed': 42, 'context': 0, 'write_output': True, 'log_zero': -1e+100, 'max_iter': 0, 'init_MPI': False, 'dump_callback': <bound method Pymultinest._dump_callback of <bilby.core.sampler.pymultinest.Pymultinest object at 0x155500fe2830>>}
09:47 WARNING : Supplied argument 'check_point_delta_t' not an argument of 'Pymultinest', removing.
09:47 WARNING : Supplied argument 'queue_size' not an argument of 'Pymultinest', removing.
09:47 WARNING : Supplied argument 'check_point_delta_t' not an argument of 'Pymultinest', removing.
09:47 INFO    : Using output file outdirBNSKa32cores/pm_AT170817/
09:47 INFO    : Using sampler Pymultinest with kwargs {'importance_nested_sampling': False, 'resume': True, 'verbose': True, 'sampling_efficiency': 'parameter', 'n_live_points': 2048, 'n_params': 4, 'n_clustering_params': None, 'wrapped_params': None, 'multimodal': True, 'const_efficiency_mode': False, 'evidence_tolerance': 0.5, 'n_iter_before_update': 100, 'null_log_evidence': -1e+90, 'max_modes': 100, 'mode_tolerance': -1e+90, 'seed': 42, 'context': 0, 'write_output': True, 'log_zero': -1e+100, 'max_iter': 0, 'init_MPI': False, 'dump_callback': <bound method Pymultinest._dump_callback of <bilby.core.sampler.pymultinest.Pymultinest object at 0x155500fde7a0>>}
09:47 INFO    : Temporary directory incompatible with MPI, will run in original directory
09:47 INFO    : Using sampler Pymultinest with kwargs {'importance_nested_sampling': False, 'resume': True, 'verbose': True, 'sampling_efficiency': 'parameter', 'n_live_points': 2048, 'n_params': 4, 'n_clustering_params': None, 'wrapped_params': None, 'multimodal': True, 'const_efficiency_mode': False, 'evidence_tolerance': 0.5, 'n_iter_before_update': 100, 'null_log_evidence': -1e+90, 'max_modes': 100, 'mode_tolerance': -1e+90, 'seed': 42, 'context': 0, 'write_output': True, 'log_zero': -1e+100, 'max_iter': 0, 'init_MPI': False, 'dump_callback': <bound method Pymultinest._dump_callback of <bilby.core.sampler.pymultinest.Pymultinest object at 0x155500fe5270>>}
09:47 WARNING : Supplied argument 'queue_size' not an argument of 'Pymultinest', removing.
09:47 WARNING : Supplied argument 'check_point_delta_t' not an argument of 'Pymultinest', removing.
09:47 INFO    : Temporary directory incompatible with MPI, will run in original directory
09:47 INFO    : Temporary directory incompatible with MPI, will run in original directory
09:47 WARNING : Supplied argument 'queue_size' not an argument of 'Pymultinest', removing.
09:47 INFO    : Using sampler Pymultinest with kwargs {'importance_nested_sampling': False, 'resume': True, 'verbose': True, 'sampling_efficiency': 'parameter', 'n_live_points': 2048, 'n_params': 4, 'n_clustering_params': None, 'wrapped_params': None, 'multimodal': True, 'const_efficiency_mode': False, 'evidence_tolerance': 0.5, 'n_iter_before_update': 100, 'null_log_evidence': -1e+90, 'max_modes': 100, 'mode_tolerance': -1e+90, 'seed': 42, 'context': 0, 'write_output': True, 'log_zero': -1e+100, 'max_iter': 0, 'init_MPI': False, 'dump_callback': <bound method Pymultinest._dump_callback of <bilby.core.sampler.pymultinest.Pymultinest object at 0x155500fde5f0>>}
09:47 WARNING : Supplied argument 'check_point_delta_t' not an argument of 'Pymultinest', removing.
09:47 INFO    : Using output file outdirBNSKa32cores/pm_AT170817/
09:47 INFO    : Using sampler Pymultinest with kwargs {'importance_nested_sampling': False, 'resume': True, 'verbose': True, 'sampling_efficiency': 'parameter', 'n_live_points': 2048, 'n_params': 4, 'n_clustering_params': None, 'wrapped_params': None, 'multimodal': True, 'const_efficiency_mode': False, 'evidence_tolerance': 0.5, 'n_iter_before_update': 100, 'null_log_evidence': -1e+90, 'max_modes': 100, 'mode_tolerance': -1e+90, 'seed': 42, 'context': 0, 'write_output': True, 'log_zero': -1e+100, 'max_iter': 0, 'init_MPI': False, 'dump_callback': <bound method Pymultinest._dump_callback of <bilby.core.sampler.pymultinest.Pymultinest object at 0x155500fdbb50>>}
09:47 INFO    : Temporary directory incompatible with MPI, will run in original directory
09:47 INFO    : Using output file outdirBNSKa32cores/pm_AT170817/
09:47 INFO    : Using output file outdirBNSKa32cores/pm_AT170817/
09:47 INFO    : Temporary directory incompatible with MPI, will run in original directory
09:47 INFO    : Using output file outdirBNSKa32cores/pm_AT170817/
09:47 INFO    : Using output file outdirBNSKa32cores/pm_AT170817/
09:47 WARNING : Supplied argument 'queue_size' not an argument of 'Pymultinest', removing.
09:47 WARNING : Supplied argument 'check_point_delta_t' not an argument of 'Pymultinest', removing.
09:47 INFO    : Using sampler Pymultinest with kwargs {'importance_nested_sampling': False, 'resume': True, 'verbose': True, 'sampling_efficiency': 'parameter', 'n_live_points': 2048, 'n_params': 4, 'n_clustering_params': None, 'wrapped_params': None, 'multimodal': True, 'const_efficiency_mode': False, 'evidence_tolerance': 0.5, 'n_iter_before_update': 100, 'null_log_evidence': -1e+90, 'max_modes': 100, 'mode_tolerance': -1e+90, 'seed': 42, 'context': 0, 'write_output': True, 'log_zero': -1e+100, 'max_iter': 0, 'init_MPI': False, 'dump_callback': <bound method Pymultinest._dump_callback of <bilby.core.sampler.pymultinest.Pymultinest object at 0x155500fdd450>>}
09:47 INFO    : Temporary directory incompatible with MPI, will run in original directory
09:47 INFO    : Using output file outdirBNSKa32cores/pm_AT170817/
09:50 INFO    : Sampling time: 0:03:12.745524
09:50 INFO    : Sampling time: 0:03:12.745617
09:50 INFO    : Sampling time: 0:03:12.897511
09:50 INFO    : Sampling time: 0:03:12.882958
09:50 INFO    : Sampling time: 0:03:12.745652
09:50 INFO    : Sampling time: 0:03:12.898897
09:50 INFO    : Sampling time: 0:03:12.868254
09:50 INFO    : Sampling time: 0:03:12.874521
09:50 INFO    : Sampling time: 0:03:12.867708
09:50 INFO    : Sampling time: 0:03:12.878118
09:50 INFO    : Sampling time: 0:03:12.868212
09:50 INFO    : Sampling time: 0:03:12.868840
09:50 INFO    : Sampling time: 0:03:12.898568
09:50 INFO    : Sampling time: 0:03:12.899227
09:50 INFO    : Sampling time: 0:03:12.884338
09:50 INFO    : Sampling time: 0:03:12.899470
09:50 INFO    : Sampling time: 0:03:12.869088
09:50 INFO    : Sampling time: 0:03:12.747082
09:50 INFO    : Sampling time: 0:03:12.890377
09:50 INFO    : Sampling time: 0:03:12.890324
09:50 INFO    : Sampling time: 0:03:12.743106
09:50 INFO    : Sampling time: 0:03:12.865135
09:50 INFO    : Sampling time: 0:03:12.879689
09:50 INFO    : Sampling time: 0:03:12.747795
09:50 INFO    : Sampling time: 0:03:12.883991
09:50 INFO    : Sampling time: 0:03:12.747875
09:50 INFO    : Sampling time: 0:03:12.888258
09:50 INFO    : Sampling time: 0:03:12.868928
09:50 INFO    : Sampling time: 0:03:12.900424
09:50 INFO    : Sampling time: 0:03:12.882072
09:50 INFO    : Sampling time: 0:03:12.907306
09:50 INFO    : Sampling time: 0:03:12.908280
09:50 INFO    : Summary of results:
nsamples: 8793
ln_noise_evidence:  0.000
ln_evidence: -190.956 +/-  0.072
ln_bayes_factor: -190.956 +/-  0.072

09:50 ERROR   : 

Saving the data has failed with the following message:
[Errno 116] Stale file handle
Data has been dumped to outdirBNSKa32cores/AT170817_result.pkl.


09:50 INFO    : Summary of results:
nsamples: 8793
ln_noise_evidence:  0.000
ln_evidence: -190.956 +/-  0.072
ln_bayes_factor: -190.956 +/-  0.072

09:50 INFO    : Summary of results:
nsamples: 8793
ln_noise_evidence:  0.000
ln_evidence: -190.956 +/-  0.072
ln_bayes_factor: -190.956 +/-  0.072

09:50 INFO    : Summary of results:
nsamples: 8793
ln_noise_evidence:  0.000
ln_evidence: -190.956 +/-  0.072
ln_bayes_factor: -190.956 +/-  0.072

09:50 INFO    : Summary of results:
nsamples: 8793
ln_noise_evidence:  0.000
ln_evidence: -190.956 +/-  0.072
ln_bayes_factor: -190.956 +/-  0.072

09:50 INFO    : Summary of results:
nsamples: 8793
ln_noise_evidence:  0.000
ln_evidence: -190.956 +/-  0.072
ln_bayes_factor: -190.956 +/-  0.072

09:50 INFO    : Summary of results:
nsamples: 8793
ln_noise_evidence:  0.000
ln_evidence: -190.956 +/-  0.072
ln_bayes_factor: -190.956 +/-  0.072

07:48 INFO    : Running for label 'AT170817', output will be saved to 'outdirBNSKa32cores'
07:49 INFO    : Analysis priors:
07:49 INFO    : log10_Xlan=Uniform(minimum=-9, maximum=-1, name='log10_Xlan', latex_label='log10_Xlan', unit=None, boundary='reflective')
07:49 INFO    : log10_mej=Uniform(minimum=-5, maximum=-0.5, name='log10_mej', latex_label='$\\log_{10}M^{\\rm{dyn}}_{\\rm{ej}}$', unit=None, boundary=None)
07:49 INFO    : log10_vej=Uniform(minimum=-1.8, maximum=-0.01, name='log10_vej', latex_label='$\\log_{10}v$', unit=None, boundary=None)
07:49 INFO    : luminosity_distance=LogUniform(minimum=1, maximum=500, name='luminosity_distance', latex_label='$D_L$', unit=None, boundary=None)
07:49 INFO    : timeshift=0.0
07:49 INFO    : em_syserr=1.0
07:49 INFO    : Ebv=0.0
07:49 INFO    : Analysis likelihood class: <class 'nmma.em.likelihood.OpticalLightCurve'>
07:49 INFO    : Analysis likelihood noise evidence: 0.0
07:49 INFO    : Single likelihood evaluation took 2.725e-02 s
07:49 WARNING : Supplied argument 'queue_size' not an argument of 'Pymultinest', removing.
07:49 WARNING : Supplied argument 'check_point_delta_t' not an argument of 'Pymultinest', removing.
07:49 WARNING : Using cached result
07:49 INFO    : Summary of results:
nsamples: 8793
ln_noise_evidence:  0.000
ln_evidence: -190.956 +/-  0.072
ln_bayes_factor: -190.956 +/-  0.072

07:49 INFO    : Writing samples file to /home/thussenot/kilonovae-H0/170817/Kasen/KN_1mag/outdirBNSKa32cores/AT170817_posterior_samples.dat
