04:23 INFO    : Running for label 'Constraints170817', output will be saved to 'outdirBNSBu32cores'
04:23 INFO    : Running for label 'Constraints170817', output will be saved to 'outdirBNSBu32cores'
04:23 INFO    : Running for label 'Constraints170817', output will be saved to 'outdirBNSBu32cores'
04:23 INFO    : Running for label 'Constraints170817', output will be saved to 'outdirBNSBu32cores'
04:23 INFO    : Running for label 'Constraints170817', output will be saved to 'outdirBNSBu32cores'
04:23 INFO    : Running for label 'Constraints170817', output will be saved to 'outdirBNSBu32cores'
04:23 INFO    : Running for label 'Constraints170817', output will be saved to 'outdirBNSBu32cores'
04:23 INFO    : Running for label 'Constraints170817', output will be saved to 'outdirBNSBu32cores'
04:23 INFO    : Running for label 'Constraints170817', output will be saved to 'outdirBNSBu32cores'
04:23 INFO    : Running for label 'Constraints170817', output will be saved to 'outdirBNSBu32cores'
04:23 INFO    : Running for label 'Constraints170817', output will be saved to 'outdirBNSBu32cores'
04:23 INFO    : Running for label 'Constraints170817', output will be saved to 'outdirBNSBu32cores'
04:23 INFO    : Running for label 'Constraints170817', output will be saved to 'outdirBNSBu32cores'
04:23 INFO    : Running for label 'Constraints170817', output will be saved to 'outdirBNSBu32cores'
04:23 INFO    : Running for label 'Constraints170817', output will be saved to 'outdirBNSBu32cores'
04:23 INFO    : Running for label 'Constraints170817', output will be saved to 'outdirBNSBu32cores'
04:23 INFO    : Running for label 'Constraints170817', output will be saved to 'outdirBNSBu32cores'
04:23 INFO    : Running for label 'Constraints170817', output will be saved to 'outdirBNSBu32cores'
04:23 INFO    : Running for label 'Constraints170817', output will be saved to 'outdirBNSBu32cores'
04:23 INFO    : Running for label 'Constraints170817', output will be saved to 'outdirBNSBu32cores'
04:23 INFO    : Running for label 'Constraints170817', output will be saved to 'outdirBNSBu32cores'
04:23 INFO    : Running for label 'Constraints170817', output will be saved to 'outdirBNSBu32cores'
04:23 INFO    : Running for label 'Constraints170817', output will be saved to 'outdirBNSBu32cores'
04:23 INFO    : Running for label 'Constraints170817', output will be saved to 'outdirBNSBu32cores'
04:23 INFO    : Running for label 'Constraints170817', output will be saved to 'outdirBNSBu32cores'
04:23 INFO    : Running for label 'Constraints170817', output will be saved to 'outdirBNSBu32cores'
04:23 INFO    : Running for label 'Constraints170817', output will be saved to 'outdirBNSBu32cores'
04:23 INFO    : Running for label 'Constraints170817', output will be saved to 'outdirBNSBu32cores'
04:23 INFO    : Running for label 'Constraints170817', output will be saved to 'outdirBNSBu32cores'
04:23 INFO    : Running for label 'Constraints170817', output will be saved to 'outdirBNSBu32cores'
04:23 INFO    : Running for label 'Constraints170817', output will be saved to 'outdirBNSBu32cores'
04:23 INFO    : Running for label 'Constraints170817', output will be saved to 'outdirBNSBu32cores'
04:23 INFO    : Analysis priors:
04:23 INFO    : Analysis priors:
04:23 INFO    : Analysis priors:
04:23 INFO    : Analysis priors:
04:23 INFO    : Analysis priors:
04:23 INFO    : Analysis priors:
04:23 INFO    : Analysis priors:
04:23 INFO    : Analysis priors:
04:23 INFO    : Analysis priors:
04:23 INFO    : Analysis priors:
04:23 INFO    : Analysis priors:
04:23 INFO    : Analysis priors:
04:23 INFO    : Analysis priors:
04:23 INFO    : Analysis priors:
04:23 INFO    : Analysis priors:
04:23 INFO    : Analysis priors:
04:23 INFO    : Analysis priors:
04:23 INFO    : Analysis priors:
04:23 INFO    : Analysis priors:
04:23 INFO    : Analysis priors:
04:23 INFO    : Analysis priors:
04:23 INFO    : Analysis priors:
04:23 INFO    : Analysis priors:
04:23 INFO    : Analysis priors:
04:23 INFO    : Analysis priors:
04:23 INFO    : Analysis priors:
04:23 INFO    : Analysis priors:
04:23 INFO    : Analysis priors:
04:23 INFO    : Analysis priors:
04:23 INFO    : KNphi=Uniform(minimum=15.0, maximum=75.0, name='KNphi', latex_label='$\\Phi$', unit=None, boundary=None)
04:23 INFO    : Analysis priors:
04:23 INFO    : KNphi=Uniform(minimum=15.0, maximum=75.0, name='KNphi', latex_label='$\\Phi$', unit=None, boundary=None)
04:23 INFO    : KNphi=Uniform(minimum=15.0, maximum=75.0, name='KNphi', latex_label='$\\Phi$', unit=None, boundary=None)
04:23 INFO    : KNphi=Uniform(minimum=15.0, maximum=75.0, name='KNphi', latex_label='$\\Phi$', unit=None, boundary=None)
04:23 INFO    : KNphi=Uniform(minimum=15.0, maximum=75.0, name='KNphi', latex_label='$\\Phi$', unit=None, boundary=None)
04:23 INFO    : KNphi=Uniform(minimum=15.0, maximum=75.0, name='KNphi', latex_label='$\\Phi$', unit=None, boundary=None)
04:23 INFO    : KNphi=Uniform(minimum=15.0, maximum=75.0, name='KNphi', latex_label='$\\Phi$', unit=None, boundary=None)
04:23 INFO    : KNphi=Uniform(minimum=15.0, maximum=75.0, name='KNphi', latex_label='$\\Phi$', unit=None, boundary=None)
04:23 INFO    : KNphi=Uniform(minimum=15.0, maximum=75.0, name='KNphi', latex_label='$\\Phi$', unit=None, boundary=None)
04:23 INFO    : KNphi=Uniform(minimum=15.0, maximum=75.0, name='KNphi', latex_label='$\\Phi$', unit=None, boundary=None)
04:23 INFO    : KNphi=Uniform(minimum=15.0, maximum=75.0, name='KNphi', latex_label='$\\Phi$', unit=None, boundary=None)
04:23 INFO    : KNphi=Uniform(minimum=15.0, maximum=75.0, name='KNphi', latex_label='$\\Phi$', unit=None, boundary=None)
04:23 INFO    : log10_mej_dyn=Uniform(minimum=-3.0, maximum=-1.0, name='log10_mej_dyn', latex_label='$\\log_{10}M^{\\rm{dyn}}_{\\rm{ej}}$', unit=None, boundary='reflective')
04:23 INFO    : KNphi=Uniform(minimum=15.0, maximum=75.0, name='KNphi', latex_label='$\\Phi$', unit=None, boundary=None)
04:23 INFO    : KNphi=Uniform(minimum=15.0, maximum=75.0, name='KNphi', latex_label='$\\Phi$', unit=None, boundary=None)
04:23 INFO    : KNphi=Uniform(minimum=15.0, maximum=75.0, name='KNphi', latex_label='$\\Phi$', unit=None, boundary=None)
04:23 INFO    : KNphi=Uniform(minimum=15.0, maximum=75.0, name='KNphi', latex_label='$\\Phi$', unit=None, boundary=None)
04:23 INFO    : KNphi=Uniform(minimum=15.0, maximum=75.0, name='KNphi', latex_label='$\\Phi$', unit=None, boundary=None)
04:23 INFO    : log10_mej_dyn=Uniform(minimum=-3.0, maximum=-1.0, name='log10_mej_dyn', latex_label='$\\log_{10}M^{\\rm{dyn}}_{\\rm{ej}}$', unit=None, boundary='reflective')
04:23 INFO    : KNphi=Uniform(minimum=15.0, maximum=75.0, name='KNphi', latex_label='$\\Phi$', unit=None, boundary=None)
04:23 INFO    : KNphi=Uniform(minimum=15.0, maximum=75.0, name='KNphi', latex_label='$\\Phi$', unit=None, boundary=None)
04:23 INFO    : KNphi=Uniform(minimum=15.0, maximum=75.0, name='KNphi', latex_label='$\\Phi$', unit=None, boundary=None)
04:23 INFO    : log10_mej_dyn=Uniform(minimum=-3.0, maximum=-1.0, name='log10_mej_dyn', latex_label='$\\log_{10}M^{\\rm{dyn}}_{\\rm{ej}}$', unit=None, boundary='reflective')
04:23 INFO    : KNphi=Uniform(minimum=15.0, maximum=75.0, name='KNphi', latex_label='$\\Phi$', unit=None, boundary=None)
04:23 INFO    : KNphi=Uniform(minimum=15.0, maximum=75.0, name='KNphi', latex_label='$\\Phi$', unit=None, boundary=None)
04:23 INFO    : KNphi=Uniform(minimum=15.0, maximum=75.0, name='KNphi', latex_label='$\\Phi$', unit=None, boundary=None)
04:23 INFO    : KNphi=Uniform(minimum=15.0, maximum=75.0, name='KNphi', latex_label='$\\Phi$', unit=None, boundary=None)
04:23 INFO    : log10_mej_dyn=Uniform(minimum=-3.0, maximum=-1.0, name='log10_mej_dyn', latex_label='$\\log_{10}M^{\\rm{dyn}}_{\\rm{ej}}$', unit=None, boundary='reflective')
04:23 INFO    : log10_mej_dyn=Uniform(minimum=-3.0, maximum=-1.0, name='log10_mej_dyn', latex_label='$\\log_{10}M^{\\rm{dyn}}_{\\rm{ej}}$', unit=None, boundary='reflective')
04:23 INFO    : KNphi=Uniform(minimum=15.0, maximum=75.0, name='KNphi', latex_label='$\\Phi$', unit=None, boundary=None)
04:23 INFO    : log10_mej_dyn=Uniform(minimum=-3.0, maximum=-1.0, name='log10_mej_dyn', latex_label='$\\log_{10}M^{\\rm{dyn}}_{\\rm{ej}}$', unit=None, boundary='reflective')
04:23 INFO    : KNphi=Uniform(minimum=15.0, maximum=75.0, name='KNphi', latex_label='$\\Phi$', unit=None, boundary=None)
04:23 INFO    : log10_mej_dyn=Uniform(minimum=-3.0, maximum=-1.0, name='log10_mej_dyn', latex_label='$\\log_{10}M^{\\rm{dyn}}_{\\rm{ej}}$', unit=None, boundary='reflective')
04:23 INFO    : log10_mej_dyn=Uniform(minimum=-3.0, maximum=-1.0, name='log10_mej_dyn', latex_label='$\\log_{10}M^{\\rm{dyn}}_{\\rm{ej}}$', unit=None, boundary='reflective')
04:23 INFO    : KNphi=Uniform(minimum=15.0, maximum=75.0, name='KNphi', latex_label='$\\Phi$', unit=None, boundary=None)
04:23 INFO    : KNphi=Uniform(minimum=15.0, maximum=75.0, name='KNphi', latex_label='$\\Phi$', unit=None, boundary=None)
04:23 INFO    : log10_mej_dyn=Uniform(minimum=-3.0, maximum=-1.0, name='log10_mej_dyn', latex_label='$\\log_{10}M^{\\rm{dyn}}_{\\rm{ej}}$', unit=None, boundary='reflective')
04:23 INFO    : KNphi=Uniform(minimum=15.0, maximum=75.0, name='KNphi', latex_label='$\\Phi$', unit=None, boundary=None)
04:23 INFO    : log10_mej_dyn=Uniform(minimum=-3.0, maximum=-1.0, name='log10_mej_dyn', latex_label='$\\log_{10}M^{\\rm{dyn}}_{\\rm{ej}}$', unit=None, boundary='reflective')
04:23 INFO    : log10_mej_dyn=Uniform(minimum=-3.0, maximum=-1.0, name='log10_mej_dyn', latex_label='$\\log_{10}M^{\\rm{dyn}}_{\\rm{ej}}$', unit=None, boundary='reflective')
04:23 INFO    : log10_mej_dyn=Uniform(minimum=-3.0, maximum=-1.0, name='log10_mej_dyn', latex_label='$\\log_{10}M^{\\rm{dyn}}_{\\rm{ej}}$', unit=None, boundary='reflective')
04:23 INFO    : log10_mej_wind=Uniform(minimum=-3.0, maximum=-0.5, name='log10_mej_wind', latex_label='$\\log_{10}M^{\\rm{wind}}_{\\rm{ej}}$', unit=None, boundary='reflective')
04:23 INFO    : log10_mej_dyn=Uniform(minimum=-3.0, maximum=-1.0, name='log10_mej_dyn', latex_label='$\\log_{10}M^{\\rm{dyn}}_{\\rm{ej}}$', unit=None, boundary='reflective')
04:23 INFO    : KNphi=Uniform(minimum=15.0, maximum=75.0, name='KNphi', latex_label='$\\Phi$', unit=None, boundary=None)
04:23 INFO    : log10_mej_dyn=Uniform(minimum=-3.0, maximum=-1.0, name='log10_mej_dyn', latex_label='$\\log_{10}M^{\\rm{dyn}}_{\\rm{ej}}$', unit=None, boundary='reflective')
04:23 INFO    : log10_mej_dyn=Uniform(minimum=-3.0, maximum=-1.0, name='log10_mej_dyn', latex_label='$\\log_{10}M^{\\rm{dyn}}_{\\rm{ej}}$', unit=None, boundary='reflective')
04:23 INFO    : log10_mej_dyn=Uniform(minimum=-3.0, maximum=-1.0, name='log10_mej_dyn', latex_label='$\\log_{10}M^{\\rm{dyn}}_{\\rm{ej}}$', unit=None, boundary='reflective')
04:23 INFO    : log10_mej_wind=Uniform(minimum=-3.0, maximum=-0.5, name='log10_mej_wind', latex_label='$\\log_{10}M^{\\rm{wind}}_{\\rm{ej}}$', unit=None, boundary='reflective')
04:23 INFO    : log10_mej_dyn=Uniform(minimum=-3.0, maximum=-1.0, name='log10_mej_dyn', latex_label='$\\log_{10}M^{\\rm{dyn}}_{\\rm{ej}}$', unit=None, boundary='reflective')
04:23 INFO    : log10_mej_wind=Uniform(minimum=-3.0, maximum=-0.5, name='log10_mej_wind', latex_label='$\\log_{10}M^{\\rm{wind}}_{\\rm{ej}}$', unit=None, boundary='reflective')
04:23 INFO    : log10_mej_dyn=Uniform(minimum=-3.0, maximum=-1.0, name='log10_mej_dyn', latex_label='$\\log_{10}M^{\\rm{dyn}}_{\\rm{ej}}$', unit=None, boundary='reflective')
04:23 INFO    : log10_mej_dyn=Uniform(minimum=-3.0, maximum=-1.0, name='log10_mej_dyn', latex_label='$\\log_{10}M^{\\rm{dyn}}_{\\rm{ej}}$', unit=None, boundary='reflective')
04:23 INFO    : log10_mej_dyn=Uniform(minimum=-3.0, maximum=-1.0, name='log10_mej_dyn', latex_label='$\\log_{10}M^{\\rm{dyn}}_{\\rm{ej}}$', unit=None, boundary='reflective')
04:23 INFO    : log10_mej_wind=Uniform(minimum=-3.0, maximum=-0.5, name='log10_mej_wind', latex_label='$\\log_{10}M^{\\rm{wind}}_{\\rm{ej}}$', unit=None, boundary='reflective')
04:23 INFO    : log10_mej_wind=Uniform(minimum=-3.0, maximum=-0.5, name='log10_mej_wind', latex_label='$\\log_{10}M^{\\rm{wind}}_{\\rm{ej}}$', unit=None, boundary='reflective')
04:23 INFO    : log10_mej_dyn=Uniform(minimum=-3.0, maximum=-1.0, name='log10_mej_dyn', latex_label='$\\log_{10}M^{\\rm{dyn}}_{\\rm{ej}}$', unit=None, boundary='reflective')
04:23 INFO    : log10_mej_dyn=Uniform(minimum=-3.0, maximum=-1.0, name='log10_mej_dyn', latex_label='$\\log_{10}M^{\\rm{dyn}}_{\\rm{ej}}$', unit=None, boundary='reflective')
04:23 INFO    : log10_mej_dyn=Uniform(minimum=-3.0, maximum=-1.0, name='log10_mej_dyn', latex_label='$\\log_{10}M^{\\rm{dyn}}_{\\rm{ej}}$', unit=None, boundary='reflective')
04:23 INFO    : log10_mej_wind=Uniform(minimum=-3.0, maximum=-0.5, name='log10_mej_wind', latex_label='$\\log_{10}M^{\\rm{wind}}_{\\rm{ej}}$', unit=None, boundary='reflective')
04:23 INFO    : log10_mej_dyn=Uniform(minimum=-3.0, maximum=-1.0, name='log10_mej_dyn', latex_label='$\\log_{10}M^{\\rm{dyn}}_{\\rm{ej}}$', unit=None, boundary='reflective')
04:23 INFO    : log10_mej_wind=Uniform(minimum=-3.0, maximum=-0.5, name='log10_mej_wind', latex_label='$\\log_{10}M^{\\rm{wind}}_{\\rm{ej}}$', unit=None, boundary='reflective')
04:23 INFO    : log10_mej_wind=Uniform(minimum=-3.0, maximum=-0.5, name='log10_mej_wind', latex_label='$\\log_{10}M^{\\rm{wind}}_{\\rm{ej}}$', unit=None, boundary='reflective')
04:23 INFO    : log10_mej_dyn=Uniform(minimum=-3.0, maximum=-1.0, name='log10_mej_dyn', latex_label='$\\log_{10}M^{\\rm{dyn}}_{\\rm{ej}}$', unit=None, boundary='reflective')
04:23 INFO    : log10_mej_wind=Uniform(minimum=-3.0, maximum=-0.5, name='log10_mej_wind', latex_label='$\\log_{10}M^{\\rm{wind}}_{\\rm{ej}}$', unit=None, boundary='reflective')
04:23 INFO    : log10_mej_dyn=Uniform(minimum=-3.0, maximum=-1.0, name='log10_mej_dyn', latex_label='$\\log_{10}M^{\\rm{dyn}}_{\\rm{ej}}$', unit=None, boundary='reflective')
04:23 INFO    : log10_mej_dyn=Uniform(minimum=-3.0, maximum=-1.0, name='log10_mej_dyn', latex_label='$\\log_{10}M^{\\rm{dyn}}_{\\rm{ej}}$', unit=None, boundary='reflective')
04:23 INFO    : log10_mej_dyn=Uniform(minimum=-3.0, maximum=-1.0, name='log10_mej_dyn', latex_label='$\\log_{10}M^{\\rm{dyn}}_{\\rm{ej}}$', unit=None, boundary='reflective')
04:23 INFO    : log10_mej_wind=Uniform(minimum=-3.0, maximum=-0.5, name='log10_mej_wind', latex_label='$\\log_{10}M^{\\rm{wind}}_{\\rm{ej}}$', unit=None, boundary='reflective')
04:23 INFO    : log10_mej_wind=Uniform(minimum=-3.0, maximum=-0.5, name='log10_mej_wind', latex_label='$\\log_{10}M^{\\rm{wind}}_{\\rm{ej}}$', unit=None, boundary='reflective')
04:23 INFO    : log10_mej_dyn=Uniform(minimum=-3.0, maximum=-1.0, name='log10_mej_dyn', latex_label='$\\log_{10}M^{\\rm{dyn}}_{\\rm{ej}}$', unit=None, boundary='reflective')
04:23 INFO    : log10_mej_wind=Uniform(minimum=-3.0, maximum=-0.5, name='log10_mej_wind', latex_label='$\\log_{10}M^{\\rm{wind}}_{\\rm{ej}}$', unit=None, boundary='reflective')
04:23 INFO    : log10_mej_wind=Uniform(minimum=-3.0, maximum=-0.5, name='log10_mej_wind', latex_label='$\\log_{10}M^{\\rm{wind}}_{\\rm{ej}}$', unit=None, boundary='reflective')
04:23 INFO    : log10_mej_wind=Uniform(minimum=-3.0, maximum=-0.5, name='log10_mej_wind', latex_label='$\\log_{10}M^{\\rm{wind}}_{\\rm{ej}}$', unit=None, boundary='reflective')
04:23 INFO    : log10_mej_wind=Uniform(minimum=-3.0, maximum=-0.5, name='log10_mej_wind', latex_label='$\\log_{10}M^{\\rm{wind}}_{\\rm{ej}}$', unit=None, boundary='reflective')
04:23 INFO    : inclination_EM=Sine(minimum=0.0, maximum=1.5707963267948966, name='inclination_EM', latex_label='$\\iota$', unit=None, boundary=None)
04:23 INFO    : log10_mej_dyn=Uniform(minimum=-3.0, maximum=-1.0, name='log10_mej_dyn', latex_label='$\\log_{10}M^{\\rm{dyn}}_{\\rm{ej}}$', unit=None, boundary='reflective')
04:23 INFO    : log10_mej_wind=Uniform(minimum=-3.0, maximum=-0.5, name='log10_mej_wind', latex_label='$\\log_{10}M^{\\rm{wind}}_{\\rm{ej}}$', unit=None, boundary='reflective')
04:23 INFO    : log10_mej_wind=Uniform(minimum=-3.0, maximum=-0.5, name='log10_mej_wind', latex_label='$\\log_{10}M^{\\rm{wind}}_{\\rm{ej}}$', unit=None, boundary='reflective')
04:23 INFO    : inclination_EM=Sine(minimum=0.0, maximum=1.5707963267948966, name='inclination_EM', latex_label='$\\iota$', unit=None, boundary=None)
04:23 INFO    : log10_mej_wind=Uniform(minimum=-3.0, maximum=-0.5, name='log10_mej_wind', latex_label='$\\log_{10}M^{\\rm{wind}}_{\\rm{ej}}$', unit=None, boundary='reflective')
04:23 INFO    : inclination_EM=Sine(minimum=0.0, maximum=1.5707963267948966, name='inclination_EM', latex_label='$\\iota$', unit=None, boundary=None)
04:23 INFO    : log10_mej_wind=Uniform(minimum=-3.0, maximum=-0.5, name='log10_mej_wind', latex_label='$\\log_{10}M^{\\rm{wind}}_{\\rm{ej}}$', unit=None, boundary='reflective')
04:23 INFO    : log10_mej_wind=Uniform(minimum=-3.0, maximum=-0.5, name='log10_mej_wind', latex_label='$\\log_{10}M^{\\rm{wind}}_{\\rm{ej}}$', unit=None, boundary='reflective')
04:23 INFO    : inclination_EM=Sine(minimum=0.0, maximum=1.5707963267948966, name='inclination_EM', latex_label='$\\iota$', unit=None, boundary=None)
04:23 INFO    : inclination_EM=Sine(minimum=0.0, maximum=1.5707963267948966, name='inclination_EM', latex_label='$\\iota$', unit=None, boundary=None)
04:23 INFO    : log10_mej_wind=Uniform(minimum=-3.0, maximum=-0.5, name='log10_mej_wind', latex_label='$\\log_{10}M^{\\rm{wind}}_{\\rm{ej}}$', unit=None, boundary='reflective')
04:23 INFO    : log10_mej_wind=Uniform(minimum=-3.0, maximum=-0.5, name='log10_mej_wind', latex_label='$\\log_{10}M^{\\rm{wind}}_{\\rm{ej}}$', unit=None, boundary='reflective')
04:23 INFO    : inclination_EM=Sine(minimum=0.0, maximum=1.5707963267948966, name='inclination_EM', latex_label='$\\iota$', unit=None, boundary=None)
04:23 INFO    : log10_mej_wind=Uniform(minimum=-3.0, maximum=-0.5, name='log10_mej_wind', latex_label='$\\log_{10}M^{\\rm{wind}}_{\\rm{ej}}$', unit=None, boundary='reflective')
04:23 INFO    : inclination_EM=Sine(minimum=0.0, maximum=1.5707963267948966, name='inclination_EM', latex_label='$\\iota$', unit=None, boundary=None)
04:23 INFO    : log10_mej_wind=Uniform(minimum=-3.0, maximum=-0.5, name='log10_mej_wind', latex_label='$\\log_{10}M^{\\rm{wind}}_{\\rm{ej}}$', unit=None, boundary='reflective')
04:23 INFO    : log10_mej_wind=Uniform(minimum=-3.0, maximum=-0.5, name='log10_mej_wind', latex_label='$\\log_{10}M^{\\rm{wind}}_{\\rm{ej}}$', unit=None, boundary='reflective')
04:23 INFO    : log10_mej_wind=Uniform(minimum=-3.0, maximum=-0.5, name='log10_mej_wind', latex_label='$\\log_{10}M^{\\rm{wind}}_{\\rm{ej}}$', unit=None, boundary='reflective')
04:23 INFO    : inclination_EM=Sine(minimum=0.0, maximum=1.5707963267948966, name='inclination_EM', latex_label='$\\iota$', unit=None, boundary=None)
04:23 INFO    : log10_mej_wind=Uniform(minimum=-3.0, maximum=-0.5, name='log10_mej_wind', latex_label='$\\log_{10}M^{\\rm{wind}}_{\\rm{ej}}$', unit=None, boundary='reflective')
04:23 INFO    : inclination_EM=Sine(minimum=0.0, maximum=1.5707963267948966, name='inclination_EM', latex_label='$\\iota$', unit=None, boundary=None)
04:23 INFO    : log10_mej_wind=Uniform(minimum=-3.0, maximum=-0.5, name='log10_mej_wind', latex_label='$\\log_{10}M^{\\rm{wind}}_{\\rm{ej}}$', unit=None, boundary='reflective')
04:23 INFO    : log10_mej_wind=Uniform(minimum=-3.0, maximum=-0.5, name='log10_mej_wind', latex_label='$\\log_{10}M^{\\rm{wind}}_{\\rm{ej}}$', unit=None, boundary='reflective')
04:23 INFO    : inclination_EM=Sine(minimum=0.0, maximum=1.5707963267948966, name='inclination_EM', latex_label='$\\iota$', unit=None, boundary=None)
04:23 INFO    : inclination_EM=Sine(minimum=0.0, maximum=1.5707963267948966, name='inclination_EM', latex_label='$\\iota$', unit=None, boundary=None)
04:23 INFO    : inclination_EM=Sine(minimum=0.0, maximum=1.5707963267948966, name='inclination_EM', latex_label='$\\iota$', unit=None, boundary=None)
04:23 INFO    : inclination_EM=Sine(minimum=0.0, maximum=1.5707963267948966, name='inclination_EM', latex_label='$\\iota$', unit=None, boundary=None)
04:23 INFO    : inclination_EM=Sine(minimum=0.0, maximum=1.5707963267948966, name='inclination_EM', latex_label='$\\iota$', unit=None, boundary=None)
04:23 INFO    : luminosity_distance=LogUniform(minimum=38, maximum=48, name='luminosity_distance', latex_label='$D_L$', unit=None, boundary=None)
04:23 INFO    : log10_mej_wind=Uniform(minimum=-3.0, maximum=-0.5, name='log10_mej_wind', latex_label='$\\log_{10}M^{\\rm{wind}}_{\\rm{ej}}$', unit=None, boundary='reflective')
04:23 INFO    : inclination_EM=Sine(minimum=0.0, maximum=1.5707963267948966, name='inclination_EM', latex_label='$\\iota$', unit=None, boundary=None)
04:23 INFO    : inclination_EM=Sine(minimum=0.0, maximum=1.5707963267948966, name='inclination_EM', latex_label='$\\iota$', unit=None, boundary=None)
04:23 INFO    : inclination_EM=Sine(minimum=0.0, maximum=1.5707963267948966, name='inclination_EM', latex_label='$\\iota$', unit=None, boundary=None)
04:23 INFO    : luminosity_distance=LogUniform(minimum=38, maximum=48, name='luminosity_distance', latex_label='$D_L$', unit=None, boundary=None)
04:23 INFO    : inclination_EM=Sine(minimum=0.0, maximum=1.5707963267948966, name='inclination_EM', latex_label='$\\iota$', unit=None, boundary=None)
04:23 INFO    : luminosity_distance=LogUniform(minimum=38, maximum=48, name='luminosity_distance', latex_label='$D_L$', unit=None, boundary=None)
04:23 INFO    : luminosity_distance=LogUniform(minimum=38, maximum=48, name='luminosity_distance', latex_label='$D_L$', unit=None, boundary=None)
04:23 INFO    : luminosity_distance=LogUniform(minimum=38, maximum=48, name='luminosity_distance', latex_label='$D_L$', unit=None, boundary=None)
04:23 INFO    : inclination_EM=Sine(minimum=0.0, maximum=1.5707963267948966, name='inclination_EM', latex_label='$\\iota$', unit=None, boundary=None)
04:23 INFO    : luminosity_distance=LogUniform(minimum=38, maximum=48, name='luminosity_distance', latex_label='$D_L$', unit=None, boundary=None)
04:23 INFO    : inclination_EM=Sine(minimum=0.0, maximum=1.5707963267948966, name='inclination_EM', latex_label='$\\iota$', unit=None, boundary=None)
04:23 INFO    : luminosity_distance=LogUniform(minimum=38, maximum=48, name='luminosity_distance', latex_label='$D_L$', unit=None, boundary=None)
04:23 INFO    : inclination_EM=Sine(minimum=0.0, maximum=1.5707963267948966, name='inclination_EM', latex_label='$\\iota$', unit=None, boundary=None)
04:23 INFO    : luminosity_distance=LogUniform(minimum=38, maximum=48, name='luminosity_distance', latex_label='$D_L$', unit=None, boundary=None)
04:23 INFO    : inclination_EM=Sine(minimum=0.0, maximum=1.5707963267948966, name='inclination_EM', latex_label='$\\iota$', unit=None, boundary=None)
04:23 INFO    : inclination_EM=Sine(minimum=0.0, maximum=1.5707963267948966, name='inclination_EM', latex_label='$\\iota$', unit=None, boundary=None)
04:23 INFO    : luminosity_distance=LogUniform(minimum=38, maximum=48, name='luminosity_distance', latex_label='$D_L$', unit=None, boundary=None)
04:23 INFO    : inclination_EM=Sine(minimum=0.0, maximum=1.5707963267948966, name='inclination_EM', latex_label='$\\iota$', unit=None, boundary=None)
04:23 INFO    : inclination_EM=Sine(minimum=0.0, maximum=1.5707963267948966, name='inclination_EM', latex_label='$\\iota$', unit=None, boundary=None)
04:23 INFO    : inclination_EM=Sine(minimum=0.0, maximum=1.5707963267948966, name='inclination_EM', latex_label='$\\iota$', unit=None, boundary=None)
04:23 INFO    : luminosity_distance=LogUniform(minimum=38, maximum=48, name='luminosity_distance', latex_label='$D_L$', unit=None, boundary=None)
04:23 INFO    : inclination_EM=Sine(minimum=0.0, maximum=1.5707963267948966, name='inclination_EM', latex_label='$\\iota$', unit=None, boundary=None)
04:23 INFO    : luminosity_distance=LogUniform(minimum=38, maximum=48, name='luminosity_distance', latex_label='$D_L$', unit=None, boundary=None)
04:23 INFO    : inclination_EM=Sine(minimum=0.0, maximum=1.5707963267948966, name='inclination_EM', latex_label='$\\iota$', unit=None, boundary=None)
04:23 INFO    : em_syserr=LogUniform(minimum=0.1, maximum=2.0, name='em_syserr', latex_label='$\\sigma$', unit=None, boundary=None)
04:23 INFO    : luminosity_distance=LogUniform(minimum=38, maximum=48, name='luminosity_distance', latex_label='$D_L$', unit=None, boundary=None)
04:23 INFO    : luminosity_distance=LogUniform(minimum=38, maximum=48, name='luminosity_distance', latex_label='$D_L$', unit=None, boundary=None)
04:23 INFO    : inclination_EM=Sine(minimum=0.0, maximum=1.5707963267948966, name='inclination_EM', latex_label='$\\iota$', unit=None, boundary=None)
04:23 INFO    : luminosity_distance=LogUniform(minimum=38, maximum=48, name='luminosity_distance', latex_label='$D_L$', unit=None, boundary=None)
04:23 INFO    : luminosity_distance=LogUniform(minimum=38, maximum=48, name='luminosity_distance', latex_label='$D_L$', unit=None, boundary=None)
04:23 INFO    : inclination_EM=Sine(minimum=0.0, maximum=1.5707963267948966, name='inclination_EM', latex_label='$\\iota$', unit=None, boundary=None)
04:23 INFO    : em_syserr=LogUniform(minimum=0.1, maximum=2.0, name='em_syserr', latex_label='$\\sigma$', unit=None, boundary=None)
04:23 INFO    : luminosity_distance=LogUniform(minimum=38, maximum=48, name='luminosity_distance', latex_label='$D_L$', unit=None, boundary=None)
04:23 INFO    : luminosity_distance=LogUniform(minimum=38, maximum=48, name='luminosity_distance', latex_label='$D_L$', unit=None, boundary=None)
04:23 INFO    : timeshift=0.0
04:23 INFO    : em_syserr=LogUniform(minimum=0.1, maximum=2.0, name='em_syserr', latex_label='$\\sigma$', unit=None, boundary=None)
04:23 INFO    : luminosity_distance=LogUniform(minimum=38, maximum=48, name='luminosity_distance', latex_label='$D_L$', unit=None, boundary=None)
04:23 INFO    : timeshift=0.0
04:23 INFO    : Ebv=0.0
04:23 INFO    : em_syserr=LogUniform(minimum=0.1, maximum=2.0, name='em_syserr', latex_label='$\\sigma$', unit=None, boundary=None)
04:23 INFO    : timeshift=0.0
04:23 INFO    : em_syserr=LogUniform(minimum=0.1, maximum=2.0, name='em_syserr', latex_label='$\\sigma$', unit=None, boundary=None)
04:23 INFO    : em_syserr=LogUniform(minimum=0.1, maximum=2.0, name='em_syserr', latex_label='$\\sigma$', unit=None, boundary=None)
04:23 INFO    : Ebv=0.0
04:23 INFO    : em_syserr=LogUniform(minimum=0.1, maximum=2.0, name='em_syserr', latex_label='$\\sigma$', unit=None, boundary=None)
04:23 INFO    : em_syserr=LogUniform(minimum=0.1, maximum=2.0, name='em_syserr', latex_label='$\\sigma$', unit=None, boundary=None)
04:23 INFO    : luminosity_distance=LogUniform(minimum=38, maximum=48, name='luminosity_distance', latex_label='$D_L$', unit=None, boundary=None)
04:23 INFO    : luminosity_distance=LogUniform(minimum=38, maximum=48, name='luminosity_distance', latex_label='$D_L$', unit=None, boundary=None)
04:23 INFO    : em_syserr=LogUniform(minimum=0.1, maximum=2.0, name='em_syserr', latex_label='$\\sigma$', unit=None, boundary=None)
04:23 INFO    : Analysis likelihood class: <class 'nmma.em.likelihood.OpticalLightCurve'>
04:23 INFO    : luminosity_distance=LogUniform(minimum=38, maximum=48, name='luminosity_distance', latex_label='$D_L$', unit=None, boundary=None)
04:23 INFO    : em_syserr=LogUniform(minimum=0.1, maximum=2.0, name='em_syserr', latex_label='$\\sigma$', unit=None, boundary=None)
04:23 INFO    : em_syserr=LogUniform(minimum=0.1, maximum=2.0, name='em_syserr', latex_label='$\\sigma$', unit=None, boundary=None)
04:23 INFO    : Ebv=0.0
04:23 INFO    : luminosity_distance=LogUniform(minimum=38, maximum=48, name='luminosity_distance', latex_label='$D_L$', unit=None, boundary=None)
04:23 INFO    : timeshift=0.0
04:23 INFO    : em_syserr=LogUniform(minimum=0.1, maximum=2.0, name='em_syserr', latex_label='$\\sigma$', unit=None, boundary=None)
04:23 INFO    : luminosity_distance=LogUniform(minimum=38, maximum=48, name='luminosity_distance', latex_label='$D_L$', unit=None, boundary=None)
04:23 INFO    : em_syserr=LogUniform(minimum=0.1, maximum=2.0, name='em_syserr', latex_label='$\\sigma$', unit=None, boundary=None)
04:23 INFO    : luminosity_distance=LogUniform(minimum=38, maximum=48, name='luminosity_distance', latex_label='$D_L$', unit=None, boundary=None)
04:23 INFO    : luminosity_distance=LogUniform(minimum=38, maximum=48, name='luminosity_distance', latex_label='$D_L$', unit=None, boundary=None)
04:23 INFO    : em_syserr=LogUniform(minimum=0.1, maximum=2.0, name='em_syserr', latex_label='$\\sigma$', unit=None, boundary=None)
04:23 INFO    : em_syserr=LogUniform(minimum=0.1, maximum=2.0, name='em_syserr', latex_label='$\\sigma$', unit=None, boundary=None)
04:23 INFO    : em_syserr=LogUniform(minimum=0.1, maximum=2.0, name='em_syserr', latex_label='$\\sigma$', unit=None, boundary=None)
04:23 INFO    : luminosity_distance=LogUniform(minimum=38, maximum=48, name='luminosity_distance', latex_label='$D_L$', unit=None, boundary=None)
04:23 INFO    : Analysis likelihood class: <class 'nmma.em.likelihood.OpticalLightCurve'>
04:23 INFO    : timeshift=0.0
04:23 INFO    : timeshift=0.0
04:23 INFO    : luminosity_distance=LogUniform(minimum=38, maximum=48, name='luminosity_distance', latex_label='$D_L$', unit=None, boundary=None)
04:23 INFO    : luminosity_distance=LogUniform(minimum=38, maximum=48, name='luminosity_distance', latex_label='$D_L$', unit=None, boundary=None)
04:23 INFO    : timeshift=0.0
04:23 INFO    : em_syserr=LogUniform(minimum=0.1, maximum=2.0, name='em_syserr', latex_label='$\\sigma$', unit=None, boundary=None)
04:23 INFO    : timeshift=0.0
04:23 INFO    : Analysis likelihood noise evidence: 0.0
04:23 INFO    : timeshift=0.0
04:23 INFO    : luminosity_distance=LogUniform(minimum=38, maximum=48, name='luminosity_distance', latex_label='$D_L$', unit=None, boundary=None)
04:23 INFO    : timeshift=0.0
04:23 INFO    : Analysis likelihood class: <class 'nmma.em.likelihood.OpticalLightCurve'>
04:23 INFO    : timeshift=0.0
04:23 INFO    : Ebv=0.0
04:23 INFO    : luminosity_distance=LogUniform(minimum=38, maximum=48, name='luminosity_distance', latex_label='$D_L$', unit=None, boundary=None)
04:23 INFO    : timeshift=0.0
04:23 INFO    : timeshift=0.0
04:23 INFO    : em_syserr=LogUniform(minimum=0.1, maximum=2.0, name='em_syserr', latex_label='$\\sigma$', unit=None, boundary=None)
04:23 INFO    : timeshift=0.0
04:23 INFO    : timeshift=0.0
04:23 INFO    : timeshift=0.0
04:23 INFO    : Analysis likelihood noise evidence: 0.0
04:23 INFO    : Ebv=0.0
04:23 INFO    : Ebv=0.0
04:23 INFO    : Ebv=0.0
04:23 INFO    : Ebv=0.0
04:23 INFO    : timeshift=0.0
04:23 INFO    : Ebv=0.0
04:23 INFO    : Analysis likelihood noise evidence: 0.0
04:23 INFO    : Ebv=0.0
04:23 INFO    : Ebv=0.0
04:23 INFO    : Analysis likelihood class: <class 'nmma.em.likelihood.OpticalLightCurve'>
04:23 INFO    : Ebv=0.0
04:23 INFO    : Ebv=0.0
04:23 INFO    : Ebv=0.0
04:23 INFO    : Ebv=0.0
04:23 INFO    : Ebv=0.0
04:23 INFO    : timeshift=0.0
04:23 INFO    : em_syserr=LogUniform(minimum=0.1, maximum=2.0, name='em_syserr', latex_label='$\\sigma$', unit=None, boundary=None)
04:23 INFO    : Analysis likelihood class: <class 'nmma.em.likelihood.OpticalLightCurve'>
04:23 INFO    : Analysis likelihood class: <class 'nmma.em.likelihood.OpticalLightCurve'>
04:23 INFO    : Analysis likelihood class: <class 'nmma.em.likelihood.OpticalLightCurve'>
04:23 INFO    : em_syserr=LogUniform(minimum=0.1, maximum=2.0, name='em_syserr', latex_label='$\\sigma$', unit=None, boundary=None)
04:23 INFO    : Analysis likelihood class: <class 'nmma.em.likelihood.OpticalLightCurve'>
04:23 INFO    : em_syserr=LogUniform(minimum=0.1, maximum=2.0, name='em_syserr', latex_label='$\\sigma$', unit=None, boundary=None)
04:23 INFO    : em_syserr=LogUniform(minimum=0.1, maximum=2.0, name='em_syserr', latex_label='$\\sigma$', unit=None, boundary=None)
04:23 INFO    : Ebv=0.0
04:23 INFO    : Analysis likelihood class: <class 'nmma.em.likelihood.OpticalLightCurve'>
04:23 INFO    : Analysis likelihood class: <class 'nmma.em.likelihood.OpticalLightCurve'>
04:23 INFO    : em_syserr=LogUniform(minimum=0.1, maximum=2.0, name='em_syserr', latex_label='$\\sigma$', unit=None, boundary=None)
04:23 INFO    : Analysis likelihood noise evidence: 0.0
04:23 INFO    : Analysis likelihood class: <class 'nmma.em.likelihood.OpticalLightCurve'>
04:23 INFO    : Analysis likelihood class: <class 'nmma.em.likelihood.OpticalLightCurve'>
04:23 INFO    : Analysis likelihood class: <class 'nmma.em.likelihood.OpticalLightCurve'>
04:23 INFO    : Analysis likelihood class: <class 'nmma.em.likelihood.OpticalLightCurve'>
04:23 INFO    : Analysis likelihood class: <class 'nmma.em.likelihood.OpticalLightCurve'>
04:23 INFO    : Analysis likelihood class: <class 'nmma.em.likelihood.OpticalLightCurve'>
04:23 INFO    : Analysis likelihood noise evidence: 0.0
04:23 INFO    : em_syserr=LogUniform(minimum=0.1, maximum=2.0, name='em_syserr', latex_label='$\\sigma$', unit=None, boundary=None)
04:23 INFO    : timeshift=0.0
04:23 INFO    : Ebv=0.0
04:23 INFO    : em_syserr=LogUniform(minimum=0.1, maximum=2.0, name='em_syserr', latex_label='$\\sigma$', unit=None, boundary=None)
04:23 INFO    : Analysis likelihood noise evidence: 0.0
04:23 INFO    : timeshift=0.0
04:23 INFO    : em_syserr=LogUniform(minimum=0.1, maximum=2.0, name='em_syserr', latex_label='$\\sigma$', unit=None, boundary=None)
04:23 INFO    : Analysis likelihood noise evidence: 0.0
04:23 INFO    : Analysis likelihood noise evidence: 0.0
04:23 INFO    : Analysis likelihood noise evidence: 0.0
04:23 INFO    : Analysis likelihood class: <class 'nmma.em.likelihood.OpticalLightCurve'>
04:23 INFO    : timeshift=0.0
04:23 INFO    : timeshift=0.0
04:23 INFO    : Analysis likelihood noise evidence: 0.0
04:23 INFO    : em_syserr=LogUniform(minimum=0.1, maximum=2.0, name='em_syserr', latex_label='$\\sigma$', unit=None, boundary=None)
04:23 INFO    : Analysis likelihood noise evidence: 0.0
04:23 INFO    : em_syserr=LogUniform(minimum=0.1, maximum=2.0, name='em_syserr', latex_label='$\\sigma$', unit=None, boundary=None)
04:23 INFO    : Analysis likelihood noise evidence: 0.0
04:23 INFO    : Analysis likelihood noise evidence: 0.0
04:23 INFO    : timeshift=0.0
04:23 INFO    : em_syserr=LogUniform(minimum=0.1, maximum=2.0, name='em_syserr', latex_label='$\\sigma$', unit=None, boundary=None)
04:23 INFO    : Analysis likelihood noise evidence: 0.0
04:23 INFO    : Analysis likelihood noise evidence: 0.0
04:23 INFO    : Analysis likelihood noise evidence: 0.0
04:23 INFO    : em_syserr=LogUniform(minimum=0.1, maximum=2.0, name='em_syserr', latex_label='$\\sigma$', unit=None, boundary=None)
04:23 INFO    : timeshift=0.0
04:23 INFO    : Ebv=0.0
04:23 INFO    : Analysis likelihood class: <class 'nmma.em.likelihood.OpticalLightCurve'>
04:23 INFO    : timeshift=0.0
04:23 INFO    : Ebv=0.0
04:23 INFO    : timeshift=0.0
04:23 INFO    : Analysis likelihood noise evidence: 0.0
04:23 INFO    : Ebv=0.0
04:23 INFO    : Ebv=0.0
04:23 INFO    : timeshift=0.0
04:23 INFO    : Ebv=0.0
04:23 INFO    : timeshift=0.0
04:23 INFO    : timeshift=0.0
04:23 INFO    : Analysis likelihood class: <class 'nmma.em.likelihood.OpticalLightCurve'>
04:23 INFO    : timeshift=0.0
04:23 INFO    : Ebv=0.0
04:23 INFO    : Ebv=0.0
04:23 INFO    : Analysis likelihood noise evidence: 0.0
04:23 INFO    : Analysis likelihood class: <class 'nmma.em.likelihood.OpticalLightCurve'>
04:23 INFO    : Analysis likelihood class: <class 'nmma.em.likelihood.OpticalLightCurve'>
04:23 INFO    : Ebv=0.0
04:23 INFO    : Ebv=0.0
04:23 INFO    : Analysis likelihood class: <class 'nmma.em.likelihood.OpticalLightCurve'>
04:23 INFO    : Analysis likelihood class: <class 'nmma.em.likelihood.OpticalLightCurve'>
04:23 INFO    : Ebv=0.0
04:23 INFO    : Ebv=0.0
04:23 INFO    : Analysis likelihood noise evidence: 0.0
04:23 INFO    : Ebv=0.0
04:23 INFO    : Analysis likelihood class: <class 'nmma.em.likelihood.OpticalLightCurve'>
04:23 INFO    : Analysis likelihood class: <class 'nmma.em.likelihood.OpticalLightCurve'>
04:23 INFO    : Analysis likelihood noise evidence: 0.0
04:23 INFO    : Analysis likelihood noise evidence: 0.0
04:23 INFO    : Analysis likelihood class: <class 'nmma.em.likelihood.OpticalLightCurve'>
04:23 INFO    : Analysis likelihood class: <class 'nmma.em.likelihood.OpticalLightCurve'>
04:23 INFO    : Analysis likelihood noise evidence: 0.0
04:23 INFO    : Analysis likelihood class: <class 'nmma.em.likelihood.OpticalLightCurve'>
04:23 INFO    : Analysis likelihood noise evidence: 0.0
04:23 INFO    : Analysis likelihood class: <class 'nmma.em.likelihood.OpticalLightCurve'>
04:23 INFO    : Analysis likelihood class: <class 'nmma.em.likelihood.OpticalLightCurve'>
04:23 INFO    : Analysis likelihood noise evidence: 0.0
04:23 INFO    : Analysis likelihood noise evidence: 0.0
04:23 INFO    : Analysis likelihood noise evidence: 0.0
04:23 INFO    : Analysis likelihood noise evidence: 0.0
04:23 INFO    : Analysis likelihood noise evidence: 0.0
04:23 INFO    : Analysis likelihood noise evidence: 0.0
04:23 INFO    : Analysis likelihood noise evidence: 0.0
04:23 INFO    : Analysis priors:
04:23 INFO    : KNphi=Uniform(minimum=15.0, maximum=75.0, name='KNphi', latex_label='$\\Phi$', unit=None, boundary=None)
04:23 INFO    : log10_mej_dyn=Uniform(minimum=-3.0, maximum=-1.0, name='log10_mej_dyn', latex_label='$\\log_{10}M^{\\rm{dyn}}_{\\rm{ej}}$', unit=None, boundary='reflective')
04:23 INFO    : log10_mej_wind=Uniform(minimum=-3.0, maximum=-0.5, name='log10_mej_wind', latex_label='$\\log_{10}M^{\\rm{wind}}_{\\rm{ej}}$', unit=None, boundary='reflective')
04:23 INFO    : inclination_EM=Sine(minimum=0.0, maximum=1.5707963267948966, name='inclination_EM', latex_label='$\\iota$', unit=None, boundary=None)
04:23 INFO    : luminosity_distance=LogUniform(minimum=38, maximum=48, name='luminosity_distance', latex_label='$D_L$', unit=None, boundary=None)
04:23 INFO    : em_syserr=LogUniform(minimum=0.1, maximum=2.0, name='em_syserr', latex_label='$\\sigma$', unit=None, boundary=None)
04:23 INFO    : timeshift=0.0
04:23 INFO    : Ebv=0.0
04:23 INFO    : Analysis likelihood class: <class 'nmma.em.likelihood.OpticalLightCurve'>
04:23 INFO    : Analysis likelihood noise evidence: 0.0
04:23 INFO    : Analysis priors:
04:23 INFO    : KNphi=Uniform(minimum=15.0, maximum=75.0, name='KNphi', latex_label='$\\Phi$', unit=None, boundary=None)
04:23 INFO    : log10_mej_dyn=Uniform(minimum=-3.0, maximum=-1.0, name='log10_mej_dyn', latex_label='$\\log_{10}M^{\\rm{dyn}}_{\\rm{ej}}$', unit=None, boundary='reflective')
04:23 INFO    : log10_mej_wind=Uniform(minimum=-3.0, maximum=-0.5, name='log10_mej_wind', latex_label='$\\log_{10}M^{\\rm{wind}}_{\\rm{ej}}$', unit=None, boundary='reflective')
04:23 INFO    : inclination_EM=Sine(minimum=0.0, maximum=1.5707963267948966, name='inclination_EM', latex_label='$\\iota$', unit=None, boundary=None)
04:23 INFO    : luminosity_distance=LogUniform(minimum=38, maximum=48, name='luminosity_distance', latex_label='$D_L$', unit=None, boundary=None)
04:23 INFO    : em_syserr=LogUniform(minimum=0.1, maximum=2.0, name='em_syserr', latex_label='$\\sigma$', unit=None, boundary=None)
04:23 INFO    : timeshift=0.0
04:23 INFO    : Ebv=0.0
04:23 INFO    : Analysis likelihood class: <class 'nmma.em.likelihood.OpticalLightCurve'>
04:23 INFO    : Analysis likelihood noise evidence: 0.0
04:24 INFO    : Single likelihood evaluation took 4.506e-01 s
04:24 INFO    : Single likelihood evaluation took 4.530e-01 s
04:24 WARNING : Supplied argument 'queue_size' not an argument of 'Pymultinest', removing.
04:24 WARNING : Supplied argument 'check_point_delta_t' not an argument of 'Pymultinest', removing.
04:24 INFO    : Using sampler Pymultinest with kwargs {'importance_nested_sampling': False, 'resume': True, 'verbose': True, 'sampling_efficiency': 'parameter', 'n_live_points': 2048, 'n_params': 6, 'n_clustering_params': None, 'wrapped_params': None, 'multimodal': True, 'const_efficiency_mode': False, 'evidence_tolerance': 0.5, 'n_iter_before_update': 100, 'null_log_evidence': -1e+90, 'max_modes': 100, 'mode_tolerance': -1e+90, 'seed': 42, 'context': 0, 'write_output': True, 'log_zero': -1e+100, 'max_iter': 0, 'init_MPI': False, 'dump_callback': <bound method Pymultinest._dump_callback of <bilby.core.sampler.pymultinest.Pymultinest object at 0x155500fdfb80>>}
04:24 INFO    : Temporary directory incompatible with MPI, will run in original directory
04:24 INFO    : Single likelihood evaluation took 4.554e-01 s
04:24 INFO    : Single likelihood evaluation took 4.560e-01 s
04:24 INFO    : Single likelihood evaluation took 4.567e-01 s
04:24 INFO    : Single likelihood evaluation took 4.568e-01 s
04:24 WARNING : Supplied argument 'queue_size' not an argument of 'Pymultinest', removing.
04:24 WARNING : Supplied argument 'check_point_delta_t' not an argument of 'Pymultinest', removing.
04:24 INFO    : Single likelihood evaluation took 4.575e-01 s
04:24 INFO    : Single likelihood evaluation took 4.578e-01 s
04:24 INFO    : Single likelihood evaluation took 4.585e-01 s
04:24 INFO    : Single likelihood evaluation took 4.588e-01 s
04:24 INFO    : Single likelihood evaluation took 4.594e-01 s
04:24 WARNING : Supplied argument 'queue_size' not an argument of 'Pymultinest', removing.
04:24 WARNING : Supplied argument 'check_point_delta_t' not an argument of 'Pymultinest', removing.
04:24 WARNING : Supplied argument 'queue_size' not an argument of 'Pymultinest', removing.
04:24 WARNING : Supplied argument 'check_point_delta_t' not an argument of 'Pymultinest', removing.
04:24 WARNING : Supplied argument 'queue_size' not an argument of 'Pymultinest', removing.
04:24 WARNING : Supplied argument 'check_point_delta_t' not an argument of 'Pymultinest', removing.
04:24 INFO    : Single likelihood evaluation took 4.603e-01 s
04:24 INFO    : Single likelihood evaluation took 4.606e-01 s
04:24 INFO    : Single likelihood evaluation took 4.608e-01 s
04:24 WARNING : Supplied argument 'queue_size' not an argument of 'Pymultinest', removing.
04:24 WARNING : Supplied argument 'check_point_delta_t' not an argument of 'Pymultinest', removing.
04:24 WARNING : Supplied argument 'queue_size' not an argument of 'Pymultinest', removing.
04:24 WARNING : Supplied argument 'check_point_delta_t' not an argument of 'Pymultinest', removing.
04:24 INFO    : Single likelihood evaluation took 4.614e-01 s
04:24 WARNING : Supplied argument 'queue_size' not an argument of 'Pymultinest', removing.
04:24 WARNING : Supplied argument 'check_point_delta_t' not an argument of 'Pymultinest', removing.
04:24 WARNING : Supplied argument 'queue_size' not an argument of 'Pymultinest', removing.
04:24 WARNING : Supplied argument 'check_point_delta_t' not an argument of 'Pymultinest', removing.
04:24 WARNING : Supplied argument 'queue_size' not an argument of 'Pymultinest', removing.
04:24 WARNING : Supplied argument 'check_point_delta_t' not an argument of 'Pymultinest', removing.
04:24 INFO    : Single likelihood evaluation took 4.624e-01 s
04:24 WARNING : Supplied argument 'queue_size' not an argument of 'Pymultinest', removing.
04:24 WARNING : Supplied argument 'check_point_delta_t' not an argument of 'Pymultinest', removing.
04:24 WARNING : Supplied argument 'queue_size' not an argument of 'Pymultinest', removing.
04:24 WARNING : Supplied argument 'check_point_delta_t' not an argument of 'Pymultinest', removing.
04:24 WARNING : Supplied argument 'queue_size' not an argument of 'Pymultinest', removing.
04:24 WARNING : Supplied argument 'check_point_delta_t' not an argument of 'Pymultinest', removing.
04:24 WARNING : Supplied argument 'queue_size' not an argument of 'Pymultinest', removing.
04:24 WARNING : Supplied argument 'check_point_delta_t' not an argument of 'Pymultinest', removing.
04:24 WARNING : Supplied argument 'queue_size' not an argument of 'Pymultinest', removing.
04:24 WARNING : Supplied argument 'check_point_delta_t' not an argument of 'Pymultinest', removing.
04:24 WARNING : Supplied argument 'queue_size' not an argument of 'Pymultinest', removing.
04:24 WARNING : Supplied argument 'check_point_delta_t' not an argument of 'Pymultinest', removing.
04:24 INFO    : Single likelihood evaluation took 4.941e-01 s
04:24 INFO    : Single likelihood evaluation took 4.978e-01 s
04:24 WARNING : Supplied argument 'queue_size' not an argument of 'Pymultinest', removing.
04:24 WARNING : Supplied argument 'check_point_delta_t' not an argument of 'Pymultinest', removing.
04:24 INFO    : Single likelihood evaluation took 4.981e-01 s
04:24 INFO    : Single likelihood evaluation took 4.984e-01 s
04:24 INFO    : Single likelihood evaluation took 5.002e-01 s
04:24 INFO    : Single likelihood evaluation took 5.008e-01 s
04:24 WARNING : Supplied argument 'queue_size' not an argument of 'Pymultinest', removing.
04:24 WARNING : Supplied argument 'check_point_delta_t' not an argument of 'Pymultinest', removing.
04:24 WARNING : Supplied argument 'queue_size' not an argument of 'Pymultinest', removing.
04:24 WARNING : Supplied argument 'check_point_delta_t' not an argument of 'Pymultinest', removing.
04:24 INFO    : Single likelihood evaluation took 5.019e-01 s
04:24 WARNING : Supplied argument 'queue_size' not an argument of 'Pymultinest', removing.
04:24 WARNING : Supplied argument 'check_point_delta_t' not an argument of 'Pymultinest', removing.
04:24 INFO    : Single likelihood evaluation took 5.022e-01 s
04:24 WARNING : Supplied argument 'queue_size' not an argument of 'Pymultinest', removing.
04:24 WARNING : Supplied argument 'check_point_delta_t' not an argument of 'Pymultinest', removing.
04:24 WARNING : Supplied argument 'queue_size' not an argument of 'Pymultinest', removing.
04:24 WARNING : Supplied argument 'check_point_delta_t' not an argument of 'Pymultinest', removing.
04:24 WARNING : Supplied argument 'queue_size' not an argument of 'Pymultinest', removing.
04:24 WARNING : Supplied argument 'queue_size' not an argument of 'Pymultinest', removing.
04:24 INFO    : Single likelihood evaluation took 5.052e-01 s
04:24 INFO    : Single likelihood evaluation took 5.052e-01 s
04:24 INFO    : Single likelihood evaluation took 5.052e-01 s
04:24 INFO    : Single likelihood evaluation took 5.064e-01 s
04:24 INFO    : Single likelihood evaluation took 5.065e-01 s
04:24 INFO    : Single likelihood evaluation took 5.069e-01 s
04:24 INFO    : Single likelihood evaluation took 5.071e-01 s
04:24 INFO    : Single likelihood evaluation took 5.072e-01 s
04:24 WARNING : Supplied argument 'check_point_delta_t' not an argument of 'Pymultinest', removing.
04:24 INFO    : Using output file outdirBNSBu32cores/pm_Constraints170817/
04:24 INFO    : Using sampler Pymultinest with kwargs {'importance_nested_sampling': False, 'resume': True, 'verbose': True, 'sampling_efficiency': 'parameter', 'n_live_points': 2048, 'n_params': 6, 'n_clustering_params': None, 'wrapped_params': None, 'multimodal': True, 'const_efficiency_mode': False, 'evidence_tolerance': 0.5, 'n_iter_before_update': 100, 'null_log_evidence': -1e+90, 'max_modes': 100, 'mode_tolerance': -1e+90, 'seed': 42, 'context': 0, 'write_output': True, 'log_zero': -1e+100, 'max_iter': 0, 'init_MPI': False, 'dump_callback': <bound method Pymultinest._dump_callback of <bilby.core.sampler.pymultinest.Pymultinest object at 0x155500fe3b80>>}
04:24 WARNING : Supplied argument 'check_point_delta_t' not an argument of 'Pymultinest', removing.
04:24 INFO    : Using sampler Pymultinest with kwargs {'importance_nested_sampling': False, 'resume': True, 'verbose': True, 'sampling_efficiency': 'parameter', 'n_live_points': 2048, 'n_params': 6, 'n_clustering_params': None, 'wrapped_params': None, 'multimodal': True, 'const_efficiency_mode': False, 'evidence_tolerance': 0.5, 'n_iter_before_update': 100, 'null_log_evidence': -1e+90, 'max_modes': 100, 'mode_tolerance': -1e+90, 'seed': 42, 'context': 0, 'write_output': True, 'log_zero': -1e+100, 'max_iter': 0, 'init_MPI': False, 'dump_callback': <bound method Pymultinest._dump_callback of <bilby.core.sampler.pymultinest.Pymultinest object at 0x155500fd9330>>}
04:24 INFO    : Using sampler Pymultinest with kwargs {'importance_nested_sampling': False, 'resume': True, 'verbose': True, 'sampling_efficiency': 'parameter', 'n_live_points': 2048, 'n_params': 6, 'n_clustering_params': None, 'wrapped_params': None, 'multimodal': True, 'const_efficiency_mode': False, 'evidence_tolerance': 0.5, 'n_iter_before_update': 100, 'null_log_evidence': -1e+90, 'max_modes': 100, 'mode_tolerance': -1e+90, 'seed': 42, 'context': 0, 'write_output': True, 'log_zero': -1e+100, 'max_iter': 0, 'init_MPI': False, 'dump_callback': <bound method Pymultinest._dump_callback of <bilby.core.sampler.pymultinest.Pymultinest object at 0x155500fe26b0>>}
04:24 INFO    : Using sampler Pymultinest with kwargs {'importance_nested_sampling': False, 'resume': True, 'verbose': True, 'sampling_efficiency': 'parameter', 'n_live_points': 2048, 'n_params': 6, 'n_clustering_params': None, 'wrapped_params': None, 'multimodal': True, 'const_efficiency_mode': False, 'evidence_tolerance': 0.5, 'n_iter_before_update': 100, 'null_log_evidence': -1e+90, 'max_modes': 100, 'mode_tolerance': -1e+90, 'seed': 42, 'context': 0, 'write_output': True, 'log_zero': -1e+100, 'max_iter': 0, 'init_MPI': False, 'dump_callback': <bound method Pymultinest._dump_callback of <bilby.core.sampler.pymultinest.Pymultinest object at 0x155500fda800>>}
04:24 INFO    : Using sampler Pymultinest with kwargs {'importance_nested_sampling': False, 'resume': True, 'verbose': True, 'sampling_efficiency': 'parameter', 'n_live_points': 2048, 'n_params': 6, 'n_clustering_params': None, 'wrapped_params': None, 'multimodal': True, 'const_efficiency_mode': False, 'evidence_tolerance': 0.5, 'n_iter_before_update': 100, 'null_log_evidence': -1e+90, 'max_modes': 100, 'mode_tolerance': -1e+90, 'seed': 42, 'context': 0, 'write_output': True, 'log_zero': -1e+100, 'max_iter': 0, 'init_MPI': False, 'dump_callback': <bound method Pymultinest._dump_callback of <bilby.core.sampler.pymultinest.Pymultinest object at 0x155500fdfac0>>}
04:24 INFO    : Using sampler Pymultinest with kwargs {'importance_nested_sampling': False, 'resume': True, 'verbose': True, 'sampling_efficiency': 'parameter', 'n_live_points': 2048, 'n_params': 6, 'n_clustering_params': None, 'wrapped_params': None, 'multimodal': True, 'const_efficiency_mode': False, 'evidence_tolerance': 0.5, 'n_iter_before_update': 100, 'null_log_evidence': -1e+90, 'max_modes': 100, 'mode_tolerance': -1e+90, 'seed': 42, 'context': 0, 'write_output': True, 'log_zero': -1e+100, 'max_iter': 0, 'init_MPI': False, 'dump_callback': <bound method Pymultinest._dump_callback of <bilby.core.sampler.pymultinest.Pymultinest object at 0x155500fd5180>>}
04:24 INFO    : Using sampler Pymultinest with kwargs {'importance_nested_sampling': False, 'resume': True, 'verbose': True, 'sampling_efficiency': 'parameter', 'n_live_points': 2048, 'n_params': 6, 'n_clustering_params': None, 'wrapped_params': None, 'multimodal': True, 'const_efficiency_mode': False, 'evidence_tolerance': 0.5, 'n_iter_before_update': 100, 'null_log_evidence': -1e+90, 'max_modes': 100, 'mode_tolerance': -1e+90, 'seed': 42, 'context': 0, 'write_output': True, 'log_zero': -1e+100, 'max_iter': 0, 'init_MPI': False, 'dump_callback': <bound method Pymultinest._dump_callback of <bilby.core.sampler.pymultinest.Pymultinest object at 0x155500fe26b0>>}
04:24 INFO    : Using sampler Pymultinest with kwargs {'importance_nested_sampling': False, 'resume': True, 'verbose': True, 'sampling_efficiency': 'parameter', 'n_live_points': 2048, 'n_params': 6, 'n_clustering_params': None, 'wrapped_params': None, 'multimodal': True, 'const_efficiency_mode': False, 'evidence_tolerance': 0.5, 'n_iter_before_update': 100, 'null_log_evidence': -1e+90, 'max_modes': 100, 'mode_tolerance': -1e+90, 'seed': 42, 'context': 0, 'write_output': True, 'log_zero': -1e+100, 'max_iter': 0, 'init_MPI': False, 'dump_callback': <bound method Pymultinest._dump_callback of <bilby.core.sampler.pymultinest.Pymultinest object at 0x155500fd4a60>>}
04:24 INFO    : Using sampler Pymultinest with kwargs {'importance_nested_sampling': False, 'resume': True, 'verbose': True, 'sampling_efficiency': 'parameter', 'n_live_points': 2048, 'n_params': 6, 'n_clustering_params': None, 'wrapped_params': None, 'multimodal': True, 'const_efficiency_mode': False, 'evidence_tolerance': 0.5, 'n_iter_before_update': 100, 'null_log_evidence': -1e+90, 'max_modes': 100, 'mode_tolerance': -1e+90, 'seed': 42, 'context': 0, 'write_output': True, 'log_zero': -1e+100, 'max_iter': 0, 'init_MPI': False, 'dump_callback': <bound method Pymultinest._dump_callback of <bilby.core.sampler.pymultinest.Pymultinest object at 0x155500fde740>>}
04:24 INFO    : Using sampler Pymultinest with kwargs {'importance_nested_sampling': False, 'resume': True, 'verbose': True, 'sampling_efficiency': 'parameter', 'n_live_points': 2048, 'n_params': 6, 'n_clustering_params': None, 'wrapped_params': None, 'multimodal': True, 'const_efficiency_mode': False, 'evidence_tolerance': 0.5, 'n_iter_before_update': 100, 'null_log_evidence': -1e+90, 'max_modes': 100, 'mode_tolerance': -1e+90, 'seed': 42, 'context': 0, 'write_output': True, 'log_zero': -1e+100, 'max_iter': 0, 'init_MPI': False, 'dump_callback': <bound method Pymultinest._dump_callback of <bilby.core.sampler.pymultinest.Pymultinest object at 0x155500fe2830>>}
04:24 INFO    : Using sampler Pymultinest with kwargs {'importance_nested_sampling': False, 'resume': True, 'verbose': True, 'sampling_efficiency': 'parameter', 'n_live_points': 2048, 'n_params': 6, 'n_clustering_params': None, 'wrapped_params': None, 'multimodal': True, 'const_efficiency_mode': False, 'evidence_tolerance': 0.5, 'n_iter_before_update': 100, 'null_log_evidence': -1e+90, 'max_modes': 100, 'mode_tolerance': -1e+90, 'seed': 42, 'context': 0, 'write_output': True, 'log_zero': -1e+100, 'max_iter': 0, 'init_MPI': False, 'dump_callback': <bound method Pymultinest._dump_callback of <bilby.core.sampler.pymultinest.Pymultinest object at 0x155500fe2830>>}
04:24 INFO    : Using sampler Pymultinest with kwargs {'importance_nested_sampling': False, 'resume': True, 'verbose': True, 'sampling_efficiency': 'parameter', 'n_live_points': 2048, 'n_params': 6, 'n_clustering_params': None, 'wrapped_params': None, 'multimodal': True, 'const_efficiency_mode': False, 'evidence_tolerance': 0.5, 'n_iter_before_update': 100, 'null_log_evidence': -1e+90, 'max_modes': 100, 'mode_tolerance': -1e+90, 'seed': 42, 'context': 0, 'write_output': True, 'log_zero': -1e+100, 'max_iter': 0, 'init_MPI': False, 'dump_callback': <bound method Pymultinest._dump_callback of <bilby.core.sampler.pymultinest.Pymultinest object at 0x155500fda1a0>>}
04:24 INFO    : Using sampler Pymultinest with kwargs {'importance_nested_sampling': False, 'resume': True, 'verbose': True, 'sampling_efficiency': 'parameter', 'n_live_points': 2048, 'n_params': 6, 'n_clustering_params': None, 'wrapped_params': None, 'multimodal': True, 'const_efficiency_mode': False, 'evidence_tolerance': 0.5, 'n_iter_before_update': 100, 'null_log_evidence': -1e+90, 'max_modes': 100, 'mode_tolerance': -1e+90, 'seed': 42, 'context': 0, 'write_output': True, 'log_zero': -1e+100, 'max_iter': 0, 'init_MPI': False, 'dump_callback': <bound method Pymultinest._dump_callback of <bilby.core.sampler.pymultinest.Pymultinest object at 0x155500fdfac0>>}
04:24 INFO    : Using sampler Pymultinest with kwargs {'importance_nested_sampling': False, 'resume': True, 'verbose': True, 'sampling_efficiency': 'parameter', 'n_live_points': 2048, 'n_params': 6, 'n_clustering_params': None, 'wrapped_params': None, 'multimodal': True, 'const_efficiency_mode': False, 'evidence_tolerance': 0.5, 'n_iter_before_update': 100, 'null_log_evidence': -1e+90, 'max_modes': 100, 'mode_tolerance': -1e+90, 'seed': 42, 'context': 0, 'write_output': True, 'log_zero': -1e+100, 'max_iter': 0, 'init_MPI': False, 'dump_callback': <bound method Pymultinest._dump_callback of <bilby.core.sampler.pymultinest.Pymultinest object at 0x155500fdfb20>>}
04:24 INFO    : Using sampler Pymultinest with kwargs {'importance_nested_sampling': False, 'resume': True, 'verbose': True, 'sampling_efficiency': 'parameter', 'n_live_points': 2048, 'n_params': 6, 'n_clustering_params': None, 'wrapped_params': None, 'multimodal': True, 'const_efficiency_mode': False, 'evidence_tolerance': 0.5, 'n_iter_before_update': 100, 'null_log_evidence': -1e+90, 'max_modes': 100, 'mode_tolerance': -1e+90, 'seed': 42, 'context': 0, 'write_output': True, 'log_zero': -1e+100, 'max_iter': 0, 'init_MPI': False, 'dump_callback': <bound method Pymultinest._dump_callback of <bilby.core.sampler.pymultinest.Pymultinest object at 0x155500fdfb80>>}
04:24 INFO    : Using sampler Pymultinest with kwargs {'importance_nested_sampling': False, 'resume': True, 'verbose': True, 'sampling_efficiency': 'parameter', 'n_live_points': 2048, 'n_params': 6, 'n_clustering_params': None, 'wrapped_params': None, 'multimodal': True, 'const_efficiency_mode': False, 'evidence_tolerance': 0.5, 'n_iter_before_update': 100, 'null_log_evidence': -1e+90, 'max_modes': 100, 'mode_tolerance': -1e+90, 'seed': 42, 'context': 0, 'write_output': True, 'log_zero': -1e+100, 'max_iter': 0, 'init_MPI': False, 'dump_callback': <bound method Pymultinest._dump_callback of <bilby.core.sampler.pymultinest.Pymultinest object at 0x155500fdcf40>>}
04:24 INFO    : Using sampler Pymultinest with kwargs {'importance_nested_sampling': False, 'resume': True, 'verbose': True, 'sampling_efficiency': 'parameter', 'n_live_points': 2048, 'n_params': 6, 'n_clustering_params': None, 'wrapped_params': None, 'multimodal': True, 'const_efficiency_mode': False, 'evidence_tolerance': 0.5, 'n_iter_before_update': 100, 'null_log_evidence': -1e+90, 'max_modes': 100, 'mode_tolerance': -1e+90, 'seed': 42, 'context': 0, 'write_output': True, 'log_zero': -1e+100, 'max_iter': 0, 'init_MPI': False, 'dump_callback': <bound method Pymultinest._dump_callback of <bilby.core.sampler.pymultinest.Pymultinest object at 0x155500fdfb80>>}
04:24 INFO    : Using sampler Pymultinest with kwargs {'importance_nested_sampling': False, 'resume': True, 'verbose': True, 'sampling_efficiency': 'parameter', 'n_live_points': 2048, 'n_params': 6, 'n_clustering_params': None, 'wrapped_params': None, 'multimodal': True, 'const_efficiency_mode': False, 'evidence_tolerance': 0.5, 'n_iter_before_update': 100, 'null_log_evidence': -1e+90, 'max_modes': 100, 'mode_tolerance': -1e+90, 'seed': 42, 'context': 0, 'write_output': True, 'log_zero': -1e+100, 'max_iter': 0, 'init_MPI': False, 'dump_callback': <bound method Pymultinest._dump_callback of <bilby.core.sampler.pymultinest.Pymultinest object at 0x155500fe6860>>}
04:24 INFO    : Using sampler Pymultinest with kwargs {'importance_nested_sampling': False, 'resume': True, 'verbose': True, 'sampling_efficiency': 'parameter', 'n_live_points': 2048, 'n_params': 6, 'n_clustering_params': None, 'wrapped_params': None, 'multimodal': True, 'const_efficiency_mode': False, 'evidence_tolerance': 0.5, 'n_iter_before_update': 100, 'null_log_evidence': -1e+90, 'max_modes': 100, 'mode_tolerance': -1e+90, 'seed': 42, 'context': 0, 'write_output': True, 'log_zero': -1e+100, 'max_iter': 0, 'init_MPI': False, 'dump_callback': <bound method Pymultinest._dump_callback of <bilby.core.sampler.pymultinest.Pymultinest object at 0x155500fe6830>>}
04:24 INFO    : Using sampler Pymultinest with kwargs {'importance_nested_sampling': False, 'resume': True, 'verbose': True, 'sampling_efficiency': 'parameter', 'n_live_points': 2048, 'n_params': 6, 'n_clustering_params': None, 'wrapped_params': None, 'multimodal': True, 'const_efficiency_mode': False, 'evidence_tolerance': 0.5, 'n_iter_before_update': 100, 'null_log_evidence': -1e+90, 'max_modes': 100, 'mode_tolerance': -1e+90, 'seed': 42, 'context': 0, 'write_output': True, 'log_zero': -1e+100, 'max_iter': 0, 'init_MPI': False, 'dump_callback': <bound method Pymultinest._dump_callback of <bilby.core.sampler.pymultinest.Pymultinest object at 0x155500fdfb50>>}
04:24 INFO    : Using sampler Pymultinest with kwargs {'importance_nested_sampling': False, 'resume': True, 'verbose': True, 'sampling_efficiency': 'parameter', 'n_live_points': 2048, 'n_params': 6, 'n_clustering_params': None, 'wrapped_params': None, 'multimodal': True, 'const_efficiency_mode': False, 'evidence_tolerance': 0.5, 'n_iter_before_update': 100, 'null_log_evidence': -1e+90, 'max_modes': 100, 'mode_tolerance': -1e+90, 'seed': 42, 'context': 0, 'write_output': True, 'log_zero': -1e+100, 'max_iter': 0, 'init_MPI': False, 'dump_callback': <bound method Pymultinest._dump_callback of <bilby.core.sampler.pymultinest.Pymultinest object at 0x155500fe3b20>>}
04:24 INFO    : Using sampler Pymultinest with kwargs {'importance_nested_sampling': False, 'resume': True, 'verbose': True, 'sampling_efficiency': 'parameter', 'n_live_points': 2048, 'n_params': 6, 'n_clustering_params': None, 'wrapped_params': None, 'multimodal': True, 'const_efficiency_mode': False, 'evidence_tolerance': 0.5, 'n_iter_before_update': 100, 'null_log_evidence': -1e+90, 'max_modes': 100, 'mode_tolerance': -1e+90, 'seed': 42, 'context': 0, 'write_output': True, 'log_zero': -1e+100, 'max_iter': 0, 'init_MPI': False, 'dump_callback': <bound method Pymultinest._dump_callback of <bilby.core.sampler.pymultinest.Pymultinest object at 0x155500fdbb80>>}
04:24 INFO    : Temporary directory incompatible with MPI, will run in original directory
04:24 INFO    : Temporary directory incompatible with MPI, will run in original directory
04:24 INFO    : Temporary directory incompatible with MPI, will run in original directory
04:24 INFO    : Temporary directory incompatible with MPI, will run in original directory
04:24 INFO    : Temporary directory incompatible with MPI, will run in original directory
04:24 INFO    : Temporary directory incompatible with MPI, will run in original directory
04:24 INFO    : Temporary directory incompatible with MPI, will run in original directory
04:24 INFO    : Temporary directory incompatible with MPI, will run in original directory
04:24 INFO    : Temporary directory incompatible with MPI, will run in original directory
04:24 INFO    : Temporary directory incompatible with MPI, will run in original directory
04:24 INFO    : Temporary directory incompatible with MPI, will run in original directory
04:24 INFO    : Temporary directory incompatible with MPI, will run in original directory
04:24 INFO    : Temporary directory incompatible with MPI, will run in original directory
04:24 INFO    : Temporary directory incompatible with MPI, will run in original directory
04:24 INFO    : Temporary directory incompatible with MPI, will run in original directory
04:24 INFO    : Temporary directory incompatible with MPI, will run in original directory
04:24 INFO    : Temporary directory incompatible with MPI, will run in original directory
04:24 INFO    : Temporary directory incompatible with MPI, will run in original directory
04:24 INFO    : Temporary directory incompatible with MPI, will run in original directory
04:24 INFO    : Using output file outdirBNSBu32cores/pm_Constraints170817/
04:24 INFO    : Temporary directory incompatible with MPI, will run in original directory
04:24 INFO    : Using output file outdirBNSBu32cores/pm_Constraints170817/
04:24 INFO    : Temporary directory incompatible with MPI, will run in original directory
04:24 INFO    : Using sampler Pymultinest with kwargs {'importance_nested_sampling': False, 'resume': True, 'verbose': True, 'sampling_efficiency': 'parameter', 'n_live_points': 2048, 'n_params': 6, 'n_clustering_params': None, 'wrapped_params': None, 'multimodal': True, 'const_efficiency_mode': False, 'evidence_tolerance': 0.5, 'n_iter_before_update': 100, 'null_log_evidence': -1e+90, 'max_modes': 100, 'mode_tolerance': -1e+90, 'seed': 42, 'context': 0, 'write_output': True, 'log_zero': -1e+100, 'max_iter': 0, 'init_MPI': False, 'dump_callback': <bound method Pymultinest._dump_callback of <bilby.core.sampler.pymultinest.Pymultinest object at 0x155500fe6830>>}
04:24 INFO    : Using output file outdirBNSBu32cores/pm_Constraints170817/
04:24 INFO    : Temporary directory incompatible with MPI, will run in original directory
04:24 INFO    : Temporary directory incompatible with MPI, will run in original directory
04:24 INFO    : Using output file outdirBNSBu32cores/pm_Constraints170817/
04:24 INFO    : Using output file outdirBNSBu32cores/pm_Constraints170817/
04:24 INFO    : Using output file outdirBNSBu32cores/pm_Constraints170817/
04:24 INFO    : Using output file outdirBNSBu32cores/pm_Constraints170817/
04:24 INFO    : Using output file outdirBNSBu32cores/pm_Constraints170817/
04:24 INFO    : Using output file outdirBNSBu32cores/pm_Constraints170817/
04:24 INFO    : Using output file outdirBNSBu32cores/pm_Constraints170817/
04:24 INFO    : Using output file outdirBNSBu32cores/pm_Constraints170817/
04:24 INFO    : Using output file outdirBNSBu32cores/pm_Constraints170817/
04:24 INFO    : Using output file outdirBNSBu32cores/pm_Constraints170817/
04:24 INFO    : Using output file outdirBNSBu32cores/pm_Constraints170817/
04:24 INFO    : Using output file outdirBNSBu32cores/pm_Constraints170817/
04:24 INFO    : Using output file outdirBNSBu32cores/pm_Constraints170817/
04:24 INFO    : Using output file outdirBNSBu32cores/pm_Constraints170817/
04:24 INFO    : Using output file outdirBNSBu32cores/pm_Constraints170817/
04:24 INFO    : Using output file outdirBNSBu32cores/pm_Constraints170817/
04:24 INFO    : Using output file outdirBNSBu32cores/pm_Constraints170817/
04:24 INFO    : Using output file outdirBNSBu32cores/pm_Constraints170817/
04:24 INFO    : Using output file outdirBNSBu32cores/pm_Constraints170817/
04:24 INFO    : Using output file outdirBNSBu32cores/pm_Constraints170817/
04:24 WARNING : Supplied argument 'queue_size' not an argument of 'Pymultinest', removing.
04:24 WARNING : Supplied argument 'check_point_delta_t' not an argument of 'Pymultinest', removing.
04:24 INFO    : Using sampler Pymultinest with kwargs {'importance_nested_sampling': False, 'resume': True, 'verbose': True, 'sampling_efficiency': 'parameter', 'n_live_points': 2048, 'n_params': 6, 'n_clustering_params': None, 'wrapped_params': None, 'multimodal': True, 'const_efficiency_mode': False, 'evidence_tolerance': 0.5, 'n_iter_before_update': 100, 'null_log_evidence': -1e+90, 'max_modes': 100, 'mode_tolerance': -1e+90, 'seed': 42, 'context': 0, 'write_output': True, 'log_zero': -1e+100, 'max_iter': 0, 'init_MPI': False, 'dump_callback': <bound method Pymultinest._dump_callback of <bilby.core.sampler.pymultinest.Pymultinest object at 0x155500fdd330>>}
04:24 INFO    : Temporary directory incompatible with MPI, will run in original directory
04:24 INFO    : Using output file outdirBNSBu32cores/pm_Constraints170817/
04:24 WARNING : Supplied argument 'queue_size' not an argument of 'Pymultinest', removing.
04:24 WARNING : Supplied argument 'queue_size' not an argument of 'Pymultinest', removing.
04:24 WARNING : Supplied argument 'check_point_delta_t' not an argument of 'Pymultinest', removing.
04:24 WARNING : Supplied argument 'check_point_delta_t' not an argument of 'Pymultinest', removing.
04:24 INFO    : Using sampler Pymultinest with kwargs {'importance_nested_sampling': False, 'resume': True, 'verbose': True, 'sampling_efficiency': 'parameter', 'n_live_points': 2048, 'n_params': 6, 'n_clustering_params': None, 'wrapped_params': None, 'multimodal': True, 'const_efficiency_mode': False, 'evidence_tolerance': 0.5, 'n_iter_before_update': 100, 'null_log_evidence': -1e+90, 'max_modes': 100, 'mode_tolerance': -1e+90, 'seed': 42, 'context': 0, 'write_output': True, 'log_zero': -1e+100, 'max_iter': 0, 'init_MPI': False, 'dump_callback': <bound method Pymultinest._dump_callback of <bilby.core.sampler.pymultinest.Pymultinest object at 0x155500fde8c0>>}
04:24 INFO    : Using sampler Pymultinest with kwargs {'importance_nested_sampling': False, 'resume': True, 'verbose': True, 'sampling_efficiency': 'parameter', 'n_live_points': 2048, 'n_params': 6, 'n_clustering_params': None, 'wrapped_params': None, 'multimodal': True, 'const_efficiency_mode': False, 'evidence_tolerance': 0.5, 'n_iter_before_update': 100, 'null_log_evidence': -1e+90, 'max_modes': 100, 'mode_tolerance': -1e+90, 'seed': 42, 'context': 0, 'write_output': True, 'log_zero': -1e+100, 'max_iter': 0, 'init_MPI': False, 'dump_callback': <bound method Pymultinest._dump_callback of <bilby.core.sampler.pymultinest.Pymultinest object at 0x155500fdfb80>>}
04:24 INFO    : Temporary directory incompatible with MPI, will run in original directory
04:24 INFO    : Temporary directory incompatible with MPI, will run in original directory
04:24 INFO    : Using output file outdirBNSBu32cores/pm_Constraints170817/
04:24 INFO    : Using output file outdirBNSBu32cores/pm_Constraints170817/
04:24 WARNING : Supplied argument 'queue_size' not an argument of 'Pymultinest', removing.
04:24 WARNING : Supplied argument 'check_point_delta_t' not an argument of 'Pymultinest', removing.
04:24 WARNING : Supplied argument 'queue_size' not an argument of 'Pymultinest', removing.
04:24 WARNING : Supplied argument 'check_point_delta_t' not an argument of 'Pymultinest', removing.
04:24 INFO    : Using sampler Pymultinest with kwargs {'importance_nested_sampling': False, 'resume': True, 'verbose': True, 'sampling_efficiency': 'parameter', 'n_live_points': 2048, 'n_params': 6, 'n_clustering_params': None, 'wrapped_params': None, 'multimodal': True, 'const_efficiency_mode': False, 'evidence_tolerance': 0.5, 'n_iter_before_update': 100, 'null_log_evidence': -1e+90, 'max_modes': 100, 'mode_tolerance': -1e+90, 'seed': 42, 'context': 0, 'write_output': True, 'log_zero': -1e+100, 'max_iter': 0, 'init_MPI': False, 'dump_callback': <bound method Pymultinest._dump_callback of <bilby.core.sampler.pymultinest.Pymultinest object at 0x155500fe3b20>>}
04:24 INFO    : Using sampler Pymultinest with kwargs {'importance_nested_sampling': False, 'resume': True, 'verbose': True, 'sampling_efficiency': 'parameter', 'n_live_points': 2048, 'n_params': 6, 'n_clustering_params': None, 'wrapped_params': None, 'multimodal': True, 'const_efficiency_mode': False, 'evidence_tolerance': 0.5, 'n_iter_before_update': 100, 'null_log_evidence': -1e+90, 'max_modes': 100, 'mode_tolerance': -1e+90, 'seed': 42, 'context': 0, 'write_output': True, 'log_zero': -1e+100, 'max_iter': 0, 'init_MPI': False, 'dump_callback': <bound method Pymultinest._dump_callback of <bilby.core.sampler.pymultinest.Pymultinest object at 0x155500fd8be0>>}
04:24 INFO    : Temporary directory incompatible with MPI, will run in original directory
04:24 INFO    : Temporary directory incompatible with MPI, will run in original directory
04:24 INFO    : Using output file outdirBNSBu32cores/pm_Constraints170817/
04:24 INFO    : Using output file outdirBNSBu32cores/pm_Constraints170817/
04:24 WARNING : Supplied argument 'queue_size' not an argument of 'Pymultinest', removing.
04:24 WARNING : Supplied argument 'queue_size' not an argument of 'Pymultinest', removing.
04:24 WARNING : Supplied argument 'queue_size' not an argument of 'Pymultinest', removing.
04:24 WARNING : Supplied argument 'check_point_delta_t' not an argument of 'Pymultinest', removing.
04:24 WARNING : Supplied argument 'check_point_delta_t' not an argument of 'Pymultinest', removing.
04:24 WARNING : Supplied argument 'check_point_delta_t' not an argument of 'Pymultinest', removing.
04:24 INFO    : Using sampler Pymultinest with kwargs {'importance_nested_sampling': False, 'resume': True, 'verbose': True, 'sampling_efficiency': 'parameter', 'n_live_points': 2048, 'n_params': 6, 'n_clustering_params': None, 'wrapped_params': None, 'multimodal': True, 'const_efficiency_mode': False, 'evidence_tolerance': 0.5, 'n_iter_before_update': 100, 'null_log_evidence': -1e+90, 'max_modes': 100, 'mode_tolerance': -1e+90, 'seed': 42, 'context': 0, 'write_output': True, 'log_zero': -1e+100, 'max_iter': 0, 'init_MPI': False, 'dump_callback': <bound method Pymultinest._dump_callback of <bilby.core.sampler.pymultinest.Pymultinest object at 0x155500fdfac0>>}
04:24 INFO    : Using sampler Pymultinest with kwargs {'importance_nested_sampling': False, 'resume': True, 'verbose': True, 'sampling_efficiency': 'parameter', 'n_live_points': 2048, 'n_params': 6, 'n_clustering_params': None, 'wrapped_params': None, 'multimodal': True, 'const_efficiency_mode': False, 'evidence_tolerance': 0.5, 'n_iter_before_update': 100, 'null_log_evidence': -1e+90, 'max_modes': 100, 'mode_tolerance': -1e+90, 'seed': 42, 'context': 0, 'write_output': True, 'log_zero': -1e+100, 'max_iter': 0, 'init_MPI': False, 'dump_callback': <bound method Pymultinest._dump_callback of <bilby.core.sampler.pymultinest.Pymultinest object at 0x155500fda6e0>>}
04:24 INFO    : Using sampler Pymultinest with kwargs {'importance_nested_sampling': False, 'resume': True, 'verbose': True, 'sampling_efficiency': 'parameter', 'n_live_points': 2048, 'n_params': 6, 'n_clustering_params': None, 'wrapped_params': None, 'multimodal': True, 'const_efficiency_mode': False, 'evidence_tolerance': 0.5, 'n_iter_before_update': 100, 'null_log_evidence': -1e+90, 'max_modes': 100, 'mode_tolerance': -1e+90, 'seed': 42, 'context': 0, 'write_output': True, 'log_zero': -1e+100, 'max_iter': 0, 'init_MPI': False, 'dump_callback': <bound method Pymultinest._dump_callback of <bilby.core.sampler.pymultinest.Pymultinest object at 0x155500fdfaf0>>}
04:24 INFO    : Temporary directory incompatible with MPI, will run in original directory
04:24 INFO    : Temporary directory incompatible with MPI, will run in original directory
04:24 INFO    : Temporary directory incompatible with MPI, will run in original directory
04:24 INFO    : Using output file outdirBNSBu32cores/pm_Constraints170817/
04:24 INFO    : Using output file outdirBNSBu32cores/pm_Constraints170817/
04:24 INFO    : Using output file outdirBNSBu32cores/pm_Constraints170817/
05:13 INFO    : Sampling time: 0:48:51.250343
05:13 INFO    : Sampling time: 0:48:51.274375
05:13 INFO    : Sampling time: 0:48:51.261549
05:13 INFO    : Sampling time: 0:48:51.258170
05:13 INFO    : Sampling time: 0:48:51.278448
05:13 INFO    : Sampling time: 0:48:51.280123
05:13 INFO    : Sampling time: 0:48:47.843653
05:13 INFO    : Sampling time: 0:48:51.269439
05:13 INFO    : Sampling time: 0:48:51.269307
05:13 INFO    : Sampling time: 0:48:51.268422
05:13 INFO    : Sampling time: 0:48:51.268884
05:13 INFO    : Sampling time: 0:48:51.269727
05:13 INFO    : Sampling time: 0:48:51.267531
05:13 INFO    : Sampling time: 0:48:51.267751
05:13 INFO    : Sampling time: 0:48:51.270054
05:13 INFO    : Sampling time: 0:48:51.269603
05:13 INFO    : Sampling time: 0:48:51.270287
05:13 INFO    : Sampling time: 0:48:51.271762
05:13 INFO    : Sampling time: 0:48:47.846204
05:13 INFO    : Sampling time: 0:48:47.844937
05:13 INFO    : Sampling time: 0:48:51.284487
05:13 INFO    : Sampling time: 0:48:51.272326
05:13 INFO    : Sampling time: 0:48:51.284666
05:13 INFO    : Sampling time: 0:48:51.273220
05:13 INFO    : Sampling time: 0:48:47.846902
05:13 INFO    : Sampling time: 0:48:47.847276
05:13 INFO    : Sampling time: 0:48:51.269177
05:13 INFO    : Sampling time: 0:48:47.848160
05:13 INFO    : Sampling time: 0:48:47.847974
05:13 INFO    : Sampling time: 0:48:51.274242
05:13 INFO    : Sampling time: 0:48:51.272081
05:13 INFO    : Sampling time: 0:48:47.848991
05:13 ERROR   : 

Saving the data has failed with the following message:
[Errno 116] Stale file handle
Data has been dumped to outdirBNSBu32cores/Constraints170817_result.pkl.


05:13 INFO    : Summary of results:
nsamples: 13527
ln_noise_evidence:  0.000
ln_evidence: -137.786 +/-  0.075
ln_bayes_factor: -137.786 +/-  0.075

05:13 INFO    : Summary of results:
nsamples: 13527
ln_noise_evidence:  0.000
ln_evidence: -137.786 +/-  0.075
ln_bayes_factor: -137.786 +/-  0.075

05:13 INFO    : Summary of results:
nsamples: 13527
ln_noise_evidence:  0.000
ln_evidence: -137.786 +/-  0.075
ln_bayes_factor: -137.786 +/-  0.075

05:13 INFO    : Summary of results:
nsamples: 13527
ln_noise_evidence:  0.000
ln_evidence: -137.786 +/-  0.075
ln_bayes_factor: -137.786 +/-  0.075

05:13 INFO    : Summary of results:
nsamples: 13527
ln_noise_evidence:  0.000
ln_evidence: -137.786 +/-  0.075
ln_bayes_factor: -137.786 +/-  0.075

05:13 INFO    : Summary of results:
nsamples: 13527
ln_noise_evidence:  0.000
ln_evidence: -137.786 +/-  0.075
ln_bayes_factor: -137.786 +/-  0.075

05:13 INFO    : Summary of results:
nsamples: 13527
ln_noise_evidence:  0.000
ln_evidence: -137.786 +/-  0.075
ln_bayes_factor: -137.786 +/-  0.075

05:53 INFO    : Running for label 'Constraints170817', output will be saved to 'outdirBNSBu32cores'
05:53 INFO    : Analysis priors:
05:53 INFO    : KNphi=Uniform(minimum=15.0, maximum=75.0, name='KNphi', latex_label='$\\Phi$', unit=None, boundary=None)
05:53 INFO    : log10_mej_dyn=Uniform(minimum=-3.0, maximum=-1.0, name='log10_mej_dyn', latex_label='$\\log_{10}M^{\\rm{dyn}}_{\\rm{ej}}$', unit=None, boundary='reflective')
05:53 INFO    : log10_mej_wind=Uniform(minimum=-3.0, maximum=-0.5, name='log10_mej_wind', latex_label='$\\log_{10}M^{\\rm{wind}}_{\\rm{ej}}$', unit=None, boundary='reflective')
05:53 INFO    : inclination_EM=Sine(minimum=0.0, maximum=1.5707963267948966, name='inclination_EM', latex_label='$\\iota$', unit=None, boundary=None)
05:53 INFO    : luminosity_distance=LogUniform(minimum=38, maximum=48, name='luminosity_distance', latex_label='$D_L$', unit=None, boundary=None)
05:53 INFO    : em_syserr=LogUniform(minimum=0.1, maximum=2.0, name='em_syserr', latex_label='$\\sigma$', unit=None, boundary=None)
05:53 INFO    : timeshift=0.0
05:53 INFO    : Ebv=0.0
05:53 INFO    : Analysis likelihood class: <class 'nmma.em.likelihood.OpticalLightCurve'>
05:53 INFO    : Analysis likelihood noise evidence: 0.0
05:54 INFO    : Single likelihood evaluation took 7.935e-02 s
05:54 WARNING : Supplied argument 'queue_size' not an argument of 'Pymultinest', removing.
05:54 WARNING : Supplied argument 'check_point_delta_t' not an argument of 'Pymultinest', removing.
05:54 WARNING : Using cached result
05:54 INFO    : Summary of results:
nsamples: 13527
ln_noise_evidence:  0.000
ln_evidence: -137.786 +/-  0.075
ln_bayes_factor: -137.786 +/-  0.075

05:54 INFO    : Writing samples file to /home/thussenot/kilonovae-H0/170817/Errsys+constraints/Distance_z/outdirBNSBu32cores/Constraints170817_posterior_samples.dat
