16:31 INFO    : Running for label 'AT170817', output will be saved to 'outdirBNSBu32cores'
16:31 INFO    : Running for label 'AT170817', output will be saved to 'outdirBNSBu32cores'
16:31 INFO    : Running for label 'AT170817', output will be saved to 'outdirBNSBu32cores'
16:31 INFO    : Running for label 'AT170817', output will be saved to 'outdirBNSBu32cores'
16:31 INFO    : Running for label 'AT170817', output will be saved to 'outdirBNSBu32cores'
16:31 INFO    : Running for label 'AT170817', output will be saved to 'outdirBNSBu32cores'
16:31 INFO    : Running for label 'AT170817', output will be saved to 'outdirBNSBu32cores'
16:31 INFO    : Running for label 'AT170817', output will be saved to 'outdirBNSBu32cores'
16:31 INFO    : Running for label 'AT170817', output will be saved to 'outdirBNSBu32cores'
16:31 INFO    : Running for label 'AT170817', output will be saved to 'outdirBNSBu32cores'
16:31 INFO    : Running for label 'AT170817', output will be saved to 'outdirBNSBu32cores'
16:31 INFO    : Running for label 'AT170817', output will be saved to 'outdirBNSBu32cores'
16:31 INFO    : Running for label 'AT170817', output will be saved to 'outdirBNSBu32cores'
16:31 INFO    : Running for label 'AT170817', output will be saved to 'outdirBNSBu32cores'
16:31 INFO    : Running for label 'AT170817', output will be saved to 'outdirBNSBu32cores'
16:31 INFO    : Running for label 'AT170817', output will be saved to 'outdirBNSBu32cores'
16:31 INFO    : Running for label 'AT170817', output will be saved to 'outdirBNSBu32cores'
16:31 INFO    : Running for label 'AT170817', output will be saved to 'outdirBNSBu32cores'
16:31 INFO    : Running for label 'AT170817', output will be saved to 'outdirBNSBu32cores'
16:31 INFO    : Running for label 'AT170817', output will be saved to 'outdirBNSBu32cores'
16:31 INFO    : Running for label 'AT170817', output will be saved to 'outdirBNSBu32cores'
16:31 INFO    : Running for label 'AT170817', output will be saved to 'outdirBNSBu32cores'
16:31 INFO    : Running for label 'AT170817', output will be saved to 'outdirBNSBu32cores'
16:31 INFO    : Running for label 'AT170817', output will be saved to 'outdirBNSBu32cores'
16:31 INFO    : Running for label 'AT170817', output will be saved to 'outdirBNSBu32cores'
16:31 INFO    : Running for label 'AT170817', output will be saved to 'outdirBNSBu32cores'
16:31 INFO    : Running for label 'AT170817', output will be saved to 'outdirBNSBu32cores'
16:31 INFO    : Running for label 'AT170817', output will be saved to 'outdirBNSBu32cores'
16:31 INFO    : Running for label 'AT170817', output will be saved to 'outdirBNSBu32cores'
16:31 INFO    : Running for label 'AT170817', output will be saved to 'outdirBNSBu32cores'
16:31 INFO    : Running for label 'AT170817', output will be saved to 'outdirBNSBu32cores'
16:31 INFO    : Running for label 'AT170817', output will be saved to 'outdirBNSBu32cores'
16:31 INFO    : Analysis priors:
16:31 INFO    : Analysis priors:
16:31 INFO    : Analysis priors:
16:31 INFO    : Analysis priors:
16:31 INFO    : Analysis priors:
16:31 INFO    : Analysis priors:
16:31 INFO    : Analysis priors:
16:31 INFO    : Analysis priors:
16:31 INFO    : Analysis priors:
16:31 INFO    : Analysis priors:
16:31 INFO    : Analysis priors:
16:31 INFO    : KNphi=Uniform(minimum=15.0, maximum=75.0, name='KNphi', latex_label='$\\Phi$', unit=None, boundary=None)
16:31 INFO    : Analysis priors:
16:31 INFO    : Analysis priors:
16:31 INFO    : KNphi=Uniform(minimum=15.0, maximum=75.0, name='KNphi', latex_label='$\\Phi$', unit=None, boundary=None)
16:31 INFO    : Analysis priors:
16:31 INFO    : Analysis priors:
16:31 INFO    : Analysis priors:
16:31 INFO    : Analysis priors:
16:31 INFO    : Analysis priors:
16:31 INFO    : KNphi=Uniform(minimum=15.0, maximum=75.0, name='KNphi', latex_label='$\\Phi$', unit=None, boundary=None)
16:31 INFO    : KNphi=Uniform(minimum=15.0, maximum=75.0, name='KNphi', latex_label='$\\Phi$', unit=None, boundary=None)
16:31 INFO    : KNphi=Uniform(minimum=15.0, maximum=75.0, name='KNphi', latex_label='$\\Phi$', unit=None, boundary=None)
16:31 INFO    : log10_mej_dyn=Uniform(minimum=-3.0, maximum=-1.0, name='log10_mej_dyn', latex_label='$\\log_{10}M^{\\rm{dyn}}_{\\rm{ej}}$', unit=None, boundary='reflective')
16:31 INFO    : Analysis priors:
16:31 INFO    : Analysis priors:
16:31 INFO    : Analysis priors:
16:31 INFO    : KNphi=Uniform(minimum=15.0, maximum=75.0, name='KNphi', latex_label='$\\Phi$', unit=None, boundary=None)
16:31 INFO    : Analysis priors:
16:31 INFO    : KNphi=Uniform(minimum=15.0, maximum=75.0, name='KNphi', latex_label='$\\Phi$', unit=None, boundary=None)
16:31 INFO    : KNphi=Uniform(minimum=15.0, maximum=75.0, name='KNphi', latex_label='$\\Phi$', unit=None, boundary=None)
16:31 INFO    : log10_mej_dyn=Uniform(minimum=-3.0, maximum=-1.0, name='log10_mej_dyn', latex_label='$\\log_{10}M^{\\rm{dyn}}_{\\rm{ej}}$', unit=None, boundary='reflective')
16:31 INFO    : Analysis priors:
16:31 INFO    : KNphi=Uniform(minimum=15.0, maximum=75.0, name='KNphi', latex_label='$\\Phi$', unit=None, boundary=None)
16:31 INFO    : Analysis priors:
16:31 INFO    : KNphi=Uniform(minimum=15.0, maximum=75.0, name='KNphi', latex_label='$\\Phi$', unit=None, boundary=None)
16:31 INFO    : KNphi=Uniform(minimum=15.0, maximum=75.0, name='KNphi', latex_label='$\\Phi$', unit=None, boundary=None)
16:31 INFO    : Analysis priors:
16:31 INFO    : Analysis priors:
16:31 INFO    : log10_mej_dyn=Uniform(minimum=-3.0, maximum=-1.0, name='log10_mej_dyn', latex_label='$\\log_{10}M^{\\rm{dyn}}_{\\rm{ej}}$', unit=None, boundary='reflective')
16:31 INFO    : Analysis priors:
16:31 INFO    : Analysis priors:
16:31 INFO    : log10_mej_dyn=Uniform(minimum=-3.0, maximum=-1.0, name='log10_mej_dyn', latex_label='$\\log_{10}M^{\\rm{dyn}}_{\\rm{ej}}$', unit=None, boundary='reflective')
16:31 INFO    : log10_mej_wind=Uniform(minimum=-3.0, maximum=-0.5, name='log10_mej_wind', latex_label='$\\log_{10}M^{\\rm{wind}}_{\\rm{ej}}$', unit=None, boundary='reflective')
16:31 INFO    : KNphi=Uniform(minimum=15.0, maximum=75.0, name='KNphi', latex_label='$\\Phi$', unit=None, boundary=None)
16:31 INFO    : KNphi=Uniform(minimum=15.0, maximum=75.0, name='KNphi', latex_label='$\\Phi$', unit=None, boundary=None)
16:31 INFO    : log10_mej_dyn=Uniform(minimum=-3.0, maximum=-1.0, name='log10_mej_dyn', latex_label='$\\log_{10}M^{\\rm{dyn}}_{\\rm{ej}}$', unit=None, boundary='reflective')
16:31 INFO    : log10_mej_dyn=Uniform(minimum=-3.0, maximum=-1.0, name='log10_mej_dyn', latex_label='$\\log_{10}M^{\\rm{dyn}}_{\\rm{ej}}$', unit=None, boundary='reflective')
16:31 INFO    : log10_mej_dyn=Uniform(minimum=-3.0, maximum=-1.0, name='log10_mej_dyn', latex_label='$\\log_{10}M^{\\rm{dyn}}_{\\rm{ej}}$', unit=None, boundary='reflective')
16:31 INFO    : KNphi=Uniform(minimum=15.0, maximum=75.0, name='KNphi', latex_label='$\\Phi$', unit=None, boundary=None)
16:31 INFO    : log10_mej_wind=Uniform(minimum=-3.0, maximum=-0.5, name='log10_mej_wind', latex_label='$\\log_{10}M^{\\rm{wind}}_{\\rm{ej}}$', unit=None, boundary='reflective')
16:31 INFO    : KNphi=Uniform(minimum=15.0, maximum=75.0, name='KNphi', latex_label='$\\Phi$', unit=None, boundary=None)
16:31 INFO    : KNphi=Uniform(minimum=15.0, maximum=75.0, name='KNphi', latex_label='$\\Phi$', unit=None, boundary=None)
16:31 INFO    : log10_mej_dyn=Uniform(minimum=-3.0, maximum=-1.0, name='log10_mej_dyn', latex_label='$\\log_{10}M^{\\rm{dyn}}_{\\rm{ej}}$', unit=None, boundary='reflective')
16:31 INFO    : KNphi=Uniform(minimum=15.0, maximum=75.0, name='KNphi', latex_label='$\\Phi$', unit=None, boundary=None)
16:31 INFO    : KNphi=Uniform(minimum=15.0, maximum=75.0, name='KNphi', latex_label='$\\Phi$', unit=None, boundary=None)
16:31 INFO    : KNphi=Uniform(minimum=15.0, maximum=75.0, name='KNphi', latex_label='$\\Phi$', unit=None, boundary=None)
16:31 INFO    : log10_mej_wind=Uniform(minimum=-3.0, maximum=-0.5, name='log10_mej_wind', latex_label='$\\log_{10}M^{\\rm{wind}}_{\\rm{ej}}$', unit=None, boundary='reflective')
16:31 INFO    : KNphi=Uniform(minimum=15.0, maximum=75.0, name='KNphi', latex_label='$\\Phi$', unit=None, boundary=None)
16:31 INFO    : log10_mej_dyn=Uniform(minimum=-3.0, maximum=-1.0, name='log10_mej_dyn', latex_label='$\\log_{10}M^{\\rm{dyn}}_{\\rm{ej}}$', unit=None, boundary='reflective')
16:31 INFO    : log10_mej_dyn=Uniform(minimum=-3.0, maximum=-1.0, name='log10_mej_dyn', latex_label='$\\log_{10}M^{\\rm{dyn}}_{\\rm{ej}}$', unit=None, boundary='reflective')
16:31 INFO    : log10_mej_dyn=Uniform(minimum=-3.0, maximum=-1.0, name='log10_mej_dyn', latex_label='$\\log_{10}M^{\\rm{dyn}}_{\\rm{ej}}$', unit=None, boundary='reflective')
16:31 INFO    : KNphi=Uniform(minimum=15.0, maximum=75.0, name='KNphi', latex_label='$\\Phi$', unit=None, boundary=None)
16:31 INFO    : KNphi=Uniform(minimum=15.0, maximum=75.0, name='KNphi', latex_label='$\\Phi$', unit=None, boundary=None)
16:31 INFO    : inclination_EM=Sine(minimum=0.0, maximum=1.5707963267948966, name='inclination_EM', latex_label='$\\iota$', unit=None, boundary=None)
16:31 INFO    : log10_mej_wind=Uniform(minimum=-3.0, maximum=-0.5, name='log10_mej_wind', latex_label='$\\log_{10}M^{\\rm{wind}}_{\\rm{ej}}$', unit=None, boundary='reflective')
16:31 INFO    : log10_mej_wind=Uniform(minimum=-3.0, maximum=-0.5, name='log10_mej_wind', latex_label='$\\log_{10}M^{\\rm{wind}}_{\\rm{ej}}$', unit=None, boundary='reflective')
16:31 INFO    : KNphi=Uniform(minimum=15.0, maximum=75.0, name='KNphi', latex_label='$\\Phi$', unit=None, boundary=None)
16:31 INFO    : KNphi=Uniform(minimum=15.0, maximum=75.0, name='KNphi', latex_label='$\\Phi$', unit=None, boundary=None)
16:31 INFO    : log10_mej_dyn=Uniform(minimum=-3.0, maximum=-1.0, name='log10_mej_dyn', latex_label='$\\log_{10}M^{\\rm{dyn}}_{\\rm{ej}}$', unit=None, boundary='reflective')
16:31 INFO    : log10_mej_dyn=Uniform(minimum=-3.0, maximum=-1.0, name='log10_mej_dyn', latex_label='$\\log_{10}M^{\\rm{dyn}}_{\\rm{ej}}$', unit=None, boundary='reflective')
16:31 INFO    : inclination_EM=Sine(minimum=0.0, maximum=1.5707963267948966, name='inclination_EM', latex_label='$\\iota$', unit=None, boundary=None)
16:31 INFO    : log10_mej_wind=Uniform(minimum=-3.0, maximum=-0.5, name='log10_mej_wind', latex_label='$\\log_{10}M^{\\rm{wind}}_{\\rm{ej}}$', unit=None, boundary='reflective')
16:31 INFO    : log10_mej_dyn=Uniform(minimum=-3.0, maximum=-1.0, name='log10_mej_dyn', latex_label='$\\log_{10}M^{\\rm{dyn}}_{\\rm{ej}}$', unit=None, boundary='reflective')
16:31 INFO    : log10_mej_wind=Uniform(minimum=-3.0, maximum=-0.5, name='log10_mej_wind', latex_label='$\\log_{10}M^{\\rm{wind}}_{\\rm{ej}}$', unit=None, boundary='reflective')
16:31 INFO    : log10_mej_wind=Uniform(minimum=-3.0, maximum=-0.5, name='log10_mej_wind', latex_label='$\\log_{10}M^{\\rm{wind}}_{\\rm{ej}}$', unit=None, boundary='reflective')
16:31 INFO    : KNphi=Uniform(minimum=15.0, maximum=75.0, name='KNphi', latex_label='$\\Phi$', unit=None, boundary=None)
16:31 INFO    : KNphi=Uniform(minimum=15.0, maximum=75.0, name='KNphi', latex_label='$\\Phi$', unit=None, boundary=None)
16:31 INFO    : log10_mej_dyn=Uniform(minimum=-3.0, maximum=-1.0, name='log10_mej_dyn', latex_label='$\\log_{10}M^{\\rm{dyn}}_{\\rm{ej}}$', unit=None, boundary='reflective')
16:31 INFO    : log10_mej_dyn=Uniform(minimum=-3.0, maximum=-1.0, name='log10_mej_dyn', latex_label='$\\log_{10}M^{\\rm{dyn}}_{\\rm{ej}}$', unit=None, boundary='reflective')
16:31 INFO    : KNphi=Uniform(minimum=15.0, maximum=75.0, name='KNphi', latex_label='$\\Phi$', unit=None, boundary=None)
16:31 INFO    : log10_mej_dyn=Uniform(minimum=-3.0, maximum=-1.0, name='log10_mej_dyn', latex_label='$\\log_{10}M^{\\rm{dyn}}_{\\rm{ej}}$', unit=None, boundary='reflective')
16:31 INFO    : KNphi=Uniform(minimum=15.0, maximum=75.0, name='KNphi', latex_label='$\\Phi$', unit=None, boundary=None)
16:31 INFO    : log10_mej_dyn=Uniform(minimum=-3.0, maximum=-1.0, name='log10_mej_dyn', latex_label='$\\log_{10}M^{\\rm{dyn}}_{\\rm{ej}}$', unit=None, boundary='reflective')
16:31 INFO    : log10_mej_dyn=Uniform(minimum=-3.0, maximum=-1.0, name='log10_mej_dyn', latex_label='$\\log_{10}M^{\\rm{dyn}}_{\\rm{ej}}$', unit=None, boundary='reflective')
16:31 INFO    : log10_mej_dyn=Uniform(minimum=-3.0, maximum=-1.0, name='log10_mej_dyn', latex_label='$\\log_{10}M^{\\rm{dyn}}_{\\rm{ej}}$', unit=None, boundary='reflective')
16:31 INFO    : log10_mej_dyn=Uniform(minimum=-3.0, maximum=-1.0, name='log10_mej_dyn', latex_label='$\\log_{10}M^{\\rm{dyn}}_{\\rm{ej}}$', unit=None, boundary='reflective')
16:31 INFO    : log10_mej_wind=Uniform(minimum=-3.0, maximum=-0.5, name='log10_mej_wind', latex_label='$\\log_{10}M^{\\rm{wind}}_{\\rm{ej}}$', unit=None, boundary='reflective')
16:31 INFO    : log10_mej_wind=Uniform(minimum=-3.0, maximum=-0.5, name='log10_mej_wind', latex_label='$\\log_{10}M^{\\rm{wind}}_{\\rm{ej}}$', unit=None, boundary='reflective')
16:31 INFO    : log10_mej_wind=Uniform(minimum=-3.0, maximum=-0.5, name='log10_mej_wind', latex_label='$\\log_{10}M^{\\rm{wind}}_{\\rm{ej}}$', unit=None, boundary='reflective')
16:31 INFO    : luminosity_distance=LogUniform(minimum=1, maximum=500, name='luminosity_distance', latex_label='$D_L$', unit=None, boundary=None)
16:31 INFO    : log10_mej_dyn=Uniform(minimum=-3.0, maximum=-1.0, name='log10_mej_dyn', latex_label='$\\log_{10}M^{\\rm{dyn}}_{\\rm{ej}}$', unit=None, boundary='reflective')
16:31 INFO    : inclination_EM=Sine(minimum=0.0, maximum=1.5707963267948966, name='inclination_EM', latex_label='$\\iota$', unit=None, boundary=None)
16:31 INFO    : log10_mej_dyn=Uniform(minimum=-3.0, maximum=-1.0, name='log10_mej_dyn', latex_label='$\\log_{10}M^{\\rm{dyn}}_{\\rm{ej}}$', unit=None, boundary='reflective')
16:31 INFO    : inclination_EM=Sine(minimum=0.0, maximum=1.5707963267948966, name='inclination_EM', latex_label='$\\iota$', unit=None, boundary=None)
16:31 INFO    : timeshift=0.0
16:31 INFO    : luminosity_distance=LogUniform(minimum=1, maximum=500, name='luminosity_distance', latex_label='$D_L$', unit=None, boundary=None)
16:31 INFO    : log10_mej_dyn=Uniform(minimum=-3.0, maximum=-1.0, name='log10_mej_dyn', latex_label='$\\log_{10}M^{\\rm{dyn}}_{\\rm{ej}}$', unit=None, boundary='reflective')
16:31 INFO    : log10_mej_wind=Uniform(minimum=-3.0, maximum=-0.5, name='log10_mej_wind', latex_label='$\\log_{10}M^{\\rm{wind}}_{\\rm{ej}}$', unit=None, boundary='reflective')
16:31 INFO    : log10_mej_wind=Uniform(minimum=-3.0, maximum=-0.5, name='log10_mej_wind', latex_label='$\\log_{10}M^{\\rm{wind}}_{\\rm{ej}}$', unit=None, boundary='reflective')
16:31 INFO    : log10_mej_wind=Uniform(minimum=-3.0, maximum=-0.5, name='log10_mej_wind', latex_label='$\\log_{10}M^{\\rm{wind}}_{\\rm{ej}}$', unit=None, boundary='reflective')
16:31 INFO    : inclination_EM=Sine(minimum=0.0, maximum=1.5707963267948966, name='inclination_EM', latex_label='$\\iota$', unit=None, boundary=None)
16:31 INFO    : inclination_EM=Sine(minimum=0.0, maximum=1.5707963267948966, name='inclination_EM', latex_label='$\\iota$', unit=None, boundary=None)
16:31 INFO    : log10_mej_wind=Uniform(minimum=-3.0, maximum=-0.5, name='log10_mej_wind', latex_label='$\\log_{10}M^{\\rm{wind}}_{\\rm{ej}}$', unit=None, boundary='reflective')
16:31 INFO    : log10_mej_wind=Uniform(minimum=-3.0, maximum=-0.5, name='log10_mej_wind', latex_label='$\\log_{10}M^{\\rm{wind}}_{\\rm{ej}}$', unit=None, boundary='reflective')
16:31 INFO    : log10_mej_dyn=Uniform(minimum=-3.0, maximum=-1.0, name='log10_mej_dyn', latex_label='$\\log_{10}M^{\\rm{dyn}}_{\\rm{ej}}$', unit=None, boundary='reflective')
16:31 INFO    : em_syserr=1.0
16:31 INFO    : log10_mej_dyn=Uniform(minimum=-3.0, maximum=-1.0, name='log10_mej_dyn', latex_label='$\\log_{10}M^{\\rm{dyn}}_{\\rm{ej}}$', unit=None, boundary='reflective')
16:31 INFO    : log10_mej_wind=Uniform(minimum=-3.0, maximum=-0.5, name='log10_mej_wind', latex_label='$\\log_{10}M^{\\rm{wind}}_{\\rm{ej}}$', unit=None, boundary='reflective')
16:31 INFO    : log10_mej_dyn=Uniform(minimum=-3.0, maximum=-1.0, name='log10_mej_dyn', latex_label='$\\log_{10}M^{\\rm{dyn}}_{\\rm{ej}}$', unit=None, boundary='reflective')
16:31 INFO    : log10_mej_dyn=Uniform(minimum=-3.0, maximum=-1.0, name='log10_mej_dyn', latex_label='$\\log_{10}M^{\\rm{dyn}}_{\\rm{ej}}$', unit=None, boundary='reflective')
16:31 INFO    : inclination_EM=Sine(minimum=0.0, maximum=1.5707963267948966, name='inclination_EM', latex_label='$\\iota$', unit=None, boundary=None)
16:31 INFO    : log10_mej_wind=Uniform(minimum=-3.0, maximum=-0.5, name='log10_mej_wind', latex_label='$\\log_{10}M^{\\rm{wind}}_{\\rm{ej}}$', unit=None, boundary='reflective')
16:31 INFO    : timeshift=0.0
16:31 INFO    : log10_mej_wind=Uniform(minimum=-3.0, maximum=-0.5, name='log10_mej_wind', latex_label='$\\log_{10}M^{\\rm{wind}}_{\\rm{ej}}$', unit=None, boundary='reflective')
16:31 INFO    : log10_mej_wind=Uniform(minimum=-3.0, maximum=-0.5, name='log10_mej_wind', latex_label='$\\log_{10}M^{\\rm{wind}}_{\\rm{ej}}$', unit=None, boundary='reflective')
16:31 INFO    : log10_mej_wind=Uniform(minimum=-3.0, maximum=-0.5, name='log10_mej_wind', latex_label='$\\log_{10}M^{\\rm{wind}}_{\\rm{ej}}$', unit=None, boundary='reflective')
16:31 INFO    : Ebv=0.0
16:31 INFO    : inclination_EM=Sine(minimum=0.0, maximum=1.5707963267948966, name='inclination_EM', latex_label='$\\iota$', unit=None, boundary=None)
16:31 INFO    : inclination_EM=Sine(minimum=0.0, maximum=1.5707963267948966, name='inclination_EM', latex_label='$\\iota$', unit=None, boundary=None)
16:31 INFO    : luminosity_distance=LogUniform(minimum=1, maximum=500, name='luminosity_distance', latex_label='$D_L$', unit=None, boundary=None)
16:31 INFO    : inclination_EM=Sine(minimum=0.0, maximum=1.5707963267948966, name='inclination_EM', latex_label='$\\iota$', unit=None, boundary=None)
16:31 INFO    : em_syserr=1.0
16:31 INFO    : log10_mej_wind=Uniform(minimum=-3.0, maximum=-0.5, name='log10_mej_wind', latex_label='$\\log_{10}M^{\\rm{wind}}_{\\rm{ej}}$', unit=None, boundary='reflective')
16:31 INFO    : Analysis likelihood class: <class 'nmma.em.likelihood.OpticalLightCurve'>
16:31 INFO    : timeshift=0.0
16:31 INFO    : Ebv=0.0
16:31 INFO    : log10_mej_wind=Uniform(minimum=-3.0, maximum=-0.5, name='log10_mej_wind', latex_label='$\\log_{10}M^{\\rm{wind}}_{\\rm{ej}}$', unit=None, boundary='reflective')
16:31 INFO    : log10_mej_wind=Uniform(minimum=-3.0, maximum=-0.5, name='log10_mej_wind', latex_label='$\\log_{10}M^{\\rm{wind}}_{\\rm{ej}}$', unit=None, boundary='reflective')
16:31 INFO    : Analysis likelihood noise evidence: 0.0
16:31 INFO    : inclination_EM=Sine(minimum=0.0, maximum=1.5707963267948966, name='inclination_EM', latex_label='$\\iota$', unit=None, boundary=None)
16:31 INFO    : luminosity_distance=LogUniform(minimum=1, maximum=500, name='luminosity_distance', latex_label='$D_L$', unit=None, boundary=None)
16:31 INFO    : em_syserr=1.0
16:31 INFO    : inclination_EM=Sine(minimum=0.0, maximum=1.5707963267948966, name='inclination_EM', latex_label='$\\iota$', unit=None, boundary=None)
16:31 INFO    : inclination_EM=Sine(minimum=0.0, maximum=1.5707963267948966, name='inclination_EM', latex_label='$\\iota$', unit=None, boundary=None)
16:31 INFO    : luminosity_distance=LogUniform(minimum=1, maximum=500, name='luminosity_distance', latex_label='$D_L$', unit=None, boundary=None)
16:31 INFO    : Analysis likelihood class: <class 'nmma.em.likelihood.OpticalLightCurve'>
16:31 INFO    : log10_mej_wind=Uniform(minimum=-3.0, maximum=-0.5, name='log10_mej_wind', latex_label='$\\log_{10}M^{\\rm{wind}}_{\\rm{ej}}$', unit=None, boundary='reflective')
16:31 INFO    : inclination_EM=Sine(minimum=0.0, maximum=1.5707963267948966, name='inclination_EM', latex_label='$\\iota$', unit=None, boundary=None)
16:31 INFO    : luminosity_distance=LogUniform(minimum=1, maximum=500, name='luminosity_distance', latex_label='$D_L$', unit=None, boundary=None)
16:31 INFO    : log10_mej_wind=Uniform(minimum=-3.0, maximum=-0.5, name='log10_mej_wind', latex_label='$\\log_{10}M^{\\rm{wind}}_{\\rm{ej}}$', unit=None, boundary='reflective')
16:31 INFO    : log10_mej_wind=Uniform(minimum=-3.0, maximum=-0.5, name='log10_mej_wind', latex_label='$\\log_{10}M^{\\rm{wind}}_{\\rm{ej}}$', unit=None, boundary='reflective')
16:31 INFO    : inclination_EM=Sine(minimum=0.0, maximum=1.5707963267948966, name='inclination_EM', latex_label='$\\iota$', unit=None, boundary=None)
16:31 INFO    : Ebv=0.0
16:31 INFO    : log10_mej_wind=Uniform(minimum=-3.0, maximum=-0.5, name='log10_mej_wind', latex_label='$\\log_{10}M^{\\rm{wind}}_{\\rm{ej}}$', unit=None, boundary='reflective')
16:31 INFO    : inclination_EM=Sine(minimum=0.0, maximum=1.5707963267948966, name='inclination_EM', latex_label='$\\iota$', unit=None, boundary=None)
16:31 INFO    : inclination_EM=Sine(minimum=0.0, maximum=1.5707963267948966, name='inclination_EM', latex_label='$\\iota$', unit=None, boundary=None)
16:31 INFO    : inclination_EM=Sine(minimum=0.0, maximum=1.5707963267948966, name='inclination_EM', latex_label='$\\iota$', unit=None, boundary=None)
16:31 INFO    : inclination_EM=Sine(minimum=0.0, maximum=1.5707963267948966, name='inclination_EM', latex_label='$\\iota$', unit=None, boundary=None)
16:31 INFO    : Analysis likelihood noise evidence: 0.0
16:31 INFO    : timeshift=0.0
16:31 INFO    : timeshift=0.0
16:31 INFO    : luminosity_distance=LogUniform(minimum=1, maximum=500, name='luminosity_distance', latex_label='$D_L$', unit=None, boundary=None)
16:31 INFO    : inclination_EM=Sine(minimum=0.0, maximum=1.5707963267948966, name='inclination_EM', latex_label='$\\iota$', unit=None, boundary=None)
16:31 INFO    : luminosity_distance=LogUniform(minimum=1, maximum=500, name='luminosity_distance', latex_label='$D_L$', unit=None, boundary=None)
16:31 INFO    : timeshift=0.0
16:31 INFO    : luminosity_distance=LogUniform(minimum=1, maximum=500, name='luminosity_distance', latex_label='$D_L$', unit=None, boundary=None)
16:31 INFO    : Analysis likelihood class: <class 'nmma.em.likelihood.OpticalLightCurve'>
16:31 INFO    : luminosity_distance=LogUniform(minimum=1, maximum=500, name='luminosity_distance', latex_label='$D_L$', unit=None, boundary=None)
16:31 INFO    : inclination_EM=Sine(minimum=0.0, maximum=1.5707963267948966, name='inclination_EM', latex_label='$\\iota$', unit=None, boundary=None)
16:31 INFO    : em_syserr=1.0
16:31 INFO    : em_syserr=1.0
16:31 INFO    : timeshift=0.0
16:31 INFO    : Analysis likelihood noise evidence: 0.0
16:31 INFO    : timeshift=0.0
16:31 INFO    : em_syserr=1.0
16:31 INFO    : timeshift=0.0
16:31 INFO    : luminosity_distance=LogUniform(minimum=1, maximum=500, name='luminosity_distance', latex_label='$D_L$', unit=None, boundary=None)
16:31 INFO    : Ebv=0.0
16:31 INFO    : timeshift=0.0
16:31 INFO    : inclination_EM=Sine(minimum=0.0, maximum=1.5707963267948966, name='inclination_EM', latex_label='$\\iota$', unit=None, boundary=None)
16:31 INFO    : inclination_EM=Sine(minimum=0.0, maximum=1.5707963267948966, name='inclination_EM', latex_label='$\\iota$', unit=None, boundary=None)
16:31 INFO    : Ebv=0.0
16:31 INFO    : luminosity_distance=LogUniform(minimum=1, maximum=500, name='luminosity_distance', latex_label='$D_L$', unit=None, boundary=None)
16:31 INFO    : luminosity_distance=LogUniform(minimum=1, maximum=500, name='luminosity_distance', latex_label='$D_L$', unit=None, boundary=None)
16:31 INFO    : em_syserr=1.0
16:31 INFO    : em_syserr=1.0
16:31 INFO    : Ebv=0.0
16:31 INFO    : em_syserr=1.0
16:31 INFO    : inclination_EM=Sine(minimum=0.0, maximum=1.5707963267948966, name='inclination_EM', latex_label='$\\iota$', unit=None, boundary=None)
16:31 INFO    : timeshift=0.0
16:31 INFO    : inclination_EM=Sine(minimum=0.0, maximum=1.5707963267948966, name='inclination_EM', latex_label='$\\iota$', unit=None, boundary=None)
16:31 INFO    : Analysis likelihood class: <class 'nmma.em.likelihood.OpticalLightCurve'>
16:31 INFO    : luminosity_distance=LogUniform(minimum=1, maximum=500, name='luminosity_distance', latex_label='$D_L$', unit=None, boundary=None)
16:31 INFO    : em_syserr=1.0
16:31 INFO    : luminosity_distance=LogUniform(minimum=1, maximum=500, name='luminosity_distance', latex_label='$D_L$', unit=None, boundary=None)
16:31 INFO    : inclination_EM=Sine(minimum=0.0, maximum=1.5707963267948966, name='inclination_EM', latex_label='$\\iota$', unit=None, boundary=None)
16:31 INFO    : luminosity_distance=LogUniform(minimum=1, maximum=500, name='luminosity_distance', latex_label='$D_L$', unit=None, boundary=None)
16:31 INFO    : luminosity_distance=LogUniform(minimum=1, maximum=500, name='luminosity_distance', latex_label='$D_L$', unit=None, boundary=None)
16:31 INFO    : Analysis likelihood class: <class 'nmma.em.likelihood.OpticalLightCurve'>
16:31 INFO    : timeshift=0.0
16:31 INFO    : inclination_EM=Sine(minimum=0.0, maximum=1.5707963267948966, name='inclination_EM', latex_label='$\\iota$', unit=None, boundary=None)
16:31 INFO    : Ebv=0.0
16:31 INFO    : timeshift=0.0
16:31 INFO    : Ebv=0.0
16:31 INFO    : em_syserr=1.0
16:31 INFO    : Ebv=0.0
16:31 INFO    : Analysis likelihood class: <class 'nmma.em.likelihood.OpticalLightCurve'>
16:31 INFO    : luminosity_distance=LogUniform(minimum=1, maximum=500, name='luminosity_distance', latex_label='$D_L$', unit=None, boundary=None)
16:31 INFO    : luminosity_distance=LogUniform(minimum=1, maximum=500, name='luminosity_distance', latex_label='$D_L$', unit=None, boundary=None)
16:31 INFO    : Analysis likelihood noise evidence: 0.0
16:31 INFO    : Ebv=0.0
16:31 INFO    : luminosity_distance=LogUniform(minimum=1, maximum=500, name='luminosity_distance', latex_label='$D_L$', unit=None, boundary=None)
16:31 INFO    : timeshift=0.0
16:31 INFO    : timeshift=0.0
16:31 INFO    : timeshift=0.0
16:31 INFO    : em_syserr=1.0
16:31 INFO    : luminosity_distance=LogUniform(minimum=1, maximum=500, name='luminosity_distance', latex_label='$D_L$', unit=None, boundary=None)
16:31 INFO    : timeshift=0.0
16:31 INFO    : Ebv=0.0
16:31 INFO    : Analysis likelihood noise evidence: 0.0
16:31 INFO    : Analysis likelihood class: <class 'nmma.em.likelihood.OpticalLightCurve'>
16:31 INFO    : em_syserr=1.0
16:31 INFO    : Analysis likelihood class: <class 'nmma.em.likelihood.OpticalLightCurve'>
16:31 INFO    : Analysis likelihood class: <class 'nmma.em.likelihood.OpticalLightCurve'>
16:31 INFO    : Analysis likelihood noise evidence: 0.0
16:31 INFO    : timeshift=0.0
16:31 INFO    : Analysis likelihood class: <class 'nmma.em.likelihood.OpticalLightCurve'>
16:31 INFO    : timeshift=0.0
16:31 INFO    : em_syserr=1.0
16:31 INFO    : em_syserr=1.0
16:31 INFO    : em_syserr=1.0
16:31 INFO    : timeshift=0.0
16:31 INFO    : Ebv=0.0
16:31 INFO    : Analysis likelihood class: <class 'nmma.em.likelihood.OpticalLightCurve'>
16:31 INFO    : timeshift=0.0
16:31 INFO    : em_syserr=1.0
16:31 INFO    : Ebv=0.0
16:31 INFO    : Analysis likelihood noise evidence: 0.0
16:31 INFO    : luminosity_distance=LogUniform(minimum=1, maximum=500, name='luminosity_distance', latex_label='$D_L$', unit=None, boundary=None)
16:31 INFO    : em_syserr=1.0
16:31 INFO    : Analysis likelihood noise evidence: 0.0
16:31 INFO    : luminosity_distance=LogUniform(minimum=1, maximum=500, name='luminosity_distance', latex_label='$D_L$', unit=None, boundary=None)
16:31 INFO    : Analysis likelihood noise evidence: 0.0
16:31 INFO    : Ebv=0.0
16:31 INFO    : Analysis likelihood noise evidence: 0.0
16:31 INFO    : Ebv=0.0
16:31 INFO    : em_syserr=1.0
16:31 INFO    : Ebv=0.0
16:31 INFO    : luminosity_distance=LogUniform(minimum=1, maximum=500, name='luminosity_distance', latex_label='$D_L$', unit=None, boundary=None)
16:31 INFO    : Analysis likelihood class: <class 'nmma.em.likelihood.OpticalLightCurve'>
16:31 INFO    : luminosity_distance=LogUniform(minimum=1, maximum=500, name='luminosity_distance', latex_label='$D_L$', unit=None, boundary=None)
16:31 INFO    : Analysis likelihood noise evidence: 0.0
16:31 INFO    : em_syserr=1.0
16:31 INFO    : em_syserr=1.0
16:31 INFO    : Analysis likelihood class: <class 'nmma.em.likelihood.OpticalLightCurve'>
16:31 INFO    : Ebv=0.0
16:31 INFO    : Ebv=0.0
16:31 INFO    : timeshift=0.0
16:31 INFO    : luminosity_distance=LogUniform(minimum=1, maximum=500, name='luminosity_distance', latex_label='$D_L$', unit=None, boundary=None)
16:31 INFO    : Analysis likelihood class: <class 'nmma.em.likelihood.OpticalLightCurve'>
16:31 INFO    : timeshift=0.0
16:31 INFO    : Analysis likelihood class: <class 'nmma.em.likelihood.OpticalLightCurve'>
16:31 INFO    : Analysis likelihood class: <class 'nmma.em.likelihood.OpticalLightCurve'>
16:31 INFO    : luminosity_distance=LogUniform(minimum=1, maximum=500, name='luminosity_distance', latex_label='$D_L$', unit=None, boundary=None)
16:31 INFO    : Ebv=0.0
16:31 INFO    : timeshift=0.0
16:31 INFO    : Analysis likelihood noise evidence: 0.0
16:31 INFO    : Ebv=0.0
16:31 INFO    : Ebv=0.0
16:31 INFO    : timeshift=0.0
16:31 INFO    : Analysis likelihood noise evidence: 0.0
16:31 INFO    : Analysis likelihood class: <class 'nmma.em.likelihood.OpticalLightCurve'>
16:31 INFO    : Analysis likelihood class: <class 'nmma.em.likelihood.OpticalLightCurve'>
16:31 INFO    : em_syserr=1.0
16:31 INFO    : Analysis likelihood noise evidence: 0.0
16:31 INFO    : timeshift=0.0
16:31 INFO    : em_syserr=1.0
16:31 INFO    : Analysis likelihood noise evidence: 0.0
16:31 INFO    : Analysis likelihood noise evidence: 0.0
16:31 INFO    : em_syserr=1.0
16:31 INFO    : timeshift=0.0
16:31 INFO    : Analysis likelihood class: <class 'nmma.em.likelihood.OpticalLightCurve'>
16:31 INFO    : em_syserr=1.0
16:31 INFO    : Analysis likelihood class: <class 'nmma.em.likelihood.OpticalLightCurve'>
16:31 INFO    : Analysis likelihood class: <class 'nmma.em.likelihood.OpticalLightCurve'>
16:31 INFO    : Ebv=0.0
16:31 INFO    : Analysis likelihood noise evidence: 0.0
16:31 INFO    : em_syserr=1.0
16:31 INFO    : Ebv=0.0
16:31 INFO    : Ebv=0.0
16:31 INFO    : em_syserr=1.0
16:31 INFO    : Ebv=0.0
16:31 INFO    : Analysis likelihood noise evidence: 0.0
16:31 INFO    : Analysis likelihood noise evidence: 0.0
16:31 INFO    : Analysis likelihood noise evidence: 0.0
16:31 INFO    : Analysis likelihood class: <class 'nmma.em.likelihood.OpticalLightCurve'>
16:31 INFO    : Analysis likelihood noise evidence: 0.0
16:31 INFO    : Ebv=0.0
16:31 INFO    : Analysis priors:
16:31 INFO    : Analysis likelihood class: <class 'nmma.em.likelihood.OpticalLightCurve'>
16:31 INFO    : Analysis likelihood class: <class 'nmma.em.likelihood.OpticalLightCurve'>
16:31 INFO    : Ebv=0.0
16:31 INFO    : Analysis likelihood class: <class 'nmma.em.likelihood.OpticalLightCurve'>
16:31 INFO    : Analysis likelihood noise evidence: 0.0
16:31 INFO    : Analysis likelihood class: <class 'nmma.em.likelihood.OpticalLightCurve'>
16:31 INFO    : Analysis likelihood noise evidence: 0.0
16:31 INFO    : Analysis likelihood noise evidence: 0.0
16:31 INFO    : Analysis likelihood class: <class 'nmma.em.likelihood.OpticalLightCurve'>
16:31 INFO    : Analysis likelihood noise evidence: 0.0
16:31 INFO    : Analysis likelihood noise evidence: 0.0
16:31 INFO    : Analysis likelihood noise evidence: 0.0
16:31 INFO    : Analysis priors:
16:31 INFO    : Analysis priors:
16:31 INFO    : KNphi=Uniform(minimum=15.0, maximum=75.0, name='KNphi', latex_label='$\\Phi$', unit=None, boundary=None)
16:31 INFO    : inclination_EM=Sine(minimum=0.0, maximum=1.5707963267948966, name='inclination_EM', latex_label='$\\iota$', unit=None, boundary=None)
16:31 INFO    : log10_mej_dyn=Uniform(minimum=-3.0, maximum=-1.0, name='log10_mej_dyn', latex_label='$\\log_{10}M^{\\rm{dyn}}_{\\rm{ej}}$', unit=None, boundary='reflective')
16:31 INFO    : KNphi=Uniform(minimum=15.0, maximum=75.0, name='KNphi', latex_label='$\\Phi$', unit=None, boundary=None)
16:31 INFO    : KNphi=Uniform(minimum=15.0, maximum=75.0, name='KNphi', latex_label='$\\Phi$', unit=None, boundary=None)
16:31 INFO    : log10_mej_wind=Uniform(minimum=-3.0, maximum=-0.5, name='log10_mej_wind', latex_label='$\\log_{10}M^{\\rm{wind}}_{\\rm{ej}}$', unit=None, boundary='reflective')
16:31 INFO    : log10_mej_dyn=Uniform(minimum=-3.0, maximum=-1.0, name='log10_mej_dyn', latex_label='$\\log_{10}M^{\\rm{dyn}}_{\\rm{ej}}$', unit=None, boundary='reflective')
16:31 INFO    : luminosity_distance=LogUniform(minimum=1, maximum=500, name='luminosity_distance', latex_label='$D_L$', unit=None, boundary=None)
16:31 INFO    : Analysis priors:
16:31 INFO    : timeshift=0.0
16:31 INFO    : em_syserr=1.0
16:31 INFO    : log10_mej_dyn=Uniform(minimum=-3.0, maximum=-1.0, name='log10_mej_dyn', latex_label='$\\log_{10}M^{\\rm{dyn}}_{\\rm{ej}}$', unit=None, boundary='reflective')
16:31 INFO    : inclination_EM=Sine(minimum=0.0, maximum=1.5707963267948966, name='inclination_EM', latex_label='$\\iota$', unit=None, boundary=None)
16:31 INFO    : Ebv=0.0
16:31 INFO    : log10_mej_wind=Uniform(minimum=-3.0, maximum=-0.5, name='log10_mej_wind', latex_label='$\\log_{10}M^{\\rm{wind}}_{\\rm{ej}}$', unit=None, boundary='reflective')
16:31 INFO    : Analysis likelihood class: <class 'nmma.em.likelihood.OpticalLightCurve'>
16:31 INFO    : Analysis likelihood noise evidence: 0.0
16:31 INFO    : log10_mej_wind=Uniform(minimum=-3.0, maximum=-0.5, name='log10_mej_wind', latex_label='$\\log_{10}M^{\\rm{wind}}_{\\rm{ej}}$', unit=None, boundary='reflective')
16:31 INFO    : luminosity_distance=LogUniform(minimum=1, maximum=500, name='luminosity_distance', latex_label='$D_L$', unit=None, boundary=None)
16:31 INFO    : inclination_EM=Sine(minimum=0.0, maximum=1.5707963267948966, name='inclination_EM', latex_label='$\\iota$', unit=None, boundary=None)
16:31 INFO    : timeshift=0.0
16:31 INFO    : KNphi=Uniform(minimum=15.0, maximum=75.0, name='KNphi', latex_label='$\\Phi$', unit=None, boundary=None)
16:31 INFO    : em_syserr=1.0
16:31 INFO    : Ebv=0.0
16:31 INFO    : inclination_EM=Sine(minimum=0.0, maximum=1.5707963267948966, name='inclination_EM', latex_label='$\\iota$', unit=None, boundary=None)
16:31 INFO    : Analysis likelihood class: <class 'nmma.em.likelihood.OpticalLightCurve'>
16:31 INFO    : luminosity_distance=LogUniform(minimum=1, maximum=500, name='luminosity_distance', latex_label='$D_L$', unit=None, boundary=None)
16:31 INFO    : Analysis likelihood noise evidence: 0.0
16:31 INFO    : timeshift=0.0
16:31 INFO    : log10_mej_dyn=Uniform(minimum=-3.0, maximum=-1.0, name='log10_mej_dyn', latex_label='$\\log_{10}M^{\\rm{dyn}}_{\\rm{ej}}$', unit=None, boundary='reflective')
16:31 INFO    : em_syserr=1.0
16:31 INFO    : luminosity_distance=LogUniform(minimum=1, maximum=500, name='luminosity_distance', latex_label='$D_L$', unit=None, boundary=None)
16:31 INFO    : Ebv=0.0
16:31 INFO    : timeshift=0.0
16:31 INFO    : Analysis likelihood class: <class 'nmma.em.likelihood.OpticalLightCurve'>
16:31 INFO    : em_syserr=1.0
16:31 INFO    : log10_mej_wind=Uniform(minimum=-3.0, maximum=-0.5, name='log10_mej_wind', latex_label='$\\log_{10}M^{\\rm{wind}}_{\\rm{ej}}$', unit=None, boundary='reflective')
16:31 INFO    : Analysis likelihood noise evidence: 0.0
16:31 INFO    : Ebv=0.0
16:31 INFO    : Analysis likelihood class: <class 'nmma.em.likelihood.OpticalLightCurve'>
16:31 INFO    : Analysis likelihood noise evidence: 0.0
16:31 INFO    : inclination_EM=Sine(minimum=0.0, maximum=1.5707963267948966, name='inclination_EM', latex_label='$\\iota$', unit=None, boundary=None)
16:31 INFO    : luminosity_distance=LogUniform(minimum=1, maximum=500, name='luminosity_distance', latex_label='$D_L$', unit=None, boundary=None)
16:31 INFO    : timeshift=0.0
16:31 INFO    : em_syserr=1.0
16:31 INFO    : Ebv=0.0
16:31 INFO    : Analysis likelihood class: <class 'nmma.em.likelihood.OpticalLightCurve'>
16:31 INFO    : Analysis likelihood noise evidence: 0.0
16:32 INFO    : Single likelihood evaluation took 4.302e-01 s
16:32 INFO    : Single likelihood evaluation took 4.306e-01 s
16:32 INFO    : Single likelihood evaluation took 4.313e-01 s
16:32 INFO    : Single likelihood evaluation took 4.314e-01 s
16:32 INFO    : Single likelihood evaluation took 4.315e-01 s
16:32 INFO    : Single likelihood evaluation took 4.320e-01 s
16:32 INFO    : Single likelihood evaluation took 4.332e-01 s
16:32 INFO    : Single likelihood evaluation took 4.338e-01 s
16:32 INFO    : Single likelihood evaluation took 4.340e-01 s
16:32 INFO    : Single likelihood evaluation took 4.343e-01 s
16:32 WARNING : Supplied argument 'queue_size' not an argument of 'Pymultinest', removing.
16:32 WARNING : Supplied argument 'check_point_delta_t' not an argument of 'Pymultinest', removing.
16:32 INFO    : Using sampler Pymultinest with kwargs {'importance_nested_sampling': False, 'resume': True, 'verbose': True, 'sampling_efficiency': 'parameter', 'n_live_points': 2048, 'n_params': 5, 'n_clustering_params': None, 'wrapped_params': None, 'multimodal': True, 'const_efficiency_mode': False, 'evidence_tolerance': 0.5, 'n_iter_before_update': 100, 'null_log_evidence': -1e+90, 'max_modes': 100, 'mode_tolerance': -1e+90, 'seed': 42, 'context': 0, 'write_output': True, 'log_zero': -1e+100, 'max_iter': 0, 'init_MPI': False, 'dump_callback': <bound method Pymultinest._dump_callback of <bilby.core.sampler.pymultinest.Pymultinest object at 0x1554d0651e40>>}
16:32 INFO    : Temporary directory incompatible with MPI, will run in original directory
16:32 WARNING : Supplied argument 'queue_size' not an argument of 'Pymultinest', removing.
16:32 WARNING : Supplied argument 'check_point_delta_t' not an argument of 'Pymultinest', removing.
16:32 INFO    : Using output file outdirBNSBu32cores/pm_AT170817/
16:32 INFO    : Using sampler Pymultinest with kwargs {'importance_nested_sampling': False, 'resume': True, 'verbose': True, 'sampling_efficiency': 'parameter', 'n_live_points': 2048, 'n_params': 5, 'n_clustering_params': None, 'wrapped_params': None, 'multimodal': True, 'const_efficiency_mode': False, 'evidence_tolerance': 0.5, 'n_iter_before_update': 100, 'null_log_evidence': -1e+90, 'max_modes': 100, 'mode_tolerance': -1e+90, 'seed': 42, 'context': 0, 'write_output': True, 'log_zero': -1e+100, 'max_iter': 0, 'init_MPI': False, 'dump_callback': <bound method Pymultinest._dump_callback of <bilby.core.sampler.pymultinest.Pymultinest object at 0x1554cf2e5c30>>}
16:32 INFO    : Temporary directory incompatible with MPI, will run in original directory
16:32 INFO    : Using output file outdirBNSBu32cores/pm_AT170817/
16:32 INFO    : Single likelihood evaluation took 4.348e-01 s
16:32 WARNING : Supplied argument 'queue_size' not an argument of 'Pymultinest', removing.
16:32 WARNING : Supplied argument 'check_point_delta_t' not an argument of 'Pymultinest', removing.
16:32 INFO    : Using sampler Pymultinest with kwargs {'importance_nested_sampling': False, 'resume': True, 'verbose': True, 'sampling_efficiency': 'parameter', 'n_live_points': 2048, 'n_params': 5, 'n_clustering_params': None, 'wrapped_params': None, 'multimodal': True, 'const_efficiency_mode': False, 'evidence_tolerance': 0.5, 'n_iter_before_update': 100, 'null_log_evidence': -1e+90, 'max_modes': 100, 'mode_tolerance': -1e+90, 'seed': 42, 'context': 0, 'write_output': True, 'log_zero': -1e+100, 'max_iter': 0, 'init_MPI': False, 'dump_callback': <bound method Pymultinest._dump_callback of <bilby.core.sampler.pymultinest.Pymultinest object at 0x1554d5412140>>}
16:32 INFO    : Temporary directory incompatible with MPI, will run in original directory
16:32 INFO    : Using output file outdirBNSBu32cores/pm_AT170817/
16:32 WARNING : Supplied argument 'queue_size' not an argument of 'Pymultinest', removing.
16:32 WARNING : Supplied argument 'check_point_delta_t' not an argument of 'Pymultinest', removing.
16:32 INFO    : Using sampler Pymultinest with kwargs {'importance_nested_sampling': False, 'resume': True, 'verbose': True, 'sampling_efficiency': 'parameter', 'n_live_points': 2048, 'n_params': 5, 'n_clustering_params': None, 'wrapped_params': None, 'multimodal': True, 'const_efficiency_mode': False, 'evidence_tolerance': 0.5, 'n_iter_before_update': 100, 'null_log_evidence': -1e+90, 'max_modes': 100, 'mode_tolerance': -1e+90, 'seed': 42, 'context': 0, 'write_output': True, 'log_zero': -1e+100, 'max_iter': 0, 'init_MPI': False, 'dump_callback': <bound method Pymultinest._dump_callback of <bilby.core.sampler.pymultinest.Pymultinest object at 0x1554d5411e40>>}
16:32 INFO    : Temporary directory incompatible with MPI, will run in original directory
16:32 INFO    : Using output file outdirBNSBu32cores/pm_AT170817/
16:32 WARNING : Supplied argument 'queue_size' not an argument of 'Pymultinest', removing.
16:32 WARNING : Supplied argument 'check_point_delta_t' not an argument of 'Pymultinest', removing.
16:32 INFO    : Using sampler Pymultinest with kwargs {'importance_nested_sampling': False, 'resume': True, 'verbose': True, 'sampling_efficiency': 'parameter', 'n_live_points': 2048, 'n_params': 5, 'n_clustering_params': None, 'wrapped_params': None, 'multimodal': True, 'const_efficiency_mode': False, 'evidence_tolerance': 0.5, 'n_iter_before_update': 100, 'null_log_evidence': -1e+90, 'max_modes': 100, 'mode_tolerance': -1e+90, 'seed': 42, 'context': 0, 'write_output': True, 'log_zero': -1e+100, 'max_iter': 0, 'init_MPI': False, 'dump_callback': <bound method Pymultinest._dump_callback of <bilby.core.sampler.pymultinest.Pymultinest object at 0x1554d5411f00>>}
16:32 INFO    : Single likelihood evaluation took 4.355e-01 s
16:32 INFO    : Temporary directory incompatible with MPI, will run in original directory
16:32 INFO    : Using output file outdirBNSBu32cores/pm_AT170817/
16:32 INFO    : Single likelihood evaluation took 4.357e-01 s
16:32 WARNING : Supplied argument 'queue_size' not an argument of 'Pymultinest', removing.
16:32 WARNING : Supplied argument 'check_point_delta_t' not an argument of 'Pymultinest', removing.
16:32 INFO    : Using sampler Pymultinest with kwargs {'importance_nested_sampling': False, 'resume': True, 'verbose': True, 'sampling_efficiency': 'parameter', 'n_live_points': 2048, 'n_params': 5, 'n_clustering_params': None, 'wrapped_params': None, 'multimodal': True, 'const_efficiency_mode': False, 'evidence_tolerance': 0.5, 'n_iter_before_update': 100, 'null_log_evidence': -1e+90, 'max_modes': 100, 'mode_tolerance': -1e+90, 'seed': 42, 'context': 0, 'write_output': True, 'log_zero': -1e+100, 'max_iter': 0, 'init_MPI': False, 'dump_callback': <bound method Pymultinest._dump_callback of <bilby.core.sampler.pymultinest.Pymultinest object at 0x1554d5411f60>>}
16:32 INFO    : Temporary directory incompatible with MPI, will run in original directory
16:32 INFO    : Using output file outdirBNSBu32cores/pm_AT170817/
16:32 INFO    : Single likelihood evaluation took 4.363e-01 s
16:32 INFO    : Single likelihood evaluation took 4.363e-01 s
16:32 INFO    : Single likelihood evaluation took 4.365e-01 s
16:32 WARNING : Supplied argument 'queue_size' not an argument of 'Pymultinest', removing.
16:32 WARNING : Supplied argument 'check_point_delta_t' not an argument of 'Pymultinest', removing.
16:32 INFO    : Using sampler Pymultinest with kwargs {'importance_nested_sampling': False, 'resume': True, 'verbose': True, 'sampling_efficiency': 'parameter', 'n_live_points': 2048, 'n_params': 5, 'n_clustering_params': None, 'wrapped_params': None, 'multimodal': True, 'const_efficiency_mode': False, 'evidence_tolerance': 0.5, 'n_iter_before_update': 100, 'null_log_evidence': -1e+90, 'max_modes': 100, 'mode_tolerance': -1e+90, 'seed': 42, 'context': 0, 'write_output': True, 'log_zero': -1e+100, 'max_iter': 0, 'init_MPI': False, 'dump_callback': <bound method Pymultinest._dump_callback of <bilby.core.sampler.pymultinest.Pymultinest object at 0x1554c91a2680>>}
16:32 INFO    : Temporary directory incompatible with MPI, will run in original directory
16:32 INFO    : Using output file outdirBNSBu32cores/pm_AT170817/
16:32 WARNING : Supplied argument 'queue_size' not an argument of 'Pymultinest', removing.
16:32 WARNING : Supplied argument 'check_point_delta_t' not an argument of 'Pymultinest', removing.
16:32 INFO    : Using sampler Pymultinest with kwargs {'importance_nested_sampling': False, 'resume': True, 'verbose': True, 'sampling_efficiency': 'parameter', 'n_live_points': 2048, 'n_params': 5, 'n_clustering_params': None, 'wrapped_params': None, 'multimodal': True, 'const_efficiency_mode': False, 'evidence_tolerance': 0.5, 'n_iter_before_update': 100, 'null_log_evidence': -1e+90, 'max_modes': 100, 'mode_tolerance': -1e+90, 'seed': 42, 'context': 0, 'write_output': True, 'log_zero': -1e+100, 'max_iter': 0, 'init_MPI': False, 'dump_callback': <bound method Pymultinest._dump_callback of <bilby.core.sampler.pymultinest.Pymultinest object at 0x1554d2d31d80>>}
16:32 INFO    : Temporary directory incompatible with MPI, will run in original directory
16:32 INFO    : Using output file outdirBNSBu32cores/pm_AT170817/
16:32 WARNING : Supplied argument 'queue_size' not an argument of 'Pymultinest', removing.
16:32 WARNING : Supplied argument 'check_point_delta_t' not an argument of 'Pymultinest', removing.
16:32 INFO    : Using sampler Pymultinest with kwargs {'importance_nested_sampling': False, 'resume': True, 'verbose': True, 'sampling_efficiency': 'parameter', 'n_live_points': 2048, 'n_params': 5, 'n_clustering_params': None, 'wrapped_params': None, 'multimodal': True, 'const_efficiency_mode': False, 'evidence_tolerance': 0.5, 'n_iter_before_update': 100, 'null_log_evidence': -1e+90, 'max_modes': 100, 'mode_tolerance': -1e+90, 'seed': 42, 'context': 0, 'write_output': True, 'log_zero': -1e+100, 'max_iter': 0, 'init_MPI': False, 'dump_callback': <bound method Pymultinest._dump_callback of <bilby.core.sampler.pymultinest.Pymultinest object at 0x1554c91a62f0>>}
16:32 INFO    : Temporary directory incompatible with MPI, will run in original directory
16:32 INFO    : Using output file outdirBNSBu32cores/pm_AT170817/
16:32 WARNING : Supplied argument 'queue_size' not an argument of 'Pymultinest', removing.
16:32 WARNING : Supplied argument 'check_point_delta_t' not an argument of 'Pymultinest', removing.
16:32 INFO    : Using sampler Pymultinest with kwargs {'importance_nested_sampling': False, 'resume': True, 'verbose': True, 'sampling_efficiency': 'parameter', 'n_live_points': 2048, 'n_params': 5, 'n_clustering_params': None, 'wrapped_params': None, 'multimodal': True, 'const_efficiency_mode': False, 'evidence_tolerance': 0.5, 'n_iter_before_update': 100, 'null_log_evidence': -1e+90, 'max_modes': 100, 'mode_tolerance': -1e+90, 'seed': 42, 'context': 0, 'write_output': True, 'log_zero': -1e+100, 'max_iter': 0, 'init_MPI': False, 'dump_callback': <bound method Pymultinest._dump_callback of <bilby.core.sampler.pymultinest.Pymultinest object at 0x1554d54159c0>>}
16:32 INFO    : Temporary directory incompatible with MPI, will run in original directory
16:32 INFO    : Using output file outdirBNSBu32cores/pm_AT170817/
16:32 WARNING : Supplied argument 'queue_size' not an argument of 'Pymultinest', removing.
16:32 WARNING : Supplied argument 'check_point_delta_t' not an argument of 'Pymultinest', removing.
16:32 INFO    : Using sampler Pymultinest with kwargs {'importance_nested_sampling': False, 'resume': True, 'verbose': True, 'sampling_efficiency': 'parameter', 'n_live_points': 2048, 'n_params': 5, 'n_clustering_params': None, 'wrapped_params': None, 'multimodal': True, 'const_efficiency_mode': False, 'evidence_tolerance': 0.5, 'n_iter_before_update': 100, 'null_log_evidence': -1e+90, 'max_modes': 100, 'mode_tolerance': -1e+90, 'seed': 42, 'context': 0, 'write_output': True, 'log_zero': -1e+100, 'max_iter': 0, 'init_MPI': False, 'dump_callback': <bound method Pymultinest._dump_callback of <bilby.core.sampler.pymultinest.Pymultinest object at 0x1554cdf75ba0>>}
16:32 INFO    : Temporary directory incompatible with MPI, will run in original directory
16:32 INFO    : Using output file outdirBNSBu32cores/pm_AT170817/
16:32 WARNING : Supplied argument 'queue_size' not an argument of 'Pymultinest', removing.
16:32 WARNING : Supplied argument 'check_point_delta_t' not an argument of 'Pymultinest', removing.
16:32 INFO    : Using sampler Pymultinest with kwargs {'importance_nested_sampling': False, 'resume': True, 'verbose': True, 'sampling_efficiency': 'parameter', 'n_live_points': 2048, 'n_params': 5, 'n_clustering_params': None, 'wrapped_params': None, 'multimodal': True, 'const_efficiency_mode': False, 'evidence_tolerance': 0.5, 'n_iter_before_update': 100, 'null_log_evidence': -1e+90, 'max_modes': 100, 'mode_tolerance': -1e+90, 'seed': 42, 'context': 0, 'write_output': True, 'log_zero': -1e+100, 'max_iter': 0, 'init_MPI': False, 'dump_callback': <bound method Pymultinest._dump_callback of <bilby.core.sampler.pymultinest.Pymultinest object at 0x1554c91adf60>>}
16:32 INFO    : Temporary directory incompatible with MPI, will run in original directory
16:32 INFO    : Using output file outdirBNSBu32cores/pm_AT170817/
16:32 WARNING : Supplied argument 'queue_size' not an argument of 'Pymultinest', removing.
16:32 WARNING : Supplied argument 'check_point_delta_t' not an argument of 'Pymultinest', removing.
16:32 INFO    : Using sampler Pymultinest with kwargs {'importance_nested_sampling': False, 'resume': True, 'verbose': True, 'sampling_efficiency': 'parameter', 'n_live_points': 2048, 'n_params': 5, 'n_clustering_params': None, 'wrapped_params': None, 'multimodal': True, 'const_efficiency_mode': False, 'evidence_tolerance': 0.5, 'n_iter_before_update': 100, 'null_log_evidence': -1e+90, 'max_modes': 100, 'mode_tolerance': -1e+90, 'seed': 42, 'context': 0, 'write_output': True, 'log_zero': -1e+100, 'max_iter': 0, 'init_MPI': False, 'dump_callback': <bound method Pymultinest._dump_callback of <bilby.core.sampler.pymultinest.Pymultinest object at 0x1554d0652050>>}
16:32 INFO    : Temporary directory incompatible with MPI, will run in original directory
16:32 INFO    : Using output file outdirBNSBu32cores/pm_AT170817/
16:32 WARNING : Supplied argument 'queue_size' not an argument of 'Pymultinest', removing.
16:32 WARNING : Supplied argument 'check_point_delta_t' not an argument of 'Pymultinest', removing.
16:32 INFO    : Using sampler Pymultinest with kwargs {'importance_nested_sampling': False, 'resume': True, 'verbose': True, 'sampling_efficiency': 'parameter', 'n_live_points': 2048, 'n_params': 5, 'n_clustering_params': None, 'wrapped_params': None, 'multimodal': True, 'const_efficiency_mode': False, 'evidence_tolerance': 0.5, 'n_iter_before_update': 100, 'null_log_evidence': -1e+90, 'max_modes': 100, 'mode_tolerance': -1e+90, 'seed': 42, 'context': 0, 'write_output': True, 'log_zero': -1e+100, 'max_iter': 0, 'init_MPI': False, 'dump_callback': <bound method Pymultinest._dump_callback of <bilby.core.sampler.pymultinest.Pymultinest object at 0x1554d4096560>>}
16:32 INFO    : Temporary directory incompatible with MPI, will run in original directory
16:32 INFO    : Using output file outdirBNSBu32cores/pm_AT170817/
16:32 WARNING : Supplied argument 'queue_size' not an argument of 'Pymultinest', removing.
16:32 WARNING : Supplied argument 'check_point_delta_t' not an argument of 'Pymultinest', removing.
16:32 INFO    : Using sampler Pymultinest with kwargs {'importance_nested_sampling': False, 'resume': True, 'verbose': True, 'sampling_efficiency': 'parameter', 'n_live_points': 2048, 'n_params': 5, 'n_clustering_params': None, 'wrapped_params': None, 'multimodal': True, 'const_efficiency_mode': False, 'evidence_tolerance': 0.5, 'n_iter_before_update': 100, 'null_log_evidence': -1e+90, 'max_modes': 100, 'mode_tolerance': -1e+90, 'seed': 42, 'context': 0, 'write_output': True, 'log_zero': -1e+100, 'max_iter': 0, 'init_MPI': False, 'dump_callback': <bound method Pymultinest._dump_callback of <bilby.core.sampler.pymultinest.Pymultinest object at 0x1554d5415ba0>>}
16:32 INFO    : Temporary directory incompatible with MPI, will run in original directory
16:32 INFO    : Using output file outdirBNSBu32cores/pm_AT170817/
16:32 WARNING : Supplied argument 'queue_size' not an argument of 'Pymultinest', removing.
16:32 WARNING : Supplied argument 'check_point_delta_t' not an argument of 'Pymultinest', removing.
16:32 INFO    : Using sampler Pymultinest with kwargs {'importance_nested_sampling': False, 'resume': True, 'verbose': True, 'sampling_efficiency': 'parameter', 'n_live_points': 2048, 'n_params': 5, 'n_clustering_params': None, 'wrapped_params': None, 'multimodal': True, 'const_efficiency_mode': False, 'evidence_tolerance': 0.5, 'n_iter_before_update': 100, 'null_log_evidence': -1e+90, 'max_modes': 100, 'mode_tolerance': -1e+90, 'seed': 42, 'context': 0, 'write_output': True, 'log_zero': -1e+100, 'max_iter': 0, 'init_MPI': False, 'dump_callback': <bound method Pymultinest._dump_callback of <bilby.core.sampler.pymultinest.Pymultinest object at 0x1554c91a62c0>>}
16:32 INFO    : Temporary directory incompatible with MPI, will run in original directory
16:32 INFO    : Using output file outdirBNSBu32cores/pm_AT170817/
16:32 INFO    : Single likelihood evaluation took 4.563e-01 s
16:32 INFO    : Single likelihood evaluation took 4.573e-01 s
16:32 INFO    : Single likelihood evaluation took 4.579e-01 s
16:32 INFO    : Single likelihood evaluation took 4.580e-01 s
16:32 WARNING : Supplied argument 'queue_size' not an argument of 'Pymultinest', removing.
16:32 WARNING : Supplied argument 'check_point_delta_t' not an argument of 'Pymultinest', removing.
16:32 INFO    : Using sampler Pymultinest with kwargs {'importance_nested_sampling': False, 'resume': True, 'verbose': True, 'sampling_efficiency': 'parameter', 'n_live_points': 2048, 'n_params': 5, 'n_clustering_params': None, 'wrapped_params': None, 'multimodal': True, 'const_efficiency_mode': False, 'evidence_tolerance': 0.5, 'n_iter_before_update': 100, 'null_log_evidence': -1e+90, 'max_modes': 100, 'mode_tolerance': -1e+90, 'seed': 42, 'context': 0, 'write_output': True, 'log_zero': -1e+100, 'max_iter': 0, 'init_MPI': False, 'dump_callback': <bound method Pymultinest._dump_callback of <bilby.core.sampler.pymultinest.Pymultinest object at 0x1554d2d2a350>>}
16:32 INFO    : Temporary directory incompatible with MPI, will run in original directory
16:32 INFO    : Using output file outdirBNSBu32cores/pm_AT170817/
16:32 WARNING : Supplied argument 'queue_size' not an argument of 'Pymultinest', removing.
16:32 WARNING : Supplied argument 'check_point_delta_t' not an argument of 'Pymultinest', removing.
16:32 INFO    : Using sampler Pymultinest with kwargs {'importance_nested_sampling': False, 'resume': True, 'verbose': True, 'sampling_efficiency': 'parameter', 'n_live_points': 2048, 'n_params': 5, 'n_clustering_params': None, 'wrapped_params': None, 'multimodal': True, 'const_efficiency_mode': False, 'evidence_tolerance': 0.5, 'n_iter_before_update': 100, 'null_log_evidence': -1e+90, 'max_modes': 100, 'mode_tolerance': -1e+90, 'seed': 42, 'context': 0, 'write_output': True, 'log_zero': -1e+100, 'max_iter': 0, 'init_MPI': False, 'dump_callback': <bound method Pymultinest._dump_callback of <bilby.core.sampler.pymultinest.Pymultinest object at 0x1554c91ae110>>}
16:32 INFO    : Temporary directory incompatible with MPI, will run in original directory
16:32 INFO    : Using output file outdirBNSBu32cores/pm_AT170817/
16:32 WARNING : Supplied argument 'queue_size' not an argument of 'Pymultinest', removing.
16:32 WARNING : Supplied argument 'check_point_delta_t' not an argument of 'Pymultinest', removing.
16:32 INFO    : Using sampler Pymultinest with kwargs {'importance_nested_sampling': False, 'resume': True, 'verbose': True, 'sampling_efficiency': 'parameter', 'n_live_points': 2048, 'n_params': 5, 'n_clustering_params': None, 'wrapped_params': None, 'multimodal': True, 'const_efficiency_mode': False, 'evidence_tolerance': 0.5, 'n_iter_before_update': 100, 'null_log_evidence': -1e+90, 'max_modes': 100, 'mode_tolerance': -1e+90, 'seed': 42, 'context': 0, 'write_output': True, 'log_zero': -1e+100, 'max_iter': 0, 'init_MPI': False, 'dump_callback': <bound method Pymultinest._dump_callback of <bilby.core.sampler.pymultinest.Pymultinest object at 0x1554d5412140>>}
16:32 INFO    : Temporary directory incompatible with MPI, will run in original directory
16:32 INFO    : Using output file outdirBNSBu32cores/pm_AT170817/
16:32 WARNING : Supplied argument 'queue_size' not an argument of 'Pymultinest', removing.
16:32 WARNING : Supplied argument 'check_point_delta_t' not an argument of 'Pymultinest', removing.
16:32 INFO    : Using sampler Pymultinest with kwargs {'importance_nested_sampling': False, 'resume': True, 'verbose': True, 'sampling_efficiency': 'parameter', 'n_live_points': 2048, 'n_params': 5, 'n_clustering_params': None, 'wrapped_params': None, 'multimodal': True, 'const_efficiency_mode': False, 'evidence_tolerance': 0.5, 'n_iter_before_update': 100, 'null_log_evidence': -1e+90, 'max_modes': 100, 'mode_tolerance': -1e+90, 'seed': 42, 'context': 0, 'write_output': True, 'log_zero': -1e+100, 'max_iter': 0, 'init_MPI': False, 'dump_callback': <bound method Pymultinest._dump_callback of <bilby.core.sampler.pymultinest.Pymultinest object at 0x1554c91ade70>>}
16:32 INFO    : Temporary directory incompatible with MPI, will run in original directory
16:32 INFO    : Using output file outdirBNSBu32cores/pm_AT170817/
16:32 INFO    : Single likelihood evaluation took 4.631e-01 s
16:32 INFO    : Single likelihood evaluation took 4.631e-01 s
16:32 INFO    : Single likelihood evaluation took 4.634e-01 s
16:32 INFO    : Single likelihood evaluation took 4.634e-01 s
16:32 INFO    : Single likelihood evaluation took 4.635e-01 s
16:32 INFO    : Single likelihood evaluation took 4.634e-01 s
16:32 INFO    : Single likelihood evaluation took 4.633e-01 s
16:32 INFO    : Single likelihood evaluation took 4.637e-01 s
16:32 INFO    : Single likelihood evaluation took 4.639e-01 s
16:32 INFO    : Single likelihood evaluation took 4.657e-01 s
16:32 INFO    : Single likelihood evaluation took 4.657e-01 s
16:32 INFO    : Single likelihood evaluation took 4.657e-01 s
16:32 WARNING : Supplied argument 'queue_size' not an argument of 'Pymultinest', removing.
16:32 WARNING : Supplied argument 'check_point_delta_t' not an argument of 'Pymultinest', removing.
16:32 INFO    : Using sampler Pymultinest with kwargs {'importance_nested_sampling': False, 'resume': True, 'verbose': True, 'sampling_efficiency': 'parameter', 'n_live_points': 2048, 'n_params': 5, 'n_clustering_params': None, 'wrapped_params': None, 'multimodal': True, 'const_efficiency_mode': False, 'evidence_tolerance': 0.5, 'n_iter_before_update': 100, 'null_log_evidence': -1e+90, 'max_modes': 100, 'mode_tolerance': -1e+90, 'seed': 42, 'context': 0, 'write_output': True, 'log_zero': -1e+100, 'max_iter': 0, 'init_MPI': False, 'dump_callback': <bound method Pymultinest._dump_callback of <bilby.core.sampler.pymultinest.Pymultinest object at 0x1554d0651ed0>>}
16:32 INFO    : Temporary directory incompatible with MPI, will run in original directory
16:32 WARNING : Supplied argument 'queue_size' not an argument of 'Pymultinest', removing.
16:32 WARNING : Supplied argument 'check_point_delta_t' not an argument of 'Pymultinest', removing.
16:32 INFO    : Using sampler Pymultinest with kwargs {'importance_nested_sampling': False, 'resume': True, 'verbose': True, 'sampling_efficiency': 'parameter', 'n_live_points': 2048, 'n_params': 5, 'n_clustering_params': None, 'wrapped_params': None, 'multimodal': True, 'const_efficiency_mode': False, 'evidence_tolerance': 0.5, 'n_iter_before_update': 100, 'null_log_evidence': -1e+90, 'max_modes': 100, 'mode_tolerance': -1e+90, 'seed': 42, 'context': 0, 'write_output': True, 'log_zero': -1e+100, 'max_iter': 0, 'init_MPI': False, 'dump_callback': <bound method Pymultinest._dump_callback of <bilby.core.sampler.pymultinest.Pymultinest object at 0x1554d2d35c00>>}
16:32 INFO    : Using output file outdirBNSBu32cores/pm_AT170817/
16:32 INFO    : Temporary directory incompatible with MPI, will run in original directory
16:32 INFO    : Using output file outdirBNSBu32cores/pm_AT170817/
16:32 WARNING : Supplied argument 'queue_size' not an argument of 'Pymultinest', removing.
16:32 WARNING : Supplied argument 'check_point_delta_t' not an argument of 'Pymultinest', removing.
16:32 INFO    : Using sampler Pymultinest with kwargs {'importance_nested_sampling': False, 'resume': True, 'verbose': True, 'sampling_efficiency': 'parameter', 'n_live_points': 2048, 'n_params': 5, 'n_clustering_params': None, 'wrapped_params': None, 'multimodal': True, 'const_efficiency_mode': False, 'evidence_tolerance': 0.5, 'n_iter_before_update': 100, 'null_log_evidence': -1e+90, 'max_modes': 100, 'mode_tolerance': -1e+90, 'seed': 42, 'context': 0, 'write_output': True, 'log_zero': -1e+100, 'max_iter': 0, 'init_MPI': False, 'dump_callback': <bound method Pymultinest._dump_callback of <bilby.core.sampler.pymultinest.Pymultinest object at 0x1554c91adf00>>}
16:32 INFO    : Temporary directory incompatible with MPI, will run in original directory
16:32 INFO    : Using output file outdirBNSBu32cores/pm_AT170817/
16:32 WARNING : Supplied argument 'queue_size' not an argument of 'Pymultinest', removing.
16:32 WARNING : Supplied argument 'check_point_delta_t' not an argument of 'Pymultinest', removing.
16:32 INFO    : Using sampler Pymultinest with kwargs {'importance_nested_sampling': False, 'resume': True, 'verbose': True, 'sampling_efficiency': 'parameter', 'n_live_points': 2048, 'n_params': 5, 'n_clustering_params': None, 'wrapped_params': None, 'multimodal': True, 'const_efficiency_mode': False, 'evidence_tolerance': 0.5, 'n_iter_before_update': 100, 'null_log_evidence': -1e+90, 'max_modes': 100, 'mode_tolerance': -1e+90, 'seed': 42, 'context': 0, 'write_output': True, 'log_zero': -1e+100, 'max_iter': 0, 'init_MPI': False, 'dump_callback': <bound method Pymultinest._dump_callback of <bilby.core.sampler.pymultinest.Pymultinest object at 0x1554c91ade70>>}
16:32 INFO    : Temporary directory incompatible with MPI, will run in original directory
16:32 INFO    : Using output file outdirBNSBu32cores/pm_AT170817/
16:32 WARNING : Supplied argument 'queue_size' not an argument of 'Pymultinest', removing.
16:32 WARNING : Supplied argument 'check_point_delta_t' not an argument of 'Pymultinest', removing.
16:32 WARNING : Supplied argument 'queue_size' not an argument of 'Pymultinest', removing.
16:32 WARNING : Supplied argument 'check_point_delta_t' not an argument of 'Pymultinest', removing.
16:32 INFO    : Using sampler Pymultinest with kwargs {'importance_nested_sampling': False, 'resume': True, 'verbose': True, 'sampling_efficiency': 'parameter', 'n_live_points': 2048, 'n_params': 5, 'n_clustering_params': None, 'wrapped_params': None, 'multimodal': True, 'const_efficiency_mode': False, 'evidence_tolerance': 0.5, 'n_iter_before_update': 100, 'null_log_evidence': -1e+90, 'max_modes': 100, 'mode_tolerance': -1e+90, 'seed': 42, 'context': 0, 'write_output': True, 'log_zero': -1e+100, 'max_iter': 0, 'init_MPI': False, 'dump_callback': <bound method Pymultinest._dump_callback of <bilby.core.sampler.pymultinest.Pymultinest object at 0x1554cdf71e40>>}
16:32 INFO    : Using sampler Pymultinest with kwargs {'importance_nested_sampling': False, 'resume': True, 'verbose': True, 'sampling_efficiency': 'parameter', 'n_live_points': 2048, 'n_params': 5, 'n_clustering_params': None, 'wrapped_params': None, 'multimodal': True, 'const_efficiency_mode': False, 'evidence_tolerance': 0.5, 'n_iter_before_update': 100, 'null_log_evidence': -1e+90, 'max_modes': 100, 'mode_tolerance': -1e+90, 'seed': 42, 'context': 0, 'write_output': True, 'log_zero': -1e+100, 'max_iter': 0, 'init_MPI': False, 'dump_callback': <bound method Pymultinest._dump_callback of <bilby.core.sampler.pymultinest.Pymultinest object at 0x1554c91adf00>>}
16:32 INFO    : Temporary directory incompatible with MPI, will run in original directory
16:32 INFO    : Temporary directory incompatible with MPI, will run in original directory
16:32 INFO    : Using output file outdirBNSBu32cores/pm_AT170817/
16:32 INFO    : Using output file outdirBNSBu32cores/pm_AT170817/
16:32 WARNING : Supplied argument 'queue_size' not an argument of 'Pymultinest', removing.
16:32 WARNING : Supplied argument 'check_point_delta_t' not an argument of 'Pymultinest', removing.
16:32 INFO    : Using sampler Pymultinest with kwargs {'importance_nested_sampling': False, 'resume': True, 'verbose': True, 'sampling_efficiency': 'parameter', 'n_live_points': 2048, 'n_params': 5, 'n_clustering_params': None, 'wrapped_params': None, 'multimodal': True, 'const_efficiency_mode': False, 'evidence_tolerance': 0.5, 'n_iter_before_update': 100, 'null_log_evidence': -1e+90, 'max_modes': 100, 'mode_tolerance': -1e+90, 'seed': 42, 'context': 0, 'write_output': True, 'log_zero': -1e+100, 'max_iter': 0, 'init_MPI': False, 'dump_callback': <bound method Pymultinest._dump_callback of <bilby.core.sampler.pymultinest.Pymultinest object at 0x1554d5411ed0>>}
16:32 INFO    : Temporary directory incompatible with MPI, will run in original directory
16:32 INFO    : Using output file outdirBNSBu32cores/pm_AT170817/
16:32 WARNING : Supplied argument 'queue_size' not an argument of 'Pymultinest', removing.
16:32 WARNING : Supplied argument 'check_point_delta_t' not an argument of 'Pymultinest', removing.
16:32 INFO    : Using sampler Pymultinest with kwargs {'importance_nested_sampling': False, 'resume': True, 'verbose': True, 'sampling_efficiency': 'parameter', 'n_live_points': 2048, 'n_params': 5, 'n_clustering_params': None, 'wrapped_params': None, 'multimodal': True, 'const_efficiency_mode': False, 'evidence_tolerance': 0.5, 'n_iter_before_update': 100, 'null_log_evidence': -1e+90, 'max_modes': 100, 'mode_tolerance': -1e+90, 'seed': 42, 'context': 0, 'write_output': True, 'log_zero': -1e+100, 'max_iter': 0, 'init_MPI': False, 'dump_callback': <bound method Pymultinest._dump_callback of <bilby.core.sampler.pymultinest.Pymultinest object at 0x1554d19c1d80>>}
16:32 INFO    : Temporary directory incompatible with MPI, will run in original directory
16:32 INFO    : Using output file outdirBNSBu32cores/pm_AT170817/
16:32 WARNING : Supplied argument 'queue_size' not an argument of 'Pymultinest', removing.
16:32 WARNING : Supplied argument 'check_point_delta_t' not an argument of 'Pymultinest', removing.
16:32 INFO    : Using sampler Pymultinest with kwargs {'importance_nested_sampling': False, 'resume': True, 'verbose': True, 'sampling_efficiency': 'parameter', 'n_live_points': 2048, 'n_params': 5, 'n_clustering_params': None, 'wrapped_params': None, 'multimodal': True, 'const_efficiency_mode': False, 'evidence_tolerance': 0.5, 'n_iter_before_update': 100, 'null_log_evidence': -1e+90, 'max_modes': 100, 'mode_tolerance': -1e+90, 'seed': 42, 'context': 0, 'write_output': True, 'log_zero': -1e+100, 'max_iter': 0, 'init_MPI': False, 'dump_callback': <bound method Pymultinest._dump_callback of <bilby.core.sampler.pymultinest.Pymultinest object at 0x1554d0651cf0>>}
16:32 INFO    : Temporary directory incompatible with MPI, will run in original directory
16:32 INFO    : Using output file outdirBNSBu32cores/pm_AT170817/
16:32 WARNING : Supplied argument 'queue_size' not an argument of 'Pymultinest', removing.
16:32 WARNING : Supplied argument 'check_point_delta_t' not an argument of 'Pymultinest', removing.
16:32 INFO    : Using sampler Pymultinest with kwargs {'importance_nested_sampling': False, 'resume': True, 'verbose': True, 'sampling_efficiency': 'parameter', 'n_live_points': 2048, 'n_params': 5, 'n_clustering_params': None, 'wrapped_params': None, 'multimodal': True, 'const_efficiency_mode': False, 'evidence_tolerance': 0.5, 'n_iter_before_update': 100, 'null_log_evidence': -1e+90, 'max_modes': 100, 'mode_tolerance': -1e+90, 'seed': 42, 'context': 0, 'write_output': True, 'log_zero': -1e+100, 'max_iter': 0, 'init_MPI': False, 'dump_callback': <bound method Pymultinest._dump_callback of <bilby.core.sampler.pymultinest.Pymultinest object at 0x1554d19c1f60>>}
16:32 INFO    : Temporary directory incompatible with MPI, will run in original directory
16:32 INFO    : Using output file outdirBNSBu32cores/pm_AT170817/
16:32 WARNING : Supplied argument 'queue_size' not an argument of 'Pymultinest', removing.
16:32 WARNING : Supplied argument 'check_point_delta_t' not an argument of 'Pymultinest', removing.
16:32 WARNING : Supplied argument 'queue_size' not an argument of 'Pymultinest', removing.
16:32 WARNING : Supplied argument 'check_point_delta_t' not an argument of 'Pymultinest', removing.
16:32 INFO    : Using sampler Pymultinest with kwargs {'importance_nested_sampling': False, 'resume': True, 'verbose': True, 'sampling_efficiency': 'parameter', 'n_live_points': 2048, 'n_params': 5, 'n_clustering_params': None, 'wrapped_params': None, 'multimodal': True, 'const_efficiency_mode': False, 'evidence_tolerance': 0.5, 'n_iter_before_update': 100, 'null_log_evidence': -1e+90, 'max_modes': 100, 'mode_tolerance': -1e+90, 'seed': 42, 'context': 0, 'write_output': True, 'log_zero': -1e+100, 'max_iter': 0, 'init_MPI': False, 'dump_callback': <bound method Pymultinest._dump_callback of <bilby.core.sampler.pymultinest.Pymultinest object at 0x1554d540a2f0>>}
16:32 INFO    : Using sampler Pymultinest with kwargs {'importance_nested_sampling': False, 'resume': True, 'verbose': True, 'sampling_efficiency': 'parameter', 'n_live_points': 2048, 'n_params': 5, 'n_clustering_params': None, 'wrapped_params': None, 'multimodal': True, 'const_efficiency_mode': False, 'evidence_tolerance': 0.5, 'n_iter_before_update': 100, 'null_log_evidence': -1e+90, 'max_modes': 100, 'mode_tolerance': -1e+90, 'seed': 42, 'context': 0, 'write_output': True, 'log_zero': -1e+100, 'max_iter': 0, 'init_MPI': False, 'dump_callback': <bound method Pymultinest._dump_callback of <bilby.core.sampler.pymultinest.Pymultinest object at 0x1554d2d266e0>>}
16:32 INFO    : Temporary directory incompatible with MPI, will run in original directory
16:32 INFO    : Temporary directory incompatible with MPI, will run in original directory
16:32 INFO    : Using output file outdirBNSBu32cores/pm_AT170817/
16:32 INFO    : Using output file outdirBNSBu32cores/pm_AT170817/
17:13 INFO    : Sampling time: 0:40:54.288046
17:13 INFO    : Sampling time: 0:40:51.293675
17:13 INFO    : Sampling time: 0:40:54.424698
17:13 INFO    : Sampling time: 0:40:54.250583
17:13 INFO    : Sampling time: 0:40:54.399172
17:13 INFO    : Sampling time: 0:40:54.306484
17:13 INFO    : Sampling time: 0:40:54.258768
17:13 INFO    : Sampling time: 0:40:51.494259
17:13 INFO    : Sampling time: 0:40:54.614906
17:13 INFO    : Sampling time: 0:40:54.533507
17:13 INFO    : Sampling time: 0:40:51.348562
17:13 INFO    : Sampling time: 0:40:51.389751
17:13 INFO    : Sampling time: 0:40:54.327514
17:13 INFO    : Sampling time: 0:40:54.420240
17:13 INFO    : Sampling time: 0:40:54.518963
17:13 INFO    : Sampling time: 0:40:51.498877
17:13 INFO    : Sampling time: 0:40:51.496591
17:13 INFO    : Sampling time: 0:40:51.944567
17:13 INFO    : Sampling time: 0:40:51.380492
17:13 INFO    : Sampling time: 0:40:54.380384
17:13 INFO    : Sampling time: 0:40:51.292613
17:13 INFO    : Sampling time: 0:40:51.292944
17:13 INFO    : Sampling time: 0:40:52.020280
17:13 INFO    : Sampling time: 0:40:54.280670
17:13 INFO    : Sampling time: 0:40:51.374327
17:13 INFO    : Sampling time: 0:40:51.909813
17:13 INFO    : Sampling time: 0:40:54.637528
17:13 INFO    : Sampling time: 0:40:54.553573
17:13 INFO    : Sampling time: 0:40:51.915477
17:13 INFO    : Sampling time: 0:40:51.390696
17:13 INFO    : Sampling time: 0:40:54.619907
17:13 INFO    : Sampling time: 0:40:51.505533
17:13 ERROR   : 

Saving the data has failed with the following message:
[Errno 116] Stale file handle
Data has been dumped to outdirBNSBu32cores/AT170817_result.pkl.


17:13 INFO    : Summary of results:
nsamples: 11359
ln_noise_evidence:  0.000
ln_evidence: -114.624 +/-  0.058
ln_bayes_factor: -114.624 +/-  0.058

17:13 INFO    : Writing samples file to /home/thussenot/kilonovae-H0/170817/Bu2019_freedistance/1mag/outdirBNSBu32cores/AT170817_posterior_samples.dat
17:13 INFO    : Summary of results:
nsamples: 11359
ln_noise_evidence:  0.000
ln_evidence: -114.624 +/-  0.058
ln_bayes_factor: -114.624 +/-  0.058

17:13 INFO    : Writing samples file to /home/thussenot/kilonovae-H0/170817/Bu2019_freedistance/1mag/outdirBNSBu32cores/AT170817_posterior_samples.dat
17:13 INFO    : Summary of results:
nsamples: 11359
ln_noise_evidence:  0.000
ln_evidence: -114.624 +/-  0.058
ln_bayes_factor: -114.624 +/-  0.058

17:13 INFO    : Writing samples file to /home/thussenot/kilonovae-H0/170817/Bu2019_freedistance/1mag/outdirBNSBu32cores/AT170817_posterior_samples.dat
00:57 INFO    : Running for label 'AT170817', output will be saved to 'outdirBNSBu32cores'
00:57 INFO    : Analysis priors:
00:57 INFO    : KNphi=Uniform(minimum=15.0, maximum=75.0, name='KNphi', latex_label='$\\Phi$', unit=None, boundary=None)
00:57 INFO    : log10_mej_dyn=Uniform(minimum=-3.0, maximum=-1.0, name='log10_mej_dyn', latex_label='$\\log_{10}M^{\\rm{dyn}}_{\\rm{ej}}$', unit=None, boundary='reflective')
00:57 INFO    : log10_mej_wind=Uniform(minimum=-3.0, maximum=-0.5, name='log10_mej_wind', latex_label='$\\log_{10}M^{\\rm{wind}}_{\\rm{ej}}$', unit=None, boundary='reflective')
00:57 INFO    : inclination_EM=Sine(minimum=0.0, maximum=1.5707963267948966, name='inclination_EM', latex_label='$\\iota$', unit=None, boundary=None)
00:57 INFO    : luminosity_distance=LogUniform(minimum=1, maximum=500, name='luminosity_distance', latex_label='$D_L$', unit=None, boundary=None)
00:57 INFO    : timeshift=0.0
00:57 INFO    : em_syserr=1.0
00:57 INFO    : Ebv=0.0
00:57 INFO    : Analysis likelihood class: <class 'nmma.em.likelihood.OpticalLightCurve'>
00:57 INFO    : Analysis likelihood noise evidence: 0.0
00:57 INFO    : Single likelihood evaluation took 8.109e-02 s
00:57 WARNING : Supplied argument 'queue_size' not an argument of 'Pymultinest', removing.
00:57 WARNING : Supplied argument 'check_point_delta_t' not an argument of 'Pymultinest', removing.
00:57 WARNING : Using cached result
00:57 INFO    : Summary of results:
nsamples: 11359
ln_noise_evidence:  0.000
ln_evidence: -114.624 +/-  0.058
ln_bayes_factor: -114.624 +/-  0.058

00:57 INFO    : Writing samples file to /home/thussenot/kilonovae-H0/170817/Bu2019_freedistance/1mag/outdirBNSBu32cores/AT170817_posterior_samples.dat
