Install afterglowpy if you want to simulate afterglows.
Install wrapt_timeout_decorator if you want timeout simulations.
Install afterglowpy if you want to simulate afterglows.
Install wrapt_timeout_decorator if you want timeout simulations.
Install afterglowpy if you want to simulate afterglows.
Install wrapt_timeout_decorator if you want timeout simulations.
Install afterglowpy if you want to simulate afterglows.
Install wrapt_timeout_decorator if you want timeout simulations.
Install afterglowpy if you want to simulate afterglows.
Install wrapt_timeout_decorator if you want timeout simulations.
Install afterglowpy if you want to simulate afterglows.
Install afterglowpy if you want to simulate afterglows.
Install wrapt_timeout_decorator if you want timeout simulations.
Install wrapt_timeout_decorator if you want timeout simulations.
Install afterglowpy if you want to simulate afterglows.
Install wrapt_timeout_decorator if you want timeout simulations.
Install afterglowpy if you want to simulate afterglows.
Install wrapt_timeout_decorator if you want timeout simulations.
Install afterglowpy if you want to simulate afterglows.
Install afterglowpy if you want to simulate afterglows.
Install afterglowpy if you want to simulate afterglows.
Install wrapt_timeout_decorator if you want timeout simulations.
Install wrapt_timeout_decorator if you want timeout simulations.
Install afterglowpy if you want to simulate afterglows.
Install afterglowpy if you want to simulate afterglows.
Install wrapt_timeout_decorator if you want timeout simulations.
Install afterglowpy if you want to simulate afterglows.
Install afterglowpy if you want to simulate afterglows.
Install wrapt_timeout_decorator if you want timeout simulations.
Install wrapt_timeout_decorator if you want timeout simulations.
Install wrapt_timeout_decorator if you want timeout simulations.
Install wrapt_timeout_decorator if you want timeout simulations.
Install afterglowpy if you want to simulate afterglows.
Install wrapt_timeout_decorator if you want timeout simulations.
Install afterglowpy if you want to simulate afterglows.
Install wrapt_timeout_decorator if you want timeout simulations.
Install afterglowpy if you want to simulate afterglows.
Install afterglowpy if you want to simulate afterglows.
Install afterglowpy if you want to simulate afterglows.
Install wrapt_timeout_decorator if you want timeout simulations.
Install wrapt_timeout_decorator if you want timeout simulations.
Install afterglowpy if you want to simulate afterglows.
Install afterglowpy if you want to simulate afterglows.
Install wrapt_timeout_decorator if you want timeout simulations.
Install afterglowpy if you want to simulate afterglows.
Install wrapt_timeout_decorator if you want timeout simulations.
Install wrapt_timeout_decorator if you want timeout simulations.
Install wrapt_timeout_decorator if you want timeout simulations.
Install afterglowpy if you want to simulate afterglows.
Install afterglowpy if you want to simulate afterglows.
Install wrapt_timeout_decorator if you want timeout simulations.
Install wrapt_timeout_decorator if you want timeout simulations.
Install afterglowpy if you want to simulate afterglows.
Install afterglowpy if you want to simulate afterglows.
Install afterglowpy if you want to simulate afterglows.
Install afterglowpy if you want to simulate afterglows.
Install wrapt_timeout_decorator if you want timeout simulations.
Install wrapt_timeout_decorator if you want timeout simulations.
Install wrapt_timeout_decorator if you want timeout simulations.
Install wrapt_timeout_decorator if you want timeout simulations.
Install afterglowpy if you want to simulate afterglows.
Install wrapt_timeout_decorator if you want timeout simulations.
Install afterglowpy if you want to simulate afterglows.
Install wrapt_timeout_decorator if you want timeout simulations.
Creating light curve model for inference
Creating light curve model for inference
Creating light curve model for inference
Creating light curve model for inference
Creating light curve model for inference
Creating light curve model for inference
Creating light curve model for inference
Creating light curve model for inference
Creating light curve model for inference
Creating light curve model for inference
Creating light curve model for inference
Creating light curve model for inference
Creating light curve model for inference
Creating light curve model for inference
Creating light curve model for inference
Creating light curve model for inference
Creating light curve model for inference
Creating light curve model for inference
Creating light curve model for inference
Creating light curve model for inference
Creating light curve model for inference
Creating light curve model for inference
Creating light curve model for inference
Creating light curve model for inference
Creating light curve model for inference
Creating light curve model for inference
Creating light curve model for inference
Creating light curve model for inference
Creating light curve model for inference
Creating light curve model for inference
Creating light curve model for inference
Creating light curve model for inference
Running with filters ['ps1__i', 'ps1__z', 'ps1__y', 'ps1__g', 'ps1__r', '2massj', '2massh', '2massks', 'sdssu']
Running with filters ['ps1__i', 'ps1__z', 'ps1__y', 'ps1__g', 'ps1__r', '2massj', '2massh', '2massks', 'sdssu']
Running with filters ['ps1__i', 'ps1__z', 'ps1__y', 'ps1__g', 'ps1__r', '2massj', '2massh', '2massks', 'sdssu']
Running with filters ['ps1__i', 'ps1__z', 'ps1__y', 'ps1__g', 'ps1__r', '2massj', '2massh', '2massks', 'sdssu']
Running with filters ['ps1__i', 'ps1__z', 'ps1__y', 'ps1__g', 'ps1__r', '2massj', '2massh', '2massks', 'sdssu']
Running with filters ['ps1__i', 'ps1__z', 'ps1__y', 'ps1__g', 'ps1__r', '2massj', '2massh', '2massks', 'sdssu']
Running with filters ['ps1__i', 'ps1__z', 'ps1__y', 'ps1__g', 'ps1__r', '2massj', '2massh', '2massks', 'sdssu']
Running with filters ['ps1__i', 'ps1__z', 'ps1__y', 'ps1__g', 'ps1__r', '2massj', '2massh', '2massks', 'sdssu']
Running with filters ['ps1__i', 'ps1__z', 'ps1__y', 'ps1__g', 'ps1__r', '2massj', '2massh', '2massks', 'sdssu']
Running with filters ['ps1__i', 'ps1__z', 'ps1__y', 'ps1__g', 'ps1__r', '2massj', '2massh', '2massks', 'sdssu']
Running with filters ['ps1__i', 'ps1__z', 'ps1__y', 'ps1__g', 'ps1__r', '2massj', '2massh', '2massks', 'sdssu']
Running with filters ['ps1__i', 'ps1__z', 'ps1__y', 'ps1__g', 'ps1__r', '2massj', '2massh', '2massks', 'sdssu']
Running with filters ['ps1__i', 'ps1__z', 'ps1__y', 'ps1__g', 'ps1__r', '2massj', '2massh', '2massks', 'sdssu']
Running with filters ['ps1__i', 'ps1__z', 'ps1__y', 'ps1__g', 'ps1__r', '2massj', '2massh', '2massks', 'sdssu']
Running with filters ['ps1__i', 'ps1__z', 'ps1__y', 'ps1__g', 'ps1__r', '2massj', '2massh', '2massks', 'sdssu']
Running with filters ['ps1__i', 'ps1__z', 'ps1__y', 'ps1__g', 'ps1__r', '2massj', '2massh', '2massks', 'sdssu']
Running with filters ['ps1__i', 'ps1__z', 'ps1__y', 'ps1__g', 'ps1__r', '2massj', '2massh', '2massks', 'sdssu']
Running with filters ['ps1__i', 'ps1__z', 'ps1__y', 'ps1__g', 'ps1__r', '2massj', '2massh', '2massks', 'sdssu']
Running with filters ['ps1__i', 'ps1__z', 'ps1__y', 'ps1__g', 'ps1__r', '2massj', '2massh', '2massks', 'sdssu']
Running with filters ['ps1__i', 'ps1__z', 'ps1__y', 'ps1__g', 'ps1__r', '2massj', '2massh', '2massks', 'sdssu']
Running with filters ['ps1__i', 'ps1__z', 'ps1__y', 'ps1__g', 'ps1__r', '2massj', '2massh', '2massks', 'sdssu']
Running with filters ['ps1__i', 'ps1__z', 'ps1__y', 'ps1__g', 'ps1__r', '2massj', '2massh', '2massks', 'sdssu']
Running with filters ['ps1__i', 'ps1__z', 'ps1__y', 'ps1__g', 'ps1__r', '2massj', '2massh', '2massks', 'sdssu']
Running with filters ['ps1__i', 'ps1__z', 'ps1__y', 'ps1__g', 'ps1__r', '2massj', '2massh', '2massks', 'sdssu']
Running with filters ['ps1__i', 'ps1__z', 'ps1__y', 'ps1__g', 'ps1__r', '2massj', '2massh', '2massks', 'sdssu']
Running with filters ['ps1__i', 'ps1__z', 'ps1__y', 'ps1__g', 'ps1__r', '2massj', '2massh', '2massks', 'sdssu']
Running with filters ['ps1__i', 'ps1__z', 'ps1__y', 'ps1__g', 'ps1__r', '2massj', '2massh', '2massks', 'sdssu']
Running with filters ['ps1__i', 'ps1__z', 'ps1__y', 'ps1__g', 'ps1__r', '2massj', '2massh', '2massks', 'sdssu']
Running with filters ['ps1__i', 'ps1__z', 'ps1__y', 'ps1__g', 'ps1__r', '2massj', '2massh', '2massks', 'sdssu']
Running with filters ['ps1__i', 'ps1__z', 'ps1__y', 'ps1__g', 'ps1__r', '2massj', '2massh', '2massks', 'sdssu']
Running with filters ['ps1__i', 'ps1__z', 'ps1__y', 'ps1__g', 'ps1__r', '2massj', '2massh', '2massks', 'sdssu']
Running with filters ['ps1__i', 'ps1__z', 'ps1__y', 'ps1__g', 'ps1__r', '2massj', '2massh', '2massks', 'sdssu']
Loaded filter ps1__i
Loaded filter ps1__i
Loaded filter ps1__i
Loaded filter ps1__i
Loaded filter ps1__i
Loaded filter ps1__i
Loaded filter ps1__i
Loaded filter ps1__i
Loaded filter ps1__i
Loaded filter ps1__i
Loaded filter ps1__i
Loaded filter ps1__i
Loaded filter ps1__i
Loaded filter ps1__i
Loaded filter ps1__i
Loaded filter ps1__i
Loaded filter ps1__i
Loaded filter ps1__i
Loaded filter ps1__i
Loaded filter ps1__i
Loaded filter ps1__i
Loaded filter ps1__i
Loaded filter ps1__i
Loaded filter ps1__i
Loaded filter ps1__i
Loaded filter ps1__i
Loaded filter ps1__i
Loaded filter ps1__i
Loaded filter ps1__i
Loaded filter ps1__i
Loaded filter ps1__i
Loaded filter ps1__i
Loaded filter ps1__z
Loaded filter ps1__z
Loaded filter ps1__z
Loaded filter ps1__z
Loaded filter ps1__z
Loaded filter ps1__z
Loaded filter ps1__z
Loaded filter ps1__z
Loaded filter ps1__z
Loaded filter ps1__z
Loaded filter ps1__z
Loaded filter ps1__z
Loaded filter ps1__z
Loaded filter ps1__z
Loaded filter ps1__z
Loaded filter ps1__z
Loaded filter ps1__z
Loaded filter ps1__z
Loaded filter ps1__z
Loaded filter ps1__z
Loaded filter ps1__z
Loaded filter ps1__z
Loaded filter ps1__z
Loaded filter ps1__z
Loaded filter ps1__z
Loaded filter ps1__z
Loaded filter ps1__z
Loaded filter ps1__z
Loaded filter ps1__y
Loaded filter ps1__y
Loaded filter ps1__y
Loaded filter ps1__y
Loaded filter ps1__z
Loaded filter ps1__z
Loaded filter ps1__y
Loaded filter ps1__y
Loaded filter ps1__y
Loaded filter ps1__y
Loaded filter ps1__y
Loaded filter ps1__z
Loaded filter ps1__y
Loaded filter ps1__y
Loaded filter ps1__y
Loaded filter ps1__y
Loaded filter ps1__z
Loaded filter ps1__y
Loaded filter ps1__y
Loaded filter ps1__y
Loaded filter ps1__y
Loaded filter ps1__y
Loaded filter ps1__y
Loaded filter ps1__y
Loaded filter ps1__y
Loaded filter ps1__y
Loaded filter ps1__y
Loaded filter ps1__y
Loaded filter ps1__y
Loaded filter ps1__y
Loaded filter ps1__g
Loaded filter ps1__y
Loaded filter ps1__g
Loaded filter ps1__g
Loaded filter ps1__g
Loaded filter ps1__y
Loaded filter ps1__g
Loaded filter ps1__y
Loaded filter ps1__y
Loaded filter ps1__g
Loaded filter ps1__g
Loaded filter ps1__g
Loaded filter ps1__g
Loaded filter ps1__g
Loaded filter ps1__g
Loaded filter ps1__g
Loaded filter ps1__g
Loaded filter ps1__g
Loaded filter ps1__y
Loaded filter ps1__g
Loaded filter ps1__g
Loaded filter ps1__g
Loaded filter ps1__y
Loaded filter ps1__g
Loaded filter ps1__g
Loaded filter ps1__g
Loaded filter ps1__g
Loaded filter ps1__g
Loaded filter ps1__g
Loaded filter ps1__g
Loaded filter ps1__r
Loaded filter ps1__g
Loaded filter ps1__r
Loaded filter ps1__r
Loaded filter ps1__r
Loaded filter ps1__g
Loaded filter ps1__g
Loaded filter ps1__g
Loaded filter ps1__g
Loaded filter ps1__r
Loaded filter ps1__r
Loaded filter ps1__g
Loaded filter ps1__r
Loaded filter ps1__r
Loaded filter ps1__r
Loaded filter ps1__r
Loaded filter ps1__r
Loaded filter ps1__r
Loaded filter ps1__r
Loaded filter ps1__g
Loaded filter ps1__r
Loaded filter ps1__r
Loaded filter ps1__r
Loaded filter ps1__r
Loaded filter ps1__g
Loaded filter ps1__r
Loaded filter ps1__r
Loaded filter ps1__r
Loaded filter ps1__r
Loaded filter 2massj
Loaded filter ps1__r
Loaded filter ps1__r
Loaded filter ps1__r
Loaded filter ps1__r
Loaded filter 2massj
Loaded filter 2massj
Loaded filter 2massj
Loaded filter ps1__r
Loaded filter ps1__r
Loaded filter ps1__r
Loaded filter 2massj
Loaded filter ps1__r
Loaded filter 2massj
Loaded filter ps1__r
Loaded filter 2massj
Loaded filter 2massj
Loaded filter 2massj
Loaded filter 2massj
Loaded filter 2massj
Loaded filter 2massj
Loaded filter 2massj
Loaded filter ps1__r
Loaded filter 2massj
Loaded filter 2massj
Loaded filter 2massj
Loaded filter 2massj
Loaded filter 2massh
Loaded filter ps1__r
Loaded filter 2massj
Loaded filter 2massj
Loaded filter 2massj
Loaded filter 2massj
Loaded filter 2massj
Loaded filter 2massj
Loaded filter 2massj
Loaded filter 2massj
Loaded filter 2massh
Loaded filter 2massh
Loaded filter 2massh
Loaded filter 2massj
Loaded filter 2massj
Loaded filter 2massj
Loaded filter 2massh
Loaded filter 2massj
Loaded filter 2massj
Loaded filter 2massh
Loaded filter 2massh
Loaded filter 2massh
Loaded filter 2massh
Loaded filter 2massh
Loaded filter 2massh
Loaded filter 2massh
Loaded filter 2massh
Loaded filter 2massh
Loaded filter 2massj
Loaded filter 2massks
Loaded filter 2massh
Loaded filter 2massh
Loaded filter 2massh
Loaded filter 2massh
Loaded filter 2massj
Loaded filter 2massh
Loaded filter 2massh
Loaded filter 2massh
Loaded filter 2massh
Loaded filter 2massh
Loaded filter 2massh
Loaded filter 2massh
Loaded filter 2massks
Loaded filter 2massks
Loaded filter 2massks
Loaded filter 2massh
Loaded filter 2massh
Loaded filter 2massks
Loaded filter 2massh
Loaded filter 2massks
Loaded filter 2massks
Loaded filter 2massh
Loaded filter 2massh
Loaded filter 2massks
Loaded filter 2massks
Loaded filter 2massks
Loaded filter 2massks
Loaded filter sdssu
Loaded filter 2massks
Loaded filter 2massks
Loaded filter 2massks
Loaded filter 2massh
Loaded filter 2massks
Loaded filter 2massks
Loaded filter 2massks
Loaded filter 2massks
Loaded filter 2massks
Loaded filter 2massks
Loaded filter 2massh
Loaded filter 2massks
Loaded filter 2massks
Loaded filter 2massks
Loaded filter 2massks
Loaded filter 2massks
Loaded filter sdssu
Loaded filter sdssu
Loaded filter sdssu
Loaded filter sdssu
Loaded filter 2massks
Loaded filter 2massks
Loaded filter sdssu
Loaded filter 2massks
Loaded filter 2massks
Loaded filter 2massks
Loaded filter sdssu
Loaded filter sdssu
Loaded filter sdssu
Running with the following additional sampler_kwargs:
{}
Loaded filter sdssu
Loaded filter sdssu
Loaded filter sdssu
Loaded filter sdssu
Loaded filter sdssu
Loaded filter 2massks
Loaded filter sdssu
Loaded filter sdssu
Loaded filter sdssu
Loaded filter 2massks
Loaded filter sdssu
Loaded filter sdssu
Loaded filter sdssu
Loaded filter sdssu
Loaded filter sdssu
Loaded filter sdssu
Loaded filter sdssu
Loaded filter sdssu
Running with the following additional sampler_kwargs:
{}
Running with the following additional sampler_kwargs:
{}
Running with the following additional sampler_kwargs:
{}
Running with the following additional sampler_kwargs:
{}
Loaded filter sdssu
Loaded filter sdssu
Loaded filter sdssu
Running with the following additional sampler_kwargs:
{}
Loaded filter sdssu
Loaded filter sdssu
Running with the following additional sampler_kwargs:
{}
Running with the following additional sampler_kwargs:
{}
Running with the following additional sampler_kwargs:
{}
Running with the following additional sampler_kwargs:
{}
Running with the following additional sampler_kwargs:
{}
Running with the following additional sampler_kwargs:
{}
Running with the following additional sampler_kwargs:
{}
Running with the following additional sampler_kwargs:
{}
Loaded filter sdssu
Running with the following additional sampler_kwargs:
{}
Running with the following additional sampler_kwargs:
{}
Running with the following additional sampler_kwargs:
{}
Loaded filter sdssu
Running with the following additional sampler_kwargs:
{}
Running with the following additional sampler_kwargs:
{}
Running with the following additional sampler_kwargs:
{}
Running with the following additional sampler_kwargs:
{}
Running with the following additional sampler_kwargs:
{}
Running with the following additional sampler_kwargs:
{}
Running with the following additional sampler_kwargs:
{}
Running with the following additional sampler_kwargs:
{}
Running with the following additional sampler_kwargs:
{}
Running with the following additional sampler_kwargs:
{}
Running with the following additional sampler_kwargs:
{}
Running with the following additional sampler_kwargs:
{}
Running with the following additional sampler_kwargs:
{}
Running with the following additional sampler_kwargs:
{}
Running with the following additional sampler_kwargs:
{}
Not using MPI because import mpi4py failed: '%s'. To debug, run python -c 'import mpi4py'. No module named 'mpi4py'
Not using MPI because import mpi4py failed: '%s'. To debug, run python -c 'import mpi4py'. No module named 'mpi4py'
Not using MPI because import mpi4py failed: '%s'. To debug, run python -c 'import mpi4py'. No module named 'mpi4py'
Not using MPI because import mpi4py failed: '%s'. To debug, run python -c 'import mpi4py'. No module named 'mpi4py'
Not using MPI because import mpi4py failed: '%s'. To debug, run python -c 'import mpi4py'. No module named 'mpi4py'
Not using MPI because import mpi4py failed: '%s'. To debug, run python -c 'import mpi4py'. No module named 'mpi4py'
Not using MPI because import mpi4py failed: '%s'. To debug, run python -c 'import mpi4py'. No module named 'mpi4py'
Not using MPI because import mpi4py failed: '%s'. To debug, run python -c 'import mpi4py'. No module named 'mpi4py'
Not using MPI because import mpi4py failed: '%s'. To debug, run python -c 'import mpi4py'. No module named 'mpi4py'
Not using MPI because import mpi4py failed: '%s'. To debug, run python -c 'import mpi4py'. No module named 'mpi4py'
Not using MPI because import mpi4py failed: '%s'. To debug, run python -c 'import mpi4py'. No module named 'mpi4py'
Not using MPI because import mpi4py failed: '%s'. To debug, run python -c 'import mpi4py'. No module named 'mpi4py'
Not using MPI because import mpi4py failed: '%s'. To debug, run python -c 'import mpi4py'. No module named 'mpi4py'
Not using MPI because import mpi4py failed: '%s'. To debug, run python -c 'import mpi4py'. No module named 'mpi4py'
Not using MPI because import mpi4py failed: '%s'. To debug, run python -c 'import mpi4py'. No module named 'mpi4py'
Not using MPI because import mpi4py failed: '%s'. To debug, run python -c 'import mpi4py'. No module named 'mpi4py'
Not using MPI because import mpi4py failed: '%s'. To debug, run python -c 'import mpi4py'. No module named 'mpi4py'
Not using MPI because import mpi4py failed: '%s'. To debug, run python -c 'import mpi4py'. No module named 'mpi4py'
Not using MPI because import mpi4py failed: '%s'. To debug, run python -c 'import mpi4py'. No module named 'mpi4py'
Not using MPI because import mpi4py failed: '%s'. To debug, run python -c 'import mpi4py'. No module named 'mpi4py'
Not using MPI because import mpi4py failed: '%s'. To debug, run python -c 'import mpi4py'. No module named 'mpi4py'
Not using MPI because import mpi4py failed: '%s'. To debug, run python -c 'import mpi4py'. No module named 'mpi4py'
Not using MPI because import mpi4py failed: '%s'. To debug, run python -c 'import mpi4py'. No module named 'mpi4py'
Not using MPI because import mpi4py failed: '%s'. To debug, run python -c 'import mpi4py'. No module named 'mpi4py'
Not using MPI because import mpi4py failed: '%s'. To debug, run python -c 'import mpi4py'. No module named 'mpi4py'
Not using MPI because import mpi4py failed: '%s'. To debug, run python -c 'import mpi4py'. No module named 'mpi4py'
Not using MPI because import mpi4py failed: '%s'. To debug, run python -c 'import mpi4py'. No module named 'mpi4py'
Not using MPI because import mpi4py failed: '%s'. To debug, run python -c 'import mpi4py'. No module named 'mpi4py'
