00:38 INFO    : Running for label 'Simu2019lm', output will be saved to 'outdirBNSBu32cores'
00:38 INFO    : Running for label 'Simu2019lm', output will be saved to 'outdirBNSBu32cores'
00:38 INFO    : Running for label 'Simu2019lm', output will be saved to 'outdirBNSBu32cores'
00:38 INFO    : Running for label 'Simu2019lm', output will be saved to 'outdirBNSBu32cores'
00:38 INFO    : Running for label 'Simu2019lm', output will be saved to 'outdirBNSBu32cores'
00:38 INFO    : Running for label 'Simu2019lm', output will be saved to 'outdirBNSBu32cores'
00:38 INFO    : Running for label 'Simu2019lm', output will be saved to 'outdirBNSBu32cores'
00:38 INFO    : Running for label 'Simu2019lm', output will be saved to 'outdirBNSBu32cores'
00:38 INFO    : Running for label 'Simu2019lm', output will be saved to 'outdirBNSBu32cores'
00:38 INFO    : Running for label 'Simu2019lm', output will be saved to 'outdirBNSBu32cores'
00:38 INFO    : Running for label 'Simu2019lm', output will be saved to 'outdirBNSBu32cores'
00:38 INFO    : Running for label 'Simu2019lm', output will be saved to 'outdirBNSBu32cores'
00:38 INFO    : Running for label 'Simu2019lm', output will be saved to 'outdirBNSBu32cores'
00:38 INFO    : Running for label 'Simu2019lm', output will be saved to 'outdirBNSBu32cores'
00:38 INFO    : Running for label 'Simu2019lm', output will be saved to 'outdirBNSBu32cores'
00:38 INFO    : Running for label 'Simu2019lm', output will be saved to 'outdirBNSBu32cores'
00:38 INFO    : Running for label 'Simu2019lm', output will be saved to 'outdirBNSBu32cores'
00:38 INFO    : Running for label 'Simu2019lm', output will be saved to 'outdirBNSBu32cores'
00:38 INFO    : Running for label 'Simu2019lm', output will be saved to 'outdirBNSBu32cores'
00:38 INFO    : Running for label 'Simu2019lm', output will be saved to 'outdirBNSBu32cores'
00:38 INFO    : Running for label 'Simu2019lm', output will be saved to 'outdirBNSBu32cores'
00:38 INFO    : Running for label 'Simu2019lm', output will be saved to 'outdirBNSBu32cores'
00:38 INFO    : Running for label 'Simu2019lm', output will be saved to 'outdirBNSBu32cores'
00:38 INFO    : Running for label 'Simu2019lm', output will be saved to 'outdirBNSBu32cores'
00:38 INFO    : Running for label 'Simu2019lm', output will be saved to 'outdirBNSBu32cores'
00:38 INFO    : Running for label 'Simu2019lm', output will be saved to 'outdirBNSBu32cores'
00:38 INFO    : Running for label 'Simu2019lm', output will be saved to 'outdirBNSBu32cores'
00:38 INFO    : Running for label 'Simu2019lm', output will be saved to 'outdirBNSBu32cores'
00:38 INFO    : Running for label 'Simu2019lm', output will be saved to 'outdirBNSBu32cores'
00:38 INFO    : Running for label 'Simu2019lm', output will be saved to 'outdirBNSBu32cores'
00:38 INFO    : Running for label 'Simu2019lm', output will be saved to 'outdirBNSBu32cores'
00:38 INFO    : Running for label 'Simu2019lm', output will be saved to 'outdirBNSBu32cores'
00:38 INFO    : Analysis priors:
00:38 INFO    : Analysis priors:
00:38 INFO    : Analysis priors:
00:38 INFO    : Analysis priors:
00:38 INFO    : Analysis priors:
00:38 INFO    : Analysis priors:
00:38 INFO    : Analysis priors:
00:38 INFO    : Analysis priors:
00:38 INFO    : Analysis priors:
00:38 INFO    : Analysis priors:
00:38 INFO    : Analysis priors:
00:38 INFO    : Analysis priors:
00:38 INFO    : Analysis priors:
00:38 INFO    : Analysis priors:
00:38 INFO    : Analysis priors:
00:38 INFO    : KNphi=Uniform(minimum=15.0, maximum=75.0, name='KNphi', latex_label='$\\Phi$', unit=None, boundary=None)
00:38 INFO    : Analysis priors:
00:38 INFO    : KNphi=Uniform(minimum=15.0, maximum=75.0, name='KNphi', latex_label='$\\Phi$', unit=None, boundary=None)
00:38 INFO    : KNphi=Uniform(minimum=15.0, maximum=75.0, name='KNphi', latex_label='$\\Phi$', unit=None, boundary=None)
00:38 INFO    : KNphi=Uniform(minimum=15.0, maximum=75.0, name='KNphi', latex_label='$\\Phi$', unit=None, boundary=None)
00:38 INFO    : KNphi=Uniform(minimum=15.0, maximum=75.0, name='KNphi', latex_label='$\\Phi$', unit=None, boundary=None)
00:38 INFO    : KNphi=Uniform(minimum=15.0, maximum=75.0, name='KNphi', latex_label='$\\Phi$', unit=None, boundary=None)
00:38 INFO    : KNphi=Uniform(minimum=15.0, maximum=75.0, name='KNphi', latex_label='$\\Phi$', unit=None, boundary=None)
00:38 INFO    : KNphi=Uniform(minimum=15.0, maximum=75.0, name='KNphi', latex_label='$\\Phi$', unit=None, boundary=None)
00:38 INFO    : KNphi=Uniform(minimum=15.0, maximum=75.0, name='KNphi', latex_label='$\\Phi$', unit=None, boundary=None)
00:38 INFO    : KNphi=Uniform(minimum=15.0, maximum=75.0, name='KNphi', latex_label='$\\Phi$', unit=None, boundary=None)
00:38 INFO    : Analysis priors:
00:38 INFO    : Analysis priors:
00:38 INFO    : log10_mej_dyn=Uniform(minimum=-3.0, maximum=-1.0, name='log10_mej_dyn', latex_label='$\\log_{10}M^{\\rm{dyn}}_{\\rm{ej}}$', unit=None, boundary='reflective')
00:38 INFO    : KNphi=Uniform(minimum=15.0, maximum=75.0, name='KNphi', latex_label='$\\Phi$', unit=None, boundary=None)
00:38 INFO    : log10_mej_dyn=Uniform(minimum=-3.0, maximum=-1.0, name='log10_mej_dyn', latex_label='$\\log_{10}M^{\\rm{dyn}}_{\\rm{ej}}$', unit=None, boundary='reflective')
00:38 INFO    : log10_mej_dyn=Uniform(minimum=-3.0, maximum=-1.0, name='log10_mej_dyn', latex_label='$\\log_{10}M^{\\rm{dyn}}_{\\rm{ej}}$', unit=None, boundary='reflective')
00:38 INFO    : log10_mej_dyn=Uniform(minimum=-3.0, maximum=-1.0, name='log10_mej_dyn', latex_label='$\\log_{10}M^{\\rm{dyn}}_{\\rm{ej}}$', unit=None, boundary='reflective')
00:38 INFO    : log10_mej_dyn=Uniform(minimum=-3.0, maximum=-1.0, name='log10_mej_dyn', latex_label='$\\log_{10}M^{\\rm{dyn}}_{\\rm{ej}}$', unit=None, boundary='reflective')
00:38 INFO    : log10_mej_dyn=Uniform(minimum=-3.0, maximum=-1.0, name='log10_mej_dyn', latex_label='$\\log_{10}M^{\\rm{dyn}}_{\\rm{ej}}$', unit=None, boundary='reflective')
00:38 INFO    : log10_mej_dyn=Uniform(minimum=-3.0, maximum=-1.0, name='log10_mej_dyn', latex_label='$\\log_{10}M^{\\rm{dyn}}_{\\rm{ej}}$', unit=None, boundary='reflective')
00:38 INFO    : log10_mej_dyn=Uniform(minimum=-3.0, maximum=-1.0, name='log10_mej_dyn', latex_label='$\\log_{10}M^{\\rm{dyn}}_{\\rm{ej}}$', unit=None, boundary='reflective')
00:38 INFO    : log10_mej_dyn=Uniform(minimum=-3.0, maximum=-1.0, name='log10_mej_dyn', latex_label='$\\log_{10}M^{\\rm{dyn}}_{\\rm{ej}}$', unit=None, boundary='reflective')
00:38 INFO    : log10_mej_dyn=Uniform(minimum=-3.0, maximum=-1.0, name='log10_mej_dyn', latex_label='$\\log_{10}M^{\\rm{dyn}}_{\\rm{ej}}$', unit=None, boundary='reflective')
00:38 INFO    : KNphi=Uniform(minimum=15.0, maximum=75.0, name='KNphi', latex_label='$\\Phi$', unit=None, boundary=None)
00:38 INFO    : KNphi=Uniform(minimum=15.0, maximum=75.0, name='KNphi', latex_label='$\\Phi$', unit=None, boundary=None)
00:38 INFO    : KNphi=Uniform(minimum=15.0, maximum=75.0, name='KNphi', latex_label='$\\Phi$', unit=None, boundary=None)
00:38 INFO    : KNphi=Uniform(minimum=15.0, maximum=75.0, name='KNphi', latex_label='$\\Phi$', unit=None, boundary=None)
00:38 INFO    : KNphi=Uniform(minimum=15.0, maximum=75.0, name='KNphi', latex_label='$\\Phi$', unit=None, boundary=None)
00:38 INFO    : log10_mej_wind=Uniform(minimum=-3.0, maximum=-0.5, name='log10_mej_wind', latex_label='$\\log_{10}M^{\\rm{wind}}_{\\rm{ej}}$', unit=None, boundary='reflective')
00:38 INFO    : log10_mej_wind=Uniform(minimum=-3.0, maximum=-0.5, name='log10_mej_wind', latex_label='$\\log_{10}M^{\\rm{wind}}_{\\rm{ej}}$', unit=None, boundary='reflective')
00:38 INFO    : log10_mej_dyn=Uniform(minimum=-3.0, maximum=-1.0, name='log10_mej_dyn', latex_label='$\\log_{10}M^{\\rm{dyn}}_{\\rm{ej}}$', unit=None, boundary='reflective')
00:38 INFO    : log10_mej_wind=Uniform(minimum=-3.0, maximum=-0.5, name='log10_mej_wind', latex_label='$\\log_{10}M^{\\rm{wind}}_{\\rm{ej}}$', unit=None, boundary='reflective')
00:38 INFO    : log10_mej_wind=Uniform(minimum=-3.0, maximum=-0.5, name='log10_mej_wind', latex_label='$\\log_{10}M^{\\rm{wind}}_{\\rm{ej}}$', unit=None, boundary='reflective')
00:38 INFO    : log10_mej_wind=Uniform(minimum=-3.0, maximum=-0.5, name='log10_mej_wind', latex_label='$\\log_{10}M^{\\rm{wind}}_{\\rm{ej}}$', unit=None, boundary='reflective')
00:38 INFO    : log10_mej_wind=Uniform(minimum=-3.0, maximum=-0.5, name='log10_mej_wind', latex_label='$\\log_{10}M^{\\rm{wind}}_{\\rm{ej}}$', unit=None, boundary='reflective')
00:38 INFO    : log10_mej_wind=Uniform(minimum=-3.0, maximum=-0.5, name='log10_mej_wind', latex_label='$\\log_{10}M^{\\rm{wind}}_{\\rm{ej}}$', unit=None, boundary='reflective')
00:38 INFO    : log10_mej_wind=Uniform(minimum=-3.0, maximum=-0.5, name='log10_mej_wind', latex_label='$\\log_{10}M^{\\rm{wind}}_{\\rm{ej}}$', unit=None, boundary='reflective')
00:38 INFO    : log10_mej_wind=Uniform(minimum=-3.0, maximum=-0.5, name='log10_mej_wind', latex_label='$\\log_{10}M^{\\rm{wind}}_{\\rm{ej}}$', unit=None, boundary='reflective')
00:38 INFO    : KNphi=Uniform(minimum=15.0, maximum=75.0, name='KNphi', latex_label='$\\Phi$', unit=None, boundary=None)
00:38 INFO    : log10_mej_wind=Uniform(minimum=-3.0, maximum=-0.5, name='log10_mej_wind', latex_label='$\\log_{10}M^{\\rm{wind}}_{\\rm{ej}}$', unit=None, boundary='reflective')
00:38 INFO    : KNphi=Uniform(minimum=15.0, maximum=75.0, name='KNphi', latex_label='$\\Phi$', unit=None, boundary=None)
00:38 INFO    : log10_mej_dyn=Uniform(minimum=-3.0, maximum=-1.0, name='log10_mej_dyn', latex_label='$\\log_{10}M^{\\rm{dyn}}_{\\rm{ej}}$', unit=None, boundary='reflective')
00:38 INFO    : log10_mej_dyn=Uniform(minimum=-3.0, maximum=-1.0, name='log10_mej_dyn', latex_label='$\\log_{10}M^{\\rm{dyn}}_{\\rm{ej}}$', unit=None, boundary='reflective')
00:38 INFO    : log10_mej_dyn=Uniform(minimum=-3.0, maximum=-1.0, name='log10_mej_dyn', latex_label='$\\log_{10}M^{\\rm{dyn}}_{\\rm{ej}}$', unit=None, boundary='reflective')
00:38 INFO    : log10_mej_dyn=Uniform(minimum=-3.0, maximum=-1.0, name='log10_mej_dyn', latex_label='$\\log_{10}M^{\\rm{dyn}}_{\\rm{ej}}$', unit=None, boundary='reflective')
00:38 INFO    : log10_mej_dyn=Uniform(minimum=-3.0, maximum=-1.0, name='log10_mej_dyn', latex_label='$\\log_{10}M^{\\rm{dyn}}_{\\rm{ej}}$', unit=None, boundary='reflective')
00:38 INFO    : inclination_EM=Sine(minimum=0.0, maximum=1.5707963267948966, name='inclination_EM', latex_label='$\\iota$', unit=None, boundary=None)
00:38 INFO    : log10_mej_wind=Uniform(minimum=-3.0, maximum=-0.5, name='log10_mej_wind', latex_label='$\\log_{10}M^{\\rm{wind}}_{\\rm{ej}}$', unit=None, boundary='reflective')
00:38 INFO    : inclination_EM=Sine(minimum=0.0, maximum=1.5707963267948966, name='inclination_EM', latex_label='$\\iota$', unit=None, boundary=None)
00:38 INFO    : inclination_EM=Sine(minimum=0.0, maximum=1.5707963267948966, name='inclination_EM', latex_label='$\\iota$', unit=None, boundary=None)
00:38 INFO    : inclination_EM=Sine(minimum=0.0, maximum=1.5707963267948966, name='inclination_EM', latex_label='$\\iota$', unit=None, boundary=None)
00:38 INFO    : inclination_EM=Sine(minimum=0.0, maximum=1.5707963267948966, name='inclination_EM', latex_label='$\\iota$', unit=None, boundary=None)
00:38 INFO    : inclination_EM=Sine(minimum=0.0, maximum=1.5707963267948966, name='inclination_EM', latex_label='$\\iota$', unit=None, boundary=None)
00:38 INFO    : inclination_EM=Sine(minimum=0.0, maximum=1.5707963267948966, name='inclination_EM', latex_label='$\\iota$', unit=None, boundary=None)
00:38 INFO    : inclination_EM=Sine(minimum=0.0, maximum=1.5707963267948966, name='inclination_EM', latex_label='$\\iota$', unit=None, boundary=None)
00:38 INFO    : log10_mej_dyn=Uniform(minimum=-3.0, maximum=-1.0, name='log10_mej_dyn', latex_label='$\\log_{10}M^{\\rm{dyn}}_{\\rm{ej}}$', unit=None, boundary='reflective')
00:38 INFO    : inclination_EM=Sine(minimum=0.0, maximum=1.5707963267948966, name='inclination_EM', latex_label='$\\iota$', unit=None, boundary=None)
00:38 INFO    : inclination_EM=Sine(minimum=0.0, maximum=1.5707963267948966, name='inclination_EM', latex_label='$\\iota$', unit=None, boundary=None)
00:38 INFO    : log10_mej_wind=Uniform(minimum=-3.0, maximum=-0.5, name='log10_mej_wind', latex_label='$\\log_{10}M^{\\rm{wind}}_{\\rm{ej}}$', unit=None, boundary='reflective')
00:38 INFO    : log10_mej_wind=Uniform(minimum=-3.0, maximum=-0.5, name='log10_mej_wind', latex_label='$\\log_{10}M^{\\rm{wind}}_{\\rm{ej}}$', unit=None, boundary='reflective')
00:38 INFO    : Analysis priors:
00:38 INFO    : log10_mej_wind=Uniform(minimum=-3.0, maximum=-0.5, name='log10_mej_wind', latex_label='$\\log_{10}M^{\\rm{wind}}_{\\rm{ej}}$', unit=None, boundary='reflective')
00:38 INFO    : log10_mej_wind=Uniform(minimum=-3.0, maximum=-0.5, name='log10_mej_wind', latex_label='$\\log_{10}M^{\\rm{wind}}_{\\rm{ej}}$', unit=None, boundary='reflective')
00:38 INFO    : Analysis priors:
00:38 INFO    : log10_mej_dyn=Uniform(minimum=-3.0, maximum=-1.0, name='log10_mej_dyn', latex_label='$\\log_{10}M^{\\rm{dyn}}_{\\rm{ej}}$', unit=None, boundary='reflective')
00:38 INFO    : Analysis priors:
00:38 INFO    : Analysis priors:
00:38 INFO    : log10_mej_wind=Uniform(minimum=-3.0, maximum=-0.5, name='log10_mej_wind', latex_label='$\\log_{10}M^{\\rm{wind}}_{\\rm{ej}}$', unit=None, boundary='reflective')
00:38 INFO    : luminosity_distance=LogUniform(minimum=1, maximum=500, name='luminosity_distance', latex_label='$D_L$', unit=None, boundary=None)
00:38 INFO    : log10_mej_wind=Uniform(minimum=-3.0, maximum=-0.5, name='log10_mej_wind', latex_label='$\\log_{10}M^{\\rm{wind}}_{\\rm{ej}}$', unit=None, boundary='reflective')
00:38 INFO    : luminosity_distance=LogUniform(minimum=1, maximum=500, name='luminosity_distance', latex_label='$D_L$', unit=None, boundary=None)
00:38 INFO    : inclination_EM=Sine(minimum=0.0, maximum=1.5707963267948966, name='inclination_EM', latex_label='$\\iota$', unit=None, boundary=None)
00:38 INFO    : luminosity_distance=LogUniform(minimum=1, maximum=500, name='luminosity_distance', latex_label='$D_L$', unit=None, boundary=None)
00:38 INFO    : luminosity_distance=LogUniform(minimum=1, maximum=500, name='luminosity_distance', latex_label='$D_L$', unit=None, boundary=None)
00:38 INFO    : luminosity_distance=LogUniform(minimum=1, maximum=500, name='luminosity_distance', latex_label='$D_L$', unit=None, boundary=None)
00:38 INFO    : luminosity_distance=LogUniform(minimum=1, maximum=500, name='luminosity_distance', latex_label='$D_L$', unit=None, boundary=None)
00:38 INFO    : luminosity_distance=LogUniform(minimum=1, maximum=500, name='luminosity_distance', latex_label='$D_L$', unit=None, boundary=None)
00:38 INFO    : luminosity_distance=LogUniform(minimum=1, maximum=500, name='luminosity_distance', latex_label='$D_L$', unit=None, boundary=None)
00:38 INFO    : luminosity_distance=LogUniform(minimum=1, maximum=500, name='luminosity_distance', latex_label='$D_L$', unit=None, boundary=None)
00:38 INFO    : timeshift=0.0
00:38 INFO    : luminosity_distance=LogUniform(minimum=1, maximum=500, name='luminosity_distance', latex_label='$D_L$', unit=None, boundary=None)
00:38 INFO    : timeshift=0.0
00:38 INFO    : timeshift=0.0
00:38 INFO    : timeshift=0.0
00:38 INFO    : timeshift=0.0
00:38 INFO    : timeshift=0.0
00:38 INFO    : timeshift=0.0
00:38 INFO    : timeshift=0.0
00:38 INFO    : em_syserr=1.0
00:38 INFO    : inclination_EM=Sine(minimum=0.0, maximum=1.5707963267948966, name='inclination_EM', latex_label='$\\iota$', unit=None, boundary=None)
00:38 INFO    : timeshift=0.0
00:38 INFO    : Analysis priors:
00:38 INFO    : inclination_EM=Sine(minimum=0.0, maximum=1.5707963267948966, name='inclination_EM', latex_label='$\\iota$', unit=None, boundary=None)
00:38 INFO    : inclination_EM=Sine(minimum=0.0, maximum=1.5707963267948966, name='inclination_EM', latex_label='$\\iota$', unit=None, boundary=None)
00:38 INFO    : inclination_EM=Sine(minimum=0.0, maximum=1.5707963267948966, name='inclination_EM', latex_label='$\\iota$', unit=None, boundary=None)
00:38 INFO    : em_syserr=1.0
00:38 INFO    : em_syserr=1.0
00:38 INFO    : log10_mej_wind=Uniform(minimum=-3.0, maximum=-0.5, name='log10_mej_wind', latex_label='$\\log_{10}M^{\\rm{wind}}_{\\rm{ej}}$', unit=None, boundary='reflective')
00:38 INFO    : em_syserr=1.0
00:38 INFO    : em_syserr=1.0
00:38 INFO    : timeshift=0.0
00:38 INFO    : em_syserr=1.0
00:38 INFO    : em_syserr=1.0
00:38 INFO    : em_syserr=1.0
00:38 INFO    : Ebv=0.0
00:38 INFO    : em_syserr=1.0
00:38 INFO    : Analysis priors:
00:38 INFO    : Analysis priors:
00:38 INFO    : Analysis priors:
00:38 INFO    : Analysis priors:
00:38 INFO    : inclination_EM=Sine(minimum=0.0, maximum=1.5707963267948966, name='inclination_EM', latex_label='$\\iota$', unit=None, boundary=None)
00:38 INFO    : Ebv=0.0
00:38 INFO    : Ebv=0.0
00:38 INFO    : Ebv=0.0
00:38 INFO    : Ebv=0.0
00:38 INFO    : Ebv=0.0
00:38 INFO    : inclination_EM=Sine(minimum=0.0, maximum=1.5707963267948966, name='inclination_EM', latex_label='$\\iota$', unit=None, boundary=None)
00:38 INFO    : em_syserr=1.0
00:38 INFO    : Ebv=0.0
00:38 INFO    : luminosity_distance=LogUniform(minimum=1, maximum=500, name='luminosity_distance', latex_label='$D_L$', unit=None, boundary=None)
00:38 INFO    : Ebv=0.0
00:38 INFO    : Analysis likelihood class: <class 'nmma.em.likelihood.OpticalLightCurve'>
00:38 INFO    : Ebv=0.0
00:38 INFO    : KNphi=Uniform(minimum=15.0, maximum=75.0, name='KNphi', latex_label='$\\Phi$', unit=None, boundary=None)
00:38 INFO    : KNphi=Uniform(minimum=15.0, maximum=75.0, name='KNphi', latex_label='$\\Phi$', unit=None, boundary=None)
00:38 INFO    : Analysis likelihood class: <class 'nmma.em.likelihood.OpticalLightCurve'>
00:38 INFO    : Analysis likelihood class: <class 'nmma.em.likelihood.OpticalLightCurve'>
00:38 INFO    : Analysis likelihood class: <class 'nmma.em.likelihood.OpticalLightCurve'>
00:38 INFO    : KNphi=Uniform(minimum=15.0, maximum=75.0, name='KNphi', latex_label='$\\Phi$', unit=None, boundary=None)
00:38 INFO    : KNphi=Uniform(minimum=15.0, maximum=75.0, name='KNphi', latex_label='$\\Phi$', unit=None, boundary=None)
00:38 INFO    : Analysis likelihood class: <class 'nmma.em.likelihood.OpticalLightCurve'>
00:38 INFO    : Analysis likelihood class: <class 'nmma.em.likelihood.OpticalLightCurve'>
00:38 INFO    : Analysis likelihood class: <class 'nmma.em.likelihood.OpticalLightCurve'>
00:38 INFO    : Ebv=0.0
00:38 INFO    : Analysis likelihood class: <class 'nmma.em.likelihood.OpticalLightCurve'>
00:38 INFO    : timeshift=0.0
00:38 INFO    : Analysis likelihood noise evidence: 0.0
00:38 INFO    : luminosity_distance=LogUniform(minimum=1, maximum=500, name='luminosity_distance', latex_label='$D_L$', unit=None, boundary=None)
00:38 INFO    : Analysis likelihood class: <class 'nmma.em.likelihood.OpticalLightCurve'>
00:38 INFO    : luminosity_distance=LogUniform(minimum=1, maximum=500, name='luminosity_distance', latex_label='$D_L$', unit=None, boundary=None)
00:38 INFO    : Analysis priors:
00:38 INFO    : luminosity_distance=LogUniform(minimum=1, maximum=500, name='luminosity_distance', latex_label='$D_L$', unit=None, boundary=None)
00:38 INFO    : luminosity_distance=LogUniform(minimum=1, maximum=500, name='luminosity_distance', latex_label='$D_L$', unit=None, boundary=None)
00:38 INFO    : Analysis likelihood noise evidence: 0.0
00:38 INFO    : Analysis priors:
00:38 INFO    : Analysis likelihood noise evidence: 0.0
00:38 INFO    : Analysis likelihood noise evidence: 0.0
00:38 INFO    : inclination_EM=Sine(minimum=0.0, maximum=1.5707963267948966, name='inclination_EM', latex_label='$\\iota$', unit=None, boundary=None)
00:38 INFO    : Analysis likelihood noise evidence: 0.0
00:38 INFO    : Analysis likelihood noise evidence: 0.0
00:38 INFO    : Analysis likelihood noise evidence: 0.0
00:38 INFO    : Analysis likelihood class: <class 'nmma.em.likelihood.OpticalLightCurve'>
00:38 INFO    : em_syserr=1.0
00:38 INFO    : Analysis likelihood noise evidence: 0.0
00:38 INFO    : timeshift=0.0
00:38 INFO    : Analysis likelihood noise evidence: 0.0
00:38 INFO    : timeshift=0.0
00:38 INFO    : timeshift=0.0
00:38 INFO    : timeshift=0.0
00:38 INFO    : luminosity_distance=LogUniform(minimum=1, maximum=500, name='luminosity_distance', latex_label='$D_L$', unit=None, boundary=None)
00:38 INFO    : Ebv=0.0
00:38 INFO    : em_syserr=1.0
00:38 INFO    : Analysis likelihood noise evidence: 0.0
00:38 INFO    : em_syserr=1.0
00:38 INFO    : luminosity_distance=LogUniform(minimum=1, maximum=500, name='luminosity_distance', latex_label='$D_L$', unit=None, boundary=None)
00:38 INFO    : em_syserr=1.0
00:38 INFO    : em_syserr=1.0
00:38 INFO    : log10_mej_dyn=Uniform(minimum=-3.0, maximum=-1.0, name='log10_mej_dyn', latex_label='$\\log_{10}M^{\\rm{dyn}}_{\\rm{ej}}$', unit=None, boundary='reflective')
00:38 INFO    : KNphi=Uniform(minimum=15.0, maximum=75.0, name='KNphi', latex_label='$\\Phi$', unit=None, boundary=None)
00:38 INFO    : log10_mej_dyn=Uniform(minimum=-3.0, maximum=-1.0, name='log10_mej_dyn', latex_label='$\\log_{10}M^{\\rm{dyn}}_{\\rm{ej}}$', unit=None, boundary='reflective')
00:38 INFO    : Analysis likelihood class: <class 'nmma.em.likelihood.OpticalLightCurve'>
00:38 INFO    : Ebv=0.0
00:38 INFO    : Analysis priors:
00:38 INFO    : log10_mej_dyn=Uniform(minimum=-3.0, maximum=-1.0, name='log10_mej_dyn', latex_label='$\\log_{10}M^{\\rm{dyn}}_{\\rm{ej}}$', unit=None, boundary='reflective')
00:38 INFO    : timeshift=0.0
00:38 INFO    : Ebv=0.0
00:38 INFO    : Ebv=0.0
00:38 INFO    : timeshift=0.0
00:38 INFO    : Ebv=0.0
00:38 INFO    : log10_mej_dyn=Uniform(minimum=-3.0, maximum=-1.0, name='log10_mej_dyn', latex_label='$\\log_{10}M^{\\rm{dyn}}_{\\rm{ej}}$', unit=None, boundary='reflective')
00:38 INFO    : Analysis likelihood class: <class 'nmma.em.likelihood.OpticalLightCurve'>
00:38 INFO    : Analysis likelihood noise evidence: 0.0
00:38 INFO    : em_syserr=1.0
00:38 INFO    : em_syserr=1.0
00:38 INFO    : Analysis likelihood class: <class 'nmma.em.likelihood.OpticalLightCurve'>
00:38 INFO    : KNphi=Uniform(minimum=15.0, maximum=75.0, name='KNphi', latex_label='$\\Phi$', unit=None, boundary=None)
00:38 INFO    : Analysis likelihood class: <class 'nmma.em.likelihood.OpticalLightCurve'>
00:38 INFO    : KNphi=Uniform(minimum=15.0, maximum=75.0, name='KNphi', latex_label='$\\Phi$', unit=None, boundary=None)
00:38 INFO    : KNphi=Uniform(minimum=15.0, maximum=75.0, name='KNphi', latex_label='$\\Phi$', unit=None, boundary=None)
00:38 INFO    : Analysis likelihood class: <class 'nmma.em.likelihood.OpticalLightCurve'>
00:38 INFO    : luminosity_distance=LogUniform(minimum=1, maximum=500, name='luminosity_distance', latex_label='$D_L$', unit=None, boundary=None)
00:38 INFO    : KNphi=Uniform(minimum=15.0, maximum=75.0, name='KNphi', latex_label='$\\Phi$', unit=None, boundary=None)
00:38 INFO    : Analysis likelihood noise evidence: 0.0
00:38 INFO    : Ebv=0.0
00:38 INFO    : Ebv=0.0
00:38 INFO    : Analysis likelihood noise evidence: 0.0
00:38 INFO    : Analysis likelihood noise evidence: 0.0
00:38 INFO    : log10_mej_wind=Uniform(minimum=-3.0, maximum=-0.5, name='log10_mej_wind', latex_label='$\\log_{10}M^{\\rm{wind}}_{\\rm{ej}}$', unit=None, boundary='reflective')
00:38 INFO    : Analysis likelihood noise evidence: 0.0
00:38 INFO    : timeshift=0.0
00:38 INFO    : log10_mej_wind=Uniform(minimum=-3.0, maximum=-0.5, name='log10_mej_wind', latex_label='$\\log_{10}M^{\\rm{wind}}_{\\rm{ej}}$', unit=None, boundary='reflective')
00:38 INFO    : KNphi=Uniform(minimum=15.0, maximum=75.0, name='KNphi', latex_label='$\\Phi$', unit=None, boundary=None)
00:38 INFO    : Analysis likelihood class: <class 'nmma.em.likelihood.OpticalLightCurve'>
00:38 INFO    : Analysis likelihood class: <class 'nmma.em.likelihood.OpticalLightCurve'>
00:38 INFO    : log10_mej_dyn=Uniform(minimum=-3.0, maximum=-1.0, name='log10_mej_dyn', latex_label='$\\log_{10}M^{\\rm{dyn}}_{\\rm{ej}}$', unit=None, boundary='reflective')
00:38 INFO    : log10_mej_wind=Uniform(minimum=-3.0, maximum=-0.5, name='log10_mej_wind', latex_label='$\\log_{10}M^{\\rm{wind}}_{\\rm{ej}}$', unit=None, boundary='reflective')
00:38 INFO    : KNphi=Uniform(minimum=15.0, maximum=75.0, name='KNphi', latex_label='$\\Phi$', unit=None, boundary=None)
00:38 INFO    : em_syserr=1.0
00:38 INFO    : log10_mej_wind=Uniform(minimum=-3.0, maximum=-0.5, name='log10_mej_wind', latex_label='$\\log_{10}M^{\\rm{wind}}_{\\rm{ej}}$', unit=None, boundary='reflective')
00:38 INFO    : Analysis likelihood noise evidence: 0.0
00:38 INFO    : Analysis likelihood noise evidence: 0.0
00:38 INFO    : Ebv=0.0
00:38 INFO    : log10_mej_dyn=Uniform(minimum=-3.0, maximum=-1.0, name='log10_mej_dyn', latex_label='$\\log_{10}M^{\\rm{dyn}}_{\\rm{ej}}$', unit=None, boundary='reflective')
00:38 INFO    : log10_mej_dyn=Uniform(minimum=-3.0, maximum=-1.0, name='log10_mej_dyn', latex_label='$\\log_{10}M^{\\rm{dyn}}_{\\rm{ej}}$', unit=None, boundary='reflective')
00:38 INFO    : log10_mej_dyn=Uniform(minimum=-3.0, maximum=-1.0, name='log10_mej_dyn', latex_label='$\\log_{10}M^{\\rm{dyn}}_{\\rm{ej}}$', unit=None, boundary='reflective')
00:38 INFO    : log10_mej_dyn=Uniform(minimum=-3.0, maximum=-1.0, name='log10_mej_dyn', latex_label='$\\log_{10}M^{\\rm{dyn}}_{\\rm{ej}}$', unit=None, boundary='reflective')
00:38 INFO    : Analysis likelihood class: <class 'nmma.em.likelihood.OpticalLightCurve'>
00:38 INFO    : KNphi=Uniform(minimum=15.0, maximum=75.0, name='KNphi', latex_label='$\\Phi$', unit=None, boundary=None)
00:38 INFO    : inclination_EM=Sine(minimum=0.0, maximum=1.5707963267948966, name='inclination_EM', latex_label='$\\iota$', unit=None, boundary=None)
00:38 INFO    : inclination_EM=Sine(minimum=0.0, maximum=1.5707963267948966, name='inclination_EM', latex_label='$\\iota$', unit=None, boundary=None)
00:38 INFO    : log10_mej_dyn=Uniform(minimum=-3.0, maximum=-1.0, name='log10_mej_dyn', latex_label='$\\log_{10}M^{\\rm{dyn}}_{\\rm{ej}}$', unit=None, boundary='reflective')
00:38 INFO    : log10_mej_wind=Uniform(minimum=-3.0, maximum=-0.5, name='log10_mej_wind', latex_label='$\\log_{10}M^{\\rm{wind}}_{\\rm{ej}}$', unit=None, boundary='reflective')
00:38 INFO    : Analysis likelihood noise evidence: 0.0
00:38 INFO    : inclination_EM=Sine(minimum=0.0, maximum=1.5707963267948966, name='inclination_EM', latex_label='$\\iota$', unit=None, boundary=None)
00:38 INFO    : log10_mej_dyn=Uniform(minimum=-3.0, maximum=-1.0, name='log10_mej_dyn', latex_label='$\\log_{10}M^{\\rm{dyn}}_{\\rm{ej}}$', unit=None, boundary='reflective')
00:38 INFO    : inclination_EM=Sine(minimum=0.0, maximum=1.5707963267948966, name='inclination_EM', latex_label='$\\iota$', unit=None, boundary=None)
00:38 INFO    : log10_mej_wind=Uniform(minimum=-3.0, maximum=-0.5, name='log10_mej_wind', latex_label='$\\log_{10}M^{\\rm{wind}}_{\\rm{ej}}$', unit=None, boundary='reflective')
00:38 INFO    : log10_mej_wind=Uniform(minimum=-3.0, maximum=-0.5, name='log10_mej_wind', latex_label='$\\log_{10}M^{\\rm{wind}}_{\\rm{ej}}$', unit=None, boundary='reflective')
00:38 INFO    : log10_mej_wind=Uniform(minimum=-3.0, maximum=-0.5, name='log10_mej_wind', latex_label='$\\log_{10}M^{\\rm{wind}}_{\\rm{ej}}$', unit=None, boundary='reflective')
00:38 INFO    : log10_mej_wind=Uniform(minimum=-3.0, maximum=-0.5, name='log10_mej_wind', latex_label='$\\log_{10}M^{\\rm{wind}}_{\\rm{ej}}$', unit=None, boundary='reflective')
00:38 INFO    : log10_mej_dyn=Uniform(minimum=-3.0, maximum=-1.0, name='log10_mej_dyn', latex_label='$\\log_{10}M^{\\rm{dyn}}_{\\rm{ej}}$', unit=None, boundary='reflective')
00:38 INFO    : luminosity_distance=LogUniform(minimum=1, maximum=500, name='luminosity_distance', latex_label='$D_L$', unit=None, boundary=None)
00:38 INFO    : log10_mej_wind=Uniform(minimum=-3.0, maximum=-0.5, name='log10_mej_wind', latex_label='$\\log_{10}M^{\\rm{wind}}_{\\rm{ej}}$', unit=None, boundary='reflective')
00:38 INFO    : luminosity_distance=LogUniform(minimum=1, maximum=500, name='luminosity_distance', latex_label='$D_L$', unit=None, boundary=None)
00:38 INFO    : inclination_EM=Sine(minimum=0.0, maximum=1.5707963267948966, name='inclination_EM', latex_label='$\\iota$', unit=None, boundary=None)
00:38 INFO    : luminosity_distance=LogUniform(minimum=1, maximum=500, name='luminosity_distance', latex_label='$D_L$', unit=None, boundary=None)
00:38 INFO    : log10_mej_wind=Uniform(minimum=-3.0, maximum=-0.5, name='log10_mej_wind', latex_label='$\\log_{10}M^{\\rm{wind}}_{\\rm{ej}}$', unit=None, boundary='reflective')
00:38 INFO    : timeshift=0.0
00:38 INFO    : timeshift=0.0
00:38 INFO    : luminosity_distance=LogUniform(minimum=1, maximum=500, name='luminosity_distance', latex_label='$D_L$', unit=None, boundary=None)
00:38 INFO    : em_syserr=1.0
00:38 INFO    : timeshift=0.0
00:38 INFO    : em_syserr=1.0
00:38 INFO    : inclination_EM=Sine(minimum=0.0, maximum=1.5707963267948966, name='inclination_EM', latex_label='$\\iota$', unit=None, boundary=None)
00:38 INFO    : log10_mej_wind=Uniform(minimum=-3.0, maximum=-0.5, name='log10_mej_wind', latex_label='$\\log_{10}M^{\\rm{wind}}_{\\rm{ej}}$', unit=None, boundary='reflective')
00:38 INFO    : inclination_EM=Sine(minimum=0.0, maximum=1.5707963267948966, name='inclination_EM', latex_label='$\\iota$', unit=None, boundary=None)
00:38 INFO    : inclination_EM=Sine(minimum=0.0, maximum=1.5707963267948966, name='inclination_EM', latex_label='$\\iota$', unit=None, boundary=None)
00:38 INFO    : inclination_EM=Sine(minimum=0.0, maximum=1.5707963267948966, name='inclination_EM', latex_label='$\\iota$', unit=None, boundary=None)
00:38 INFO    : Ebv=0.0
00:38 INFO    : timeshift=0.0
00:38 INFO    : em_syserr=1.0
00:38 INFO    : Ebv=0.0
00:38 INFO    : inclination_EM=Sine(minimum=0.0, maximum=1.5707963267948966, name='inclination_EM', latex_label='$\\iota$', unit=None, boundary=None)
00:38 INFO    : Analysis likelihood class: <class 'nmma.em.likelihood.OpticalLightCurve'>
00:38 INFO    : em_syserr=1.0
00:38 INFO    : Ebv=0.0
00:38 INFO    : luminosity_distance=LogUniform(minimum=1, maximum=500, name='luminosity_distance', latex_label='$D_L$', unit=None, boundary=None)
00:38 INFO    : Analysis likelihood class: <class 'nmma.em.likelihood.OpticalLightCurve'>
00:38 INFO    : inclination_EM=Sine(minimum=0.0, maximum=1.5707963267948966, name='inclination_EM', latex_label='$\\iota$', unit=None, boundary=None)
00:38 INFO    : Analysis likelihood noise evidence: 0.0
00:38 INFO    : Ebv=0.0
00:38 INFO    : Analysis likelihood class: <class 'nmma.em.likelihood.OpticalLightCurve'>
00:38 INFO    : Analysis likelihood noise evidence: 0.0
00:38 INFO    : timeshift=0.0
00:38 INFO    : Analysis likelihood class: <class 'nmma.em.likelihood.OpticalLightCurve'>
00:38 INFO    : Analysis likelihood noise evidence: 0.0
00:38 INFO    : inclination_EM=Sine(minimum=0.0, maximum=1.5707963267948966, name='inclination_EM', latex_label='$\\iota$', unit=None, boundary=None)
00:38 INFO    : luminosity_distance=LogUniform(minimum=1, maximum=500, name='luminosity_distance', latex_label='$D_L$', unit=None, boundary=None)
00:38 INFO    : luminosity_distance=LogUniform(minimum=1, maximum=500, name='luminosity_distance', latex_label='$D_L$', unit=None, boundary=None)
00:38 INFO    : luminosity_distance=LogUniform(minimum=1, maximum=500, name='luminosity_distance', latex_label='$D_L$', unit=None, boundary=None)
00:38 INFO    : em_syserr=1.0
00:38 INFO    : luminosity_distance=LogUniform(minimum=1, maximum=500, name='luminosity_distance', latex_label='$D_L$', unit=None, boundary=None)
00:38 INFO    : Analysis likelihood noise evidence: 0.0
00:38 INFO    : luminosity_distance=LogUniform(minimum=1, maximum=500, name='luminosity_distance', latex_label='$D_L$', unit=None, boundary=None)
00:38 INFO    : timeshift=0.0
00:38 INFO    : timeshift=0.0
00:38 INFO    : Ebv=0.0
00:38 INFO    : timeshift=0.0
00:38 INFO    : timeshift=0.0
00:38 INFO    : timeshift=0.0
00:38 INFO    : em_syserr=1.0
00:38 INFO    : luminosity_distance=LogUniform(minimum=1, maximum=500, name='luminosity_distance', latex_label='$D_L$', unit=None, boundary=None)
00:38 INFO    : em_syserr=1.0
00:38 INFO    : Analysis likelihood class: <class 'nmma.em.likelihood.OpticalLightCurve'>
00:38 INFO    : em_syserr=1.0
00:38 INFO    : em_syserr=1.0
00:38 INFO    : em_syserr=1.0
00:38 INFO    : Ebv=0.0
00:38 INFO    : Ebv=0.0
00:38 INFO    : luminosity_distance=LogUniform(minimum=1, maximum=500, name='luminosity_distance', latex_label='$D_L$', unit=None, boundary=None)
00:38 INFO    : Ebv=0.0
00:38 INFO    : timeshift=0.0
00:38 INFO    : Analysis likelihood noise evidence: 0.0
00:38 INFO    : Ebv=0.0
00:38 INFO    : Ebv=0.0
00:38 INFO    : Analysis likelihood class: <class 'nmma.em.likelihood.OpticalLightCurve'>
00:38 INFO    : Analysis likelihood class: <class 'nmma.em.likelihood.OpticalLightCurve'>
00:38 INFO    : timeshift=0.0
00:38 INFO    : em_syserr=1.0
00:38 INFO    : Analysis likelihood class: <class 'nmma.em.likelihood.OpticalLightCurve'>
00:38 INFO    : Analysis likelihood class: <class 'nmma.em.likelihood.OpticalLightCurve'>
00:38 INFO    : Analysis likelihood class: <class 'nmma.em.likelihood.OpticalLightCurve'>
00:38 INFO    : em_syserr=1.0
00:38 INFO    : Analysis likelihood noise evidence: 0.0
00:38 INFO    : Analysis likelihood noise evidence: 0.0
00:38 INFO    : Ebv=0.0
00:38 INFO    : Analysis likelihood noise evidence: 0.0
00:38 INFO    : Analysis likelihood noise evidence: 0.0
00:38 INFO    : Analysis likelihood noise evidence: 0.0
00:38 INFO    : Ebv=0.0
00:38 INFO    : Analysis likelihood class: <class 'nmma.em.likelihood.OpticalLightCurve'>
00:38 INFO    : Analysis likelihood class: <class 'nmma.em.likelihood.OpticalLightCurve'>
00:38 INFO    : Analysis likelihood noise evidence: 0.0
00:38 INFO    : Analysis likelihood noise evidence: 0.0
00:38 INFO    : Analysis priors:
00:38 INFO    : KNphi=Uniform(minimum=15.0, maximum=75.0, name='KNphi', latex_label='$\\Phi$', unit=None, boundary=None)
00:38 INFO    : log10_mej_dyn=Uniform(minimum=-3.0, maximum=-1.0, name='log10_mej_dyn', latex_label='$\\log_{10}M^{\\rm{dyn}}_{\\rm{ej}}$', unit=None, boundary='reflective')
00:38 INFO    : log10_mej_wind=Uniform(minimum=-3.0, maximum=-0.5, name='log10_mej_wind', latex_label='$\\log_{10}M^{\\rm{wind}}_{\\rm{ej}}$', unit=None, boundary='reflective')
00:38 INFO    : inclination_EM=Sine(minimum=0.0, maximum=1.5707963267948966, name='inclination_EM', latex_label='$\\iota$', unit=None, boundary=None)
00:38 INFO    : luminosity_distance=LogUniform(minimum=1, maximum=500, name='luminosity_distance', latex_label='$D_L$', unit=None, boundary=None)
00:38 INFO    : timeshift=0.0
00:38 INFO    : em_syserr=1.0
00:38 INFO    : Ebv=0.0
00:38 INFO    : Analysis likelihood class: <class 'nmma.em.likelihood.OpticalLightCurve'>
00:38 INFO    : Analysis likelihood noise evidence: 0.0
00:38 INFO    : Analysis priors:
00:38 INFO    : KNphi=Uniform(minimum=15.0, maximum=75.0, name='KNphi', latex_label='$\\Phi$', unit=None, boundary=None)
00:38 INFO    : log10_mej_dyn=Uniform(minimum=-3.0, maximum=-1.0, name='log10_mej_dyn', latex_label='$\\log_{10}M^{\\rm{dyn}}_{\\rm{ej}}$', unit=None, boundary='reflective')
00:38 INFO    : log10_mej_wind=Uniform(minimum=-3.0, maximum=-0.5, name='log10_mej_wind', latex_label='$\\log_{10}M^{\\rm{wind}}_{\\rm{ej}}$', unit=None, boundary='reflective')
00:38 INFO    : inclination_EM=Sine(minimum=0.0, maximum=1.5707963267948966, name='inclination_EM', latex_label='$\\iota$', unit=None, boundary=None)
00:38 INFO    : luminosity_distance=LogUniform(minimum=1, maximum=500, name='luminosity_distance', latex_label='$D_L$', unit=None, boundary=None)
00:38 INFO    : timeshift=0.0
00:38 INFO    : em_syserr=1.0
00:38 INFO    : Ebv=0.0
00:38 INFO    : Analysis likelihood class: <class 'nmma.em.likelihood.OpticalLightCurve'>
00:38 INFO    : Analysis likelihood noise evidence: 0.0
00:39 INFO    : Single likelihood evaluation took 9.432e-02 s
00:39 WARNING : Supplied argument 'queue_size' not an argument of 'Pymultinest', removing.
00:39 WARNING : Supplied argument 'check_point_delta_t' not an argument of 'Pymultinest', removing.
00:39 INFO    : Using sampler Pymultinest with kwargs {'importance_nested_sampling': False, 'resume': True, 'verbose': True, 'sampling_efficiency': 'parameter', 'n_live_points': 2048, 'n_params': 5, 'n_clustering_params': None, 'wrapped_params': None, 'multimodal': True, 'const_efficiency_mode': False, 'evidence_tolerance': 0.5, 'n_iter_before_update': 100, 'null_log_evidence': -1e+90, 'max_modes': 100, 'mode_tolerance': -1e+90, 'seed': 42, 'context': 0, 'write_output': True, 'log_zero': -1e+100, 'max_iter': 0, 'init_MPI': False, 'dump_callback': <bound method Pymultinest._dump_callback of <bilby.core.sampler.pymultinest.Pymultinest object at 0x1555303cbeb0>>}
00:39 INFO    : Temporary directory incompatible with MPI, will run in original directory
00:39 INFO    : Using output file outdirBNSBu32cores/pm_Simu2019lm/
00:39 INFO    : Single likelihood evaluation took 1.626e-01 s
00:39 INFO    : Single likelihood evaluation took 1.627e-01 s
00:39 INFO    : Single likelihood evaluation took 1.637e-01 s
00:39 WARNING : Supplied argument 'queue_size' not an argument of 'Pymultinest', removing.
00:39 WARNING : Supplied argument 'check_point_delta_t' not an argument of 'Pymultinest', removing.
00:39 INFO    : Using sampler Pymultinest with kwargs {'importance_nested_sampling': False, 'resume': True, 'verbose': True, 'sampling_efficiency': 'parameter', 'n_live_points': 2048, 'n_params': 5, 'n_clustering_params': None, 'wrapped_params': None, 'multimodal': True, 'const_efficiency_mode': False, 'evidence_tolerance': 0.5, 'n_iter_before_update': 100, 'null_log_evidence': -1e+90, 'max_modes': 100, 'mode_tolerance': -1e+90, 'seed': 42, 'context': 0, 'write_output': True, 'log_zero': -1e+100, 'max_iter': 0, 'init_MPI': False, 'dump_callback': <bound method Pymultinest._dump_callback of <bilby.core.sampler.pymultinest.Pymultinest object at 0x1555303cbf40>>}
00:39 INFO    : Temporary directory incompatible with MPI, will run in original directory
00:39 INFO    : Using output file outdirBNSBu32cores/pm_Simu2019lm/
00:39 INFO    : Single likelihood evaluation took 1.641e-01 s
00:39 WARNING : Supplied argument 'queue_size' not an argument of 'Pymultinest', removing.
00:39 WARNING : Supplied argument 'check_point_delta_t' not an argument of 'Pymultinest', removing.
00:39 INFO    : Using sampler Pymultinest with kwargs {'importance_nested_sampling': False, 'resume': True, 'verbose': True, 'sampling_efficiency': 'parameter', 'n_live_points': 2048, 'n_params': 5, 'n_clustering_params': None, 'wrapped_params': None, 'multimodal': True, 'const_efficiency_mode': False, 'evidence_tolerance': 0.5, 'n_iter_before_update': 100, 'null_log_evidence': -1e+90, 'max_modes': 100, 'mode_tolerance': -1e+90, 'seed': 42, 'context': 0, 'write_output': True, 'log_zero': -1e+100, 'max_iter': 0, 'init_MPI': False, 'dump_callback': <bound method Pymultinest._dump_callback of <bilby.core.sampler.pymultinest.Pymultinest object at 0x1555303c7f40>>}
00:39 INFO    : Temporary directory incompatible with MPI, will run in original directory
00:39 INFO    : Using output file outdirBNSBu32cores/pm_Simu2019lm/
00:39 WARNING : Supplied argument 'queue_size' not an argument of 'Pymultinest', removing.
00:39 WARNING : Supplied argument 'check_point_delta_t' not an argument of 'Pymultinest', removing.
00:39 INFO    : Using sampler Pymultinest with kwargs {'importance_nested_sampling': False, 'resume': True, 'verbose': True, 'sampling_efficiency': 'parameter', 'n_live_points': 2048, 'n_params': 5, 'n_clustering_params': None, 'wrapped_params': None, 'multimodal': True, 'const_efficiency_mode': False, 'evidence_tolerance': 0.5, 'n_iter_before_update': 100, 'null_log_evidence': -1e+90, 'max_modes': 100, 'mode_tolerance': -1e+90, 'seed': 42, 'context': 0, 'write_output': True, 'log_zero': -1e+100, 'max_iter': 0, 'init_MPI': False, 'dump_callback': <bound method Pymultinest._dump_callback of <bilby.core.sampler.pymultinest.Pymultinest object at 0x1555303cbee0>>}
00:39 INFO    : Temporary directory incompatible with MPI, will run in original directory
00:39 INFO    : Using output file outdirBNSBu32cores/pm_Simu2019lm/
00:39 WARNING : Supplied argument 'queue_size' not an argument of 'Pymultinest', removing.
00:39 WARNING : Supplied argument 'check_point_delta_t' not an argument of 'Pymultinest', removing.
00:39 INFO    : Using sampler Pymultinest with kwargs {'importance_nested_sampling': False, 'resume': True, 'verbose': True, 'sampling_efficiency': 'parameter', 'n_live_points': 2048, 'n_params': 5, 'n_clustering_params': None, 'wrapped_params': None, 'multimodal': True, 'const_efficiency_mode': False, 'evidence_tolerance': 0.5, 'n_iter_before_update': 100, 'null_log_evidence': -1e+90, 'max_modes': 100, 'mode_tolerance': -1e+90, 'seed': 42, 'context': 0, 'write_output': True, 'log_zero': -1e+100, 'max_iter': 0, 'init_MPI': False, 'dump_callback': <bound method Pymultinest._dump_callback of <bilby.core.sampler.pymultinest.Pymultinest object at 0x155530e0b670>>}
00:39 INFO    : Temporary directory incompatible with MPI, will run in original directory
00:39 INFO    : Using output file outdirBNSBu32cores/pm_Simu2019lm/
00:39 INFO    : Single likelihood evaluation took 1.790e-01 s
00:39 INFO    : Single likelihood evaluation took 1.805e-01 s
00:39 INFO    : Single likelihood evaluation took 1.805e-01 s
00:39 WARNING : Supplied argument 'queue_size' not an argument of 'Pymultinest', removing.
00:39 WARNING : Supplied argument 'check_point_delta_t' not an argument of 'Pymultinest', removing.
00:39 INFO    : Using sampler Pymultinest with kwargs {'importance_nested_sampling': False, 'resume': True, 'verbose': True, 'sampling_efficiency': 'parameter', 'n_live_points': 2048, 'n_params': 5, 'n_clustering_params': None, 'wrapped_params': None, 'multimodal': True, 'const_efficiency_mode': False, 'evidence_tolerance': 0.5, 'n_iter_before_update': 100, 'null_log_evidence': -1e+90, 'max_modes': 100, 'mode_tolerance': -1e+90, 'seed': 42, 'context': 0, 'write_output': True, 'log_zero': -1e+100, 'max_iter': 0, 'init_MPI': False, 'dump_callback': <bound method Pymultinest._dump_callback of <bilby.core.sampler.pymultinest.Pymultinest object at 0x155516bbfeb0>>}
00:39 INFO    : Temporary directory incompatible with MPI, will run in original directory
00:39 INFO    : Using output file outdirBNSBu32cores/pm_Simu2019lm/
00:39 WARNING : Supplied argument 'queue_size' not an argument of 'Pymultinest', removing.
00:39 WARNING : Supplied argument 'check_point_delta_t' not an argument of 'Pymultinest', removing.
00:39 WARNING : Supplied argument 'queue_size' not an argument of 'Pymultinest', removing.
00:39 WARNING : Supplied argument 'check_point_delta_t' not an argument of 'Pymultinest', removing.
00:39 INFO    : Using sampler Pymultinest with kwargs {'importance_nested_sampling': False, 'resume': True, 'verbose': True, 'sampling_efficiency': 'parameter', 'n_live_points': 2048, 'n_params': 5, 'n_clustering_params': None, 'wrapped_params': None, 'multimodal': True, 'const_efficiency_mode': False, 'evidence_tolerance': 0.5, 'n_iter_before_update': 100, 'null_log_evidence': -1e+90, 'max_modes': 100, 'mode_tolerance': -1e+90, 'seed': 42, 'context': 0, 'write_output': True, 'log_zero': -1e+100, 'max_iter': 0, 'init_MPI': False, 'dump_callback': <bound method Pymultinest._dump_callback of <bilby.core.sampler.pymultinest.Pymultinest object at 0x155516bbfeb0>>}
00:39 INFO    : Using sampler Pymultinest with kwargs {'importance_nested_sampling': False, 'resume': True, 'verbose': True, 'sampling_efficiency': 'parameter', 'n_live_points': 2048, 'n_params': 5, 'n_clustering_params': None, 'wrapped_params': None, 'multimodal': True, 'const_efficiency_mode': False, 'evidence_tolerance': 0.5, 'n_iter_before_update': 100, 'null_log_evidence': -1e+90, 'max_modes': 100, 'mode_tolerance': -1e+90, 'seed': 42, 'context': 0, 'write_output': True, 'log_zero': -1e+100, 'max_iter': 0, 'init_MPI': False, 'dump_callback': <bound method Pymultinest._dump_callback of <bilby.core.sampler.pymultinest.Pymultinest object at 0x155516bbfe80>>}
00:39 INFO    : Temporary directory incompatible with MPI, will run in original directory
00:39 INFO    : Temporary directory incompatible with MPI, will run in original directory
00:39 INFO    : Using output file outdirBNSBu32cores/pm_Simu2019lm/
00:39 INFO    : Using output file outdirBNSBu32cores/pm_Simu2019lm/
00:39 INFO    : Single likelihood evaluation took 2.884e-01 s
00:39 INFO    : Single likelihood evaluation took 2.895e-01 s
00:39 INFO    : Single likelihood evaluation took 2.896e-01 s
00:39 INFO    : Single likelihood evaluation took 2.898e-01 s
00:39 WARNING : Supplied argument 'queue_size' not an argument of 'Pymultinest', removing.
00:39 WARNING : Supplied argument 'check_point_delta_t' not an argument of 'Pymultinest', removing.
00:39 INFO    : Using sampler Pymultinest with kwargs {'importance_nested_sampling': False, 'resume': True, 'verbose': True, 'sampling_efficiency': 'parameter', 'n_live_points': 2048, 'n_params': 5, 'n_clustering_params': None, 'wrapped_params': None, 'multimodal': True, 'const_efficiency_mode': False, 'evidence_tolerance': 0.5, 'n_iter_before_update': 100, 'null_log_evidence': -1e+90, 'max_modes': 100, 'mode_tolerance': -1e+90, 'seed': 42, 'context': 0, 'write_output': True, 'log_zero': -1e+100, 'max_iter': 0, 'init_MPI': False, 'dump_callback': <bound method Pymultinest._dump_callback of <bilby.core.sampler.pymultinest.Pymultinest object at 0x155516bc3f40>>}
00:39 INFO    : Temporary directory incompatible with MPI, will run in original directory
00:39 INFO    : Using output file outdirBNSBu32cores/pm_Simu2019lm/
00:39 INFO    : Single likelihood evaluation took 2.906e-01 s
00:39 INFO    : Single likelihood evaluation took 2.907e-01 s
00:39 WARNING : Supplied argument 'queue_size' not an argument of 'Pymultinest', removing.
00:39 WARNING : Supplied argument 'check_point_delta_t' not an argument of 'Pymultinest', removing.
00:39 INFO    : Using sampler Pymultinest with kwargs {'importance_nested_sampling': False, 'resume': True, 'verbose': True, 'sampling_efficiency': 'parameter', 'n_live_points': 2048, 'n_params': 5, 'n_clustering_params': None, 'wrapped_params': None, 'multimodal': True, 'const_efficiency_mode': False, 'evidence_tolerance': 0.5, 'n_iter_before_update': 100, 'null_log_evidence': -1e+90, 'max_modes': 100, 'mode_tolerance': -1e+90, 'seed': 42, 'context': 0, 'write_output': True, 'log_zero': -1e+100, 'max_iter': 0, 'init_MPI': False, 'dump_callback': <bound method Pymultinest._dump_callback of <bilby.core.sampler.pymultinest.Pymultinest object at 0x155516bbbee0>>}
00:39 INFO    : Temporary directory incompatible with MPI, will run in original directory
00:39 INFO    : Using output file outdirBNSBu32cores/pm_Simu2019lm/
00:39 INFO    : Single likelihood evaluation took 2.912e-01 s
00:39 INFO    : Single likelihood evaluation took 2.912e-01 s
00:39 WARNING : Supplied argument 'queue_size' not an argument of 'Pymultinest', removing.
00:39 WARNING : Supplied argument 'check_point_delta_t' not an argument of 'Pymultinest', removing.
00:39 INFO    : Using sampler Pymultinest with kwargs {'importance_nested_sampling': False, 'resume': True, 'verbose': True, 'sampling_efficiency': 'parameter', 'n_live_points': 2048, 'n_params': 5, 'n_clustering_params': None, 'wrapped_params': None, 'multimodal': True, 'const_efficiency_mode': False, 'evidence_tolerance': 0.5, 'n_iter_before_update': 100, 'null_log_evidence': -1e+90, 'max_modes': 100, 'mode_tolerance': -1e+90, 'seed': 42, 'context': 0, 'write_output': True, 'log_zero': -1e+100, 'max_iter': 0, 'init_MPI': False, 'dump_callback': <bound method Pymultinest._dump_callback of <bilby.core.sampler.pymultinest.Pymultinest object at 0x155516bbbfa0>>}
00:39 INFO    : Temporary directory incompatible with MPI, will run in original directory
00:39 INFO    : Using output file outdirBNSBu32cores/pm_Simu2019lm/
00:39 WARNING : Supplied argument 'queue_size' not an argument of 'Pymultinest', removing.
00:39 WARNING : Supplied argument 'check_point_delta_t' not an argument of 'Pymultinest', removing.
00:39 INFO    : Using sampler Pymultinest with kwargs {'importance_nested_sampling': False, 'resume': True, 'verbose': True, 'sampling_efficiency': 'parameter', 'n_live_points': 2048, 'n_params': 5, 'n_clustering_params': None, 'wrapped_params': None, 'multimodal': True, 'const_efficiency_mode': False, 'evidence_tolerance': 0.5, 'n_iter_before_update': 100, 'null_log_evidence': -1e+90, 'max_modes': 100, 'mode_tolerance': -1e+90, 'seed': 42, 'context': 0, 'write_output': True, 'log_zero': -1e+100, 'max_iter': 0, 'init_MPI': False, 'dump_callback': <bound method Pymultinest._dump_callback of <bilby.core.sampler.pymultinest.Pymultinest object at 0x155516bbff40>>}
00:39 INFO    : Temporary directory incompatible with MPI, will run in original directory
00:39 INFO    : Using output file outdirBNSBu32cores/pm_Simu2019lm/
00:39 WARNING : Supplied argument 'queue_size' not an argument of 'Pymultinest', removing.
00:39 WARNING : Supplied argument 'check_point_delta_t' not an argument of 'Pymultinest', removing.
00:39 INFO    : Using sampler Pymultinest with kwargs {'importance_nested_sampling': False, 'resume': True, 'verbose': True, 'sampling_efficiency': 'parameter', 'n_live_points': 2048, 'n_params': 5, 'n_clustering_params': None, 'wrapped_params': None, 'multimodal': True, 'const_efficiency_mode': False, 'evidence_tolerance': 0.5, 'n_iter_before_update': 100, 'null_log_evidence': -1e+90, 'max_modes': 100, 'mode_tolerance': -1e+90, 'seed': 42, 'context': 0, 'write_output': True, 'log_zero': -1e+100, 'max_iter': 0, 'init_MPI': False, 'dump_callback': <bound method Pymultinest._dump_callback of <bilby.core.sampler.pymultinest.Pymultinest object at 0x155516bbbeb0>>}
00:39 INFO    : Temporary directory incompatible with MPI, will run in original directory
00:39 INFO    : Using output file outdirBNSBu32cores/pm_Simu2019lm/
00:39 WARNING : Supplied argument 'queue_size' not an argument of 'Pymultinest', removing.
00:39 WARNING : Supplied argument 'check_point_delta_t' not an argument of 'Pymultinest', removing.
00:39 INFO    : Using sampler Pymultinest with kwargs {'importance_nested_sampling': False, 'resume': True, 'verbose': True, 'sampling_efficiency': 'parameter', 'n_live_points': 2048, 'n_params': 5, 'n_clustering_params': None, 'wrapped_params': None, 'multimodal': True, 'const_efficiency_mode': False, 'evidence_tolerance': 0.5, 'n_iter_before_update': 100, 'null_log_evidence': -1e+90, 'max_modes': 100, 'mode_tolerance': -1e+90, 'seed': 42, 'context': 0, 'write_output': True, 'log_zero': -1e+100, 'max_iter': 0, 'init_MPI': False, 'dump_callback': <bound method Pymultinest._dump_callback of <bilby.core.sampler.pymultinest.Pymultinest object at 0x155516bbff40>>}
00:39 INFO    : Temporary directory incompatible with MPI, will run in original directory
00:39 INFO    : Using output file outdirBNSBu32cores/pm_Simu2019lm/
00:39 WARNING : Supplied argument 'queue_size' not an argument of 'Pymultinest', removing.
00:39 WARNING : Supplied argument 'check_point_delta_t' not an argument of 'Pymultinest', removing.
00:39 INFO    : Using sampler Pymultinest with kwargs {'importance_nested_sampling': False, 'resume': True, 'verbose': True, 'sampling_efficiency': 'parameter', 'n_live_points': 2048, 'n_params': 5, 'n_clustering_params': None, 'wrapped_params': None, 'multimodal': True, 'const_efficiency_mode': False, 'evidence_tolerance': 0.5, 'n_iter_before_update': 100, 'null_log_evidence': -1e+90, 'max_modes': 100, 'mode_tolerance': -1e+90, 'seed': 42, 'context': 0, 'write_output': True, 'log_zero': -1e+100, 'max_iter': 0, 'init_MPI': False, 'dump_callback': <bound method Pymultinest._dump_callback of <bilby.core.sampler.pymultinest.Pymultinest object at 0x155516bbbf10>>}
00:39 INFO    : Temporary directory incompatible with MPI, will run in original directory
00:39 INFO    : Using output file outdirBNSBu32cores/pm_Simu2019lm/
00:39 WARNING : Supplied argument 'queue_size' not an argument of 'Pymultinest', removing.
00:39 WARNING : Supplied argument 'check_point_delta_t' not an argument of 'Pymultinest', removing.
00:39 INFO    : Using sampler Pymultinest with kwargs {'importance_nested_sampling': False, 'resume': True, 'verbose': True, 'sampling_efficiency': 'parameter', 'n_live_points': 2048, 'n_params': 5, 'n_clustering_params': None, 'wrapped_params': None, 'multimodal': True, 'const_efficiency_mode': False, 'evidence_tolerance': 0.5, 'n_iter_before_update': 100, 'null_log_evidence': -1e+90, 'max_modes': 100, 'mode_tolerance': -1e+90, 'seed': 42, 'context': 0, 'write_output': True, 'log_zero': -1e+100, 'max_iter': 0, 'init_MPI': False, 'dump_callback': <bound method Pymultinest._dump_callback of <bilby.core.sampler.pymultinest.Pymultinest object at 0x155517603b80>>}
00:39 INFO    : Temporary directory incompatible with MPI, will run in original directory
00:39 INFO    : Using output file outdirBNSBu32cores/pm_Simu2019lm/
00:39 INFO    : Single likelihood evaluation took 3.670e-01 s
00:39 INFO    : Single likelihood evaluation took 3.677e-01 s
00:39 WARNING : Supplied argument 'queue_size' not an argument of 'Pymultinest', removing.
00:39 WARNING : Supplied argument 'check_point_delta_t' not an argument of 'Pymultinest', removing.
00:39 INFO    : Using sampler Pymultinest with kwargs {'importance_nested_sampling': False, 'resume': True, 'verbose': True, 'sampling_efficiency': 'parameter', 'n_live_points': 2048, 'n_params': 5, 'n_clustering_params': None, 'wrapped_params': None, 'multimodal': True, 'const_efficiency_mode': False, 'evidence_tolerance': 0.5, 'n_iter_before_update': 100, 'null_log_evidence': -1e+90, 'max_modes': 100, 'mode_tolerance': -1e+90, 'seed': 42, 'context': 0, 'write_output': True, 'log_zero': -1e+100, 'max_iter': 0, 'init_MPI': False, 'dump_callback': <bound method Pymultinest._dump_callback of <bilby.core.sampler.pymultinest.Pymultinest object at 0x1555017bbfa0>>}
00:39 INFO    : Temporary directory incompatible with MPI, will run in original directory
00:39 INFO    : Using output file outdirBNSBu32cores/pm_Simu2019lm/
00:39 WARNING : Supplied argument 'queue_size' not an argument of 'Pymultinest', removing.
00:39 WARNING : Supplied argument 'check_point_delta_t' not an argument of 'Pymultinest', removing.
00:39 INFO    : Using sampler Pymultinest with kwargs {'importance_nested_sampling': False, 'resume': True, 'verbose': True, 'sampling_efficiency': 'parameter', 'n_live_points': 2048, 'n_params': 5, 'n_clustering_params': None, 'wrapped_params': None, 'multimodal': True, 'const_efficiency_mode': False, 'evidence_tolerance': 0.5, 'n_iter_before_update': 100, 'null_log_evidence': -1e+90, 'max_modes': 100, 'mode_tolerance': -1e+90, 'seed': 42, 'context': 0, 'write_output': True, 'log_zero': -1e+100, 'max_iter': 0, 'init_MPI': False, 'dump_callback': <bound method Pymultinest._dump_callback of <bilby.core.sampler.pymultinest.Pymultinest object at 0x1555017b7eb0>>}
00:39 INFO    : Temporary directory incompatible with MPI, will run in original directory
00:39 INFO    : Using output file outdirBNSBu32cores/pm_Simu2019lm/
00:39 INFO    : Single likelihood evaluation took 3.709e-01 s
00:39 INFO    : Single likelihood evaluation took 3.713e-01 s
00:39 WARNING : Supplied argument 'queue_size' not an argument of 'Pymultinest', removing.
00:39 WARNING : Supplied argument 'check_point_delta_t' not an argument of 'Pymultinest', removing.
00:39 INFO    : Using sampler Pymultinest with kwargs {'importance_nested_sampling': False, 'resume': True, 'verbose': True, 'sampling_efficiency': 'parameter', 'n_live_points': 2048, 'n_params': 5, 'n_clustering_params': None, 'wrapped_params': None, 'multimodal': True, 'const_efficiency_mode': False, 'evidence_tolerance': 0.5, 'n_iter_before_update': 100, 'null_log_evidence': -1e+90, 'max_modes': 100, 'mode_tolerance': -1e+90, 'seed': 42, 'context': 0, 'write_output': True, 'log_zero': -1e+100, 'max_iter': 0, 'init_MPI': False, 'dump_callback': <bound method Pymultinest._dump_callback of <bilby.core.sampler.pymultinest.Pymultinest object at 0x1555017bff40>>}
00:39 INFO    : Temporary directory incompatible with MPI, will run in original directory
00:39 INFO    : Using output file outdirBNSBu32cores/pm_Simu2019lm/
00:39 INFO    : Single likelihood evaluation took 3.733e-01 s
00:39 WARNING : Supplied argument 'queue_size' not an argument of 'Pymultinest', removing.
00:39 WARNING : Supplied argument 'check_point_delta_t' not an argument of 'Pymultinest', removing.
00:39 INFO    : Using sampler Pymultinest with kwargs {'importance_nested_sampling': False, 'resume': True, 'verbose': True, 'sampling_efficiency': 'parameter', 'n_live_points': 2048, 'n_params': 5, 'n_clustering_params': None, 'wrapped_params': None, 'multimodal': True, 'const_efficiency_mode': False, 'evidence_tolerance': 0.5, 'n_iter_before_update': 100, 'null_log_evidence': -1e+90, 'max_modes': 100, 'mode_tolerance': -1e+90, 'seed': 42, 'context': 0, 'write_output': True, 'log_zero': -1e+100, 'max_iter': 0, 'init_MPI': False, 'dump_callback': <bound method Pymultinest._dump_callback of <bilby.core.sampler.pymultinest.Pymultinest object at 0x15550178f6d0>>}
00:39 INFO    : Temporary directory incompatible with MPI, will run in original directory
00:39 INFO    : Using output file outdirBNSBu32cores/pm_Simu2019lm/
00:39 INFO    : Single likelihood evaluation took 3.741e-01 s
00:39 INFO    : Single likelihood evaluation took 3.739e-01 s
00:39 INFO    : Single likelihood evaluation took 3.738e-01 s
00:39 INFO    : Single likelihood evaluation took 3.738e-01 s
00:39 INFO    : Single likelihood evaluation took 3.738e-01 s
00:39 INFO    : Single likelihood evaluation took 3.737e-01 s
00:39 INFO    : Single likelihood evaluation took 3.740e-01 s
00:39 WARNING : Supplied argument 'queue_size' not an argument of 'Pymultinest', removing.
00:39 WARNING : Supplied argument 'check_point_delta_t' not an argument of 'Pymultinest', removing.
00:39 INFO    : Using sampler Pymultinest with kwargs {'importance_nested_sampling': False, 'resume': True, 'verbose': True, 'sampling_efficiency': 'parameter', 'n_live_points': 2048, 'n_params': 5, 'n_clustering_params': None, 'wrapped_params': None, 'multimodal': True, 'const_efficiency_mode': False, 'evidence_tolerance': 0.5, 'n_iter_before_update': 100, 'null_log_evidence': -1e+90, 'max_modes': 100, 'mode_tolerance': -1e+90, 'seed': 42, 'context': 0, 'write_output': True, 'log_zero': -1e+100, 'max_iter': 0, 'init_MPI': False, 'dump_callback': <bound method Pymultinest._dump_callback of <bilby.core.sampler.pymultinest.Pymultinest object at 0x1555017bbfa0>>}
00:39 INFO    : Temporary directory incompatible with MPI, will run in original directory
00:39 INFO    : Using output file outdirBNSBu32cores/pm_Simu2019lm/
00:39 WARNING : Supplied argument 'queue_size' not an argument of 'Pymultinest', removing.
00:39 WARNING : Supplied argument 'check_point_delta_t' not an argument of 'Pymultinest', removing.
00:39 INFO    : Using sampler Pymultinest with kwargs {'importance_nested_sampling': False, 'resume': True, 'verbose': True, 'sampling_efficiency': 'parameter', 'n_live_points': 2048, 'n_params': 5, 'n_clustering_params': None, 'wrapped_params': None, 'multimodal': True, 'const_efficiency_mode': False, 'evidence_tolerance': 0.5, 'n_iter_before_update': 100, 'null_log_evidence': -1e+90, 'max_modes': 100, 'mode_tolerance': -1e+90, 'seed': 42, 'context': 0, 'write_output': True, 'log_zero': -1e+100, 'max_iter': 0, 'init_MPI': False, 'dump_callback': <bound method Pymultinest._dump_callback of <bilby.core.sampler.pymultinest.Pymultinest object at 0x1555017bfee0>>}
00:39 INFO    : Temporary directory incompatible with MPI, will run in original directory
00:39 INFO    : Using output file outdirBNSBu32cores/pm_Simu2019lm/
00:39 WARNING : Supplied argument 'queue_size' not an argument of 'Pymultinest', removing.
00:39 WARNING : Supplied argument 'check_point_delta_t' not an argument of 'Pymultinest', removing.
00:39 INFO    : Using sampler Pymultinest with kwargs {'importance_nested_sampling': False, 'resume': True, 'verbose': True, 'sampling_efficiency': 'parameter', 'n_live_points': 2048, 'n_params': 5, 'n_clustering_params': None, 'wrapped_params': None, 'multimodal': True, 'const_efficiency_mode': False, 'evidence_tolerance': 0.5, 'n_iter_before_update': 100, 'null_log_evidence': -1e+90, 'max_modes': 100, 'mode_tolerance': -1e+90, 'seed': 42, 'context': 0, 'write_output': True, 'log_zero': -1e+100, 'max_iter': 0, 'init_MPI': False, 'dump_callback': <bound method Pymultinest._dump_callback of <bilby.core.sampler.pymultinest.Pymultinest object at 0x15550178b670>>}
00:39 INFO    : Temporary directory incompatible with MPI, will run in original directory
00:39 INFO    : Using output file outdirBNSBu32cores/pm_Simu2019lm/
00:39 WARNING : Supplied argument 'queue_size' not an argument of 'Pymultinest', removing.
00:39 WARNING : Supplied argument 'check_point_delta_t' not an argument of 'Pymultinest', removing.
00:39 INFO    : Using sampler Pymultinest with kwargs {'importance_nested_sampling': False, 'resume': True, 'verbose': True, 'sampling_efficiency': 'parameter', 'n_live_points': 2048, 'n_params': 5, 'n_clustering_params': None, 'wrapped_params': None, 'multimodal': True, 'const_efficiency_mode': False, 'evidence_tolerance': 0.5, 'n_iter_before_update': 100, 'null_log_evidence': -1e+90, 'max_modes': 100, 'mode_tolerance': -1e+90, 'seed': 42, 'context': 0, 'write_output': True, 'log_zero': -1e+100, 'max_iter': 0, 'init_MPI': False, 'dump_callback': <bound method Pymultinest._dump_callback of <bilby.core.sampler.pymultinest.Pymultinest object at 0x1555017bff40>>}
00:39 INFO    : Temporary directory incompatible with MPI, will run in original directory
00:39 INFO    : Using output file outdirBNSBu32cores/pm_Simu2019lm/
00:39 WARNING : Supplied argument 'queue_size' not an argument of 'Pymultinest', removing.
00:39 WARNING : Supplied argument 'check_point_delta_t' not an argument of 'Pymultinest', removing.
00:39 INFO    : Using sampler Pymultinest with kwargs {'importance_nested_sampling': False, 'resume': True, 'verbose': True, 'sampling_efficiency': 'parameter', 'n_live_points': 2048, 'n_params': 5, 'n_clustering_params': None, 'wrapped_params': None, 'multimodal': True, 'const_efficiency_mode': False, 'evidence_tolerance': 0.5, 'n_iter_before_update': 100, 'null_log_evidence': -1e+90, 'max_modes': 100, 'mode_tolerance': -1e+90, 'seed': 42, 'context': 0, 'write_output': True, 'log_zero': -1e+100, 'max_iter': 0, 'init_MPI': False, 'dump_callback': <bound method Pymultinest._dump_callback of <bilby.core.sampler.pymultinest.Pymultinest object at 0x1555017bbf70>>}
00:39 INFO    : Temporary directory incompatible with MPI, will run in original directory
00:39 INFO    : Using output file outdirBNSBu32cores/pm_Simu2019lm/
00:39 WARNING : Supplied argument 'queue_size' not an argument of 'Pymultinest', removing.
00:39 WARNING : Supplied argument 'check_point_delta_t' not an argument of 'Pymultinest', removing.
00:39 INFO    : Using sampler Pymultinest with kwargs {'importance_nested_sampling': False, 'resume': True, 'verbose': True, 'sampling_efficiency': 'parameter', 'n_live_points': 2048, 'n_params': 5, 'n_clustering_params': None, 'wrapped_params': None, 'multimodal': True, 'const_efficiency_mode': False, 'evidence_tolerance': 0.5, 'n_iter_before_update': 100, 'null_log_evidence': -1e+90, 'max_modes': 100, 'mode_tolerance': -1e+90, 'seed': 42, 'context': 0, 'write_output': True, 'log_zero': -1e+100, 'max_iter': 0, 'init_MPI': False, 'dump_callback': <bound method Pymultinest._dump_callback of <bilby.core.sampler.pymultinest.Pymultinest object at 0x1555017bbf10>>}
00:39 INFO    : Temporary directory incompatible with MPI, will run in original directory
00:39 INFO    : Using output file outdirBNSBu32cores/pm_Simu2019lm/
00:39 WARNING : Supplied argument 'queue_size' not an argument of 'Pymultinest', removing.
00:39 WARNING : Supplied argument 'check_point_delta_t' not an argument of 'Pymultinest', removing.
00:39 INFO    : Using sampler Pymultinest with kwargs {'importance_nested_sampling': False, 'resume': True, 'verbose': True, 'sampling_efficiency': 'parameter', 'n_live_points': 2048, 'n_params': 5, 'n_clustering_params': None, 'wrapped_params': None, 'multimodal': True, 'const_efficiency_mode': False, 'evidence_tolerance': 0.5, 'n_iter_before_update': 100, 'null_log_evidence': -1e+90, 'max_modes': 100, 'mode_tolerance': -1e+90, 'seed': 42, 'context': 0, 'write_output': True, 'log_zero': -1e+100, 'max_iter': 0, 'init_MPI': False, 'dump_callback': <bound method Pymultinest._dump_callback of <bilby.core.sampler.pymultinest.Pymultinest object at 0x1555017b7f10>>}
00:39 INFO    : Temporary directory incompatible with MPI, will run in original directory
00:39 INFO    : Using output file outdirBNSBu32cores/pm_Simu2019lm/
00:39 WARNING : Supplied argument 'queue_size' not an argument of 'Pymultinest', removing.
00:39 WARNING : Supplied argument 'check_point_delta_t' not an argument of 'Pymultinest', removing.
00:39 INFO    : Using sampler Pymultinest with kwargs {'importance_nested_sampling': False, 'resume': True, 'verbose': True, 'sampling_efficiency': 'parameter', 'n_live_points': 2048, 'n_params': 5, 'n_clustering_params': None, 'wrapped_params': None, 'multimodal': True, 'const_efficiency_mode': False, 'evidence_tolerance': 0.5, 'n_iter_before_update': 100, 'null_log_evidence': -1e+90, 'max_modes': 100, 'mode_tolerance': -1e+90, 'seed': 42, 'context': 0, 'write_output': True, 'log_zero': -1e+100, 'max_iter': 0, 'init_MPI': False, 'dump_callback': <bound method Pymultinest._dump_callback of <bilby.core.sampler.pymultinest.Pymultinest object at 0x1555017bbf40>>}
00:39 INFO    : Temporary directory incompatible with MPI, will run in original directory
00:39 INFO    : Using output file outdirBNSBu32cores/pm_Simu2019lm/
00:39 INFO    : Single likelihood evaluation took 3.771e-01 s
00:39 INFO    : Single likelihood evaluation took 3.774e-01 s
00:39 INFO    : Single likelihood evaluation took 3.774e-01 s
00:39 INFO    : Single likelihood evaluation took 3.770e-01 s
00:39 WARNING : Supplied argument 'queue_size' not an argument of 'Pymultinest', removing.
00:39 WARNING : Supplied argument 'check_point_delta_t' not an argument of 'Pymultinest', removing.
00:39 INFO    : Using sampler Pymultinest with kwargs {'importance_nested_sampling': False, 'resume': True, 'verbose': True, 'sampling_efficiency': 'parameter', 'n_live_points': 2048, 'n_params': 5, 'n_clustering_params': None, 'wrapped_params': None, 'multimodal': True, 'const_efficiency_mode': False, 'evidence_tolerance': 0.5, 'n_iter_before_update': 100, 'null_log_evidence': -1e+90, 'max_modes': 100, 'mode_tolerance': -1e+90, 'seed': 42, 'context': 0, 'write_output': True, 'log_zero': -1e+100, 'max_iter': 0, 'init_MPI': False, 'dump_callback': <bound method Pymultinest._dump_callback of <bilby.core.sampler.pymultinest.Pymultinest object at 0x1555017b7ee0>>}
00:39 INFO    : Temporary directory incompatible with MPI, will run in original directory
00:39 INFO    : Using output file outdirBNSBu32cores/pm_Simu2019lm/
00:39 WARNING : Supplied argument 'queue_size' not an argument of 'Pymultinest', removing.
00:39 WARNING : Supplied argument 'check_point_delta_t' not an argument of 'Pymultinest', removing.
00:39 INFO    : Using sampler Pymultinest with kwargs {'importance_nested_sampling': False, 'resume': True, 'verbose': True, 'sampling_efficiency': 'parameter', 'n_live_points': 2048, 'n_params': 5, 'n_clustering_params': None, 'wrapped_params': None, 'multimodal': True, 'const_efficiency_mode': False, 'evidence_tolerance': 0.5, 'n_iter_before_update': 100, 'null_log_evidence': -1e+90, 'max_modes': 100, 'mode_tolerance': -1e+90, 'seed': 42, 'context': 0, 'write_output': True, 'log_zero': -1e+100, 'max_iter': 0, 'init_MPI': False, 'dump_callback': <bound method Pymultinest._dump_callback of <bilby.core.sampler.pymultinest.Pymultinest object at 0x1555017bfeb0>>}
00:39 INFO    : Temporary directory incompatible with MPI, will run in original directory
00:39 INFO    : Using output file outdirBNSBu32cores/pm_Simu2019lm/
00:39 WARNING : Supplied argument 'queue_size' not an argument of 'Pymultinest', removing.
00:39 WARNING : Supplied argument 'check_point_delta_t' not an argument of 'Pymultinest', removing.
00:39 INFO    : Using sampler Pymultinest with kwargs {'importance_nested_sampling': False, 'resume': True, 'verbose': True, 'sampling_efficiency': 'parameter', 'n_live_points': 2048, 'n_params': 5, 'n_clustering_params': None, 'wrapped_params': None, 'multimodal': True, 'const_efficiency_mode': False, 'evidence_tolerance': 0.5, 'n_iter_before_update': 100, 'null_log_evidence': -1e+90, 'max_modes': 100, 'mode_tolerance': -1e+90, 'seed': 42, 'context': 0, 'write_output': True, 'log_zero': -1e+100, 'max_iter': 0, 'init_MPI': False, 'dump_callback': <bound method Pymultinest._dump_callback of <bilby.core.sampler.pymultinest.Pymultinest object at 0x1555017bbf10>>}
00:39 INFO    : Temporary directory incompatible with MPI, will run in original directory
00:39 INFO    : Using output file outdirBNSBu32cores/pm_Simu2019lm/
00:39 WARNING : Supplied argument 'queue_size' not an argument of 'Pymultinest', removing.
00:39 WARNING : Supplied argument 'check_point_delta_t' not an argument of 'Pymultinest', removing.
00:39 INFO    : Using sampler Pymultinest with kwargs {'importance_nested_sampling': False, 'resume': True, 'verbose': True, 'sampling_efficiency': 'parameter', 'n_live_points': 2048, 'n_params': 5, 'n_clustering_params': None, 'wrapped_params': None, 'multimodal': True, 'const_efficiency_mode': False, 'evidence_tolerance': 0.5, 'n_iter_before_update': 100, 'null_log_evidence': -1e+90, 'max_modes': 100, 'mode_tolerance': -1e+90, 'seed': 42, 'context': 0, 'write_output': True, 'log_zero': -1e+100, 'max_iter': 0, 'init_MPI': False, 'dump_callback': <bound method Pymultinest._dump_callback of <bilby.core.sampler.pymultinest.Pymultinest object at 0x1555017bbf10>>}
00:39 INFO    : Temporary directory incompatible with MPI, will run in original directory
00:39 INFO    : Using output file outdirBNSBu32cores/pm_Simu2019lm/
00:53 INFO    : Sampling time: 0:14:01.627600
00:53 INFO    : Sampling time: 0:14:20.671997
00:53 INFO    : Sampling time: 0:14:22.474505
00:53 INFO    : Sampling time: 0:14:20.720106
00:53 INFO    : Sampling time: 0:14:20.672173
00:53 INFO    : Sampling time: 0:14:09.811715
00:53 INFO    : Sampling time: 0:14:09.671373
00:53 INFO    : Sampling time: 0:14:09.677426
00:53 INFO    : Sampling time: 0:14:22.417806
00:53 INFO    : Sampling time: 0:14:09.657398
00:53 INFO    : Sampling time: 0:14:22.489512
00:53 INFO    : Sampling time: 0:14:29.319755
00:53 INFO    : Sampling time: 0:14:22.398731
00:53 INFO    : Sampling time: 0:14:09.583262
00:53 INFO    : Sampling time: 0:14:09.551968
00:53 INFO    : Sampling time: 0:14:01.344653
00:53 INFO    : Sampling time: 0:14:00.809788
00:53 INFO    : Sampling time: 0:14:01.695811
00:53 INFO    : Sampling time: 0:14:01.366376
00:53 INFO    : Sampling time: 0:14:09.554354
00:53 INFO    : Sampling time: 0:14:09.578341
00:53 INFO    : Sampling time: 0:14:00.812940
00:53 INFO    : Sampling time: 0:14:00.806331
00:53 INFO    : Sampling time: 0:14:00.995157
00:53 INFO    : Sampling time: 0:14:01.001936
00:53 INFO    : Sampling time: 0:14:01.073793
00:53 INFO    : Sampling time: 0:14:01.086543
00:53 INFO    : Sampling time: 0:14:01.010295
00:53 INFO    : Sampling time: 0:14:01.045918
00:53 INFO    : Sampling time: 0:14:00.841152
00:53 INFO    : Sampling time: 0:14:01.100129
00:53 INFO    : Sampling time: 0:14:01.112014
00:53 INFO    : Summary of results:
nsamples: 10297
ln_noise_evidence:  0.000
ln_evidence: -96.489 +/-  0.057
ln_bayes_factor: -96.489 +/-  0.057

00:53 INFO    : Summary of results:
nsamples: 10297
ln_noise_evidence:  0.000
ln_evidence: -96.489 +/-  0.057
ln_bayes_factor: -96.489 +/-  0.057

00:53 INFO    : Summary of results:
nsamples: 10297
ln_noise_evidence:  0.000
ln_evidence: -96.489 +/-  0.057
ln_bayes_factor: -96.489 +/-  0.057

00:53 INFO    : Summary of results:
nsamples: 10297
ln_noise_evidence:  0.000
ln_evidence: -96.489 +/-  0.057
ln_bayes_factor: -96.489 +/-  0.057

00:53 INFO    : Summary of results:
nsamples: 10297
ln_noise_evidence:  0.000
ln_evidence: -96.489 +/-  0.057
ln_bayes_factor: -96.489 +/-  0.057

00:53 INFO    : Summary of results:
nsamples: 10297
ln_noise_evidence:  0.000
ln_evidence: -96.489 +/-  0.057
ln_bayes_factor: -96.489 +/-  0.057

00:53 INFO    : Summary of results:
nsamples: 10297
ln_noise_evidence:  0.000
ln_evidence: -96.489 +/-  0.057
ln_bayes_factor: -96.489 +/-  0.057

00:53 INFO    : Summary of results:
nsamples: 10297
ln_noise_evidence:  0.000
ln_evidence: -96.489 +/-  0.057
ln_bayes_factor: -96.489 +/-  0.057

00:53 INFO    : Summary of results:
nsamples: 10297
ln_noise_evidence:  0.000
ln_evidence: -96.489 +/-  0.057
ln_bayes_factor: -96.489 +/-  0.057

00:53 INFO    : Summary of results:
nsamples: 10297
ln_noise_evidence:  0.000
ln_evidence: -96.489 +/-  0.057
ln_bayes_factor: -96.489 +/-  0.057

03:14 INFO    : Running for label 'Simu2019lm', output will be saved to 'outdirBNSBu32cores'
03:14 INFO    : Analysis priors:
03:14 INFO    : KNphi=Uniform(minimum=15.0, maximum=75.0, name='KNphi', latex_label='$\\Phi$', unit=None, boundary=None)
03:14 INFO    : log10_mej_dyn=Uniform(minimum=-3.0, maximum=-1.0, name='log10_mej_dyn', latex_label='$\\log_{10}M^{\\rm{dyn}}_{\\rm{ej}}$', unit=None, boundary='reflective')
03:14 INFO    : log10_mej_wind=Uniform(minimum=-3.0, maximum=-0.5, name='log10_mej_wind', latex_label='$\\log_{10}M^{\\rm{wind}}_{\\rm{ej}}$', unit=None, boundary='reflective')
03:14 INFO    : inclination_EM=Sine(minimum=0.0, maximum=1.5707963267948966, name='inclination_EM', latex_label='$\\iota$', unit=None, boundary=None)
03:14 INFO    : luminosity_distance=LogUniform(minimum=1, maximum=500, name='luminosity_distance', latex_label='$D_L$', unit=None, boundary=None)
03:14 INFO    : timeshift=0.0
03:14 INFO    : em_syserr=1.0
03:14 INFO    : Ebv=0.0
03:14 INFO    : Analysis likelihood class: <class 'nmma.em.likelihood.OpticalLightCurve'>
03:14 INFO    : Analysis likelihood noise evidence: 0.0
03:15 INFO    : Single likelihood evaluation took 5.975e-02 s
03:15 WARNING : Supplied argument 'queue_size' not an argument of 'Pymultinest', removing.
03:15 WARNING : Supplied argument 'check_point_delta_t' not an argument of 'Pymultinest', removing.
03:15 WARNING : Using cached result
03:15 INFO    : Summary of results:
nsamples: 10297
ln_noise_evidence:  0.000
ln_evidence: -96.489 +/-  0.057
ln_bayes_factor: -96.489 +/-  0.057

03:15 INFO    : Writing samples file to /home/thussenot/kilonovae-H0/lcsimu/1perday33/grizyJHK/outdirBNSBu32cores/Simu2019lm_posterior_samples.dat
