03:55 INFO    : Running for label 'Simu2019lm', output will be saved to 'outdirBNSBu32cores'
03:55 INFO    : Running for label 'Simu2019lm', output will be saved to 'outdirBNSBu32cores'
03:55 INFO    : Running for label 'Simu2019lm', output will be saved to 'outdirBNSBu32cores'
03:55 INFO    : Running for label 'Simu2019lm', output will be saved to 'outdirBNSBu32cores'
03:55 INFO    : Running for label 'Simu2019lm', output will be saved to 'outdirBNSBu32cores'
03:55 INFO    : Running for label 'Simu2019lm', output will be saved to 'outdirBNSBu32cores'
03:55 INFO    : Running for label 'Simu2019lm', output will be saved to 'outdirBNSBu32cores'
03:55 INFO    : Running for label 'Simu2019lm', output will be saved to 'outdirBNSBu32cores'
03:55 INFO    : Running for label 'Simu2019lm', output will be saved to 'outdirBNSBu32cores'
03:55 INFO    : Running for label 'Simu2019lm', output will be saved to 'outdirBNSBu32cores'
03:55 INFO    : Running for label 'Simu2019lm', output will be saved to 'outdirBNSBu32cores'
03:55 INFO    : Running for label 'Simu2019lm', output will be saved to 'outdirBNSBu32cores'
03:55 INFO    : Running for label 'Simu2019lm', output will be saved to 'outdirBNSBu32cores'
03:55 INFO    : Running for label 'Simu2019lm', output will be saved to 'outdirBNSBu32cores'
03:55 INFO    : Running for label 'Simu2019lm', output will be saved to 'outdirBNSBu32cores'
03:55 INFO    : Running for label 'Simu2019lm', output will be saved to 'outdirBNSBu32cores'
03:55 INFO    : Running for label 'Simu2019lm', output will be saved to 'outdirBNSBu32cores'
03:55 INFO    : Running for label 'Simu2019lm', output will be saved to 'outdirBNSBu32cores'
03:55 INFO    : Running for label 'Simu2019lm', output will be saved to 'outdirBNSBu32cores'
03:55 INFO    : Running for label 'Simu2019lm', output will be saved to 'outdirBNSBu32cores'
03:55 INFO    : Running for label 'Simu2019lm', output will be saved to 'outdirBNSBu32cores'
03:55 INFO    : Running for label 'Simu2019lm', output will be saved to 'outdirBNSBu32cores'
03:55 INFO    : Running for label 'Simu2019lm', output will be saved to 'outdirBNSBu32cores'
03:55 INFO    : Running for label 'Simu2019lm', output will be saved to 'outdirBNSBu32cores'
03:55 INFO    : Running for label 'Simu2019lm', output will be saved to 'outdirBNSBu32cores'
03:55 INFO    : Running for label 'Simu2019lm', output will be saved to 'outdirBNSBu32cores'
03:55 INFO    : Running for label 'Simu2019lm', output will be saved to 'outdirBNSBu32cores'
03:55 INFO    : Running for label 'Simu2019lm', output will be saved to 'outdirBNSBu32cores'
03:55 INFO    : Running for label 'Simu2019lm', output will be saved to 'outdirBNSBu32cores'
03:55 INFO    : Running for label 'Simu2019lm', output will be saved to 'outdirBNSBu32cores'
03:55 INFO    : Running for label 'Simu2019lm', output will be saved to 'outdirBNSBu32cores'
03:55 INFO    : Running for label 'Simu2019lm', output will be saved to 'outdirBNSBu32cores'
03:56 INFO    : Analysis priors:
03:56 INFO    : Analysis priors:
03:56 INFO    : Analysis priors:
03:56 INFO    : Analysis priors:
03:56 INFO    : Analysis priors:
03:56 INFO    : Analysis priors:
03:56 INFO    : Analysis priors:
03:56 INFO    : Analysis priors:
03:56 INFO    : Analysis priors:
03:56 INFO    : Analysis priors:
03:56 INFO    : Analysis priors:
03:56 INFO    : Analysis priors:
03:56 INFO    : Analysis priors:
03:56 INFO    : Analysis priors:
03:56 INFO    : Analysis priors:
03:56 INFO    : Analysis priors:
03:56 INFO    : Analysis priors:
03:56 INFO    : Analysis priors:
03:56 INFO    : Analysis priors:
03:56 INFO    : Analysis priors:
03:56 INFO    : Analysis priors:
03:56 INFO    : Analysis priors:
03:56 INFO    : Analysis priors:
03:56 INFO    : Analysis priors:
03:56 INFO    : Analysis priors:
03:56 INFO    : Analysis priors:
03:56 INFO    : Analysis priors:
03:56 INFO    : Analysis priors:
03:56 INFO    : Analysis priors:
03:56 INFO    : Analysis priors:
03:56 INFO    : Analysis priors:
03:56 INFO    : Analysis priors:
03:56 INFO    : KNphi=Uniform(minimum=15.0, maximum=75.0, name='KNphi', latex_label='$\\Phi$', unit=None, boundary=None)
03:56 INFO    : KNphi=Uniform(minimum=15.0, maximum=75.0, name='KNphi', latex_label='$\\Phi$', unit=None, boundary=None)
03:56 INFO    : KNphi=Uniform(minimum=15.0, maximum=75.0, name='KNphi', latex_label='$\\Phi$', unit=None, boundary=None)
03:56 INFO    : KNphi=Uniform(minimum=15.0, maximum=75.0, name='KNphi', latex_label='$\\Phi$', unit=None, boundary=None)
03:56 INFO    : KNphi=Uniform(minimum=15.0, maximum=75.0, name='KNphi', latex_label='$\\Phi$', unit=None, boundary=None)
03:56 INFO    : KNphi=Uniform(minimum=15.0, maximum=75.0, name='KNphi', latex_label='$\\Phi$', unit=None, boundary=None)
03:56 INFO    : KNphi=Uniform(minimum=15.0, maximum=75.0, name='KNphi', latex_label='$\\Phi$', unit=None, boundary=None)
03:56 INFO    : KNphi=Uniform(minimum=15.0, maximum=75.0, name='KNphi', latex_label='$\\Phi$', unit=None, boundary=None)
03:56 INFO    : KNphi=Uniform(minimum=15.0, maximum=75.0, name='KNphi', latex_label='$\\Phi$', unit=None, boundary=None)
03:56 INFO    : KNphi=Uniform(minimum=15.0, maximum=75.0, name='KNphi', latex_label='$\\Phi$', unit=None, boundary=None)
03:56 INFO    : KNphi=Uniform(minimum=15.0, maximum=75.0, name='KNphi', latex_label='$\\Phi$', unit=None, boundary=None)
03:56 INFO    : KNphi=Uniform(minimum=15.0, maximum=75.0, name='KNphi', latex_label='$\\Phi$', unit=None, boundary=None)
03:56 INFO    : KNphi=Uniform(minimum=15.0, maximum=75.0, name='KNphi', latex_label='$\\Phi$', unit=None, boundary=None)
03:56 INFO    : KNphi=Uniform(minimum=15.0, maximum=75.0, name='KNphi', latex_label='$\\Phi$', unit=None, boundary=None)
03:56 INFO    : KNphi=Uniform(minimum=15.0, maximum=75.0, name='KNphi', latex_label='$\\Phi$', unit=None, boundary=None)
03:56 INFO    : KNphi=Uniform(minimum=15.0, maximum=75.0, name='KNphi', latex_label='$\\Phi$', unit=None, boundary=None)
03:56 INFO    : KNphi=Uniform(minimum=15.0, maximum=75.0, name='KNphi', latex_label='$\\Phi$', unit=None, boundary=None)
03:56 INFO    : KNphi=Uniform(minimum=15.0, maximum=75.0, name='KNphi', latex_label='$\\Phi$', unit=None, boundary=None)
03:56 INFO    : KNphi=Uniform(minimum=15.0, maximum=75.0, name='KNphi', latex_label='$\\Phi$', unit=None, boundary=None)
03:56 INFO    : KNphi=Uniform(minimum=15.0, maximum=75.0, name='KNphi', latex_label='$\\Phi$', unit=None, boundary=None)
03:56 INFO    : KNphi=Uniform(minimum=15.0, maximum=75.0, name='KNphi', latex_label='$\\Phi$', unit=None, boundary=None)
03:56 INFO    : KNphi=Uniform(minimum=15.0, maximum=75.0, name='KNphi', latex_label='$\\Phi$', unit=None, boundary=None)
03:56 INFO    : KNphi=Uniform(minimum=15.0, maximum=75.0, name='KNphi', latex_label='$\\Phi$', unit=None, boundary=None)
03:56 INFO    : KNphi=Uniform(minimum=15.0, maximum=75.0, name='KNphi', latex_label='$\\Phi$', unit=None, boundary=None)
03:56 INFO    : KNphi=Uniform(minimum=15.0, maximum=75.0, name='KNphi', latex_label='$\\Phi$', unit=None, boundary=None)
03:56 INFO    : KNphi=Uniform(minimum=15.0, maximum=75.0, name='KNphi', latex_label='$\\Phi$', unit=None, boundary=None)
03:56 INFO    : KNphi=Uniform(minimum=15.0, maximum=75.0, name='KNphi', latex_label='$\\Phi$', unit=None, boundary=None)
03:56 INFO    : KNphi=Uniform(minimum=15.0, maximum=75.0, name='KNphi', latex_label='$\\Phi$', unit=None, boundary=None)
03:56 INFO    : KNphi=Uniform(minimum=15.0, maximum=75.0, name='KNphi', latex_label='$\\Phi$', unit=None, boundary=None)
03:56 INFO    : KNphi=Uniform(minimum=15.0, maximum=75.0, name='KNphi', latex_label='$\\Phi$', unit=None, boundary=None)
03:56 INFO    : KNphi=Uniform(minimum=15.0, maximum=75.0, name='KNphi', latex_label='$\\Phi$', unit=None, boundary=None)
03:56 INFO    : log10_mej_dyn=Uniform(minimum=-3.0, maximum=-1.0, name='log10_mej_dyn', latex_label='$\\log_{10}M^{\\rm{dyn}}_{\\rm{ej}}$', unit=None, boundary='reflective')
03:56 INFO    : log10_mej_dyn=Uniform(minimum=-3.0, maximum=-1.0, name='log10_mej_dyn', latex_label='$\\log_{10}M^{\\rm{dyn}}_{\\rm{ej}}$', unit=None, boundary='reflective')
03:56 INFO    : log10_mej_dyn=Uniform(minimum=-3.0, maximum=-1.0, name='log10_mej_dyn', latex_label='$\\log_{10}M^{\\rm{dyn}}_{\\rm{ej}}$', unit=None, boundary='reflective')
03:56 INFO    : log10_mej_dyn=Uniform(minimum=-3.0, maximum=-1.0, name='log10_mej_dyn', latex_label='$\\log_{10}M^{\\rm{dyn}}_{\\rm{ej}}$', unit=None, boundary='reflective')
03:56 INFO    : log10_mej_dyn=Uniform(minimum=-3.0, maximum=-1.0, name='log10_mej_dyn', latex_label='$\\log_{10}M^{\\rm{dyn}}_{\\rm{ej}}$', unit=None, boundary='reflective')
03:56 INFO    : log10_mej_dyn=Uniform(minimum=-3.0, maximum=-1.0, name='log10_mej_dyn', latex_label='$\\log_{10}M^{\\rm{dyn}}_{\\rm{ej}}$', unit=None, boundary='reflective')
03:56 INFO    : log10_mej_dyn=Uniform(minimum=-3.0, maximum=-1.0, name='log10_mej_dyn', latex_label='$\\log_{10}M^{\\rm{dyn}}_{\\rm{ej}}$', unit=None, boundary='reflective')
03:56 INFO    : log10_mej_dyn=Uniform(minimum=-3.0, maximum=-1.0, name='log10_mej_dyn', latex_label='$\\log_{10}M^{\\rm{dyn}}_{\\rm{ej}}$', unit=None, boundary='reflective')
03:56 INFO    : log10_mej_dyn=Uniform(minimum=-3.0, maximum=-1.0, name='log10_mej_dyn', latex_label='$\\log_{10}M^{\\rm{dyn}}_{\\rm{ej}}$', unit=None, boundary='reflective')
03:56 INFO    : log10_mej_dyn=Uniform(minimum=-3.0, maximum=-1.0, name='log10_mej_dyn', latex_label='$\\log_{10}M^{\\rm{dyn}}_{\\rm{ej}}$', unit=None, boundary='reflective')
03:56 INFO    : log10_mej_dyn=Uniform(minimum=-3.0, maximum=-1.0, name='log10_mej_dyn', latex_label='$\\log_{10}M^{\\rm{dyn}}_{\\rm{ej}}$', unit=None, boundary='reflective')
03:56 INFO    : log10_mej_dyn=Uniform(minimum=-3.0, maximum=-1.0, name='log10_mej_dyn', latex_label='$\\log_{10}M^{\\rm{dyn}}_{\\rm{ej}}$', unit=None, boundary='reflective')
03:56 INFO    : log10_mej_dyn=Uniform(minimum=-3.0, maximum=-1.0, name='log10_mej_dyn', latex_label='$\\log_{10}M^{\\rm{dyn}}_{\\rm{ej}}$', unit=None, boundary='reflective')
03:56 INFO    : log10_mej_dyn=Uniform(minimum=-3.0, maximum=-1.0, name='log10_mej_dyn', latex_label='$\\log_{10}M^{\\rm{dyn}}_{\\rm{ej}}$', unit=None, boundary='reflective')
03:56 INFO    : log10_mej_dyn=Uniform(minimum=-3.0, maximum=-1.0, name='log10_mej_dyn', latex_label='$\\log_{10}M^{\\rm{dyn}}_{\\rm{ej}}$', unit=None, boundary='reflective')
03:56 INFO    : log10_mej_dyn=Uniform(minimum=-3.0, maximum=-1.0, name='log10_mej_dyn', latex_label='$\\log_{10}M^{\\rm{dyn}}_{\\rm{ej}}$', unit=None, boundary='reflective')
03:56 INFO    : log10_mej_dyn=Uniform(minimum=-3.0, maximum=-1.0, name='log10_mej_dyn', latex_label='$\\log_{10}M^{\\rm{dyn}}_{\\rm{ej}}$', unit=None, boundary='reflective')
03:56 INFO    : log10_mej_dyn=Uniform(minimum=-3.0, maximum=-1.0, name='log10_mej_dyn', latex_label='$\\log_{10}M^{\\rm{dyn}}_{\\rm{ej}}$', unit=None, boundary='reflective')
03:56 INFO    : log10_mej_dyn=Uniform(minimum=-3.0, maximum=-1.0, name='log10_mej_dyn', latex_label='$\\log_{10}M^{\\rm{dyn}}_{\\rm{ej}}$', unit=None, boundary='reflective')
03:56 INFO    : log10_mej_dyn=Uniform(minimum=-3.0, maximum=-1.0, name='log10_mej_dyn', latex_label='$\\log_{10}M^{\\rm{dyn}}_{\\rm{ej}}$', unit=None, boundary='reflective')
03:56 INFO    : log10_mej_dyn=Uniform(minimum=-3.0, maximum=-1.0, name='log10_mej_dyn', latex_label='$\\log_{10}M^{\\rm{dyn}}_{\\rm{ej}}$', unit=None, boundary='reflective')
03:56 INFO    : log10_mej_dyn=Uniform(minimum=-3.0, maximum=-1.0, name='log10_mej_dyn', latex_label='$\\log_{10}M^{\\rm{dyn}}_{\\rm{ej}}$', unit=None, boundary='reflective')
03:56 INFO    : log10_mej_dyn=Uniform(minimum=-3.0, maximum=-1.0, name='log10_mej_dyn', latex_label='$\\log_{10}M^{\\rm{dyn}}_{\\rm{ej}}$', unit=None, boundary='reflective')
03:56 INFO    : log10_mej_dyn=Uniform(minimum=-3.0, maximum=-1.0, name='log10_mej_dyn', latex_label='$\\log_{10}M^{\\rm{dyn}}_{\\rm{ej}}$', unit=None, boundary='reflective')
03:56 INFO    : log10_mej_dyn=Uniform(minimum=-3.0, maximum=-1.0, name='log10_mej_dyn', latex_label='$\\log_{10}M^{\\rm{dyn}}_{\\rm{ej}}$', unit=None, boundary='reflective')
03:56 INFO    : log10_mej_dyn=Uniform(minimum=-3.0, maximum=-1.0, name='log10_mej_dyn', latex_label='$\\log_{10}M^{\\rm{dyn}}_{\\rm{ej}}$', unit=None, boundary='reflective')
03:56 INFO    : log10_mej_dyn=Uniform(minimum=-3.0, maximum=-1.0, name='log10_mej_dyn', latex_label='$\\log_{10}M^{\\rm{dyn}}_{\\rm{ej}}$', unit=None, boundary='reflective')
03:56 INFO    : log10_mej_dyn=Uniform(minimum=-3.0, maximum=-1.0, name='log10_mej_dyn', latex_label='$\\log_{10}M^{\\rm{dyn}}_{\\rm{ej}}$', unit=None, boundary='reflective')
03:56 INFO    : log10_mej_dyn=Uniform(minimum=-3.0, maximum=-1.0, name='log10_mej_dyn', latex_label='$\\log_{10}M^{\\rm{dyn}}_{\\rm{ej}}$', unit=None, boundary='reflective')
03:56 INFO    : log10_mej_wind=Uniform(minimum=-3.0, maximum=-0.5, name='log10_mej_wind', latex_label='$\\log_{10}M^{\\rm{wind}}_{\\rm{ej}}$', unit=None, boundary='reflective')
03:56 INFO    : log10_mej_dyn=Uniform(minimum=-3.0, maximum=-1.0, name='log10_mej_dyn', latex_label='$\\log_{10}M^{\\rm{dyn}}_{\\rm{ej}}$', unit=None, boundary='reflective')
03:56 INFO    : log10_mej_wind=Uniform(minimum=-3.0, maximum=-0.5, name='log10_mej_wind', latex_label='$\\log_{10}M^{\\rm{wind}}_{\\rm{ej}}$', unit=None, boundary='reflective')
03:56 INFO    : log10_mej_dyn=Uniform(minimum=-3.0, maximum=-1.0, name='log10_mej_dyn', latex_label='$\\log_{10}M^{\\rm{dyn}}_{\\rm{ej}}$', unit=None, boundary='reflective')
03:56 INFO    : log10_mej_wind=Uniform(minimum=-3.0, maximum=-0.5, name='log10_mej_wind', latex_label='$\\log_{10}M^{\\rm{wind}}_{\\rm{ej}}$', unit=None, boundary='reflective')
03:56 INFO    : log10_mej_wind=Uniform(minimum=-3.0, maximum=-0.5, name='log10_mej_wind', latex_label='$\\log_{10}M^{\\rm{wind}}_{\\rm{ej}}$', unit=None, boundary='reflective')
03:56 INFO    : log10_mej_wind=Uniform(minimum=-3.0, maximum=-0.5, name='log10_mej_wind', latex_label='$\\log_{10}M^{\\rm{wind}}_{\\rm{ej}}$', unit=None, boundary='reflective')
03:56 INFO    : log10_mej_wind=Uniform(minimum=-3.0, maximum=-0.5, name='log10_mej_wind', latex_label='$\\log_{10}M^{\\rm{wind}}_{\\rm{ej}}$', unit=None, boundary='reflective')
03:56 INFO    : log10_mej_wind=Uniform(minimum=-3.0, maximum=-0.5, name='log10_mej_wind', latex_label='$\\log_{10}M^{\\rm{wind}}_{\\rm{ej}}$', unit=None, boundary='reflective')
03:56 INFO    : log10_mej_wind=Uniform(minimum=-3.0, maximum=-0.5, name='log10_mej_wind', latex_label='$\\log_{10}M^{\\rm{wind}}_{\\rm{ej}}$', unit=None, boundary='reflective')
03:56 INFO    : log10_mej_wind=Uniform(minimum=-3.0, maximum=-0.5, name='log10_mej_wind', latex_label='$\\log_{10}M^{\\rm{wind}}_{\\rm{ej}}$', unit=None, boundary='reflective')
03:56 INFO    : log10_mej_wind=Uniform(minimum=-3.0, maximum=-0.5, name='log10_mej_wind', latex_label='$\\log_{10}M^{\\rm{wind}}_{\\rm{ej}}$', unit=None, boundary='reflective')
03:56 INFO    : log10_mej_wind=Uniform(minimum=-3.0, maximum=-0.5, name='log10_mej_wind', latex_label='$\\log_{10}M^{\\rm{wind}}_{\\rm{ej}}$', unit=None, boundary='reflective')
03:56 INFO    : log10_mej_wind=Uniform(minimum=-3.0, maximum=-0.5, name='log10_mej_wind', latex_label='$\\log_{10}M^{\\rm{wind}}_{\\rm{ej}}$', unit=None, boundary='reflective')
03:56 INFO    : log10_mej_wind=Uniform(minimum=-3.0, maximum=-0.5, name='log10_mej_wind', latex_label='$\\log_{10}M^{\\rm{wind}}_{\\rm{ej}}$', unit=None, boundary='reflective')
03:56 INFO    : log10_mej_wind=Uniform(minimum=-3.0, maximum=-0.5, name='log10_mej_wind', latex_label='$\\log_{10}M^{\\rm{wind}}_{\\rm{ej}}$', unit=None, boundary='reflective')
03:56 INFO    : log10_mej_wind=Uniform(minimum=-3.0, maximum=-0.5, name='log10_mej_wind', latex_label='$\\log_{10}M^{\\rm{wind}}_{\\rm{ej}}$', unit=None, boundary='reflective')
03:56 INFO    : log10_mej_wind=Uniform(minimum=-3.0, maximum=-0.5, name='log10_mej_wind', latex_label='$\\log_{10}M^{\\rm{wind}}_{\\rm{ej}}$', unit=None, boundary='reflective')
03:56 INFO    : log10_mej_wind=Uniform(minimum=-3.0, maximum=-0.5, name='log10_mej_wind', latex_label='$\\log_{10}M^{\\rm{wind}}_{\\rm{ej}}$', unit=None, boundary='reflective')
03:56 INFO    : log10_mej_wind=Uniform(minimum=-3.0, maximum=-0.5, name='log10_mej_wind', latex_label='$\\log_{10}M^{\\rm{wind}}_{\\rm{ej}}$', unit=None, boundary='reflective')
03:56 INFO    : log10_mej_wind=Uniform(minimum=-3.0, maximum=-0.5, name='log10_mej_wind', latex_label='$\\log_{10}M^{\\rm{wind}}_{\\rm{ej}}$', unit=None, boundary='reflective')
03:56 INFO    : log10_mej_wind=Uniform(minimum=-3.0, maximum=-0.5, name='log10_mej_wind', latex_label='$\\log_{10}M^{\\rm{wind}}_{\\rm{ej}}$', unit=None, boundary='reflective')
03:56 INFO    : log10_mej_wind=Uniform(minimum=-3.0, maximum=-0.5, name='log10_mej_wind', latex_label='$\\log_{10}M^{\\rm{wind}}_{\\rm{ej}}$', unit=None, boundary='reflective')
03:56 INFO    : log10_mej_wind=Uniform(minimum=-3.0, maximum=-0.5, name='log10_mej_wind', latex_label='$\\log_{10}M^{\\rm{wind}}_{\\rm{ej}}$', unit=None, boundary='reflective')
03:56 INFO    : log10_mej_wind=Uniform(minimum=-3.0, maximum=-0.5, name='log10_mej_wind', latex_label='$\\log_{10}M^{\\rm{wind}}_{\\rm{ej}}$', unit=None, boundary='reflective')
03:56 INFO    : log10_mej_wind=Uniform(minimum=-3.0, maximum=-0.5, name='log10_mej_wind', latex_label='$\\log_{10}M^{\\rm{wind}}_{\\rm{ej}}$', unit=None, boundary='reflective')
03:56 INFO    : log10_mej_wind=Uniform(minimum=-3.0, maximum=-0.5, name='log10_mej_wind', latex_label='$\\log_{10}M^{\\rm{wind}}_{\\rm{ej}}$', unit=None, boundary='reflective')
03:56 INFO    : log10_mej_wind=Uniform(minimum=-3.0, maximum=-0.5, name='log10_mej_wind', latex_label='$\\log_{10}M^{\\rm{wind}}_{\\rm{ej}}$', unit=None, boundary='reflective')
03:56 INFO    : log10_mej_wind=Uniform(minimum=-3.0, maximum=-0.5, name='log10_mej_wind', latex_label='$\\log_{10}M^{\\rm{wind}}_{\\rm{ej}}$', unit=None, boundary='reflective')
03:56 INFO    : log10_mej_wind=Uniform(minimum=-3.0, maximum=-0.5, name='log10_mej_wind', latex_label='$\\log_{10}M^{\\rm{wind}}_{\\rm{ej}}$', unit=None, boundary='reflective')
03:56 INFO    : log10_mej_wind=Uniform(minimum=-3.0, maximum=-0.5, name='log10_mej_wind', latex_label='$\\log_{10}M^{\\rm{wind}}_{\\rm{ej}}$', unit=None, boundary='reflective')
03:56 INFO    : log10_mej_wind=Uniform(minimum=-3.0, maximum=-0.5, name='log10_mej_wind', latex_label='$\\log_{10}M^{\\rm{wind}}_{\\rm{ej}}$', unit=None, boundary='reflective')
03:56 INFO    : log10_mej_wind=Uniform(minimum=-3.0, maximum=-0.5, name='log10_mej_wind', latex_label='$\\log_{10}M^{\\rm{wind}}_{\\rm{ej}}$', unit=None, boundary='reflective')
03:56 INFO    : inclination_EM=Sine(minimum=0.0, maximum=1.5707963267948966, name='inclination_EM', latex_label='$\\iota$', unit=None, boundary=None)
03:56 INFO    : inclination_EM=Sine(minimum=0.0, maximum=1.5707963267948966, name='inclination_EM', latex_label='$\\iota$', unit=None, boundary=None)
03:56 INFO    : inclination_EM=Sine(minimum=0.0, maximum=1.5707963267948966, name='inclination_EM', latex_label='$\\iota$', unit=None, boundary=None)
03:56 INFO    : inclination_EM=Sine(minimum=0.0, maximum=1.5707963267948966, name='inclination_EM', latex_label='$\\iota$', unit=None, boundary=None)
03:56 INFO    : inclination_EM=Sine(minimum=0.0, maximum=1.5707963267948966, name='inclination_EM', latex_label='$\\iota$', unit=None, boundary=None)
03:56 INFO    : inclination_EM=Sine(minimum=0.0, maximum=1.5707963267948966, name='inclination_EM', latex_label='$\\iota$', unit=None, boundary=None)
03:56 INFO    : inclination_EM=Sine(minimum=0.0, maximum=1.5707963267948966, name='inclination_EM', latex_label='$\\iota$', unit=None, boundary=None)
03:56 INFO    : inclination_EM=Sine(minimum=0.0, maximum=1.5707963267948966, name='inclination_EM', latex_label='$\\iota$', unit=None, boundary=None)
03:56 INFO    : inclination_EM=Sine(minimum=0.0, maximum=1.5707963267948966, name='inclination_EM', latex_label='$\\iota$', unit=None, boundary=None)
03:56 INFO    : inclination_EM=Sine(minimum=0.0, maximum=1.5707963267948966, name='inclination_EM', latex_label='$\\iota$', unit=None, boundary=None)
03:56 INFO    : inclination_EM=Sine(minimum=0.0, maximum=1.5707963267948966, name='inclination_EM', latex_label='$\\iota$', unit=None, boundary=None)
03:56 INFO    : inclination_EM=Sine(minimum=0.0, maximum=1.5707963267948966, name='inclination_EM', latex_label='$\\iota$', unit=None, boundary=None)
03:56 INFO    : inclination_EM=Sine(minimum=0.0, maximum=1.5707963267948966, name='inclination_EM', latex_label='$\\iota$', unit=None, boundary=None)
03:56 INFO    : inclination_EM=Sine(minimum=0.0, maximum=1.5707963267948966, name='inclination_EM', latex_label='$\\iota$', unit=None, boundary=None)
03:56 INFO    : inclination_EM=Sine(minimum=0.0, maximum=1.5707963267948966, name='inclination_EM', latex_label='$\\iota$', unit=None, boundary=None)
03:56 INFO    : inclination_EM=Sine(minimum=0.0, maximum=1.5707963267948966, name='inclination_EM', latex_label='$\\iota$', unit=None, boundary=None)
03:56 INFO    : inclination_EM=Sine(minimum=0.0, maximum=1.5707963267948966, name='inclination_EM', latex_label='$\\iota$', unit=None, boundary=None)
03:56 INFO    : inclination_EM=Sine(minimum=0.0, maximum=1.5707963267948966, name='inclination_EM', latex_label='$\\iota$', unit=None, boundary=None)
03:56 INFO    : inclination_EM=Sine(minimum=0.0, maximum=1.5707963267948966, name='inclination_EM', latex_label='$\\iota$', unit=None, boundary=None)
03:56 INFO    : inclination_EM=Sine(minimum=0.0, maximum=1.5707963267948966, name='inclination_EM', latex_label='$\\iota$', unit=None, boundary=None)
03:56 INFO    : inclination_EM=Sine(minimum=0.0, maximum=1.5707963267948966, name='inclination_EM', latex_label='$\\iota$', unit=None, boundary=None)
03:56 INFO    : inclination_EM=Sine(minimum=0.0, maximum=1.5707963267948966, name='inclination_EM', latex_label='$\\iota$', unit=None, boundary=None)
03:56 INFO    : inclination_EM=Sine(minimum=0.0, maximum=1.5707963267948966, name='inclination_EM', latex_label='$\\iota$', unit=None, boundary=None)
03:56 INFO    : inclination_EM=Sine(minimum=0.0, maximum=1.5707963267948966, name='inclination_EM', latex_label='$\\iota$', unit=None, boundary=None)
03:56 INFO    : inclination_EM=Sine(minimum=0.0, maximum=1.5707963267948966, name='inclination_EM', latex_label='$\\iota$', unit=None, boundary=None)
03:56 INFO    : inclination_EM=Sine(minimum=0.0, maximum=1.5707963267948966, name='inclination_EM', latex_label='$\\iota$', unit=None, boundary=None)
03:56 INFO    : inclination_EM=Sine(minimum=0.0, maximum=1.5707963267948966, name='inclination_EM', latex_label='$\\iota$', unit=None, boundary=None)
03:56 INFO    : inclination_EM=Sine(minimum=0.0, maximum=1.5707963267948966, name='inclination_EM', latex_label='$\\iota$', unit=None, boundary=None)
03:56 INFO    : inclination_EM=Sine(minimum=0.0, maximum=1.5707963267948966, name='inclination_EM', latex_label='$\\iota$', unit=None, boundary=None)
03:56 INFO    : inclination_EM=Sine(minimum=0.0, maximum=1.5707963267948966, name='inclination_EM', latex_label='$\\iota$', unit=None, boundary=None)
03:56 INFO    : inclination_EM=Sine(minimum=0.0, maximum=1.5707963267948966, name='inclination_EM', latex_label='$\\iota$', unit=None, boundary=None)
03:56 INFO    : luminosity_distance=LogUniform(minimum=1, maximum=500, name='luminosity_distance', latex_label='$D_L$', unit=None, boundary=None)
03:56 INFO    : luminosity_distance=LogUniform(minimum=1, maximum=500, name='luminosity_distance', latex_label='$D_L$', unit=None, boundary=None)
03:56 INFO    : luminosity_distance=LogUniform(minimum=1, maximum=500, name='luminosity_distance', latex_label='$D_L$', unit=None, boundary=None)
03:56 INFO    : luminosity_distance=LogUniform(minimum=1, maximum=500, name='luminosity_distance', latex_label='$D_L$', unit=None, boundary=None)
03:56 INFO    : luminosity_distance=LogUniform(minimum=1, maximum=500, name='luminosity_distance', latex_label='$D_L$', unit=None, boundary=None)
03:56 INFO    : luminosity_distance=LogUniform(minimum=1, maximum=500, name='luminosity_distance', latex_label='$D_L$', unit=None, boundary=None)
03:56 INFO    : luminosity_distance=LogUniform(minimum=1, maximum=500, name='luminosity_distance', latex_label='$D_L$', unit=None, boundary=None)
03:56 INFO    : luminosity_distance=LogUniform(minimum=1, maximum=500, name='luminosity_distance', latex_label='$D_L$', unit=None, boundary=None)
03:56 INFO    : luminosity_distance=LogUniform(minimum=1, maximum=500, name='luminosity_distance', latex_label='$D_L$', unit=None, boundary=None)
03:56 INFO    : luminosity_distance=LogUniform(minimum=1, maximum=500, name='luminosity_distance', latex_label='$D_L$', unit=None, boundary=None)
03:56 INFO    : timeshift=0.0
03:56 INFO    : luminosity_distance=LogUniform(minimum=1, maximum=500, name='luminosity_distance', latex_label='$D_L$', unit=None, boundary=None)
03:56 INFO    : timeshift=0.0
03:56 INFO    : luminosity_distance=LogUniform(minimum=1, maximum=500, name='luminosity_distance', latex_label='$D_L$', unit=None, boundary=None)
03:56 INFO    : timeshift=0.0
03:56 INFO    : timeshift=0.0
03:56 INFO    : timeshift=0.0
03:56 INFO    : luminosity_distance=LogUniform(minimum=1, maximum=500, name='luminosity_distance', latex_label='$D_L$', unit=None, boundary=None)
03:56 INFO    : luminosity_distance=LogUniform(minimum=1, maximum=500, name='luminosity_distance', latex_label='$D_L$', unit=None, boundary=None)
03:56 INFO    : timeshift=0.0
03:56 INFO    : luminosity_distance=LogUniform(minimum=1, maximum=500, name='luminosity_distance', latex_label='$D_L$', unit=None, boundary=None)
03:56 INFO    : luminosity_distance=LogUniform(minimum=1, maximum=500, name='luminosity_distance', latex_label='$D_L$', unit=None, boundary=None)
03:56 INFO    : luminosity_distance=LogUniform(minimum=1, maximum=500, name='luminosity_distance', latex_label='$D_L$', unit=None, boundary=None)
03:56 INFO    : luminosity_distance=LogUniform(minimum=1, maximum=500, name='luminosity_distance', latex_label='$D_L$', unit=None, boundary=None)
03:56 INFO    : timeshift=0.0
03:56 INFO    : timeshift=0.0
03:56 INFO    : timeshift=0.0
03:56 INFO    : em_syserr=1.0
03:56 INFO    : timeshift=0.0
03:56 INFO    : luminosity_distance=LogUniform(minimum=1, maximum=500, name='luminosity_distance', latex_label='$D_L$', unit=None, boundary=None)
03:56 INFO    : luminosity_distance=LogUniform(minimum=1, maximum=500, name='luminosity_distance', latex_label='$D_L$', unit=None, boundary=None)
03:56 INFO    : em_syserr=1.0
03:56 INFO    : timeshift=0.0
03:56 INFO    : em_syserr=1.0
03:56 INFO    : em_syserr=1.0
03:56 INFO    : timeshift=0.0
03:56 INFO    : em_syserr=1.0
03:56 INFO    : luminosity_distance=LogUniform(minimum=1, maximum=500, name='luminosity_distance', latex_label='$D_L$', unit=None, boundary=None)
03:56 INFO    : em_syserr=1.0
03:56 INFO    : timeshift=0.0
03:56 INFO    : luminosity_distance=LogUniform(minimum=1, maximum=500, name='luminosity_distance', latex_label='$D_L$', unit=None, boundary=None)
03:56 INFO    : em_syserr=1.0
03:56 INFO    : luminosity_distance=LogUniform(minimum=1, maximum=500, name='luminosity_distance', latex_label='$D_L$', unit=None, boundary=None)
03:56 INFO    : timeshift=0.0
03:56 INFO    : luminosity_distance=LogUniform(minimum=1, maximum=500, name='luminosity_distance', latex_label='$D_L$', unit=None, boundary=None)
03:56 INFO    : em_syserr=1.0
03:56 INFO    : luminosity_distance=LogUniform(minimum=1, maximum=500, name='luminosity_distance', latex_label='$D_L$', unit=None, boundary=None)
03:56 INFO    : Ebv=0.0
03:56 INFO    : luminosity_distance=LogUniform(minimum=1, maximum=500, name='luminosity_distance', latex_label='$D_L$', unit=None, boundary=None)
03:56 INFO    : timeshift=0.0
03:56 INFO    : timeshift=0.0
03:56 INFO    : timeshift=0.0
03:56 INFO    : em_syserr=1.0
03:56 INFO    : timeshift=0.0
03:56 INFO    : Ebv=0.0
03:56 INFO    : em_syserr=1.0
03:56 INFO    : luminosity_distance=LogUniform(minimum=1, maximum=500, name='luminosity_distance', latex_label='$D_L$', unit=None, boundary=None)
03:56 INFO    : luminosity_distance=LogUniform(minimum=1, maximum=500, name='luminosity_distance', latex_label='$D_L$', unit=None, boundary=None)
03:56 INFO    : luminosity_distance=LogUniform(minimum=1, maximum=500, name='luminosity_distance', latex_label='$D_L$', unit=None, boundary=None)
03:56 INFO    : em_syserr=1.0
03:56 INFO    : timeshift=0.0
03:56 INFO    : luminosity_distance=LogUniform(minimum=1, maximum=500, name='luminosity_distance', latex_label='$D_L$', unit=None, boundary=None)
03:56 INFO    : Ebv=0.0
03:56 INFO    : luminosity_distance=LogUniform(minimum=1, maximum=500, name='luminosity_distance', latex_label='$D_L$', unit=None, boundary=None)
03:56 INFO    : timeshift=0.0
03:56 INFO    : Ebv=0.0
03:56 INFO    : Ebv=0.0
03:56 INFO    : em_syserr=1.0
03:56 INFO    : em_syserr=1.0
03:56 INFO    : Ebv=0.0
03:56 INFO    : Ebv=0.0
03:56 INFO    : timeshift=0.0
03:56 INFO    : timeshift=0.0
03:56 INFO    : timeshift=0.0
03:56 INFO    : timeshift=0.0
03:56 INFO    : Ebv=0.0
03:56 INFO    : em_syserr=1.0
03:56 INFO    : timeshift=0.0
03:56 INFO    : timeshift=0.0
03:56 INFO    : Analysis likelihood class: <class 'nmma.em.likelihood.OpticalLightCurve'>
03:56 INFO    : em_syserr=1.0
03:56 INFO    : Analysis likelihood class: <class 'nmma.em.likelihood.OpticalLightCurve'>
03:56 INFO    : timeshift=0.0
03:56 INFO    : timeshift=0.0
03:56 INFO    : em_syserr=1.0
03:56 INFO    : em_syserr=1.0
03:56 INFO    : em_syserr=1.0
03:56 INFO    : Ebv=0.0
03:56 INFO    : Analysis likelihood class: <class 'nmma.em.likelihood.OpticalLightCurve'>
03:56 INFO    : Ebv=0.0
03:56 INFO    : timeshift=0.0
03:56 INFO    : em_syserr=1.0
03:56 INFO    : Ebv=0.0
03:56 INFO    : timeshift=0.0
03:56 INFO    : em_syserr=1.0
03:56 INFO    : Analysis likelihood class: <class 'nmma.em.likelihood.OpticalLightCurve'>
03:56 INFO    : em_syserr=1.0
03:56 INFO    : timeshift=0.0
03:56 INFO    : Analysis likelihood class: <class 'nmma.em.likelihood.OpticalLightCurve'>
03:56 INFO    : Ebv=0.0
03:56 INFO    : Ebv=0.0
03:56 INFO    : Analysis likelihood class: <class 'nmma.em.likelihood.OpticalLightCurve'>
03:56 INFO    : Analysis likelihood class: <class 'nmma.em.likelihood.OpticalLightCurve'>
03:56 INFO    : Ebv=0.0
03:56 INFO    : em_syserr=1.0
03:56 INFO    : em_syserr=1.0
03:56 INFO    : em_syserr=1.0
03:56 INFO    : Ebv=0.0
03:56 INFO    : em_syserr=1.0
03:56 INFO    : Analysis likelihood class: <class 'nmma.em.likelihood.OpticalLightCurve'>
03:56 INFO    : Ebv=0.0
03:56 INFO    : em_syserr=1.0
03:56 INFO    : Ebv=0.0
03:56 INFO    : Analysis likelihood noise evidence: 0.0
03:56 INFO    : em_syserr=1.0
03:56 INFO    : em_syserr=1.0
03:56 INFO    : Analysis likelihood noise evidence: 0.0
03:56 INFO    : em_syserr=1.0
03:56 INFO    : Ebv=0.0
03:56 INFO    : Ebv=0.0
03:56 INFO    : Analysis likelihood class: <class 'nmma.em.likelihood.OpticalLightCurve'>
03:56 INFO    : Analysis likelihood noise evidence: 0.0
03:56 INFO    : em_syserr=1.0
03:56 INFO    : Analysis likelihood class: <class 'nmma.em.likelihood.OpticalLightCurve'>
03:56 INFO    : em_syserr=1.0
03:56 INFO    : Analysis likelihood class: <class 'nmma.em.likelihood.OpticalLightCurve'>
03:56 INFO    : Ebv=0.0
03:56 INFO    : Ebv=0.0
03:56 INFO    : Analysis likelihood noise evidence: 0.0
03:56 INFO    : Ebv=0.0
03:56 INFO    : Analysis likelihood noise evidence: 0.0
03:56 INFO    : Analysis likelihood class: <class 'nmma.em.likelihood.OpticalLightCurve'>
03:56 INFO    : Analysis likelihood class: <class 'nmma.em.likelihood.OpticalLightCurve'>
03:56 INFO    : Analysis likelihood class: <class 'nmma.em.likelihood.OpticalLightCurve'>
03:56 INFO    : Analysis likelihood noise evidence: 0.0
03:56 INFO    : Ebv=0.0
03:56 INFO    : Analysis likelihood noise evidence: 0.0
03:56 INFO    : Analysis likelihood class: <class 'nmma.em.likelihood.OpticalLightCurve'>
03:56 INFO    : Ebv=0.0
03:56 INFO    : Analysis likelihood class: <class 'nmma.em.likelihood.OpticalLightCurve'>
03:56 INFO    : Ebv=0.0
03:56 INFO    : Analysis likelihood class: <class 'nmma.em.likelihood.OpticalLightCurve'>
03:56 INFO    : Ebv=0.0
03:56 INFO    : Analysis likelihood noise evidence: 0.0
03:56 INFO    : Ebv=0.0
03:56 INFO    : Analysis likelihood class: <class 'nmma.em.likelihood.OpticalLightCurve'>
03:56 INFO    : Ebv=0.0
03:56 INFO    : Ebv=0.0
03:56 INFO    : Analysis likelihood class: <class 'nmma.em.likelihood.OpticalLightCurve'>
03:56 INFO    : Ebv=0.0
03:56 INFO    : Analysis likelihood class: <class 'nmma.em.likelihood.OpticalLightCurve'>
03:56 INFO    : Analysis likelihood noise evidence: 0.0
03:56 INFO    : Ebv=0.0
03:56 INFO    : Analysis likelihood noise evidence: 0.0
03:56 INFO    : Analysis likelihood noise evidence: 0.0
03:56 INFO    : Analysis likelihood class: <class 'nmma.em.likelihood.OpticalLightCurve'>
03:56 INFO    : Analysis likelihood class: <class 'nmma.em.likelihood.OpticalLightCurve'>
03:56 INFO    : Analysis likelihood class: <class 'nmma.em.likelihood.OpticalLightCurve'>
03:56 INFO    : Analysis likelihood noise evidence: 0.0
03:56 INFO    : Analysis likelihood noise evidence: 0.0
03:56 INFO    : Analysis likelihood noise evidence: 0.0
03:56 INFO    : Analysis likelihood class: <class 'nmma.em.likelihood.OpticalLightCurve'>
03:56 INFO    : Analysis likelihood noise evidence: 0.0
03:56 INFO    : Analysis likelihood class: <class 'nmma.em.likelihood.OpticalLightCurve'>
03:56 INFO    : Analysis likelihood class: <class 'nmma.em.likelihood.OpticalLightCurve'>
03:56 INFO    : Analysis likelihood noise evidence: 0.0
03:56 INFO    : Analysis likelihood class: <class 'nmma.em.likelihood.OpticalLightCurve'>
03:56 INFO    : Analysis likelihood noise evidence: 0.0
03:56 INFO    : Analysis likelihood class: <class 'nmma.em.likelihood.OpticalLightCurve'>
03:56 INFO    : Analysis likelihood class: <class 'nmma.em.likelihood.OpticalLightCurve'>
03:56 INFO    : Analysis likelihood noise evidence: 0.0
03:56 INFO    : Analysis likelihood class: <class 'nmma.em.likelihood.OpticalLightCurve'>
03:56 INFO    : Analysis likelihood noise evidence: 0.0
03:56 INFO    : Analysis likelihood class: <class 'nmma.em.likelihood.OpticalLightCurve'>
03:56 INFO    : Analysis likelihood noise evidence: 0.0
03:56 INFO    : Analysis likelihood noise evidence: 0.0
03:56 INFO    : Analysis likelihood noise evidence: 0.0
03:56 INFO    : Analysis likelihood noise evidence: 0.0
03:56 INFO    : Analysis likelihood noise evidence: 0.0
03:56 INFO    : Analysis likelihood noise evidence: 0.0
03:56 INFO    : Analysis likelihood noise evidence: 0.0
03:56 INFO    : Analysis likelihood noise evidence: 0.0
03:56 INFO    : Analysis likelihood noise evidence: 0.0
03:56 INFO    : Analysis likelihood noise evidence: 0.0
03:56 INFO    : Analysis likelihood noise evidence: 0.0
03:56 INFO    : Analysis likelihood noise evidence: 0.0
03:56 INFO    : KNphi=Uniform(minimum=15.0, maximum=75.0, name='KNphi', latex_label='$\\Phi$', unit=None, boundary=None)
03:56 INFO    : log10_mej_dyn=Uniform(minimum=-3.0, maximum=-1.0, name='log10_mej_dyn', latex_label='$\\log_{10}M^{\\rm{dyn}}_{\\rm{ej}}$', unit=None, boundary='reflective')
03:56 INFO    : log10_mej_wind=Uniform(minimum=-3.0, maximum=-0.5, name='log10_mej_wind', latex_label='$\\log_{10}M^{\\rm{wind}}_{\\rm{ej}}$', unit=None, boundary='reflective')
03:56 INFO    : inclination_EM=Sine(minimum=0.0, maximum=1.5707963267948966, name='inclination_EM', latex_label='$\\iota$', unit=None, boundary=None)
03:56 INFO    : luminosity_distance=LogUniform(minimum=1, maximum=500, name='luminosity_distance', latex_label='$D_L$', unit=None, boundary=None)
03:56 INFO    : timeshift=0.0
03:56 INFO    : em_syserr=1.0
03:56 INFO    : Ebv=0.0
03:56 INFO    : Analysis likelihood class: <class 'nmma.em.likelihood.OpticalLightCurve'>
03:56 INFO    : Analysis likelihood noise evidence: 0.0
03:56 INFO    : Single likelihood evaluation took 1.057e-01 s
03:56 INFO    : Single likelihood evaluation took 1.059e-01 s
03:56 INFO    : Single likelihood evaluation took 1.057e-01 s
03:56 INFO    : Single likelihood evaluation took 1.056e-01 s
03:56 INFO    : Single likelihood evaluation took 1.062e-01 s
03:56 INFO    : Single likelihood evaluation took 1.064e-01 s
03:56 WARNING : Supplied argument 'queue_size' not an argument of 'Pymultinest', removing.
03:56 WARNING : Supplied argument 'check_point_delta_t' not an argument of 'Pymultinest', removing.
03:56 INFO    : Using sampler Pymultinest with kwargs {'importance_nested_sampling': False, 'resume': True, 'verbose': True, 'sampling_efficiency': 'parameter', 'n_live_points': 2048, 'n_params': 5, 'n_clustering_params': None, 'wrapped_params': None, 'multimodal': True, 'const_efficiency_mode': False, 'evidence_tolerance': 0.5, 'n_iter_before_update': 100, 'null_log_evidence': -1e+90, 'max_modes': 100, 'mode_tolerance': -1e+90, 'seed': 42, 'context': 0, 'write_output': True, 'log_zero': -1e+100, 'max_iter': 0, 'init_MPI': False, 'dump_callback': <bound method Pymultinest._dump_callback of <bilby.core.sampler.pymultinest.Pymultinest object at 0x1555017bff10>>}
03:56 INFO    : Temporary directory incompatible with MPI, will run in original directory
03:56 INFO    : Using output file outdirBNSBu32cores/pm_Simu2019lm/
03:56 WARNING : Supplied argument 'queue_size' not an argument of 'Pymultinest', removing.
03:56 WARNING : Supplied argument 'check_point_delta_t' not an argument of 'Pymultinest', removing.
03:56 INFO    : Using sampler Pymultinest with kwargs {'importance_nested_sampling': False, 'resume': True, 'verbose': True, 'sampling_efficiency': 'parameter', 'n_live_points': 2048, 'n_params': 5, 'n_clustering_params': None, 'wrapped_params': None, 'multimodal': True, 'const_efficiency_mode': False, 'evidence_tolerance': 0.5, 'n_iter_before_update': 100, 'null_log_evidence': -1e+90, 'max_modes': 100, 'mode_tolerance': -1e+90, 'seed': 42, 'context': 0, 'write_output': True, 'log_zero': -1e+100, 'max_iter': 0, 'init_MPI': False, 'dump_callback': <bound method Pymultinest._dump_callback of <bilby.core.sampler.pymultinest.Pymultinest object at 0x1555017bbeb0>>}
03:56 INFO    : Temporary directory incompatible with MPI, will run in original directory
03:56 INFO    : Using output file outdirBNSBu32cores/pm_Simu2019lm/
03:56 WARNING : Supplied argument 'queue_size' not an argument of 'Pymultinest', removing.
03:56 WARNING : Supplied argument 'check_point_delta_t' not an argument of 'Pymultinest', removing.
03:56 WARNING : Supplied argument 'queue_size' not an argument of 'Pymultinest', removing.
03:56 WARNING : Supplied argument 'check_point_delta_t' not an argument of 'Pymultinest', removing.
03:56 INFO    : Using sampler Pymultinest with kwargs {'importance_nested_sampling': False, 'resume': True, 'verbose': True, 'sampling_efficiency': 'parameter', 'n_live_points': 2048, 'n_params': 5, 'n_clustering_params': None, 'wrapped_params': None, 'multimodal': True, 'const_efficiency_mode': False, 'evidence_tolerance': 0.5, 'n_iter_before_update': 100, 'null_log_evidence': -1e+90, 'max_modes': 100, 'mode_tolerance': -1e+90, 'seed': 42, 'context': 0, 'write_output': True, 'log_zero': -1e+100, 'max_iter': 0, 'init_MPI': False, 'dump_callback': <bound method Pymultinest._dump_callback of <bilby.core.sampler.pymultinest.Pymultinest object at 0x1555017bbfd0>>}
03:56 INFO    : Using sampler Pymultinest with kwargs {'importance_nested_sampling': False, 'resume': True, 'verbose': True, 'sampling_efficiency': 'parameter', 'n_live_points': 2048, 'n_params': 5, 'n_clustering_params': None, 'wrapped_params': None, 'multimodal': True, 'const_efficiency_mode': False, 'evidence_tolerance': 0.5, 'n_iter_before_update': 100, 'null_log_evidence': -1e+90, 'max_modes': 100, 'mode_tolerance': -1e+90, 'seed': 42, 'context': 0, 'write_output': True, 'log_zero': -1e+100, 'max_iter': 0, 'init_MPI': False, 'dump_callback': <bound method Pymultinest._dump_callback of <bilby.core.sampler.pymultinest.Pymultinest object at 0x1555014a3760>>}
03:56 INFO    : Temporary directory incompatible with MPI, will run in original directory
03:56 INFO    : Temporary directory incompatible with MPI, will run in original directory
03:56 INFO    : Using output file outdirBNSBu32cores/pm_Simu2019lm/
03:56 INFO    : Using output file outdirBNSBu32cores/pm_Simu2019lm/
03:56 INFO    : Single likelihood evaluation took 1.072e-01 s
03:56 WARNING : Supplied argument 'queue_size' not an argument of 'Pymultinest', removing.
03:56 WARNING : Supplied argument 'check_point_delta_t' not an argument of 'Pymultinest', removing.
03:56 INFO    : Using sampler Pymultinest with kwargs {'importance_nested_sampling': False, 'resume': True, 'verbose': True, 'sampling_efficiency': 'parameter', 'n_live_points': 2048, 'n_params': 5, 'n_clustering_params': None, 'wrapped_params': None, 'multimodal': True, 'const_efficiency_mode': False, 'evidence_tolerance': 0.5, 'n_iter_before_update': 100, 'null_log_evidence': -1e+90, 'max_modes': 100, 'mode_tolerance': -1e+90, 'seed': 42, 'context': 0, 'write_output': True, 'log_zero': -1e+100, 'max_iter': 0, 'init_MPI': False, 'dump_callback': <bound method Pymultinest._dump_callback of <bilby.core.sampler.pymultinest.Pymultinest object at 0x1555017bff70>>}
03:56 INFO    : Temporary directory incompatible with MPI, will run in original directory
03:56 INFO    : Using output file outdirBNSBu32cores/pm_Simu2019lm/
03:56 INFO    : Single likelihood evaluation took 1.073e-01 s
03:56 INFO    : Single likelihood evaluation took 1.073e-01 s
03:56 WARNING : Supplied argument 'queue_size' not an argument of 'Pymultinest', removing.
03:56 WARNING : Supplied argument 'check_point_delta_t' not an argument of 'Pymultinest', removing.
03:56 INFO    : Using sampler Pymultinest with kwargs {'importance_nested_sampling': False, 'resume': True, 'verbose': True, 'sampling_efficiency': 'parameter', 'n_live_points': 2048, 'n_params': 5, 'n_clustering_params': None, 'wrapped_params': None, 'multimodal': True, 'const_efficiency_mode': False, 'evidence_tolerance': 0.5, 'n_iter_before_update': 100, 'null_log_evidence': -1e+90, 'max_modes': 100, 'mode_tolerance': -1e+90, 'seed': 42, 'context': 0, 'write_output': True, 'log_zero': -1e+100, 'max_iter': 0, 'init_MPI': False, 'dump_callback': <bound method Pymultinest._dump_callback of <bilby.core.sampler.pymultinest.Pymultinest object at 0x15550149b7c0>>}
03:56 INFO    : Temporary directory incompatible with MPI, will run in original directory
03:56 INFO    : Using output file outdirBNSBu32cores/pm_Simu2019lm/
03:56 INFO    : Single likelihood evaluation took 1.073e-01 s
03:56 INFO    : Single likelihood evaluation took 1.077e-01 s
03:56 WARNING : Supplied argument 'queue_size' not an argument of 'Pymultinest', removing.
03:56 WARNING : Supplied argument 'check_point_delta_t' not an argument of 'Pymultinest', removing.
03:56 INFO    : Using sampler Pymultinest with kwargs {'importance_nested_sampling': False, 'resume': True, 'verbose': True, 'sampling_efficiency': 'parameter', 'n_live_points': 2048, 'n_params': 5, 'n_clustering_params': None, 'wrapped_params': None, 'multimodal': True, 'const_efficiency_mode': False, 'evidence_tolerance': 0.5, 'n_iter_before_update': 100, 'null_log_evidence': -1e+90, 'max_modes': 100, 'mode_tolerance': -1e+90, 'seed': 42, 'context': 0, 'write_output': True, 'log_zero': -1e+100, 'max_iter': 0, 'init_MPI': False, 'dump_callback': <bound method Pymultinest._dump_callback of <bilby.core.sampler.pymultinest.Pymultinest object at 0x1555017bbf10>>}
03:56 INFO    : Temporary directory incompatible with MPI, will run in original directory
03:56 INFO    : Using output file outdirBNSBu32cores/pm_Simu2019lm/
03:56 INFO    : Single likelihood evaluation took 1.074e-01 s
03:56 WARNING : Supplied argument 'queue_size' not an argument of 'Pymultinest', removing.
03:56 WARNING : Supplied argument 'check_point_delta_t' not an argument of 'Pymultinest', removing.
03:56 INFO    : Using sampler Pymultinest with kwargs {'importance_nested_sampling': False, 'resume': True, 'verbose': True, 'sampling_efficiency': 'parameter', 'n_live_points': 2048, 'n_params': 5, 'n_clustering_params': None, 'wrapped_params': None, 'multimodal': True, 'const_efficiency_mode': False, 'evidence_tolerance': 0.5, 'n_iter_before_update': 100, 'null_log_evidence': -1e+90, 'max_modes': 100, 'mode_tolerance': -1e+90, 'seed': 42, 'context': 0, 'write_output': True, 'log_zero': -1e+100, 'max_iter': 0, 'init_MPI': False, 'dump_callback': <bound method Pymultinest._dump_callback of <bilby.core.sampler.pymultinest.Pymultinest object at 0x1555014ab910>>}
03:56 INFO    : Temporary directory incompatible with MPI, will run in original directory
03:56 INFO    : Using output file outdirBNSBu32cores/pm_Simu2019lm/
03:56 WARNING : Supplied argument 'queue_size' not an argument of 'Pymultinest', removing.
03:56 WARNING : Supplied argument 'check_point_delta_t' not an argument of 'Pymultinest', removing.
03:56 INFO    : Using sampler Pymultinest with kwargs {'importance_nested_sampling': False, 'resume': True, 'verbose': True, 'sampling_efficiency': 'parameter', 'n_live_points': 2048, 'n_params': 5, 'n_clustering_params': None, 'wrapped_params': None, 'multimodal': True, 'const_efficiency_mode': False, 'evidence_tolerance': 0.5, 'n_iter_before_update': 100, 'null_log_evidence': -1e+90, 'max_modes': 100, 'mode_tolerance': -1e+90, 'seed': 42, 'context': 0, 'write_output': True, 'log_zero': -1e+100, 'max_iter': 0, 'init_MPI': False, 'dump_callback': <bound method Pymultinest._dump_callback of <bilby.core.sampler.pymultinest.Pymultinest object at 0x1555017bfe50>>}
03:56 INFO    : Temporary directory incompatible with MPI, will run in original directory
03:56 INFO    : Using output file outdirBNSBu32cores/pm_Simu2019lm/
03:56 WARNING : Supplied argument 'queue_size' not an argument of 'Pymultinest', removing.
03:56 WARNING : Supplied argument 'check_point_delta_t' not an argument of 'Pymultinest', removing.
03:56 INFO    : Using sampler Pymultinest with kwargs {'importance_nested_sampling': False, 'resume': True, 'verbose': True, 'sampling_efficiency': 'parameter', 'n_live_points': 2048, 'n_params': 5, 'n_clustering_params': None, 'wrapped_params': None, 'multimodal': True, 'const_efficiency_mode': False, 'evidence_tolerance': 0.5, 'n_iter_before_update': 100, 'null_log_evidence': -1e+90, 'max_modes': 100, 'mode_tolerance': -1e+90, 'seed': 42, 'context': 0, 'write_output': True, 'log_zero': -1e+100, 'max_iter': 0, 'init_MPI': False, 'dump_callback': <bound method Pymultinest._dump_callback of <bilby.core.sampler.pymultinest.Pymultinest object at 0x1555017bff10>>}
03:56 INFO    : Temporary directory incompatible with MPI, will run in original directory
03:56 INFO    : Using output file outdirBNSBu32cores/pm_Simu2019lm/
03:56 WARNING : Supplied argument 'queue_size' not an argument of 'Pymultinest', removing.
03:56 WARNING : Supplied argument 'check_point_delta_t' not an argument of 'Pymultinest', removing.
03:56 INFO    : Using sampler Pymultinest with kwargs {'importance_nested_sampling': False, 'resume': True, 'verbose': True, 'sampling_efficiency': 'parameter', 'n_live_points': 2048, 'n_params': 5, 'n_clustering_params': None, 'wrapped_params': None, 'multimodal': True, 'const_efficiency_mode': False, 'evidence_tolerance': 0.5, 'n_iter_before_update': 100, 'null_log_evidence': -1e+90, 'max_modes': 100, 'mode_tolerance': -1e+90, 'seed': 42, 'context': 0, 'write_output': True, 'log_zero': -1e+100, 'max_iter': 0, 'init_MPI': False, 'dump_callback': <bound method Pymultinest._dump_callback of <bilby.core.sampler.pymultinest.Pymultinest object at 0x1555017bbeb0>>}
03:56 INFO    : Temporary directory incompatible with MPI, will run in original directory
03:56 WARNING : Supplied argument 'queue_size' not an argument of 'Pymultinest', removing.
03:56 WARNING : Supplied argument 'check_point_delta_t' not an argument of 'Pymultinest', removing.
03:56 INFO    : Using sampler Pymultinest with kwargs {'importance_nested_sampling': False, 'resume': True, 'verbose': True, 'sampling_efficiency': 'parameter', 'n_live_points': 2048, 'n_params': 5, 'n_clustering_params': None, 'wrapped_params': None, 'multimodal': True, 'const_efficiency_mode': False, 'evidence_tolerance': 0.5, 'n_iter_before_update': 100, 'null_log_evidence': -1e+90, 'max_modes': 100, 'mode_tolerance': -1e+90, 'seed': 42, 'context': 0, 'write_output': True, 'log_zero': -1e+100, 'max_iter': 0, 'init_MPI': False, 'dump_callback': <bound method Pymultinest._dump_callback of <bilby.core.sampler.pymultinest.Pymultinest object at 0x1555017b7ee0>>}
03:56 INFO    : Using output file outdirBNSBu32cores/pm_Simu2019lm/
03:56 INFO    : Temporary directory incompatible with MPI, will run in original directory
03:56 INFO    : Using output file outdirBNSBu32cores/pm_Simu2019lm/
03:56 INFO    : Single likelihood evaluation took 1.089e-01 s
03:56 INFO    : Single likelihood evaluation took 1.089e-01 s
03:56 INFO    : Single likelihood evaluation took 1.089e-01 s
03:56 INFO    : Single likelihood evaluation took 1.090e-01 s
03:56 INFO    : Single likelihood evaluation took 1.096e-01 s
03:56 INFO    : Single likelihood evaluation took 1.096e-01 s
03:56 WARNING : Supplied argument 'queue_size' not an argument of 'Pymultinest', removing.
03:56 WARNING : Supplied argument 'check_point_delta_t' not an argument of 'Pymultinest', removing.
03:56 INFO    : Using sampler Pymultinest with kwargs {'importance_nested_sampling': False, 'resume': True, 'verbose': True, 'sampling_efficiency': 'parameter', 'n_live_points': 2048, 'n_params': 5, 'n_clustering_params': None, 'wrapped_params': None, 'multimodal': True, 'const_efficiency_mode': False, 'evidence_tolerance': 0.5, 'n_iter_before_update': 100, 'null_log_evidence': -1e+90, 'max_modes': 100, 'mode_tolerance': -1e+90, 'seed': 42, 'context': 0, 'write_output': True, 'log_zero': -1e+100, 'max_iter': 0, 'init_MPI': False, 'dump_callback': <bound method Pymultinest._dump_callback of <bilby.core.sampler.pymultinest.Pymultinest object at 0x1555017bbeb0>>}
03:56 INFO    : Temporary directory incompatible with MPI, will run in original directory
03:56 WARNING : Supplied argument 'queue_size' not an argument of 'Pymultinest', removing.
03:56 WARNING : Supplied argument 'check_point_delta_t' not an argument of 'Pymultinest', removing.
03:56 INFO    : Using output file outdirBNSBu32cores/pm_Simu2019lm/
03:56 INFO    : Using sampler Pymultinest with kwargs {'importance_nested_sampling': False, 'resume': True, 'verbose': True, 'sampling_efficiency': 'parameter', 'n_live_points': 2048, 'n_params': 5, 'n_clustering_params': None, 'wrapped_params': None, 'multimodal': True, 'const_efficiency_mode': False, 'evidence_tolerance': 0.5, 'n_iter_before_update': 100, 'null_log_evidence': -1e+90, 'max_modes': 100, 'mode_tolerance': -1e+90, 'seed': 42, 'context': 0, 'write_output': True, 'log_zero': -1e+100, 'max_iter': 0, 'init_MPI': False, 'dump_callback': <bound method Pymultinest._dump_callback of <bilby.core.sampler.pymultinest.Pymultinest object at 0x1555017c3fd0>>}
03:56 INFO    : Temporary directory incompatible with MPI, will run in original directory
03:56 INFO    : Using output file outdirBNSBu32cores/pm_Simu2019lm/
03:56 WARNING : Supplied argument 'queue_size' not an argument of 'Pymultinest', removing.
03:56 WARNING : Supplied argument 'queue_size' not an argument of 'Pymultinest', removing.
03:56 WARNING : Supplied argument 'check_point_delta_t' not an argument of 'Pymultinest', removing.
03:56 WARNING : Supplied argument 'check_point_delta_t' not an argument of 'Pymultinest', removing.
03:56 INFO    : Using sampler Pymultinest with kwargs {'importance_nested_sampling': False, 'resume': True, 'verbose': True, 'sampling_efficiency': 'parameter', 'n_live_points': 2048, 'n_params': 5, 'n_clustering_params': None, 'wrapped_params': None, 'multimodal': True, 'const_efficiency_mode': False, 'evidence_tolerance': 0.5, 'n_iter_before_update': 100, 'null_log_evidence': -1e+90, 'max_modes': 100, 'mode_tolerance': -1e+90, 'seed': 42, 'context': 0, 'write_output': True, 'log_zero': -1e+100, 'max_iter': 0, 'init_MPI': False, 'dump_callback': <bound method Pymultinest._dump_callback of <bilby.core.sampler.pymultinest.Pymultinest object at 0x1555017bff70>>}
03:56 INFO    : Using sampler Pymultinest with kwargs {'importance_nested_sampling': False, 'resume': True, 'verbose': True, 'sampling_efficiency': 'parameter', 'n_live_points': 2048, 'n_params': 5, 'n_clustering_params': None, 'wrapped_params': None, 'multimodal': True, 'const_efficiency_mode': False, 'evidence_tolerance': 0.5, 'n_iter_before_update': 100, 'null_log_evidence': -1e+90, 'max_modes': 100, 'mode_tolerance': -1e+90, 'seed': 42, 'context': 0, 'write_output': True, 'log_zero': -1e+100, 'max_iter': 0, 'init_MPI': False, 'dump_callback': <bound method Pymultinest._dump_callback of <bilby.core.sampler.pymultinest.Pymultinest object at 0x1555017bbf70>>}
03:56 INFO    : Temporary directory incompatible with MPI, will run in original directory
03:56 INFO    : Temporary directory incompatible with MPI, will run in original directory
03:56 INFO    : Using output file outdirBNSBu32cores/pm_Simu2019lm/
03:56 INFO    : Using output file outdirBNSBu32cores/pm_Simu2019lm/
03:56 INFO    : Single likelihood evaluation took 1.099e-01 s
03:56 INFO    : Single likelihood evaluation took 1.099e-01 s
03:56 WARNING : Supplied argument 'queue_size' not an argument of 'Pymultinest', removing.
03:56 WARNING : Supplied argument 'check_point_delta_t' not an argument of 'Pymultinest', removing.
03:56 INFO    : Using sampler Pymultinest with kwargs {'importance_nested_sampling': False, 'resume': True, 'verbose': True, 'sampling_efficiency': 'parameter', 'n_live_points': 2048, 'n_params': 5, 'n_clustering_params': None, 'wrapped_params': None, 'multimodal': True, 'const_efficiency_mode': False, 'evidence_tolerance': 0.5, 'n_iter_before_update': 100, 'null_log_evidence': -1e+90, 'max_modes': 100, 'mode_tolerance': -1e+90, 'seed': 42, 'context': 0, 'write_output': True, 'log_zero': -1e+100, 'max_iter': 0, 'init_MPI': False, 'dump_callback': <bound method Pymultinest._dump_callback of <bilby.core.sampler.pymultinest.Pymultinest object at 0x15550149b7f0>>}
03:56 INFO    : Temporary directory incompatible with MPI, will run in original directory
03:56 WARNING : Supplied argument 'queue_size' not an argument of 'Pymultinest', removing.
03:56 WARNING : Supplied argument 'check_point_delta_t' not an argument of 'Pymultinest', removing.
03:56 INFO    : Using sampler Pymultinest with kwargs {'importance_nested_sampling': False, 'resume': True, 'verbose': True, 'sampling_efficiency': 'parameter', 'n_live_points': 2048, 'n_params': 5, 'n_clustering_params': None, 'wrapped_params': None, 'multimodal': True, 'const_efficiency_mode': False, 'evidence_tolerance': 0.5, 'n_iter_before_update': 100, 'null_log_evidence': -1e+90, 'max_modes': 100, 'mode_tolerance': -1e+90, 'seed': 42, 'context': 0, 'write_output': True, 'log_zero': -1e+100, 'max_iter': 0, 'init_MPI': False, 'dump_callback': <bound method Pymultinest._dump_callback of <bilby.core.sampler.pymultinest.Pymultinest object at 0x1555017bfe80>>}
03:56 INFO    : Using output file outdirBNSBu32cores/pm_Simu2019lm/
03:56 INFO    : Temporary directory incompatible with MPI, will run in original directory
03:56 INFO    : Using output file outdirBNSBu32cores/pm_Simu2019lm/
03:56 INFO    : Single likelihood evaluation took 1.102e-01 s
03:56 WARNING : Supplied argument 'queue_size' not an argument of 'Pymultinest', removing.
03:56 WARNING : Supplied argument 'check_point_delta_t' not an argument of 'Pymultinest', removing.
03:56 INFO    : Using sampler Pymultinest with kwargs {'importance_nested_sampling': False, 'resume': True, 'verbose': True, 'sampling_efficiency': 'parameter', 'n_live_points': 2048, 'n_params': 5, 'n_clustering_params': None, 'wrapped_params': None, 'multimodal': True, 'const_efficiency_mode': False, 'evidence_tolerance': 0.5, 'n_iter_before_update': 100, 'null_log_evidence': -1e+90, 'max_modes': 100, 'mode_tolerance': -1e+90, 'seed': 42, 'context': 0, 'write_output': True, 'log_zero': -1e+100, 'max_iter': 0, 'init_MPI': False, 'dump_callback': <bound method Pymultinest._dump_callback of <bilby.core.sampler.pymultinest.Pymultinest object at 0x1555017c3fa0>>}
03:56 INFO    : Temporary directory incompatible with MPI, will run in original directory
03:56 INFO    : Using output file outdirBNSBu32cores/pm_Simu2019lm/
03:56 WARNING : Supplied argument 'queue_size' not an argument of 'Pymultinest', removing.
03:56 WARNING : Supplied argument 'check_point_delta_t' not an argument of 'Pymultinest', removing.
03:56 INFO    : Using sampler Pymultinest with kwargs {'importance_nested_sampling': False, 'resume': True, 'verbose': True, 'sampling_efficiency': 'parameter', 'n_live_points': 2048, 'n_params': 5, 'n_clustering_params': None, 'wrapped_params': None, 'multimodal': True, 'const_efficiency_mode': False, 'evidence_tolerance': 0.5, 'n_iter_before_update': 100, 'null_log_evidence': -1e+90, 'max_modes': 100, 'mode_tolerance': -1e+90, 'seed': 42, 'context': 0, 'write_output': True, 'log_zero': -1e+100, 'max_iter': 0, 'init_MPI': False, 'dump_callback': <bound method Pymultinest._dump_callback of <bilby.core.sampler.pymultinest.Pymultinest object at 0x1555017bffd0>>}
03:56 INFO    : Temporary directory incompatible with MPI, will run in original directory
03:56 INFO    : Using output file outdirBNSBu32cores/pm_Simu2019lm/
03:56 INFO    : Single likelihood evaluation took 1.103e-01 s
03:56 INFO    : Single likelihood evaluation took 1.105e-01 s
03:56 INFO    : Single likelihood evaluation took 1.107e-01 s
03:56 INFO    : Single likelihood evaluation took 1.103e-01 s
03:56 WARNING : Supplied argument 'queue_size' not an argument of 'Pymultinest', removing.
03:56 WARNING : Supplied argument 'check_point_delta_t' not an argument of 'Pymultinest', removing.
03:56 INFO    : Using sampler Pymultinest with kwargs {'importance_nested_sampling': False, 'resume': True, 'verbose': True, 'sampling_efficiency': 'parameter', 'n_live_points': 2048, 'n_params': 5, 'n_clustering_params': None, 'wrapped_params': None, 'multimodal': True, 'const_efficiency_mode': False, 'evidence_tolerance': 0.5, 'n_iter_before_update': 100, 'null_log_evidence': -1e+90, 'max_modes': 100, 'mode_tolerance': -1e+90, 'seed': 42, 'context': 0, 'write_output': True, 'log_zero': -1e+100, 'max_iter': 0, 'init_MPI': False, 'dump_callback': <bound method Pymultinest._dump_callback of <bilby.core.sampler.pymultinest.Pymultinest object at 0x1555017bbeb0>>}
03:56 INFO    : Temporary directory incompatible with MPI, will run in original directory
03:56 INFO    : Using output file outdirBNSBu32cores/pm_Simu2019lm/
03:56 INFO    : Single likelihood evaluation took 1.109e-01 s
03:56 INFO    : Single likelihood evaluation took 1.108e-01 s
03:56 INFO    : Single likelihood evaluation took 1.109e-01 s
03:56 WARNING : Supplied argument 'queue_size' not an argument of 'Pymultinest', removing.
03:56 WARNING : Supplied argument 'check_point_delta_t' not an argument of 'Pymultinest', removing.
03:56 INFO    : Using sampler Pymultinest with kwargs {'importance_nested_sampling': False, 'resume': True, 'verbose': True, 'sampling_efficiency': 'parameter', 'n_live_points': 2048, 'n_params': 5, 'n_clustering_params': None, 'wrapped_params': None, 'multimodal': True, 'const_efficiency_mode': False, 'evidence_tolerance': 0.5, 'n_iter_before_update': 100, 'null_log_evidence': -1e+90, 'max_modes': 100, 'mode_tolerance': -1e+90, 'seed': 42, 'context': 0, 'write_output': True, 'log_zero': -1e+100, 'max_iter': 0, 'init_MPI': False, 'dump_callback': <bound method Pymultinest._dump_callback of <bilby.core.sampler.pymultinest.Pymultinest object at 0x1555017c3ee0>>}
03:56 INFO    : Temporary directory incompatible with MPI, will run in original directory
03:56 INFO    : Using output file outdirBNSBu32cores/pm_Simu2019lm/
03:56 WARNING : Supplied argument 'queue_size' not an argument of 'Pymultinest', removing.
03:56 WARNING : Supplied argument 'check_point_delta_t' not an argument of 'Pymultinest', removing.
03:56 INFO    : Using sampler Pymultinest with kwargs {'importance_nested_sampling': False, 'resume': True, 'verbose': True, 'sampling_efficiency': 'parameter', 'n_live_points': 2048, 'n_params': 5, 'n_clustering_params': None, 'wrapped_params': None, 'multimodal': True, 'const_efficiency_mode': False, 'evidence_tolerance': 0.5, 'n_iter_before_update': 100, 'null_log_evidence': -1e+90, 'max_modes': 100, 'mode_tolerance': -1e+90, 'seed': 42, 'context': 0, 'write_output': True, 'log_zero': -1e+100, 'max_iter': 0, 'init_MPI': False, 'dump_callback': <bound method Pymultinest._dump_callback of <bilby.core.sampler.pymultinest.Pymultinest object at 0x1555017bbfa0>>}
03:56 INFO    : Temporary directory incompatible with MPI, will run in original directory
03:56 INFO    : Using output file outdirBNSBu32cores/pm_Simu2019lm/
03:56 WARNING : Supplied argument 'queue_size' not an argument of 'Pymultinest', removing.
03:56 WARNING : Supplied argument 'queue_size' not an argument of 'Pymultinest', removing.
03:56 WARNING : Supplied argument 'check_point_delta_t' not an argument of 'Pymultinest', removing.
03:56 WARNING : Supplied argument 'check_point_delta_t' not an argument of 'Pymultinest', removing.
03:56 WARNING : Supplied argument 'queue_size' not an argument of 'Pymultinest', removing.
03:56 WARNING : Supplied argument 'check_point_delta_t' not an argument of 'Pymultinest', removing.
03:56 INFO    : Using sampler Pymultinest with kwargs {'importance_nested_sampling': False, 'resume': True, 'verbose': True, 'sampling_efficiency': 'parameter', 'n_live_points': 2048, 'n_params': 5, 'n_clustering_params': None, 'wrapped_params': None, 'multimodal': True, 'const_efficiency_mode': False, 'evidence_tolerance': 0.5, 'n_iter_before_update': 100, 'null_log_evidence': -1e+90, 'max_modes': 100, 'mode_tolerance': -1e+90, 'seed': 42, 'context': 0, 'write_output': True, 'log_zero': -1e+100, 'max_iter': 0, 'init_MPI': False, 'dump_callback': <bound method Pymultinest._dump_callback of <bilby.core.sampler.pymultinest.Pymultinest object at 0x1555017c3f70>>}
03:56 INFO    : Using sampler Pymultinest with kwargs {'importance_nested_sampling': False, 'resume': True, 'verbose': True, 'sampling_efficiency': 'parameter', 'n_live_points': 2048, 'n_params': 5, 'n_clustering_params': None, 'wrapped_params': None, 'multimodal': True, 'const_efficiency_mode': False, 'evidence_tolerance': 0.5, 'n_iter_before_update': 100, 'null_log_evidence': -1e+90, 'max_modes': 100, 'mode_tolerance': -1e+90, 'seed': 42, 'context': 0, 'write_output': True, 'log_zero': -1e+100, 'max_iter': 0, 'init_MPI': False, 'dump_callback': <bound method Pymultinest._dump_callback of <bilby.core.sampler.pymultinest.Pymultinest object at 0x1555017bbfa0>>}
03:56 INFO    : Using sampler Pymultinest with kwargs {'importance_nested_sampling': False, 'resume': True, 'verbose': True, 'sampling_efficiency': 'parameter', 'n_live_points': 2048, 'n_params': 5, 'n_clustering_params': None, 'wrapped_params': None, 'multimodal': True, 'const_efficiency_mode': False, 'evidence_tolerance': 0.5, 'n_iter_before_update': 100, 'null_log_evidence': -1e+90, 'max_modes': 100, 'mode_tolerance': -1e+90, 'seed': 42, 'context': 0, 'write_output': True, 'log_zero': -1e+100, 'max_iter': 0, 'init_MPI': False, 'dump_callback': <bound method Pymultinest._dump_callback of <bilby.core.sampler.pymultinest.Pymultinest object at 0x1555017f3f10>>}
03:56 INFO    : Temporary directory incompatible with MPI, will run in original directory
03:56 INFO    : Temporary directory incompatible with MPI, will run in original directory
03:56 INFO    : Temporary directory incompatible with MPI, will run in original directory
03:56 WARNING : Supplied argument 'queue_size' not an argument of 'Pymultinest', removing.
03:56 WARNING : Supplied argument 'check_point_delta_t' not an argument of 'Pymultinest', removing.
03:56 INFO    : Using output file outdirBNSBu32cores/pm_Simu2019lm/
03:56 WARNING : Supplied argument 'queue_size' not an argument of 'Pymultinest', removing.
03:56 WARNING : Supplied argument 'check_point_delta_t' not an argument of 'Pymultinest', removing.
03:56 INFO    : Using sampler Pymultinest with kwargs {'importance_nested_sampling': False, 'resume': True, 'verbose': True, 'sampling_efficiency': 'parameter', 'n_live_points': 2048, 'n_params': 5, 'n_clustering_params': None, 'wrapped_params': None, 'multimodal': True, 'const_efficiency_mode': False, 'evidence_tolerance': 0.5, 'n_iter_before_update': 100, 'null_log_evidence': -1e+90, 'max_modes': 100, 'mode_tolerance': -1e+90, 'seed': 42, 'context': 0, 'write_output': True, 'log_zero': -1e+100, 'max_iter': 0, 'init_MPI': False, 'dump_callback': <bound method Pymultinest._dump_callback of <bilby.core.sampler.pymultinest.Pymultinest object at 0x15550149b7f0>>}
03:56 INFO    : Using output file outdirBNSBu32cores/pm_Simu2019lm/
03:56 INFO    : Using output file outdirBNSBu32cores/pm_Simu2019lm/
03:56 INFO    : Using sampler Pymultinest with kwargs {'importance_nested_sampling': False, 'resume': True, 'verbose': True, 'sampling_efficiency': 'parameter', 'n_live_points': 2048, 'n_params': 5, 'n_clustering_params': None, 'wrapped_params': None, 'multimodal': True, 'const_efficiency_mode': False, 'evidence_tolerance': 0.5, 'n_iter_before_update': 100, 'null_log_evidence': -1e+90, 'max_modes': 100, 'mode_tolerance': -1e+90, 'seed': 42, 'context': 0, 'write_output': True, 'log_zero': -1e+100, 'max_iter': 0, 'init_MPI': False, 'dump_callback': <bound method Pymultinest._dump_callback of <bilby.core.sampler.pymultinest.Pymultinest object at 0x1555017b7ee0>>}
03:56 INFO    : Temporary directory incompatible with MPI, will run in original directory
03:56 INFO    : Temporary directory incompatible with MPI, will run in original directory
03:56 INFO    : Using output file outdirBNSBu32cores/pm_Simu2019lm/
03:56 INFO    : Using output file outdirBNSBu32cores/pm_Simu2019lm/
03:56 INFO    : Single likelihood evaluation took 1.112e-01 s
03:56 INFO    : Single likelihood evaluation took 1.115e-01 s
03:56 INFO    : Single likelihood evaluation took 1.115e-01 s
03:56 INFO    : Single likelihood evaluation took 1.115e-01 s
03:56 WARNING : Supplied argument 'queue_size' not an argument of 'Pymultinest', removing.
03:56 WARNING : Supplied argument 'check_point_delta_t' not an argument of 'Pymultinest', removing.
03:56 WARNING : Supplied argument 'queue_size' not an argument of 'Pymultinest', removing.
03:56 INFO    : Using sampler Pymultinest with kwargs {'importance_nested_sampling': False, 'resume': True, 'verbose': True, 'sampling_efficiency': 'parameter', 'n_live_points': 2048, 'n_params': 5, 'n_clustering_params': None, 'wrapped_params': None, 'multimodal': True, 'const_efficiency_mode': False, 'evidence_tolerance': 0.5, 'n_iter_before_update': 100, 'null_log_evidence': -1e+90, 'max_modes': 100, 'mode_tolerance': -1e+90, 'seed': 42, 'context': 0, 'write_output': True, 'log_zero': -1e+100, 'max_iter': 0, 'init_MPI': False, 'dump_callback': <bound method Pymultinest._dump_callback of <bilby.core.sampler.pymultinest.Pymultinest object at 0x1555017bfee0>>}
03:56 WARNING : Supplied argument 'check_point_delta_t' not an argument of 'Pymultinest', removing.
03:56 INFO    : Using sampler Pymultinest with kwargs {'importance_nested_sampling': False, 'resume': True, 'verbose': True, 'sampling_efficiency': 'parameter', 'n_live_points': 2048, 'n_params': 5, 'n_clustering_params': None, 'wrapped_params': None, 'multimodal': True, 'const_efficiency_mode': False, 'evidence_tolerance': 0.5, 'n_iter_before_update': 100, 'null_log_evidence': -1e+90, 'max_modes': 100, 'mode_tolerance': -1e+90, 'seed': 42, 'context': 0, 'write_output': True, 'log_zero': -1e+100, 'max_iter': 0, 'init_MPI': False, 'dump_callback': <bound method Pymultinest._dump_callback of <bilby.core.sampler.pymultinest.Pymultinest object at 0x1555017bbe80>>}
03:56 INFO    : Temporary directory incompatible with MPI, will run in original directory
03:56 INFO    : Temporary directory incompatible with MPI, will run in original directory
03:56 INFO    : Using output file outdirBNSBu32cores/pm_Simu2019lm/
03:56 INFO    : Using output file outdirBNSBu32cores/pm_Simu2019lm/
03:56 WARNING : Supplied argument 'queue_size' not an argument of 'Pymultinest', removing.
03:56 WARNING : Supplied argument 'check_point_delta_t' not an argument of 'Pymultinest', removing.
03:56 INFO    : Using sampler Pymultinest with kwargs {'importance_nested_sampling': False, 'resume': True, 'verbose': True, 'sampling_efficiency': 'parameter', 'n_live_points': 2048, 'n_params': 5, 'n_clustering_params': None, 'wrapped_params': None, 'multimodal': True, 'const_efficiency_mode': False, 'evidence_tolerance': 0.5, 'n_iter_before_update': 100, 'null_log_evidence': -1e+90, 'max_modes': 100, 'mode_tolerance': -1e+90, 'seed': 42, 'context': 0, 'write_output': True, 'log_zero': -1e+100, 'max_iter': 0, 'init_MPI': False, 'dump_callback': <bound method Pymultinest._dump_callback of <bilby.core.sampler.pymultinest.Pymultinest object at 0x1555017bbf40>>}
03:56 INFO    : Temporary directory incompatible with MPI, will run in original directory
03:56 INFO    : Using output file outdirBNSBu32cores/pm_Simu2019lm/
03:56 WARNING : Supplied argument 'queue_size' not an argument of 'Pymultinest', removing.
03:56 WARNING : Supplied argument 'check_point_delta_t' not an argument of 'Pymultinest', removing.
03:56 INFO    : Using sampler Pymultinest with kwargs {'importance_nested_sampling': False, 'resume': True, 'verbose': True, 'sampling_efficiency': 'parameter', 'n_live_points': 2048, 'n_params': 5, 'n_clustering_params': None, 'wrapped_params': None, 'multimodal': True, 'const_efficiency_mode': False, 'evidence_tolerance': 0.5, 'n_iter_before_update': 100, 'null_log_evidence': -1e+90, 'max_modes': 100, 'mode_tolerance': -1e+90, 'seed': 42, 'context': 0, 'write_output': True, 'log_zero': -1e+100, 'max_iter': 0, 'init_MPI': False, 'dump_callback': <bound method Pymultinest._dump_callback of <bilby.core.sampler.pymultinest.Pymultinest object at 0x1555017c3f10>>}
03:56 INFO    : Temporary directory incompatible with MPI, will run in original directory
03:56 INFO    : Using output file outdirBNSBu32cores/pm_Simu2019lm/
03:59 INFO    : Sampling time: 0:03:42.291023
03:59 INFO    : Sampling time: 0:03:42.371150
03:59 INFO    : Sampling time: 0:03:42.368475
03:59 INFO    : Sampling time: 0:03:42.570977
03:59 INFO    : Sampling time: 0:03:42.551872
03:59 INFO    : Sampling time: 0:03:42.581281
03:59 INFO    : Sampling time: 0:03:42.288242
03:59 INFO    : Sampling time: 0:03:42.287389
03:59 INFO    : Sampling time: 0:03:42.667492
03:59 INFO    : Sampling time: 0:03:42.288393
03:59 INFO    : Sampling time: 0:03:42.412910
03:59 INFO    : Sampling time: 0:03:42.412359
03:59 INFO    : Sampling time: 0:03:42.551709
03:59 INFO    : Sampling time: 0:03:42.288521
03:59 INFO    : Sampling time: 0:03:42.459828
03:59 INFO    : Sampling time: 0:03:42.715010
03:59 INFO    : Sampling time: 0:03:42.726195
03:59 INFO    : Sampling time: 0:03:42.638842
03:59 INFO    : Sampling time: 0:03:42.224916
03:59 INFO    : Sampling time: 0:03:42.290485
03:59 INFO    : Sampling time: 0:03:42.197099
03:59 INFO    : Sampling time: 0:03:42.706631
03:59 INFO    : Sampling time: 0:03:42.419164
03:59 INFO    : Sampling time: 0:03:42.419583
03:59 INFO    : Sampling time: 0:03:42.688693
03:59 INFO    : Sampling time: 0:03:42.595899
03:59 INFO    : Sampling time: 0:03:42.706300
03:59 INFO    : Sampling time: 0:03:42.288102
03:59 INFO    : Sampling time: 0:03:42.459243
03:59 INFO    : Sampling time: 0:03:42.334564
03:59 INFO    : Sampling time: 0:03:42.225765
03:59 INFO    : Sampling time: 0:03:42.199330
03:59 ERROR   : 

Saving the data has failed with the following message:
[Errno 116] Stale file handle
Data has been dumped to outdirBNSBu32cores/Simu2019lm_result.pkl.


03:59 INFO    : Summary of results:
nsamples: 9509
ln_noise_evidence:  0.000
ln_evidence: -41.529 +/-  0.052
ln_bayes_factor: -41.529 +/-  0.052

03:59 INFO    : Summary of results:
nsamples: 9509
ln_noise_evidence:  0.000
ln_evidence: -41.529 +/-  0.052
ln_bayes_factor: -41.529 +/-  0.052

03:59 INFO    : Writing samples file to /home/thussenot/kilonovae-H0/lcsimu/cadence170817/rK/outdirBNSBu32cores/Simu2019lm_posterior_samples.dat
03:59 INFO    : Summary of results:
nsamples: 9509
ln_noise_evidence:  0.000
ln_evidence: -41.529 +/-  0.052
ln_bayes_factor: -41.529 +/-  0.052

03:59 INFO    : Summary of results:
nsamples: 9509
ln_noise_evidence:  0.000
ln_evidence: -41.529 +/-  0.052
ln_bayes_factor: -41.529 +/-  0.052

04:00 INFO    : Summary of results:
nsamples: 9509
ln_noise_evidence:  0.000
ln_evidence: -41.529 +/-  0.052
ln_bayes_factor: -41.529 +/-  0.052

04:00 INFO    : Summary of results:
nsamples: 9509
ln_noise_evidence:  0.000
ln_evidence: -41.529 +/-  0.052
ln_bayes_factor: -41.529 +/-  0.052

04:00 INFO    : Summary of results:
nsamples: 9509
ln_noise_evidence:  0.000
ln_evidence: -41.529 +/-  0.052
ln_bayes_factor: -41.529 +/-  0.052

04:00 INFO    : Summary of results:
nsamples: 9509
ln_noise_evidence:  0.000
ln_evidence: -41.529 +/-  0.052
ln_bayes_factor: -41.529 +/-  0.052

04:00 INFO    : Summary of results:
nsamples: 9509
ln_noise_evidence:  0.000
ln_evidence: -41.529 +/-  0.052
ln_bayes_factor: -41.529 +/-  0.052

04:00 INFO    : Summary of results:
nsamples: 9509
ln_noise_evidence:  0.000
ln_evidence: -41.529 +/-  0.052
ln_bayes_factor: -41.529 +/-  0.052

04:00 INFO    : Summary of results:
nsamples: 9509
ln_noise_evidence:  0.000
ln_evidence: -41.529 +/-  0.052
ln_bayes_factor: -41.529 +/-  0.052

04:03 INFO    : Running for label 'Simu2019lm', output will be saved to 'outdirBNSBu32cores'
04:03 INFO    : Analysis priors:
04:03 INFO    : KNphi=Uniform(minimum=15.0, maximum=75.0, name='KNphi', latex_label='$\\Phi$', unit=None, boundary=None)
04:03 INFO    : log10_mej_dyn=Uniform(minimum=-3.0, maximum=-1.0, name='log10_mej_dyn', latex_label='$\\log_{10}M^{\\rm{dyn}}_{\\rm{ej}}$', unit=None, boundary='reflective')
04:03 INFO    : log10_mej_wind=Uniform(minimum=-3.0, maximum=-0.5, name='log10_mej_wind', latex_label='$\\log_{10}M^{\\rm{wind}}_{\\rm{ej}}$', unit=None, boundary='reflective')
04:03 INFO    : inclination_EM=Sine(minimum=0.0, maximum=1.5707963267948966, name='inclination_EM', latex_label='$\\iota$', unit=None, boundary=None)
04:03 INFO    : luminosity_distance=LogUniform(minimum=1, maximum=500, name='luminosity_distance', latex_label='$D_L$', unit=None, boundary=None)
04:03 INFO    : timeshift=0.0
04:03 INFO    : em_syserr=1.0
04:03 INFO    : Ebv=0.0
04:03 INFO    : Analysis likelihood class: <class 'nmma.em.likelihood.OpticalLightCurve'>
04:03 INFO    : Analysis likelihood noise evidence: 0.0
04:03 INFO    : Single likelihood evaluation took 2.339e-02 s
04:03 WARNING : Supplied argument 'queue_size' not an argument of 'Pymultinest', removing.
04:03 WARNING : Supplied argument 'check_point_delta_t' not an argument of 'Pymultinest', removing.
04:03 WARNING : Using cached result
04:03 INFO    : Summary of results:
nsamples: 9509
ln_noise_evidence:  0.000
ln_evidence: -41.529 +/-  0.052
ln_bayes_factor: -41.529 +/-  0.052

04:03 INFO    : Writing samples file to /home/thussenot/kilonovae-H0/lcsimu/cadence170817/rK/outdirBNSBu32cores/Simu2019lm_posterior_samples.dat
