00:37 INFO    : Running for label 'Simu2019lm', output will be saved to 'outdirBNSBu32cores'
00:37 INFO    : Running for label 'Simu2019lm', output will be saved to 'outdirBNSBu32cores'
00:37 INFO    : Running for label 'Simu2019lm', output will be saved to 'outdirBNSBu32cores'
00:37 INFO    : Running for label 'Simu2019lm', output will be saved to 'outdirBNSBu32cores'
00:37 INFO    : Running for label 'Simu2019lm', output will be saved to 'outdirBNSBu32cores'
00:37 INFO    : Running for label 'Simu2019lm', output will be saved to 'outdirBNSBu32cores'
00:37 INFO    : Running for label 'Simu2019lm', output will be saved to 'outdirBNSBu32cores'
00:37 INFO    : Running for label 'Simu2019lm', output will be saved to 'outdirBNSBu32cores'
00:37 INFO    : Running for label 'Simu2019lm', output will be saved to 'outdirBNSBu32cores'
00:37 INFO    : Running for label 'Simu2019lm', output will be saved to 'outdirBNSBu32cores'
00:37 INFO    : Running for label 'Simu2019lm', output will be saved to 'outdirBNSBu32cores'
00:37 INFO    : Running for label 'Simu2019lm', output will be saved to 'outdirBNSBu32cores'
00:37 INFO    : Running for label 'Simu2019lm', output will be saved to 'outdirBNSBu32cores'
00:37 INFO    : Running for label 'Simu2019lm', output will be saved to 'outdirBNSBu32cores'
00:37 INFO    : Running for label 'Simu2019lm', output will be saved to 'outdirBNSBu32cores'
00:37 INFO    : Running for label 'Simu2019lm', output will be saved to 'outdirBNSBu32cores'
00:37 INFO    : Running for label 'Simu2019lm', output will be saved to 'outdirBNSBu32cores'
00:37 INFO    : Running for label 'Simu2019lm', output will be saved to 'outdirBNSBu32cores'
00:37 INFO    : Running for label 'Simu2019lm', output will be saved to 'outdirBNSBu32cores'
00:37 INFO    : Running for label 'Simu2019lm', output will be saved to 'outdirBNSBu32cores'
00:37 INFO    : Running for label 'Simu2019lm', output will be saved to 'outdirBNSBu32cores'
00:37 INFO    : Running for label 'Simu2019lm', output will be saved to 'outdirBNSBu32cores'
00:37 INFO    : Running for label 'Simu2019lm', output will be saved to 'outdirBNSBu32cores'
00:37 INFO    : Running for label 'Simu2019lm', output will be saved to 'outdirBNSBu32cores'
00:37 INFO    : Running for label 'Simu2019lm', output will be saved to 'outdirBNSBu32cores'
00:37 INFO    : Running for label 'Simu2019lm', output will be saved to 'outdirBNSBu32cores'
00:37 INFO    : Running for label 'Simu2019lm', output will be saved to 'outdirBNSBu32cores'
00:37 INFO    : Running for label 'Simu2019lm', output will be saved to 'outdirBNSBu32cores'
00:37 INFO    : Running for label 'Simu2019lm', output will be saved to 'outdirBNSBu32cores'
00:37 INFO    : Running for label 'Simu2019lm', output will be saved to 'outdirBNSBu32cores'
00:37 INFO    : Running for label 'Simu2019lm', output will be saved to 'outdirBNSBu32cores'
00:37 INFO    : Running for label 'Simu2019lm', output will be saved to 'outdirBNSBu32cores'
00:37 INFO    : Analysis priors:
00:37 INFO    : KNphi=Uniform(minimum=15.0, maximum=75.0, name='KNphi', latex_label='$\\Phi$', unit=None, boundary=None)
00:37 INFO    : log10_mej_dyn=Uniform(minimum=-3.0, maximum=-1.0, name='log10_mej_dyn', latex_label='$\\log_{10}M^{\\rm{dyn}}_{\\rm{ej}}$', unit=None, boundary='reflective')
00:37 INFO    : log10_mej_wind=Uniform(minimum=-3.0, maximum=-0.5, name='log10_mej_wind', latex_label='$\\log_{10}M^{\\rm{wind}}_{\\rm{ej}}$', unit=None, boundary='reflective')
00:37 INFO    : inclination_EM=Sine(minimum=0.0, maximum=1.5707963267948966, name='inclination_EM', latex_label='$\\iota$', unit=None, boundary=None)
00:37 INFO    : luminosity_distance=LogUniform(minimum=1, maximum=500, name='luminosity_distance', latex_label='$D_L$', unit=None, boundary=None)
00:37 INFO    : timeshift=0.0
00:37 INFO    : em_syserr=1.0
00:37 INFO    : Ebv=0.0
00:37 INFO    : Analysis likelihood class: <class 'nmma.em.likelihood.OpticalLightCurve'>
00:37 INFO    : Analysis likelihood noise evidence: 0.0
00:37 INFO    : Analysis priors:
00:37 INFO    : Analysis priors:
00:37 INFO    : KNphi=Uniform(minimum=15.0, maximum=75.0, name='KNphi', latex_label='$\\Phi$', unit=None, boundary=None)
00:37 INFO    : log10_mej_dyn=Uniform(minimum=-3.0, maximum=-1.0, name='log10_mej_dyn', latex_label='$\\log_{10}M^{\\rm{dyn}}_{\\rm{ej}}$', unit=None, boundary='reflective')
00:37 INFO    : KNphi=Uniform(minimum=15.0, maximum=75.0, name='KNphi', latex_label='$\\Phi$', unit=None, boundary=None)
00:37 INFO    : log10_mej_wind=Uniform(minimum=-3.0, maximum=-0.5, name='log10_mej_wind', latex_label='$\\log_{10}M^{\\rm{wind}}_{\\rm{ej}}$', unit=None, boundary='reflective')
00:37 INFO    : log10_mej_dyn=Uniform(minimum=-3.0, maximum=-1.0, name='log10_mej_dyn', latex_label='$\\log_{10}M^{\\rm{dyn}}_{\\rm{ej}}$', unit=None, boundary='reflective')
00:37 INFO    : inclination_EM=Sine(minimum=0.0, maximum=1.5707963267948966, name='inclination_EM', latex_label='$\\iota$', unit=None, boundary=None)
00:37 INFO    : log10_mej_wind=Uniform(minimum=-3.0, maximum=-0.5, name='log10_mej_wind', latex_label='$\\log_{10}M^{\\rm{wind}}_{\\rm{ej}}$', unit=None, boundary='reflective')
00:37 INFO    : luminosity_distance=LogUniform(minimum=1, maximum=500, name='luminosity_distance', latex_label='$D_L$', unit=None, boundary=None)
00:37 INFO    : inclination_EM=Sine(minimum=0.0, maximum=1.5707963267948966, name='inclination_EM', latex_label='$\\iota$', unit=None, boundary=None)
00:37 INFO    : timeshift=0.0
00:37 INFO    : em_syserr=1.0
00:37 INFO    : Ebv=0.0
00:37 INFO    : luminosity_distance=LogUniform(minimum=1, maximum=500, name='luminosity_distance', latex_label='$D_L$', unit=None, boundary=None)
00:37 INFO    : Analysis likelihood class: <class 'nmma.em.likelihood.OpticalLightCurve'>
00:37 INFO    : timeshift=0.0
00:37 INFO    : Analysis likelihood noise evidence: 0.0
00:37 INFO    : em_syserr=1.0
00:37 INFO    : Ebv=0.0
00:37 INFO    : Analysis likelihood class: <class 'nmma.em.likelihood.OpticalLightCurve'>
00:37 INFO    : Analysis likelihood noise evidence: 0.0
00:37 INFO    : Analysis priors:
00:37 INFO    : KNphi=Uniform(minimum=15.0, maximum=75.0, name='KNphi', latex_label='$\\Phi$', unit=None, boundary=None)
00:37 INFO    : Analysis priors:
00:37 INFO    : log10_mej_dyn=Uniform(minimum=-3.0, maximum=-1.0, name='log10_mej_dyn', latex_label='$\\log_{10}M^{\\rm{dyn}}_{\\rm{ej}}$', unit=None, boundary='reflective')
00:37 INFO    : log10_mej_wind=Uniform(minimum=-3.0, maximum=-0.5, name='log10_mej_wind', latex_label='$\\log_{10}M^{\\rm{wind}}_{\\rm{ej}}$', unit=None, boundary='reflective')
00:37 INFO    : KNphi=Uniform(minimum=15.0, maximum=75.0, name='KNphi', latex_label='$\\Phi$', unit=None, boundary=None)
00:37 INFO    : log10_mej_dyn=Uniform(minimum=-3.0, maximum=-1.0, name='log10_mej_dyn', latex_label='$\\log_{10}M^{\\rm{dyn}}_{\\rm{ej}}$', unit=None, boundary='reflective')
00:37 INFO    : inclination_EM=Sine(minimum=0.0, maximum=1.5707963267948966, name='inclination_EM', latex_label='$\\iota$', unit=None, boundary=None)
00:37 INFO    : log10_mej_wind=Uniform(minimum=-3.0, maximum=-0.5, name='log10_mej_wind', latex_label='$\\log_{10}M^{\\rm{wind}}_{\\rm{ej}}$', unit=None, boundary='reflective')
00:37 INFO    : luminosity_distance=LogUniform(minimum=1, maximum=500, name='luminosity_distance', latex_label='$D_L$', unit=None, boundary=None)
00:37 INFO    : timeshift=0.0
00:37 INFO    : em_syserr=1.0
00:37 INFO    : Ebv=0.0
00:37 INFO    : inclination_EM=Sine(minimum=0.0, maximum=1.5707963267948966, name='inclination_EM', latex_label='$\\iota$', unit=None, boundary=None)
00:37 INFO    : Analysis likelihood class: <class 'nmma.em.likelihood.OpticalLightCurve'>
00:37 INFO    : Analysis likelihood noise evidence: 0.0
00:37 INFO    : luminosity_distance=LogUniform(minimum=1, maximum=500, name='luminosity_distance', latex_label='$D_L$', unit=None, boundary=None)
00:37 INFO    : timeshift=0.0
00:37 INFO    : Analysis priors:
00:37 INFO    : em_syserr=1.0
00:37 INFO    : Ebv=0.0
00:37 INFO    : Analysis likelihood class: <class 'nmma.em.likelihood.OpticalLightCurve'>
00:37 INFO    : Analysis likelihood noise evidence: 0.0
00:37 INFO    : KNphi=Uniform(minimum=15.0, maximum=75.0, name='KNphi', latex_label='$\\Phi$', unit=None, boundary=None)
00:37 INFO    : log10_mej_dyn=Uniform(minimum=-3.0, maximum=-1.0, name='log10_mej_dyn', latex_label='$\\log_{10}M^{\\rm{dyn}}_{\\rm{ej}}$', unit=None, boundary='reflective')
00:37 INFO    : log10_mej_wind=Uniform(minimum=-3.0, maximum=-0.5, name='log10_mej_wind', latex_label='$\\log_{10}M^{\\rm{wind}}_{\\rm{ej}}$', unit=None, boundary='reflective')
00:37 INFO    : Analysis priors:
00:37 INFO    : inclination_EM=Sine(minimum=0.0, maximum=1.5707963267948966, name='inclination_EM', latex_label='$\\iota$', unit=None, boundary=None)
00:37 INFO    : Analysis priors:
00:37 INFO    : luminosity_distance=LogUniform(minimum=1, maximum=500, name='luminosity_distance', latex_label='$D_L$', unit=None, boundary=None)
00:37 INFO    : KNphi=Uniform(minimum=15.0, maximum=75.0, name='KNphi', latex_label='$\\Phi$', unit=None, boundary=None)
00:37 INFO    : Analysis priors:
00:37 INFO    : timeshift=0.0
00:37 INFO    : Analysis priors:
00:37 INFO    : em_syserr=1.0
00:37 INFO    : Ebv=0.0
00:37 INFO    : Analysis priors:
00:37 INFO    : log10_mej_dyn=Uniform(minimum=-3.0, maximum=-1.0, name='log10_mej_dyn', latex_label='$\\log_{10}M^{\\rm{dyn}}_{\\rm{ej}}$', unit=None, boundary='reflective')
00:37 INFO    : Analysis likelihood class: <class 'nmma.em.likelihood.OpticalLightCurve'>
00:37 INFO    : Analysis priors:
00:37 INFO    : Analysis likelihood noise evidence: 0.0
00:37 INFO    : Analysis priors:
00:37 INFO    : Analysis priors:
00:37 INFO    : Analysis priors:
00:37 INFO    : Analysis priors:
00:37 INFO    : log10_mej_wind=Uniform(minimum=-3.0, maximum=-0.5, name='log10_mej_wind', latex_label='$\\log_{10}M^{\\rm{wind}}_{\\rm{ej}}$', unit=None, boundary='reflective')
00:37 INFO    : KNphi=Uniform(minimum=15.0, maximum=75.0, name='KNphi', latex_label='$\\Phi$', unit=None, boundary=None)
00:37 INFO    : KNphi=Uniform(minimum=15.0, maximum=75.0, name='KNphi', latex_label='$\\Phi$', unit=None, boundary=None)
00:37 INFO    : KNphi=Uniform(minimum=15.0, maximum=75.0, name='KNphi', latex_label='$\\Phi$', unit=None, boundary=None)
00:37 INFO    : inclination_EM=Sine(minimum=0.0, maximum=1.5707963267948966, name='inclination_EM', latex_label='$\\iota$', unit=None, boundary=None)
00:37 INFO    : KNphi=Uniform(minimum=15.0, maximum=75.0, name='KNphi', latex_label='$\\Phi$', unit=None, boundary=None)
00:37 INFO    : log10_mej_dyn=Uniform(minimum=-3.0, maximum=-1.0, name='log10_mej_dyn', latex_label='$\\log_{10}M^{\\rm{dyn}}_{\\rm{ej}}$', unit=None, boundary='reflective')
00:37 INFO    : Analysis priors:
00:37 INFO    : KNphi=Uniform(minimum=15.0, maximum=75.0, name='KNphi', latex_label='$\\Phi$', unit=None, boundary=None)
00:37 INFO    : log10_mej_dyn=Uniform(minimum=-3.0, maximum=-1.0, name='log10_mej_dyn', latex_label='$\\log_{10}M^{\\rm{dyn}}_{\\rm{ej}}$', unit=None, boundary='reflective')
00:37 INFO    : log10_mej_dyn=Uniform(minimum=-3.0, maximum=-1.0, name='log10_mej_dyn', latex_label='$\\log_{10}M^{\\rm{dyn}}_{\\rm{ej}}$', unit=None, boundary='reflective')
00:37 INFO    : KNphi=Uniform(minimum=15.0, maximum=75.0, name='KNphi', latex_label='$\\Phi$', unit=None, boundary=None)
00:37 INFO    : KNphi=Uniform(minimum=15.0, maximum=75.0, name='KNphi', latex_label='$\\Phi$', unit=None, boundary=None)
00:37 INFO    : luminosity_distance=LogUniform(minimum=1, maximum=500, name='luminosity_distance', latex_label='$D_L$', unit=None, boundary=None)
00:37 INFO    : KNphi=Uniform(minimum=15.0, maximum=75.0, name='KNphi', latex_label='$\\Phi$', unit=None, boundary=None)
00:37 INFO    : log10_mej_dyn=Uniform(minimum=-3.0, maximum=-1.0, name='log10_mej_dyn', latex_label='$\\log_{10}M^{\\rm{dyn}}_{\\rm{ej}}$', unit=None, boundary='reflective')
00:37 INFO    : log10_mej_wind=Uniform(minimum=-3.0, maximum=-0.5, name='log10_mej_wind', latex_label='$\\log_{10}M^{\\rm{wind}}_{\\rm{ej}}$', unit=None, boundary='reflective')
00:37 INFO    : KNphi=Uniform(minimum=15.0, maximum=75.0, name='KNphi', latex_label='$\\Phi$', unit=None, boundary=None)
00:37 INFO    : timeshift=0.0
00:37 INFO    : log10_mej_dyn=Uniform(minimum=-3.0, maximum=-1.0, name='log10_mej_dyn', latex_label='$\\log_{10}M^{\\rm{dyn}}_{\\rm{ej}}$', unit=None, boundary='reflective')
00:37 INFO    : log10_mej_wind=Uniform(minimum=-3.0, maximum=-0.5, name='log10_mej_wind', latex_label='$\\log_{10}M^{\\rm{wind}}_{\\rm{ej}}$', unit=None, boundary='reflective')
00:37 INFO    : Analysis priors:
00:37 INFO    : log10_mej_wind=Uniform(minimum=-3.0, maximum=-0.5, name='log10_mej_wind', latex_label='$\\log_{10}M^{\\rm{wind}}_{\\rm{ej}}$', unit=None, boundary='reflective')
00:37 INFO    : em_syserr=1.0
00:37 INFO    : Analysis priors:
00:37 INFO    : Analysis priors:
00:37 INFO    : log10_mej_dyn=Uniform(minimum=-3.0, maximum=-1.0, name='log10_mej_dyn', latex_label='$\\log_{10}M^{\\rm{dyn}}_{\\rm{ej}}$', unit=None, boundary='reflective')
00:37 INFO    : Analysis priors:
00:37 INFO    : Ebv=0.0
00:37 INFO    : Analysis priors:
00:37 INFO    : log10_mej_dyn=Uniform(minimum=-3.0, maximum=-1.0, name='log10_mej_dyn', latex_label='$\\log_{10}M^{\\rm{dyn}}_{\\rm{ej}}$', unit=None, boundary='reflective')
00:37 INFO    : log10_mej_wind=Uniform(minimum=-3.0, maximum=-0.5, name='log10_mej_wind', latex_label='$\\log_{10}M^{\\rm{wind}}_{\\rm{ej}}$', unit=None, boundary='reflective')
00:37 INFO    : log10_mej_dyn=Uniform(minimum=-3.0, maximum=-1.0, name='log10_mej_dyn', latex_label='$\\log_{10}M^{\\rm{dyn}}_{\\rm{ej}}$', unit=None, boundary='reflective')
00:37 INFO    : Analysis likelihood class: <class 'nmma.em.likelihood.OpticalLightCurve'>
00:37 INFO    : KNphi=Uniform(minimum=15.0, maximum=75.0, name='KNphi', latex_label='$\\Phi$', unit=None, boundary=None)
00:37 INFO    : Analysis priors:
00:37 INFO    : inclination_EM=Sine(minimum=0.0, maximum=1.5707963267948966, name='inclination_EM', latex_label='$\\iota$', unit=None, boundary=None)
00:37 INFO    : log10_mej_dyn=Uniform(minimum=-3.0, maximum=-1.0, name='log10_mej_dyn', latex_label='$\\log_{10}M^{\\rm{dyn}}_{\\rm{ej}}$', unit=None, boundary='reflective')
00:37 INFO    : Analysis priors:
00:37 INFO    : Analysis likelihood noise evidence: 0.0
00:37 INFO    : log10_mej_wind=Uniform(minimum=-3.0, maximum=-0.5, name='log10_mej_wind', latex_label='$\\log_{10}M^{\\rm{wind}}_{\\rm{ej}}$', unit=None, boundary='reflective')
00:37 INFO    : inclination_EM=Sine(minimum=0.0, maximum=1.5707963267948966, name='inclination_EM', latex_label='$\\iota$', unit=None, boundary=None)
00:37 INFO    : inclination_EM=Sine(minimum=0.0, maximum=1.5707963267948966, name='inclination_EM', latex_label='$\\iota$', unit=None, boundary=None)
00:37 INFO    : log10_mej_wind=Uniform(minimum=-3.0, maximum=-0.5, name='log10_mej_wind', latex_label='$\\log_{10}M^{\\rm{wind}}_{\\rm{ej}}$', unit=None, boundary='reflective')
00:37 INFO    : Analysis priors:
00:37 INFO    : log10_mej_wind=Uniform(minimum=-3.0, maximum=-0.5, name='log10_mej_wind', latex_label='$\\log_{10}M^{\\rm{wind}}_{\\rm{ej}}$', unit=None, boundary='reflective')
00:37 INFO    : log10_mej_wind=Uniform(minimum=-3.0, maximum=-0.5, name='log10_mej_wind', latex_label='$\\log_{10}M^{\\rm{wind}}_{\\rm{ej}}$', unit=None, boundary='reflective')
00:37 INFO    : Analysis priors:
00:37 INFO    : inclination_EM=Sine(minimum=0.0, maximum=1.5707963267948966, name='inclination_EM', latex_label='$\\iota$', unit=None, boundary=None)
00:37 INFO    : log10_mej_dyn=Uniform(minimum=-3.0, maximum=-1.0, name='log10_mej_dyn', latex_label='$\\log_{10}M^{\\rm{dyn}}_{\\rm{ej}}$', unit=None, boundary='reflective')
00:37 INFO    : Analysis priors:
00:37 INFO    : log10_mej_wind=Uniform(minimum=-3.0, maximum=-0.5, name='log10_mej_wind', latex_label='$\\log_{10}M^{\\rm{wind}}_{\\rm{ej}}$', unit=None, boundary='reflective')
00:37 INFO    : Analysis priors:
00:37 INFO    : luminosity_distance=LogUniform(minimum=1, maximum=500, name='luminosity_distance', latex_label='$D_L$', unit=None, boundary=None)
00:37 INFO    : inclination_EM=Sine(minimum=0.0, maximum=1.5707963267948966, name='inclination_EM', latex_label='$\\iota$', unit=None, boundary=None)
00:37 INFO    : KNphi=Uniform(minimum=15.0, maximum=75.0, name='KNphi', latex_label='$\\Phi$', unit=None, boundary=None)
00:37 INFO    : Analysis priors:
00:37 INFO    : KNphi=Uniform(minimum=15.0, maximum=75.0, name='KNphi', latex_label='$\\Phi$', unit=None, boundary=None)
00:37 INFO    : timeshift=0.0
00:37 INFO    : luminosity_distance=LogUniform(minimum=1, maximum=500, name='luminosity_distance', latex_label='$D_L$', unit=None, boundary=None)
00:37 INFO    : luminosity_distance=LogUniform(minimum=1, maximum=500, name='luminosity_distance', latex_label='$D_L$', unit=None, boundary=None)
00:37 INFO    : inclination_EM=Sine(minimum=0.0, maximum=1.5707963267948966, name='inclination_EM', latex_label='$\\iota$', unit=None, boundary=None)
00:37 INFO    : KNphi=Uniform(minimum=15.0, maximum=75.0, name='KNphi', latex_label='$\\Phi$', unit=None, boundary=None)
00:37 INFO    : KNphi=Uniform(minimum=15.0, maximum=75.0, name='KNphi', latex_label='$\\Phi$', unit=None, boundary=None)
00:37 INFO    : inclination_EM=Sine(minimum=0.0, maximum=1.5707963267948966, name='inclination_EM', latex_label='$\\iota$', unit=None, boundary=None)
00:37 INFO    : em_syserr=1.0
00:37 INFO    : KNphi=Uniform(minimum=15.0, maximum=75.0, name='KNphi', latex_label='$\\Phi$', unit=None, boundary=None)
00:37 INFO    : timeshift=0.0
00:37 INFO    : timeshift=0.0
00:37 INFO    : inclination_EM=Sine(minimum=0.0, maximum=1.5707963267948966, name='inclination_EM', latex_label='$\\iota$', unit=None, boundary=None)
00:37 INFO    : log10_mej_wind=Uniform(minimum=-3.0, maximum=-0.5, name='log10_mej_wind', latex_label='$\\log_{10}M^{\\rm{wind}}_{\\rm{ej}}$', unit=None, boundary='reflective')
00:37 INFO    : luminosity_distance=LogUniform(minimum=1, maximum=500, name='luminosity_distance', latex_label='$D_L$', unit=None, boundary=None)
00:37 INFO    : Ebv=0.0
00:37 INFO    : em_syserr=1.0
00:37 INFO    : em_syserr=1.0
00:37 INFO    : KNphi=Uniform(minimum=15.0, maximum=75.0, name='KNphi', latex_label='$\\Phi$', unit=None, boundary=None)
00:37 INFO    : inclination_EM=Sine(minimum=0.0, maximum=1.5707963267948966, name='inclination_EM', latex_label='$\\iota$', unit=None, boundary=None)
00:37 INFO    : timeshift=0.0
00:37 INFO    : Analysis likelihood class: <class 'nmma.em.likelihood.OpticalLightCurve'>
00:37 INFO    : Ebv=0.0
00:37 INFO    : luminosity_distance=LogUniform(minimum=1, maximum=500, name='luminosity_distance', latex_label='$D_L$', unit=None, boundary=None)
00:37 INFO    : Ebv=0.0
00:37 INFO    : log10_mej_dyn=Uniform(minimum=-3.0, maximum=-1.0, name='log10_mej_dyn', latex_label='$\\log_{10}M^{\\rm{dyn}}_{\\rm{ej}}$', unit=None, boundary='reflective')
00:37 INFO    : KNphi=Uniform(minimum=15.0, maximum=75.0, name='KNphi', latex_label='$\\Phi$', unit=None, boundary=None)
00:37 INFO    : log10_mej_dyn=Uniform(minimum=-3.0, maximum=-1.0, name='log10_mej_dyn', latex_label='$\\log_{10}M^{\\rm{dyn}}_{\\rm{ej}}$', unit=None, boundary='reflective')
00:37 INFO    : KNphi=Uniform(minimum=15.0, maximum=75.0, name='KNphi', latex_label='$\\Phi$', unit=None, boundary=None)
00:37 INFO    : em_syserr=1.0
00:37 INFO    : Analysis likelihood noise evidence: 0.0
00:37 INFO    : luminosity_distance=LogUniform(minimum=1, maximum=500, name='luminosity_distance', latex_label='$D_L$', unit=None, boundary=None)
00:37 INFO    : log10_mej_dyn=Uniform(minimum=-3.0, maximum=-1.0, name='log10_mej_dyn', latex_label='$\\log_{10}M^{\\rm{dyn}}_{\\rm{ej}}$', unit=None, boundary='reflective')
00:37 INFO    : Analysis likelihood class: <class 'nmma.em.likelihood.OpticalLightCurve'>
00:37 INFO    : log10_mej_dyn=Uniform(minimum=-3.0, maximum=-1.0, name='log10_mej_dyn', latex_label='$\\log_{10}M^{\\rm{dyn}}_{\\rm{ej}}$', unit=None, boundary='reflective')
00:37 INFO    : Analysis likelihood class: <class 'nmma.em.likelihood.OpticalLightCurve'>
00:37 INFO    : timeshift=0.0
00:37 INFO    : Ebv=0.0
00:37 INFO    : luminosity_distance=LogUniform(minimum=1, maximum=500, name='luminosity_distance', latex_label='$D_L$', unit=None, boundary=None)
00:37 INFO    : KNphi=Uniform(minimum=15.0, maximum=75.0, name='KNphi', latex_label='$\\Phi$', unit=None, boundary=None)
00:37 INFO    : log10_mej_dyn=Uniform(minimum=-3.0, maximum=-1.0, name='log10_mej_dyn', latex_label='$\\log_{10}M^{\\rm{dyn}}_{\\rm{ej}}$', unit=None, boundary='reflective')
00:37 INFO    : luminosity_distance=LogUniform(minimum=1, maximum=500, name='luminosity_distance', latex_label='$D_L$', unit=None, boundary=None)
00:37 INFO    : inclination_EM=Sine(minimum=0.0, maximum=1.5707963267948966, name='inclination_EM', latex_label='$\\iota$', unit=None, boundary=None)
00:37 INFO    : Analysis likelihood noise evidence: 0.0
00:37 INFO    : timeshift=0.0
00:37 INFO    : em_syserr=1.0
00:37 INFO    : Analysis likelihood noise evidence: 0.0
00:37 INFO    : Analysis likelihood class: <class 'nmma.em.likelihood.OpticalLightCurve'>
00:37 INFO    : timeshift=0.0
00:37 INFO    : log10_mej_dyn=Uniform(minimum=-3.0, maximum=-1.0, name='log10_mej_dyn', latex_label='$\\log_{10}M^{\\rm{dyn}}_{\\rm{ej}}$', unit=None, boundary='reflective')
00:37 INFO    : luminosity_distance=LogUniform(minimum=1, maximum=500, name='luminosity_distance', latex_label='$D_L$', unit=None, boundary=None)
00:37 INFO    : timeshift=0.0
00:37 INFO    : KNphi=Uniform(minimum=15.0, maximum=75.0, name='KNphi', latex_label='$\\Phi$', unit=None, boundary=None)
00:37 INFO    : KNphi=Uniform(minimum=15.0, maximum=75.0, name='KNphi', latex_label='$\\Phi$', unit=None, boundary=None)
00:37 INFO    : em_syserr=1.0
00:37 INFO    : Ebv=0.0
00:37 INFO    : Analysis likelihood noise evidence: 0.0
00:37 INFO    : log10_mej_wind=Uniform(minimum=-3.0, maximum=-0.5, name='log10_mej_wind', latex_label='$\\log_{10}M^{\\rm{wind}}_{\\rm{ej}}$', unit=None, boundary='reflective')
00:37 INFO    : em_syserr=1.0
00:37 INFO    : log10_mej_wind=Uniform(minimum=-3.0, maximum=-0.5, name='log10_mej_wind', latex_label='$\\log_{10}M^{\\rm{wind}}_{\\rm{ej}}$', unit=None, boundary='reflective')
00:37 INFO    : log10_mej_dyn=Uniform(minimum=-3.0, maximum=-1.0, name='log10_mej_dyn', latex_label='$\\log_{10}M^{\\rm{dyn}}_{\\rm{ej}}$', unit=None, boundary='reflective')
00:37 INFO    : em_syserr=1.0
00:37 INFO    : KNphi=Uniform(minimum=15.0, maximum=75.0, name='KNphi', latex_label='$\\Phi$', unit=None, boundary=None)
00:37 INFO    : timeshift=0.0
00:37 INFO    : log10_mej_dyn=Uniform(minimum=-3.0, maximum=-1.0, name='log10_mej_dyn', latex_label='$\\log_{10}M^{\\rm{dyn}}_{\\rm{ej}}$', unit=None, boundary='reflective')
00:37 INFO    : log10_mej_wind=Uniform(minimum=-3.0, maximum=-0.5, name='log10_mej_wind', latex_label='$\\log_{10}M^{\\rm{wind}}_{\\rm{ej}}$', unit=None, boundary='reflective')
00:37 INFO    : log10_mej_wind=Uniform(minimum=-3.0, maximum=-0.5, name='log10_mej_wind', latex_label='$\\log_{10}M^{\\rm{wind}}_{\\rm{ej}}$', unit=None, boundary='reflective')
00:37 INFO    : Ebv=0.0
00:37 INFO    : Analysis likelihood class: <class 'nmma.em.likelihood.OpticalLightCurve'>
00:37 INFO    : Ebv=0.0
00:37 INFO    : Ebv=0.0
00:37 INFO    : em_syserr=1.0
00:37 INFO    : log10_mej_wind=Uniform(minimum=-3.0, maximum=-0.5, name='log10_mej_wind', latex_label='$\\log_{10}M^{\\rm{wind}}_{\\rm{ej}}$', unit=None, boundary='reflective')
00:37 INFO    : log10_mej_dyn=Uniform(minimum=-3.0, maximum=-1.0, name='log10_mej_dyn', latex_label='$\\log_{10}M^{\\rm{dyn}}_{\\rm{ej}}$', unit=None, boundary='reflective')
00:37 INFO    : Analysis likelihood noise evidence: 0.0
00:37 INFO    : Analysis likelihood class: <class 'nmma.em.likelihood.OpticalLightCurve'>
00:37 INFO    : Analysis likelihood class: <class 'nmma.em.likelihood.OpticalLightCurve'>
00:37 INFO    : luminosity_distance=LogUniform(minimum=1, maximum=500, name='luminosity_distance', latex_label='$D_L$', unit=None, boundary=None)
00:37 INFO    : Analysis likelihood class: <class 'nmma.em.likelihood.OpticalLightCurve'>
00:37 INFO    : Ebv=0.0
00:37 INFO    : log10_mej_wind=Uniform(minimum=-3.0, maximum=-0.5, name='log10_mej_wind', latex_label='$\\log_{10}M^{\\rm{wind}}_{\\rm{ej}}$', unit=None, boundary='reflective')
00:37 INFO    : Analysis likelihood noise evidence: 0.0
00:37 INFO    : log10_mej_dyn=Uniform(minimum=-3.0, maximum=-1.0, name='log10_mej_dyn', latex_label='$\\log_{10}M^{\\rm{dyn}}_{\\rm{ej}}$', unit=None, boundary='reflective')
00:37 INFO    : log10_mej_dyn=Uniform(minimum=-3.0, maximum=-1.0, name='log10_mej_dyn', latex_label='$\\log_{10}M^{\\rm{dyn}}_{\\rm{ej}}$', unit=None, boundary='reflective')
00:37 INFO    : Analysis likelihood noise evidence: 0.0
00:37 INFO    : Analysis likelihood class: <class 'nmma.em.likelihood.OpticalLightCurve'>
00:37 INFO    : Analysis likelihood noise evidence: 0.0
00:37 INFO    : timeshift=0.0
00:37 INFO    : inclination_EM=Sine(minimum=0.0, maximum=1.5707963267948966, name='inclination_EM', latex_label='$\\iota$', unit=None, boundary=None)
00:37 INFO    : log10_mej_wind=Uniform(minimum=-3.0, maximum=-0.5, name='log10_mej_wind', latex_label='$\\log_{10}M^{\\rm{wind}}_{\\rm{ej}}$', unit=None, boundary='reflective')
00:37 INFO    : inclination_EM=Sine(minimum=0.0, maximum=1.5707963267948966, name='inclination_EM', latex_label='$\\iota$', unit=None, boundary=None)
00:37 INFO    : log10_mej_wind=Uniform(minimum=-3.0, maximum=-0.5, name='log10_mej_wind', latex_label='$\\log_{10}M^{\\rm{wind}}_{\\rm{ej}}$', unit=None, boundary='reflective')
00:37 INFO    : log10_mej_dyn=Uniform(minimum=-3.0, maximum=-1.0, name='log10_mej_dyn', latex_label='$\\log_{10}M^{\\rm{dyn}}_{\\rm{ej}}$', unit=None, boundary='reflective')
00:37 INFO    : inclination_EM=Sine(minimum=0.0, maximum=1.5707963267948966, name='inclination_EM', latex_label='$\\iota$', unit=None, boundary=None)
00:37 INFO    : inclination_EM=Sine(minimum=0.0, maximum=1.5707963267948966, name='inclination_EM', latex_label='$\\iota$', unit=None, boundary=None)
00:37 INFO    : Analysis likelihood noise evidence: 0.0
00:37 INFO    : em_syserr=1.0
00:37 INFO    : log10_mej_wind=Uniform(minimum=-3.0, maximum=-0.5, name='log10_mej_wind', latex_label='$\\log_{10}M^{\\rm{wind}}_{\\rm{ej}}$', unit=None, boundary='reflective')
00:37 INFO    : inclination_EM=Sine(minimum=0.0, maximum=1.5707963267948966, name='inclination_EM', latex_label='$\\iota$', unit=None, boundary=None)
00:37 INFO    : Ebv=0.0
00:37 INFO    : inclination_EM=Sine(minimum=0.0, maximum=1.5707963267948966, name='inclination_EM', latex_label='$\\iota$', unit=None, boundary=None)
00:37 INFO    : Analysis likelihood class: <class 'nmma.em.likelihood.OpticalLightCurve'>
00:37 INFO    : log10_mej_wind=Uniform(minimum=-3.0, maximum=-0.5, name='log10_mej_wind', latex_label='$\\log_{10}M^{\\rm{wind}}_{\\rm{ej}}$', unit=None, boundary='reflective')
00:37 INFO    : log10_mej_wind=Uniform(minimum=-3.0, maximum=-0.5, name='log10_mej_wind', latex_label='$\\log_{10}M^{\\rm{wind}}_{\\rm{ej}}$', unit=None, boundary='reflective')
00:37 INFO    : Analysis likelihood noise evidence: 0.0
00:37 INFO    : log10_mej_wind=Uniform(minimum=-3.0, maximum=-0.5, name='log10_mej_wind', latex_label='$\\log_{10}M^{\\rm{wind}}_{\\rm{ej}}$', unit=None, boundary='reflective')
00:37 INFO    : luminosity_distance=LogUniform(minimum=1, maximum=500, name='luminosity_distance', latex_label='$D_L$', unit=None, boundary=None)
00:37 INFO    : luminosity_distance=LogUniform(minimum=1, maximum=500, name='luminosity_distance', latex_label='$D_L$', unit=None, boundary=None)
00:37 INFO    : luminosity_distance=LogUniform(minimum=1, maximum=500, name='luminosity_distance', latex_label='$D_L$', unit=None, boundary=None)
00:37 INFO    : inclination_EM=Sine(minimum=0.0, maximum=1.5707963267948966, name='inclination_EM', latex_label='$\\iota$', unit=None, boundary=None)
00:37 INFO    : inclination_EM=Sine(minimum=0.0, maximum=1.5707963267948966, name='inclination_EM', latex_label='$\\iota$', unit=None, boundary=None)
00:37 INFO    : luminosity_distance=LogUniform(minimum=1, maximum=500, name='luminosity_distance', latex_label='$D_L$', unit=None, boundary=None)
00:37 INFO    : inclination_EM=Sine(minimum=0.0, maximum=1.5707963267948966, name='inclination_EM', latex_label='$\\iota$', unit=None, boundary=None)
00:37 INFO    : timeshift=0.0
00:37 INFO    : timeshift=0.0
00:37 INFO    : luminosity_distance=LogUniform(minimum=1, maximum=500, name='luminosity_distance', latex_label='$D_L$', unit=None, boundary=None)
00:37 INFO    : timeshift=0.0
00:37 INFO    : timeshift=0.0
00:37 INFO    : em_syserr=1.0
00:37 INFO    : em_syserr=1.0
00:37 INFO    : luminosity_distance=LogUniform(minimum=1, maximum=500, name='luminosity_distance', latex_label='$D_L$', unit=None, boundary=None)
00:37 INFO    : em_syserr=1.0
00:37 INFO    : em_syserr=1.0
00:37 INFO    : timeshift=0.0
00:37 INFO    : inclination_EM=Sine(minimum=0.0, maximum=1.5707963267948966, name='inclination_EM', latex_label='$\\iota$', unit=None, boundary=None)
00:37 INFO    : Ebv=0.0
00:37 INFO    : inclination_EM=Sine(minimum=0.0, maximum=1.5707963267948966, name='inclination_EM', latex_label='$\\iota$', unit=None, boundary=None)
00:37 INFO    : Ebv=0.0
00:37 INFO    : timeshift=0.0
00:37 INFO    : Ebv=0.0
00:37 INFO    : Ebv=0.0
00:37 INFO    : em_syserr=1.0
00:37 INFO    : inclination_EM=Sine(minimum=0.0, maximum=1.5707963267948966, name='inclination_EM', latex_label='$\\iota$', unit=None, boundary=None)
00:37 INFO    : luminosity_distance=LogUniform(minimum=1, maximum=500, name='luminosity_distance', latex_label='$D_L$', unit=None, boundary=None)
00:37 INFO    : luminosity_distance=LogUniform(minimum=1, maximum=500, name='luminosity_distance', latex_label='$D_L$', unit=None, boundary=None)
00:37 INFO    : Analysis likelihood class: <class 'nmma.em.likelihood.OpticalLightCurve'>
00:37 INFO    : Analysis likelihood class: <class 'nmma.em.likelihood.OpticalLightCurve'>
00:37 INFO    : em_syserr=1.0
00:37 INFO    : Analysis likelihood class: <class 'nmma.em.likelihood.OpticalLightCurve'>
00:37 INFO    : Analysis likelihood class: <class 'nmma.em.likelihood.OpticalLightCurve'>
00:37 INFO    : Ebv=0.0
00:37 INFO    : luminosity_distance=LogUniform(minimum=1, maximum=500, name='luminosity_distance', latex_label='$D_L$', unit=None, boundary=None)
00:37 INFO    : Analysis likelihood noise evidence: 0.0
00:37 INFO    : timeshift=0.0
00:37 INFO    : Ebv=0.0
00:37 INFO    : timeshift=0.0
00:37 INFO    : Analysis likelihood noise evidence: 0.0
00:37 INFO    : Analysis likelihood noise evidence: 0.0
00:37 INFO    : Analysis likelihood noise evidence: 0.0
00:37 INFO    : Analysis likelihood class: <class 'nmma.em.likelihood.OpticalLightCurve'>
00:37 INFO    : timeshift=0.0
00:37 INFO    : em_syserr=1.0
00:37 INFO    : Analysis likelihood class: <class 'nmma.em.likelihood.OpticalLightCurve'>
00:37 INFO    : em_syserr=1.0
00:37 INFO    : em_syserr=1.0
00:37 INFO    : Analysis likelihood noise evidence: 0.0
00:37 INFO    : Ebv=0.0
00:37 INFO    : luminosity_distance=LogUniform(minimum=1, maximum=500, name='luminosity_distance', latex_label='$D_L$', unit=None, boundary=None)
00:37 INFO    : luminosity_distance=LogUniform(minimum=1, maximum=500, name='luminosity_distance', latex_label='$D_L$', unit=None, boundary=None)
00:37 INFO    : Ebv=0.0
00:37 INFO    : Analysis likelihood noise evidence: 0.0
00:37 INFO    : Ebv=0.0
00:37 INFO    : luminosity_distance=LogUniform(minimum=1, maximum=500, name='luminosity_distance', latex_label='$D_L$', unit=None, boundary=None)
00:37 INFO    : Analysis likelihood class: <class 'nmma.em.likelihood.OpticalLightCurve'>
00:37 INFO    : timeshift=0.0
00:37 INFO    : Analysis likelihood class: <class 'nmma.em.likelihood.OpticalLightCurve'>
00:37 INFO    : timeshift=0.0
00:37 INFO    : Analysis likelihood class: <class 'nmma.em.likelihood.OpticalLightCurve'>
00:37 INFO    : Analysis likelihood noise evidence: 0.0
00:37 INFO    : timeshift=0.0
00:37 INFO    : em_syserr=1.0
00:37 INFO    : em_syserr=1.0
00:37 INFO    : Analysis likelihood noise evidence: 0.0
00:37 INFO    : Analysis likelihood noise evidence: 0.0
00:37 INFO    : em_syserr=1.0
00:37 INFO    : Ebv=0.0
00:37 INFO    : Ebv=0.0
00:37 INFO    : Ebv=0.0
00:37 INFO    : Analysis likelihood class: <class 'nmma.em.likelihood.OpticalLightCurve'>
00:37 INFO    : Analysis likelihood class: <class 'nmma.em.likelihood.OpticalLightCurve'>
00:37 INFO    : Analysis likelihood class: <class 'nmma.em.likelihood.OpticalLightCurve'>
00:37 INFO    : Analysis likelihood noise evidence: 0.0
00:37 INFO    : Analysis likelihood noise evidence: 0.0
00:37 INFO    : Analysis likelihood noise evidence: 0.0
00:37 INFO    : Analysis priors:
00:37 INFO    : KNphi=Uniform(minimum=15.0, maximum=75.0, name='KNphi', latex_label='$\\Phi$', unit=None, boundary=None)
00:37 INFO    : log10_mej_dyn=Uniform(minimum=-3.0, maximum=-1.0, name='log10_mej_dyn', latex_label='$\\log_{10}M^{\\rm{dyn}}_{\\rm{ej}}$', unit=None, boundary='reflective')
00:37 INFO    : log10_mej_wind=Uniform(minimum=-3.0, maximum=-0.5, name='log10_mej_wind', latex_label='$\\log_{10}M^{\\rm{wind}}_{\\rm{ej}}$', unit=None, boundary='reflective')
00:37 INFO    : inclination_EM=Sine(minimum=0.0, maximum=1.5707963267948966, name='inclination_EM', latex_label='$\\iota$', unit=None, boundary=None)
00:37 INFO    : luminosity_distance=LogUniform(minimum=1, maximum=500, name='luminosity_distance', latex_label='$D_L$', unit=None, boundary=None)
00:37 INFO    : timeshift=0.0
00:37 INFO    : em_syserr=1.0
00:37 INFO    : Ebv=0.0
00:37 INFO    : Analysis likelihood class: <class 'nmma.em.likelihood.OpticalLightCurve'>
00:37 INFO    : Analysis likelihood noise evidence: 0.0
00:37 INFO    : Analysis priors:
00:37 INFO    : Analysis priors:
00:37 INFO    : KNphi=Uniform(minimum=15.0, maximum=75.0, name='KNphi', latex_label='$\\Phi$', unit=None, boundary=None)
00:37 INFO    : log10_mej_dyn=Uniform(minimum=-3.0, maximum=-1.0, name='log10_mej_dyn', latex_label='$\\log_{10}M^{\\rm{dyn}}_{\\rm{ej}}$', unit=None, boundary='reflective')
00:37 INFO    : KNphi=Uniform(minimum=15.0, maximum=75.0, name='KNphi', latex_label='$\\Phi$', unit=None, boundary=None)
00:37 INFO    : log10_mej_wind=Uniform(minimum=-3.0, maximum=-0.5, name='log10_mej_wind', latex_label='$\\log_{10}M^{\\rm{wind}}_{\\rm{ej}}$', unit=None, boundary='reflective')
00:37 INFO    : log10_mej_dyn=Uniform(minimum=-3.0, maximum=-1.0, name='log10_mej_dyn', latex_label='$\\log_{10}M^{\\rm{dyn}}_{\\rm{ej}}$', unit=None, boundary='reflective')
00:37 INFO    : inclination_EM=Sine(minimum=0.0, maximum=1.5707963267948966, name='inclination_EM', latex_label='$\\iota$', unit=None, boundary=None)
00:37 INFO    : luminosity_distance=LogUniform(minimum=1, maximum=500, name='luminosity_distance', latex_label='$D_L$', unit=None, boundary=None)
00:37 INFO    : timeshift=0.0
00:37 INFO    : em_syserr=1.0
00:37 INFO    : Ebv=0.0
00:37 INFO    : log10_mej_wind=Uniform(minimum=-3.0, maximum=-0.5, name='log10_mej_wind', latex_label='$\\log_{10}M^{\\rm{wind}}_{\\rm{ej}}$', unit=None, boundary='reflective')
00:37 INFO    : Analysis likelihood class: <class 'nmma.em.likelihood.OpticalLightCurve'>
00:37 INFO    : Analysis likelihood noise evidence: 0.0
00:37 INFO    : inclination_EM=Sine(minimum=0.0, maximum=1.5707963267948966, name='inclination_EM', latex_label='$\\iota$', unit=None, boundary=None)
00:37 INFO    : luminosity_distance=LogUniform(minimum=1, maximum=500, name='luminosity_distance', latex_label='$D_L$', unit=None, boundary=None)
00:37 INFO    : timeshift=0.0
00:37 INFO    : em_syserr=1.0
00:37 INFO    : Ebv=0.0
00:37 INFO    : Analysis likelihood class: <class 'nmma.em.likelihood.OpticalLightCurve'>
00:37 INFO    : Analysis likelihood noise evidence: 0.0
00:38 INFO    : Single likelihood evaluation took 3.806e-01 s
00:38 INFO    : Single likelihood evaluation took 3.814e-01 s
00:38 INFO    : Single likelihood evaluation took 3.825e-01 s
00:38 INFO    : Single likelihood evaluation took 3.825e-01 s
00:38 WARNING : Supplied argument 'queue_size' not an argument of 'Pymultinest', removing.
00:38 WARNING : Supplied argument 'check_point_delta_t' not an argument of 'Pymultinest', removing.
00:38 INFO    : Using sampler Pymultinest with kwargs {'importance_nested_sampling': False, 'resume': True, 'verbose': True, 'sampling_efficiency': 'parameter', 'n_live_points': 2048, 'n_params': 5, 'n_clustering_params': None, 'wrapped_params': None, 'multimodal': True, 'const_efficiency_mode': False, 'evidence_tolerance': 0.5, 'n_iter_before_update': 100, 'null_log_evidence': -1e+90, 'max_modes': 100, 'mode_tolerance': -1e+90, 'seed': 42, 'context': 0, 'write_output': True, 'log_zero': -1e+100, 'max_iter': 0, 'init_MPI': False, 'dump_callback': <bound method Pymultinest._dump_callback of <bilby.core.sampler.pymultinest.Pymultinest object at 0x1555017b7e80>>}
00:38 INFO    : Temporary directory incompatible with MPI, will run in original directory
00:38 WARNING : Supplied argument 'queue_size' not an argument of 'Pymultinest', removing.
00:38 WARNING : Supplied argument 'check_point_delta_t' not an argument of 'Pymultinest', removing.
00:38 INFO    : Using output file outdirBNSBu32cores/pm_Simu2019lm/
00:38 INFO    : Using sampler Pymultinest with kwargs {'importance_nested_sampling': False, 'resume': True, 'verbose': True, 'sampling_efficiency': 'parameter', 'n_live_points': 2048, 'n_params': 5, 'n_clustering_params': None, 'wrapped_params': None, 'multimodal': True, 'const_efficiency_mode': False, 'evidence_tolerance': 0.5, 'n_iter_before_update': 100, 'null_log_evidence': -1e+90, 'max_modes': 100, 'mode_tolerance': -1e+90, 'seed': 42, 'context': 0, 'write_output': True, 'log_zero': -1e+100, 'max_iter': 0, 'init_MPI': False, 'dump_callback': <bound method Pymultinest._dump_callback of <bilby.core.sampler.pymultinest.Pymultinest object at 0x1555017bbf40>>}
00:38 INFO    : Temporary directory incompatible with MPI, will run in original directory
00:38 INFO    : Using output file outdirBNSBu32cores/pm_Simu2019lm/
00:38 WARNING : Supplied argument 'queue_size' not an argument of 'Pymultinest', removing.
00:38 WARNING : Supplied argument 'check_point_delta_t' not an argument of 'Pymultinest', removing.
00:38 INFO    : Using sampler Pymultinest with kwargs {'importance_nested_sampling': False, 'resume': True, 'verbose': True, 'sampling_efficiency': 'parameter', 'n_live_points': 2048, 'n_params': 5, 'n_clustering_params': None, 'wrapped_params': None, 'multimodal': True, 'const_efficiency_mode': False, 'evidence_tolerance': 0.5, 'n_iter_before_update': 100, 'null_log_evidence': -1e+90, 'max_modes': 100, 'mode_tolerance': -1e+90, 'seed': 42, 'context': 0, 'write_output': True, 'log_zero': -1e+100, 'max_iter': 0, 'init_MPI': False, 'dump_callback': <bound method Pymultinest._dump_callback of <bilby.core.sampler.pymultinest.Pymultinest object at 0x1555017bff10>>}
00:38 WARNING : Supplied argument 'queue_size' not an argument of 'Pymultinest', removing.
00:38 INFO    : Temporary directory incompatible with MPI, will run in original directory
00:38 WARNING : Supplied argument 'check_point_delta_t' not an argument of 'Pymultinest', removing.
00:38 INFO    : Using sampler Pymultinest with kwargs {'importance_nested_sampling': False, 'resume': True, 'verbose': True, 'sampling_efficiency': 'parameter', 'n_live_points': 2048, 'n_params': 5, 'n_clustering_params': None, 'wrapped_params': None, 'multimodal': True, 'const_efficiency_mode': False, 'evidence_tolerance': 0.5, 'n_iter_before_update': 100, 'null_log_evidence': -1e+90, 'max_modes': 100, 'mode_tolerance': -1e+90, 'seed': 42, 'context': 0, 'write_output': True, 'log_zero': -1e+100, 'max_iter': 0, 'init_MPI': False, 'dump_callback': <bound method Pymultinest._dump_callback of <bilby.core.sampler.pymultinest.Pymultinest object at 0x1555017bbee0>>}
00:38 INFO    : Using output file outdirBNSBu32cores/pm_Simu2019lm/
00:38 INFO    : Temporary directory incompatible with MPI, will run in original directory
00:38 INFO    : Using output file outdirBNSBu32cores/pm_Simu2019lm/
00:38 INFO    : Single likelihood evaluation took 3.879e-01 s
00:38 INFO    : Single likelihood evaluation took 3.882e-01 s
00:38 INFO    : Single likelihood evaluation took 3.884e-01 s
00:38 INFO    : Single likelihood evaluation took 3.884e-01 s
00:38 INFO    : Single likelihood evaluation took 3.884e-01 s
00:38 INFO    : Single likelihood evaluation took 3.882e-01 s
00:38 INFO    : Single likelihood evaluation took 3.884e-01 s
00:38 INFO    : Single likelihood evaluation took 3.876e-01 s
00:38 INFO    : Single likelihood evaluation took 3.885e-01 s
00:38 INFO    : Single likelihood evaluation took 3.892e-01 s
00:38 WARNING : Supplied argument 'queue_size' not an argument of 'Pymultinest', removing.
00:38 WARNING : Supplied argument 'check_point_delta_t' not an argument of 'Pymultinest', removing.
00:38 WARNING : Supplied argument 'queue_size' not an argument of 'Pymultinest', removing.
00:38 WARNING : Supplied argument 'queue_size' not an argument of 'Pymultinest', removing.
00:38 WARNING : Supplied argument 'check_point_delta_t' not an argument of 'Pymultinest', removing.
00:38 INFO    : Using sampler Pymultinest with kwargs {'importance_nested_sampling': False, 'resume': True, 'verbose': True, 'sampling_efficiency': 'parameter', 'n_live_points': 2048, 'n_params': 5, 'n_clustering_params': None, 'wrapped_params': None, 'multimodal': True, 'const_efficiency_mode': False, 'evidence_tolerance': 0.5, 'n_iter_before_update': 100, 'null_log_evidence': -1e+90, 'max_modes': 100, 'mode_tolerance': -1e+90, 'seed': 42, 'context': 0, 'write_output': True, 'log_zero': -1e+100, 'max_iter': 0, 'init_MPI': False, 'dump_callback': <bound method Pymultinest._dump_callback of <bilby.core.sampler.pymultinest.Pymultinest object at 0x1555017c3e80>>}
00:38 WARNING : Supplied argument 'queue_size' not an argument of 'Pymultinest', removing.
00:38 WARNING : Supplied argument 'check_point_delta_t' not an argument of 'Pymultinest', removing.
00:38 WARNING : Supplied argument 'check_point_delta_t' not an argument of 'Pymultinest', removing.
00:38 INFO    : Using sampler Pymultinest with kwargs {'importance_nested_sampling': False, 'resume': True, 'verbose': True, 'sampling_efficiency': 'parameter', 'n_live_points': 2048, 'n_params': 5, 'n_clustering_params': None, 'wrapped_params': None, 'multimodal': True, 'const_efficiency_mode': False, 'evidence_tolerance': 0.5, 'n_iter_before_update': 100, 'null_log_evidence': -1e+90, 'max_modes': 100, 'mode_tolerance': -1e+90, 'seed': 42, 'context': 0, 'write_output': True, 'log_zero': -1e+100, 'max_iter': 0, 'init_MPI': False, 'dump_callback': <bound method Pymultinest._dump_callback of <bilby.core.sampler.pymultinest.Pymultinest object at 0x1555017bff70>>}
00:38 INFO    : Using sampler Pymultinest with kwargs {'importance_nested_sampling': False, 'resume': True, 'verbose': True, 'sampling_efficiency': 'parameter', 'n_live_points': 2048, 'n_params': 5, 'n_clustering_params': None, 'wrapped_params': None, 'multimodal': True, 'const_efficiency_mode': False, 'evidence_tolerance': 0.5, 'n_iter_before_update': 100, 'null_log_evidence': -1e+90, 'max_modes': 100, 'mode_tolerance': -1e+90, 'seed': 42, 'context': 0, 'write_output': True, 'log_zero': -1e+100, 'max_iter': 0, 'init_MPI': False, 'dump_callback': <bound method Pymultinest._dump_callback of <bilby.core.sampler.pymultinest.Pymultinest object at 0x1555017bfee0>>}
00:38 INFO    : Using sampler Pymultinest with kwargs {'importance_nested_sampling': False, 'resume': True, 'verbose': True, 'sampling_efficiency': 'parameter', 'n_live_points': 2048, 'n_params': 5, 'n_clustering_params': None, 'wrapped_params': None, 'multimodal': True, 'const_efficiency_mode': False, 'evidence_tolerance': 0.5, 'n_iter_before_update': 100, 'null_log_evidence': -1e+90, 'max_modes': 100, 'mode_tolerance': -1e+90, 'seed': 42, 'context': 0, 'write_output': True, 'log_zero': -1e+100, 'max_iter': 0, 'init_MPI': False, 'dump_callback': <bound method Pymultinest._dump_callback of <bilby.core.sampler.pymultinest.Pymultinest object at 0x1555017bbeb0>>}
00:38 INFO    : Temporary directory incompatible with MPI, will run in original directory
00:38 INFO    : Temporary directory incompatible with MPI, will run in original directory
00:38 INFO    : Temporary directory incompatible with MPI, will run in original directory
00:38 INFO    : Temporary directory incompatible with MPI, will run in original directory
00:38 INFO    : Using output file outdirBNSBu32cores/pm_Simu2019lm/
00:38 INFO    : Using output file outdirBNSBu32cores/pm_Simu2019lm/
00:38 INFO    : Using output file outdirBNSBu32cores/pm_Simu2019lm/
00:38 INFO    : Using output file outdirBNSBu32cores/pm_Simu2019lm/
00:38 INFO    : Single likelihood evaluation took 3.894e-01 s
00:38 INFO    : Single likelihood evaluation took 3.904e-01 s
00:38 WARNING : Supplied argument 'queue_size' not an argument of 'Pymultinest', removing.
00:38 WARNING : Supplied argument 'check_point_delta_t' not an argument of 'Pymultinest', removing.
00:38 INFO    : Using sampler Pymultinest with kwargs {'importance_nested_sampling': False, 'resume': True, 'verbose': True, 'sampling_efficiency': 'parameter', 'n_live_points': 2048, 'n_params': 5, 'n_clustering_params': None, 'wrapped_params': None, 'multimodal': True, 'const_efficiency_mode': False, 'evidence_tolerance': 0.5, 'n_iter_before_update': 100, 'null_log_evidence': -1e+90, 'max_modes': 100, 'mode_tolerance': -1e+90, 'seed': 42, 'context': 0, 'write_output': True, 'log_zero': -1e+100, 'max_iter': 0, 'init_MPI': False, 'dump_callback': <bound method Pymultinest._dump_callback of <bilby.core.sampler.pymultinest.Pymultinest object at 0x1555017bbf40>>}
00:38 INFO    : Temporary directory incompatible with MPI, will run in original directory
00:38 INFO    : Using output file outdirBNSBu32cores/pm_Simu2019lm/
00:38 WARNING : Supplied argument 'queue_size' not an argument of 'Pymultinest', removing.
00:38 WARNING : Supplied argument 'check_point_delta_t' not an argument of 'Pymultinest', removing.
00:38 INFO    : Using sampler Pymultinest with kwargs {'importance_nested_sampling': False, 'resume': True, 'verbose': True, 'sampling_efficiency': 'parameter', 'n_live_points': 2048, 'n_params': 5, 'n_clustering_params': None, 'wrapped_params': None, 'multimodal': True, 'const_efficiency_mode': False, 'evidence_tolerance': 0.5, 'n_iter_before_update': 100, 'null_log_evidence': -1e+90, 'max_modes': 100, 'mode_tolerance': -1e+90, 'seed': 42, 'context': 0, 'write_output': True, 'log_zero': -1e+100, 'max_iter': 0, 'init_MPI': False, 'dump_callback': <bound method Pymultinest._dump_callback of <bilby.core.sampler.pymultinest.Pymultinest object at 0x1555017bff40>>}
00:38 INFO    : Temporary directory incompatible with MPI, will run in original directory
00:38 INFO    : Using output file outdirBNSBu32cores/pm_Simu2019lm/
00:38 WARNING : Supplied argument 'queue_size' not an argument of 'Pymultinest', removing.
00:38 WARNING : Supplied argument 'check_point_delta_t' not an argument of 'Pymultinest', removing.
00:38 INFO    : Using sampler Pymultinest with kwargs {'importance_nested_sampling': False, 'resume': True, 'verbose': True, 'sampling_efficiency': 'parameter', 'n_live_points': 2048, 'n_params': 5, 'n_clustering_params': None, 'wrapped_params': None, 'multimodal': True, 'const_efficiency_mode': False, 'evidence_tolerance': 0.5, 'n_iter_before_update': 100, 'null_log_evidence': -1e+90, 'max_modes': 100, 'mode_tolerance': -1e+90, 'seed': 42, 'context': 0, 'write_output': True, 'log_zero': -1e+100, 'max_iter': 0, 'init_MPI': False, 'dump_callback': <bound method Pymultinest._dump_callback of <bilby.core.sampler.pymultinest.Pymultinest object at 0x1555017bbeb0>>}
00:38 WARNING : Supplied argument 'queue_size' not an argument of 'Pymultinest', removing.
00:38 WARNING : Supplied argument 'check_point_delta_t' not an argument of 'Pymultinest', removing.
00:38 INFO    : Temporary directory incompatible with MPI, will run in original directory
00:38 INFO    : Using sampler Pymultinest with kwargs {'importance_nested_sampling': False, 'resume': True, 'verbose': True, 'sampling_efficiency': 'parameter', 'n_live_points': 2048, 'n_params': 5, 'n_clustering_params': None, 'wrapped_params': None, 'multimodal': True, 'const_efficiency_mode': False, 'evidence_tolerance': 0.5, 'n_iter_before_update': 100, 'null_log_evidence': -1e+90, 'max_modes': 100, 'mode_tolerance': -1e+90, 'seed': 42, 'context': 0, 'write_output': True, 'log_zero': -1e+100, 'max_iter': 0, 'init_MPI': False, 'dump_callback': <bound method Pymultinest._dump_callback of <bilby.core.sampler.pymultinest.Pymultinest object at 0x1555017b7eb0>>}
00:38 INFO    : Temporary directory incompatible with MPI, will run in original directory
00:38 INFO    : Using output file outdirBNSBu32cores/pm_Simu2019lm/
00:38 INFO    : Using output file outdirBNSBu32cores/pm_Simu2019lm/
00:38 WARNING : Supplied argument 'queue_size' not an argument of 'Pymultinest', removing.
00:38 WARNING : Supplied argument 'check_point_delta_t' not an argument of 'Pymultinest', removing.
00:38 INFO    : Using sampler Pymultinest with kwargs {'importance_nested_sampling': False, 'resume': True, 'verbose': True, 'sampling_efficiency': 'parameter', 'n_live_points': 2048, 'n_params': 5, 'n_clustering_params': None, 'wrapped_params': None, 'multimodal': True, 'const_efficiency_mode': False, 'evidence_tolerance': 0.5, 'n_iter_before_update': 100, 'null_log_evidence': -1e+90, 'max_modes': 100, 'mode_tolerance': -1e+90, 'seed': 42, 'context': 0, 'write_output': True, 'log_zero': -1e+100, 'max_iter': 0, 'init_MPI': False, 'dump_callback': <bound method Pymultinest._dump_callback of <bilby.core.sampler.pymultinest.Pymultinest object at 0x1555017c3f40>>}
00:38 INFO    : Temporary directory incompatible with MPI, will run in original directory
00:38 INFO    : Using output file outdirBNSBu32cores/pm_Simu2019lm/
00:38 WARNING : Supplied argument 'queue_size' not an argument of 'Pymultinest', removing.
00:38 WARNING : Supplied argument 'check_point_delta_t' not an argument of 'Pymultinest', removing.
00:38 INFO    : Using sampler Pymultinest with kwargs {'importance_nested_sampling': False, 'resume': True, 'verbose': True, 'sampling_efficiency': 'parameter', 'n_live_points': 2048, 'n_params': 5, 'n_clustering_params': None, 'wrapped_params': None, 'multimodal': True, 'const_efficiency_mode': False, 'evidence_tolerance': 0.5, 'n_iter_before_update': 100, 'null_log_evidence': -1e+90, 'max_modes': 100, 'mode_tolerance': -1e+90, 'seed': 42, 'context': 0, 'write_output': True, 'log_zero': -1e+100, 'max_iter': 0, 'init_MPI': False, 'dump_callback': <bound method Pymultinest._dump_callback of <bilby.core.sampler.pymultinest.Pymultinest object at 0x1555017bfeb0>>}
00:38 INFO    : Temporary directory incompatible with MPI, will run in original directory
00:38 INFO    : Using output file outdirBNSBu32cores/pm_Simu2019lm/
00:38 WARNING : Supplied argument 'queue_size' not an argument of 'Pymultinest', removing.
00:38 WARNING : Supplied argument 'check_point_delta_t' not an argument of 'Pymultinest', removing.
00:38 WARNING : Supplied argument 'queue_size' not an argument of 'Pymultinest', removing.
00:38 WARNING : Supplied argument 'check_point_delta_t' not an argument of 'Pymultinest', removing.
00:38 INFO    : Using sampler Pymultinest with kwargs {'importance_nested_sampling': False, 'resume': True, 'verbose': True, 'sampling_efficiency': 'parameter', 'n_live_points': 2048, 'n_params': 5, 'n_clustering_params': None, 'wrapped_params': None, 'multimodal': True, 'const_efficiency_mode': False, 'evidence_tolerance': 0.5, 'n_iter_before_update': 100, 'null_log_evidence': -1e+90, 'max_modes': 100, 'mode_tolerance': -1e+90, 'seed': 42, 'context': 0, 'write_output': True, 'log_zero': -1e+100, 'max_iter': 0, 'init_MPI': False, 'dump_callback': <bound method Pymultinest._dump_callback of <bilby.core.sampler.pymultinest.Pymultinest object at 0x1555017bff40>>}
00:38 INFO    : Using sampler Pymultinest with kwargs {'importance_nested_sampling': False, 'resume': True, 'verbose': True, 'sampling_efficiency': 'parameter', 'n_live_points': 2048, 'n_params': 5, 'n_clustering_params': None, 'wrapped_params': None, 'multimodal': True, 'const_efficiency_mode': False, 'evidence_tolerance': 0.5, 'n_iter_before_update': 100, 'null_log_evidence': -1e+90, 'max_modes': 100, 'mode_tolerance': -1e+90, 'seed': 42, 'context': 0, 'write_output': True, 'log_zero': -1e+100, 'max_iter': 0, 'init_MPI': False, 'dump_callback': <bound method Pymultinest._dump_callback of <bilby.core.sampler.pymultinest.Pymultinest object at 0x1555017bbf70>>}
00:38 INFO    : Temporary directory incompatible with MPI, will run in original directory
00:38 INFO    : Temporary directory incompatible with MPI, will run in original directory
00:38 INFO    : Using output file outdirBNSBu32cores/pm_Simu2019lm/
00:38 INFO    : Using output file outdirBNSBu32cores/pm_Simu2019lm/
00:38 INFO    : Single likelihood evaluation took 4.122e-01 s
00:38 INFO    : Single likelihood evaluation took 4.144e-01 s
00:38 INFO    : Single likelihood evaluation took 4.146e-01 s
00:38 INFO    : Single likelihood evaluation took 4.152e-01 s
00:38 WARNING : Supplied argument 'queue_size' not an argument of 'Pymultinest', removing.
00:38 WARNING : Supplied argument 'check_point_delta_t' not an argument of 'Pymultinest', removing.
00:38 INFO    : Single likelihood evaluation took 4.162e-01 s
00:38 INFO    : Single likelihood evaluation took 4.162e-01 s
00:38 INFO    : Using sampler Pymultinest with kwargs {'importance_nested_sampling': False, 'resume': True, 'verbose': True, 'sampling_efficiency': 'parameter', 'n_live_points': 2048, 'n_params': 5, 'n_clustering_params': None, 'wrapped_params': None, 'multimodal': True, 'const_efficiency_mode': False, 'evidence_tolerance': 0.5, 'n_iter_before_update': 100, 'null_log_evidence': -1e+90, 'max_modes': 100, 'mode_tolerance': -1e+90, 'seed': 42, 'context': 0, 'write_output': True, 'log_zero': -1e+100, 'max_iter': 0, 'init_MPI': False, 'dump_callback': <bound method Pymultinest._dump_callback of <bilby.core.sampler.pymultinest.Pymultinest object at 0x1555017bff40>>}
00:38 INFO    : Temporary directory incompatible with MPI, will run in original directory
00:38 INFO    : Using output file outdirBNSBu32cores/pm_Simu2019lm/
00:38 INFO    : Single likelihood evaluation took 4.167e-01 s
00:38 INFO    : Single likelihood evaluation took 4.173e-01 s
00:38 WARNING : Supplied argument 'queue_size' not an argument of 'Pymultinest', removing.
00:38 WARNING : Supplied argument 'check_point_delta_t' not an argument of 'Pymultinest', removing.
00:38 INFO    : Using sampler Pymultinest with kwargs {'importance_nested_sampling': False, 'resume': True, 'verbose': True, 'sampling_efficiency': 'parameter', 'n_live_points': 2048, 'n_params': 5, 'n_clustering_params': None, 'wrapped_params': None, 'multimodal': True, 'const_efficiency_mode': False, 'evidence_tolerance': 0.5, 'n_iter_before_update': 100, 'null_log_evidence': -1e+90, 'max_modes': 100, 'mode_tolerance': -1e+90, 'seed': 42, 'context': 0, 'write_output': True, 'log_zero': -1e+100, 'max_iter': 0, 'init_MPI': False, 'dump_callback': <bound method Pymultinest._dump_callback of <bilby.core.sampler.pymultinest.Pymultinest object at 0x1555017bff10>>}
00:38 INFO    : Temporary directory incompatible with MPI, will run in original directory
00:38 INFO    : Using output file outdirBNSBu32cores/pm_Simu2019lm/
00:38 WARNING : Supplied argument 'queue_size' not an argument of 'Pymultinest', removing.
00:38 WARNING : Supplied argument 'check_point_delta_t' not an argument of 'Pymultinest', removing.
00:38 INFO    : Using sampler Pymultinest with kwargs {'importance_nested_sampling': False, 'resume': True, 'verbose': True, 'sampling_efficiency': 'parameter', 'n_live_points': 2048, 'n_params': 5, 'n_clustering_params': None, 'wrapped_params': None, 'multimodal': True, 'const_efficiency_mode': False, 'evidence_tolerance': 0.5, 'n_iter_before_update': 100, 'null_log_evidence': -1e+90, 'max_modes': 100, 'mode_tolerance': -1e+90, 'seed': 42, 'context': 0, 'write_output': True, 'log_zero': -1e+100, 'max_iter': 0, 'init_MPI': False, 'dump_callback': <bound method Pymultinest._dump_callback of <bilby.core.sampler.pymultinest.Pymultinest object at 0x1555017bffa0>>}
00:38 INFO    : Temporary directory incompatible with MPI, will run in original directory
00:38 INFO    : Using output file outdirBNSBu32cores/pm_Simu2019lm/
00:38 INFO    : Single likelihood evaluation took 4.185e-01 s
00:38 INFO    : Single likelihood evaluation took 4.184e-01 s
00:38 INFO    : Single likelihood evaluation took 4.188e-01 s
00:38 INFO    : Single likelihood evaluation took 4.186e-01 s
00:38 WARNING : Supplied argument 'queue_size' not an argument of 'Pymultinest', removing.
00:38 WARNING : Supplied argument 'check_point_delta_t' not an argument of 'Pymultinest', removing.
00:38 INFO    : Using sampler Pymultinest with kwargs {'importance_nested_sampling': False, 'resume': True, 'verbose': True, 'sampling_efficiency': 'parameter', 'n_live_points': 2048, 'n_params': 5, 'n_clustering_params': None, 'wrapped_params': None, 'multimodal': True, 'const_efficiency_mode': False, 'evidence_tolerance': 0.5, 'n_iter_before_update': 100, 'null_log_evidence': -1e+90, 'max_modes': 100, 'mode_tolerance': -1e+90, 'seed': 42, 'context': 0, 'write_output': True, 'log_zero': -1e+100, 'max_iter': 0, 'init_MPI': False, 'dump_callback': <bound method Pymultinest._dump_callback of <bilby.core.sampler.pymultinest.Pymultinest object at 0x1555017b7e80>>}
00:38 WARNING : Supplied argument 'queue_size' not an argument of 'Pymultinest', removing.
00:38 WARNING : Supplied argument 'check_point_delta_t' not an argument of 'Pymultinest', removing.
00:38 INFO    : Using sampler Pymultinest with kwargs {'importance_nested_sampling': False, 'resume': True, 'verbose': True, 'sampling_efficiency': 'parameter', 'n_live_points': 2048, 'n_params': 5, 'n_clustering_params': None, 'wrapped_params': None, 'multimodal': True, 'const_efficiency_mode': False, 'evidence_tolerance': 0.5, 'n_iter_before_update': 100, 'null_log_evidence': -1e+90, 'max_modes': 100, 'mode_tolerance': -1e+90, 'seed': 42, 'context': 0, 'write_output': True, 'log_zero': -1e+100, 'max_iter': 0, 'init_MPI': False, 'dump_callback': <bound method Pymultinest._dump_callback of <bilby.core.sampler.pymultinest.Pymultinest object at 0x1555017bfeb0>>}
00:38 INFO    : Temporary directory incompatible with MPI, will run in original directory
00:38 INFO    : Temporary directory incompatible with MPI, will run in original directory
00:38 INFO    : Using output file outdirBNSBu32cores/pm_Simu2019lm/
00:38 INFO    : Using output file outdirBNSBu32cores/pm_Simu2019lm/
00:38 INFO    : Single likelihood evaluation took 4.190e-01 s
00:38 WARNING : Supplied argument 'queue_size' not an argument of 'Pymultinest', removing.
00:38 WARNING : Supplied argument 'check_point_delta_t' not an argument of 'Pymultinest', removing.
00:38 WARNING : Supplied argument 'queue_size' not an argument of 'Pymultinest', removing.
00:38 WARNING : Supplied argument 'check_point_delta_t' not an argument of 'Pymultinest', removing.
00:38 INFO    : Using sampler Pymultinest with kwargs {'importance_nested_sampling': False, 'resume': True, 'verbose': True, 'sampling_efficiency': 'parameter', 'n_live_points': 2048, 'n_params': 5, 'n_clustering_params': None, 'wrapped_params': None, 'multimodal': True, 'const_efficiency_mode': False, 'evidence_tolerance': 0.5, 'n_iter_before_update': 100, 'null_log_evidence': -1e+90, 'max_modes': 100, 'mode_tolerance': -1e+90, 'seed': 42, 'context': 0, 'write_output': True, 'log_zero': -1e+100, 'max_iter': 0, 'init_MPI': False, 'dump_callback': <bound method Pymultinest._dump_callback of <bilby.core.sampler.pymultinest.Pymultinest object at 0x1555017bfeb0>>}
00:38 INFO    : Using sampler Pymultinest with kwargs {'importance_nested_sampling': False, 'resume': True, 'verbose': True, 'sampling_efficiency': 'parameter', 'n_live_points': 2048, 'n_params': 5, 'n_clustering_params': None, 'wrapped_params': None, 'multimodal': True, 'const_efficiency_mode': False, 'evidence_tolerance': 0.5, 'n_iter_before_update': 100, 'null_log_evidence': -1e+90, 'max_modes': 100, 'mode_tolerance': -1e+90, 'seed': 42, 'context': 0, 'write_output': True, 'log_zero': -1e+100, 'max_iter': 0, 'init_MPI': False, 'dump_callback': <bound method Pymultinest._dump_callback of <bilby.core.sampler.pymultinest.Pymultinest object at 0x1555017bffa0>>}
00:38 INFO    : Temporary directory incompatible with MPI, will run in original directory
00:38 INFO    : Temporary directory incompatible with MPI, will run in original directory
00:38 INFO    : Using output file outdirBNSBu32cores/pm_Simu2019lm/
00:38 INFO    : Using output file outdirBNSBu32cores/pm_Simu2019lm/
00:38 INFO    : Single likelihood evaluation took 4.194e-01 s
00:38 WARNING : Supplied argument 'queue_size' not an argument of 'Pymultinest', removing.
00:38 WARNING : Supplied argument 'check_point_delta_t' not an argument of 'Pymultinest', removing.
00:38 INFO    : Using sampler Pymultinest with kwargs {'importance_nested_sampling': False, 'resume': True, 'verbose': True, 'sampling_efficiency': 'parameter', 'n_live_points': 2048, 'n_params': 5, 'n_clustering_params': None, 'wrapped_params': None, 'multimodal': True, 'const_efficiency_mode': False, 'evidence_tolerance': 0.5, 'n_iter_before_update': 100, 'null_log_evidence': -1e+90, 'max_modes': 100, 'mode_tolerance': -1e+90, 'seed': 42, 'context': 0, 'write_output': True, 'log_zero': -1e+100, 'max_iter': 0, 'init_MPI': False, 'dump_callback': <bound method Pymultinest._dump_callback of <bilby.core.sampler.pymultinest.Pymultinest object at 0x1555017bbf10>>}
00:38 INFO    : Temporary directory incompatible with MPI, will run in original directory
00:38 INFO    : Using output file outdirBNSBu32cores/pm_Simu2019lm/
00:38 WARNING : Supplied argument 'queue_size' not an argument of 'Pymultinest', removing.
00:38 WARNING : Supplied argument 'check_point_delta_t' not an argument of 'Pymultinest', removing.
00:38 INFO    : Using sampler Pymultinest with kwargs {'importance_nested_sampling': False, 'resume': True, 'verbose': True, 'sampling_efficiency': 'parameter', 'n_live_points': 2048, 'n_params': 5, 'n_clustering_params': None, 'wrapped_params': None, 'multimodal': True, 'const_efficiency_mode': False, 'evidence_tolerance': 0.5, 'n_iter_before_update': 100, 'null_log_evidence': -1e+90, 'max_modes': 100, 'mode_tolerance': -1e+90, 'seed': 42, 'context': 0, 'write_output': True, 'log_zero': -1e+100, 'max_iter': 0, 'init_MPI': False, 'dump_callback': <bound method Pymultinest._dump_callback of <bilby.core.sampler.pymultinest.Pymultinest object at 0x1555017c3f40>>}
00:38 INFO    : Temporary directory incompatible with MPI, will run in original directory
00:38 INFO    : Using output file outdirBNSBu32cores/pm_Simu2019lm/
00:38 INFO    : Single likelihood evaluation took 4.211e-01 s
00:38 WARNING : Supplied argument 'queue_size' not an argument of 'Pymultinest', removing.
00:38 WARNING : Supplied argument 'check_point_delta_t' not an argument of 'Pymultinest', removing.
00:38 INFO    : Using sampler Pymultinest with kwargs {'importance_nested_sampling': False, 'resume': True, 'verbose': True, 'sampling_efficiency': 'parameter', 'n_live_points': 2048, 'n_params': 5, 'n_clustering_params': None, 'wrapped_params': None, 'multimodal': True, 'const_efficiency_mode': False, 'evidence_tolerance': 0.5, 'n_iter_before_update': 100, 'null_log_evidence': -1e+90, 'max_modes': 100, 'mode_tolerance': -1e+90, 'seed': 42, 'context': 0, 'write_output': True, 'log_zero': -1e+100, 'max_iter': 0, 'init_MPI': False, 'dump_callback': <bound method Pymultinest._dump_callback of <bilby.core.sampler.pymultinest.Pymultinest object at 0x1555017bff70>>}
00:38 INFO    : Temporary directory incompatible with MPI, will run in original directory
00:38 INFO    : Using output file outdirBNSBu32cores/pm_Simu2019lm/
00:38 INFO    : Single likelihood evaluation took 4.213e-01 s
00:38 WARNING : Supplied argument 'queue_size' not an argument of 'Pymultinest', removing.
00:38 WARNING : Supplied argument 'check_point_delta_t' not an argument of 'Pymultinest', removing.
00:38 INFO    : Using sampler Pymultinest with kwargs {'importance_nested_sampling': False, 'resume': True, 'verbose': True, 'sampling_efficiency': 'parameter', 'n_live_points': 2048, 'n_params': 5, 'n_clustering_params': None, 'wrapped_params': None, 'multimodal': True, 'const_efficiency_mode': False, 'evidence_tolerance': 0.5, 'n_iter_before_update': 100, 'null_log_evidence': -1e+90, 'max_modes': 100, 'mode_tolerance': -1e+90, 'seed': 42, 'context': 0, 'write_output': True, 'log_zero': -1e+100, 'max_iter': 0, 'init_MPI': False, 'dump_callback': <bound method Pymultinest._dump_callback of <bilby.core.sampler.pymultinest.Pymultinest object at 0x1555017bbf70>>}
00:38 INFO    : Temporary directory incompatible with MPI, will run in original directory
00:38 INFO    : Using output file outdirBNSBu32cores/pm_Simu2019lm/
00:38 WARNING : Supplied argument 'queue_size' not an argument of 'Pymultinest', removing.
00:38 WARNING : Supplied argument 'check_point_delta_t' not an argument of 'Pymultinest', removing.
00:38 INFO    : Using sampler Pymultinest with kwargs {'importance_nested_sampling': False, 'resume': True, 'verbose': True, 'sampling_efficiency': 'parameter', 'n_live_points': 2048, 'n_params': 5, 'n_clustering_params': None, 'wrapped_params': None, 'multimodal': True, 'const_efficiency_mode': False, 'evidence_tolerance': 0.5, 'n_iter_before_update': 100, 'null_log_evidence': -1e+90, 'max_modes': 100, 'mode_tolerance': -1e+90, 'seed': 42, 'context': 0, 'write_output': True, 'log_zero': -1e+100, 'max_iter': 0, 'init_MPI': False, 'dump_callback': <bound method Pymultinest._dump_callback of <bilby.core.sampler.pymultinest.Pymultinest object at 0x1555017bbfa0>>}
00:38 INFO    : Temporary directory incompatible with MPI, will run in original directory
00:38 INFO    : Using output file outdirBNSBu32cores/pm_Simu2019lm/
00:38 WARNING : Supplied argument 'queue_size' not an argument of 'Pymultinest', removing.
00:38 WARNING : Supplied argument 'check_point_delta_t' not an argument of 'Pymultinest', removing.
00:38 INFO    : Using sampler Pymultinest with kwargs {'importance_nested_sampling': False, 'resume': True, 'verbose': True, 'sampling_efficiency': 'parameter', 'n_live_points': 2048, 'n_params': 5, 'n_clustering_params': None, 'wrapped_params': None, 'multimodal': True, 'const_efficiency_mode': False, 'evidence_tolerance': 0.5, 'n_iter_before_update': 100, 'null_log_evidence': -1e+90, 'max_modes': 100, 'mode_tolerance': -1e+90, 'seed': 42, 'context': 0, 'write_output': True, 'log_zero': -1e+100, 'max_iter': 0, 'init_MPI': False, 'dump_callback': <bound method Pymultinest._dump_callback of <bilby.core.sampler.pymultinest.Pymultinest object at 0x1555017bff40>>}
00:38 INFO    : Temporary directory incompatible with MPI, will run in original directory
00:38 INFO    : Using output file outdirBNSBu32cores/pm_Simu2019lm/
00:38 WARNING : Supplied argument 'queue_size' not an argument of 'Pymultinest', removing.
00:38 WARNING : Supplied argument 'check_point_delta_t' not an argument of 'Pymultinest', removing.
00:38 INFO    : Using sampler Pymultinest with kwargs {'importance_nested_sampling': False, 'resume': True, 'verbose': True, 'sampling_efficiency': 'parameter', 'n_live_points': 2048, 'n_params': 5, 'n_clustering_params': None, 'wrapped_params': None, 'multimodal': True, 'const_efficiency_mode': False, 'evidence_tolerance': 0.5, 'n_iter_before_update': 100, 'null_log_evidence': -1e+90, 'max_modes': 100, 'mode_tolerance': -1e+90, 'seed': 42, 'context': 0, 'write_output': True, 'log_zero': -1e+100, 'max_iter': 0, 'init_MPI': False, 'dump_callback': <bound method Pymultinest._dump_callback of <bilby.core.sampler.pymultinest.Pymultinest object at 0x1555017bbf70>>}
00:38 INFO    : Temporary directory incompatible with MPI, will run in original directory
00:38 INFO    : Using output file outdirBNSBu32cores/pm_Simu2019lm/
00:38 WARNING : Supplied argument 'queue_size' not an argument of 'Pymultinest', removing.
00:38 WARNING : Supplied argument 'check_point_delta_t' not an argument of 'Pymultinest', removing.
00:38 INFO    : Using sampler Pymultinest with kwargs {'importance_nested_sampling': False, 'resume': True, 'verbose': True, 'sampling_efficiency': 'parameter', 'n_live_points': 2048, 'n_params': 5, 'n_clustering_params': None, 'wrapped_params': None, 'multimodal': True, 'const_efficiency_mode': False, 'evidence_tolerance': 0.5, 'n_iter_before_update': 100, 'null_log_evidence': -1e+90, 'max_modes': 100, 'mode_tolerance': -1e+90, 'seed': 42, 'context': 0, 'write_output': True, 'log_zero': -1e+100, 'max_iter': 0, 'init_MPI': False, 'dump_callback': <bound method Pymultinest._dump_callback of <bilby.core.sampler.pymultinest.Pymultinest object at 0x1555017b7eb0>>}
00:38 INFO    : Temporary directory incompatible with MPI, will run in original directory
00:38 INFO    : Using output file outdirBNSBu32cores/pm_Simu2019lm/
00:38 WARNING : Supplied argument 'queue_size' not an argument of 'Pymultinest', removing.
00:38 WARNING : Supplied argument 'check_point_delta_t' not an argument of 'Pymultinest', removing.
00:38 INFO    : Using sampler Pymultinest with kwargs {'importance_nested_sampling': False, 'resume': True, 'verbose': True, 'sampling_efficiency': 'parameter', 'n_live_points': 2048, 'n_params': 5, 'n_clustering_params': None, 'wrapped_params': None, 'multimodal': True, 'const_efficiency_mode': False, 'evidence_tolerance': 0.5, 'n_iter_before_update': 100, 'null_log_evidence': -1e+90, 'max_modes': 100, 'mode_tolerance': -1e+90, 'seed': 42, 'context': 0, 'write_output': True, 'log_zero': -1e+100, 'max_iter': 0, 'init_MPI': False, 'dump_callback': <bound method Pymultinest._dump_callback of <bilby.core.sampler.pymultinest.Pymultinest object at 0x1555017bfe80>>}
00:38 INFO    : Temporary directory incompatible with MPI, will run in original directory
00:38 INFO    : Using output file outdirBNSBu32cores/pm_Simu2019lm/
00:50 INFO    : Sampling time: 0:12:34.600013
00:50 INFO    : Sampling time: 0:12:34.251583
00:50 INFO    : Sampling time: 0:12:37.360825
00:50 INFO    : Sampling time: 0:12:34.260782
00:50 INFO    : Sampling time: 0:12:37.995520
00:50 INFO    : Sampling time: 0:12:37.303882
00:50 INFO    : Sampling time: 0:12:34.682140
00:50 INFO    : Sampling time: 0:12:34.351502
00:50 INFO    : Sampling time: 0:12:34.313094
00:50 INFO    : Sampling time: 0:12:34.345816
00:50 INFO    : Sampling time: 0:12:34.864279
00:50 INFO    : Sampling time: 0:12:34.509840
00:50 INFO    : Sampling time: 0:12:34.348981
00:50 INFO    : Sampling time: 0:12:37.949173
00:50 INFO    : Sampling time: 0:12:34.545371
00:50 INFO    : Sampling time: 0:12:37.375240
00:50 INFO    : Sampling time: 0:12:37.351589
00:50 INFO    : Sampling time: 0:12:37.392884
00:50 INFO    : Sampling time: 0:12:37.949970
00:50 INFO    : Sampling time: 0:12:37.450768
00:50 INFO    : Sampling time: 0:12:34.545897
00:50 INFO    : Sampling time: 0:12:37.368012
00:50 INFO    : Sampling time: 0:12:37.446071
00:50 INFO    : Sampling time: 0:12:37.367780
00:50 INFO    : Sampling time: 0:12:37.450906
00:50 INFO    : Sampling time: 0:12:37.450420
00:50 INFO    : Sampling time: 0:12:34.334762
00:50 INFO    : Sampling time: 0:12:37.999065
00:50 INFO    : Sampling time: 0:12:34.429883
00:50 INFO    : Sampling time: 0:12:37.305398
00:50 INFO    : Sampling time: 0:12:34.694062
00:50 INFO    : Sampling time: 0:12:34.604485
00:50 ERROR   : 

Saving the data has failed with the following message:
[Errno 116] Stale file handle
Data has been dumped to outdirBNSBu32cores/Simu2019lm_result.pkl.


00:50 INFO    : Summary of results:
nsamples: 11286
ln_noise_evidence:  0.000
ln_evidence: -96.908 +/-  0.054
ln_bayes_factor: -96.908 +/-  0.054

00:50 INFO    : Summary of results:
nsamples: 11286
ln_noise_evidence:  0.000
ln_evidence: -96.908 +/-  0.054
ln_bayes_factor: -96.908 +/-  0.054

00:50 INFO    : Summary of results:
nsamples: 11286
ln_noise_evidence:  0.000
ln_evidence: -96.908 +/-  0.054
ln_bayes_factor: -96.908 +/-  0.054

00:50 INFO    : Summary of results:
nsamples: 11286
ln_noise_evidence:  0.000
ln_evidence: -96.908 +/-  0.054
ln_bayes_factor: -96.908 +/-  0.054

