11:42 INFO    : Running for label 'Simu2019lm', output will be saved to 'outdirBNSBu32cores'
11:42 INFO    : Running for label 'Simu2019lm', output will be saved to 'outdirBNSBu32cores'
11:42 INFO    : Running for label 'Simu2019lm', output will be saved to 'outdirBNSBu32cores'
11:42 INFO    : Running for label 'Simu2019lm', output will be saved to 'outdirBNSBu32cores'
11:42 INFO    : Running for label 'Simu2019lm', output will be saved to 'outdirBNSBu32cores'
11:42 INFO    : Running for label 'Simu2019lm', output will be saved to 'outdirBNSBu32cores'
11:42 INFO    : Running for label 'Simu2019lm', output will be saved to 'outdirBNSBu32cores'
11:42 INFO    : Running for label 'Simu2019lm', output will be saved to 'outdirBNSBu32cores'
11:42 INFO    : Running for label 'Simu2019lm', output will be saved to 'outdirBNSBu32cores'
11:42 INFO    : Running for label 'Simu2019lm', output will be saved to 'outdirBNSBu32cores'
11:42 INFO    : Running for label 'Simu2019lm', output will be saved to 'outdirBNSBu32cores'
11:42 INFO    : Running for label 'Simu2019lm', output will be saved to 'outdirBNSBu32cores'
11:42 INFO    : Running for label 'Simu2019lm', output will be saved to 'outdirBNSBu32cores'
11:42 INFO    : Running for label 'Simu2019lm', output will be saved to 'outdirBNSBu32cores'
11:42 INFO    : Running for label 'Simu2019lm', output will be saved to 'outdirBNSBu32cores'
11:42 INFO    : Running for label 'Simu2019lm', output will be saved to 'outdirBNSBu32cores'
11:42 INFO    : Running for label 'Simu2019lm', output will be saved to 'outdirBNSBu32cores'
11:42 INFO    : Running for label 'Simu2019lm', output will be saved to 'outdirBNSBu32cores'
11:42 INFO    : Running for label 'Simu2019lm', output will be saved to 'outdirBNSBu32cores'
11:42 INFO    : Running for label 'Simu2019lm', output will be saved to 'outdirBNSBu32cores'
11:42 INFO    : Running for label 'Simu2019lm', output will be saved to 'outdirBNSBu32cores'
11:42 INFO    : Running for label 'Simu2019lm', output will be saved to 'outdirBNSBu32cores'
11:42 INFO    : Running for label 'Simu2019lm', output will be saved to 'outdirBNSBu32cores'
11:42 INFO    : Running for label 'Simu2019lm', output will be saved to 'outdirBNSBu32cores'
11:42 INFO    : Running for label 'Simu2019lm', output will be saved to 'outdirBNSBu32cores'
11:42 INFO    : Running for label 'Simu2019lm', output will be saved to 'outdirBNSBu32cores'
11:42 INFO    : Running for label 'Simu2019lm', output will be saved to 'outdirBNSBu32cores'
11:42 INFO    : Running for label 'Simu2019lm', output will be saved to 'outdirBNSBu32cores'
11:42 INFO    : Running for label 'Simu2019lm', output will be saved to 'outdirBNSBu32cores'
11:42 INFO    : Running for label 'Simu2019lm', output will be saved to 'outdirBNSBu32cores'
11:42 INFO    : Running for label 'Simu2019lm', output will be saved to 'outdirBNSBu32cores'
11:42 INFO    : Running for label 'Simu2019lm', output will be saved to 'outdirBNSBu32cores'
11:43 INFO    : Analysis priors:
11:43 INFO    : Analysis priors:
11:43 INFO    : Analysis priors:
11:43 INFO    : Analysis priors:
11:43 INFO    : Analysis priors:
11:43 INFO    : Analysis priors:
11:43 INFO    : Analysis priors:
11:43 INFO    : Analysis priors:
11:43 INFO    : Analysis priors:
11:43 INFO    : Analysis priors:
11:43 INFO    : Analysis priors:
11:43 INFO    : Analysis priors:
11:43 INFO    : Analysis priors:
11:43 INFO    : Analysis priors:
11:43 INFO    : Analysis priors:
11:43 INFO    : Analysis priors:
11:43 INFO    : Analysis priors:
11:43 INFO    : Analysis priors:
11:43 INFO    : Analysis priors:
11:43 INFO    : KNphi=Uniform(minimum=15.0, maximum=75.0, name='KNphi', latex_label='$\\Phi$', unit=None, boundary=None)
11:43 INFO    : Analysis priors:
11:43 INFO    : Analysis priors:
11:43 INFO    : Analysis priors:
11:43 INFO    : Analysis priors:
11:43 INFO    : Analysis priors:
11:43 INFO    : Analysis priors:
11:43 INFO    : Analysis priors:
11:43 INFO    : Analysis priors:
11:43 INFO    : Analysis priors:
11:43 INFO    : Analysis priors:
11:43 INFO    : Analysis priors:
11:43 INFO    : log10_mej_dyn=Uniform(minimum=-3.0, maximum=-1.0, name='log10_mej_dyn', latex_label='$\\log_{10}M^{\\rm{dyn}}_{\\rm{ej}}$', unit=None, boundary='reflective')
11:43 INFO    : KNphi=Uniform(minimum=15.0, maximum=75.0, name='KNphi', latex_label='$\\Phi$', unit=None, boundary=None)
11:43 INFO    : KNphi=Uniform(minimum=15.0, maximum=75.0, name='KNphi', latex_label='$\\Phi$', unit=None, boundary=None)
11:43 INFO    : KNphi=Uniform(minimum=15.0, maximum=75.0, name='KNphi', latex_label='$\\Phi$', unit=None, boundary=None)
11:43 INFO    : KNphi=Uniform(minimum=15.0, maximum=75.0, name='KNphi', latex_label='$\\Phi$', unit=None, boundary=None)
11:43 INFO    : KNphi=Uniform(minimum=15.0, maximum=75.0, name='KNphi', latex_label='$\\Phi$', unit=None, boundary=None)
11:43 INFO    : KNphi=Uniform(minimum=15.0, maximum=75.0, name='KNphi', latex_label='$\\Phi$', unit=None, boundary=None)
11:43 INFO    : KNphi=Uniform(minimum=15.0, maximum=75.0, name='KNphi', latex_label='$\\Phi$', unit=None, boundary=None)
11:43 INFO    : KNphi=Uniform(minimum=15.0, maximum=75.0, name='KNphi', latex_label='$\\Phi$', unit=None, boundary=None)
11:43 INFO    : KNphi=Uniform(minimum=15.0, maximum=75.0, name='KNphi', latex_label='$\\Phi$', unit=None, boundary=None)
11:43 INFO    : KNphi=Uniform(minimum=15.0, maximum=75.0, name='KNphi', latex_label='$\\Phi$', unit=None, boundary=None)
11:43 INFO    : KNphi=Uniform(minimum=15.0, maximum=75.0, name='KNphi', latex_label='$\\Phi$', unit=None, boundary=None)
11:43 INFO    : KNphi=Uniform(minimum=15.0, maximum=75.0, name='KNphi', latex_label='$\\Phi$', unit=None, boundary=None)
11:43 INFO    : KNphi=Uniform(minimum=15.0, maximum=75.0, name='KNphi', latex_label='$\\Phi$', unit=None, boundary=None)
11:43 INFO    : Analysis priors:
11:43 INFO    : KNphi=Uniform(minimum=15.0, maximum=75.0, name='KNphi', latex_label='$\\Phi$', unit=None, boundary=None)
11:43 INFO    : KNphi=Uniform(minimum=15.0, maximum=75.0, name='KNphi', latex_label='$\\Phi$', unit=None, boundary=None)
11:43 INFO    : KNphi=Uniform(minimum=15.0, maximum=75.0, name='KNphi', latex_label='$\\Phi$', unit=None, boundary=None)
11:43 INFO    : KNphi=Uniform(minimum=15.0, maximum=75.0, name='KNphi', latex_label='$\\Phi$', unit=None, boundary=None)
11:43 INFO    : KNphi=Uniform(minimum=15.0, maximum=75.0, name='KNphi', latex_label='$\\Phi$', unit=None, boundary=None)
11:43 INFO    : log10_mej_wind=Uniform(minimum=-3.0, maximum=-0.5, name='log10_mej_wind', latex_label='$\\log_{10}M^{\\rm{wind}}_{\\rm{ej}}$', unit=None, boundary='reflective')
11:43 INFO    : log10_mej_dyn=Uniform(minimum=-3.0, maximum=-1.0, name='log10_mej_dyn', latex_label='$\\log_{10}M^{\\rm{dyn}}_{\\rm{ej}}$', unit=None, boundary='reflective')
11:43 INFO    : log10_mej_dyn=Uniform(minimum=-3.0, maximum=-1.0, name='log10_mej_dyn', latex_label='$\\log_{10}M^{\\rm{dyn}}_{\\rm{ej}}$', unit=None, boundary='reflective')
11:43 INFO    : log10_mej_dyn=Uniform(minimum=-3.0, maximum=-1.0, name='log10_mej_dyn', latex_label='$\\log_{10}M^{\\rm{dyn}}_{\\rm{ej}}$', unit=None, boundary='reflective')
11:43 INFO    : log10_mej_dyn=Uniform(minimum=-3.0, maximum=-1.0, name='log10_mej_dyn', latex_label='$\\log_{10}M^{\\rm{dyn}}_{\\rm{ej}}$', unit=None, boundary='reflective')
11:43 INFO    : log10_mej_dyn=Uniform(minimum=-3.0, maximum=-1.0, name='log10_mej_dyn', latex_label='$\\log_{10}M^{\\rm{dyn}}_{\\rm{ej}}$', unit=None, boundary='reflective')
11:43 INFO    : log10_mej_dyn=Uniform(minimum=-3.0, maximum=-1.0, name='log10_mej_dyn', latex_label='$\\log_{10}M^{\\rm{dyn}}_{\\rm{ej}}$', unit=None, boundary='reflective')
11:43 INFO    : log10_mej_dyn=Uniform(minimum=-3.0, maximum=-1.0, name='log10_mej_dyn', latex_label='$\\log_{10}M^{\\rm{dyn}}_{\\rm{ej}}$', unit=None, boundary='reflective')
11:43 INFO    : log10_mej_dyn=Uniform(minimum=-3.0, maximum=-1.0, name='log10_mej_dyn', latex_label='$\\log_{10}M^{\\rm{dyn}}_{\\rm{ej}}$', unit=None, boundary='reflective')
11:43 INFO    : KNphi=Uniform(minimum=15.0, maximum=75.0, name='KNphi', latex_label='$\\Phi$', unit=None, boundary=None)
11:43 INFO    : log10_mej_dyn=Uniform(minimum=-3.0, maximum=-1.0, name='log10_mej_dyn', latex_label='$\\log_{10}M^{\\rm{dyn}}_{\\rm{ej}}$', unit=None, boundary='reflective')
11:43 INFO    : log10_mej_dyn=Uniform(minimum=-3.0, maximum=-1.0, name='log10_mej_dyn', latex_label='$\\log_{10}M^{\\rm{dyn}}_{\\rm{ej}}$', unit=None, boundary='reflective')
11:43 INFO    : log10_mej_dyn=Uniform(minimum=-3.0, maximum=-1.0, name='log10_mej_dyn', latex_label='$\\log_{10}M^{\\rm{dyn}}_{\\rm{ej}}$', unit=None, boundary='reflective')
11:43 INFO    : log10_mej_dyn=Uniform(minimum=-3.0, maximum=-1.0, name='log10_mej_dyn', latex_label='$\\log_{10}M^{\\rm{dyn}}_{\\rm{ej}}$', unit=None, boundary='reflective')
11:43 INFO    : log10_mej_dyn=Uniform(minimum=-3.0, maximum=-1.0, name='log10_mej_dyn', latex_label='$\\log_{10}M^{\\rm{dyn}}_{\\rm{ej}}$', unit=None, boundary='reflective')
11:43 INFO    : KNphi=Uniform(minimum=15.0, maximum=75.0, name='KNphi', latex_label='$\\Phi$', unit=None, boundary=None)
11:43 INFO    : log10_mej_dyn=Uniform(minimum=-3.0, maximum=-1.0, name='log10_mej_dyn', latex_label='$\\log_{10}M^{\\rm{dyn}}_{\\rm{ej}}$', unit=None, boundary='reflective')
11:43 INFO    : KNphi=Uniform(minimum=15.0, maximum=75.0, name='KNphi', latex_label='$\\Phi$', unit=None, boundary=None)
11:43 INFO    : log10_mej_dyn=Uniform(minimum=-3.0, maximum=-1.0, name='log10_mej_dyn', latex_label='$\\log_{10}M^{\\rm{dyn}}_{\\rm{ej}}$', unit=None, boundary='reflective')
11:43 INFO    : KNphi=Uniform(minimum=15.0, maximum=75.0, name='KNphi', latex_label='$\\Phi$', unit=None, boundary=None)
11:43 INFO    : KNphi=Uniform(minimum=15.0, maximum=75.0, name='KNphi', latex_label='$\\Phi$', unit=None, boundary=None)
11:43 INFO    : KNphi=Uniform(minimum=15.0, maximum=75.0, name='KNphi', latex_label='$\\Phi$', unit=None, boundary=None)
11:43 INFO    : KNphi=Uniform(minimum=15.0, maximum=75.0, name='KNphi', latex_label='$\\Phi$', unit=None, boundary=None)
11:43 INFO    : log10_mej_dyn=Uniform(minimum=-3.0, maximum=-1.0, name='log10_mej_dyn', latex_label='$\\log_{10}M^{\\rm{dyn}}_{\\rm{ej}}$', unit=None, boundary='reflective')
11:43 INFO    : KNphi=Uniform(minimum=15.0, maximum=75.0, name='KNphi', latex_label='$\\Phi$', unit=None, boundary=None)
11:43 INFO    : KNphi=Uniform(minimum=15.0, maximum=75.0, name='KNphi', latex_label='$\\Phi$', unit=None, boundary=None)
11:43 INFO    : log10_mej_dyn=Uniform(minimum=-3.0, maximum=-1.0, name='log10_mej_dyn', latex_label='$\\log_{10}M^{\\rm{dyn}}_{\\rm{ej}}$', unit=None, boundary='reflective')
11:43 INFO    : KNphi=Uniform(minimum=15.0, maximum=75.0, name='KNphi', latex_label='$\\Phi$', unit=None, boundary=None)
11:43 INFO    : log10_mej_dyn=Uniform(minimum=-3.0, maximum=-1.0, name='log10_mej_dyn', latex_label='$\\log_{10}M^{\\rm{dyn}}_{\\rm{ej}}$', unit=None, boundary='reflective')
11:43 INFO    : log10_mej_wind=Uniform(minimum=-3.0, maximum=-0.5, name='log10_mej_wind', latex_label='$\\log_{10}M^{\\rm{wind}}_{\\rm{ej}}$', unit=None, boundary='reflective')
11:43 INFO    : inclination_EM=Sine(minimum=0.0, maximum=1.5707963267948966, name='inclination_EM', latex_label='$\\iota$', unit=None, boundary=None)
11:43 INFO    : log10_mej_wind=Uniform(minimum=-3.0, maximum=-0.5, name='log10_mej_wind', latex_label='$\\log_{10}M^{\\rm{wind}}_{\\rm{ej}}$', unit=None, boundary='reflective')
11:43 INFO    : log10_mej_wind=Uniform(minimum=-3.0, maximum=-0.5, name='log10_mej_wind', latex_label='$\\log_{10}M^{\\rm{wind}}_{\\rm{ej}}$', unit=None, boundary='reflective')
11:43 INFO    : log10_mej_wind=Uniform(minimum=-3.0, maximum=-0.5, name='log10_mej_wind', latex_label='$\\log_{10}M^{\\rm{wind}}_{\\rm{ej}}$', unit=None, boundary='reflective')
11:43 INFO    : log10_mej_wind=Uniform(minimum=-3.0, maximum=-0.5, name='log10_mej_wind', latex_label='$\\log_{10}M^{\\rm{wind}}_{\\rm{ej}}$', unit=None, boundary='reflective')
11:43 INFO    : KNphi=Uniform(minimum=15.0, maximum=75.0, name='KNphi', latex_label='$\\Phi$', unit=None, boundary=None)
11:43 INFO    : log10_mej_wind=Uniform(minimum=-3.0, maximum=-0.5, name='log10_mej_wind', latex_label='$\\log_{10}M^{\\rm{wind}}_{\\rm{ej}}$', unit=None, boundary='reflective')
11:43 INFO    : log10_mej_wind=Uniform(minimum=-3.0, maximum=-0.5, name='log10_mej_wind', latex_label='$\\log_{10}M^{\\rm{wind}}_{\\rm{ej}}$', unit=None, boundary='reflective')
11:43 INFO    : log10_mej_wind=Uniform(minimum=-3.0, maximum=-0.5, name='log10_mej_wind', latex_label='$\\log_{10}M^{\\rm{wind}}_{\\rm{ej}}$', unit=None, boundary='reflective')
11:43 INFO    : log10_mej_dyn=Uniform(minimum=-3.0, maximum=-1.0, name='log10_mej_dyn', latex_label='$\\log_{10}M^{\\rm{dyn}}_{\\rm{ej}}$', unit=None, boundary='reflective')
11:43 INFO    : log10_mej_wind=Uniform(minimum=-3.0, maximum=-0.5, name='log10_mej_wind', latex_label='$\\log_{10}M^{\\rm{wind}}_{\\rm{ej}}$', unit=None, boundary='reflective')
11:43 INFO    : log10_mej_wind=Uniform(minimum=-3.0, maximum=-0.5, name='log10_mej_wind', latex_label='$\\log_{10}M^{\\rm{wind}}_{\\rm{ej}}$', unit=None, boundary='reflective')
11:43 INFO    : log10_mej_wind=Uniform(minimum=-3.0, maximum=-0.5, name='log10_mej_wind', latex_label='$\\log_{10}M^{\\rm{wind}}_{\\rm{ej}}$', unit=None, boundary='reflective')
11:43 INFO    : log10_mej_wind=Uniform(minimum=-3.0, maximum=-0.5, name='log10_mej_wind', latex_label='$\\log_{10}M^{\\rm{wind}}_{\\rm{ej}}$', unit=None, boundary='reflective')
11:43 INFO    : log10_mej_wind=Uniform(minimum=-3.0, maximum=-0.5, name='log10_mej_wind', latex_label='$\\log_{10}M^{\\rm{wind}}_{\\rm{ej}}$', unit=None, boundary='reflective')
11:43 INFO    : log10_mej_wind=Uniform(minimum=-3.0, maximum=-0.5, name='log10_mej_wind', latex_label='$\\log_{10}M^{\\rm{wind}}_{\\rm{ej}}$', unit=None, boundary='reflective')
11:43 INFO    : log10_mej_wind=Uniform(minimum=-3.0, maximum=-0.5, name='log10_mej_wind', latex_label='$\\log_{10}M^{\\rm{wind}}_{\\rm{ej}}$', unit=None, boundary='reflective')
11:43 INFO    : log10_mej_dyn=Uniform(minimum=-3.0, maximum=-1.0, name='log10_mej_dyn', latex_label='$\\log_{10}M^{\\rm{dyn}}_{\\rm{ej}}$', unit=None, boundary='reflective')
11:43 INFO    : log10_mej_dyn=Uniform(minimum=-3.0, maximum=-1.0, name='log10_mej_dyn', latex_label='$\\log_{10}M^{\\rm{dyn}}_{\\rm{ej}}$', unit=None, boundary='reflective')
11:43 INFO    : log10_mej_wind=Uniform(minimum=-3.0, maximum=-0.5, name='log10_mej_wind', latex_label='$\\log_{10}M^{\\rm{wind}}_{\\rm{ej}}$', unit=None, boundary='reflective')
11:43 INFO    : log10_mej_dyn=Uniform(minimum=-3.0, maximum=-1.0, name='log10_mej_dyn', latex_label='$\\log_{10}M^{\\rm{dyn}}_{\\rm{ej}}$', unit=None, boundary='reflective')
11:43 INFO    : log10_mej_dyn=Uniform(minimum=-3.0, maximum=-1.0, name='log10_mej_dyn', latex_label='$\\log_{10}M^{\\rm{dyn}}_{\\rm{ej}}$', unit=None, boundary='reflective')
11:43 INFO    : log10_mej_dyn=Uniform(minimum=-3.0, maximum=-1.0, name='log10_mej_dyn', latex_label='$\\log_{10}M^{\\rm{dyn}}_{\\rm{ej}}$', unit=None, boundary='reflective')
11:43 INFO    : log10_mej_dyn=Uniform(minimum=-3.0, maximum=-1.0, name='log10_mej_dyn', latex_label='$\\log_{10}M^{\\rm{dyn}}_{\\rm{ej}}$', unit=None, boundary='reflective')
11:43 INFO    : log10_mej_wind=Uniform(minimum=-3.0, maximum=-0.5, name='log10_mej_wind', latex_label='$\\log_{10}M^{\\rm{wind}}_{\\rm{ej}}$', unit=None, boundary='reflective')
11:43 INFO    : log10_mej_dyn=Uniform(minimum=-3.0, maximum=-1.0, name='log10_mej_dyn', latex_label='$\\log_{10}M^{\\rm{dyn}}_{\\rm{ej}}$', unit=None, boundary='reflective')
11:43 INFO    : log10_mej_wind=Uniform(minimum=-3.0, maximum=-0.5, name='log10_mej_wind', latex_label='$\\log_{10}M^{\\rm{wind}}_{\\rm{ej}}$', unit=None, boundary='reflective')
11:43 INFO    : log10_mej_dyn=Uniform(minimum=-3.0, maximum=-1.0, name='log10_mej_dyn', latex_label='$\\log_{10}M^{\\rm{dyn}}_{\\rm{ej}}$', unit=None, boundary='reflective')
11:43 INFO    : log10_mej_dyn=Uniform(minimum=-3.0, maximum=-1.0, name='log10_mej_dyn', latex_label='$\\log_{10}M^{\\rm{dyn}}_{\\rm{ej}}$', unit=None, boundary='reflective')
11:43 INFO    : luminosity_distance=LogUniform(minimum=1, maximum=500, name='luminosity_distance', latex_label='$D_L$', unit=None, boundary=None)
11:43 INFO    : inclination_EM=Sine(minimum=0.0, maximum=1.5707963267948966, name='inclination_EM', latex_label='$\\iota$', unit=None, boundary=None)
11:43 INFO    : inclination_EM=Sine(minimum=0.0, maximum=1.5707963267948966, name='inclination_EM', latex_label='$\\iota$', unit=None, boundary=None)
11:43 INFO    : inclination_EM=Sine(minimum=0.0, maximum=1.5707963267948966, name='inclination_EM', latex_label='$\\iota$', unit=None, boundary=None)
11:43 INFO    : inclination_EM=Sine(minimum=0.0, maximum=1.5707963267948966, name='inclination_EM', latex_label='$\\iota$', unit=None, boundary=None)
11:43 INFO    : inclination_EM=Sine(minimum=0.0, maximum=1.5707963267948966, name='inclination_EM', latex_label='$\\iota$', unit=None, boundary=None)
11:43 INFO    : log10_mej_dyn=Uniform(minimum=-3.0, maximum=-1.0, name='log10_mej_dyn', latex_label='$\\log_{10}M^{\\rm{dyn}}_{\\rm{ej}}$', unit=None, boundary='reflective')
11:43 INFO    : inclination_EM=Sine(minimum=0.0, maximum=1.5707963267948966, name='inclination_EM', latex_label='$\\iota$', unit=None, boundary=None)
11:43 INFO    : inclination_EM=Sine(minimum=0.0, maximum=1.5707963267948966, name='inclination_EM', latex_label='$\\iota$', unit=None, boundary=None)
11:43 INFO    : log10_mej_wind=Uniform(minimum=-3.0, maximum=-0.5, name='log10_mej_wind', latex_label='$\\log_{10}M^{\\rm{wind}}_{\\rm{ej}}$', unit=None, boundary='reflective')
11:43 INFO    : inclination_EM=Sine(minimum=0.0, maximum=1.5707963267948966, name='inclination_EM', latex_label='$\\iota$', unit=None, boundary=None)
11:43 INFO    : timeshift=0.0
11:43 INFO    : inclination_EM=Sine(minimum=0.0, maximum=1.5707963267948966, name='inclination_EM', latex_label='$\\iota$', unit=None, boundary=None)
11:43 INFO    : inclination_EM=Sine(minimum=0.0, maximum=1.5707963267948966, name='inclination_EM', latex_label='$\\iota$', unit=None, boundary=None)
11:43 INFO    : inclination_EM=Sine(minimum=0.0, maximum=1.5707963267948966, name='inclination_EM', latex_label='$\\iota$', unit=None, boundary=None)
11:43 INFO    : inclination_EM=Sine(minimum=0.0, maximum=1.5707963267948966, name='inclination_EM', latex_label='$\\iota$', unit=None, boundary=None)
11:43 INFO    : inclination_EM=Sine(minimum=0.0, maximum=1.5707963267948966, name='inclination_EM', latex_label='$\\iota$', unit=None, boundary=None)
11:43 INFO    : log10_mej_wind=Uniform(minimum=-3.0, maximum=-0.5, name='log10_mej_wind', latex_label='$\\log_{10}M^{\\rm{wind}}_{\\rm{ej}}$', unit=None, boundary='reflective')
11:43 INFO    : log10_mej_wind=Uniform(minimum=-3.0, maximum=-0.5, name='log10_mej_wind', latex_label='$\\log_{10}M^{\\rm{wind}}_{\\rm{ej}}$', unit=None, boundary='reflective')
11:43 INFO    : inclination_EM=Sine(minimum=0.0, maximum=1.5707963267948966, name='inclination_EM', latex_label='$\\iota$', unit=None, boundary=None)
11:43 INFO    : inclination_EM=Sine(minimum=0.0, maximum=1.5707963267948966, name='inclination_EM', latex_label='$\\iota$', unit=None, boundary=None)
11:43 INFO    : log10_mej_wind=Uniform(minimum=-3.0, maximum=-0.5, name='log10_mej_wind', latex_label='$\\log_{10}M^{\\rm{wind}}_{\\rm{ej}}$', unit=None, boundary='reflective')
11:43 INFO    : log10_mej_wind=Uniform(minimum=-3.0, maximum=-0.5, name='log10_mej_wind', latex_label='$\\log_{10}M^{\\rm{wind}}_{\\rm{ej}}$', unit=None, boundary='reflective')
11:43 INFO    : log10_mej_wind=Uniform(minimum=-3.0, maximum=-0.5, name='log10_mej_wind', latex_label='$\\log_{10}M^{\\rm{wind}}_{\\rm{ej}}$', unit=None, boundary='reflective')
11:43 INFO    : inclination_EM=Sine(minimum=0.0, maximum=1.5707963267948966, name='inclination_EM', latex_label='$\\iota$', unit=None, boundary=None)
11:43 INFO    : log10_mej_wind=Uniform(minimum=-3.0, maximum=-0.5, name='log10_mej_wind', latex_label='$\\log_{10}M^{\\rm{wind}}_{\\rm{ej}}$', unit=None, boundary='reflective')
11:43 INFO    : em_syserr=1.0
11:43 INFO    : log10_mej_wind=Uniform(minimum=-3.0, maximum=-0.5, name='log10_mej_wind', latex_label='$\\log_{10}M^{\\rm{wind}}_{\\rm{ej}}$', unit=None, boundary='reflective')
11:43 INFO    : log10_mej_wind=Uniform(minimum=-3.0, maximum=-0.5, name='log10_mej_wind', latex_label='$\\log_{10}M^{\\rm{wind}}_{\\rm{ej}}$', unit=None, boundary='reflective')
11:43 INFO    : log10_mej_wind=Uniform(minimum=-3.0, maximum=-0.5, name='log10_mej_wind', latex_label='$\\log_{10}M^{\\rm{wind}}_{\\rm{ej}}$', unit=None, boundary='reflective')
11:43 INFO    : inclination_EM=Sine(minimum=0.0, maximum=1.5707963267948966, name='inclination_EM', latex_label='$\\iota$', unit=None, boundary=None)
11:43 INFO    : inclination_EM=Sine(minimum=0.0, maximum=1.5707963267948966, name='inclination_EM', latex_label='$\\iota$', unit=None, boundary=None)
11:43 INFO    : Ebv=0.0
11:43 INFO    : luminosity_distance=LogUniform(minimum=1, maximum=500, name='luminosity_distance', latex_label='$D_L$', unit=None, boundary=None)
11:43 INFO    : luminosity_distance=LogUniform(minimum=1, maximum=500, name='luminosity_distance', latex_label='$D_L$', unit=None, boundary=None)
11:43 INFO    : luminosity_distance=LogUniform(minimum=1, maximum=500, name='luminosity_distance', latex_label='$D_L$', unit=None, boundary=None)
11:43 INFO    : luminosity_distance=LogUniform(minimum=1, maximum=500, name='luminosity_distance', latex_label='$D_L$', unit=None, boundary=None)
11:43 INFO    : luminosity_distance=LogUniform(minimum=1, maximum=500, name='luminosity_distance', latex_label='$D_L$', unit=None, boundary=None)
11:43 INFO    : Analysis likelihood class: <class 'nmma.em.likelihood.OpticalLightCurve'>
11:43 INFO    : luminosity_distance=LogUniform(minimum=1, maximum=500, name='luminosity_distance', latex_label='$D_L$', unit=None, boundary=None)
11:43 INFO    : log10_mej_wind=Uniform(minimum=-3.0, maximum=-0.5, name='log10_mej_wind', latex_label='$\\log_{10}M^{\\rm{wind}}_{\\rm{ej}}$', unit=None, boundary='reflective')
11:43 INFO    : luminosity_distance=LogUniform(minimum=1, maximum=500, name='luminosity_distance', latex_label='$D_L$', unit=None, boundary=None)
11:43 INFO    : inclination_EM=Sine(minimum=0.0, maximum=1.5707963267948966, name='inclination_EM', latex_label='$\\iota$', unit=None, boundary=None)
11:43 INFO    : luminosity_distance=LogUniform(minimum=1, maximum=500, name='luminosity_distance', latex_label='$D_L$', unit=None, boundary=None)
11:43 INFO    : luminosity_distance=LogUniform(minimum=1, maximum=500, name='luminosity_distance', latex_label='$D_L$', unit=None, boundary=None)
11:43 INFO    : timeshift=0.0
11:43 INFO    : luminosity_distance=LogUniform(minimum=1, maximum=500, name='luminosity_distance', latex_label='$D_L$', unit=None, boundary=None)
11:43 INFO    : luminosity_distance=LogUniform(minimum=1, maximum=500, name='luminosity_distance', latex_label='$D_L$', unit=None, boundary=None)
11:43 INFO    : luminosity_distance=LogUniform(minimum=1, maximum=500, name='luminosity_distance', latex_label='$D_L$', unit=None, boundary=None)
11:43 INFO    : timeshift=0.0
11:43 INFO    : timeshift=0.0
11:43 INFO    : luminosity_distance=LogUniform(minimum=1, maximum=500, name='luminosity_distance', latex_label='$D_L$', unit=None, boundary=None)
11:43 INFO    : timeshift=0.0
11:43 INFO    : luminosity_distance=LogUniform(minimum=1, maximum=500, name='luminosity_distance', latex_label='$D_L$', unit=None, boundary=None)
11:43 INFO    : inclination_EM=Sine(minimum=0.0, maximum=1.5707963267948966, name='inclination_EM', latex_label='$\\iota$', unit=None, boundary=None)
11:43 INFO    : Analysis likelihood noise evidence: 0.0
11:43 INFO    : timeshift=0.0
11:43 INFO    : timeshift=0.0
11:43 INFO    : inclination_EM=Sine(minimum=0.0, maximum=1.5707963267948966, name='inclination_EM', latex_label='$\\iota$', unit=None, boundary=None)
11:43 INFO    : timeshift=0.0
11:43 INFO    : luminosity_distance=LogUniform(minimum=1, maximum=500, name='luminosity_distance', latex_label='$D_L$', unit=None, boundary=None)
11:43 INFO    : inclination_EM=Sine(minimum=0.0, maximum=1.5707963267948966, name='inclination_EM', latex_label='$\\iota$', unit=None, boundary=None)
11:43 INFO    : inclination_EM=Sine(minimum=0.0, maximum=1.5707963267948966, name='inclination_EM', latex_label='$\\iota$', unit=None, boundary=None)
11:43 INFO    : luminosity_distance=LogUniform(minimum=1, maximum=500, name='luminosity_distance', latex_label='$D_L$', unit=None, boundary=None)
11:43 INFO    : inclination_EM=Sine(minimum=0.0, maximum=1.5707963267948966, name='inclination_EM', latex_label='$\\iota$', unit=None, boundary=None)
11:43 INFO    : inclination_EM=Sine(minimum=0.0, maximum=1.5707963267948966, name='inclination_EM', latex_label='$\\iota$', unit=None, boundary=None)
11:43 INFO    : timeshift=0.0
11:43 INFO    : timeshift=0.0
11:43 INFO    : em_syserr=1.0
11:43 INFO    : em_syserr=1.0
11:43 INFO    : timeshift=0.0
11:43 INFO    : timeshift=0.0
11:43 INFO    : em_syserr=1.0
11:43 INFO    : em_syserr=1.0
11:43 INFO    : timeshift=0.0
11:43 INFO    : em_syserr=1.0
11:43 INFO    : inclination_EM=Sine(minimum=0.0, maximum=1.5707963267948966, name='inclination_EM', latex_label='$\\iota$', unit=None, boundary=None)
11:43 INFO    : inclination_EM=Sine(minimum=0.0, maximum=1.5707963267948966, name='inclination_EM', latex_label='$\\iota$', unit=None, boundary=None)
11:43 INFO    : inclination_EM=Sine(minimum=0.0, maximum=1.5707963267948966, name='inclination_EM', latex_label='$\\iota$', unit=None, boundary=None)
11:43 INFO    : luminosity_distance=LogUniform(minimum=1, maximum=500, name='luminosity_distance', latex_label='$D_L$', unit=None, boundary=None)
11:43 INFO    : timeshift=0.0
11:43 INFO    : em_syserr=1.0
11:43 INFO    : timeshift=0.0
11:43 INFO    : timeshift=0.0
11:43 INFO    : em_syserr=1.0
11:43 INFO    : luminosity_distance=LogUniform(minimum=1, maximum=500, name='luminosity_distance', latex_label='$D_L$', unit=None, boundary=None)
11:43 INFO    : timeshift=0.0
11:43 INFO    : em_syserr=1.0
11:43 INFO    : em_syserr=1.0
11:43 INFO    : em_syserr=1.0
11:43 INFO    : Ebv=0.0
11:43 INFO    : Ebv=0.0
11:43 INFO    : Ebv=0.0
11:43 INFO    : em_syserr=1.0
11:43 INFO    : Ebv=0.0
11:43 INFO    : Ebv=0.0
11:43 INFO    : em_syserr=1.0
11:43 INFO    : Ebv=0.0
11:43 INFO    : em_syserr=1.0
11:43 INFO    : em_syserr=1.0
11:43 INFO    : timeshift=0.0
11:43 INFO    : em_syserr=1.0
11:43 INFO    : Ebv=0.0
11:43 INFO    : Ebv=0.0
11:43 INFO    : Ebv=0.0
11:43 INFO    : em_syserr=1.0
11:43 INFO    : inclination_EM=Sine(minimum=0.0, maximum=1.5707963267948966, name='inclination_EM', latex_label='$\\iota$', unit=None, boundary=None)
11:43 INFO    : Analysis likelihood class: <class 'nmma.em.likelihood.OpticalLightCurve'>
11:43 INFO    : timeshift=0.0
11:43 INFO    : Ebv=0.0
11:43 INFO    : luminosity_distance=LogUniform(minimum=1, maximum=500, name='luminosity_distance', latex_label='$D_L$', unit=None, boundary=None)
11:43 INFO    : Analysis likelihood class: <class 'nmma.em.likelihood.OpticalLightCurve'>
11:43 INFO    : Analysis likelihood class: <class 'nmma.em.likelihood.OpticalLightCurve'>
11:43 INFO    : Ebv=0.0
11:43 INFO    : Analysis likelihood class: <class 'nmma.em.likelihood.OpticalLightCurve'>
11:43 INFO    : Analysis likelihood class: <class 'nmma.em.likelihood.OpticalLightCurve'>
11:43 INFO    : Ebv=0.0
11:43 INFO    : Analysis likelihood class: <class 'nmma.em.likelihood.OpticalLightCurve'>
11:43 INFO    : Ebv=0.0
11:43 INFO    : Ebv=0.0
11:43 INFO    : em_syserr=1.0
11:43 INFO    : luminosity_distance=LogUniform(minimum=1, maximum=500, name='luminosity_distance', latex_label='$D_L$', unit=None, boundary=None)
11:43 INFO    : Ebv=0.0
11:43 INFO    : Analysis likelihood class: <class 'nmma.em.likelihood.OpticalLightCurve'>
11:43 INFO    : luminosity_distance=LogUniform(minimum=1, maximum=500, name='luminosity_distance', latex_label='$D_L$', unit=None, boundary=None)
11:43 INFO    : Analysis likelihood class: <class 'nmma.em.likelihood.OpticalLightCurve'>
11:43 INFO    : luminosity_distance=LogUniform(minimum=1, maximum=500, name='luminosity_distance', latex_label='$D_L$', unit=None, boundary=None)
11:43 INFO    : Ebv=0.0
11:43 INFO    : Analysis likelihood class: <class 'nmma.em.likelihood.OpticalLightCurve'>
11:43 INFO    : luminosity_distance=LogUniform(minimum=1, maximum=500, name='luminosity_distance', latex_label='$D_L$', unit=None, boundary=None)
11:43 INFO    : Analysis likelihood class: <class 'nmma.em.likelihood.OpticalLightCurve'>
11:43 INFO    : Analysis likelihood noise evidence: 0.0
11:43 INFO    : luminosity_distance=LogUniform(minimum=1, maximum=500, name='luminosity_distance', latex_label='$D_L$', unit=None, boundary=None)
11:43 INFO    : em_syserr=1.0
11:43 INFO    : luminosity_distance=LogUniform(minimum=1, maximum=500, name='luminosity_distance', latex_label='$D_L$', unit=None, boundary=None)
11:43 INFO    : Analysis likelihood class: <class 'nmma.em.likelihood.OpticalLightCurve'>
11:43 INFO    : Analysis likelihood noise evidence: 0.0
11:43 INFO    : timeshift=0.0
11:43 INFO    : Analysis likelihood noise evidence: 0.0
11:43 INFO    : Analysis likelihood noise evidence: 0.0
11:43 INFO    : Analysis likelihood class: <class 'nmma.em.likelihood.OpticalLightCurve'>
11:43 INFO    : Analysis likelihood noise evidence: 0.0
11:43 INFO    : Analysis likelihood noise evidence: 0.0
11:43 INFO    : Analysis likelihood noise evidence: 0.0
11:43 INFO    : Analysis likelihood class: <class 'nmma.em.likelihood.OpticalLightCurve'>
11:43 INFO    : Analysis likelihood class: <class 'nmma.em.likelihood.OpticalLightCurve'>
11:43 INFO    : Ebv=0.0
11:43 INFO    : Analysis likelihood class: <class 'nmma.em.likelihood.OpticalLightCurve'>
11:43 INFO    : timeshift=0.0
11:43 INFO    : Analysis likelihood noise evidence: 0.0
11:43 INFO    : luminosity_distance=LogUniform(minimum=1, maximum=500, name='luminosity_distance', latex_label='$D_L$', unit=None, boundary=None)
11:43 INFO    : Analysis likelihood noise evidence: 0.0
11:43 INFO    : Analysis likelihood class: <class 'nmma.em.likelihood.OpticalLightCurve'>
11:43 INFO    : timeshift=0.0
11:43 INFO    : Analysis likelihood noise evidence: 0.0
11:43 INFO    : timeshift=0.0
11:43 INFO    : luminosity_distance=LogUniform(minimum=1, maximum=500, name='luminosity_distance', latex_label='$D_L$', unit=None, boundary=None)
11:43 INFO    : luminosity_distance=LogUniform(minimum=1, maximum=500, name='luminosity_distance', latex_label='$D_L$', unit=None, boundary=None)
11:43 INFO    : timeshift=0.0
11:43 INFO    : timeshift=0.0
11:43 INFO    : Ebv=0.0
11:43 INFO    : timeshift=0.0
11:43 INFO    : Analysis likelihood noise evidence: 0.0
11:43 INFO    : em_syserr=1.0
11:43 INFO    : Analysis likelihood noise evidence: 0.0
11:43 INFO    : Analysis likelihood noise evidence: 0.0
11:43 INFO    : Analysis likelihood noise evidence: 0.0
11:43 INFO    : Analysis likelihood class: <class 'nmma.em.likelihood.OpticalLightCurve'>
11:43 INFO    : em_syserr=1.0
11:43 INFO    : Analysis likelihood noise evidence: 0.0
11:43 INFO    : em_syserr=1.0
11:43 INFO    : timeshift=0.0
11:43 INFO    : Analysis likelihood noise evidence: 0.0
11:43 INFO    : em_syserr=1.0
11:43 INFO    : em_syserr=1.0
11:43 INFO    : em_syserr=1.0
11:43 INFO    : timeshift=0.0
11:43 INFO    : em_syserr=1.0
11:43 INFO    : Ebv=0.0
11:43 INFO    : Analysis likelihood class: <class 'nmma.em.likelihood.OpticalLightCurve'>
11:43 INFO    : luminosity_distance=LogUniform(minimum=1, maximum=500, name='luminosity_distance', latex_label='$D_L$', unit=None, boundary=None)
11:43 INFO    : timeshift=0.0
11:43 INFO    : Ebv=0.0
11:43 INFO    : Analysis likelihood noise evidence: 0.0
11:43 INFO    : Ebv=0.0
11:43 INFO    : em_syserr=1.0
11:43 INFO    : Ebv=0.0
11:43 INFO    : Ebv=0.0
11:43 INFO    : Ebv=0.0
11:43 INFO    : em_syserr=1.0
11:43 INFO    : Analysis likelihood class: <class 'nmma.em.likelihood.OpticalLightCurve'>
11:43 INFO    : Ebv=0.0
11:43 INFO    : em_syserr=1.0
11:43 INFO    : Analysis likelihood noise evidence: 0.0
11:43 INFO    : Analysis likelihood class: <class 'nmma.em.likelihood.OpticalLightCurve'>
11:43 INFO    : timeshift=0.0
11:43 INFO    : Ebv=0.0
11:43 INFO    : Analysis likelihood class: <class 'nmma.em.likelihood.OpticalLightCurve'>
11:43 INFO    : Analysis likelihood class: <class 'nmma.em.likelihood.OpticalLightCurve'>
11:43 INFO    : Analysis likelihood class: <class 'nmma.em.likelihood.OpticalLightCurve'>
11:43 INFO    : Analysis likelihood class: <class 'nmma.em.likelihood.OpticalLightCurve'>
11:43 INFO    : Ebv=0.0
11:43 INFO    : Analysis likelihood noise evidence: 0.0
11:43 INFO    : Analysis likelihood class: <class 'nmma.em.likelihood.OpticalLightCurve'>
11:43 INFO    : Ebv=0.0
11:43 INFO    : Analysis likelihood noise evidence: 0.0
11:43 INFO    : em_syserr=1.0
11:43 INFO    : Analysis likelihood class: <class 'nmma.em.likelihood.OpticalLightCurve'>
11:43 INFO    : Analysis likelihood noise evidence: 0.0
11:43 INFO    : Analysis likelihood noise evidence: 0.0
11:43 INFO    : Analysis likelihood noise evidence: 0.0
11:43 INFO    : Analysis likelihood class: <class 'nmma.em.likelihood.OpticalLightCurve'>
11:43 INFO    : Analysis likelihood noise evidence: 0.0
11:43 INFO    : Analysis likelihood class: <class 'nmma.em.likelihood.OpticalLightCurve'>
11:43 INFO    : Analysis likelihood noise evidence: 0.0
11:43 INFO    : Ebv=0.0
11:43 INFO    : Analysis likelihood noise evidence: 0.0
11:43 INFO    : Analysis likelihood noise evidence: 0.0
11:43 INFO    : Analysis likelihood noise evidence: 0.0
11:43 INFO    : Analysis likelihood class: <class 'nmma.em.likelihood.OpticalLightCurve'>
11:43 INFO    : Analysis likelihood noise evidence: 0.0
11:43 INFO    : KNphi=Uniform(minimum=15.0, maximum=75.0, name='KNphi', latex_label='$\\Phi$', unit=None, boundary=None)
11:43 INFO    : log10_mej_dyn=Uniform(minimum=-3.0, maximum=-1.0, name='log10_mej_dyn', latex_label='$\\log_{10}M^{\\rm{dyn}}_{\\rm{ej}}$', unit=None, boundary='reflective')
11:43 INFO    : log10_mej_wind=Uniform(minimum=-3.0, maximum=-0.5, name='log10_mej_wind', latex_label='$\\log_{10}M^{\\rm{wind}}_{\\rm{ej}}$', unit=None, boundary='reflective')
11:43 INFO    : inclination_EM=Sine(minimum=0.0, maximum=1.5707963267948966, name='inclination_EM', latex_label='$\\iota$', unit=None, boundary=None)
11:43 INFO    : luminosity_distance=LogUniform(minimum=1, maximum=500, name='luminosity_distance', latex_label='$D_L$', unit=None, boundary=None)
11:43 INFO    : timeshift=0.0
11:43 INFO    : em_syserr=1.0
11:43 INFO    : Ebv=0.0
11:43 INFO    : Analysis likelihood class: <class 'nmma.em.likelihood.OpticalLightCurve'>
11:43 INFO    : Analysis likelihood noise evidence: 0.0
11:43 INFO    : Analysis priors:
11:43 INFO    : KNphi=Uniform(minimum=15.0, maximum=75.0, name='KNphi', latex_label='$\\Phi$', unit=None, boundary=None)
11:43 INFO    : log10_mej_dyn=Uniform(minimum=-3.0, maximum=-1.0, name='log10_mej_dyn', latex_label='$\\log_{10}M^{\\rm{dyn}}_{\\rm{ej}}$', unit=None, boundary='reflective')
11:43 INFO    : log10_mej_wind=Uniform(minimum=-3.0, maximum=-0.5, name='log10_mej_wind', latex_label='$\\log_{10}M^{\\rm{wind}}_{\\rm{ej}}$', unit=None, boundary='reflective')
11:43 INFO    : inclination_EM=Sine(minimum=0.0, maximum=1.5707963267948966, name='inclination_EM', latex_label='$\\iota$', unit=None, boundary=None)
11:43 INFO    : luminosity_distance=LogUniform(minimum=1, maximum=500, name='luminosity_distance', latex_label='$D_L$', unit=None, boundary=None)
11:43 INFO    : timeshift=0.0
11:43 INFO    : em_syserr=1.0
11:43 INFO    : Ebv=0.0
11:43 INFO    : Analysis likelihood class: <class 'nmma.em.likelihood.OpticalLightCurve'>
11:43 INFO    : Analysis likelihood noise evidence: 0.0
11:43 INFO    : Single likelihood evaluation took 1.598e-01 s
11:43 INFO    : Single likelihood evaluation took 1.601e-01 s
11:43 INFO    : Single likelihood evaluation took 1.602e-01 s
11:43 INFO    : Single likelihood evaluation took 1.604e-01 s
11:43 INFO    : Single likelihood evaluation took 1.608e-01 s
11:43 INFO    : Single likelihood evaluation took 1.611e-01 s
11:43 INFO    : Single likelihood evaluation took 1.614e-01 s
11:43 WARNING : Supplied argument 'queue_size' not an argument of 'Pymultinest', removing.
11:43 WARNING : Supplied argument 'check_point_delta_t' not an argument of 'Pymultinest', removing.
11:43 INFO    : Using sampler Pymultinest with kwargs {'importance_nested_sampling': False, 'resume': True, 'verbose': True, 'sampling_efficiency': 'parameter', 'n_live_points': 2048, 'n_params': 5, 'n_clustering_params': None, 'wrapped_params': None, 'multimodal': True, 'const_efficiency_mode': False, 'evidence_tolerance': 0.5, 'n_iter_before_update': 100, 'null_log_evidence': -1e+90, 'max_modes': 100, 'mode_tolerance': -1e+90, 'seed': 42, 'context': 0, 'write_output': True, 'log_zero': -1e+100, 'max_iter': 0, 'init_MPI': False, 'dump_callback': <bound method Pymultinest._dump_callback of <bilby.core.sampler.pymultinest.Pymultinest object at 0x155500fc6e60>>}
11:43 INFO    : Temporary directory incompatible with MPI, will run in original directory
11:43 WARNING : Supplied argument 'queue_size' not an argument of 'Pymultinest', removing.
11:43 WARNING : Supplied argument 'check_point_delta_t' not an argument of 'Pymultinest', removing.
11:43 INFO    : Single likelihood evaluation took 1.617e-01 s
11:43 WARNING : Supplied argument 'queue_size' not an argument of 'Pymultinest', removing.
11:43 WARNING : Supplied argument 'check_point_delta_t' not an argument of 'Pymultinest', removing.
11:43 INFO    : Single likelihood evaluation took 1.618e-01 s
11:43 WARNING : Supplied argument 'queue_size' not an argument of 'Pymultinest', removing.
11:43 WARNING : Supplied argument 'check_point_delta_t' not an argument of 'Pymultinest', removing.
11:43 WARNING : Supplied argument 'queue_size' not an argument of 'Pymultinest', removing.
11:43 WARNING : Supplied argument 'check_point_delta_t' not an argument of 'Pymultinest', removing.
11:43 WARNING : Supplied argument 'queue_size' not an argument of 'Pymultinest', removing.
11:43 WARNING : Supplied argument 'check_point_delta_t' not an argument of 'Pymultinest', removing.
11:43 INFO    : Using sampler Pymultinest with kwargs {'importance_nested_sampling': False, 'resume': True, 'verbose': True, 'sampling_efficiency': 'parameter', 'n_live_points': 2048, 'n_params': 5, 'n_clustering_params': None, 'wrapped_params': None, 'multimodal': True, 'const_efficiency_mode': False, 'evidence_tolerance': 0.5, 'n_iter_before_update': 100, 'null_log_evidence': -1e+90, 'max_modes': 100, 'mode_tolerance': -1e+90, 'seed': 42, 'context': 0, 'write_output': True, 'log_zero': -1e+100, 'max_iter': 0, 'init_MPI': False, 'dump_callback': <bound method Pymultinest._dump_callback of <bilby.core.sampler.pymultinest.Pymultinest object at 0x155500fc6e60>>}
11:43 INFO    : Using sampler Pymultinest with kwargs {'importance_nested_sampling': False, 'resume': True, 'verbose': True, 'sampling_efficiency': 'parameter', 'n_live_points': 2048, 'n_params': 5, 'n_clustering_params': None, 'wrapped_params': None, 'multimodal': True, 'const_efficiency_mode': False, 'evidence_tolerance': 0.5, 'n_iter_before_update': 100, 'null_log_evidence': -1e+90, 'max_modes': 100, 'mode_tolerance': -1e+90, 'seed': 42, 'context': 0, 'write_output': True, 'log_zero': -1e+100, 'max_iter': 0, 'init_MPI': False, 'dump_callback': <bound method Pymultinest._dump_callback of <bilby.core.sampler.pymultinest.Pymultinest object at 0x155500fcb0a0>>}
11:43 INFO    : Using sampler Pymultinest with kwargs {'importance_nested_sampling': False, 'resume': True, 'verbose': True, 'sampling_efficiency': 'parameter', 'n_live_points': 2048, 'n_params': 5, 'n_clustering_params': None, 'wrapped_params': None, 'multimodal': True, 'const_efficiency_mode': False, 'evidence_tolerance': 0.5, 'n_iter_before_update': 100, 'null_log_evidence': -1e+90, 'max_modes': 100, 'mode_tolerance': -1e+90, 'seed': 42, 'context': 0, 'write_output': True, 'log_zero': -1e+100, 'max_iter': 0, 'init_MPI': False, 'dump_callback': <bound method Pymultinest._dump_callback of <bilby.core.sampler.pymultinest.Pymultinest object at 0x155500fcab60>>}
11:43 INFO    : Using sampler Pymultinest with kwargs {'importance_nested_sampling': False, 'resume': True, 'verbose': True, 'sampling_efficiency': 'parameter', 'n_live_points': 2048, 'n_params': 5, 'n_clustering_params': None, 'wrapped_params': None, 'multimodal': True, 'const_efficiency_mode': False, 'evidence_tolerance': 0.5, 'n_iter_before_update': 100, 'null_log_evidence': -1e+90, 'max_modes': 100, 'mode_tolerance': -1e+90, 'seed': 42, 'context': 0, 'write_output': True, 'log_zero': -1e+100, 'max_iter': 0, 'init_MPI': False, 'dump_callback': <bound method Pymultinest._dump_callback of <bilby.core.sampler.pymultinest.Pymultinest object at 0x155500fcaef0>>}
11:43 INFO    : Temporary directory incompatible with MPI, will run in original directory
11:43 INFO    : Temporary directory incompatible with MPI, will run in original directory
11:43 INFO    : Using sampler Pymultinest with kwargs {'importance_nested_sampling': False, 'resume': True, 'verbose': True, 'sampling_efficiency': 'parameter', 'n_live_points': 2048, 'n_params': 5, 'n_clustering_params': None, 'wrapped_params': None, 'multimodal': True, 'const_efficiency_mode': False, 'evidence_tolerance': 0.5, 'n_iter_before_update': 100, 'null_log_evidence': -1e+90, 'max_modes': 100, 'mode_tolerance': -1e+90, 'seed': 42, 'context': 0, 'write_output': True, 'log_zero': -1e+100, 'max_iter': 0, 'init_MPI': False, 'dump_callback': <bound method Pymultinest._dump_callback of <bilby.core.sampler.pymultinest.Pymultinest object at 0x155500fcb2e0>>}
11:43 INFO    : Temporary directory incompatible with MPI, will run in original directory
11:43 INFO    : Using output file outdirBNSBu32cores/pm_Simu2019lm/
11:43 INFO    : Temporary directory incompatible with MPI, will run in original directory
11:43 INFO    : Using output file outdirBNSBu32cores/pm_Simu2019lm/
11:43 INFO    : Using output file outdirBNSBu32cores/pm_Simu2019lm/
11:43 INFO    : Temporary directory incompatible with MPI, will run in original directory
11:43 INFO    : Using output file outdirBNSBu32cores/pm_Simu2019lm/
11:43 INFO    : Single likelihood evaluation took 1.624e-01 s
11:43 INFO    : Using output file outdirBNSBu32cores/pm_Simu2019lm/
11:43 INFO    : Using output file outdirBNSBu32cores/pm_Simu2019lm/
11:43 INFO    : Single likelihood evaluation took 1.625e-01 s
11:43 INFO    : Single likelihood evaluation took 1.625e-01 s
11:43 WARNING : Supplied argument 'queue_size' not an argument of 'Pymultinest', removing.
11:43 WARNING : Supplied argument 'check_point_delta_t' not an argument of 'Pymultinest', removing.
11:43 INFO    : Using sampler Pymultinest with kwargs {'importance_nested_sampling': False, 'resume': True, 'verbose': True, 'sampling_efficiency': 'parameter', 'n_live_points': 2048, 'n_params': 5, 'n_clustering_params': None, 'wrapped_params': None, 'multimodal': True, 'const_efficiency_mode': False, 'evidence_tolerance': 0.5, 'n_iter_before_update': 100, 'null_log_evidence': -1e+90, 'max_modes': 100, 'mode_tolerance': -1e+90, 'seed': 42, 'context': 0, 'write_output': True, 'log_zero': -1e+100, 'max_iter': 0, 'init_MPI': False, 'dump_callback': <bound method Pymultinest._dump_callback of <bilby.core.sampler.pymultinest.Pymultinest object at 0x155500fc73a0>>}
11:43 INFO    : Temporary directory incompatible with MPI, will run in original directory
11:43 INFO    : Using output file outdirBNSBu32cores/pm_Simu2019lm/
11:43 WARNING : Supplied argument 'queue_size' not an argument of 'Pymultinest', removing.
11:43 WARNING : Supplied argument 'check_point_delta_t' not an argument of 'Pymultinest', removing.
11:43 INFO    : Using sampler Pymultinest with kwargs {'importance_nested_sampling': False, 'resume': True, 'verbose': True, 'sampling_efficiency': 'parameter', 'n_live_points': 2048, 'n_params': 5, 'n_clustering_params': None, 'wrapped_params': None, 'multimodal': True, 'const_efficiency_mode': False, 'evidence_tolerance': 0.5, 'n_iter_before_update': 100, 'null_log_evidence': -1e+90, 'max_modes': 100, 'mode_tolerance': -1e+90, 'seed': 42, 'context': 0, 'write_output': True, 'log_zero': -1e+100, 'max_iter': 0, 'init_MPI': False, 'dump_callback': <bound method Pymultinest._dump_callback of <bilby.core.sampler.pymultinest.Pymultinest object at 0x155500fcb070>>}
11:43 INFO    : Temporary directory incompatible with MPI, will run in original directory
11:43 INFO    : Using output file outdirBNSBu32cores/pm_Simu2019lm/
11:43 INFO    : Single likelihood evaluation took 1.629e-01 s
11:43 WARNING : Supplied argument 'queue_size' not an argument of 'Pymultinest', removing.
11:43 WARNING : Supplied argument 'check_point_delta_t' not an argument of 'Pymultinest', removing.
11:43 WARNING : Supplied argument 'queue_size' not an argument of 'Pymultinest', removing.
11:43 WARNING : Supplied argument 'check_point_delta_t' not an argument of 'Pymultinest', removing.
11:43 INFO    : Using sampler Pymultinest with kwargs {'importance_nested_sampling': False, 'resume': True, 'verbose': True, 'sampling_efficiency': 'parameter', 'n_live_points': 2048, 'n_params': 5, 'n_clustering_params': None, 'wrapped_params': None, 'multimodal': True, 'const_efficiency_mode': False, 'evidence_tolerance': 0.5, 'n_iter_before_update': 100, 'null_log_evidence': -1e+90, 'max_modes': 100, 'mode_tolerance': -1e+90, 'seed': 42, 'context': 0, 'write_output': True, 'log_zero': -1e+100, 'max_iter': 0, 'init_MPI': False, 'dump_callback': <bound method Pymultinest._dump_callback of <bilby.core.sampler.pymultinest.Pymultinest object at 0x155500fc7280>>}
11:43 INFO    : Using sampler Pymultinest with kwargs {'importance_nested_sampling': False, 'resume': True, 'verbose': True, 'sampling_efficiency': 'parameter', 'n_live_points': 2048, 'n_params': 5, 'n_clustering_params': None, 'wrapped_params': None, 'multimodal': True, 'const_efficiency_mode': False, 'evidence_tolerance': 0.5, 'n_iter_before_update': 100, 'null_log_evidence': -1e+90, 'max_modes': 100, 'mode_tolerance': -1e+90, 'seed': 42, 'context': 0, 'write_output': True, 'log_zero': -1e+100, 'max_iter': 0, 'init_MPI': False, 'dump_callback': <bound method Pymultinest._dump_callback of <bilby.core.sampler.pymultinest.Pymultinest object at 0x155500fcacb0>>}
11:43 INFO    : Temporary directory incompatible with MPI, will run in original directory
11:43 INFO    : Temporary directory incompatible with MPI, will run in original directory
11:43 INFO    : Using output file outdirBNSBu32cores/pm_Simu2019lm/
11:43 INFO    : Using output file outdirBNSBu32cores/pm_Simu2019lm/
11:43 WARNING : Supplied argument 'queue_size' not an argument of 'Pymultinest', removing.
11:43 WARNING : Supplied argument 'check_point_delta_t' not an argument of 'Pymultinest', removing.
11:43 INFO    : Using sampler Pymultinest with kwargs {'importance_nested_sampling': False, 'resume': True, 'verbose': True, 'sampling_efficiency': 'parameter', 'n_live_points': 2048, 'n_params': 5, 'n_clustering_params': None, 'wrapped_params': None, 'multimodal': True, 'const_efficiency_mode': False, 'evidence_tolerance': 0.5, 'n_iter_before_update': 100, 'null_log_evidence': -1e+90, 'max_modes': 100, 'mode_tolerance': -1e+90, 'seed': 42, 'context': 0, 'write_output': True, 'log_zero': -1e+100, 'max_iter': 0, 'init_MPI': False, 'dump_callback': <bound method Pymultinest._dump_callback of <bilby.core.sampler.pymultinest.Pymultinest object at 0x155500fc6cb0>>}
11:43 INFO    : Temporary directory incompatible with MPI, will run in original directory
11:43 INFO    : Using output file outdirBNSBu32cores/pm_Simu2019lm/
11:43 INFO    : Single likelihood evaluation took 1.633e-01 s
11:43 INFO    : Single likelihood evaluation took 1.634e-01 s
11:43 WARNING : Supplied argument 'queue_size' not an argument of 'Pymultinest', removing.
11:43 WARNING : Supplied argument 'check_point_delta_t' not an argument of 'Pymultinest', removing.
11:43 INFO    : Using sampler Pymultinest with kwargs {'importance_nested_sampling': False, 'resume': True, 'verbose': True, 'sampling_efficiency': 'parameter', 'n_live_points': 2048, 'n_params': 5, 'n_clustering_params': None, 'wrapped_params': None, 'multimodal': True, 'const_efficiency_mode': False, 'evidence_tolerance': 0.5, 'n_iter_before_update': 100, 'null_log_evidence': -1e+90, 'max_modes': 100, 'mode_tolerance': -1e+90, 'seed': 42, 'context': 0, 'write_output': True, 'log_zero': -1e+100, 'max_iter': 0, 'init_MPI': False, 'dump_callback': <bound method Pymultinest._dump_callback of <bilby.core.sampler.pymultinest.Pymultinest object at 0x155500fc7130>>}
11:43 INFO    : Temporary directory incompatible with MPI, will run in original directory
11:43 INFO    : Using output file outdirBNSBu32cores/pm_Simu2019lm/
11:43 INFO    : Single likelihood evaluation took 1.637e-01 s
11:43 WARNING : Supplied argument 'queue_size' not an argument of 'Pymultinest', removing.
11:43 WARNING : Supplied argument 'check_point_delta_t' not an argument of 'Pymultinest', removing.
11:43 INFO    : Using sampler Pymultinest with kwargs {'importance_nested_sampling': False, 'resume': True, 'verbose': True, 'sampling_efficiency': 'parameter', 'n_live_points': 2048, 'n_params': 5, 'n_clustering_params': None, 'wrapped_params': None, 'multimodal': True, 'const_efficiency_mode': False, 'evidence_tolerance': 0.5, 'n_iter_before_update': 100, 'null_log_evidence': -1e+90, 'max_modes': 100, 'mode_tolerance': -1e+90, 'seed': 42, 'context': 0, 'write_output': True, 'log_zero': -1e+100, 'max_iter': 0, 'init_MPI': False, 'dump_callback': <bound method Pymultinest._dump_callback of <bilby.core.sampler.pymultinest.Pymultinest object at 0x155500fcebf0>>}
11:43 INFO    : Temporary directory incompatible with MPI, will run in original directory
11:43 INFO    : Using output file outdirBNSBu32cores/pm_Simu2019lm/
11:43 WARNING : Supplied argument 'queue_size' not an argument of 'Pymultinest', removing.
11:43 WARNING : Supplied argument 'check_point_delta_t' not an argument of 'Pymultinest', removing.
11:43 INFO    : Using sampler Pymultinest with kwargs {'importance_nested_sampling': False, 'resume': True, 'verbose': True, 'sampling_efficiency': 'parameter', 'n_live_points': 2048, 'n_params': 5, 'n_clustering_params': None, 'wrapped_params': None, 'multimodal': True, 'const_efficiency_mode': False, 'evidence_tolerance': 0.5, 'n_iter_before_update': 100, 'null_log_evidence': -1e+90, 'max_modes': 100, 'mode_tolerance': -1e+90, 'seed': 42, 'context': 0, 'write_output': True, 'log_zero': -1e+100, 'max_iter': 0, 'init_MPI': False, 'dump_callback': <bound method Pymultinest._dump_callback of <bilby.core.sampler.pymultinest.Pymultinest object at 0x155500fcb010>>}
11:43 INFO    : Temporary directory incompatible with MPI, will run in original directory
11:43 INFO    : Using output file outdirBNSBu32cores/pm_Simu2019lm/
11:43 WARNING : Supplied argument 'queue_size' not an argument of 'Pymultinest', removing.
11:43 WARNING : Supplied argument 'check_point_delta_t' not an argument of 'Pymultinest', removing.
11:43 INFO    : Using sampler Pymultinest with kwargs {'importance_nested_sampling': False, 'resume': True, 'verbose': True, 'sampling_efficiency': 'parameter', 'n_live_points': 2048, 'n_params': 5, 'n_clustering_params': None, 'wrapped_params': None, 'multimodal': True, 'const_efficiency_mode': False, 'evidence_tolerance': 0.5, 'n_iter_before_update': 100, 'null_log_evidence': -1e+90, 'max_modes': 100, 'mode_tolerance': -1e+90, 'seed': 42, 'context': 0, 'write_output': True, 'log_zero': -1e+100, 'max_iter': 0, 'init_MPI': False, 'dump_callback': <bound method Pymultinest._dump_callback of <bilby.core.sampler.pymultinest.Pymultinest object at 0x155500fc6f50>>}
11:43 INFO    : Temporary directory incompatible with MPI, will run in original directory
11:43 INFO    : Using output file outdirBNSBu32cores/pm_Simu2019lm/
11:43 INFO    : Single likelihood evaluation took 1.643e-01 s
11:43 INFO    : Single likelihood evaluation took 1.644e-01 s
11:43 WARNING : Supplied argument 'queue_size' not an argument of 'Pymultinest', removing.
11:43 WARNING : Supplied argument 'check_point_delta_t' not an argument of 'Pymultinest', removing.
11:43 INFO    : Using sampler Pymultinest with kwargs {'importance_nested_sampling': False, 'resume': True, 'verbose': True, 'sampling_efficiency': 'parameter', 'n_live_points': 2048, 'n_params': 5, 'n_clustering_params': None, 'wrapped_params': None, 'multimodal': True, 'const_efficiency_mode': False, 'evidence_tolerance': 0.5, 'n_iter_before_update': 100, 'null_log_evidence': -1e+90, 'max_modes': 100, 'mode_tolerance': -1e+90, 'seed': 42, 'context': 0, 'write_output': True, 'log_zero': -1e+100, 'max_iter': 0, 'init_MPI': False, 'dump_callback': <bound method Pymultinest._dump_callback of <bilby.core.sampler.pymultinest.Pymultinest object at 0x155500fc7370>>}
11:43 INFO    : Temporary directory incompatible with MPI, will run in original directory
11:43 INFO    : Using output file outdirBNSBu32cores/pm_Simu2019lm/
11:43 INFO    : Single likelihood evaluation took 1.647e-01 s
11:43 INFO    : Single likelihood evaluation took 1.649e-01 s
11:43 INFO    : Single likelihood evaluation took 1.650e-01 s
11:43 INFO    : Single likelihood evaluation took 1.650e-01 s
11:43 INFO    : Single likelihood evaluation took 1.650e-01 s
11:43 INFO    : Single likelihood evaluation took 1.650e-01 s
11:43 INFO    : Single likelihood evaluation took 1.651e-01 s
11:43 WARNING : Supplied argument 'queue_size' not an argument of 'Pymultinest', removing.
11:43 WARNING : Supplied argument 'check_point_delta_t' not an argument of 'Pymultinest', removing.
11:43 INFO    : Using sampler Pymultinest with kwargs {'importance_nested_sampling': False, 'resume': True, 'verbose': True, 'sampling_efficiency': 'parameter', 'n_live_points': 2048, 'n_params': 5, 'n_clustering_params': None, 'wrapped_params': None, 'multimodal': True, 'const_efficiency_mode': False, 'evidence_tolerance': 0.5, 'n_iter_before_update': 100, 'null_log_evidence': -1e+90, 'max_modes': 100, 'mode_tolerance': -1e+90, 'seed': 42, 'context': 0, 'write_output': True, 'log_zero': -1e+100, 'max_iter': 0, 'init_MPI': False, 'dump_callback': <bound method Pymultinest._dump_callback of <bilby.core.sampler.pymultinest.Pymultinest object at 0x155500fbb910>>}
11:43 INFO    : Temporary directory incompatible with MPI, will run in original directory
11:43 INFO    : Using output file outdirBNSBu32cores/pm_Simu2019lm/
11:43 WARNING : Supplied argument 'queue_size' not an argument of 'Pymultinest', removing.
11:43 WARNING : Supplied argument 'check_point_delta_t' not an argument of 'Pymultinest', removing.
11:43 INFO    : Using sampler Pymultinest with kwargs {'importance_nested_sampling': False, 'resume': True, 'verbose': True, 'sampling_efficiency': 'parameter', 'n_live_points': 2048, 'n_params': 5, 'n_clustering_params': None, 'wrapped_params': None, 'multimodal': True, 'const_efficiency_mode': False, 'evidence_tolerance': 0.5, 'n_iter_before_update': 100, 'null_log_evidence': -1e+90, 'max_modes': 100, 'mode_tolerance': -1e+90, 'seed': 42, 'context': 0, 'write_output': True, 'log_zero': -1e+100, 'max_iter': 0, 'init_MPI': False, 'dump_callback': <bound method Pymultinest._dump_callback of <bilby.core.sampler.pymultinest.Pymultinest object at 0x155500fc6cb0>>}
11:43 INFO    : Temporary directory incompatible with MPI, will run in original directory
11:43 INFO    : Using output file outdirBNSBu32cores/pm_Simu2019lm/
11:43 WARNING : Supplied argument 'queue_size' not an argument of 'Pymultinest', removing.
11:43 WARNING : Supplied argument 'check_point_delta_t' not an argument of 'Pymultinest', removing.
11:43 INFO    : Using sampler Pymultinest with kwargs {'importance_nested_sampling': False, 'resume': True, 'verbose': True, 'sampling_efficiency': 'parameter', 'n_live_points': 2048, 'n_params': 5, 'n_clustering_params': None, 'wrapped_params': None, 'multimodal': True, 'const_efficiency_mode': False, 'evidence_tolerance': 0.5, 'n_iter_before_update': 100, 'null_log_evidence': -1e+90, 'max_modes': 100, 'mode_tolerance': -1e+90, 'seed': 42, 'context': 0, 'write_output': True, 'log_zero': -1e+100, 'max_iter': 0, 'init_MPI': False, 'dump_callback': <bound method Pymultinest._dump_callback of <bilby.core.sampler.pymultinest.Pymultinest object at 0x155500fc7280>>}
11:43 INFO    : Temporary directory incompatible with MPI, will run in original directory
11:43 INFO    : Using output file outdirBNSBu32cores/pm_Simu2019lm/
11:43 WARNING : Supplied argument 'queue_size' not an argument of 'Pymultinest', removing.
11:43 WARNING : Supplied argument 'check_point_delta_t' not an argument of 'Pymultinest', removing.
11:43 INFO    : Using sampler Pymultinest with kwargs {'importance_nested_sampling': False, 'resume': True, 'verbose': True, 'sampling_efficiency': 'parameter', 'n_live_points': 2048, 'n_params': 5, 'n_clustering_params': None, 'wrapped_params': None, 'multimodal': True, 'const_efficiency_mode': False, 'evidence_tolerance': 0.5, 'n_iter_before_update': 100, 'null_log_evidence': -1e+90, 'max_modes': 100, 'mode_tolerance': -1e+90, 'seed': 42, 'context': 0, 'write_output': True, 'log_zero': -1e+100, 'max_iter': 0, 'init_MPI': False, 'dump_callback': <bound method Pymultinest._dump_callback of <bilby.core.sampler.pymultinest.Pymultinest object at 0x155500fcaa40>>}
11:43 INFO    : Temporary directory incompatible with MPI, will run in original directory
11:43 INFO    : Using output file outdirBNSBu32cores/pm_Simu2019lm/
11:43 WARNING : Supplied argument 'queue_size' not an argument of 'Pymultinest', removing.
11:43 WARNING : Supplied argument 'check_point_delta_t' not an argument of 'Pymultinest', removing.
11:43 INFO    : Using sampler Pymultinest with kwargs {'importance_nested_sampling': False, 'resume': True, 'verbose': True, 'sampling_efficiency': 'parameter', 'n_live_points': 2048, 'n_params': 5, 'n_clustering_params': None, 'wrapped_params': None, 'multimodal': True, 'const_efficiency_mode': False, 'evidence_tolerance': 0.5, 'n_iter_before_update': 100, 'null_log_evidence': -1e+90, 'max_modes': 100, 'mode_tolerance': -1e+90, 'seed': 42, 'context': 0, 'write_output': True, 'log_zero': -1e+100, 'max_iter': 0, 'init_MPI': False, 'dump_callback': <bound method Pymultinest._dump_callback of <bilby.core.sampler.pymultinest.Pymultinest object at 0x155500fcad10>>}
11:43 INFO    : Temporary directory incompatible with MPI, will run in original directory
11:43 INFO    : Using output file outdirBNSBu32cores/pm_Simu2019lm/
11:43 WARNING : Supplied argument 'queue_size' not an argument of 'Pymultinest', removing.
11:43 WARNING : Supplied argument 'check_point_delta_t' not an argument of 'Pymultinest', removing.
11:43 INFO    : Using sampler Pymultinest with kwargs {'importance_nested_sampling': False, 'resume': True, 'verbose': True, 'sampling_efficiency': 'parameter', 'n_live_points': 2048, 'n_params': 5, 'n_clustering_params': None, 'wrapped_params': None, 'multimodal': True, 'const_efficiency_mode': False, 'evidence_tolerance': 0.5, 'n_iter_before_update': 100, 'null_log_evidence': -1e+90, 'max_modes': 100, 'mode_tolerance': -1e+90, 'seed': 42, 'context': 0, 'write_output': True, 'log_zero': -1e+100, 'max_iter': 0, 'init_MPI': False, 'dump_callback': <bound method Pymultinest._dump_callback of <bilby.core.sampler.pymultinest.Pymultinest object at 0x155500fc70d0>>}
11:43 INFO    : Temporary directory incompatible with MPI, will run in original directory
11:43 INFO    : Single likelihood evaluation took 1.658e-01 s
11:43 INFO    : Using output file outdirBNSBu32cores/pm_Simu2019lm/
11:43 INFO    : Single likelihood evaluation took 1.658e-01 s
11:43 INFO    : Single likelihood evaluation took 1.658e-01 s
11:43 WARNING : Supplied argument 'queue_size' not an argument of 'Pymultinest', removing.
11:43 WARNING : Supplied argument 'check_point_delta_t' not an argument of 'Pymultinest', removing.
11:43 INFO    : Using sampler Pymultinest with kwargs {'importance_nested_sampling': False, 'resume': True, 'verbose': True, 'sampling_efficiency': 'parameter', 'n_live_points': 2048, 'n_params': 5, 'n_clustering_params': None, 'wrapped_params': None, 'multimodal': True, 'const_efficiency_mode': False, 'evidence_tolerance': 0.5, 'n_iter_before_update': 100, 'null_log_evidence': -1e+90, 'max_modes': 100, 'mode_tolerance': -1e+90, 'seed': 42, 'context': 0, 'write_output': True, 'log_zero': -1e+100, 'max_iter': 0, 'init_MPI': False, 'dump_callback': <bound method Pymultinest._dump_callback of <bilby.core.sampler.pymultinest.Pymultinest object at 0x155500fcb340>>}
11:43 INFO    : Temporary directory incompatible with MPI, will run in original directory
11:43 INFO    : Using output file outdirBNSBu32cores/pm_Simu2019lm/
11:43 WARNING : Supplied argument 'queue_size' not an argument of 'Pymultinest', removing.
11:43 WARNING : Supplied argument 'check_point_delta_t' not an argument of 'Pymultinest', removing.
11:43 INFO    : Using sampler Pymultinest with kwargs {'importance_nested_sampling': False, 'resume': True, 'verbose': True, 'sampling_efficiency': 'parameter', 'n_live_points': 2048, 'n_params': 5, 'n_clustering_params': None, 'wrapped_params': None, 'multimodal': True, 'const_efficiency_mode': False, 'evidence_tolerance': 0.5, 'n_iter_before_update': 100, 'null_log_evidence': -1e+90, 'max_modes': 100, 'mode_tolerance': -1e+90, 'seed': 42, 'context': 0, 'write_output': True, 'log_zero': -1e+100, 'max_iter': 0, 'init_MPI': False, 'dump_callback': <bound method Pymultinest._dump_callback of <bilby.core.sampler.pymultinest.Pymultinest object at 0x155500fc75e0>>}
11:43 INFO    : Temporary directory incompatible with MPI, will run in original directory
11:43 INFO    : Using output file outdirBNSBu32cores/pm_Simu2019lm/
11:43 WARNING : Supplied argument 'queue_size' not an argument of 'Pymultinest', removing.
11:43 WARNING : Supplied argument 'check_point_delta_t' not an argument of 'Pymultinest', removing.
11:43 INFO    : Using sampler Pymultinest with kwargs {'importance_nested_sampling': False, 'resume': True, 'verbose': True, 'sampling_efficiency': 'parameter', 'n_live_points': 2048, 'n_params': 5, 'n_clustering_params': None, 'wrapped_params': None, 'multimodal': True, 'const_efficiency_mode': False, 'evidence_tolerance': 0.5, 'n_iter_before_update': 100, 'null_log_evidence': -1e+90, 'max_modes': 100, 'mode_tolerance': -1e+90, 'seed': 42, 'context': 0, 'write_output': True, 'log_zero': -1e+100, 'max_iter': 0, 'init_MPI': False, 'dump_callback': <bound method Pymultinest._dump_callback of <bilby.core.sampler.pymultinest.Pymultinest object at 0x155500fcaec0>>}
11:43 INFO    : Temporary directory incompatible with MPI, will run in original directory
11:43 INFO    : Using output file outdirBNSBu32cores/pm_Simu2019lm/
11:43 INFO    : Single likelihood evaluation took 1.661e-01 s
11:43 INFO    : Single likelihood evaluation took 1.662e-01 s
11:43 INFO    : Single likelihood evaluation took 1.662e-01 s
11:43 WARNING : Supplied argument 'queue_size' not an argument of 'Pymultinest', removing.
11:43 WARNING : Supplied argument 'check_point_delta_t' not an argument of 'Pymultinest', removing.
11:43 INFO    : Using sampler Pymultinest with kwargs {'importance_nested_sampling': False, 'resume': True, 'verbose': True, 'sampling_efficiency': 'parameter', 'n_live_points': 2048, 'n_params': 5, 'n_clustering_params': None, 'wrapped_params': None, 'multimodal': True, 'const_efficiency_mode': False, 'evidence_tolerance': 0.5, 'n_iter_before_update': 100, 'null_log_evidence': -1e+90, 'max_modes': 100, 'mode_tolerance': -1e+90, 'seed': 42, 'context': 0, 'write_output': True, 'log_zero': -1e+100, 'max_iter': 0, 'init_MPI': False, 'dump_callback': <bound method Pymultinest._dump_callback of <bilby.core.sampler.pymultinest.Pymultinest object at 0x155500fcb5e0>>}
11:43 WARNING : Supplied argument 'queue_size' not an argument of 'Pymultinest', removing.
11:43 WARNING : Supplied argument 'check_point_delta_t' not an argument of 'Pymultinest', removing.
11:43 WARNING : Supplied argument 'queue_size' not an argument of 'Pymultinest', removing.
11:43 WARNING : Supplied argument 'check_point_delta_t' not an argument of 'Pymultinest', removing.
11:43 INFO    : Temporary directory incompatible with MPI, will run in original directory
11:43 INFO    : Using sampler Pymultinest with kwargs {'importance_nested_sampling': False, 'resume': True, 'verbose': True, 'sampling_efficiency': 'parameter', 'n_live_points': 2048, 'n_params': 5, 'n_clustering_params': None, 'wrapped_params': None, 'multimodal': True, 'const_efficiency_mode': False, 'evidence_tolerance': 0.5, 'n_iter_before_update': 100, 'null_log_evidence': -1e+90, 'max_modes': 100, 'mode_tolerance': -1e+90, 'seed': 42, 'context': 0, 'write_output': True, 'log_zero': -1e+100, 'max_iter': 0, 'init_MPI': False, 'dump_callback': <bound method Pymultinest._dump_callback of <bilby.core.sampler.pymultinest.Pymultinest object at 0x155500fc73a0>>}
11:43 INFO    : Using sampler Pymultinest with kwargs {'importance_nested_sampling': False, 'resume': True, 'verbose': True, 'sampling_efficiency': 'parameter', 'n_live_points': 2048, 'n_params': 5, 'n_clustering_params': None, 'wrapped_params': None, 'multimodal': True, 'const_efficiency_mode': False, 'evidence_tolerance': 0.5, 'n_iter_before_update': 100, 'null_log_evidence': -1e+90, 'max_modes': 100, 'mode_tolerance': -1e+90, 'seed': 42, 'context': 0, 'write_output': True, 'log_zero': -1e+100, 'max_iter': 0, 'init_MPI': False, 'dump_callback': <bound method Pymultinest._dump_callback of <bilby.core.sampler.pymultinest.Pymultinest object at 0x155500fcb160>>}
11:43 INFO    : Using output file outdirBNSBu32cores/pm_Simu2019lm/
11:43 INFO    : Temporary directory incompatible with MPI, will run in original directory
11:43 INFO    : Temporary directory incompatible with MPI, will run in original directory
11:43 INFO    : Using output file outdirBNSBu32cores/pm_Simu2019lm/
11:43 INFO    : Using output file outdirBNSBu32cores/pm_Simu2019lm/
11:43 INFO    : Single likelihood evaluation took 1.663e-01 s
11:43 WARNING : Supplied argument 'queue_size' not an argument of 'Pymultinest', removing.
11:43 WARNING : Supplied argument 'check_point_delta_t' not an argument of 'Pymultinest', removing.
11:43 INFO    : Using sampler Pymultinest with kwargs {'importance_nested_sampling': False, 'resume': True, 'verbose': True, 'sampling_efficiency': 'parameter', 'n_live_points': 2048, 'n_params': 5, 'n_clustering_params': None, 'wrapped_params': None, 'multimodal': True, 'const_efficiency_mode': False, 'evidence_tolerance': 0.5, 'n_iter_before_update': 100, 'null_log_evidence': -1e+90, 'max_modes': 100, 'mode_tolerance': -1e+90, 'seed': 42, 'context': 0, 'write_output': True, 'log_zero': -1e+100, 'max_iter': 0, 'init_MPI': False, 'dump_callback': <bound method Pymultinest._dump_callback of <bilby.core.sampler.pymultinest.Pymultinest object at 0x155500fc6ec0>>}
11:43 INFO    : Temporary directory incompatible with MPI, will run in original directory
11:43 INFO    : Using output file outdirBNSBu32cores/pm_Simu2019lm/
11:43 WARNING : Supplied argument 'queue_size' not an argument of 'Pymultinest', removing.
11:43 WARNING : Supplied argument 'check_point_delta_t' not an argument of 'Pymultinest', removing.
11:43 INFO    : Using sampler Pymultinest with kwargs {'importance_nested_sampling': False, 'resume': True, 'verbose': True, 'sampling_efficiency': 'parameter', 'n_live_points': 2048, 'n_params': 5, 'n_clustering_params': None, 'wrapped_params': None, 'multimodal': True, 'const_efficiency_mode': False, 'evidence_tolerance': 0.5, 'n_iter_before_update': 100, 'null_log_evidence': -1e+90, 'max_modes': 100, 'mode_tolerance': -1e+90, 'seed': 42, 'context': 0, 'write_output': True, 'log_zero': -1e+100, 'max_iter': 0, 'init_MPI': False, 'dump_callback': <bound method Pymultinest._dump_callback of <bilby.core.sampler.pymultinest.Pymultinest object at 0x155500fcad40>>}
11:43 INFO    : Temporary directory incompatible with MPI, will run in original directory
11:43 INFO    : Using output file outdirBNSBu32cores/pm_Simu2019lm/
11:43 WARNING : Supplied argument 'queue_size' not an argument of 'Pymultinest', removing.
11:43 WARNING : Supplied argument 'check_point_delta_t' not an argument of 'Pymultinest', removing.
11:43 INFO    : Using sampler Pymultinest with kwargs {'importance_nested_sampling': False, 'resume': True, 'verbose': True, 'sampling_efficiency': 'parameter', 'n_live_points': 2048, 'n_params': 5, 'n_clustering_params': None, 'wrapped_params': None, 'multimodal': True, 'const_efficiency_mode': False, 'evidence_tolerance': 0.5, 'n_iter_before_update': 100, 'null_log_evidence': -1e+90, 'max_modes': 100, 'mode_tolerance': -1e+90, 'seed': 42, 'context': 0, 'write_output': True, 'log_zero': -1e+100, 'max_iter': 0, 'init_MPI': False, 'dump_callback': <bound method Pymultinest._dump_callback of <bilby.core.sampler.pymultinest.Pymultinest object at 0x155500fc6fe0>>}
11:43 INFO    : Temporary directory incompatible with MPI, will run in original directory
11:43 INFO    : Using output file outdirBNSBu32cores/pm_Simu2019lm/
11:43 WARNING : Supplied argument 'queue_size' not an argument of 'Pymultinest', removing.
11:43 WARNING : Supplied argument 'check_point_delta_t' not an argument of 'Pymultinest', removing.
11:43 INFO    : Using sampler Pymultinest with kwargs {'importance_nested_sampling': False, 'resume': True, 'verbose': True, 'sampling_efficiency': 'parameter', 'n_live_points': 2048, 'n_params': 5, 'n_clustering_params': None, 'wrapped_params': None, 'multimodal': True, 'const_efficiency_mode': False, 'evidence_tolerance': 0.5, 'n_iter_before_update': 100, 'null_log_evidence': -1e+90, 'max_modes': 100, 'mode_tolerance': -1e+90, 'seed': 42, 'context': 0, 'write_output': True, 'log_zero': -1e+100, 'max_iter': 0, 'init_MPI': False, 'dump_callback': <bound method Pymultinest._dump_callback of <bilby.core.sampler.pymultinest.Pymultinest object at 0x155500fc6da0>>}
11:43 INFO    : Temporary directory incompatible with MPI, will run in original directory
11:43 INFO    : Using output file outdirBNSBu32cores/pm_Simu2019lm/
11:50 INFO    : Sampling time: 0:06:45.869538
11:50 INFO    : Sampling time: 0:06:45.995333
11:50 INFO    : Sampling time: 0:06:46.032707
11:50 INFO    : Sampling time: 0:06:46.136982
11:50 INFO    : Sampling time: 0:06:45.704022
11:50 INFO    : Sampling time: 0:06:45.833368
11:50 INFO    : Sampling time: 0:06:45.718729
11:50 INFO    : Sampling time: 0:06:46.033844
11:50 INFO    : Sampling time: 0:06:46.143392
11:50 INFO    : Sampling time: 0:06:46.034139
11:50 INFO    : Sampling time: 0:06:45.802994
11:50 INFO    : Sampling time: 0:06:46.143715
11:50 INFO    : Sampling time: 0:06:45.807918
11:50 INFO    : Sampling time: 0:06:46.034895
11:50 INFO    : Sampling time: 0:06:46.144024
11:50 INFO    : Sampling time: 0:06:45.709908
11:50 INFO    : Sampling time: 0:06:46.137967
11:50 INFO    : Sampling time: 0:06:45.818315
11:50 INFO    : Sampling time: 0:06:45.755365
11:50 INFO    : Sampling time: 0:06:45.754930
11:50 INFO    : Sampling time: 0:06:45.970121
11:50 INFO    : Sampling time: 0:06:45.788969
11:50 INFO    : Sampling time: 0:06:46.143305
11:50 INFO    : Sampling time: 0:06:46.015333
11:50 INFO    : Sampling time: 0:06:45.958771
11:50 INFO    : Sampling time: 0:06:45.937600
11:50 INFO    : Sampling time: 0:06:45.708754
11:50 INFO    : Sampling time: 0:06:45.754983
11:50 INFO    : Sampling time: 0:06:45.806420
11:50 INFO    : Sampling time: 0:06:45.816715
11:50 INFO    : Sampling time: 0:06:46.035420
11:50 INFO    : Sampling time: 0:06:45.861876
11:50 ERROR   : 

Saving the data has failed with the following message:
[Errno 116] Stale file handle
Data has been dumped to outdirBNSBu32cores/Simu2019lm_result.pkl.


11:50 INFO    : Summary of results:
nsamples: 10287
ln_noise_evidence:  0.000
ln_evidence: -55.559 +/-  0.051
ln_bayes_factor: -55.559 +/-  0.051

11:50 INFO    : Summary of results:
nsamples: 10287
ln_noise_evidence:  0.000
ln_evidence: -55.559 +/-  0.051
ln_bayes_factor: -55.559 +/-  0.051

11:50 INFO    : Summary of results:
nsamples: 10287
ln_noise_evidence:  0.000
ln_evidence: -55.559 +/-  0.051
ln_bayes_factor: -55.559 +/-  0.051

11:50 INFO    : Summary of results:
nsamples: 10287
ln_noise_evidence:  0.000
ln_evidence: -55.559 +/-  0.051
ln_bayes_factor: -55.559 +/-  0.051

00:50 INFO    : Running for label 'Simu2019lm', output will be saved to 'outdirBNSBu32cores'
00:50 INFO    : Analysis priors:
00:50 INFO    : KNphi=Uniform(minimum=15.0, maximum=75.0, name='KNphi', latex_label='$\\Phi$', unit=None, boundary=None)
00:50 INFO    : log10_mej_dyn=Uniform(minimum=-3.0, maximum=-1.0, name='log10_mej_dyn', latex_label='$\\log_{10}M^{\\rm{dyn}}_{\\rm{ej}}$', unit=None, boundary='reflective')
00:50 INFO    : log10_mej_wind=Uniform(minimum=-3.0, maximum=-0.5, name='log10_mej_wind', latex_label='$\\log_{10}M^{\\rm{wind}}_{\\rm{ej}}$', unit=None, boundary='reflective')
00:50 INFO    : inclination_EM=Sine(minimum=0.0, maximum=1.5707963267948966, name='inclination_EM', latex_label='$\\iota$', unit=None, boundary=None)
00:50 INFO    : luminosity_distance=LogUniform(minimum=1, maximum=500, name='luminosity_distance', latex_label='$D_L$', unit=None, boundary=None)
00:50 INFO    : timeshift=0.0
00:50 INFO    : em_syserr=1.0
00:50 INFO    : Ebv=0.0
00:50 INFO    : Analysis likelihood class: <class 'nmma.em.likelihood.OpticalLightCurve'>
00:50 INFO    : Analysis likelihood noise evidence: 0.0
00:50 INFO    : Single likelihood evaluation took 3.964e-02 s
00:50 WARNING : Supplied argument 'queue_size' not an argument of 'Pymultinest', removing.
00:50 WARNING : Supplied argument 'check_point_delta_t' not an argument of 'Pymultinest', removing.
00:50 WARNING : Using cached result
00:50 INFO    : Summary of results:
nsamples: 10287
ln_noise_evidence:  0.000
ln_evidence: -55.559 +/-  0.051
ln_bayes_factor: -55.559 +/-  0.051

00:50 INFO    : Writing samples file to /home/thussenot/kilonovae-H0/lcsimu/cadence170817/gri/outdirBNSBu32cores/Simu2019lm_posterior_samples.dat
