11:42 INFO    : Running for label 'Simu2019lm', output will be saved to 'outdirBNSBu32cores'
11:42 INFO    : Running for label 'Simu2019lm', output will be saved to 'outdirBNSBu32cores'
11:42 INFO    : Running for label 'Simu2019lm', output will be saved to 'outdirBNSBu32cores'
11:42 INFO    : Running for label 'Simu2019lm', output will be saved to 'outdirBNSBu32cores'
11:42 INFO    : Running for label 'Simu2019lm', output will be saved to 'outdirBNSBu32cores'
11:42 INFO    : Running for label 'Simu2019lm', output will be saved to 'outdirBNSBu32cores'
11:42 INFO    : Running for label 'Simu2019lm', output will be saved to 'outdirBNSBu32cores'
11:42 INFO    : Running for label 'Simu2019lm', output will be saved to 'outdirBNSBu32cores'
11:42 INFO    : Running for label 'Simu2019lm', output will be saved to 'outdirBNSBu32cores'
11:42 INFO    : Running for label 'Simu2019lm', output will be saved to 'outdirBNSBu32cores'
11:42 INFO    : Running for label 'Simu2019lm', output will be saved to 'outdirBNSBu32cores'
11:42 INFO    : Running for label 'Simu2019lm', output will be saved to 'outdirBNSBu32cores'
11:42 INFO    : Running for label 'Simu2019lm', output will be saved to 'outdirBNSBu32cores'
11:42 INFO    : Running for label 'Simu2019lm', output will be saved to 'outdirBNSBu32cores'
11:42 INFO    : Running for label 'Simu2019lm', output will be saved to 'outdirBNSBu32cores'
11:42 INFO    : Running for label 'Simu2019lm', output will be saved to 'outdirBNSBu32cores'
11:42 INFO    : Running for label 'Simu2019lm', output will be saved to 'outdirBNSBu32cores'
11:42 INFO    : Running for label 'Simu2019lm', output will be saved to 'outdirBNSBu32cores'
11:42 INFO    : Running for label 'Simu2019lm', output will be saved to 'outdirBNSBu32cores'
11:42 INFO    : Running for label 'Simu2019lm', output will be saved to 'outdirBNSBu32cores'
11:42 INFO    : Running for label 'Simu2019lm', output will be saved to 'outdirBNSBu32cores'
11:42 INFO    : Running for label 'Simu2019lm', output will be saved to 'outdirBNSBu32cores'
11:42 INFO    : Running for label 'Simu2019lm', output will be saved to 'outdirBNSBu32cores'
11:42 INFO    : Running for label 'Simu2019lm', output will be saved to 'outdirBNSBu32cores'
11:42 INFO    : Running for label 'Simu2019lm', output will be saved to 'outdirBNSBu32cores'
11:42 INFO    : Running for label 'Simu2019lm', output will be saved to 'outdirBNSBu32cores'
11:42 INFO    : Running for label 'Simu2019lm', output will be saved to 'outdirBNSBu32cores'
11:42 INFO    : Running for label 'Simu2019lm', output will be saved to 'outdirBNSBu32cores'
11:42 INFO    : Running for label 'Simu2019lm', output will be saved to 'outdirBNSBu32cores'
11:42 INFO    : Running for label 'Simu2019lm', output will be saved to 'outdirBNSBu32cores'
11:42 INFO    : Running for label 'Simu2019lm', output will be saved to 'outdirBNSBu32cores'
11:42 INFO    : Running for label 'Simu2019lm', output will be saved to 'outdirBNSBu32cores'
11:43 INFO    : Analysis priors:
11:43 INFO    : Analysis priors:
11:43 INFO    : Analysis priors:
11:43 INFO    : Analysis priors:
11:43 INFO    : Analysis priors:
11:43 INFO    : Analysis priors:
11:43 INFO    : Analysis priors:
11:43 INFO    : Analysis priors:
11:43 INFO    : Analysis priors:
11:43 INFO    : Analysis priors:
11:43 INFO    : Analysis priors:
11:43 INFO    : Analysis priors:
11:43 INFO    : Analysis priors:
11:43 INFO    : Analysis priors:
11:43 INFO    : Analysis priors:
11:43 INFO    : Analysis priors:
11:43 INFO    : Analysis priors:
11:43 INFO    : Analysis priors:
11:43 INFO    : KNphi=Uniform(minimum=15.0, maximum=75.0, name='KNphi', latex_label='$\\Phi$', unit=None, boundary=None)
11:43 INFO    : Analysis priors:
11:43 INFO    : Analysis priors:
11:43 INFO    : KNphi=Uniform(minimum=15.0, maximum=75.0, name='KNphi', latex_label='$\\Phi$', unit=None, boundary=None)
11:43 INFO    : Analysis priors:
11:43 INFO    : Analysis priors:
11:43 INFO    : Analysis priors:
11:43 INFO    : Analysis priors:
11:43 INFO    : Analysis priors:
11:43 INFO    : KNphi=Uniform(minimum=15.0, maximum=75.0, name='KNphi', latex_label='$\\Phi$', unit=None, boundary=None)
11:43 INFO    : Analysis priors:
11:43 INFO    : Analysis priors:
11:43 INFO    : log10_mej_dyn=Uniform(minimum=-3.0, maximum=-1.0, name='log10_mej_dyn', latex_label='$\\log_{10}M^{\\rm{dyn}}_{\\rm{ej}}$', unit=None, boundary='reflective')
11:43 INFO    : Analysis priors:
11:43 INFO    : log10_mej_dyn=Uniform(minimum=-3.0, maximum=-1.0, name='log10_mej_dyn', latex_label='$\\log_{10}M^{\\rm{dyn}}_{\\rm{ej}}$', unit=None, boundary='reflective')
11:43 INFO    : KNphi=Uniform(minimum=15.0, maximum=75.0, name='KNphi', latex_label='$\\Phi$', unit=None, boundary=None)
11:43 INFO    : Analysis priors:
11:43 INFO    : Analysis priors:
11:43 INFO    : KNphi=Uniform(minimum=15.0, maximum=75.0, name='KNphi', latex_label='$\\Phi$', unit=None, boundary=None)
11:43 INFO    : KNphi=Uniform(minimum=15.0, maximum=75.0, name='KNphi', latex_label='$\\Phi$', unit=None, boundary=None)
11:43 INFO    : KNphi=Uniform(minimum=15.0, maximum=75.0, name='KNphi', latex_label='$\\Phi$', unit=None, boundary=None)
11:43 INFO    : KNphi=Uniform(minimum=15.0, maximum=75.0, name='KNphi', latex_label='$\\Phi$', unit=None, boundary=None)
11:43 INFO    : KNphi=Uniform(minimum=15.0, maximum=75.0, name='KNphi', latex_label='$\\Phi$', unit=None, boundary=None)
11:43 INFO    : KNphi=Uniform(minimum=15.0, maximum=75.0, name='KNphi', latex_label='$\\Phi$', unit=None, boundary=None)
11:43 INFO    : KNphi=Uniform(minimum=15.0, maximum=75.0, name='KNphi', latex_label='$\\Phi$', unit=None, boundary=None)
11:43 INFO    : log10_mej_dyn=Uniform(minimum=-3.0, maximum=-1.0, name='log10_mej_dyn', latex_label='$\\log_{10}M^{\\rm{dyn}}_{\\rm{ej}}$', unit=None, boundary='reflective')
11:43 INFO    : KNphi=Uniform(minimum=15.0, maximum=75.0, name='KNphi', latex_label='$\\Phi$', unit=None, boundary=None)
11:43 INFO    : log10_mej_wind=Uniform(minimum=-3.0, maximum=-0.5, name='log10_mej_wind', latex_label='$\\log_{10}M^{\\rm{wind}}_{\\rm{ej}}$', unit=None, boundary='reflective')
11:43 INFO    : KNphi=Uniform(minimum=15.0, maximum=75.0, name='KNphi', latex_label='$\\Phi$', unit=None, boundary=None)
11:43 INFO    : KNphi=Uniform(minimum=15.0, maximum=75.0, name='KNphi', latex_label='$\\Phi$', unit=None, boundary=None)
11:43 INFO    : KNphi=Uniform(minimum=15.0, maximum=75.0, name='KNphi', latex_label='$\\Phi$', unit=None, boundary=None)
11:43 INFO    : KNphi=Uniform(minimum=15.0, maximum=75.0, name='KNphi', latex_label='$\\Phi$', unit=None, boundary=None)
11:43 INFO    : KNphi=Uniform(minimum=15.0, maximum=75.0, name='KNphi', latex_label='$\\Phi$', unit=None, boundary=None)
11:43 INFO    : KNphi=Uniform(minimum=15.0, maximum=75.0, name='KNphi', latex_label='$\\Phi$', unit=None, boundary=None)
11:43 INFO    : Analysis priors:
11:43 INFO    : KNphi=Uniform(minimum=15.0, maximum=75.0, name='KNphi', latex_label='$\\Phi$', unit=None, boundary=None)
11:43 INFO    : log10_mej_wind=Uniform(minimum=-3.0, maximum=-0.5, name='log10_mej_wind', latex_label='$\\log_{10}M^{\\rm{wind}}_{\\rm{ej}}$', unit=None, boundary='reflective')
11:43 INFO    : KNphi=Uniform(minimum=15.0, maximum=75.0, name='KNphi', latex_label='$\\Phi$', unit=None, boundary=None)
11:43 INFO    : log10_mej_dyn=Uniform(minimum=-3.0, maximum=-1.0, name='log10_mej_dyn', latex_label='$\\log_{10}M^{\\rm{dyn}}_{\\rm{ej}}$', unit=None, boundary='reflective')
11:43 INFO    : KNphi=Uniform(minimum=15.0, maximum=75.0, name='KNphi', latex_label='$\\Phi$', unit=None, boundary=None)
11:43 INFO    : log10_mej_dyn=Uniform(minimum=-3.0, maximum=-1.0, name='log10_mej_dyn', latex_label='$\\log_{10}M^{\\rm{dyn}}_{\\rm{ej}}$', unit=None, boundary='reflective')
11:43 INFO    : KNphi=Uniform(minimum=15.0, maximum=75.0, name='KNphi', latex_label='$\\Phi$', unit=None, boundary=None)
11:43 INFO    : log10_mej_dyn=Uniform(minimum=-3.0, maximum=-1.0, name='log10_mej_dyn', latex_label='$\\log_{10}M^{\\rm{dyn}}_{\\rm{ej}}$', unit=None, boundary='reflective')
11:43 INFO    : KNphi=Uniform(minimum=15.0, maximum=75.0, name='KNphi', latex_label='$\\Phi$', unit=None, boundary=None)
11:43 INFO    : log10_mej_dyn=Uniform(minimum=-3.0, maximum=-1.0, name='log10_mej_dyn', latex_label='$\\log_{10}M^{\\rm{dyn}}_{\\rm{ej}}$', unit=None, boundary='reflective')
11:43 INFO    : log10_mej_dyn=Uniform(minimum=-3.0, maximum=-1.0, name='log10_mej_dyn', latex_label='$\\log_{10}M^{\\rm{dyn}}_{\\rm{ej}}$', unit=None, boundary='reflective')
11:43 INFO    : log10_mej_dyn=Uniform(minimum=-3.0, maximum=-1.0, name='log10_mej_dyn', latex_label='$\\log_{10}M^{\\rm{dyn}}_{\\rm{ej}}$', unit=None, boundary='reflective')
11:43 INFO    : log10_mej_dyn=Uniform(minimum=-3.0, maximum=-1.0, name='log10_mej_dyn', latex_label='$\\log_{10}M^{\\rm{dyn}}_{\\rm{ej}}$', unit=None, boundary='reflective')
11:43 INFO    : KNphi=Uniform(minimum=15.0, maximum=75.0, name='KNphi', latex_label='$\\Phi$', unit=None, boundary=None)
11:43 INFO    : log10_mej_wind=Uniform(minimum=-3.0, maximum=-0.5, name='log10_mej_wind', latex_label='$\\log_{10}M^{\\rm{wind}}_{\\rm{ej}}$', unit=None, boundary='reflective')
11:43 INFO    : log10_mej_dyn=Uniform(minimum=-3.0, maximum=-1.0, name='log10_mej_dyn', latex_label='$\\log_{10}M^{\\rm{dyn}}_{\\rm{ej}}$', unit=None, boundary='reflective')
11:43 INFO    : log10_mej_dyn=Uniform(minimum=-3.0, maximum=-1.0, name='log10_mej_dyn', latex_label='$\\log_{10}M^{\\rm{dyn}}_{\\rm{ej}}$', unit=None, boundary='reflective')
11:43 INFO    : KNphi=Uniform(minimum=15.0, maximum=75.0, name='KNphi', latex_label='$\\Phi$', unit=None, boundary=None)
11:43 INFO    : KNphi=Uniform(minimum=15.0, maximum=75.0, name='KNphi', latex_label='$\\Phi$', unit=None, boundary=None)
11:43 INFO    : inclination_EM=Sine(minimum=0.0, maximum=1.5707963267948966, name='inclination_EM', latex_label='$\\iota$', unit=None, boundary=None)
11:43 INFO    : log10_mej_dyn=Uniform(minimum=-3.0, maximum=-1.0, name='log10_mej_dyn', latex_label='$\\log_{10}M^{\\rm{dyn}}_{\\rm{ej}}$', unit=None, boundary='reflective')
11:43 INFO    : log10_mej_dyn=Uniform(minimum=-3.0, maximum=-1.0, name='log10_mej_dyn', latex_label='$\\log_{10}M^{\\rm{dyn}}_{\\rm{ej}}$', unit=None, boundary='reflective')
11:43 INFO    : log10_mej_dyn=Uniform(minimum=-3.0, maximum=-1.0, name='log10_mej_dyn', latex_label='$\\log_{10}M^{\\rm{dyn}}_{\\rm{ej}}$', unit=None, boundary='reflective')
11:43 INFO    : log10_mej_dyn=Uniform(minimum=-3.0, maximum=-1.0, name='log10_mej_dyn', latex_label='$\\log_{10}M^{\\rm{dyn}}_{\\rm{ej}}$', unit=None, boundary='reflective')
11:43 INFO    : log10_mej_dyn=Uniform(minimum=-3.0, maximum=-1.0, name='log10_mej_dyn', latex_label='$\\log_{10}M^{\\rm{dyn}}_{\\rm{ej}}$', unit=None, boundary='reflective')
11:43 INFO    : log10_mej_dyn=Uniform(minimum=-3.0, maximum=-1.0, name='log10_mej_dyn', latex_label='$\\log_{10}M^{\\rm{dyn}}_{\\rm{ej}}$', unit=None, boundary='reflective')
11:43 INFO    : KNphi=Uniform(minimum=15.0, maximum=75.0, name='KNphi', latex_label='$\\Phi$', unit=None, boundary=None)
11:43 INFO    : log10_mej_dyn=Uniform(minimum=-3.0, maximum=-1.0, name='log10_mej_dyn', latex_label='$\\log_{10}M^{\\rm{dyn}}_{\\rm{ej}}$', unit=None, boundary='reflective')
11:43 INFO    : inclination_EM=Sine(minimum=0.0, maximum=1.5707963267948966, name='inclination_EM', latex_label='$\\iota$', unit=None, boundary=None)
11:43 INFO    : log10_mej_wind=Uniform(minimum=-3.0, maximum=-0.5, name='log10_mej_wind', latex_label='$\\log_{10}M^{\\rm{wind}}_{\\rm{ej}}$', unit=None, boundary='reflective')
11:43 INFO    : log10_mej_dyn=Uniform(minimum=-3.0, maximum=-1.0, name='log10_mej_dyn', latex_label='$\\log_{10}M^{\\rm{dyn}}_{\\rm{ej}}$', unit=None, boundary='reflective')
11:43 INFO    : KNphi=Uniform(minimum=15.0, maximum=75.0, name='KNphi', latex_label='$\\Phi$', unit=None, boundary=None)
11:43 INFO    : KNphi=Uniform(minimum=15.0, maximum=75.0, name='KNphi', latex_label='$\\Phi$', unit=None, boundary=None)
11:43 INFO    : log10_mej_wind=Uniform(minimum=-3.0, maximum=-0.5, name='log10_mej_wind', latex_label='$\\log_{10}M^{\\rm{wind}}_{\\rm{ej}}$', unit=None, boundary='reflective')
11:43 INFO    : log10_mej_dyn=Uniform(minimum=-3.0, maximum=-1.0, name='log10_mej_dyn', latex_label='$\\log_{10}M^{\\rm{dyn}}_{\\rm{ej}}$', unit=None, boundary='reflective')
11:43 INFO    : log10_mej_dyn=Uniform(minimum=-3.0, maximum=-1.0, name='log10_mej_dyn', latex_label='$\\log_{10}M^{\\rm{dyn}}_{\\rm{ej}}$', unit=None, boundary='reflective')
11:43 INFO    : log10_mej_wind=Uniform(minimum=-3.0, maximum=-0.5, name='log10_mej_wind', latex_label='$\\log_{10}M^{\\rm{wind}}_{\\rm{ej}}$', unit=None, boundary='reflective')
11:43 INFO    : log10_mej_wind=Uniform(minimum=-3.0, maximum=-0.5, name='log10_mej_wind', latex_label='$\\log_{10}M^{\\rm{wind}}_{\\rm{ej}}$', unit=None, boundary='reflective')
11:43 INFO    : log10_mej_wind=Uniform(minimum=-3.0, maximum=-0.5, name='log10_mej_wind', latex_label='$\\log_{10}M^{\\rm{wind}}_{\\rm{ej}}$', unit=None, boundary='reflective')
11:43 INFO    : log10_mej_wind=Uniform(minimum=-3.0, maximum=-0.5, name='log10_mej_wind', latex_label='$\\log_{10}M^{\\rm{wind}}_{\\rm{ej}}$', unit=None, boundary='reflective')
11:43 INFO    : log10_mej_dyn=Uniform(minimum=-3.0, maximum=-1.0, name='log10_mej_dyn', latex_label='$\\log_{10}M^{\\rm{dyn}}_{\\rm{ej}}$', unit=None, boundary='reflective')
11:43 INFO    : log10_mej_wind=Uniform(minimum=-3.0, maximum=-0.5, name='log10_mej_wind', latex_label='$\\log_{10}M^{\\rm{wind}}_{\\rm{ej}}$', unit=None, boundary='reflective')
11:43 INFO    : log10_mej_wind=Uniform(minimum=-3.0, maximum=-0.5, name='log10_mej_wind', latex_label='$\\log_{10}M^{\\rm{wind}}_{\\rm{ej}}$', unit=None, boundary='reflective')
11:43 INFO    : log10_mej_wind=Uniform(minimum=-3.0, maximum=-0.5, name='log10_mej_wind', latex_label='$\\log_{10}M^{\\rm{wind}}_{\\rm{ej}}$', unit=None, boundary='reflective')
11:43 INFO    : log10_mej_dyn=Uniform(minimum=-3.0, maximum=-1.0, name='log10_mej_dyn', latex_label='$\\log_{10}M^{\\rm{dyn}}_{\\rm{ej}}$', unit=None, boundary='reflective')
11:43 INFO    : inclination_EM=Sine(minimum=0.0, maximum=1.5707963267948966, name='inclination_EM', latex_label='$\\iota$', unit=None, boundary=None)
11:43 INFO    : log10_mej_wind=Uniform(minimum=-3.0, maximum=-0.5, name='log10_mej_wind', latex_label='$\\log_{10}M^{\\rm{wind}}_{\\rm{ej}}$', unit=None, boundary='reflective')
11:43 INFO    : log10_mej_wind=Uniform(minimum=-3.0, maximum=-0.5, name='log10_mej_wind', latex_label='$\\log_{10}M^{\\rm{wind}}_{\\rm{ej}}$', unit=None, boundary='reflective')
11:43 INFO    : log10_mej_dyn=Uniform(minimum=-3.0, maximum=-1.0, name='log10_mej_dyn', latex_label='$\\log_{10}M^{\\rm{dyn}}_{\\rm{ej}}$', unit=None, boundary='reflective')
11:43 INFO    : log10_mej_wind=Uniform(minimum=-3.0, maximum=-0.5, name='log10_mej_wind', latex_label='$\\log_{10}M^{\\rm{wind}}_{\\rm{ej}}$', unit=None, boundary='reflective')
11:43 INFO    : log10_mej_wind=Uniform(minimum=-3.0, maximum=-0.5, name='log10_mej_wind', latex_label='$\\log_{10}M^{\\rm{wind}}_{\\rm{ej}}$', unit=None, boundary='reflective')
11:43 INFO    : luminosity_distance=LogUniform(minimum=1, maximum=500, name='luminosity_distance', latex_label='$D_L$', unit=None, boundary=None)
11:43 INFO    : log10_mej_dyn=Uniform(minimum=-3.0, maximum=-1.0, name='log10_mej_dyn', latex_label='$\\log_{10}M^{\\rm{dyn}}_{\\rm{ej}}$', unit=None, boundary='reflective')
11:43 INFO    : log10_mej_wind=Uniform(minimum=-3.0, maximum=-0.5, name='log10_mej_wind', latex_label='$\\log_{10}M^{\\rm{wind}}_{\\rm{ej}}$', unit=None, boundary='reflective')
11:43 INFO    : log10_mej_wind=Uniform(minimum=-3.0, maximum=-0.5, name='log10_mej_wind', latex_label='$\\log_{10}M^{\\rm{wind}}_{\\rm{ej}}$', unit=None, boundary='reflective')
11:43 INFO    : log10_mej_dyn=Uniform(minimum=-3.0, maximum=-1.0, name='log10_mej_dyn', latex_label='$\\log_{10}M^{\\rm{dyn}}_{\\rm{ej}}$', unit=None, boundary='reflective')
11:43 INFO    : log10_mej_wind=Uniform(minimum=-3.0, maximum=-0.5, name='log10_mej_wind', latex_label='$\\log_{10}M^{\\rm{wind}}_{\\rm{ej}}$', unit=None, boundary='reflective')
11:43 INFO    : KNphi=Uniform(minimum=15.0, maximum=75.0, name='KNphi', latex_label='$\\Phi$', unit=None, boundary=None)
11:43 INFO    : luminosity_distance=LogUniform(minimum=1, maximum=500, name='luminosity_distance', latex_label='$D_L$', unit=None, boundary=None)
11:43 INFO    : inclination_EM=Sine(minimum=0.0, maximum=1.5707963267948966, name='inclination_EM', latex_label='$\\iota$', unit=None, boundary=None)
11:43 INFO    : timeshift=0.0
11:43 INFO    : log10_mej_wind=Uniform(minimum=-3.0, maximum=-0.5, name='log10_mej_wind', latex_label='$\\log_{10}M^{\\rm{wind}}_{\\rm{ej}}$', unit=None, boundary='reflective')
11:43 INFO    : log10_mej_dyn=Uniform(minimum=-3.0, maximum=-1.0, name='log10_mej_dyn', latex_label='$\\log_{10}M^{\\rm{dyn}}_{\\rm{ej}}$', unit=None, boundary='reflective')
11:43 INFO    : log10_mej_wind=Uniform(minimum=-3.0, maximum=-0.5, name='log10_mej_wind', latex_label='$\\log_{10}M^{\\rm{wind}}_{\\rm{ej}}$', unit=None, boundary='reflective')
11:43 INFO    : log10_mej_dyn=Uniform(minimum=-3.0, maximum=-1.0, name='log10_mej_dyn', latex_label='$\\log_{10}M^{\\rm{dyn}}_{\\rm{ej}}$', unit=None, boundary='reflective')
11:43 INFO    : timeshift=0.0
11:43 INFO    : em_syserr=1.0
11:43 INFO    : log10_mej_wind=Uniform(minimum=-3.0, maximum=-0.5, name='log10_mej_wind', latex_label='$\\log_{10}M^{\\rm{wind}}_{\\rm{ej}}$', unit=None, boundary='reflective')
11:43 INFO    : inclination_EM=Sine(minimum=0.0, maximum=1.5707963267948966, name='inclination_EM', latex_label='$\\iota$', unit=None, boundary=None)
11:43 INFO    : inclination_EM=Sine(minimum=0.0, maximum=1.5707963267948966, name='inclination_EM', latex_label='$\\iota$', unit=None, boundary=None)
11:43 INFO    : inclination_EM=Sine(minimum=0.0, maximum=1.5707963267948966, name='inclination_EM', latex_label='$\\iota$', unit=None, boundary=None)
11:43 INFO    : log10_mej_wind=Uniform(minimum=-3.0, maximum=-0.5, name='log10_mej_wind', latex_label='$\\log_{10}M^{\\rm{wind}}_{\\rm{ej}}$', unit=None, boundary='reflective')
11:43 INFO    : inclination_EM=Sine(minimum=0.0, maximum=1.5707963267948966, name='inclination_EM', latex_label='$\\iota$', unit=None, boundary=None)
11:43 INFO    : log10_mej_wind=Uniform(minimum=-3.0, maximum=-0.5, name='log10_mej_wind', latex_label='$\\log_{10}M^{\\rm{wind}}_{\\rm{ej}}$', unit=None, boundary='reflective')
11:43 INFO    : inclination_EM=Sine(minimum=0.0, maximum=1.5707963267948966, name='inclination_EM', latex_label='$\\iota$', unit=None, boundary=None)
11:43 INFO    : em_syserr=1.0
11:43 INFO    : inclination_EM=Sine(minimum=0.0, maximum=1.5707963267948966, name='inclination_EM', latex_label='$\\iota$', unit=None, boundary=None)
11:43 INFO    : inclination_EM=Sine(minimum=0.0, maximum=1.5707963267948966, name='inclination_EM', latex_label='$\\iota$', unit=None, boundary=None)
11:43 INFO    : Ebv=0.0
11:43 INFO    : log10_mej_wind=Uniform(minimum=-3.0, maximum=-0.5, name='log10_mej_wind', latex_label='$\\log_{10}M^{\\rm{wind}}_{\\rm{ej}}$', unit=None, boundary='reflective')
11:43 INFO    : luminosity_distance=LogUniform(minimum=1, maximum=500, name='luminosity_distance', latex_label='$D_L$', unit=None, boundary=None)
11:43 INFO    : inclination_EM=Sine(minimum=0.0, maximum=1.5707963267948966, name='inclination_EM', latex_label='$\\iota$', unit=None, boundary=None)
11:43 INFO    : inclination_EM=Sine(minimum=0.0, maximum=1.5707963267948966, name='inclination_EM', latex_label='$\\iota$', unit=None, boundary=None)
11:43 INFO    : inclination_EM=Sine(minimum=0.0, maximum=1.5707963267948966, name='inclination_EM', latex_label='$\\iota$', unit=None, boundary=None)
11:43 INFO    : log10_mej_wind=Uniform(minimum=-3.0, maximum=-0.5, name='log10_mej_wind', latex_label='$\\log_{10}M^{\\rm{wind}}_{\\rm{ej}}$', unit=None, boundary='reflective')
11:43 INFO    : inclination_EM=Sine(minimum=0.0, maximum=1.5707963267948966, name='inclination_EM', latex_label='$\\iota$', unit=None, boundary=None)
11:43 INFO    : log10_mej_wind=Uniform(minimum=-3.0, maximum=-0.5, name='log10_mej_wind', latex_label='$\\log_{10}M^{\\rm{wind}}_{\\rm{ej}}$', unit=None, boundary='reflective')
11:43 INFO    : inclination_EM=Sine(minimum=0.0, maximum=1.5707963267948966, name='inclination_EM', latex_label='$\\iota$', unit=None, boundary=None)
11:43 INFO    : inclination_EM=Sine(minimum=0.0, maximum=1.5707963267948966, name='inclination_EM', latex_label='$\\iota$', unit=None, boundary=None)
11:43 INFO    : inclination_EM=Sine(minimum=0.0, maximum=1.5707963267948966, name='inclination_EM', latex_label='$\\iota$', unit=None, boundary=None)
11:43 INFO    : Ebv=0.0
11:43 INFO    : Analysis likelihood class: <class 'nmma.em.likelihood.OpticalLightCurve'>
11:43 INFO    : inclination_EM=Sine(minimum=0.0, maximum=1.5707963267948966, name='inclination_EM', latex_label='$\\iota$', unit=None, boundary=None)
11:43 INFO    : timeshift=0.0
11:43 INFO    : log10_mej_dyn=Uniform(minimum=-3.0, maximum=-1.0, name='log10_mej_dyn', latex_label='$\\log_{10}M^{\\rm{dyn}}_{\\rm{ej}}$', unit=None, boundary='reflective')
11:43 INFO    : luminosity_distance=LogUniform(minimum=1, maximum=500, name='luminosity_distance', latex_label='$D_L$', unit=None, boundary=None)
11:43 INFO    : log10_mej_wind=Uniform(minimum=-3.0, maximum=-0.5, name='log10_mej_wind', latex_label='$\\log_{10}M^{\\rm{wind}}_{\\rm{ej}}$', unit=None, boundary='reflective')
11:43 INFO    : Analysis likelihood class: <class 'nmma.em.likelihood.OpticalLightCurve'>
11:43 INFO    : inclination_EM=Sine(minimum=0.0, maximum=1.5707963267948966, name='inclination_EM', latex_label='$\\iota$', unit=None, boundary=None)
11:43 INFO    : Analysis likelihood noise evidence: 0.0
11:43 INFO    : em_syserr=1.0
11:43 INFO    : log10_mej_wind=Uniform(minimum=-3.0, maximum=-0.5, name='log10_mej_wind', latex_label='$\\log_{10}M^{\\rm{wind}}_{\\rm{ej}}$', unit=None, boundary='reflective')
11:43 INFO    : inclination_EM=Sine(minimum=0.0, maximum=1.5707963267948966, name='inclination_EM', latex_label='$\\iota$', unit=None, boundary=None)
11:43 INFO    : timeshift=0.0
11:43 INFO    : inclination_EM=Sine(minimum=0.0, maximum=1.5707963267948966, name='inclination_EM', latex_label='$\\iota$', unit=None, boundary=None)
11:43 INFO    : luminosity_distance=LogUniform(minimum=1, maximum=500, name='luminosity_distance', latex_label='$D_L$', unit=None, boundary=None)
11:43 INFO    : luminosity_distance=LogUniform(minimum=1, maximum=500, name='luminosity_distance', latex_label='$D_L$', unit=None, boundary=None)
11:43 INFO    : Analysis likelihood noise evidence: 0.0
11:43 INFO    : Ebv=0.0
11:43 INFO    : luminosity_distance=LogUniform(minimum=1, maximum=500, name='luminosity_distance', latex_label='$D_L$', unit=None, boundary=None)
11:43 INFO    : inclination_EM=Sine(minimum=0.0, maximum=1.5707963267948966, name='inclination_EM', latex_label='$\\iota$', unit=None, boundary=None)
11:43 INFO    : luminosity_distance=LogUniform(minimum=1, maximum=500, name='luminosity_distance', latex_label='$D_L$', unit=None, boundary=None)
11:43 INFO    : em_syserr=1.0
11:43 INFO    : inclination_EM=Sine(minimum=0.0, maximum=1.5707963267948966, name='inclination_EM', latex_label='$\\iota$', unit=None, boundary=None)
11:43 INFO    : luminosity_distance=LogUniform(minimum=1, maximum=500, name='luminosity_distance', latex_label='$D_L$', unit=None, boundary=None)
11:43 INFO    : luminosity_distance=LogUniform(minimum=1, maximum=500, name='luminosity_distance', latex_label='$D_L$', unit=None, boundary=None)
11:43 INFO    : luminosity_distance=LogUniform(minimum=1, maximum=500, name='luminosity_distance', latex_label='$D_L$', unit=None, boundary=None)
11:43 INFO    : inclination_EM=Sine(minimum=0.0, maximum=1.5707963267948966, name='inclination_EM', latex_label='$\\iota$', unit=None, boundary=None)
11:43 INFO    : luminosity_distance=LogUniform(minimum=1, maximum=500, name='luminosity_distance', latex_label='$D_L$', unit=None, boundary=None)
11:43 INFO    : inclination_EM=Sine(minimum=0.0, maximum=1.5707963267948966, name='inclination_EM', latex_label='$\\iota$', unit=None, boundary=None)
11:43 INFO    : luminosity_distance=LogUniform(minimum=1, maximum=500, name='luminosity_distance', latex_label='$D_L$', unit=None, boundary=None)
11:43 INFO    : timeshift=0.0
11:43 INFO    : luminosity_distance=LogUniform(minimum=1, maximum=500, name='luminosity_distance', latex_label='$D_L$', unit=None, boundary=None)
11:43 INFO    : timeshift=0.0
11:43 INFO    : luminosity_distance=LogUniform(minimum=1, maximum=500, name='luminosity_distance', latex_label='$D_L$', unit=None, boundary=None)
11:43 INFO    : Analysis likelihood class: <class 'nmma.em.likelihood.OpticalLightCurve'>
11:43 INFO    : luminosity_distance=LogUniform(minimum=1, maximum=500, name='luminosity_distance', latex_label='$D_L$', unit=None, boundary=None)
11:43 INFO    : Ebv=0.0
11:43 INFO    : timeshift=0.0
11:43 INFO    : timeshift=0.0
11:43 INFO    : inclination_EM=Sine(minimum=0.0, maximum=1.5707963267948966, name='inclination_EM', latex_label='$\\iota$', unit=None, boundary=None)
11:43 INFO    : timeshift=0.0
11:43 INFO    : luminosity_distance=LogUniform(minimum=1, maximum=500, name='luminosity_distance', latex_label='$D_L$', unit=None, boundary=None)
11:43 INFO    : timeshift=0.0
11:43 INFO    : luminosity_distance=LogUniform(minimum=1, maximum=500, name='luminosity_distance', latex_label='$D_L$', unit=None, boundary=None)
11:43 INFO    : luminosity_distance=LogUniform(minimum=1, maximum=500, name='luminosity_distance', latex_label='$D_L$', unit=None, boundary=None)
11:43 INFO    : timeshift=0.0
11:43 INFO    : timeshift=0.0
11:43 INFO    : log10_mej_wind=Uniform(minimum=-3.0, maximum=-0.5, name='log10_mej_wind', latex_label='$\\log_{10}M^{\\rm{wind}}_{\\rm{ej}}$', unit=None, boundary='reflective')
11:43 INFO    : em_syserr=1.0
11:43 INFO    : timeshift=0.0
11:43 INFO    : timeshift=0.0
11:43 INFO    : em_syserr=1.0
11:43 INFO    : Analysis likelihood noise evidence: 0.0
11:43 INFO    : Analysis likelihood class: <class 'nmma.em.likelihood.OpticalLightCurve'>
11:43 INFO    : timeshift=0.0
11:43 INFO    : inclination_EM=Sine(minimum=0.0, maximum=1.5707963267948966, name='inclination_EM', latex_label='$\\iota$', unit=None, boundary=None)
11:43 INFO    : timeshift=0.0
11:43 INFO    : em_syserr=1.0
11:43 INFO    : em_syserr=1.0
11:43 INFO    : em_syserr=1.0
11:43 INFO    : em_syserr=1.0
11:43 INFO    : em_syserr=1.0
11:43 INFO    : timeshift=0.0
11:43 INFO    : em_syserr=1.0
11:43 INFO    : timeshift=0.0
11:43 INFO    : em_syserr=1.0
11:43 INFO    : timeshift=0.0
11:43 INFO    : inclination_EM=Sine(minimum=0.0, maximum=1.5707963267948966, name='inclination_EM', latex_label='$\\iota$', unit=None, boundary=None)
11:43 INFO    : Ebv=0.0
11:43 INFO    : luminosity_distance=LogUniform(minimum=1, maximum=500, name='luminosity_distance', latex_label='$D_L$', unit=None, boundary=None)
11:43 INFO    : em_syserr=1.0
11:43 INFO    : Ebv=0.0
11:43 INFO    : em_syserr=1.0
11:43 INFO    : luminosity_distance=LogUniform(minimum=1, maximum=500, name='luminosity_distance', latex_label='$D_L$', unit=None, boundary=None)
11:43 INFO    : em_syserr=1.0
11:43 INFO    : Analysis likelihood noise evidence: 0.0
11:43 INFO    : Ebv=0.0
11:43 INFO    : Ebv=0.0
11:43 INFO    : Ebv=0.0
11:43 INFO    : luminosity_distance=LogUniform(minimum=1, maximum=500, name='luminosity_distance', latex_label='$D_L$', unit=None, boundary=None)
11:43 INFO    : Ebv=0.0
11:43 INFO    : Ebv=0.0
11:43 INFO    : em_syserr=1.0
11:43 INFO    : Ebv=0.0
11:43 INFO    : Ebv=0.0
11:43 INFO    : luminosity_distance=LogUniform(minimum=1, maximum=500, name='luminosity_distance', latex_label='$D_L$', unit=None, boundary=None)
11:43 INFO    : em_syserr=1.0
11:43 INFO    : luminosity_distance=LogUniform(minimum=1, maximum=500, name='luminosity_distance', latex_label='$D_L$', unit=None, boundary=None)
11:43 INFO    : luminosity_distance=LogUniform(minimum=1, maximum=500, name='luminosity_distance', latex_label='$D_L$', unit=None, boundary=None)
11:43 INFO    : em_syserr=1.0
11:43 INFO    : luminosity_distance=LogUniform(minimum=1, maximum=500, name='luminosity_distance', latex_label='$D_L$', unit=None, boundary=None)
11:43 INFO    : Ebv=0.0
11:43 INFO    : timeshift=0.0
11:43 INFO    : Ebv=0.0
11:43 INFO    : Analysis likelihood class: <class 'nmma.em.likelihood.OpticalLightCurve'>
11:43 INFO    : Analysis likelihood class: <class 'nmma.em.likelihood.OpticalLightCurve'>
11:43 INFO    : Analysis likelihood class: <class 'nmma.em.likelihood.OpticalLightCurve'>
11:43 INFO    : Ebv=0.0
11:43 INFO    : timeshift=0.0
11:43 INFO    : Analysis likelihood class: <class 'nmma.em.likelihood.OpticalLightCurve'>
11:43 INFO    : Analysis likelihood class: <class 'nmma.em.likelihood.OpticalLightCurve'>
11:43 INFO    : Analysis likelihood class: <class 'nmma.em.likelihood.OpticalLightCurve'>
11:43 INFO    : Analysis likelihood class: <class 'nmma.em.likelihood.OpticalLightCurve'>
11:43 INFO    : Ebv=0.0
11:43 INFO    : timeshift=0.0
11:43 INFO    : Analysis likelihood class: <class 'nmma.em.likelihood.OpticalLightCurve'>
11:43 INFO    : timeshift=0.0
11:43 INFO    : Analysis likelihood class: <class 'nmma.em.likelihood.OpticalLightCurve'>
11:43 INFO    : Ebv=0.0
11:43 INFO    : timeshift=0.0
11:43 INFO    : Ebv=0.0
11:43 INFO    : timeshift=0.0
11:43 INFO    : em_syserr=1.0
11:43 INFO    : timeshift=0.0
11:43 INFO    : Analysis likelihood class: <class 'nmma.em.likelihood.OpticalLightCurve'>
11:43 INFO    : Analysis likelihood class: <class 'nmma.em.likelihood.OpticalLightCurve'>
11:43 INFO    : Analysis likelihood noise evidence: 0.0
11:43 INFO    : luminosity_distance=LogUniform(minimum=1, maximum=500, name='luminosity_distance', latex_label='$D_L$', unit=None, boundary=None)
11:43 INFO    : Analysis likelihood noise evidence: 0.0
11:43 INFO    : Analysis likelihood noise evidence: 0.0
11:43 INFO    : Analysis likelihood class: <class 'nmma.em.likelihood.OpticalLightCurve'>
11:43 INFO    : em_syserr=1.0
11:43 INFO    : Analysis likelihood noise evidence: 0.0
11:43 INFO    : Analysis likelihood noise evidence: 0.0
11:43 INFO    : Analysis likelihood noise evidence: 0.0
11:43 INFO    : inclination_EM=Sine(minimum=0.0, maximum=1.5707963267948966, name='inclination_EM', latex_label='$\\iota$', unit=None, boundary=None)
11:43 INFO    : em_syserr=1.0
11:43 INFO    : Analysis likelihood noise evidence: 0.0
11:43 INFO    : Analysis likelihood class: <class 'nmma.em.likelihood.OpticalLightCurve'>
11:43 INFO    : luminosity_distance=LogUniform(minimum=1, maximum=500, name='luminosity_distance', latex_label='$D_L$', unit=None, boundary=None)
11:43 INFO    : em_syserr=1.0
11:43 INFO    : Analysis likelihood noise evidence: 0.0
11:43 INFO    : em_syserr=1.0
11:43 INFO    : em_syserr=1.0
11:43 INFO    : Analysis likelihood class: <class 'nmma.em.likelihood.OpticalLightCurve'>
11:43 INFO    : Ebv=0.0
11:43 INFO    : Analysis likelihood noise evidence: 0.0
11:43 INFO    : em_syserr=1.0
11:43 INFO    : Analysis likelihood class: <class 'nmma.em.likelihood.OpticalLightCurve'>
11:43 INFO    : Analysis likelihood noise evidence: 0.0
11:43 INFO    : Analysis likelihood noise evidence: 0.0
11:43 INFO    : Ebv=0.0
11:43 INFO    : luminosity_distance=LogUniform(minimum=1, maximum=500, name='luminosity_distance', latex_label='$D_L$', unit=None, boundary=None)
11:43 INFO    : Analysis likelihood noise evidence: 0.0
11:43 INFO    : Ebv=0.0
11:43 INFO    : timeshift=0.0
11:43 INFO    : Analysis likelihood noise evidence: 0.0
11:43 INFO    : Ebv=0.0
11:43 INFO    : Ebv=0.0
11:43 INFO    : Ebv=0.0
11:43 INFO    : timeshift=0.0
11:43 INFO    : Ebv=0.0
11:43 INFO    : Analysis likelihood class: <class 'nmma.em.likelihood.OpticalLightCurve'>
11:43 INFO    : Analysis likelihood noise evidence: 0.0
11:43 INFO    : Analysis likelihood noise evidence: 0.0
11:43 INFO    : Analysis likelihood class: <class 'nmma.em.likelihood.OpticalLightCurve'>
11:43 INFO    : Analysis likelihood class: <class 'nmma.em.likelihood.OpticalLightCurve'>
11:43 INFO    : timeshift=0.0
11:43 INFO    : em_syserr=1.0
11:43 INFO    : Analysis likelihood class: <class 'nmma.em.likelihood.OpticalLightCurve'>
11:43 INFO    : Analysis likelihood class: <class 'nmma.em.likelihood.OpticalLightCurve'>
11:43 INFO    : em_syserr=1.0
11:43 INFO    : Analysis likelihood class: <class 'nmma.em.likelihood.OpticalLightCurve'>
11:43 INFO    : Analysis likelihood class: <class 'nmma.em.likelihood.OpticalLightCurve'>
11:43 INFO    : Analysis likelihood noise evidence: 0.0
11:43 INFO    : Analysis likelihood noise evidence: 0.0
11:43 INFO    : em_syserr=1.0
11:43 INFO    : Ebv=0.0
11:43 INFO    : Analysis likelihood noise evidence: 0.0
11:43 INFO    : Ebv=0.0
11:43 INFO    : Analysis likelihood noise evidence: 0.0
11:43 INFO    : Analysis likelihood noise evidence: 0.0
11:43 INFO    : Analysis likelihood noise evidence: 0.0
11:43 INFO    : Analysis likelihood noise evidence: 0.0
11:43 INFO    : luminosity_distance=LogUniform(minimum=1, maximum=500, name='luminosity_distance', latex_label='$D_L$', unit=None, boundary=None)
11:43 INFO    : Ebv=0.0
11:43 INFO    : Analysis likelihood class: <class 'nmma.em.likelihood.OpticalLightCurve'>
11:43 INFO    : Analysis likelihood class: <class 'nmma.em.likelihood.OpticalLightCurve'>
11:43 INFO    : timeshift=0.0
11:43 INFO    : Analysis likelihood class: <class 'nmma.em.likelihood.OpticalLightCurve'>
11:43 INFO    : Analysis likelihood noise evidence: 0.0
11:43 INFO    : Analysis likelihood noise evidence: 0.0
11:43 INFO    : Analysis likelihood noise evidence: 0.0
11:43 INFO    : Analysis priors:
11:43 INFO    : em_syserr=1.0
11:43 INFO    : Ebv=0.0
11:43 INFO    : Analysis likelihood class: <class 'nmma.em.likelihood.OpticalLightCurve'>
11:43 INFO    : Analysis likelihood noise evidence: 0.0
11:43 INFO    : KNphi=Uniform(minimum=15.0, maximum=75.0, name='KNphi', latex_label='$\\Phi$', unit=None, boundary=None)
11:43 INFO    : KNphi=Uniform(minimum=15.0, maximum=75.0, name='KNphi', latex_label='$\\Phi$', unit=None, boundary=None)
11:43 INFO    : log10_mej_dyn=Uniform(minimum=-3.0, maximum=-1.0, name='log10_mej_dyn', latex_label='$\\log_{10}M^{\\rm{dyn}}_{\\rm{ej}}$', unit=None, boundary='reflective')
11:43 INFO    : log10_mej_dyn=Uniform(minimum=-3.0, maximum=-1.0, name='log10_mej_dyn', latex_label='$\\log_{10}M^{\\rm{dyn}}_{\\rm{ej}}$', unit=None, boundary='reflective')
11:43 INFO    : log10_mej_wind=Uniform(minimum=-3.0, maximum=-0.5, name='log10_mej_wind', latex_label='$\\log_{10}M^{\\rm{wind}}_{\\rm{ej}}$', unit=None, boundary='reflective')
11:43 INFO    : inclination_EM=Sine(minimum=0.0, maximum=1.5707963267948966, name='inclination_EM', latex_label='$\\iota$', unit=None, boundary=None)
11:43 INFO    : log10_mej_wind=Uniform(minimum=-3.0, maximum=-0.5, name='log10_mej_wind', latex_label='$\\log_{10}M^{\\rm{wind}}_{\\rm{ej}}$', unit=None, boundary='reflective')
11:43 INFO    : luminosity_distance=LogUniform(minimum=1, maximum=500, name='luminosity_distance', latex_label='$D_L$', unit=None, boundary=None)
11:43 INFO    : timeshift=0.0
11:43 INFO    : em_syserr=1.0
11:43 INFO    : Ebv=0.0
11:43 INFO    : Analysis likelihood class: <class 'nmma.em.likelihood.OpticalLightCurve'>
11:43 INFO    : Analysis likelihood noise evidence: 0.0
11:43 INFO    : inclination_EM=Sine(minimum=0.0, maximum=1.5707963267948966, name='inclination_EM', latex_label='$\\iota$', unit=None, boundary=None)
11:43 INFO    : luminosity_distance=LogUniform(minimum=1, maximum=500, name='luminosity_distance', latex_label='$D_L$', unit=None, boundary=None)
11:43 INFO    : timeshift=0.0
11:43 INFO    : em_syserr=1.0
11:43 INFO    : Ebv=0.0
11:43 INFO    : Analysis likelihood class: <class 'nmma.em.likelihood.OpticalLightCurve'>
11:43 INFO    : Analysis likelihood noise evidence: 0.0
11:43 INFO    : Single likelihood evaluation took 1.038e-01 s
11:43 INFO    : Single likelihood evaluation took 1.038e-01 s
11:43 INFO    : Single likelihood evaluation took 1.039e-01 s
11:43 INFO    : Single likelihood evaluation took 1.046e-01 s
11:43 INFO    : Single likelihood evaluation took 1.048e-01 s
11:43 WARNING : Supplied argument 'queue_size' not an argument of 'Pymultinest', removing.
11:43 WARNING : Supplied argument 'check_point_delta_t' not an argument of 'Pymultinest', removing.
11:43 INFO    : Using sampler Pymultinest with kwargs {'importance_nested_sampling': False, 'resume': True, 'verbose': True, 'sampling_efficiency': 'parameter', 'n_live_points': 2048, 'n_params': 5, 'n_clustering_params': None, 'wrapped_params': None, 'multimodal': True, 'const_efficiency_mode': False, 'evidence_tolerance': 0.5, 'n_iter_before_update': 100, 'null_log_evidence': -1e+90, 'max_modes': 100, 'mode_tolerance': -1e+90, 'seed': 42, 'context': 0, 'write_output': True, 'log_zero': -1e+100, 'max_iter': 0, 'init_MPI': False, 'dump_callback': <bound method Pymultinest._dump_callback of <bilby.core.sampler.pymultinest.Pymultinest object at 0x1555017bfee0>>}
11:43 WARNING : Supplied argument 'queue_size' not an argument of 'Pymultinest', removing.
11:43 WARNING : Supplied argument 'check_point_delta_t' not an argument of 'Pymultinest', removing.
11:43 INFO    : Temporary directory incompatible with MPI, will run in original directory
11:43 INFO    : Using sampler Pymultinest with kwargs {'importance_nested_sampling': False, 'resume': True, 'verbose': True, 'sampling_efficiency': 'parameter', 'n_live_points': 2048, 'n_params': 5, 'n_clustering_params': None, 'wrapped_params': None, 'multimodal': True, 'const_efficiency_mode': False, 'evidence_tolerance': 0.5, 'n_iter_before_update': 100, 'null_log_evidence': -1e+90, 'max_modes': 100, 'mode_tolerance': -1e+90, 'seed': 42, 'context': 0, 'write_output': True, 'log_zero': -1e+100, 'max_iter': 0, 'init_MPI': False, 'dump_callback': <bound method Pymultinest._dump_callback of <bilby.core.sampler.pymultinest.Pymultinest object at 0x1555017bbdf0>>}
11:43 INFO    : Temporary directory incompatible with MPI, will run in original directory
11:43 WARNING : Supplied argument 'queue_size' not an argument of 'Pymultinest', removing.
11:43 WARNING : Supplied argument 'check_point_delta_t' not an argument of 'Pymultinest', removing.
11:43 WARNING : Supplied argument 'queue_size' not an argument of 'Pymultinest', removing.
11:43 WARNING : Supplied argument 'check_point_delta_t' not an argument of 'Pymultinest', removing.
11:43 INFO    : Single likelihood evaluation took 1.054e-01 s
11:43 WARNING : Supplied argument 'queue_size' not an argument of 'Pymultinest', removing.
11:43 WARNING : Supplied argument 'check_point_delta_t' not an argument of 'Pymultinest', removing.
11:43 INFO    : Using output file outdirBNSBu32cores/pm_Simu2019lm/
11:43 INFO    : Using output file outdirBNSBu32cores/pm_Simu2019lm/
11:43 INFO    : Using sampler Pymultinest with kwargs {'importance_nested_sampling': False, 'resume': True, 'verbose': True, 'sampling_efficiency': 'parameter', 'n_live_points': 2048, 'n_params': 5, 'n_clustering_params': None, 'wrapped_params': None, 'multimodal': True, 'const_efficiency_mode': False, 'evidence_tolerance': 0.5, 'n_iter_before_update': 100, 'null_log_evidence': -1e+90, 'max_modes': 100, 'mode_tolerance': -1e+90, 'seed': 42, 'context': 0, 'write_output': True, 'log_zero': -1e+100, 'max_iter': 0, 'init_MPI': False, 'dump_callback': <bound method Pymultinest._dump_callback of <bilby.core.sampler.pymultinest.Pymultinest object at 0x1555017bff70>>}
11:43 INFO    : Using sampler Pymultinest with kwargs {'importance_nested_sampling': False, 'resume': True, 'verbose': True, 'sampling_efficiency': 'parameter', 'n_live_points': 2048, 'n_params': 5, 'n_clustering_params': None, 'wrapped_params': None, 'multimodal': True, 'const_efficiency_mode': False, 'evidence_tolerance': 0.5, 'n_iter_before_update': 100, 'null_log_evidence': -1e+90, 'max_modes': 100, 'mode_tolerance': -1e+90, 'seed': 42, 'context': 0, 'write_output': True, 'log_zero': -1e+100, 'max_iter': 0, 'init_MPI': False, 'dump_callback': <bound method Pymultinest._dump_callback of <bilby.core.sampler.pymultinest.Pymultinest object at 0x1555017bbee0>>}
11:43 INFO    : Temporary directory incompatible with MPI, will run in original directory
11:43 INFO    : Temporary directory incompatible with MPI, will run in original directory
11:43 INFO    : Using sampler Pymultinest with kwargs {'importance_nested_sampling': False, 'resume': True, 'verbose': True, 'sampling_efficiency': 'parameter', 'n_live_points': 2048, 'n_params': 5, 'n_clustering_params': None, 'wrapped_params': None, 'multimodal': True, 'const_efficiency_mode': False, 'evidence_tolerance': 0.5, 'n_iter_before_update': 100, 'null_log_evidence': -1e+90, 'max_modes': 100, 'mode_tolerance': -1e+90, 'seed': 42, 'context': 0, 'write_output': True, 'log_zero': -1e+100, 'max_iter': 0, 'init_MPI': False, 'dump_callback': <bound method Pymultinest._dump_callback of <bilby.core.sampler.pymultinest.Pymultinest object at 0x1555017bbe80>>}
11:43 INFO    : Using output file outdirBNSBu32cores/pm_Simu2019lm/
11:43 INFO    : Using output file outdirBNSBu32cores/pm_Simu2019lm/
11:43 INFO    : Temporary directory incompatible with MPI, will run in original directory
11:43 INFO    : Using output file outdirBNSBu32cores/pm_Simu2019lm/
11:43 INFO    : Single likelihood evaluation took 1.058e-01 s
11:43 INFO    : Single likelihood evaluation took 1.060e-01 s
11:43 WARNING : Supplied argument 'queue_size' not an argument of 'Pymultinest', removing.
11:43 WARNING : Supplied argument 'check_point_delta_t' not an argument of 'Pymultinest', removing.
11:43 INFO    : Using sampler Pymultinest with kwargs {'importance_nested_sampling': False, 'resume': True, 'verbose': True, 'sampling_efficiency': 'parameter', 'n_live_points': 2048, 'n_params': 5, 'n_clustering_params': None, 'wrapped_params': None, 'multimodal': True, 'const_efficiency_mode': False, 'evidence_tolerance': 0.5, 'n_iter_before_update': 100, 'null_log_evidence': -1e+90, 'max_modes': 100, 'mode_tolerance': -1e+90, 'seed': 42, 'context': 0, 'write_output': True, 'log_zero': -1e+100, 'max_iter': 0, 'init_MPI': False, 'dump_callback': <bound method Pymultinest._dump_callback of <bilby.core.sampler.pymultinest.Pymultinest object at 0x1555017bbf10>>}
11:43 INFO    : Temporary directory incompatible with MPI, will run in original directory
11:43 INFO    : Using output file outdirBNSBu32cores/pm_Simu2019lm/
11:43 WARNING : Supplied argument 'queue_size' not an argument of 'Pymultinest', removing.
11:43 WARNING : Supplied argument 'check_point_delta_t' not an argument of 'Pymultinest', removing.
11:43 INFO    : Using sampler Pymultinest with kwargs {'importance_nested_sampling': False, 'resume': True, 'verbose': True, 'sampling_efficiency': 'parameter', 'n_live_points': 2048, 'n_params': 5, 'n_clustering_params': None, 'wrapped_params': None, 'multimodal': True, 'const_efficiency_mode': False, 'evidence_tolerance': 0.5, 'n_iter_before_update': 100, 'null_log_evidence': -1e+90, 'max_modes': 100, 'mode_tolerance': -1e+90, 'seed': 42, 'context': 0, 'write_output': True, 'log_zero': -1e+100, 'max_iter': 0, 'init_MPI': False, 'dump_callback': <bound method Pymultinest._dump_callback of <bilby.core.sampler.pymultinest.Pymultinest object at 0x1555017efe80>>}
11:43 INFO    : Temporary directory incompatible with MPI, will run in original directory
11:43 INFO    : Using output file outdirBNSBu32cores/pm_Simu2019lm/
11:43 WARNING : Supplied argument 'queue_size' not an argument of 'Pymultinest', removing.
11:43 WARNING : Supplied argument 'check_point_delta_t' not an argument of 'Pymultinest', removing.
11:43 INFO    : Using sampler Pymultinest with kwargs {'importance_nested_sampling': False, 'resume': True, 'verbose': True, 'sampling_efficiency': 'parameter', 'n_live_points': 2048, 'n_params': 5, 'n_clustering_params': None, 'wrapped_params': None, 'multimodal': True, 'const_efficiency_mode': False, 'evidence_tolerance': 0.5, 'n_iter_before_update': 100, 'null_log_evidence': -1e+90, 'max_modes': 100, 'mode_tolerance': -1e+90, 'seed': 42, 'context': 0, 'write_output': True, 'log_zero': -1e+100, 'max_iter': 0, 'init_MPI': False, 'dump_callback': <bound method Pymultinest._dump_callback of <bilby.core.sampler.pymultinest.Pymultinest object at 0x1555017bffa0>>}
11:43 INFO    : Temporary directory incompatible with MPI, will run in original directory
11:43 INFO    : Using output file outdirBNSBu32cores/pm_Simu2019lm/
11:43 INFO    : Single likelihood evaluation took 1.076e-01 s
11:43 INFO    : Single likelihood evaluation took 1.076e-01 s
11:43 INFO    : Single likelihood evaluation took 1.086e-01 s
11:43 INFO    : Single likelihood evaluation took 1.086e-01 s
11:43 INFO    : Single likelihood evaluation took 1.086e-01 s
11:43 WARNING : Supplied argument 'queue_size' not an argument of 'Pymultinest', removing.
11:43 WARNING : Supplied argument 'check_point_delta_t' not an argument of 'Pymultinest', removing.
11:43 INFO    : Using sampler Pymultinest with kwargs {'importance_nested_sampling': False, 'resume': True, 'verbose': True, 'sampling_efficiency': 'parameter', 'n_live_points': 2048, 'n_params': 5, 'n_clustering_params': None, 'wrapped_params': None, 'multimodal': True, 'const_efficiency_mode': False, 'evidence_tolerance': 0.5, 'n_iter_before_update': 100, 'null_log_evidence': -1e+90, 'max_modes': 100, 'mode_tolerance': -1e+90, 'seed': 42, 'context': 0, 'write_output': True, 'log_zero': -1e+100, 'max_iter': 0, 'init_MPI': False, 'dump_callback': <bound method Pymultinest._dump_callback of <bilby.core.sampler.pymultinest.Pymultinest object at 0x1555017bbf70>>}
11:43 INFO    : Temporary directory incompatible with MPI, will run in original directory
11:43 WARNING : Supplied argument 'queue_size' not an argument of 'Pymultinest', removing.
11:43 INFO    : Using output file outdirBNSBu32cores/pm_Simu2019lm/
11:43 WARNING : Supplied argument 'check_point_delta_t' not an argument of 'Pymultinest', removing.
11:43 INFO    : Using sampler Pymultinest with kwargs {'importance_nested_sampling': False, 'resume': True, 'verbose': True, 'sampling_efficiency': 'parameter', 'n_live_points': 2048, 'n_params': 5, 'n_clustering_params': None, 'wrapped_params': None, 'multimodal': True, 'const_efficiency_mode': False, 'evidence_tolerance': 0.5, 'n_iter_before_update': 100, 'null_log_evidence': -1e+90, 'max_modes': 100, 'mode_tolerance': -1e+90, 'seed': 42, 'context': 0, 'write_output': True, 'log_zero': -1e+100, 'max_iter': 0, 'init_MPI': False, 'dump_callback': <bound method Pymultinest._dump_callback of <bilby.core.sampler.pymultinest.Pymultinest object at 0x1555017bbe50>>}
11:43 INFO    : Temporary directory incompatible with MPI, will run in original directory
11:43 INFO    : Using output file outdirBNSBu32cores/pm_Simu2019lm/
11:43 WARNING : Supplied argument 'queue_size' not an argument of 'Pymultinest', removing.
11:43 WARNING : Supplied argument 'check_point_delta_t' not an argument of 'Pymultinest', removing.
11:43 WARNING : Supplied argument 'queue_size' not an argument of 'Pymultinest', removing.
11:43 WARNING : Supplied argument 'check_point_delta_t' not an argument of 'Pymultinest', removing.
11:43 INFO    : Using sampler Pymultinest with kwargs {'importance_nested_sampling': False, 'resume': True, 'verbose': True, 'sampling_efficiency': 'parameter', 'n_live_points': 2048, 'n_params': 5, 'n_clustering_params': None, 'wrapped_params': None, 'multimodal': True, 'const_efficiency_mode': False, 'evidence_tolerance': 0.5, 'n_iter_before_update': 100, 'null_log_evidence': -1e+90, 'max_modes': 100, 'mode_tolerance': -1e+90, 'seed': 42, 'context': 0, 'write_output': True, 'log_zero': -1e+100, 'max_iter': 0, 'init_MPI': False, 'dump_callback': <bound method Pymultinest._dump_callback of <bilby.core.sampler.pymultinest.Pymultinest object at 0x15550178bfa0>>}
11:43 INFO    : Using sampler Pymultinest with kwargs {'importance_nested_sampling': False, 'resume': True, 'verbose': True, 'sampling_efficiency': 'parameter', 'n_live_points': 2048, 'n_params': 5, 'n_clustering_params': None, 'wrapped_params': None, 'multimodal': True, 'const_efficiency_mode': False, 'evidence_tolerance': 0.5, 'n_iter_before_update': 100, 'null_log_evidence': -1e+90, 'max_modes': 100, 'mode_tolerance': -1e+90, 'seed': 42, 'context': 0, 'write_output': True, 'log_zero': -1e+100, 'max_iter': 0, 'init_MPI': False, 'dump_callback': <bound method Pymultinest._dump_callback of <bilby.core.sampler.pymultinest.Pymultinest object at 0x1555017bbfd0>>}
11:43 INFO    : Temporary directory incompatible with MPI, will run in original directory
11:43 INFO    : Temporary directory incompatible with MPI, will run in original directory
11:43 INFO    : Using output file outdirBNSBu32cores/pm_Simu2019lm/
11:43 INFO    : Using output file outdirBNSBu32cores/pm_Simu2019lm/
11:43 WARNING : Supplied argument 'queue_size' not an argument of 'Pymultinest', removing.
11:43 WARNING : Supplied argument 'check_point_delta_t' not an argument of 'Pymultinest', removing.
11:43 INFO    : Using sampler Pymultinest with kwargs {'importance_nested_sampling': False, 'resume': True, 'verbose': True, 'sampling_efficiency': 'parameter', 'n_live_points': 2048, 'n_params': 5, 'n_clustering_params': None, 'wrapped_params': None, 'multimodal': True, 'const_efficiency_mode': False, 'evidence_tolerance': 0.5, 'n_iter_before_update': 100, 'null_log_evidence': -1e+90, 'max_modes': 100, 'mode_tolerance': -1e+90, 'seed': 42, 'context': 0, 'write_output': True, 'log_zero': -1e+100, 'max_iter': 0, 'init_MPI': False, 'dump_callback': <bound method Pymultinest._dump_callback of <bilby.core.sampler.pymultinest.Pymultinest object at 0x15550178bf10>>}
11:43 INFO    : Temporary directory incompatible with MPI, will run in original directory
11:43 INFO    : Using output file outdirBNSBu32cores/pm_Simu2019lm/
11:43 INFO    : Single likelihood evaluation took 1.098e-01 s
11:43 INFO    : Single likelihood evaluation took 1.098e-01 s
11:43 INFO    : Single likelihood evaluation took 1.098e-01 s
11:43 INFO    : Single likelihood evaluation took 1.100e-01 s
11:43 INFO    : Single likelihood evaluation took 1.101e-01 s
11:43 INFO    : Single likelihood evaluation took 1.101e-01 s
11:43 INFO    : Single likelihood evaluation took 1.101e-01 s
11:43 WARNING : Supplied argument 'queue_size' not an argument of 'Pymultinest', removing.
11:43 WARNING : Supplied argument 'check_point_delta_t' not an argument of 'Pymultinest', removing.
11:43 INFO    : Using sampler Pymultinest with kwargs {'importance_nested_sampling': False, 'resume': True, 'verbose': True, 'sampling_efficiency': 'parameter', 'n_live_points': 2048, 'n_params': 5, 'n_clustering_params': None, 'wrapped_params': None, 'multimodal': True, 'const_efficiency_mode': False, 'evidence_tolerance': 0.5, 'n_iter_before_update': 100, 'null_log_evidence': -1e+90, 'max_modes': 100, 'mode_tolerance': -1e+90, 'seed': 42, 'context': 0, 'write_output': True, 'log_zero': -1e+100, 'max_iter': 0, 'init_MPI': False, 'dump_callback': <bound method Pymultinest._dump_callback of <bilby.core.sampler.pymultinest.Pymultinest object at 0x1555017bbfa0>>}
11:43 INFO    : Temporary directory incompatible with MPI, will run in original directory
11:43 INFO    : Using output file outdirBNSBu32cores/pm_Simu2019lm/
11:43 WARNING : Supplied argument 'queue_size' not an argument of 'Pymultinest', removing.
11:43 WARNING : Supplied argument 'check_point_delta_t' not an argument of 'Pymultinest', removing.
11:43 WARNING : Supplied argument 'queue_size' not an argument of 'Pymultinest', removing.
11:43 WARNING : Supplied argument 'check_point_delta_t' not an argument of 'Pymultinest', removing.
11:43 WARNING : Supplied argument 'queue_size' not an argument of 'Pymultinest', removing.
11:43 INFO    : Using sampler Pymultinest with kwargs {'importance_nested_sampling': False, 'resume': True, 'verbose': True, 'sampling_efficiency': 'parameter', 'n_live_points': 2048, 'n_params': 5, 'n_clustering_params': None, 'wrapped_params': None, 'multimodal': True, 'const_efficiency_mode': False, 'evidence_tolerance': 0.5, 'n_iter_before_update': 100, 'null_log_evidence': -1e+90, 'max_modes': 100, 'mode_tolerance': -1e+90, 'seed': 42, 'context': 0, 'write_output': True, 'log_zero': -1e+100, 'max_iter': 0, 'init_MPI': False, 'dump_callback': <bound method Pymultinest._dump_callback of <bilby.core.sampler.pymultinest.Pymultinest object at 0x1555017bbee0>>}
11:43 WARNING : Supplied argument 'check_point_delta_t' not an argument of 'Pymultinest', removing.
11:43 INFO    : Using sampler Pymultinest with kwargs {'importance_nested_sampling': False, 'resume': True, 'verbose': True, 'sampling_efficiency': 'parameter', 'n_live_points': 2048, 'n_params': 5, 'n_clustering_params': None, 'wrapped_params': None, 'multimodal': True, 'const_efficiency_mode': False, 'evidence_tolerance': 0.5, 'n_iter_before_update': 100, 'null_log_evidence': -1e+90, 'max_modes': 100, 'mode_tolerance': -1e+90, 'seed': 42, 'context': 0, 'write_output': True, 'log_zero': -1e+100, 'max_iter': 0, 'init_MPI': False, 'dump_callback': <bound method Pymultinest._dump_callback of <bilby.core.sampler.pymultinest.Pymultinest object at 0x1555017c3e50>>}
11:43 INFO    : Using sampler Pymultinest with kwargs {'importance_nested_sampling': False, 'resume': True, 'verbose': True, 'sampling_efficiency': 'parameter', 'n_live_points': 2048, 'n_params': 5, 'n_clustering_params': None, 'wrapped_params': None, 'multimodal': True, 'const_efficiency_mode': False, 'evidence_tolerance': 0.5, 'n_iter_before_update': 100, 'null_log_evidence': -1e+90, 'max_modes': 100, 'mode_tolerance': -1e+90, 'seed': 42, 'context': 0, 'write_output': True, 'log_zero': -1e+100, 'max_iter': 0, 'init_MPI': False, 'dump_callback': <bound method Pymultinest._dump_callback of <bilby.core.sampler.pymultinest.Pymultinest object at 0x1555017c3e50>>}
11:43 INFO    : Temporary directory incompatible with MPI, will run in original directory
11:43 INFO    : Temporary directory incompatible with MPI, will run in original directory
11:43 INFO    : Temporary directory incompatible with MPI, will run in original directory
11:43 INFO    : Using output file outdirBNSBu32cores/pm_Simu2019lm/
11:43 INFO    : Using output file outdirBNSBu32cores/pm_Simu2019lm/
11:43 INFO    : Using output file outdirBNSBu32cores/pm_Simu2019lm/
11:43 WARNING : Supplied argument 'queue_size' not an argument of 'Pymultinest', removing.
11:43 WARNING : Supplied argument 'check_point_delta_t' not an argument of 'Pymultinest', removing.
11:43 INFO    : Using sampler Pymultinest with kwargs {'importance_nested_sampling': False, 'resume': True, 'verbose': True, 'sampling_efficiency': 'parameter', 'n_live_points': 2048, 'n_params': 5, 'n_clustering_params': None, 'wrapped_params': None, 'multimodal': True, 'const_efficiency_mode': False, 'evidence_tolerance': 0.5, 'n_iter_before_update': 100, 'null_log_evidence': -1e+90, 'max_modes': 100, 'mode_tolerance': -1e+90, 'seed': 42, 'context': 0, 'write_output': True, 'log_zero': -1e+100, 'max_iter': 0, 'init_MPI': False, 'dump_callback': <bound method Pymultinest._dump_callback of <bilby.core.sampler.pymultinest.Pymultinest object at 0x1555017bfee0>>}
11:43 INFO    : Temporary directory incompatible with MPI, will run in original directory
11:43 WARNING : Supplied argument 'queue_size' not an argument of 'Pymultinest', removing.
11:43 WARNING : Supplied argument 'queue_size' not an argument of 'Pymultinest', removing.
11:43 WARNING : Supplied argument 'check_point_delta_t' not an argument of 'Pymultinest', removing.
11:43 WARNING : Supplied argument 'check_point_delta_t' not an argument of 'Pymultinest', removing.
11:43 INFO    : Using output file outdirBNSBu32cores/pm_Simu2019lm/
11:43 INFO    : Using sampler Pymultinest with kwargs {'importance_nested_sampling': False, 'resume': True, 'verbose': True, 'sampling_efficiency': 'parameter', 'n_live_points': 2048, 'n_params': 5, 'n_clustering_params': None, 'wrapped_params': None, 'multimodal': True, 'const_efficiency_mode': False, 'evidence_tolerance': 0.5, 'n_iter_before_update': 100, 'null_log_evidence': -1e+90, 'max_modes': 100, 'mode_tolerance': -1e+90, 'seed': 42, 'context': 0, 'write_output': True, 'log_zero': -1e+100, 'max_iter': 0, 'init_MPI': False, 'dump_callback': <bound method Pymultinest._dump_callback of <bilby.core.sampler.pymultinest.Pymultinest object at 0x1555014b78e0>>}
11:43 INFO    : Using sampler Pymultinest with kwargs {'importance_nested_sampling': False, 'resume': True, 'verbose': True, 'sampling_efficiency': 'parameter', 'n_live_points': 2048, 'n_params': 5, 'n_clustering_params': None, 'wrapped_params': None, 'multimodal': True, 'const_efficiency_mode': False, 'evidence_tolerance': 0.5, 'n_iter_before_update': 100, 'null_log_evidence': -1e+90, 'max_modes': 100, 'mode_tolerance': -1e+90, 'seed': 42, 'context': 0, 'write_output': True, 'log_zero': -1e+100, 'max_iter': 0, 'init_MPI': False, 'dump_callback': <bound method Pymultinest._dump_callback of <bilby.core.sampler.pymultinest.Pymultinest object at 0x1555017bfee0>>}
11:43 INFO    : Temporary directory incompatible with MPI, will run in original directory
11:43 INFO    : Temporary directory incompatible with MPI, will run in original directory
11:43 INFO    : Using output file outdirBNSBu32cores/pm_Simu2019lm/
11:43 INFO    : Using output file outdirBNSBu32cores/pm_Simu2019lm/
11:43 INFO    : Single likelihood evaluation took 1.108e-01 s
11:43 INFO    : Single likelihood evaluation took 1.110e-01 s
11:43 INFO    : Single likelihood evaluation took 1.110e-01 s
11:43 INFO    : Single likelihood evaluation took 1.110e-01 s
11:43 INFO    : Single likelihood evaluation took 1.110e-01 s
11:43 INFO    : Single likelihood evaluation took 1.112e-01 s
11:43 INFO    : Single likelihood evaluation took 1.112e-01 s
11:43 INFO    : Single likelihood evaluation took 1.112e-01 s
11:43 WARNING : Supplied argument 'queue_size' not an argument of 'Pymultinest', removing.
11:43 WARNING : Supplied argument 'check_point_delta_t' not an argument of 'Pymultinest', removing.
11:43 INFO    : Using sampler Pymultinest with kwargs {'importance_nested_sampling': False, 'resume': True, 'verbose': True, 'sampling_efficiency': 'parameter', 'n_live_points': 2048, 'n_params': 5, 'n_clustering_params': None, 'wrapped_params': None, 'multimodal': True, 'const_efficiency_mode': False, 'evidence_tolerance': 0.5, 'n_iter_before_update': 100, 'null_log_evidence': -1e+90, 'max_modes': 100, 'mode_tolerance': -1e+90, 'seed': 42, 'context': 0, 'write_output': True, 'log_zero': -1e+100, 'max_iter': 0, 'init_MPI': False, 'dump_callback': <bound method Pymultinest._dump_callback of <bilby.core.sampler.pymultinest.Pymultinest object at 0x1555017c3e50>>}
11:43 INFO    : Temporary directory incompatible with MPI, will run in original directory
11:43 INFO    : Using output file outdirBNSBu32cores/pm_Simu2019lm/
11:43 INFO    : Single likelihood evaluation took 1.114e-01 s
11:43 WARNING : Supplied argument 'queue_size' not an argument of 'Pymultinest', removing.
11:43 WARNING : Supplied argument 'check_point_delta_t' not an argument of 'Pymultinest', removing.
11:43 WARNING : Supplied argument 'queue_size' not an argument of 'Pymultinest', removing.
11:43 WARNING : Supplied argument 'check_point_delta_t' not an argument of 'Pymultinest', removing.
11:43 INFO    : Using sampler Pymultinest with kwargs {'importance_nested_sampling': False, 'resume': True, 'verbose': True, 'sampling_efficiency': 'parameter', 'n_live_points': 2048, 'n_params': 5, 'n_clustering_params': None, 'wrapped_params': None, 'multimodal': True, 'const_efficiency_mode': False, 'evidence_tolerance': 0.5, 'n_iter_before_update': 100, 'null_log_evidence': -1e+90, 'max_modes': 100, 'mode_tolerance': -1e+90, 'seed': 42, 'context': 0, 'write_output': True, 'log_zero': -1e+100, 'max_iter': 0, 'init_MPI': False, 'dump_callback': <bound method Pymultinest._dump_callback of <bilby.core.sampler.pymultinest.Pymultinest object at 0x1555017bfee0>>}
11:43 WARNING : Supplied argument 'queue_size' not an argument of 'Pymultinest', removing.
11:43 INFO    : Using sampler Pymultinest with kwargs {'importance_nested_sampling': False, 'resume': True, 'verbose': True, 'sampling_efficiency': 'parameter', 'n_live_points': 2048, 'n_params': 5, 'n_clustering_params': None, 'wrapped_params': None, 'multimodal': True, 'const_efficiency_mode': False, 'evidence_tolerance': 0.5, 'n_iter_before_update': 100, 'null_log_evidence': -1e+90, 'max_modes': 100, 'mode_tolerance': -1e+90, 'seed': 42, 'context': 0, 'write_output': True, 'log_zero': -1e+100, 'max_iter': 0, 'init_MPI': False, 'dump_callback': <bound method Pymultinest._dump_callback of <bilby.core.sampler.pymultinest.Pymultinest object at 0x1555014a37c0>>}
11:43 WARNING : Supplied argument 'check_point_delta_t' not an argument of 'Pymultinest', removing.
11:43 INFO    : Temporary directory incompatible with MPI, will run in original directory
11:43 INFO    : Using sampler Pymultinest with kwargs {'importance_nested_sampling': False, 'resume': True, 'verbose': True, 'sampling_efficiency': 'parameter', 'n_live_points': 2048, 'n_params': 5, 'n_clustering_params': None, 'wrapped_params': None, 'multimodal': True, 'const_efficiency_mode': False, 'evidence_tolerance': 0.5, 'n_iter_before_update': 100, 'null_log_evidence': -1e+90, 'max_modes': 100, 'mode_tolerance': -1e+90, 'seed': 42, 'context': 0, 'write_output': True, 'log_zero': -1e+100, 'max_iter': 0, 'init_MPI': False, 'dump_callback': <bound method Pymultinest._dump_callback of <bilby.core.sampler.pymultinest.Pymultinest object at 0x1555017bfc70>>}
11:43 INFO    : Temporary directory incompatible with MPI, will run in original directory
11:43 INFO    : Temporary directory incompatible with MPI, will run in original directory
11:43 INFO    : Using output file outdirBNSBu32cores/pm_Simu2019lm/
11:43 WARNING : Supplied argument 'queue_size' not an argument of 'Pymultinest', removing.
11:43 WARNING : Supplied argument 'queue_size' not an argument of 'Pymultinest', removing.
11:43 WARNING : Supplied argument 'queue_size' not an argument of 'Pymultinest', removing.
11:43 WARNING : Supplied argument 'check_point_delta_t' not an argument of 'Pymultinest', removing.
11:43 WARNING : Supplied argument 'check_point_delta_t' not an argument of 'Pymultinest', removing.
11:43 WARNING : Supplied argument 'check_point_delta_t' not an argument of 'Pymultinest', removing.
11:43 WARNING : Supplied argument 'queue_size' not an argument of 'Pymultinest', removing.
11:43 WARNING : Supplied argument 'check_point_delta_t' not an argument of 'Pymultinest', removing.
11:43 INFO    : Using sampler Pymultinest with kwargs {'importance_nested_sampling': False, 'resume': True, 'verbose': True, 'sampling_efficiency': 'parameter', 'n_live_points': 2048, 'n_params': 5, 'n_clustering_params': None, 'wrapped_params': None, 'multimodal': True, 'const_efficiency_mode': False, 'evidence_tolerance': 0.5, 'n_iter_before_update': 100, 'null_log_evidence': -1e+90, 'max_modes': 100, 'mode_tolerance': -1e+90, 'seed': 42, 'context': 0, 'write_output': True, 'log_zero': -1e+100, 'max_iter': 0, 'init_MPI': False, 'dump_callback': <bound method Pymultinest._dump_callback of <bilby.core.sampler.pymultinest.Pymultinest object at 0x1555017bbee0>>}
11:43 INFO    : Using sampler Pymultinest with kwargs {'importance_nested_sampling': False, 'resume': True, 'verbose': True, 'sampling_efficiency': 'parameter', 'n_live_points': 2048, 'n_params': 5, 'n_clustering_params': None, 'wrapped_params': None, 'multimodal': True, 'const_efficiency_mode': False, 'evidence_tolerance': 0.5, 'n_iter_before_update': 100, 'null_log_evidence': -1e+90, 'max_modes': 100, 'mode_tolerance': -1e+90, 'seed': 42, 'context': 0, 'write_output': True, 'log_zero': -1e+100, 'max_iter': 0, 'init_MPI': False, 'dump_callback': <bound method Pymultinest._dump_callback of <bilby.core.sampler.pymultinest.Pymultinest object at 0x1555017bfdf0>>}
11:43 INFO    : Using sampler Pymultinest with kwargs {'importance_nested_sampling': False, 'resume': True, 'verbose': True, 'sampling_efficiency': 'parameter', 'n_live_points': 2048, 'n_params': 5, 'n_clustering_params': None, 'wrapped_params': None, 'multimodal': True, 'const_efficiency_mode': False, 'evidence_tolerance': 0.5, 'n_iter_before_update': 100, 'null_log_evidence': -1e+90, 'max_modes': 100, 'mode_tolerance': -1e+90, 'seed': 42, 'context': 0, 'write_output': True, 'log_zero': -1e+100, 'max_iter': 0, 'init_MPI': False, 'dump_callback': <bound method Pymultinest._dump_callback of <bilby.core.sampler.pymultinest.Pymultinest object at 0x1555017bbfa0>>}
11:43 INFO    : Using sampler Pymultinest with kwargs {'importance_nested_sampling': False, 'resume': True, 'verbose': True, 'sampling_efficiency': 'parameter', 'n_live_points': 2048, 'n_params': 5, 'n_clustering_params': None, 'wrapped_params': None, 'multimodal': True, 'const_efficiency_mode': False, 'evidence_tolerance': 0.5, 'n_iter_before_update': 100, 'null_log_evidence': -1e+90, 'max_modes': 100, 'mode_tolerance': -1e+90, 'seed': 42, 'context': 0, 'write_output': True, 'log_zero': -1e+100, 'max_iter': 0, 'init_MPI': False, 'dump_callback': <bound method Pymultinest._dump_callback of <bilby.core.sampler.pymultinest.Pymultinest object at 0x1555017bbe50>>}
11:43 INFO    : Temporary directory incompatible with MPI, will run in original directory
11:43 INFO    : Temporary directory incompatible with MPI, will run in original directory
11:43 INFO    : Using output file outdirBNSBu32cores/pm_Simu2019lm/
11:43 INFO    : Temporary directory incompatible with MPI, will run in original directory
11:43 INFO    : Using output file outdirBNSBu32cores/pm_Simu2019lm/
11:43 INFO    : Temporary directory incompatible with MPI, will run in original directory
11:43 INFO    : Using output file outdirBNSBu32cores/pm_Simu2019lm/
11:43 INFO    : Using output file outdirBNSBu32cores/pm_Simu2019lm/
11:43 INFO    : Using output file outdirBNSBu32cores/pm_Simu2019lm/
11:43 INFO    : Using output file outdirBNSBu32cores/pm_Simu2019lm/
11:43 INFO    : Single likelihood evaluation took 1.118e-01 s
11:43 INFO    : Single likelihood evaluation took 1.118e-01 s
11:43 INFO    : Single likelihood evaluation took 1.118e-01 s
11:43 WARNING : Supplied argument 'queue_size' not an argument of 'Pymultinest', removing.
11:43 WARNING : Supplied argument 'check_point_delta_t' not an argument of 'Pymultinest', removing.
11:43 INFO    : Using sampler Pymultinest with kwargs {'importance_nested_sampling': False, 'resume': True, 'verbose': True, 'sampling_efficiency': 'parameter', 'n_live_points': 2048, 'n_params': 5, 'n_clustering_params': None, 'wrapped_params': None, 'multimodal': True, 'const_efficiency_mode': False, 'evidence_tolerance': 0.5, 'n_iter_before_update': 100, 'null_log_evidence': -1e+90, 'max_modes': 100, 'mode_tolerance': -1e+90, 'seed': 42, 'context': 0, 'write_output': True, 'log_zero': -1e+100, 'max_iter': 0, 'init_MPI': False, 'dump_callback': <bound method Pymultinest._dump_callback of <bilby.core.sampler.pymultinest.Pymultinest object at 0x1555017efee0>>}
11:43 INFO    : Temporary directory incompatible with MPI, will run in original directory
11:43 INFO    : Using output file outdirBNSBu32cores/pm_Simu2019lm/
11:43 WARNING : Supplied argument 'queue_size' not an argument of 'Pymultinest', removing.
11:43 WARNING : Supplied argument 'queue_size' not an argument of 'Pymultinest', removing.
11:43 WARNING : Supplied argument 'check_point_delta_t' not an argument of 'Pymultinest', removing.
11:43 WARNING : Supplied argument 'check_point_delta_t' not an argument of 'Pymultinest', removing.
11:43 INFO    : Using sampler Pymultinest with kwargs {'importance_nested_sampling': False, 'resume': True, 'verbose': True, 'sampling_efficiency': 'parameter', 'n_live_points': 2048, 'n_params': 5, 'n_clustering_params': None, 'wrapped_params': None, 'multimodal': True, 'const_efficiency_mode': False, 'evidence_tolerance': 0.5, 'n_iter_before_update': 100, 'null_log_evidence': -1e+90, 'max_modes': 100, 'mode_tolerance': -1e+90, 'seed': 42, 'context': 0, 'write_output': True, 'log_zero': -1e+100, 'max_iter': 0, 'init_MPI': False, 'dump_callback': <bound method Pymultinest._dump_callback of <bilby.core.sampler.pymultinest.Pymultinest object at 0x1555017bffd0>>}
11:43 INFO    : Using sampler Pymultinest with kwargs {'importance_nested_sampling': False, 'resume': True, 'verbose': True, 'sampling_efficiency': 'parameter', 'n_live_points': 2048, 'n_params': 5, 'n_clustering_params': None, 'wrapped_params': None, 'multimodal': True, 'const_efficiency_mode': False, 'evidence_tolerance': 0.5, 'n_iter_before_update': 100, 'null_log_evidence': -1e+90, 'max_modes': 100, 'mode_tolerance': -1e+90, 'seed': 42, 'context': 0, 'write_output': True, 'log_zero': -1e+100, 'max_iter': 0, 'init_MPI': False, 'dump_callback': <bound method Pymultinest._dump_callback of <bilby.core.sampler.pymultinest.Pymultinest object at 0x1555014a3400>>}
11:43 WARNING : Supplied argument 'queue_size' not an argument of 'Pymultinest', removing.
11:43 WARNING : Supplied argument 'check_point_delta_t' not an argument of 'Pymultinest', removing.
11:43 INFO    : Temporary directory incompatible with MPI, will run in original directory
11:43 INFO    : Temporary directory incompatible with MPI, will run in original directory
11:43 INFO    : Using sampler Pymultinest with kwargs {'importance_nested_sampling': False, 'resume': True, 'verbose': True, 'sampling_efficiency': 'parameter', 'n_live_points': 2048, 'n_params': 5, 'n_clustering_params': None, 'wrapped_params': None, 'multimodal': True, 'const_efficiency_mode': False, 'evidence_tolerance': 0.5, 'n_iter_before_update': 100, 'null_log_evidence': -1e+90, 'max_modes': 100, 'mode_tolerance': -1e+90, 'seed': 42, 'context': 0, 'write_output': True, 'log_zero': -1e+100, 'max_iter': 0, 'init_MPI': False, 'dump_callback': <bound method Pymultinest._dump_callback of <bilby.core.sampler.pymultinest.Pymultinest object at 0x1555017bfee0>>}
11:43 INFO    : Using output file outdirBNSBu32cores/pm_Simu2019lm/
11:43 INFO    : Using output file outdirBNSBu32cores/pm_Simu2019lm/
11:43 INFO    : Temporary directory incompatible with MPI, will run in original directory
11:43 INFO    : Using output file outdirBNSBu32cores/pm_Simu2019lm/
11:48 INFO    : Sampling time: 0:04:33.819808
11:48 INFO    : Sampling time: 0:04:34.176252
11:48 INFO    : Sampling time: 0:04:33.970877
11:48 INFO    : Sampling time: 0:04:33.961739
11:48 INFO    : Sampling time: 0:04:34.464468
11:48 INFO    : Sampling time: 0:04:34.463571
11:48 INFO    : Sampling time: 0:04:33.871165
11:48 INFO    : Sampling time: 0:04:34.118664
11:48 INFO    : Sampling time: 0:04:33.979478
11:48 INFO    : Sampling time: 0:04:34.267569
11:48 INFO    : Sampling time: 0:04:33.849086
11:48 INFO    : Sampling time: 0:04:34.464569
11:48 INFO    : Sampling time: 0:04:34.463413
11:48 INFO    : Sampling time: 0:04:33.971825
11:48 INFO    : Sampling time: 0:04:34.267566
11:48 INFO    : Sampling time: 0:04:34.462555
11:48 INFO    : Sampling time: 0:04:33.871219
11:48 INFO    : Sampling time: 0:04:34.118977
11:48 INFO    : Sampling time: 0:04:33.822004
11:48 INFO    : Sampling time: 0:04:33.963625
11:48 INFO    : Sampling time: 0:04:33.964485
11:48 INFO    : Sampling time: 0:04:33.871913
11:48 INFO    : Sampling time: 0:04:33.871825
11:48 INFO    : Sampling time: 0:04:33.911174
11:48 INFO    : Sampling time: 0:04:33.822193
11:48 INFO    : Sampling time: 0:04:33.872403
11:48 INFO    : Sampling time: 0:04:33.872311
11:48 INFO    : Sampling time: 0:04:33.973668
11:48 INFO    : Sampling time: 0:04:33.873552
11:48 INFO    : Sampling time: 0:04:34.176930
11:48 INFO    : Sampling time: 0:04:34.268568
11:48 INFO    : Sampling time: 0:04:34.082610
11:48 ERROR   : 

Saving the data has failed with the following message:
[Errno 116] Stale file handle
Data has been dumped to outdirBNSBu32cores/Simu2019lm_result.pkl.


11:48 INFO    : Summary of results:
nsamples: 8861
ln_noise_evidence:  0.000
ln_evidence: -35.746 +/-  0.046
ln_bayes_factor: -35.746 +/-  0.046

11:48 INFO    : Summary of results:
nsamples: 8861
ln_noise_evidence:  0.000
ln_evidence: -35.746 +/-  0.046
ln_bayes_factor: -35.746 +/-  0.046

11:48 INFO    : Summary of results:
nsamples: 8861
ln_noise_evidence:  0.000
ln_evidence: -35.746 +/-  0.046
ln_bayes_factor: -35.746 +/-  0.046

11:48 INFO    : Summary of results:
nsamples: 8861
ln_noise_evidence:  0.000
ln_evidence: -35.746 +/-  0.046
ln_bayes_factor: -35.746 +/-  0.046

11:48 INFO    : Summary of results:
nsamples: 8861
ln_noise_evidence:  0.000
ln_evidence: -35.746 +/-  0.046
ln_bayes_factor: -35.746 +/-  0.046

11:48 INFO    : Summary of results:
nsamples: 8861
ln_noise_evidence:  0.000
ln_evidence: -35.746 +/-  0.046
ln_bayes_factor: -35.746 +/-  0.046

11:48 INFO    : Summary of results:
nsamples: 8861
ln_noise_evidence:  0.000
ln_evidence: -35.746 +/-  0.046
ln_bayes_factor: -35.746 +/-  0.046

11:48 INFO    : Summary of results:
nsamples: 8861
ln_noise_evidence:  0.000
ln_evidence: -35.746 +/-  0.046
ln_bayes_factor: -35.746 +/-  0.046

11:48 INFO    : Summary of results:
nsamples: 8861
ln_noise_evidence:  0.000
ln_evidence: -35.746 +/-  0.046
ln_bayes_factor: -35.746 +/-  0.046

11:48 INFO    : Summary of results:
nsamples: 8861
ln_noise_evidence:  0.000
ln_evidence: -35.746 +/-  0.046
ln_bayes_factor: -35.746 +/-  0.046

00:50 INFO    : Running for label 'Simu2019lm', output will be saved to 'outdirBNSBu32cores'
00:50 INFO    : Analysis priors:
00:50 INFO    : KNphi=Uniform(minimum=15.0, maximum=75.0, name='KNphi', latex_label='$\\Phi$', unit=None, boundary=None)
00:50 INFO    : log10_mej_dyn=Uniform(minimum=-3.0, maximum=-1.0, name='log10_mej_dyn', latex_label='$\\log_{10}M^{\\rm{dyn}}_{\\rm{ej}}$', unit=None, boundary='reflective')
00:50 INFO    : log10_mej_wind=Uniform(minimum=-3.0, maximum=-0.5, name='log10_mej_wind', latex_label='$\\log_{10}M^{\\rm{wind}}_{\\rm{ej}}$', unit=None, boundary='reflective')
00:50 INFO    : inclination_EM=Sine(minimum=0.0, maximum=1.5707963267948966, name='inclination_EM', latex_label='$\\iota$', unit=None, boundary=None)
00:50 INFO    : luminosity_distance=LogUniform(minimum=1, maximum=500, name='luminosity_distance', latex_label='$D_L$', unit=None, boundary=None)
00:50 INFO    : timeshift=0.0
00:50 INFO    : em_syserr=1.0
00:50 INFO    : Ebv=0.0
00:50 INFO    : Analysis likelihood class: <class 'nmma.em.likelihood.OpticalLightCurve'>
00:50 INFO    : Analysis likelihood noise evidence: 0.0
00:50 INFO    : Single likelihood evaluation took 2.622e-02 s
00:50 WARNING : Supplied argument 'queue_size' not an argument of 'Pymultinest', removing.
00:50 WARNING : Supplied argument 'check_point_delta_t' not an argument of 'Pymultinest', removing.
00:50 WARNING : Using cached result
00:50 INFO    : Summary of results:
nsamples: 8861
ln_noise_evidence:  0.000
ln_evidence: -35.746 +/-  0.046
ln_bayes_factor: -35.746 +/-  0.046

00:50 INFO    : Writing samples file to /home/thussenot/kilonovae-H0/lcsimu/cadence170817/gr/outdirBNSBu32cores/Simu2019lm_posterior_samples.dat
